[ram] 6 regions:
[ram]   0x40000000 - 0xffff0000 (3071 MB)
[ram]   0x100000000 - 0x140000000 (1024 MB)
[ram]   0x140025000 - 0x23be0f000 (4029 MB)
[ram]   0x23c000000 - 0x23c020000 (0 MB)
[ram]   0x23c080000 - 0x23f550000 (52 MB)
[ram]   0x23f930000 - 0x240000000 (6 MB)
[kern] entry_phys=0x400998c0 load=0x40080000-0x50104000
[gop-serial] UART: base=0x2110000 type=0 (PL011)
[gop-serial] Enumerating GOP display modes:
[gop-serial]   Mode 0: 1024x768 format=BGR
[gop-serial] 1 modes total, best=786432 pixels
[gop-serial] Already at best mode: 1024x768
[gop-serial] Selected: 1024x768 stride=1024 base=0x10000000 size=0x300000
ZZ00000000400998c0BDMTIVL!J>12KPHEOS
========================================
  Breenix ARM64 Kernel Starting
  BUILD_ID: 006a0c24e60606
========================================

[boot] DIAG_MARKER_XHCI_A
[boot] DIAG_MARKER_XHCI_B
[boot] DIAG_MARKER_XHCI_C
[boot] loader xhci_hcrst_raw=0x0 ecam=0x2300000
[boot] Current exception level: EL1
[boot] MMU already enabled (high-half kernel)
[boot] Initializing memory management (0x44000000-0x50000000)...
[boot] Memory management ready
[boot] Initializing Generic Timer...
[boot] Timer frequency: 24000000 Hz (24 MHz)
[boot] Initializing PL031 RTC...
[boot] Current timestamp: 26124134
[boot] Initializing GIC...
[gic] GICR probe 0x02500000: WAKER=0x00000000 <<< VALID
[gic] GICD_CTLR wrote 0x53, readback=0x53
[gic] GICR_IGROUPR0: wrote 0xFFFFFFFF, readback=0xffffffff
[gic] ICC_CTLR_EL1: 0x40400 -> 0x40402 (EOImode=1)
[boot] GIC initialized (version 3)
[boot] Enabling UART interrupts...
[boot] Enabling GIC IRQ 33 (UART0)...
[uart] IMSC: 0x0 -> 0x50 (verify: 0x50)
[uart] FR=0x90 (RXFE=1), RIS=0x20
[gic] IRQ 33 state (GICv3):
  enabled=true, group1=true, pending=false
  priority=0xa0, GICD_CTLR=0x53
  ICC_PMR=0xf0
[boot] UART interrupts enabled
[boot] Enabling interrupts...
[boot] Interrupts enabled: true
[boot] Initializing device drivers...
[drivers] Initializing driver subsystem...
[drivers] PCI ECAM at 0x2300000, enumerating PCI bus...
[drivers] Found 7 PCI devices
[pci] 00:01.0 [8086:293e] class=04/03
[pci]   BAR0: 0x18008000 (16384)
[pci] 00:02.0 [8086:265c] class=0c/03
[pci]   BAR0: 0x18012000 (4096)
[pci]   BAR1: 0x0 (4096)
[pci]   BAR2: 0x0 (4096)
[pci]   BAR3: 0x0 (4096)
[pci]   BAR4: 0x0 (4096)
[pci]   BAR5: 0x0 (4096)
[pci] 00:03.0 [1033:0194] class=0c/03
[pci]   BAR0: 0x18011000 (4096)
[pci]   BAR1: 0x0 (4096)
[pci]   BAR2: 0x0 (4096)
[pci]   BAR3: 0x0 (4096)
[pci]   BAR4: 0x0 (4096)
[pci]   BAR5: 0x0 (4096)
[pci] 00:05.0 [1af4:1000] class=02/00
[pci]   BAR0: 0x18010000 (4096)
[pci]   BAR1: 0x1800f000 (4096)
[pci] 00:09.0 [1ab8:4000] class=ff/00
[pci]   BAR0: 0x1800e000 (4096)
[pci] 00:0a.0 [1af4:1050] class=03/00
[pci]   BAR0: 0x10000000 (134217728)
[pci]   BAR1: 0x1800d000 (4096)
[pci]   BAR4: 0x18004000 (16384)
[pci] 00:0e.0 [1af4:1053] class=07/80
[pci]   BAR1: 0x1800c000 (4096)
[pci]   BAR4: 0x18000000 (16384)
[drivers] Found 2 VirtIO PCI devices
[virtio-gpu-pci] Device features: 0x0000000100000001
[virtio-gpu-pci] VIRGL offered: true
[virtio-gpu-pci] Negotiated: 0x0000000100000001 (VIRGL=true)
[virtio-gpu-pci] VIRGL_ENABLED stored=true, readback=true, addr=0xffff000041201a80
[pci] 00:0a.0: capabilities:
  cap 0x11 (MSI-X) @ 0xb0: dw0=0x0001bc11 dw1=0x00000001
  cap 0x09 (?) @ 0xbc: dw0=0x0410cc09 dw1=0x00000004
  cap 0x09 (?) @ 0xcc: dw0=0x0310dc09 dw1=0x00000004
  cap 0x09 (?) @ 0xdc: dw0=0x0214f009 dw1=0x00000004
  cap 0x09 (?) @ 0xf0: dw0=0x01100009 dw1=0x00000004
[gicv2m] MSI_TYPER raw=0x80350040 -> base_spi=53, num_spi=64
[virtio-gpu-pci] MSI-X cap at 0xb0: 2 vectors
[virtio-gpu-pci] MSI-X enabled: SPI 53 doorbell=0x2250040 vectors=2
[virtio-gpu-pci] config_msix_vector: wrote=0x0 readback=0x0
[virtio-gpu-pci] Device has 2 queues
[virtio-gpu-pci] Queue 0 msix_vector: wrote=0x0 readback=0x0
[virtio-gpu-pci] Queue 1 msix_vector: wrote=0x0 readback=0x0
[virtio-gpu-pci] Cursor queue (q1) set up: size=16
[virtio-gpu-pci] Config: num_scanouts=16, num_capsets=1
[virtio-gpu-pci] Capset 0: id=2, max_ver=2, max_size=768
[virtio-gpu-pci] GET_CAPSET(id=2, ver=2): resp=0x1103
[virtio-gpu-pci] Display reports: 1280x960
[virtio-gpu-pci] Resolution: 1280x960 (display=1280x960, GOP=1024x768, min=1280x960)
[virtio-gpu-pci] 2D resource created and scanout set
[virtio-gpu-pci] MSI-X configured (SPI=53, deferred enable after VirGL init)
[virtio-gpu-pci] Initialized: 1280x960
[drivers] VirtIO GPU (PCI) initialized
[virgl] Initializing VirGL 3D pipeline...
[virgl] 3D framebuffer backing: heap ptr=0xffff0000502e2000, phys=0x502e2000, size=4915200
[virgl] Step 1: context created
[virgl] Step 2: 3D resource created (1280x960, bind=0x0014000a)
[virgl] attach_backing: phys=0x502e2000, len=4915200, nr_pages=1200
[virgl] attach_backing: sending 3-desc chain: hdr=0x40251000(32B), entries=0x50792000(19200B)
[virgl] attach_backing: OK (1200 pages attached)
[virgl] Step 3: backing attached
[virgl] Step 4: resource attached to context
[virgl] Step 5: resource primed
[virgl] SUBMIT_3D OK: id=1 used_len=0 resp_flags=0x1 resp_fence=1
[virgl] Step 6: VirGL CLEAR (cornflower blue)
[virgl] Step 7: SET_SCANOUT + RESOURCE_FLUSH done
[virgl] Step 7: VB resource created (no backing, INLINE_WRITE only)
[virgl-composite] Texture backing: heap ptr=0xffff000050792000, phys=0x50792000, 1280x960 (4915200B, 1200 pages)
[virgl] attach_backing: phys=0x50792000, len=4915200, nr_pages=1200
[virgl] attach_backing: sending 3-desc chain: hdr=0x40251000(32B), entries=0x50c42000(19200B)
[virgl] attach_backing: OK (1200 pages attached)
[virgl-composite] Texture resource initialized (id=5)
[virgl] attach_backing: phys=0x50c42000, len=4915200, nr_pages=1200
[virgl] attach_backing: sending 3-desc chain: hdr=0x40251000(32B), entries=0x510f2000(19200B)
[virgl] attach_backing: OK (1200 pages attached)
[virgl-pool] Pre-allocated slot=0 res_id=10 1280x960
[virgl] attach_backing: phys=0x510f2000, len=4915200, nr_pages=1200
[virgl] attach_backing: sending 3-desc chain: hdr=0x40251000(32B), entries=0x515a2000(19200B)
[virgl] attach_backing: OK (1200 pages attached)
[virgl-pool] Pre-allocated slot=1 res_id=11 1280x960
[virgl] attach_backing: phys=0x515a2000, len=4915200, nr_pages=1200
[virgl] attach_backing: sending 3-desc chain: hdr=0x40251000(32B), entries=0x51a52000(19200B)
[virgl] attach_backing: OK (1200 pages attached)
[virgl-pool] Pre-allocated slot=2 res_id=12 1280x960
[virgl] attach_backing: phys=0x51a52000, len=4915200, nr_pages=1200
[virgl] attach_backing: sending 3-desc chain: hdr=0x40251000(32B), entries=0x51f02000(19200B)
[virgl] attach_backing: OK (1200 pages attached)
[virgl-pool] Pre-allocated slot=3 res_id=13 1280x960
[virgl] attach_backing: phys=0x51f02000, len=4915200, nr_pages=1200
[virgl] attach_backing: sending 3-desc chain: hdr=0x40251000(32B), entries=0x523b2000(19200B)
[virgl] attach_backing: OK (1200 pages attached)
[virgl-pool] Pre-allocated slot=4 res_id=14 1280x960
[virgl] attach_backing: phys=0x523b2000, len=4915200, nr_pages=1200
[virgl] attach_backing: sending 3-desc chain: hdr=0x40251000(32B), entries=0x52862000(19200B)
[virgl] attach_backing: OK (1200 pages attached)
[virgl-pool] Pre-allocated slot=5 res_id=15 1280x960
[virgl] attach_backing: phys=0x52862000, len=4915200, nr_pages=1200
[virgl] attach_backing: sending 3-desc chain: hdr=0x40251000(32B), entries=0x52d12000(19200B)
[virgl] attach_backing: OK (1200 pages attached)
[virgl-pool] Pre-allocated slot=6 res_id=16 1280x960
[virgl] attach_backing: phys=0x52d12000, len=4915200, nr_pages=1200
[virgl] attach_backing: sending 3-desc chain: hdr=0x40251000(32B), entries=0x531c2000(19200B)
[virgl] attach_backing: OK (1200 pages attached)
[virgl-pool] Pre-allocated slot=7 res_id=17 1280x960
[virgl] attach_backing: phys=0x531c2000, len=8192, nr_pages=2
[virgl] attach_backing: sending 3-desc chain: hdr=0x40251000(32B), entries=0x502e0040(32B)
[virgl] attach_backing: OK (2 pages attached)
[virgl-cursor] Cursor texture initialized (id=6, 16x80, 5 shapes)
[virgl] attach_backing: phys=0x531c4000, len=4096, nr_pages=1
[virgl] attach_backing: sending 3-desc chain: hdr=0x40251000(32B), entries=0x502e0040(16B)
[virgl] attach_backing: OK (1 pages attached)
[virgl-dimmer] Dimmer texture initialized (id=7, 4x4)
[virgl] Step 8: Compositor texture initialized
[virgl] Step 9: full pipeline+draw batch (191 DWORDs)
[virgl] SUBMIT_3D OK: id=2 used_len=0 resp_flags=0x1 resp_fence=2
[virgl] Step 10: SET_SCANOUT + RESOURCE_FLUSH
[virgl] VirGL 3D pipeline initialized successfully
[drivers] VirGL 3D acceleration active
[drivers] Compositor backend: VirGL
[virtio-gpu-pci] MSI-X SPI 53 enabled — interrupt-driven GPU wake active
[virtio-net-pci] Searching for VirtIO network device on PCI bus...
[virtio-net-pci] Found at 00:05.0 [1af4:1000]
[virtio-net-pci] BAR0: phys=0x18010000 virt=0xffff000018010000 size=4096
[virtio-net-pci] Device features: 0x6187bfa3
[virtio-net-pci] MAC: 00:1c:42:96:7a:8a
[virtio-net-pci] Queue 0 max size: 256
[virtio-net-pci] Queue 0 PFN=0x4120f (phys=0x4120f000)
[virtio-net-pci] Queue 1 max size: 256
[virtio-net-pci] Queue 1 PFN=0x41212 (phys=0x41212000)
[pci] 00:05.0: capabilities:
  cap 0x10 (PCIe) @ 0x48: dw0=0x00024010 dw1=0x00000fc0
  cap 0x01 (PM) @ 0x40: dw0=0x0022f401 dw1=0x00000000
  cap 0x11 (MSI-X) @ 0xf4: dw0=0x00020011 dw1=0x00000001
[virtio-net-pci] MSI-X cap at 0xf4: 3 vectors
[virtio-net-pci] MSI-X vector assignments: cfg=0xffff rx=0x0
[virtio-net-pci] MSI-X enabled: SPI 54 doorbell=0x2250040 vectors=3
[virtio-net-pci] Network device initialized successfully
[drivers] VirtIO network (PCI) initialized
[drivers] SVGA3 init skipped: SVGA3 device not found
[drivers] Found XHCI at 00:03.0 [1033:0194]
[xhci] DMA addrs: DCBAA=0x41228000 CMD_RING=0x41229000 EVT_RING=0x41239000 ERST=0x412af240
[xhci] Regs: USBCMD=0x5 USBSTS=0x0 CRCR=0x0 DCBAAP=0x41228000
[xhci] IR0: IMAN=0x2 ERDP=0x41239000 ERSTBA=0x412af240
[xhci] Port scan: 14 ports
[xhci]   port 1: PORTSC=0x00021203 CCS=1 PED=1 speed=4
[xhci]   port 2: PORTSC=0x00021203 CCS=1 PED=1 speed=4
[xhci]   port 3: PORTSC=0x00021203 CCS=1 PED=1 speed=4
[xhci]   port 4: PORTSC=0x000002a0 CCS=0 PED=0 speed=0
[xhci]   port 5: PORTSC=0x000002a0 CCS=0 PED=0 speed=0
[xhci]   port 6: PORTSC=0x000002a0 CCS=0 PED=0 speed=0
[xhci]   port 7: PORTSC=0x000002a0 CCS=0 PED=0 speed=0
[xhci]   port 8: PORTSC=0x000002a0 CCS=0 PED=0 speed=0
[xhci]   port 9: PORTSC=0x000002a0 CCS=0 PED=0 speed=0
[xhci]   port 10: PORTSC=0x000002a0 CCS=0 PED=0 speed=0
[xhci]   port 11: PORTSC=0x000002a0 CCS=0 PED=0 speed=0
[xhci]   port 12: PORTSC=0x000002a0 CCS=0 PED=0 speed=0
[xhci]   port 13: PORTSC=0x000002a0 CCS=0 PED=0 speed=0
[xhci]   port 14: PORTSC=0x000002a0 CCS=0 PED=0 speed=0
[xhci] port 1 connected: PORTSC=0x00001203 PED=1 speed=4
[xhci] port 1 EnableSlot -> slot 1
[xhci] port 1 AddressDevice OK (slot 1)
[xhci] slot1: vid=0x203a pid=0xfffc class=0x00/0x00/0x00
[xhci] slot1 iface0: class=0x03 sub=0x00 proto=0x02 numEP=1
[xhci] HID iface: proto=2 subclass=0 -> mouse (hid_idx=1)
[xhci] slot1 iface1: class=0x03 sub=0x00 proto=0x02 numEP=1
[xhci] HID iface: proto=2 subclass=0 -> mouse (hid_idx=3)
[xhci] port 2 connected: PORTSC=0x00001203 PED=1 speed=4
[xhci] port 2 EnableSlot -> slot 2
[xhci] port 2 AddressDevice OK (slot 2)
[xhci] slot2: vid=0x203a pid=0xfffb class=0x00/0x00/0x00
[xhci] slot2 iface0: class=0x03 sub=0x01 proto=0x01 numEP=1
[xhci] HID iface: proto=1 subclass=1 -> keyboard (hid_idx=0)
[xhci] slot2 iface1: class=0x03 sub=0x00 proto=0x00 numEP=1
[xhci] HID iface: proto=0 subclass=0 -> NKRO (hid_idx=2)
[xhci] port 3 connected: PORTSC=0x00001203 PED=1 speed=4
[xhci] port 3 EnableSlot -> slot 3
[xhci] port 3 AddressDevice OK (slot 3)
[xhci] slot3: vid=0x203a pid=0xfff9 class=0xef/0x02/0x01
[xhci] slot3 iface0: class=0x0e sub=0x01 proto=0x00 numEP=0
[xhci] slot3 iface1: class=0x0e sub=0x02 proto=0x00 numEP=1
[xhci] start_hid_polling: kbd=slot2/dci3 nkro=dci5 mouse=slot1/dci3 mouse2=dci5
[xhci] Initialized: 32 slots, MSI irq=55
[drivers] XHCI USB controller initialized
[ahci] Platform AHCI at phys 0x2140000, virt 0xffff000002140000
[ahci] HBA version 1.256, 6 ports, 32 cmd slots, PI=0x0000003f
[ahci] Port 0: Sata, 131072 sectors (64 MB)
[ahci] Port 1: Sata, 524288 sectors (256 MB)
[ahci] IRQ probe: using port 0 dma_index 0
[ahci] IRQ probe: ISPENDR before=[0x00c00000, 0x00000000, 0x00000000] after=[0x00c00004, 0x00000000, 0x00000000]
[ahci] IRQ probe: PORT_IS=0x00000001 (should have D2H bit set)
[ahci] Platform IRQ probe: discovered SPI 34
[ahci] Platform IRQ enabled: SPI 34 (wired, level-triggered, CPU0)
[drivers] AHCI initialized (platform MMIO): 2 SATA device(s)
[drivers] Driver subsystem initialized (PCI)
[boot] Found 7 devices
[boot] Initializing network stack...
[net] Initializing network stack...
[net] Using VirtIO net PCI driver (Parallels)
[net] MAC address: 00:1c:42:96:7a:8a
NET: IP address: 10.211.55.100
NET: Gateway: 10.211.55.1
Network stack initialized
NET: Sending ARP request for gateway 10.211.55.1
ARP request sent successfully
[virtio-net-pci] RX diag: used_idx=2 last_used=1 avail_idx=8 isr=0x0 msi_count=0
[virtio-net-pci] RX diag: used_idx=2 last_used=2 avail_idx=12 isr=0x0 msi_count=0
NET: ARP resolved gateway MAC: 00:1c:42:00:00:18
NET: Sending ICMP echo request to gateway 10.211.55.1
[net] ICMP echo reply received from 10.211.55.1 seq=1
NET: Network initialization complete
[virtio-net-pci] MSI-X SPI 54 enabled (post-init)
[boot] Initializing filesystem...
[ext2] No VirtIO block device, trying AHCI...
[ext2] AHCI device 0: 131072 sectors (64 MB)
[ext2] AHCI device 0: not ext2 (magic=0x0064)
[ext2] AHCI device 1: 524288 sectors (256 MB)
[ext2] Found ext2 superblock on AHCI device 1
[boot] ext2 root filesystem mounted
[boot] No home filesystem: No home block device available (expected at device index 3 or 1) (continuing)
[boot] devfs initialized at /dev
[boot] devptsfs initialized at /dev/pts
[boot] CPU detected: ARM Unknown
[boot] procfs initialized at /proc
[boot] TTY subsystem initialized
[boot] Initializing graphics...
[boot] VirGL active — skipping GOP framebuffer init (2D resource already set up in gpu_pci::init)
[boot] FB_INFO_CACHE populated for VirGL display (1280x960)
[boot] USB HID input active via XHCI (polled from timer)
[boot] Initializing per-CPU data...
[boot] Per-CPU data initialized
[boot] Initializing process manager...
[boot] Process manager initialized
[boot] Initializing scheduler...
[boot] Scheduler initialized
[boot] Workqueue subsystem initialized
[boot] Softirq subsystem initialized
[boot] Render thread skipped — VirGL owns the display
[boot] Tracing subsystem initialized and enabled
[boot] Pre-loading /sbin/init from ext2 (before timer)...
[boot] Init binary pre-loaded: 296824 bytes
[boot] Initializing timer interrupt...
[timer] Timer configured for ~1000 Hz (24000 ticks per interrupt)
[timer] Using virtual timer (PPI 27)
[boot] Timer interrupt initialized
[smp] CPU 0 MPIDR=0x80000000, stack_base=0x43000000
[smp] GICR covers 8 redistributors, probing CPUs 1..8
[smp] Probing secondary CPUs via PSCI...
[sm1p@]1AB CDCEePFGU 11: PSCI CPU_ON success
[gic2@]1A BCIDECeFCG_2CTLR_EL1: 0x40400 -> 0x40402 (EOImode=1)
[gic] ICC_CTLR_EL1: 0x40400 -> 0x40402 (EOImode=1)
[smp] CPU 2: PSCI CPU_ON success
T1[s3@mp] 1CABPUCD EeF3G:3 PSCI CPU_ON success
[gic] ICC_CTLR_EL1: 0x40400 -4>@1 AB0CDxEe4FG04402 (EOImode=1)
[gic] ICC_CTLR_EL1: 0x40400 -> 0x40402 (EOImode=1)
[smp] CPU 4: PSCI CPU_ON success
[s5@m1pAB] CDCEeFG5PU 5: PSCI CPU_ON success
[gi6c@]1A BCIDECeFCG_6CTLR_EL1: 0x40400 -> 0x40402 (EOImode=1)
[gic] ICC_CTLR_EL1: 0x40400 -> 0x40402 (EOImode=1)
[smp] CPU 6: PSCI CPU_ON success
T2[s7m@1pAB]C DECeFPG7U 7: PSCI CPU_ON success
[gic] ICC_CTLR_EL1: 0x40400 -> 0x40402 (EOImode=1)
[smp] 8 CPUs online

========================================
  Breenix ARM64 Boot Complete!
========================================

Hello from ARM64!

[boot] Launching init from pre-loaded ELF...
manager.create_process_with_argv [ARM64]: ENTRY - name='init', elf_size=296824, argc=1
manager.create_process_with_argv [ARM64]: Generated PID 1
manager.create_process_with_argv [ARM64]: Creating ProcessPageTable
manager.create_process_with_argv [ARM64]: Loading ELF into page table
manager.create_process_with_argv [ARM64]: ELF loaded, entry=0x4000f1f0
manager.create_process_with_argv [ARM64]: Allocating user stack
manager.create_process_with_argv [ARM64]: User stack will be at 0xfffffeff0000-0xffffff000000
manager.create_process_with_argv [ARM64]: argc/argv set up on stack, SP=0xfffffefffed0
manager.create_process_with_argv [ARM64]: SUCCESS - returning PID 1
[boot] Reset 8 idle thread contexts (CPUs online: 8)
T3T4EL0_SYSCALL: First syscall from userspace (SPSR confirms EL0)
[ OK ] syscall path verified
[init] Breenix init starting (PID 1)
T5[spawn] path='/bin/heartbeat'
manager.create_process_with_argv [ARM64]: ENTRY - name='heartbeat', elf_size=290168, argc=1
manager.create_process_with_argv [ARM64]: Generated PID 2
manager.create_process_with_argv [ARM64]: Creating ProcessPageTable
manager.create_process_with_argv [ARM64]: Loading ELF into page table
manager.create_process_with_argv [ARM64]: ELF loaded, entry=0x4000edac
manager.create_process_with_argv [ARM64]: Allocating user stack
manager.create_process_with_argv [ARM64]: User stack will be at 0xfffffeff0000-0xffffff000000
manager.create_process_with_argv [ARM64]: argc/argv set up on stack, SP=0xfffffefffed0
manager.create_process_with_argv [ARM64]: SUCCESS - returning PID 2
[spawn] Created child PID 2 for parent PID 1
T6[spawn] Success: child PID 2 scheduled
[heartbeat] tid=12 uptime_ms=1320
T7T8T9T0[spawn] path='/bin/bwm'
manager.create_process_with_argv [ARM64]: ENTRY - name='bwm', elf_size=433320, argc=1
manager.create_process_with_argv [ARM64]: Generated PID 3
manager.create_process_with_argv [ARM64]: Creating ProcessPageTable
manager.create_process_with_argv [ARM64]: Loading ELF into page table
manager.create_process_with_argv [ARM64]: ELF loaded, entry=0x400190b8
manager.create_process_with_argv [ARM64]: Allocating user stack
manager.create_process_with_argv [ARM64]: User stack will be at 0xfffffeff0000-0xffffff000000
manager.create_process_with_argv [ARM64]: argc/argv set up on stack, SP=0xfffffefffee0
manager.create_process_with_argv [ARM64]: SUCCESS - returning PID 3
[spawn] Created child PID 3 for parent PID 1
[spawn] Success: child PID 3 scheduled
[bwm] Breenix Window Manager starting... (v2-chromeless-skip)
[virgl-composite] Frame #0: 1x1 → 1280x960 display (first1k: 1 nonzero, first=0xff000000)
[bwm] GPU compositing mode (VirGL), display: 1280x960
[compositor] Mapped compositor buffer into process: virt=0x7ffffdb4e000, 1280x960, 1200 pages (backend=VirGL)
[bwm] Direct compositor mapping: 1280x960 at 0x7ffffdb4e000
[bwm] using bitmap font fallback for early boot
[bwm] hotkeys: using built-in defaults for early boot
[virgl-composite] Frame #1: 1280x960 → 1280x960 display (first1k: 1000 nonzero, first=0x00121832)
[virgl-composite] Frame #2: 1280x960 → 1280x960 display (first1k: 1000 nonzero, first=0x00121832)
[spawn] path='/sbin/telnetd'
manager.create_process_with_argv [ARM64]: ENTRY - name='telnetd', elf_size=298672, argc=1
manager.create_process_with_argv [ARM64]: Generated PID 4
manager.create_process_with_argv [ARM64]: Creating ProcessPageTable
manager.create_process_with_argv [ARM64]: Loading ELF into page table
manager.create_process_with_argv [ARM64]: ELF loaded, entry=0x4000fdd0
manager.create_process_with_argv [ARM64]: Allocating user stack
manager.create_process_with_argv [ARM64]: User stack will be at 0xfffffeff0000-0xffffff000000
manager.create_process_with_argv [ARM64]: argc/argv set up on stack, SP=0xfffffefffed0
manager.create_process_with_argv [ARM64]: SUCCESS - returning PID 4
[spawn] Created child PID 4 for parent PID 1
[spawn] Success: child PID 4 scheduled
TELNETD_STARTING
TELNETD_LISTENING
[init] Boot script completed
[spawn] path='/bin/bsshd'
manager.create_process_with_argv [ARM64]: ENTRY - name='bsshd', elf_size=441064, argc=1
manager.create_process_with_argv [ARM64]: Generated PID 5
manager.create_process_with_argv [ARM64]: Creating ProcessPageTable
manager.create_process_with_argv [ARM64]: Loading ELF into page table
manager.create_process_with_argv [ARM64]: ELF loaded, entry=0x4001c39c
manager.create_process_with_argv [ARM64]: Allocating user stack
manager.create_process_with_argv [ARM64]: User stack will be at 0xfffffeff0000-0xffffff000000
manager.create_process_with_argv [ARM64]: argc/argv set up on stack, SP=0xfffffefffed0
manager.create_process_with_argv [ARM64]: SUCCESS - returning PID 5
[spawn] Created child PID 5 for parent PID 1
[spawn] Success: child PID 5 scheduled
bsshd: starting on port 2222
bsshd: listening on 0.0.0.0:2222
[init] bsshd started (PID 5)
[spawn] path='/bin/bounce'
manager.create_process_with_argv [ARM64]: ENTRY - name='bounce', elf_size=388128, argc=1
manager.create_process_with_argv [ARM64]: Generated PID 6
manager.create_process_with_argv [ARM64]: Creating ProcessPageTable
manager.create_process_with_argv [ARM64]: Loading ELF into page table
manager.create_process_with_argv [ARM64]: ELF loaded, entry=0x400188f4
manager.create_process_with_argv [ARM64]: Allocating user stack
manager.create_process_with_argv [ARM64]: User stack will be at 0xfffffeff0000-0xffffff000000
manager.create_process_with_argv [ARM64]: argc/argv set up on stack, SP=0xfffffefffed0
manager.create_process_with_argv [ARM64]: SUCCESS - returning PID 6
[spawn] Created child PID 6 for parent PID 1
[spawn] Success: child PID 6 scheduled
Bounce spheres demo starting (for Gus!) [boot_id=000000006b674ce0]
[window] create_window_buffer: 400x300 (480000 bytes, 118 pages)
[window] Created buffer id=1 for pid=6: 400x300 at virt=0x7ffffdf86000 phys=0x44173000
[[bwm] Discovered window 'Bouncbounce] Window mode: id=1 400x300 [boot_id=000000006b674ce0]
e' (id=1, 400x300) at (30,38)
[compositor] Mapped window 1 into BWM: virt=0x7ffffdad4000, 400x300, 118 pages
[freeze-watch] uptime_ms=1804 submits=71 completes=74 fails=0 last_completion_ms=1469 fps_last_5s=5 cpu=2 tid=3 ctx_switches=2212 timer_ticks_cpu0=313 timer_ticks_cpu1=410 timer_ticks_cpu2=409 timer_ticks_cpu3=418 timer_ticks_cpu4=419 timer_ticks_cpu5=411 timer_ticks_cpu6=416 timer_ticks_cpu7=413 rq_total=0 rq_cpu0=0 rq_cpu1=0 rq_cpu2=0 rq_cpu3=0 rq_cpu4=0 rq_cpu5=0 rq_cpu6=0 rq_cpu7=0 cur_cpu0=0 cur_cpu1=13 cur_cpu2=3 cur_cpu3=6 cur_cpu4=7 cur_cpu5=8 cur_cpu6=9 cur_cpu7=10 total_threads=16 blocked_threads=5 sched_lock=ok procmgr_lock=ok gpu_pci_lock=ok
[init] bounce started (PID 6)
[freeze-watch] uptime_ms=2306 submits=302 completes=304 fails=0 last_completion_ms=2259 fps_last_5s=151 cpu=3 tid=3 ctx_switches=2695 timer_ticks_cpu0=729 timer_ticks_cpu1=820 timer_ticks_cpu2=833 timer_ticks_cpu3=835 timer_ticks_cpu4=838 timer_ticks_cpu5=828 timer_ticks_cpu6=834 timer_ticks_cpu7=832 rq_total=0 rq_cpu0=0 rq_cpu1=0 rq_cpu2=0 rq_cpu3=0 rq_cpu4=0 rq_cpu5=0 rq_cpu6=0 rq_cpu7=0 cur_cpu0=0 cur_cpu1=4 cur_cpu2=13 cur_cpu3=3 cur_cpu4=7 cur_cpu5=8 cur_cpu6=9 cur_cpu7=10 total_threads=16 blocked_threads=6 sched_lock=ok procmgr_lock=ok gpu_pci_lock=busy
[heartbeat] tid=12 uptime_ms=2320
[bwm-fps] frames_since_last=90 elapsed_ms=1003 instantaneous_fps=89
[freeze-watch] uptime_ms=2808 submits=506 completes=509 fails=0 last_completion_ms=2804 fps_last_5s=137 cpu=0 tid=0 ctx_switches=3190 timer_ticks_cpu0=1138 timer_ticks_cpu1=1235 timer_ticks_cpu2=1260 timer_ticks_cpu3=1245 timer_ticks_cpu4=1254 timer_ticks_cpu5=1244 timer_ticks_cpu6=1250 timer_ticks_cpu7=1248 rq_total=0 rq_cpu0=0 rq_cpu1=0 rq_cpu2=0 rq_cpu3=0 rq_cpu4=0 rq_cpu5=0 rq_cpu6=0 rq_cpu7=0 cur_cpu0=0 cur_cpu1=0 cur_cpu2=0 cur_cpu3=0 cur_cpu4=0 cur_cpu5=0 cur_cpu6=0 cur_cpu7=0 total_threads=0 blocked_threads=0 sched_lock=busy procmgr_lock=ok gpu_pci_lock=ok
[freeze-watch] uptime_ms=3310 submits=728 completes=730 fails=0 last_completion_ms=3263 fps_last_5s=145 cpu=4 tid=3 ctx_switches=3699 timer_ticks_cpu0=1544 timer_ticks_cpu1=1638 timer_ticks_cpu2=1683 timer_ticks_cpu3=1667 timer_ticks_cpu4=1668 timer_ticks_cpu5=1659 timer_ticks_cpu6=1664 timer_ticks_cpu7=1665 rq_total=0 rq_cpu0=0 rq_cpu1=0 rq_cpu2=0 rq_cpu3=0 rq_cpu4=0 rq_cpu5=0 rq_cpu6=0 rq_cpu7=0 cur_cpu0=0 cur_cpu1=4 cur_cpu2=5 cur_cpu3=13 cur_cpu4=3 cur_cpu5=8 cur_cpu6=9 cur_cpu7=10 total_threads=16 blocked_threads=6 sched_lock=ok procmgr_lock=ok gpu_pci_lock=busy
[heartbeat] tid=12 uptime_ms=3323
[bwm-fps] frames_since_last=164 elapsed_ms=1001 instantaneous_fps=163
[freeze-watch] uptime_ms=3812 submits=893 completes=895 fails=0 last_completion_ms=3791 fps_last_5s=109 cpu=6 tid=3 ctx_switches=4088 timer_ticks_cpu0=1952 timer_ticks_cpu1=2074 timer_ticks_cpu2=2091 timer_ticks_cpu3=2085 timer_ticks_cpu4=2082 timer_ticks_cpu5=2072 timer_ticks_cpu6=2079 timer_ticks_cpu7=2081 rq_total=0 rq_cpu0=0 rq_cpu1=0 rq_cpu2=0 rq_cpu3=0 rq_cpu4=0 rq_cpu5=0 rq_cpu6=0 rq_cpu7=0 cur_cpu0=0 cur_cpu1=13 cur_cpu2=5 cur_cpu3=6 cur_cpu4=7 cur_cpu5=8 cur_cpu6=3 cur_cpu7=10 total_threads=16 blocked_threads=6 sched_lock=ok procmgr_lock=ok gpu_pci_lock=busy
[freeze-watch] uptime_ms=4314 submits=1103 completes=1105 fails=0 last_completion_ms=4292 fps_last_5s=139 cpu=0 tid=3 ctx_switches=4556 timer_ticks_cpu0=2364 timer_ticks_cpu1=2498 timer_ticks_cpu2=2515 timer_ticks_cpu3=2499 timer_ticks_cpu4=2500 timer_ticks_cpu5=2491 timer_ticks_cpu6=2496 timer_ticks_cpu7=2499 rq_total=0 rq_cpu0=0 rq_cpu1=0 rq_cpu2=0 rq_cpu3=0 rq_cpu4=0 rq_cpu5=0 rq_cpu6=0 rq_cpu7=0 cur_cpu0=3 cur_cpu1=13 cur_cpu2=5 cur_cpu3=6 cur_cpu4=7 cur_cpu5=8 cur_cpu6=9 cur_cpu7=10 total_threads=16 blocked_threads=6 sched_lock=ok procmgr_lock=ok gpu_pci_lock=busy
[heartbeat] tid=12 uptime_ms=4323
[bwm-fps] frames_since_last=118 elapsed_ms=1002 instantaneous_fps=117
[freeze-watch] uptime_ms=4816 submits=1412 completes=1415 fails=0 last_completion_ms=4813 fps_last_5s=207 cpu=0 tid=0 ctx_switches=5236 timer_ticks_cpu0=2769 timer_ticks_cpu1=2909 timer_ticks_cpu2=2922 timer_ticks_cpu3=2908 timer_ticks_cpu4=2920 timer_ticks_cpu5=2911 timer_ticks_cpu6=2917 timer_ticks_cpu7=2919 rq_total=0 rq_cpu0=0 rq_cpu1=0 rq_cpu2=0 rq_cpu3=0 rq_cpu4=0 rq_cpu5=0 rq_cpu6=0 rq_cpu7=0 cur_cpu0=0 cur_cpu1=0 cur_cpu2=0 cur_cpu3=0 cur_cpu4=0 cur_cpu5=0 cur_cpu6=0 cur_cpu7=0 total_threads=0 blocked_threads=0 sched_lock=busy procmgr_lock=ok gpu_pci_lock=ok
[virgl-composite] Frame #500: 1280x960 → 1280x960 display (first1k: 1000 nonzero, first=0x0014161e)
[freeze-watch] uptime_ms=5319 submits=1632 completes=1634 fails=0 last_completion_ms=5315 fps_last_5s=145 cpu=6 tid=3 ctx_switches=5719 timer_ticks_cpu0=3201 timer_ticks_cpu1=3314 timer_ticks_cpu2=3332 timer_ticks_cpu3=3324 timer_ticks_cpu4=3338 timer_ticks_cpu5=3329 timer_ticks_cpu6=3332 timer_ticks_cpu7=3338 rq_total=0 rq_cpu0=0 rq_cpu1=0 rq_cpu2=0 rq_cpu3=0 rq_cpu4=0 rq_cpu5=0 rq_cpu6=0 rq_cpu7=0 cur_cpu0=0 cur_cpu1=4 cur_cpu2=13 cur_cpu3=6 cur_cpu4=7 cur_cpu5=8 cur_cpu6=3 cur_cpu7=10 total_threads=16 blocked_threads=6 sched_lock=ok procmgr_lock=ok gpu_pci_lock=busy
[heartbeat] tid=12 uptime_ms=5324
[bwm-fps] frames_since_last=174 elapsed_ms=1049 instantaneous_fps=165
[freeze-watch] uptime_ms=5822 submits=1790 completes=1793 fails=0 last_completion_ms=5819 fps_last_5s=105 cpu=7 tid=3 ctx_switches=6057 timer_ticks_cpu0=3625 timer_ticks_cpu1=3729 timer_ticks_cpu2=3754 timer_ticks_cpu3=3749 timer_ticks_cpu4=3752 timer_ticks_cpu5=3745 timer_ticks_cpu6=3745 timer_ticks_cpu7=3754 rq_total=0 rq_cpu0=0 rq_cpu1=0 rq_cpu2=0 rq_cpu3=0 rq_cpu4=0 rq_cpu5=0 rq_cpu6=0 rq_cpu7=0 cur_cpu0=0 cur_cpu1=4 cur_cpu2=13 cur_cpu3=6 cur_cpu4=7 cur_cpu5=8 cur_cpu6=9 cur_cpu7=3 total_threads=16 blocked_threads=6 sched_lock=ok procmgr_lock=ok gpu_pci_lock=ok
[freeze-watch] uptime_ms=6324 submits=2072 completes=2074 fails=0 last_completion_ms=6285 fps_last_5s=185 cpu=4 tid=3 ctx_switches=6698 timer_ticks_cpu0=4033 timer_ticks_cpu1=4146 timer_ticks_cpu2=4177 timer_ticks_cpu3=4166 timer_ticks_cpu4=4171 timer_ticks_cpu5=4165 timer_ticks_cpu6=4168 timer_ticks_cpu7=4175 rq_total=0 rq_cpu0=0 rq_cpu1=0 rq_cpu2=0 rq_cpu3=0 rq_cpu4=0 rq_cpu5=0 rq_cpu6=0 rq_cpu7=0 cur_cpu0=0 cur_cpu1=13 cur_cpu2=5 cur_cpu3=6 cur_cpu4=3 cur_cpu5=8 cur_cpu6=9 cur_cpu7=10 total_threads=16 blocked_threads=6 sched_lock=ok procmgr_lock=ok gpu_pci_lock=busy
[heartbeat] tid=12 uptime_ms=6324
[bwm-fps] frames_since_last=161 elapsed_ms=1003 instantaneous_fps=160
[freeze-watch] uptime_ms=6826 submits=2325 completes=2327 fails=0 last_completion_ms=6822 fps_last_5s=169 cpu=6 tid=3 ctx_switches=7290 timer_ticks_cpu0=4451 timer_ticks_cpu1=4562 timer_ticks_cpu2=4592 timer_ticks_cpu3=4581 timer_ticks_cpu4=4588 timer_ticks_cpu5=4582 timer_ticks_cpu6=4587 timer_ticks_cpu7=4595 rq_total=0 rq_cpu0=0 rq_cpu1=0 rq_cpu2=0 rq_cpu3=0 rq_cpu4=0 rq_cpu5=0 rq_cpu6=0 rq_cpu7=0 cur_cpu0=13 cur_cpu1=4 cur_cpu2=5 cur_cpu3=6 cur_cpu4=7 cur_cpu5=8 cur_cpu6=3 cur_cpu7=10 total_threads=16 blocked_threads=6 sched_lock=ok procmgr_lock=ok gpu_pci_lock=busy
[heartbeat] tid=12 uptime_ms=7327
[freeze-watch] uptime_ms=7328 submits=2534 completes=2537 fails=0 last_completion_ms=7328 fps_last_5s=139 cpu=6 tid=3 ctx_switches=7764 timer_ticks_cpu0=4878 timer_ticks_cpu1=4976 timer_ticks_cpu2=5014 timer_ticks_cpu3=4996 timer_ticks_cpu4=5005 timer_ticks_cpu5=4999 timer_ticks_cpu6=5002 timer_ticks_cpu7=5014 rq_total=0 rq_cpu0=0 rq_cpu1=0 rq_cpu2=0 rq_cpu3=0 rq_cpu4=0 rq_cpu5=0 rq_cpu6=0 rq_cpu7=0 cur_cpu0=16 cur_cpu1=4 cur_cpu2=5 cur_cpu3=6 cur_cpu4=7 cur_cpu5=8 cur_cpu6=3 cur_cpu7=12 total_threads=16 blocked_threads=6 sched_lock=ok procmgr_lock=ok gpu_pci_lock=ok
[timer] cpu0 ticks=5000
[bwm-fps] frames_since_last=156 elapsed_ms=1003 instantaneous_fps=155
[freeze-watch] uptime_ms=7830 submits=2846 completes=2849 fails=0 last_completion_ms=7830 fps_last_5s=207 cpu=1 tid=3 ctx_switches=8481 timer_ticks_cpu0=5285 timer_ticks_cpu1=5386 timer_ticks_cpu2=5429 timer_ticks_cpu3=5419 timer_ticks_cpu4=5422 timer_ticks_cpu5=5420 timer_ticks_cpu6=5422 timer_ticks_cpu7=5436 rq_total=1 rq_cpu0=1 rq_cpu1=0 rq_cpu2=0 rq_cpu3=0 rq_cpu4=0 rq_cpu5=0 rq_cpu6=0 rq_cpu7=0 cur_cpu0=16 cur_cpu1=3 cur_cpu2=5 cur_cpu3=6 cur_cpu4=7 cur_cpu5=8 cur_cpu6=9 cur_cpu7=10 total_threads=16 blocked_threads=5 sched_lock=ok procmgr_lock=ok gpu_pci_lock=ok
[heartbeat] tid=12 uptime_ms=8328
[freeze-watch] uptime_ms=8333 submits=3026 completes=3028 fails=0 last_completion_ms=8320 fps_last_5s=117 cpu=0 tid=3 ctx_switches=8876 timer_ticks_cpu0=5710 timer_ticks_cpu1=5797 timer_ticks_cpu2=5863 timer_ticks_cpu3=5831 timer_ticks_cpu4=5838 timer_ticks_cpu5=5837 timer_ticks_cpu6=5841 timer_ticks_cpu7=5855 rq_total=0 rq_cpu0=0 rq_cpu1=0 rq_cpu2=0 rq_cpu3=0 rq_cpu4=0 rq_cpu5=0 rq_cpu6=0 rq_cpu7=0 cur_cpu0=3 cur_cpu1=13 cur_cpu2=5 cur_cpu3=6 cur_cpu4=7 cur_cpu5=8 cur_cpu6=9 cur_cpu7=10 total_threads=16 blocked_threads=6 sched_lock=ok procmgr_lock=ok gpu_pci_lock=busy
[virgl-composite] Frame #1000: 1280x960 → 1280x960 display (first1k: 1000 nonzero, first=0x0014161e)
[bwm-fps] frames_since_last=141 elapsed_ms=1021 instantaneous_fps=138
[freeze-watch] uptime_ms=8836 submits=3215 completes=3217 fails=0 last_completion_ms=8781 fps_last_5s=125 cpu=6 tid=3 ctx_switches=9296 timer_ticks_cpu0=6114 timer_ticks_cpu1=6221 timer_ticks_cpu2=6281 timer_ticks_cpu3=6256 timer_ticks_cpu4=6256 timer_ticks_cpu5=6254 timer_ticks_cpu6=6258 timer_ticks_cpu7=6270 rq_total=0 rq_cpu0=0 rq_cpu1=0 rq_cpu2=0 rq_cpu3=0 rq_cpu4=0 rq_cpu5=0 rq_cpu6=0 rq_cpu7=0 cur_cpu0=0 cur_cpu1=4 cur_cpu2=13 cur_cpu3=6 cur_cpu4=7 cur_cpu5=8 cur_cpu6=3 cur_cpu7=10 total_threads=16 blocked_threads=6 sched_lock=ok procmgr_lock=ok gpu_pci_lock=busy
[heartbeat] tid=12 uptime_ms=9328
[freeze-watch] uptime_ms=9338 submits=3545 completes=3548 fails=0 last_completion_ms=9336 fps_last_5s=221 cpu=0 tid=0 ctx_switches=10022 timer_ticks_cpu0=6523 timer_ticks_cpu1=6636 timer_ticks_cpu2=6693 timer_ticks_cpu3=6675 timer_ticks_cpu4=6676 timer_ticks_cpu5=6678 timer_ticks_cpu6=6681 timer_ticks_cpu7=6695 rq_total=0 rq_cpu0=0 rq_cpu1=0 rq_cpu2=0 rq_cpu3=0 rq_cpu4=0 rq_cpu5=0 rq_cpu6=0 rq_cpu7=0 cur_cpu0=0 cur_cpu1=0 cur_cpu2=0 cur_cpu3=0 cur_cpu4=0 cur_cpu5=0 cur_cpu6=0 cur_cpu7=0 total_threads=0 blocked_threads=0 sched_lock=busy procmgr_lock=ok gpu_pci_lock=ok
[bwm-fps] frames_since_last=187 elapsed_ms=1030 instantaneous_fps=181
[freeze-watch] uptime_ms=9840 submits=3710 completes=3712 fails=0 last_completion_ms=9814 fps_last_5s=107 cpu=6 tid=3 ctx_switches=10366 timer_ticks_cpu0=6947 timer_ticks_cpu1=7055 timer_ticks_cpu2=7130 timer_ticks_cpu3=7088 timer_ticks_cpu4=7092 timer_ticks_cpu5=7097 timer_ticks_cpu6=7099 timer_ticks_cpu7=7111 rq_total=0 rq_cpu0=0 rq_cpu1=0 rq_cpu2=0 rq_cpu3=0 rq_cpu4=0 rq_cpu5=0 rq_cpu6=0 rq_cpu7=0 cur_cpu0=13 cur_cpu1=4 cur_cpu2=5 cur_cpu3=6 cur_cpu4=7 cur_cpu5=8 cur_cpu6=3 cur_cpu7=10 total_threads=16 blocked_threads=6 sched_lock=ok procmgr_lock=ok gpu_pci_lock=busy
[heartbeat] tid=12 uptime_ms=10328
[freeze-watch] uptime_ms=10342 submits=3953 completes=3956 fails=0 last_completion_ms=10341 fps_last_5s=163 cpu=1 tid=0 ctx_switches=10913 timer_ticks_cpu0=7365 timer_ticks_cpu1=7476 timer_ticks_cpu2=7546 timer_ticks_cpu3=7503 timer_ticks_cpu4=7510 timer_ticks_cpu5=7518 timer_ticks_cpu6=7519 timer_ticks_cpu7=7533 rq_total=0 rq_cpu0=0 rq_cpu1=0 rq_cpu2=0 rq_cpu3=0 rq_cpu4=0 rq_cpu5=0 rq_cpu6=0 rq_cpu7=0 cur_cpu0=0 cur_cpu1=0 cur_cpu2=0 cur_cpu3=0 cur_cpu4=0 cur_cpu5=0 cur_cpu6=0 cur_cpu7=0 total_threads=0 blocked_threads=0 sched_lock=busy procmgr_lock=ok gpu_pci_lock=ok
[bwm-fps] frames_since_last=137 elapsed_ms=1000 instantaneous_fps=137
[heartbeat] tid=12 uptime_ms=11328
[bwm-fps] frames_since_last=137 elapsed_ms=1000 instantaneous_fps=137
[virgl-composite] Frame #1500: 1280x960 → 1280x960 display (first1k: 1000 nonzero, first=0x0014161e)
[heartbeat] tid=12 uptime_ms=12329
[bwm-fps] frames_since_last=118 elapsed_ms=1012 instantaneous_fps=116
[heartbeat] tid=12 uptime_ms=13329
[timer] cpu0 ticks=10000
[bwm-fps] frames_since_last=135 elapsed_ms=1002 instantaneous_fps=134
[heartbeat] tid=12 uptime_ms=14330
[bwm-fps] frames_since_last=178 elapsed_ms=1001 instantaneous_fps=177
[virgl-composite] Frame #2000: 1280x960 → 1280x960 display (first1k: 1000 nonzero, first=0x0014161e)
[heartbeat] tid=12 uptime_ms=15330
[freeze-watch] uptime_ms=15345 submits=6140 completes=6143 fails=0 last_completion_ms=15343 fps_last_5s=145 cpu=1 tid=0 ctx_switches=15773 timer_ticks_cpu0=11499 timer_ticks_cpu1=11677 timer_ticks_cpu2=11699 timer_ticks_cpu3=11679 timer_ticks_cpu4=11670 timer_ticks_cpu5=11670 timer_ticks_cpu6=11681 timer_ticks_cpu7=11704 rq_total=0 rq_cpu0=0 rq_cpu1=0 rq_cpu2=0 rq_cpu3=0 rq_cpu4=0 rq_cpu5=0 rq_cpu6=0 rq_cpu7=0 cur_cpu0=0 cur_cpu1=0 cur_cpu2=0 cur_cpu3=0 cur_cpu4=0 cur_cpu5=0 cur_cpu6=0 cur_cpu7=0 total_threads=0 blocked_threads=0 sched_lock=busy procmgr_lock=ok gpu_pci_lock=ok
[bwm-fps] frames_since_last=178 elapsed_ms=1002 instantaneous_fps=177
[heartbeat] tid=12 uptime_ms=16332
[bwm-fps] frames_since_last=165 elapsed_ms=1004 instantaneous_fps=164
[heartbeat] tid=12 uptime_ms=17332
[bwm-fps] frames_since_last=144 elapsed_ms=1001 instantaneous_fps=143
[heartbeat] tid=12 uptime_ms=18333
[virgl-composite] Frame #2500: 1280x960 → 1280x960 display (first1k: 1000 nonzero, first=0x0014161e)
[bwm-fps] frames_since_last=157 elapsed_ms=1027 instantaneous_fps=152
[heartbeat] tid=12 uptime_ms=19333
[timer] cpu0 ticks=15000
[bwm-fps] frames_since_last=109 elapsed_ms=1017 instantaneous_fps=107
[heartbeat] tid=12 uptime_ms=20333
[freeze-watch] uptime_ms=20347 submits=8297 completes=8300 fails=0 last_completion_ms=20346 fps_last_5s=143 cpu=7 tid=3 ctx_switches=20578 timer_ticks_cpu0=15679 timer_ticks_cpu1=15852 timer_ticks_cpu2=15843 timer_ticks_cpu3=15829 timer_ticks_cpu4=15821 timer_ticks_cpu5=15821 timer_ticks_cpu6=15842 timer_ticks_cpu7=15866 rq_total=0 rq_cpu0=0 rq_cpu1=0 rq_cpu2=0 rq_cpu3=0 rq_cpu4=0 rq_cpu5=0 rq_cpu6=0 rq_cpu7=0 cur_cpu0=0 cur_cpu1=4 cur_cpu2=5 cur_cpu3=6 cur_cpu4=7 cur_cpu5=8 cur_cpu6=9 cur_cpu7=3 total_threads=16 blocked_threads=6 sched_lock=ok procmgr_lock=ok gpu_pci_lock=ok
[bwm-fps] frames_since_last=135 elapsed_ms=1002 instantaneous_fps=134
[heartbeat] tid=12 uptime_ms=21336
[bwm-fps] frames_since_last=131 elapsed_ms=1003 instantaneous_fps=130
[virgl-composite] Frame #3000: 1280x960 → 1280x960 display (first1k: 1000 nonzero, first=0x0014161e)
[heartbeat] tid=12 uptime_ms=22336
[bwm-fps] frames_since_last=199 elapsed_ms=1002 instantaneous_fps=198
[heartbeat] tid=12 uptime_ms=23337
[bwm-fps] frames_since_last=149 elapsed_ms=1049 instantaneous_fps=142
[heartbeat] tid=12 uptime_ms=24337
[bwm-fps] frames_since_last=189 elapsed_ms=1037 instantaneous_fps=182
[virgl-composite] Frame #3500: 1280x960 → 1280x960 display (first1k: 1000 nonzero, first=0x0014161e)
[heartbeat] tid=12 uptime_ms=25337
[freeze-watch] uptime_ms=25349 submits=10580 completes=10583 fails=0 last_completion_ms=25349 fps_last_5s=152 cpu=4 tid=3 ctx_switches=25622 timer_ticks_cpu0=19834 timer_ticks_cpu1=19991 timer_ticks_cpu2=19998 timer_ticks_cpu3=19978 timer_ticks_cpu4=19982 timer_ticks_cpu5=19983 timer_ticks_cpu6=20004 timer_ticks_cpu7=20025 rq_total=0 rq_cpu0=0 rq_cpu1=0 rq_cpu2=0 rq_cpu3=0 rq_cpu4=0 rq_cpu5=0 rq_cpu6=0 rq_cpu7=0 cur_cpu0=16 cur_cpu1=4 cur_cpu2=5 cur_cpu3=6 cur_cpu4=3 cur_cpu5=8 cur_cpu6=9 cur_cpu7=10 total_threads=16 blocked_threads=6 sched_lock=ok procmgr_lock=ok gpu_pci_lock=ok
[timer] cpu0 ticks=20000
[bwm-fps] frames_since_last=111 elapsed_ms=1006 instantaneous_fps=110
[heartbeat] tid=12 uptime_ms=26338
[bwm-fps] frames_since_last=145 elapsed_ms=1000 instantaneous_fps=145
[heartbeat] tid=12 uptime_ms=27338
[bwm-fps] frames_since_last=161 elapsed_ms=1000 instantaneous_fps=161
[heartbeat] tid=12 uptime_ms=28338
[virgl-composite] Frame #4000: 1280x960 → 1280x960 display (first1k: 1000 nonzero, first=0x0014161e)
[bwm-fps] frames_since_last=143 elapsed_ms=1004 instantaneous_fps=142
[heartbeat] tid=12 uptime_ms=29339
[bwm-fps] frames_since_last=164 elapsed_ms=1003 instantaneous_fps=163
[heartbeat] tid=12 uptime_ms=30339
[freeze-watch] uptime_ms=30353 submits=12901 completes=12903 fails=0 last_completion_ms=30341 fps_last_5s=154 cpu=6 tid=3 ctx_switches=30762 timer_ticks_cpu0=23974 timer_ticks_cpu1=24165 timer_ticks_cpu2=24146 timer_ticks_cpu3=24134 timer_ticks_cpu4=24149 timer_ticks_cpu5=24154 timer_ticks_cpu6=24187 timer_ticks_cpu7=24196 rq_total=0 rq_cpu0=0 rq_cpu1=0 rq_cpu2=0 rq_cpu3=0 rq_cpu4=0 rq_cpu5=0 rq_cpu6=0 rq_cpu7=0 cur_cpu0=0 cur_cpu1=13 cur_cpu2=5 cur_cpu3=6 cur_cpu4=7 cur_cpu5=8 cur_cpu6=3 cur_cpu7=10 total_threads=16 blocked_threads=6 sched_lock=ok procmgr_lock=ok gpu_pci_lock=busy
[bwm-fps] frames_since_last=141 elapsed_ms=1037 instantaneous_fps=135
[heartbeat] tid=12 uptime_ms=31339
[timer] cpu0 ticks=25000
[bwm-fps] frames_since_last=110 elapsed_ms=1061 instantaneous_fps=103
[heartbeat] tid=12 uptime_ms=32340
[virgl-composite] Frame #4500: 1280x960 → 1280x960 display (first1k: 1000 nonzero, first=0x0014161e)
[bwm-fps] frames_since_last=112 elapsed_ms=1001 instantaneous_fps=111
[heartbeat] tid=12 uptime_ms=33340
[bwm-fps] frames_since_last=126 elapsed_ms=1003 instantaneous_fps=125
[heartbeat] tid=12 uptime_ms=34340
[bwm-fps] frames_since_last=147 elapsed_ms=1000 instantaneous_fps=147
[heartbeat] tid=12 uptime_ms=35341
[freeze-watch] uptime_ms=35355 submits=14700 completes=14702 fails=0 last_completion_ms=35350 fps_last_5s=119 cpu=4 tid=3 ctx_switches=34836 timer_ticks_cpu0=28141 timer_ticks_cpu1=28355 timer_ticks_cpu2=28319 timer_ticks_cpu3=28280 timer_ticks_cpu4=28307 timer_ticks_cpu5=28296 timer_ticks_cpu6=28339 timer_ticks_cpu7=28342 rq_total=0 rq_cpu0=0 rq_cpu1=0 rq_cpu2=0 rq_cpu3=0 rq_cpu4=0 rq_cpu5=0 rq_cpu6=0 rq_cpu7=0 cur_cpu0=0 cur_cpu1=13 cur_cpu2=5 cur_cpu3=6 cur_cpu4=3 cur_cpu5=8 cur_cpu6=9 cur_cpu7=10 total_threads=16 blocked_threads=6 sched_lock=ok procmgr_lock=ok gpu_pci_lock=busy
[bwm-fps] frames_since_last=152 elapsed_ms=1013 instantaneous_fps=150
[virgl-composite] Frame #5000: 1280x960 → 1280x960 display (first1k: 1000 nonzero, first=0x0014161e)
[heartbeat] tid=12 uptime_ms=36341
[bwm-fps] frames_since_last=156 elapsed_ms=1005 instantaneous_fps=155
[heartbeat] tid=12 uptime_ms=37341
[timer] cpu0 ticks=30000
[bwm-fps] frames_since_last=136 elapsed_ms=1000 instantaneous_fps=136
[heartbeat] tid=12 uptime_ms=38341
[bwm-fps] frames_since_last=146 elapsed_ms=1002 instantaneous_fps=145
[heartbeat] tid=12 uptime_ms=39342
[virgl-composite] Frame #5500: 1280x960 → 1280x960 display (first1k: 1000 nonzero, first=0x0014161e)
[bwm-fps] frames_since_last=142 elapsed_ms=1027 instantaneous_fps=138
[heartbeat] tid=12 uptime_ms=40343
[freeze-watch] uptime_ms=40359 submits=16799 completes=16801 fails=0 last_completion_ms=40324 fps_last_5s=139 cpu=6 tid=3 ctx_switches=39537 timer_ticks_cpu0=32362 timer_ticks_cpu1=32465 timer_ticks_cpu2=32509 timer_ticks_cpu3=32444 timer_ticks_cpu4=32455 timer_ticks_cpu5=32449 timer_ticks_cpu6=32500 timer_ticks_cpu7=32510 rq_total=0 rq_cpu0=0 rq_cpu1=0 rq_cpu2=0 rq_cpu3=0 rq_cpu4=0 rq_cpu5=0 rq_cpu6=0 rq_cpu7=0 cur_cpu0=0 cur_cpu1=4 cur_cpu2=13 cur_cpu3=6 cur_cpu4=7 cur_cpu5=8 cur_cpu6=3 cur_cpu7=10 total_threads=16 blocked_threads=6 sched_lock=ok procmgr_lock=ok gpu_pci_lock=busy
[bwm-fps] frames_since_last=108 elapsed_ms=1021 instantaneous_fps=105
[heartbeat] tid=12 uptime_ms=41343
[bwm-fps] frames_since_last=148 elapsed_ms=1000 instantaneous_fps=148
[heartbeat] tid=12 uptime_ms=42343
[bwm-fps] frames_since_last=139 elapsed_ms=1020 instantaneous_fps=136
[heartbeat] tid=12 uptime_ms=43344
[timer] cpu0 ticks=35000
[virgl-composite] Frame #6000: 1280x960 → 1280x960 display (first1k: 1000 nonzero, first=0x0014161e)
[bwm-fps] frames_since_last=121 elapsed_ms=1006 instantaneous_fps=120
[heartbeat] tid=12 uptime_ms=44344
[bwm-fps] frames_since_last=163 elapsed_ms=1019 instantaneous_fps=159
[heartbeat] tid=12 uptime_ms=45344
[freeze-watch] uptime_ms=45361 submits=18899 completes=18902 fails=0 last_completion_ms=45359 fps_last_5s=140 cpu=3 tid=3 ctx_switches=44264 timer_ticks_cpu0=36518 timer_ticks_cpu1=36675 timer_ticks_cpu2=36643 timer_ticks_cpu3=36584 timer_ticks_cpu4=36607 timer_ticks_cpu5=36611 timer_ticks_cpu6=36669 timer_ticks_cpu7=36676 rq_total=0 rq_cpu0=0 rq_cpu1=0 rq_cpu2=0 rq_cpu3=0 rq_cpu4=0 rq_cpu5=0 rq_cpu6=0 rq_cpu7=0 cur_cpu0=13 cur_cpu1=4 cur_cpu2=5 cur_cpu3=3 cur_cpu4=7 cur_cpu5=8 cur_cpu6=9 cur_cpu7=10 total_threads=16 blocked_threads=6 sched_lock=ok procmgr_lock=ok gpu_pci_lock=ok
[bwm-fps] frames_since_last=107 elapsed_ms=1000 instantaneous_fps=107
[heartbeat] tid=12 uptime_ms=46345
[bwm-fps] frames_since_last=117 elapsed_ms=1019 instantaneous_fps=114
[heartbeat] tid=12 uptime_ms=47345
[virgl-composite] Frame #6500: 1280x960 → 1280x960 display (first1k: 1000 nonzero, first=0x0014161e)
[bwm-fps] frames_since_last=88 elapsed_ms=1003 instantaneous_fps=87
[heartbeat] tid=12 uptime_ms=48345
[bwm-fps] frames_since_last=130 elapsed_ms=1017 instantaneous_fps=127
[heartbeat] tid=12 uptime_ms=49346
[timer] cpu0 ticks=40000
[bwm-fps] frames_since_last=129 elapsed_ms=1003 instantaneous_fps=128
[heartbeat] tid=12 uptime_ms=50346
[freeze-watch] uptime_ms=50363 submits=20630 completes=20633 fails=0 last_completion_ms=50361 fps_last_5s=115 cpu=6 tid=3 ctx_switches=48187 timer_ticks_cpu0=40691 timer_ticks_cpu1=40853 timer_ticks_cpu2=40812 timer_ticks_cpu3=40763 timer_ticks_cpu4=40771 timer_ticks_cpu5=40757 timer_ticks_cpu6=40814 timer_ticks_cpu7=40829 rq_total=0 rq_cpu0=0 rq_cpu1=0 rq_cpu2=0 rq_cpu3=0 rq_cpu4=0 rq_cpu5=0 rq_cpu6=0 rq_cpu7=0 cur_cpu0=13 cur_cpu1=4 cur_cpu2=5 cur_cpu3=6 cur_cpu4=7 cur_cpu5=8 cur_cpu6=3 cur_cpu7=10 total_threads=16 blocked_threads=6 sched_lock=ok procmgr_lock=ok gpu_pci_lock=ok
[bwm-fps] frames_since_last=144 elapsed_ms=1000 instantaneous_fps=144
[heartbeat] tid=12 uptime_ms=51346
[virgl-composite] Frame #7000: 1280x960 → 1280x960 display (first1k: 1000 nonzero, first=0x0014161e)
[bwm-fps] frames_since_last=130 elapsed_ms=1050 instantaneous_fps=123
[heartbeat] tid=12 uptime_ms=52351
[bwm-fps] frames_since_last=123 elapsed_ms=1006 instantaneous_fps=122
[heartbeat] tid=12 uptime_ms=53351
[bwm-fps] frames_since_last=167 elapsed_ms=1003 instantaneous_fps=166
[heartbeat] tid=12 uptime_ms=54351
[virgl-composite] Frame #7500: 1280x960 → 1280x960 display (first1k: 1000 nonzero, first=0x0014161e)
[bwm-fps] frames_since_last=164 elapsed_ms=1001 instantaneous_fps=163
[heartbeat] tid=12 uptime_ms=55351
[freeze-watch] uptime_ms=55366 submits=22753 completes=22755 fails=0 last_completion_ms=55332 fps_last_5s=141 cpu=4 tid=3 ctx_switches=52942 timer_ticks_cpu0=44870 timer_ticks_cpu1=45007 timer_ticks_cpu2=44928 timer_ticks_cpu3=44891 timer_ticks_cpu4=44942 timer_ticks_cpu5=44913 timer_ticks_cpu6=44975 timer_ticks_cpu7=44987 rq_total=0 rq_cpu0=0 rq_cpu1=0 rq_cpu2=0 rq_cpu3=0 rq_cpu4=0 rq_cpu5=0 rq_cpu6=0 rq_cpu7=0 cur_cpu0=0 cur_cpu1=4 cur_cpu2=13 cur_cpu3=6 cur_cpu4=3 cur_cpu5=8 cur_cpu6=9 cur_cpu7=10 total_threads=16 blocked_threads=6 sched_lock=ok procmgr_lock=ok gpu_pci_lock=busy
[timer] cpu0 ticks=45000
[bwm-fps] frames_since_last=123 elapsed_ms=1002 instantaneous_fps=122
[heartbeat] tid=12 uptime_ms=56352
[bwm-fps] frames_since_last=113 elapsed_ms=1057 instantaneous_fps=106
[heartbeat] tid=12 uptime_ms=57353
[bwm-fps] frames_since_last=139 elapsed_ms=1021 instantaneous_fps=136
[heartbeat] tid=12 uptime_ms=58353
[virgl-composite] Frame #8000: 1280x960 → 1280x960 display (first1k: 1000 nonzero, first=0x0014161e)
[bwm-fps] frames_since_last=150 elapsed_ms=1071 instantaneous_fps=140
[heartbeat] tid=12 uptime_ms=59353
[bwm-fps] frames_since_last=121 elapsed_ms=1063 instantaneous_fps=113
[heartbeat] tid=12 uptime_ms=60354
[freeze-watch] uptime_ms=60368 submits=24610 completes=24612 fails=0 last_completion_ms=60342 fps_last_5s=123 cpu=7 tid=0 ctx_switches=57077 timer_ticks_cpu0=49066 timer_ticks_cpu1=49173 timer_ticks_cpu2=49159 timer_ticks_cpu3=49007 timer_ticks_cpu4=49078 timer_ticks_cpu5=49063 timer_ticks_cpu6=49129 timer_ticks_cpu7=49138 rq_total=0 rq_cpu0=0 rq_cpu1=0 rq_cpu2=0 rq_cpu3=0 rq_cpu4=0 rq_cpu5=0 rq_cpu6=0 rq_cpu7=0 cur_cpu0=0 cur_cpu1=0 cur_cpu2=0 cur_cpu3=0 cur_cpu4=0 cur_cpu5=0 cur_cpu6=0 cur_cpu7=0 total_threads=0 blocked_threads=0 sched_lock=busy procmgr_lock=ok gpu_pci_lock=busy
[bwm-fps] frames_since_last=137 elapsed_ms=1034 instantaneous_fps=132
[heartbeat] tid=12 uptime_ms=61354
[timer] cpu0 ticks=50000
[bwm-fps] frames_since_last=112 elapsed_ms=1002 instantaneous_fps=111
[heartbeat] tid=12 uptime_ms=62354
[virgl-composite] Frame #8500: 1280x960 → 1280x960 display (first1k: 1000 nonzero, first=0x0014161e)
[bwm-fps] frames_since_last=146 elapsed_ms=1000 instantaneous_fps=146
[heartbeat] tid=12 uptime_ms=63354
[bwm-fps] frames_since_last=154 elapsed_ms=1001 instantaneous_fps=153
[heartbeat] tid=12 uptime_ms=64355
[bwm-fps] frames_since_last=80 elapsed_ms=1037 instantaneous_fps=77
[heartbeat] tid=12 uptime_ms=65356
[freeze-watch] uptime_ms=65370 submits=26468 completes=26471 fails=0 last_completion_ms=65366 fps_last_5s=123 cpu=3 tid=3 ctx_switches=61240 timer_ticks_cpu0=53280 timer_ticks_cpu1=53361 timer_ticks_cpu2=53316 timer_ticks_cpu3=53133 timer_ticks_cpu4=53214 timer_ticks_cpu5=53206 timer_ticks_cpu6=53278 timer_ticks_cpu7=53291 rq_total=0 rq_cpu0=0 rq_cpu1=0 rq_cpu2=0 rq_cpu3=0 rq_cpu4=0 rq_cpu5=0 rq_cpu6=0 rq_cpu7=0 cur_cpu0=0 cur_cpu1=4 cur_cpu2=13 cur_cpu3=3 cur_cpu4=7 cur_cpu5=8 cur_cpu6=9 cur_cpu7=10 total_threads=16 blocked_threads=6 sched_lock=ok procmgr_lock=ok gpu_pci_lock=ok
[bwm-fps] frames_since_last=151 elapsed_ms=1000 instantaneous_fps=151
[heartbeat] tid=12 uptime_ms=66356
[virgl-composite] Frame #9000: 1280x960 → 1280x960 display (first1k: 1000 nonzero, first=0x0014161e)
[bwm-fps] frames_since_last=162 elapsed_ms=1002 instantaneous_fps=161
[heartbeat] tid=12 uptime_ms=67356
[timer] cpu0 ticks=55000
[heartbeat] tid=12 uptime_ms=68357
[bwm-fps] frames_since_last=172 elapsed_ms=1004 instantaneous_fps=171
[bwm-fps] frames_since_last=179 elapsed_ms=1000 instantaneous_fps=179
[heartbeat] tid=12 uptime_ms=69357
[virgl-composite] Frame #9500: 1280x960 → 1280x960 display (first1k: 1000 nonzero, first=0x0014161e)
[heartbeat] tid=12 uptime_ms=70358
[bwm-fps] frames_since_last=126 elapsed_ms=1003 instantaneous_fps=125
[freeze-watch] uptime_ms=70373 submits=28832 completes=28835 fails=0 last_completion_ms=70367 fps_last_5s=157 cpu=1 tid=3 ctx_switches=66383 timer_ticks_cpu0=57422 timer_ticks_cpu1=57496 timer_ticks_cpu2=57468 timer_ticks_cpu3=57306 timer_ticks_cpu4=57391 timer_ticks_cpu5=57383 timer_ticks_cpu6=57442 timer_ticks_cpu7=57457 rq_total=0 rq_cpu0=0 rq_cpu1=0 rq_cpu2=0 rq_cpu3=0 rq_cpu4=0 rq_cpu5=0 rq_cpu6=0 rq_cpu7=0 cur_cpu0=13 cur_cpu1=3 cur_cpu2=5 cur_cpu3=6 cur_cpu4=7 cur_cpu5=8 cur_cpu6=9 cur_cpu7=10 total_threads=16 blocked_threads=6 sched_lock=ok procmgr_lock=ok gpu_pci_lock=ok
[heartbeat] tid=12 uptime_ms=71358
[bwm-fps] frames_since_last=205 elapsed_ms=1002 instantaneous_fps=204
[heartbeat] tid=12 uptime_ms=72358
[bwm-fps] frames_since_last=146 elapsed_ms=1004 instantaneous_fps=145
[virgl-composite] Frame #10000: 1280x960 → 1280x960 display (first1k: 1000 nonzero, first=0x0014161e)
[heartbeat] tid=12 uptime_ms=73359
[bwm-fps] frames_since_last=111 elapsed_ms=1001 instantaneous_fps=110
[timer] cpu0 ticks=60000
[heartbeat] tid=12 uptime_ms=74362
[bwm-fps] frames_since_last=166 elapsed_ms=1003 instantaneous_fps=165
[heartbeat] tid=12 uptime_ms=75363
[freeze-watch] uptime_ms=75375 submits=31211 completes=31213 fails=0 last_completion_ms=75325 fps_last_5s=158 cpu=6 tid=0 ctx_switches=71659 timer_ticks_cpu0=61562 timer_ticks_cpu1=61646 timer_ticks_cpu2=61637 timer_ticks_cpu3=61459 timer_ticks_cpu4=61554 timer_ticks_cpu5=61559 timer_ticks_cpu6=61614 timer_ticks_cpu7=61630 rq_total=0 rq_cpu0=0 rq_cpu1=0 rq_cpu2=0 rq_cpu3=0 rq_cpu4=0 rq_cpu5=0 rq_cpu6=0 rq_cpu7=0 cur_cpu0=0 cur_cpu1=0 cur_cpu2=0 cur_cpu3=0 cur_cpu4=0 cur_cpu5=0 cur_cpu6=0 cur_cpu7=0 total_threads=0 blocked_threads=0 sched_lock=busy procmgr_lock=ok gpu_pci_lock=busy
[bwm-fps] frames_since_last=167 elapsed_ms=1013 instantaneous_fps=164
[virgl-composite] Frame #10500: 1280x960 → 1280x960 display (first1k: 1000 nonzero, first=0x0014161e)
[heartbeat] tid=12 uptime_ms=76364
[bwm-fps] frames_since_last=128 elapsed_ms=1003 instantaneous_fps=127
[heartbeat] tid=12 uptime_ms=77364
[bwm-fps] frames_since_last=167 elapsed_ms=1007 instantaneous_fps=165
[heartbeat] tid=12 uptime_ms=78364
[bwm-fps] frames_since_last=147 elapsed_ms=1031 instantaneous_fps=142
[heartbeat] tid=12 uptime_ms=79365
[bwm-fps] frames_since_last=121 elapsed_ms=1035 instantaneous_fps=116
[timer] cpu0 ticks=65000
[virgl-composite] Frame #11000: 1280x960 → 1280x960 display (first1k: 1000 nonzero, first=0x0014161e)
[heartbeat] tid=12 uptime_ms=80366
[freeze-watch] uptime_ms=80377 submits=33383 completes=33385 fails=0 last_completion_ms=80377 fps_last_5s=144 cpu=7 tid=3 ctx_switches=76508 timer_ticks_cpu0=65727 timer_ticks_cpu1=65775 timer_ticks_cpu2=65832 timer_ticks_cpu3=65607 timer_ticks_cpu4=65707 timer_ticks_cpu5=65722 timer_ticks_cpu6=65777 timer_ticks_cpu7=65800 rq_total=0 rq_cpu0=0 rq_cpu1=0 rq_cpu2=0 rq_cpu3=0 rq_cpu4=0 rq_cpu5=0 rq_cpu6=0 rq_cpu7=0 cur_cpu0=13 cur_cpu1=4 cur_cpu2=5 cur_cpu3=6 cur_cpu4=7 cur_cpu5=8 cur_cpu6=9 cur_cpu7=3 total_threads=16 blocked_threads=6 sched_lock=ok procmgr_lock=ok gpu_pci_lock=busy
[bwm-fps] frames_since_last=177 elapsed_ms=1004 instantaneous_fps=176
[heartbeat] tid=12 uptime_ms=81367
