Stopping the VM...
Failed to stop the VM: Unable to perform the operation because "breenix-1779184316" is not started. This operation can be performed for running virtual machines only.
Removing the VM...
The VM has been successfully removed.
Stopping the VM...
The VM has been forcibly stopped
Removing the VM...
The VM has been successfully removed.
Stopping the VM...
The VM has been forcibly stopped
Removing the VM...
The VM has been successfully removed.
Stopping the VM...
The VM has been forcibly stopped
Removing the VM...
Failed to remove the VM: The virtual machine could not be found. The virtual machine is not registered in the virtual machine directory on your Mac.
Stopping the VM...
The VM has been forcibly stopped
Removing the VM...
The VM has been successfully removed.
Stopping the VM...
The VM has been forcibly stopped
Removing the VM...
The VM has been successfully removed.
Stopping the VM...
The VM has been forcibly stopped
Removing the VM...
The VM has been successfully removed.
