The target architecture is set to "aarch64".
=== TURN7 AHCI POLLING ATTRIBUTION ENDPOINT STATE ===
warning: while parsing target description (at line 1): Target description specified unknown architecture "org.gnu.gdb.aarch64"
warning: Could not load XML target description; ignoring
warning: while parsing target description (at line 1): Target description specified unknown architecture "org.gnu.gdb.aarch64"
warning: Could not load XML target description; ignoring
0xffff000040173314 in idle_loop_arm64 ()
ahci_irq=34
ahci_isr_count=1125
ahci_isr_last_mpidr_aff0=0
ahci_polled_completion_count=72
ahci_polled_post_registration_count=70
ahci_polled_post_reg_pre_scheduler=70
ahci_polled_post_reg_scheduler_running=0
timer_tick_count_cpu0=81894
timer_tick_count_cpu1=81703
timer_tick_count_cpu2=81774
timer_tick_count_cpu3=81824
timer_tick_hw_count_cpu0=81894
timer_tick_hw_count_cpu1=81703
timer_tick_hw_count_cpu2=81774
timer_tick_hw_count_cpu3=81824
timer_interrupt_count=655718
[Inferior 1 (Remote target) detached]
