[ram] 6 regions:
[ram]   0x40000000 - 0xffff0000 (3071 MB)
[ram]   0x100000000 - 0x140000000 (1024 MB)
[ram]   0x140025000 - 0x23be0f000 (4029 MB)
[ram]   0x23c000000 - 0x23c020000 (0 MB)
[ram]   0x23c080000 - 0x23f550000 (52 MB)
[ram]   0x23f930000 - 0x240000000 (6 MB)
[kern] entry_phys=0x400998c0 load=0x40080000-0x50104000
[gop-serial] UART: base=0x2110000 type=0 (PL011)
[gop-serial] Enumerating GOP display modes:
[gop-serial]   Mode 0: 1024x768 format=BGR
[gop-serial] 1 modes total, best=786432 pixels
[gop-serial] Already at best mode: 1024x768
[gop-serial] Selected: 1024x768 stride=1024 base=0x10000000 size=0x300000
ZZ00000000400998c0BDMTIVL!J>12KPHEOS
========================================
  Breenix ARM64 Kernel Starting
  BUILD_ID: 006a0c24e60606
========================================

[boot] DIAG_MARKER_XHCI_A
[boot] DIAG_MARKER_XHCI_B
[boot] DIAG_MARKER_XHCI_C
[boot] loader xhci_hcrst_raw=0x0 ecam=0x2300000
[boot] Current exception level: EL1
[boot] MMU already enabled (high-half kernel)
[boot] Initializing memory management (0x44000000-0x50000000)...
[boot] Memory management ready
[boot] Initializing Generic Timer...
[boot] Timer frequency: 24000000 Hz (24 MHz)
[boot] Initializing PL031 RTC...
[boot] Current timestamp: 33533156
[boot] Initializing GIC...
[gic] GICR probe 0x02500000: WAKER=0x00000000 <<< VALID
[gic] GICD_CTLR wrote 0x53, readback=0x53
[gic] GICR_IGROUPR0: wrote 0xFFFFFFFF, readback=0xffffffff
[gic] ICC_CTLR_EL1: 0x40400 -> 0x40402 (EOImode=1)
[boot] GIC initialized (version 3)
[boot] Enabling UART interrupts...
[boot] Enabling GIC IRQ 33 (UART0)...
[uart] IMSC: 0x0 -> 0x50 (verify: 0x50)
[uart] FR=0x90 (RXFE=1), RIS=0x20
[gic] IRQ 33 state (GICv3):
  enabled=true, group1=true, pending=false
  priority=0xa0, GICD_CTLR=0x53
  ICC_PMR=0xf0
[boot] UART interrupts enabled
[boot] Enabling interrupts...
[boot] Interrupts enabled: true
[boot] Initializing device drivers...
[drivers] Initializing driver subsystem...
[drivers] PCI ECAM at 0x2300000, enumerating PCI bus...
[drivers] Found 7 PCI devices
[pci] 00:01.0 [8086:293e] class=04/03
[pci]   BAR0: 0x18008000 (16384)
[pci] 00:02.0 [8086:265c] class=0c/03
[pci]   BAR0: 0x18012000 (4096)
[pci]   BAR1: 0x0 (4096)
[pci]   BAR2: 0x0 (4096)
[pci]   BAR3: 0x0 (4096)
[pci]   BAR4: 0x0 (4096)
[pci]   BAR5: 0x0 (4096)
[pci] 00:03.0 [1033:0194] class=0c/03
[pci]   BAR0: 0x18011000 (4096)
[pci]   BAR1: 0x0 (4096)
[pci]   BAR2: 0x0 (4096)
[pci]   BAR3: 0x0 (4096)
[pci]   BAR4: 0x0 (4096)
[pci]   BAR5: 0x0 (4096)
[pci] 00:05.0 [1af4:1000] class=02/00
[pci]   BAR0: 0x18010000 (4096)
[pci]   BAR1: 0x1800f000 (4096)
[pci] 00:09.0 [1ab8:4000] class=ff/00
[pci]   BAR0: 0x1800e000 (4096)
[pci] 00:0a.0 [1af4:1050] class=03/00
[pci]   BAR0: 0x10000000 (134217728)
[pci]   BAR1: 0x1800d000 (4096)
[pci]   BAR4: 0x18004000 (16384)
[pci] 00:0e.0 [1af4:1053] class=07/80
[pci]   BAR1: 0x1800c000 (4096)
[pci]   BAR4: 0x18000000 (16384)
[drivers] Found 2 VirtIO PCI devices
[virtio-gpu-pci] Device features: 0x0000000100000001
[virtio-gpu-pci] VIRGL offered: true
[virtio-gpu-pci] Negotiated: 0x0000000100000001 (VIRGL=true)
[virtio-gpu-pci] VIRGL_ENABLED stored=true, readback=true, addr=0xffff000041201a80
[pci] 00:0a.0: capabilities:
  cap 0x11 (MSI-X) @ 0xb0: dw0=0x0001bc11 dw1=0x00000001
  cap 0x09 (?) @ 0xbc: dw0=0x0410cc09 dw1=0x00000004
  cap 0x09 (?) @ 0xcc: dw0=0x0310dc09 dw1=0x00000004
  cap 0x09 (?) @ 0xdc: dw0=0x0214f009 dw1=0x00000004
  cap 0x09 (?) @ 0xf0: dw0=0x01100009 dw1=0x00000004
[gicv2m] MSI_TYPER raw=0x80350040 -> base_spi=53, num_spi=64
[virtio-gpu-pci] MSI-X cap at 0xb0: 2 vectors
[virtio-gpu-pci] MSI-X enabled: SPI 53 doorbell=0x2250040 vectors=2
[virtio-gpu-pci] config_msix_vector: wrote=0x0 readback=0x0
[virtio-gpu-pci] Device has 2 queues
[virtio-gpu-pci] Queue 0 msix_vector: wrote=0x0 readback=0x0
[virtio-gpu-pci] Queue 1 msix_vector: wrote=0x0 readback=0x0
[virtio-gpu-pci] Cursor queue (q1) set up: size=16
[virtio-gpu-pci] Config: num_scanouts=16, num_capsets=1
[virtio-gpu-pci] Clearing pending DISPLAY event (events_read=0x1)
[virtio-gpu-pci] Capset 0: id=2, max_ver=2, max_size=768
[virtio-gpu-pci] GET_CAPSET(id=2, ver=2): resp=0x1103
[virtio-gpu-pci] Display reports: 1280x960
[virtio-gpu-pci] Resolution: 1280x960 (display=1280x960, GOP=1024x768, min=1280x960)
[virtio-gpu-pci] 2D resource created and scanout set
[virtio-gpu-pci] MSI-X configured (SPI=53, deferred enable after VirGL init)
[virtio-gpu-pci] Initialized: 1280x960
[drivers] VirtIO GPU (PCI) initialized
[virgl] Initializing VirGL 3D pipeline...
[virgl] 3D framebuffer backing: heap ptr=0xffff0000502e2000, phys=0x502e2000, size=4915200
[virgl] Step 1: context created
[virgl] Step 2: 3D resource created (1280x960, bind=0x0014000a)
[virgl] attach_backing: phys=0x502e2000, len=4915200, nr_pages=1200
[virgl] attach_backing: sending 3-desc chain: hdr=0x40251000(32B), entries=0x50792000(19200B)
[virgl] attach_backing: OK (1200 pages attached)
[virgl] Step 3: backing attached
[virgl] Step 4: resource attached to context
[virgl] Step 5: resource primed
[virgl] SUBMIT_3D OK: id=1 used_len=0 resp_flags=0x1 resp_fence=1
[virgl] Step 6: VirGL CLEAR (cornflower blue)
[virgl] Step 7: SET_SCANOUT + RESOURCE_FLUSH done
[virgl] Step 7: VB resource created (no backing, INLINE_WRITE only)
[virgl-composite] Texture backing: heap ptr=0xffff000050792000, phys=0x50792000, 1280x960 (4915200B, 1200 pages)
[virgl] attach_backing: phys=0x50792000, len=4915200, nr_pages=1200
[virgl] attach_backing: sending 3-desc chain: hdr=0x40251000(32B), entries=0x50c42000(19200B)
[virgl] attach_backing: OK (1200 pages attached)
[virgl-composite] Texture resource initialized (id=5)
[virgl] attach_backing: phys=0x50c42000, len=4915200, nr_pages=1200
[virgl] attach_backing: sending 3-desc chain: hdr=0x40251000(32B), entries=0x510f2000(19200B)
[virgl] attach_backing: OK (1200 pages attached)
[virgl-pool] Pre-allocated slot=0 res_id=10 1280x960
[virgl] attach_backing: phys=0x510f2000, len=4915200, nr_pages=1200
[virgl] attach_backing: sending 3-desc chain: hdr=0x40251000(32B), entries=0x515a2000(19200B)
[virgl] attach_backing: OK (1200 pages attached)
[virgl-pool] Pre-allocated slot=1 res_id=11 1280x960
[virgl] attach_backing: phys=0x515a2000, len=4915200, nr_pages=1200
[virgl] attach_backing: sending 3-desc chain: hdr=0x40251000(32B), entries=0x51a52000(19200B)
[virgl] attach_backing: OK (1200 pages attached)
[virgl-pool] Pre-allocated slot=2 res_id=12 1280x960
[virgl] attach_backing: phys=0x51a52000, len=4915200, nr_pages=1200
[virgl] attach_backing: sending 3-desc chain: hdr=0x40251000(32B), entries=0x51f02000(19200B)
[virgl] attach_backing: OK (1200 pages attached)
[virgl-pool] Pre-allocated slot=3 res_id=13 1280x960
[virgl] attach_backing: phys=0x51f02000, len=4915200, nr_pages=1200
[virgl] attach_backing: sending 3-desc chain: hdr=0x40251000(32B), entries=0x523b2000(19200B)
[virgl] attach_backing: OK (1200 pages attached)
[virgl-pool] Pre-allocated slot=4 res_id=14 1280x960
[virgl] attach_backing: phys=0x523b2000, len=4915200, nr_pages=1200
[virgl] attach_backing: sending 3-desc chain: hdr=0x40251000(32B), entries=0x52862000(19200B)
[virgl] attach_backing: OK (1200 pages attached)
[virgl-pool] Pre-allocated slot=5 res_id=15 1280x960
[virgl] attach_backing: phys=0x52862000, len=4915200, nr_pages=1200
[virgl] attach_backing: sending 3-desc chain: hdr=0x40251000(32B), entries=0x52d12000(19200B)
[virgl] attach_backing: OK (1200 pages attached)
[virgl-pool] Pre-allocated slot=6 res_id=16 1280x960
[virgl] attach_backing: phys=0x52d12000, len=4915200, nr_pages=1200
[virgl] attach_backing: sending 3-desc chain: hdr=0x40251000(32B), entries=0x531c2000(19200B)
[virgl] attach_backing: OK (1200 pages attached)
[virgl-pool] Pre-allocated slot=7 res_id=17 1280x960
[virgl] attach_backing: phys=0x531c2000, len=8192, nr_pages=2
[virgl] attach_backing: sending 3-desc chain: hdr=0x40251000(32B), entries=0x502e0040(32B)
[virgl] attach_backing: OK (2 pages attached)
[virgl-cursor] Cursor texture initialized (id=6, 16x80, 5 shapes)
[virgl] attach_backing: phys=0x531c4000, len=4096, nr_pages=1
[virgl] attach_backing: sending 3-desc chain: hdr=0x40251000(32B), entries=0x502e0040(16B)
[virgl] attach_backing: OK (1 pages attached)
[virgl-dimmer] Dimmer texture initialized (id=7, 4x4)
[virgl] Step 8: Compositor texture initialized
[virgl] Step 9: full pipeline+draw batch (191 DWORDs)
[virgl] SUBMIT_3D OK: id=2 used_len=0 resp_flags=0x1 resp_fence=2
[virgl] Step 10: SET_SCANOUT + RESOURCE_FLUSH
[virgl] VirGL 3D pipeline initialized successfully
[drivers] VirGL 3D acceleration active
[drivers] Compositor backend: VirGL
[virtio-gpu-pci] MSI-X SPI 53 enabled — interrupt-driven GPU wake active
[virtio-net-pci] Searching for VirtIO network device on PCI bus...
[virtio-net-pci] Found at 00:05.0 [1af4:1000]
[virtio-net-pci] BAR0: phys=0x18010000 virt=0xffff000018010000 size=4096
[virtio-net-pci] Device features: 0x6187bfa3
[virtio-net-pci] MAC: 00:1c:42:d7:a4:ab
[virtio-net-pci] Queue 0 max size: 256
[virtio-net-pci] Queue 0 PFN=0x4120f (phys=0x4120f000)
[virtio-net-pci] Queue 1 max size: 256
[virtio-net-pci] Queue 1 PFN=0x41212 (phys=0x41212000)
[pci] 00:05.0: capabilities:
  cap 0x10 (PCIe) @ 0x48: dw0=0x00024010 dw1=0x00000fc0
  cap 0x01 (PM) @ 0x40: dw0=0x0022f401 dw1=0x00000000
  cap 0x11 (MSI-X) @ 0xf4: dw0=0x00020011 dw1=0x00000001
[virtio-net-pci] MSI-X cap at 0xf4: 3 vectors
[virtio-net-pci] MSI-X vector assignments: cfg=0xffff rx=0x0
[virtio-net-pci] MSI-X enabled: SPI 54 doorbell=0x2250040 vectors=3
[virtio-net-pci] Network device initialized successfully
[drivers] VirtIO network (PCI) initialized
[drivers] SVGA3 init skipped: SVGA3 device not found
[drivers] Found XHCI at 00:03.0 [1033:0194]
[xhci] DMA addrs: DCBAA=0x41228000 CMD_RING=0x41229000 EVT_RING=0x41239000 ERST=0x412af240
[xhci] Regs: USBCMD=0x5 USBSTS=0x0 CRCR=0x0 DCBAAP=0x41228000
[xhci] IR0: IMAN=0x2 ERDP=0x41239000 ERSTBA=0x412af240
[xhci] Port scan: 14 ports
[xhci]   port 1: PORTSC=0x00021203 CCS=1 PED=1 speed=4
[xhci]   port 2: PORTSC=0x00021203 CCS=1 PED=1 speed=4
[xhci]   port 3: PORTSC=0x00021203 CCS=1 PED=1 speed=4
[xhci]   port 4: PORTSC=0x000002a0 CCS=0 PED=0 speed=0
[xhci]   port 5: PORTSC=0x000002a0 CCS=0 PED=0 speed=0
[xhci]   port 6: PORTSC=0x000002a0 CCS=0 PED=0 speed=0
[xhci]   port 7: PORTSC=0x000002a0 CCS=0 PED=0 speed=0
[xhci]   port 8: PORTSC=0x000002a0 CCS=0 PED=0 speed=0
[xhci]   port 9: PORTSC=0x000002a0 CCS=0 PED=0 speed=0
[xhci]   port 10: PORTSC=0x000002a0 CCS=0 PED=0 speed=0
[xhci]   port 11: PORTSC=0x000002a0 CCS=0 PED=0 speed=0
[xhci]   port 12: PORTSC=0x000002a0 CCS=0 PED=0 speed=0
[xhci]   port 13: PORTSC=0x000002a0 CCS=0 PED=0 speed=0
[xhci]   port 14: PORTSC=0x000002a0 CCS=0 PED=0 speed=0
[xhci] port 1 connected: PORTSC=0x00001203 PED=1 speed=4
[xhci] port 1 EnableSlot -> slot 1
[xhci] port 1 AddressDevice OK (slot 1)
[xhci] slot1: vid=0x203a pid=0xfffc class=0x00/0x00/0x00
[xhci] slot1 iface0: class=0x03 sub=0x00 proto=0x02 numEP=1
[xhci] HID iface: proto=2 subclass=0 -> mouse (hid_idx=1)
[xhci] slot1 iface1: class=0x03 sub=0x00 proto=0x02 numEP=1
[xhci] HID iface: proto=2 subclass=0 -> mouse (hid_idx=3)
[xhci] port 2 connected: PORTSC=0x00001203 PED=1 speed=4
[xhci] port 2 EnableSlot -> slot 2
[xhci] port 2 AddressDevice OK (slot 2)
[xhci] slot2: vid=0x203a pid=0xfffb class=0x00/0x00/0x00
[xhci] slot2 iface0: class=0x03 sub=0x01 proto=0x01 numEP=1
[xhci] HID iface: proto=1 subclass=1 -> keyboard (hid_idx=0)
[xhci] slot2 iface1: class=0x03 sub=0x00 proto=0x00 numEP=1
[xhci] HID iface: proto=0 subclass=0 -> NKRO (hid_idx=2)
[xhci] port 3 connected: PORTSC=0x00001203 PED=1 speed=4
[xhci] port 3 EnableSlot -> slot 3
[xhci] port 3 AddressDevice OK (slot 3)
[xhci] start_hid_polling: kbd=slot2/dci3 nkro=dci5 mouse=slot1/dci3 mouse2=dci5
[xhci] Initialized: 32 slots, MSI irq=55
[drivers] XHCI USB controller initialized
[ahci] Platform AHCI at phys 0x2140000, virt 0xffff000002140000
[ahci] HBA version 1.256, 6 ports, 32 cmd slots, PI=0x0000003f
[ahci] Port 0: Sata, 131072 sectors (64 MB)
[ahci] Port 1: Sata, 524288 sectors (256 MB)
[ahci] IRQ probe: using port 0 dma_index 0
[ahci] IRQ probe: ISPENDR before=[0x00800000, 0x00000000, 0x00000000] after=[0x00800004, 0x00000000, 0x00000000]
[ahci] IRQ probe: PORT_IS=0x00000001 (should have D2H bit set)
[ahci] Platform IRQ probe: discovered SPI 34
[ahci] Platform IRQ enabled: SPI 34 (wired, level-triggered, CPU0)
[drivers] AHCI initialized (platform MMIO): 2 SATA device(s)
[drivers] Driver subsystem initialized (PCI)
[boot] Found 7 devices
[boot] Initializing network stack...
[net] Initializing network stack...
[net] Using VirtIO net PCI driver (Parallels)
[net] MAC address: 00:1c:42:d7:a4:ab
NET: IP address: 10.211.55.100
NET: Gateway: 10.211.55.1
Network stack initialized
NET: Sending ARP request for gateway 10.211.55.1
ARP request sent successfully
[virtio-net-pci] RX diag: used_idx=1 last_used=0 avail_idx=4 isr=0x0 msi_count=0
[virtio-net-pci] RX diag: used_idx=1 last_used=1 avail_idx=8 isr=0x0 msi_count=0
NET: ARP resolved gateway MAC: 00:1c:42:00:00:18
NET: Sending ICMP echo request to gateway 10.211.55.1
[net] ICMP echo reply received from 10.211.55.1 seq=1
NET: Network initialization complete
[virtio-net-pci] MSI-X SPI 54 enabled (post-init)
[boot] Initializing filesystem...
[ext2] No VirtIO block device, trying AHCI...
[ext2] AHCI device 0: 131072 sectors (64 MB)
[ext2] AHCI device 0: not ext2 (magic=0x0064)
[ext2] AHCI device 1: 524288 sectors (256 MB)
[ext2] Found ext2 superblock on AHCI device 1
[boot] ext2 root filesystem mounted
[boot] No home filesystem: No home block device available (expected at device index 3 or 1) (continuing)
[boot] devfs initialized at /dev
[boot] devptsfs initialized at /dev/pts
[boot] CPU detected: ARM Unknown
[boot] procfs initialized at /proc
[boot] TTY subsystem initialized
[boot] Initializing graphics...
[boot] VirGL active — skipping GOP framebuffer init (2D resource already set up in gpu_pci::init)
[boot] FB_INFO_CACHE populated for VirGL display (1280x960)
[boot] USB HID input active via XHCI (polled from timer)
[boot] Initializing per-CPU data...
[boot] Per-CPU data initialized
[boot] Initializing process manager...
[boot] Process manager initialized
[boot] Initializing scheduler...
[boot] Scheduler initialized
[boot] Workqueue subsystem initialized
[boot] Softirq subsystem initialized
[boot] Render thread skipped — VirGL owns the display
[boot] Tracing subsystem initialized and enabled
[boot] Pre-loading /sbin/init from ext2 (before timer)...
[boot] Init binary pre-loaded: 296824 bytes
[boot] Initializing timer interrupt...
[timer] Timer configured for ~1000 Hz (24000 ticks per interrupt)
[timer] Using virtual timer (PPI 27)
[boot] Timer interrupt initialized
[smp] CPU 0 MPIDR=0x80000000, stack_base=0x43000000
[smp] GICR covers 8 redistributors, probing CPUs 1..8
[smp] Probing secondary CPUs via PSCI...
T1[sm1@p1A]B CDCEPeFUG 11: PSCI CPU_ON success
[gic] 2@1IABCCDCEe_FGCT2LR_EL1: 0x40400 -> 0x40402 (EOImode=1)
[smp] CPU 2: PSCI CPU_ON success
[gi3@1cAB]CD EeIFGC3C_CTLR_EL1: 0x40400 -> 0x40402 (EOImode=1)
[smp] CPU 3: PSCI CPU_ON success
T2[gic] ICC4_@CT1LR_AEBCLDE1e:FG 40x40400 -> 0x40402 (EOImode=1)
[smp] CPU 4: PSCI CPU_ON success
[gic]5@ 1AIBCCDCEe_FGC5TLR_EL1: 0x40400 -> 0x40402 (EOImode=1)
[gic] ICC_CTLR_EL1: 0x40400 -> 0x40402 (EOImode=1)
[smp] CPU 5: PSCI CPU_ON success
T3[s6m@1pAB]CD EeCFGPU6 6: PSCI CPU_ON success
[gic] I7C@1CAB_CDCETeFLGR7_EL1: 0x40400 -> 0x40402 (EOImode=1)
[smp] CPU 7: PSCI CPU_ON success
[gic] ICC_CTLR_EL1: 0x40400 -> T40x40402 (EOImode=1)
[smp] 8 CPUs online

========================================
  Breenix ARM64 Boot Complete!
========================================

Hello from ARM64!
T5
[boot] Launching init from pre-loaded ELF...
manager.create_process_with_argv [ARM64]: ENTRY - name='init', elf_size=296824, argc=1
manager.create_process_with_argv [ARM64]: Generated PID 1
manager.create_process_with_argv [ARM64]: Creating ProcessPageTable
manager.create_process_with_argv [ARM64]: Loading ELF into page table
manager.create_process_with_argv [ARM64]: ELF loaded, entry=0x4000f1f0
manager.create_process_with_argv [ARM64]: Allocating user stack
manager.create_process_with_argv [ARM64]: User stack will be at 0xfffffeff0000-0xffffff000000
manager.create_process_with_argv [ARM64]: argc/argv set up on stack, SP=0xfffffefffed0
manager.create_process_with_argv [ARM64]: SUCCESS - returning PID 1
[boot] Reset 8 idle thread contexts (CPUs online: 8)
T6T7EL0_SYSCALL: First syscall from userspace (SPSR confirms EL0)
[ OK ] syscall path verified
[init] Breenix init starting (PID 1)
T8T9[spawn] path='/bin/heartbeat'
T0manager.create_process_with_argv [ARM64]: ENTRY - name='heartbeat', elf_size=290168, argc=1
manager.create_process_with_argv [ARM64]: Generated PID 2
manager.create_process_with_argv [ARM64]: Creating ProcessPageTable
manager.create_process_with_argv [ARM64]: Loading ELF into page table
manager.create_process_with_argv [ARM64]: ELF loaded, entry=0x4000edac
manager.create_process_with_argv [ARM64]: Allocating user stack
manager.create_process_with_argv [ARM64]: User stack will be at 0xfffffeff0000-0xffffff000000
manager.create_process_with_argv [ARM64]: argc/argv set up on stack, SP=0xfffffefffed0
manager.create_process_with_argv [ARM64]: SUCCESS - returning PID 2
[spawn] Created child PID 2 for parent PID 1
[spawn] Success: child PID 2 scheduled
[heartbeat] tid=12 uptime_ms=1509
[spawn] path='/bin/bwm'
manager.create_process_with_argv [ARM64]: ENTRY - name='bwm', elf_size=433320, argc=1
manager.create_process_with_argv [ARM64]: Generated PID 3
manager.create_process_with_argv [ARM64]: Creating ProcessPageTable
manager.create_process_with_argv [ARM64]: Loading ELF into page table
manager.create_process_with_argv [ARM64]: ELF loaded, entry=0x400190b8
manager.create_process_with_argv [ARM64]: Allocating user stack
manager.create_process_with_argv [ARM64]: User stack will be at 0xfffffeff0000-0xffffff000000
manager.create_process_with_argv [ARM64]: argc/argv set up on stack, SP=0xfffffefffee0
manager.create_process_with_argv [ARM64]: SUCCESS - returning PID 3
[spawn] Created child PID 3 for parent PID 1
[spawn] Success: child PID 3 scheduled
[bwm] Breenix Window Manager starting... (v2-chromeless-skip)
[virgl-composite] Frame #0: 1x1 → 1280x960 display (first1k: 1 nonzero, first=0xff000000)
[bwm] GPU compositing mode (VirGL), display: 1280x960
[compositor] Mapped compositor buffer into process: virt=0x7ffffdb4e000, 1280x960, 1200 pages (backend=VirGL)
[bwm] Direct compositor mapping: 1280x960 at 0x7ffffdb4e000
[bwm] using bitmap font fallback for early boot
[bwm] hotkeys: using built-in defaults for early boot
[virgl-composite] Frame #1: 1280x960 → 1280x960 display (first1k: 1000 nonzero, first=0x00121832)
[virgl-composite] Frame #2: 1280x960 → 1280x960 display (first1k: 1000 nonzero, first=0x00121832)
[spawn] path='/sbin/telnetd'
manager.create_process_with_argv [ARM64]: ENTRY - name='telnetd', elf_size=298672, argc=1
manager.create_process_with_argv [ARM64]: Generated PID 4
manager.create_process_with_argv [ARM64]: Creating ProcessPageTable
manager.create_process_with_argv [ARM64]: Loading ELF into page table
manager.create_process_with_argv [ARM64]: ELF loaded, entry=0x4000fdd0
manager.create_process_with_argv [ARM64]: Allocating user stack
manager.create_process_with_argv [ARM64]: User stack will be at 0xfffffeff0000-0xffffff000000
manager.create_process_with_argv [ARM64]: argc/argv set up on stack, SP=0xfffffefffed0
manager.create_process_with_argv [ARM64]: SUCCESS - returning PID 4
[spawn] Created child PID 4 for parent PID 1
[spawn] Success: child PID 4 scheduled
TELNETD_STARTING
TELNETD_LISTENING
[init] Boot script completed
[spawn] path='/bin/bsshd'
manager.create_process_with_argv [ARM64]: ENTRY - name='bsshd', elf_size=441064, argc=1
manager.create_process_with_argv [ARM64]: Generated PID 5
manager.create_process_with_argv [ARM64]: Creating ProcessPageTable
manager.create_process_with_argv [ARM64]: Loading ELF into page table
manager.create_process_with_argv [ARM64]: ELF loaded, entry=0x4001c39c
manager.create_process_with_argv [ARM64]: Allocating user stack
manager.create_process_with_argv [ARM64]: User stack will be at 0xfffffeff0000-0xffffff000000
manager.create_process_with_argv [ARM64]: argc/argv set up on stack, SP=0xfffffefffed0
manager.create_process_with_argv [ARM64]: SUCCESS - returning PID 5
[spawn] Created child PID 5 for parent PID 1
[spawn] Success: child PID 5 scheduled
[init] bssbsshd: starting on port 2222
hd started (PID 5)
bsshd: listening on 0.0.0.0:2222
[freeze-watch] uptime_ms=1973 submits=71 completes=74 fails=0 last_completion_ms=1775 fps_last_5s=6 cpu=0 tid=3 ctx_switches=1589 timer_ticks_cpu0=295 timer_ticks_cpu1=411 timer_ticks_cpu2=421 timer_ticks_cpu3=418 timer_ticks_cpu4=420 timer_ticks_cpu5=416 timer_ticks_cpu6=414 timer_ticks_cpu7=412 rq_total=0 rq_cpu0=0 rq_cpu1=0 rq_cpu2=0 rq_cpu3=0 rq_cpu4=0 rq_cpu5=0 rq_cpu6=0 rq_cpu7=0 cur_cpu0=3 cur_cpu1=4 cur_cpu2=5 cur_cpu3=6 cur_cpu4=7 cur_cpu5=8 cur_cpu6=9 cur_cpu7=10 total_threads=15 blocked_threads=6 sched_lock=ok procmgr_lock=ok gpu_pci_lock=ok
[spawn] path='/bin/bounce'
manager.create_process_with_argv [ARM64]: ENTRY - name='bounce', elf_size=388128, argc=1
manager.create_process_with_argv [ARM64]: Generated PID 6
manager.create_process_with_argv [ARM64]: Creating ProcessPageTable
manager.create_process_with_argv [ARM64]: Loading ELF into page table
manager.create_process_with_argv [ARM64]: ELF loaded, entry=0x400188f4
manager.create_process_with_argv [ARM64]: Allocating user stack
manager.create_process_with_argv [ARM64]: User stack will be at 0xfffffeff0000-0xffffff000000
manager.create_process_with_argv [ARM64]: argc/argv set up on stack, SP=0xfffffefffed0
manager.create_process_with_argv [ARM64]: SUCCESS - returning PID 6
[spawn] Created child PID 6 for parent PID 1
[spawn] Success: child PID 6 scheduled
Bounce spheres demo starting (for Gus!) [boot_id=000000007c34f746]
[window] create_window_buffer: 400x300 (480000 bytes, 118 pages)
[init] bounce started (PID 6)
[window] Created buffer id=1 for pid=6: 400x300 at virt=0x7ffffdf86000 phys=0x44173000
[[bwm] Discovered wibounce] Window mode: id=1 400x300 [boot_id=000000007c34f746]
ndow 'Bounce' (id=1, 400x300) at (30,38)
[compositor] Mapped window 1 into BWM: virt=0x7ffffdad4000, 400x300, 118 pages
[freeze-watch] uptime_ms=2477 submits=186 completes=188 fails=0 last_completion_ms=2471 fps_last_5s=75 cpu=3 tid=3 ctx_switches=2311 timer_ticks_cpu0=660 timer_ticks_cpu1=829 timer_ticks_cpu2=831 timer_ticks_cpu3=840 timer_ticks_cpu4=832 timer_ticks_cpu5=830 timer_ticks_cpu6=825 timer_ticks_cpu7=823 rq_total=0 rq_cpu0=0 rq_cpu1=0 rq_cpu2=0 rq_cpu3=0 rq_cpu4=0 rq_cpu5=0 rq_cpu6=0 rq_cpu7=0 cur_cpu0=0 cur_cpu1=13 cur_cpu2=5 cur_cpu3=3 cur_cpu4=7 cur_cpu5=8 cur_cpu6=9 cur_cpu7=10 total_threads=16 blocked_threads=6 sched_lock=ok procmgr_lock=ok gpu_pci_lock=busy
[heartbeat] tid=12 uptime_ms=2510
[bwm-fps] frames_since_last=58 elapsed_ms=1012 instantaneous_fps=57
[freeze-watch] uptime_ms=2981 submits=314 completes=317 fails=0 last_completion_ms=2978 fps_last_5s=85 cpu=6 tid=0 ctx_switches=2621 timer_ticks_cpu0=1070 timer_ticks_cpu1=1240 timer_ticks_cpu2=1255 timer_ticks_cpu3=1262 timer_ticks_cpu4=1240 timer_ticks_cpu5=1238 timer_ticks_cpu6=1234 timer_ticks_cpu7=1233 rq_total=0 rq_cpu0=0 rq_cpu1=0 rq_cpu2=0 rq_cpu3=0 rq_cpu4=0 rq_cpu5=0 rq_cpu6=0 rq_cpu7=0 cur_cpu0=0 cur_cpu1=0 cur_cpu2=0 cur_cpu3=0 cur_cpu4=0 cur_cpu5=0 cur_cpu6=0 cur_cpu7=0 total_threads=0 blocked_threads=0 sched_lock=busy procmgr_lock=ok gpu_pci_lock=ok
[freeze-watch] uptime_ms=3485 submits=502 completes=504 fails=0 last_completion_ms=3454 fps_last_5s=123 cpu=0 tid=3 ctx_switches=3033 timer_ticks_cpu0=1483 timer_ticks_cpu1=1650 timer_ticks_cpu2=1672 timer_ticks_cpu3=1677 timer_ticks_cpu4=1654 timer_ticks_cpu5=1649 timer_ticks_cpu6=1643 timer_ticks_cpu7=1646 rq_total=0 rq_cpu0=0 rq_cpu1=0 rq_cpu2=0 rq_cpu3=0 rq_cpu4=0 rq_cpu5=0 rq_cpu6=0 rq_cpu7=0 cur_cpu0=3 cur_cpu1=4 cur_cpu2=13 cur_cpu3=6 cur_cpu4=7 cur_cpu5=8 cur_cpu6=9 cur_cpu7=10 total_threads=16 blocked_threads=6 sched_lock=ok procmgr_lock=ok gpu_pci_lock=busy
[heartbeat] tid=12 uptime_ms=3511
[bwm-fps] frames_since_last=108 elapsed_ms=1000 instantaneous_fps=108
[freeze-watch] uptime_ms=3992 submits=674 completes=677 fails=0 last_completion_ms=3990 fps_last_5s=114 cpu=1 tid=0 ctx_switches=3448 timer_ticks_cpu0=1898 timer_ticks_cpu1=2068 timer_ticks_cpu2=2084 timer_ticks_cpu3=2098 timer_ticks_cpu4=2071 timer_ticks_cpu5=2063 timer_ticks_cpu6=2056 timer_ticks_cpu7=2058 rq_total=0 rq_cpu0=0 rq_cpu1=0 rq_cpu2=0 rq_cpu3=0 rq_cpu4=0 rq_cpu5=0 rq_cpu6=0 rq_cpu7=0 cur_cpu0=0 cur_cpu1=0 cur_cpu2=0 cur_cpu3=0 cur_cpu4=0 cur_cpu5=0 cur_cpu6=0 cur_cpu7=0 total_threads=0 blocked_threads=0 sched_lock=busy procmgr_lock=ok gpu_pci_lock=ok
[freeze-watch] uptime_ms=4496 submits=839 completes=841 fails=0 last_completion_ms=4496 fps_last_5s=107 cpu=5 tid=3 ctx_switches=3825 timer_ticks_cpu0=2312 timer_ticks_cpu1=2480 timer_ticks_cpu2=2494 timer_ticks_cpu3=2511 timer_ticks_cpu4=2500 timer_ticks_cpu5=2474 timer_ticks_cpu6=2468 timer_ticks_cpu7=2472 rq_total=0 rq_cpu0=0 rq_cpu1=0 rq_cpu2=0 rq_cpu3=0 rq_cpu4=0 rq_cpu5=0 rq_cpu6=0 rq_cpu7=0 cur_cpu0=13 cur_cpu1=4 cur_cpu2=5 cur_cpu3=6 cur_cpu4=7 cur_cpu5=3 cur_cpu6=9 cur_cpu7=10 total_threads=16 blocked_threads=6 sched_lock=ok procmgr_lock=ok gpu_pci_lock=busy
[heartbeat] tid=12 uptime_ms=4512
[bwm-fps] frames_since_last=120 elapsed_ms=1005 instantaneous_fps=119
[freeze-watch] uptime_ms=5000 submits=1046 completes=1049 fails=0 last_completion_ms=4999 fps_last_5s=138 cpu=1 tid=3 ctx_switches=4292 timer_ticks_cpu0=2725 timer_ticks_cpu1=2891 timer_ticks_cpu2=2908 timer_ticks_cpu3=2918 timer_ticks_cpu4=2910 timer_ticks_cpu5=2885 timer_ticks_cpu6=2882 timer_ticks_cpu7=2886 rq_total=0 rq_cpu0=0 rq_cpu1=0 rq_cpu2=0 rq_cpu3=0 rq_cpu4=0 rq_cpu5=0 rq_cpu6=0 rq_cpu7=0 cur_cpu0=0 cur_cpu1=3 cur_cpu2=5 cur_cpu3=6 cur_cpu4=7 cur_cpu5=8 cur_cpu6=9 cur_cpu7=10 total_threads=16 blocked_threads=6 sched_lock=ok procmgr_lock=ok gpu_pci_lock=ok
[freeze-watch] uptime_ms=5504 submits=1250 completes=1253 fails=0 last_completion_ms=5501 fps_last_5s=134 cpu=3 tid=3 ctx_switches=4752 timer_ticks_cpu0=3139 timer_ticks_cpu1=3302 timer_ticks_cpu2=3323 timer_ticks_cpu3=3329 timer_ticks_cpu4=3324 timer_ticks_cpu5=3296 timer_ticks_cpu6=3299 timer_ticks_cpu7=3301 rq_total=0 rq_cpu0=0 rq_cpu1=0 rq_cpu2=0 rq_cpu3=0 rq_cpu4=0 rq_cpu5=0 rq_cpu6=0 rq_cpu7=0 cur_cpu0=0 cur_cpu1=4 cur_cpu2=5 cur_cpu3=3 cur_cpu4=7 cur_cpu5=8 cur_cpu6=9 cur_cpu7=10 total_threads=16 blocked_threads=6 sched_lock=ok procmgr_lock=ok gpu_pci_lock=ok
[heartbeat] tid=12 uptime_ms=5512
[bwm-fps] frames_since_last=134 elapsed_ms=1026 instantaneous_fps=130
[freeze-watch] uptime_ms=6009 submits=1415 completes=1418 fails=0 last_completion_ms=6007 fps_last_5s=108 cpu=2 tid=3 ctx_switches=5134 timer_ticks_cpu0=3556 timer_ticks_cpu1=3714 timer_ticks_cpu2=3746 timer_ticks_cpu3=3738 timer_ticks_cpu4=3735 timer_ticks_cpu5=3711 timer_ticks_cpu6=3711 timer_ticks_cpu7=3712 rq_total=0 rq_cpu0=0 rq_cpu1=0 rq_cpu2=0 rq_cpu3=0 rq_cpu4=0 rq_cpu5=0 rq_cpu6=0 rq_cpu7=0 cur_cpu0=13 cur_cpu1=4 cur_cpu2=3 cur_cpu3=6 cur_cpu4=7 cur_cpu5=8 cur_cpu6=9 cur_cpu7=10 total_threads=16 blocked_threads=6 sched_lock=ok procmgr_lock=ok gpu_pci_lock=ok
[virgl-composite] Frame #500: 1280x960 → 1280x960 display (first1k: 1000 nonzero, first=0x0014161e)
[heartbeat] tid=12 uptime_ms=6512
[freeze-watch] uptime_ms=6514 submits=1581 completes=1583 fails=0 last_completion_ms=6509 fps_last_5s=108 cpu=0 tid=3 ctx_switches=5523 timer_ticks_cpu0=3973 timer_ticks_cpu1=4127 timer_ticks_cpu2=4157 timer_ticks_cpu3=4154 timer_ticks_cpu4=4157 timer_ticks_cpu5=4125 timer_ticks_cpu6=4124 timer_ticks_cpu7=4124 rq_total=0 rq_cpu0=0 rq_cpu1=0 rq_cpu2=0 rq_cpu3=0 rq_cpu4=0 rq_cpu5=0 rq_cpu6=0 rq_cpu7=0 cur_cpu0=3 cur_cpu1=4 cur_cpu2=5 cur_cpu3=13 cur_cpu4=7 cur_cpu5=8 cur_cpu6=9 cur_cpu7=10 total_threads=16 blocked_threads=6 sched_lock=ok procmgr_lock=ok gpu_pci_lock=busy
[bwm-fps] frames_since_last=115 elapsed_ms=1000 instantaneous_fps=115
[freeze-watch] uptime_ms=7021 submits=1771 completes=1773 fails=0 last_completion_ms=6996 fps_last_5s=124 cpu=5 tid=3 ctx_switches=5960 timer_ticks_cpu0=4388 timer_ticks_cpu1=4542 timer_ticks_cpu2=4576 timer_ticks_cpu3=4567 timer_ticks_cpu4=4576 timer_ticks_cpu5=4541 timer_ticks_cpu6=4537 timer_ticks_cpu7=4540 rq_total=0 rq_cpu0=0 rq_cpu1=0 rq_cpu2=0 rq_cpu3=0 rq_cpu4=0 rq_cpu5=0 rq_cpu6=0 rq_cpu7=0 cur_cpu0=0 cur_cpu1=4 cur_cpu2=13 cur_cpu3=6 cur_cpu4=7 cur_cpu5=3 cur_cpu6=9 cur_cpu7=10 total_threads=16 blocked_threads=6 sched_lock=ok procmgr_lock=ok gpu_pci_lock=busy
[heartbeat] tid=12 uptime_ms=7514
[freeze-watch] uptime_ms=7525 submits=1955 completes=1958 fails=0 last_completion_ms=7521 fps_last_5s=123 cpu=7 tid=3 ctx_switches=6388 timer_ticks_cpu0=4799 timer_ticks_cpu1=4951 timer_ticks_cpu2=5000 timer_ticks_cpu3=4981 timer_ticks_cpu4=4990 timer_ticks_cpu5=4949 timer_ticks_cpu6=4953 timer_ticks_cpu7=4953 rq_total=0 rq_cpu0=0 rq_cpu1=0 rq_cpu2=0 rq_cpu3=0 rq_cpu4=0 rq_cpu5=0 rq_cpu6=0 rq_cpu7=0 cur_cpu0=0 cur_cpu1=4 cur_cpu2=5 cur_cpu3=13 cur_cpu4=7 cur_cpu5=8 cur_cpu6=9 cur_cpu7=3 total_threads=16 blocked_threads=6 sched_lock=ok procmgr_lock=ok gpu_pci_lock=ok
[bwm-fps] frames_since_last=125 elapsed_ms=1002 instantaneous_fps=124
[timer] cpu0 ticks=5000
[freeze-watch] uptime_ms=8029 submits=2130 completes=2132 fails=0 last_completion_ms=8021 fps_last_5s=115 cpu=4 tid=3 ctx_switches=6787 timer_ticks_cpu0=5216 timer_ticks_cpu1=5361 timer_ticks_cpu2=5423 timer_ticks_cpu3=5395 timer_ticks_cpu4=5403 timer_ticks_cpu5=5365 timer_ticks_cpu6=5367 timer_ticks_cpu7=5360 rq_total=0 rq_cpu0=0 rq_cpu1=0 rq_cpu2=0 rq_cpu3=0 rq_cpu4=0 rq_cpu5=0 rq_cpu6=0 rq_cpu7=0 cur_cpu0=13 cur_cpu1=4 cur_cpu2=5 cur_cpu3=6 cur_cpu4=3 cur_cpu5=8 cur_cpu6=9 cur_cpu7=10 total_threads=16 blocked_threads=6 sched_lock=ok procmgr_lock=ok gpu_pci_lock=busy
[heartbeat] tid=12 uptime_ms=8514
[freeze-watch] uptime_ms=8533 submits=2334 completes=2336 fails=0 last_completion_ms=8528 fps_last_5s=134 cpu=0 tid=3 ctx_switches=7255 timer_ticks_cpu0=5623 timer_ticks_cpu1=5767 timer_ticks_cpu2=5833 timer_ticks_cpu3=5808 timer_ticks_cpu4=5812 timer_ticks_cpu5=5777 timer_ticks_cpu6=5778 timer_ticks_cpu7=5770 rq_total=0 rq_cpu0=0 rq_cpu1=0 rq_cpu2=0 rq_cpu3=0 rq_cpu4=0 rq_cpu5=0 rq_cpu6=0 rq_cpu7=0 cur_cpu0=3 cur_cpu1=4 cur_cpu2=5 cur_cpu3=13 cur_cpu4=7 cur_cpu5=8 cur_cpu6=9 cur_cpu7=10 total_threads=16 blocked_threads=6 sched_lock=ok procmgr_lock=ok gpu_pci_lock=busy
[bwm-fps] frames_since_last=124 elapsed_ms=1005 instantaneous_fps=123
[freeze-watch] uptime_ms=9040 submits=2546 completes=2549 fails=0 last_completion_ms=9036 fps_last_5s=140 cpu=0 tid=3 ctx_switches=7775 timer_ticks_cpu0=6037 timer_ticks_cpu1=6182 timer_ticks_cpu2=6249 timer_ticks_cpu3=6223 timer_ticks_cpu4=6232 timer_ticks_cpu5=6196 timer_ticks_cpu6=6196 timer_ticks_cpu7=6186 rq_total=0 rq_cpu0=0 rq_cpu1=0 rq_cpu2=0 rq_cpu3=0 rq_cpu4=0 rq_cpu5=0 rq_cpu6=0 rq_cpu7=0 cur_cpu0=3 cur_cpu1=13 cur_cpu2=5 cur_cpu3=6 cur_cpu4=7 cur_cpu5=8 cur_cpu6=9 cur_cpu7=10 total_threads=16 blocked_threads=6 sched_lock=ok procmgr_lock=ok gpu_pci_lock=ok
[heartbeat] tid=12 uptime_ms=9515
[freeze-watch] uptime_ms=9545 submits=2769 completes=2771 fails=0 last_completion_ms=9539 fps_last_5s=146 cpu=3 tid=3 ctx_switches=8268 timer_ticks_cpu0=6453 timer_ticks_cpu1=6594 timer_ticks_cpu2=6665 timer_ticks_cpu3=6638 timer_ticks_cpu4=6646 timer_ticks_cpu5=6612 timer_ticks_cpu6=6612 timer_ticks_cpu7=6602 rq_total=0 rq_cpu0=0 rq_cpu1=0 rq_cpu2=0 rq_cpu3=0 rq_cpu4=0 rq_cpu5=0 rq_cpu6=0 rq_cpu7=0 cur_cpu0=0 cur_cpu1=4 cur_cpu2=5 cur_cpu3=3 cur_cpu4=13 cur_cpu5=8 cur_cpu6=9 cur_cpu7=10 total_threads=16 blocked_threads=6 sched_lock=ok procmgr_lock=ok gpu_pci_lock=busy
[bwm-fps] frames_since_last=133 elapsed_ms=1006 instantaneous_fps=132
[freeze-watch] uptime_ms=10049 submits=2949 completes=2951 fails=0 last_completion_ms=10041 fps_last_5s=119 cpu=1 tid=3 ctx_switches=8686 timer_ticks_cpu0=6872 timer_ticks_cpu1=7016 timer_ticks_cpu2=7076 timer_ticks_cpu3=7045 timer_ticks_cpu4=7056 timer_ticks_cpu5=7026 timer_ticks_cpu6=7025 timer_ticks_cpu7=7013 rq_total=0 rq_cpu0=0 rq_cpu1=0 rq_cpu2=0 rq_cpu3=0 rq_cpu4=0 rq_cpu5=0 rq_cpu6=0 rq_cpu7=0 cur_cpu0=0 cur_cpu1=3 cur_cpu2=5 cur_cpu3=6 cur_cpu4=7 cur_cpu5=8 cur_cpu6=13 cur_cpu7=10 total_threads=16 blocked_threads=6 sched_lock=ok procmgr_lock=ok gpu_pci_lock=busy
[virgl-composite] Frame #1000: 1280x960 → 1280x960 display (first1k: 1000 nonzero, first=0x0014161e)
[heartbeat] tid=12 uptime_ms=10515
[bwm-fps] frames_since_last=133 elapsed_ms=1007 instantaneous_fps=132
[heartbeat] tid=12 uptime_ms=11517
[bwm-fps] frames_since_last=147 elapsed_ms=1007 instantaneous_fps=145
[heartbeat] tid=12 uptime_ms=12517
[bwm-fps] frames_since_last=105 elapsed_ms=1000 instantaneous_fps=105
[heartbeat] tid=12 uptime_ms=13517
[bwm-fps] frames_since_last=116 elapsed_ms=1014 instantaneous_fps=114
[timer] cpu0 ticks=10000
[heartbeat] tid=12 uptime_ms=14519
[virgl-composite] Frame #1500: 1280x960 → 1280x960 display (first1k: 1000 nonzero, first=0x0014161e)
[bwm-fps] frames_since_last=113 elapsed_ms=1005 instantaneous_fps=112
[freeze-watch] uptime_ms=15054 submits=4781 completes=4784 fails=0 last_completion_ms=15053 fps_last_5s=122 cpu=0 tid=0 ctx_switches=12859 timer_ticks_cpu0=11033 timer_ticks_cpu1=11173 timer_ticks_cpu2=11201 timer_ticks_cpu3=11160 timer_ticks_cpu4=11168 timer_ticks_cpu5=11140 timer_ticks_cpu6=11143 timer_ticks_cpu7=11132 rq_total=0 rq_cpu0=0 rq_cpu1=0 rq_cpu2=0 rq_cpu3=0 rq_cpu4=0 rq_cpu5=0 rq_cpu6=0 rq_cpu7=0 cur_cpu0=0 cur_cpu1=0 cur_cpu2=0 cur_cpu3=0 cur_cpu4=0 cur_cpu5=0 cur_cpu6=0 cur_cpu7=0 total_threads=0 blocked_threads=0 sched_lock=busy procmgr_lock=ok gpu_pci_lock=ok
[heartbeat] tid=12 uptime_ms=15519
[bwm-fps] frames_since_last=138 elapsed_ms=1000 instantaneous_fps=138
[heartbeat] tid=12 uptime_ms=16520
[bwm-fps] frames_since_last=122 elapsed_ms=1002 instantaneous_fps=121
[heartbeat] tid=12 uptime_ms=17520
[bwm-fps] frames_since_last=147 elapsed_ms=1005 instantaneous_fps=146
[virgl-composite] Frame #2000: 1280x960 → 1280x960 display (first1k: 1000 nonzero, first=0x0014161e)
[heartbeat] tid=12 uptime_ms=18522
[bwm-fps] frames_since_last=132 elapsed_ms=1006 instantaneous_fps=131
[heartbeat] tid=12 uptime_ms=19522
[bwm-fps] frames_since_last=110 elapsed_ms=1000 instantaneous_fps=110
[timer] cpu0 ticks=15000
[freeze-watch] uptime_ms=20059 submits=6719 completes=6722 fails=0 last_completion_ms=20050 fps_last_5s=129 cpu=3 tid=3 ctx_switches=17304 timer_ticks_cpu0=15167 timer_ticks_cpu1=15296 timer_ticks_cpu2=15321 timer_ticks_cpu3=15276 timer_ticks_cpu4=15295 timer_ticks_cpu5=15261 timer_ticks_cpu6=15264 timer_ticks_cpu7=15260 rq_total=0 rq_cpu0=0 rq_cpu1=0 rq_cpu2=0 rq_cpu3=0 rq_cpu4=0 rq_cpu5=0 rq_cpu6=0 rq_cpu7=0 cur_cpu0=0 cur_cpu1=13 cur_cpu2=5 cur_cpu3=3 cur_cpu4=7 cur_cpu5=8 cur_cpu6=9 cur_cpu7=10 total_threads=16 blocked_threads=6 sched_lock=ok procmgr_lock=ok gpu_pci_lock=ok
[heartbeat] tid=12 uptime_ms=20526
[bwm-fps] frames_since_last=131 elapsed_ms=1003 instantaneous_fps=130
[heartbeat] tid=12 uptime_ms=21526
[bwm-fps] frames_since_last=150 elapsed_ms=1000 instantaneous_fps=150
[virgl-composite] Frame #2500: 1280x960 → 1280x960 display (first1k: 1000 nonzero, first=0x0014161e)
[heartbeat] tid=12 uptime_ms=22527
[bwm-fps] frames_since_last=121 elapsed_ms=1001 instantaneous_fps=120
[heartbeat] tid=12 uptime_ms=23527
[bwm-fps] frames_since_last=135 elapsed_ms=1002 instantaneous_fps=134
[heartbeat] tid=12 uptime_ms=24527
[bwm-fps] frames_since_last=136 elapsed_ms=1002 instantaneous_fps=135
[freeze-watch] uptime_ms=25062 submits=8748 completes=8750 fails=0 last_completion_ms=25056 fps_last_5s=135 cpu=1 tid=3 ctx_switches=21875 timer_ticks_cpu0=19295 timer_ticks_cpu1=19417 timer_ticks_cpu2=19463 timer_ticks_cpu3=19385 timer_ticks_cpu4=19422 timer_ticks_cpu5=19393 timer_ticks_cpu6=19392 timer_ticks_cpu7=19386 rq_total=0 rq_cpu0=0 rq_cpu1=0 rq_cpu2=0 rq_cpu3=0 rq_cpu4=0 rq_cpu5=0 rq_cpu6=0 rq_cpu7=0 cur_cpu0=0 cur_cpu1=3 cur_cpu2=5 cur_cpu3=6 cur_cpu4=13 cur_cpu5=8 cur_cpu6=9 cur_cpu7=10 total_threads=16 blocked_threads=6 sched_lock=ok procmgr_lock=ok gpu_pci_lock=busy
[heartbeat] tid=12 uptime_ms=25528
[bwm-fps] frames_since_last=130 elapsed_ms=1053 instantaneous_fps=123
[timer] cpu0 ticks=20000
[virgl-composite] Frame #3000: 1280x960 → 1280x960 display (first1k: 1000 nonzero, first=0x0014161e)
[heartbeat] tid=12 uptime_ms=26530
[bwm-fps] frames_since_last=122 elapsed_ms=1001 instantaneous_fps=121
[heartbeat] tid=12 uptime_ms=27531
[bwm-fps] frames_since_last=134 elapsed_ms=1083 instantaneous_fps=123
[heartbeat] tid=12 uptime_ms=28532
[bwm-fps] frames_since_last=130 elapsed_ms=1002 instantaneous_fps=129
[heartbeat] tid=12 uptime_ms=29532
[virgl-composite] Frame #3500: 1280x960 → 1280x960 display (first1k: 1000 nonzero, first=0x0014161e)
[bwm-fps] frames_since_last=155 elapsed_ms=1000 instantaneous_fps=155
[freeze-watch] uptime_ms=30066 submits=10718 completes=10721 fails=0 last_completion_ms=30065 fps_last_5s=131 cpu=6 tid=3 ctx_switches=26395 timer_ticks_cpu0=23428 timer_ticks_cpu1=23549 timer_ticks_cpu2=23601 timer_ticks_cpu3=23532 timer_ticks_cpu4=23545 timer_ticks_cpu5=23518 timer_ticks_cpu6=23534 timer_ticks_cpu7=23531 rq_total=0 rq_cpu0=0 rq_cpu1=0 rq_cpu2=0 rq_cpu3=0 rq_cpu4=0 rq_cpu5=0 rq_cpu6=0 rq_cpu7=0 cur_cpu0=0 cur_cpu1=4 cur_cpu2=5 cur_cpu3=6 cur_cpu4=7 cur_cpu5=8 cur_cpu6=3 cur_cpu7=10 total_threads=16 blocked_threads=6 sched_lock=ok procmgr_lock=ok gpu_pci_lock=ok
[heartbeat] tid=12 uptime_ms=30533
[bwm-fps] frames_since_last=174 elapsed_ms=1003 instantaneous_fps=173
[heartbeat] tid=12 uptime_ms=31533
[bwm-fps] frames_since_last=142 elapsed_ms=1002 instantaneous_fps=141
[timer] cpu0 ticks=25000
[heartbeat] tid=12 uptime_ms=32534
[bwm-fps] frames_since_last=96 elapsed_ms=1012 instantaneous_fps=94
[virgl-composite] Frame #4000: 1280x960 → 1280x960 display (first1k: 1000 nonzero, first=0x0014161e)
[heartbeat] tid=12 uptime_ms=33535
[bwm-fps] frames_since_last=159 elapsed_ms=1003 instantaneous_fps=158
[heartbeat] tid=12 uptime_ms=34536
[bwm-fps] frames_since_last=115 elapsed_ms=1030 instantaneous_fps=111
[freeze-watch] uptime_ms=35068 submits=12713 completes=12716 fails=0 last_completion_ms=35064 fps_last_5s=132 cpu=7 tid=3 ctx_switches=30880 timer_ticks_cpu0=27587 timer_ticks_cpu1=27719 timer_ticks_cpu2=27771 timer_ticks_cpu3=27682 timer_ticks_cpu4=27744 timer_ticks_cpu5=27694 timer_ticks_cpu6=27709 timer_ticks_cpu7=27704 rq_total=0 rq_cpu0=0 rq_cpu1=0 rq_cpu2=0 rq_cpu3=0 rq_cpu4=0 rq_cpu5=0 rq_cpu6=0 rq_cpu7=0 cur_cpu0=13 cur_cpu1=4 cur_cpu2=5 cur_cpu3=6 cur_cpu4=7 cur_cpu5=8 cur_cpu6=9 cur_cpu7=3 total_threads=16 blocked_threads=6 sched_lock=ok procmgr_lock=ok gpu_pci_lock=ok
[heartbeat] tid=12 uptime_ms=35537
[bwm-fps] frames_since_last=130 elapsed_ms=1003 instantaneous_fps=129
[heartbeat] tid=12 uptime_ms=36538
[virgl-composite] Frame #4500: 1280x960 → 1280x960 display (first1k: 1000 nonzero, first=0x0014161e)
[bwm-fps] frames_since_last=166 elapsed_ms=1002 instantaneous_fps=165
[heartbeat] tid=12 uptime_ms=37539
[timer] cpu0 ticks=30000
[bwm-fps] frames_since_last=159 elapsed_ms=1001 instantaneous_fps=158
[heartbeat] tid=12 uptime_ms=38539
[bwm-fps] frames_since_last=163 elapsed_ms=1001 instantaneous_fps=162
[heartbeat] tid=12 uptime_ms=39540
[bwm-fps] frames_since_last=134 elapsed_ms=1021 instantaneous_fps=131
[freeze-watch] uptime_ms=40071 submits=14954 completes=14956 fails=0 last_completion_ms=40014 fps_last_5s=149 cpu=3 tid=3 ctx_switches=35857 timer_ticks_cpu0=31787 timer_ticks_cpu1=31832 timer_ticks_cpu2=31915 timer_ticks_cpu3=31846 timer_ticks_cpu4=31911 timer_ticks_cpu5=31873 timer_ticks_cpu6=31889 timer_ticks_cpu7=31881 rq_total=0 rq_cpu0=0 rq_cpu1=0 rq_cpu2=0 rq_cpu3=0 rq_cpu4=0 rq_cpu5=0 rq_cpu6=0 rq_cpu7=0 cur_cpu0=13 cur_cpu1=4 cur_cpu2=5 cur_cpu3=3 cur_cpu4=7 cur_cpu5=8 cur_cpu6=9 cur_cpu7=10 total_threads=16 blocked_threads=6 sched_lock=ok procmgr_lock=ok gpu_pci_lock=busy
[virgl-composite] Frame #5000: 1280x960 → 1280x960 display (first1k: 1000 nonzero, first=0x0014161e)
[heartbeat] tid=12 uptime_ms=40540
[bwm-fps] frames_since_last=150 elapsed_ms=1003 instantaneous_fps=149
[heartbeat] tid=12 uptime_ms=41540
[bwm-fps] frames_since_last=135 elapsed_ms=1054 instantaneous_fps=128
[heartbeat] tid=12 uptime_ms=42540
[bwm-fps] frames_since_last=198 elapsed_ms=1002 instantaneous_fps=197
[virgl-composite] Frame #5500: 1280x960 → 1280x960 display (first1k: 1000 nonzero, first=0x0014161e)
[heartbeat] tid=12 uptime_ms=43542
[timer] cpu0 ticks=35000
[bwm-fps] frames_since_last=134 elapsed_ms=1003 instantaneous_fps=133
[heartbeat] tid=12 uptime_ms=44542
[freeze-watch] uptime_ms=45073 submits=17214 completes=17216 fails=0 last_completion_ms=45070 fps_last_5s=150 cpu=3 tid=3 ctx_switches=40946 timer_ticks_cpu0=35928 timer_ticks_cpu1=35993 timer_ticks_cpu2=36072 timer_ticks_cpu3=36033 timer_ticks_cpu4=36102 timer_ticks_cpu5=36064 timer_ticks_cpu6=36085 timer_ticks_cpu7=36068 rq_total=0 rq_cpu0=0 rq_cpu1=0 rq_cpu2=0 rq_cpu3=0 rq_cpu4=0 rq_cpu5=0 rq_cpu6=0 rq_cpu7=0 cur_cpu0=0 cur_cpu1=13 cur_cpu2=5 cur_cpu3=3 cur_cpu4=7 cur_cpu5=8 cur_cpu6=9 cur_cpu7=10 total_threads=16 blocked_threads=6 sched_lock=ok procmgr_lock=ok gpu_pci_lock=busy
[bwm-fps] frames_since_last=138 elapsed_ms=1001 instantaneous_fps=137
[heartbeat] tid=12 uptime_ms=45542
[bwm-fps] frames_since_last=122 elapsed_ms=1002 instantaneous_fps=121
[heartbeat] tid=12 uptime_ms=46543
[bwm-fps] frames_since_last=138 elapsed_ms=1003 instantaneous_fps=137
[virgl-composite] Frame #6000: 1280x960 → 1280x960 display (first1k: 1000 nonzero, first=0x0014161e)
[heartbeat] tid=12 uptime_ms=47543
[bwm-fps] frames_since_last=177 elapsed_ms=1001 instantaneous_fps=176
[heartbeat] tid=12 uptime_ms=48543
[bwm-fps] frames_since_last=168 elapsed_ms=1035 instantaneous_fps=162
[heartbeat] tid=12 uptime_ms=49544
[timer] cpu0 ticks=40000
[freeze-watch] uptime_ms=50076 submits=19490 completes=19493 fails=0 last_completion_ms=50074 fps_last_5s=151 cpu=7 tid=3 ctx_switches=46060 timer_ticks_cpu0=40088 timer_ticks_cpu1=40151 timer_ticks_cpu2=40223 timer_ticks_cpu3=40174 timer_ticks_cpu4=40267 timer_ticks_cpu5=40257 timer_ticks_cpu6=40280 timer_ticks_cpu7=40262 rq_total=0 rq_cpu0=0 rq_cpu1=0 rq_cpu2=0 rq_cpu3=0 rq_cpu4=0 rq_cpu5=0 rq_cpu6=0 rq_cpu7=0 cur_cpu0=0 cur_cpu1=4 cur_cpu2=5 cur_cpu3=6 cur_cpu4=7 cur_cpu5=8 cur_cpu6=9 cur_cpu7=3 total_threads=16 blocked_threads=6 sched_lock=ok procmgr_lock=ok gpu_pci_lock=ok
[bwm-fps] frames_since_last=162 elapsed_ms=1001 instantaneous_fps=161
[virgl-composite] Frame #6500: 1280x960 → 1280x960 display (first1k: 1000 nonzero, first=0x0014161e)
[heartbeat] tid=12 uptime_ms=50544
[bwm-fps] frames_since_last=131 elapsed_ms=1053 instantaneous_fps=124
[heartbeat] tid=12 uptime_ms=51544
[bwm-fps] frames_since_last=165 elapsed_ms=1001 instantaneous_fps=164
[heartbeat] tid=12 uptime_ms=52545
[bwm-fps] frames_since_last=142 elapsed_ms=1001 instantaneous_fps=141
[heartbeat] tid=12 uptime_ms=53546
[virgl-composite] Frame #7000: 1280x960 → 1280x960 display (first1k: 1000 nonzero, first=0x0014161e)
[bwm-fps] frames_since_last=156 elapsed_ms=1054 instantaneous_fps=148
[heartbeat] tid=12 uptime_ms=54546
[freeze-watch] uptime_ms=55078 submits=21683 completes=21685 fails=0 last_completion_ms=55034 fps_last_5s=145 cpu=3 tid=3 ctx_switches=50949 timer_ticks_cpu0=44269 timer_ticks_cpu1=44317 timer_ticks_cpu2=44383 timer_ticks_cpu3=44326 timer_ticks_cpu4=44441 timer_ticks_cpu5=44435 timer_ticks_cpu6=44471 timer_ticks_cpu7=44443 rq_total=0 rq_cpu0=0 rq_cpu1=0 rq_cpu2=0 rq_cpu3=0 rq_cpu4=0 rq_cpu5=0 rq_cpu6=0 rq_cpu7=0 cur_cpu0=0 cur_cpu1=13 cur_cpu2=5 cur_cpu3=3 cur_cpu4=7 cur_cpu5=8 cur_cpu6=9 cur_cpu7=10 total_threads=16 blocked_threads=6 sched_lock=ok procmgr_lock=ok gpu_pci_lock=busy
[bwm-fps] frames_since_last=160 elapsed_ms=1003 instantaneous_fps=159
[heartbeat] tid=12 uptime_ms=55546
[timer] cpu0 ticks=45000
[bwm-fps] frames_since_last=144 elapsed_ms=1024 instantaneous_fps=140
[heartbeat] tid=12 uptime_ms=56548
[virgl-composite] Frame #7500: 1280x960 → 1280x960 display (first1k: 1000 nonzero, first=0x0014161e)
[bwm-fps] frames_since_last=131 elapsed_ms=1000 instantaneous_fps=131
[heartbeat] tid=12 uptime_ms=57549
[bwm-fps] frames_since_last=119 elapsed_ms=1002 instantaneous_fps=118
[heartbeat] tid=12 uptime_ms=58549
[bwm-fps] frames_since_last=122 elapsed_ms=1000 instantaneous_fps=122
[heartbeat] tid=12 uptime_ms=59549
[freeze-watch] uptime_ms=60080 submits=23693 completes=23696 fails=0 last_completion_ms=60079 fps_last_5s=134 cpu=4 tid=0 ctx_switches=55492 timer_ticks_cpu0=48437 timer_ticks_cpu1=48471 timer_ticks_cpu2=48555 timer_ticks_cpu3=48486 timer_ticks_cpu4=48605 timer_ticks_cpu5=48605 timer_ticks_cpu6=48642 timer_ticks_cpu7=48618 rq_total=0 rq_cpu0=0 rq_cpu1=0 rq_cpu2=0 rq_cpu3=0 rq_cpu4=0 rq_cpu5=0 rq_cpu6=0 rq_cpu7=0 cur_cpu0=0 cur_cpu1=0 cur_cpu2=0 cur_cpu3=0 cur_cpu4=0 cur_cpu5=0 cur_cpu6=0 cur_cpu7=0 total_threads=0 blocked_threads=0 sched_lock=busy procmgr_lock=ok gpu_pci_lock=ok
[bwm-fps] frames_since_last=139 elapsed_ms=1001 instantaneous_fps=138
[heartbeat] tid=12 uptime_ms=60551
[virgl-composite] Frame #8000: 1280x960 → 1280x960 display (first1k: 1000 nonzero, first=0x0014161e)
[bwm-fps] frames_since_last=163 elapsed_ms=1004 instantaneous_fps=162
[heartbeat] tid=12 uptime_ms=61551
[timer] cpu0 ticks=50000
[bwm-fps] frames_since_last=197 elapsed_ms=1012 instantaneous_fps=194
[heartbeat] tid=12 uptime_ms=62551
[bwm-fps] frames_since_last=163 elapsed_ms=1053 instantaneous_fps=154
[heartbeat] tid=12 uptime_ms=63552
[virgl-composite] Frame #8500: 1280x960 → 1280x960 display (first1k: 1000 nonzero, first=0x0014161e)
[bwm-fps] frames_since_last=161 elapsed_ms=1004 instantaneous_fps=160
[heartbeat] tid=12 uptime_ms=64552
[freeze-watch] uptime_ms=65082 submits=26168 completes=26171 fails=0 last_completion_ms=65080 fps_last_5s=164 cpu=2 tid=3 ctx_switches=60992 timer_ticks_cpu0=52593 timer_ticks_cpu1=52601 timer_ticks_cpu2=52716 timer_ticks_cpu3=52632 timer_ticks_cpu4=52794 timer_ticks_cpu5=52809 timer_ticks_cpu6=52844 timer_ticks_cpu7=52817 rq_total=0 rq_cpu0=0 rq_cpu1=0 rq_cpu2=0 rq_cpu3=0 rq_cpu4=0 rq_cpu5=0 rq_cpu6=0 rq_cpu7=0 cur_cpu0=0 cur_cpu1=13 cur_cpu2=3 cur_cpu3=6 cur_cpu4=7 cur_cpu5=8 cur_cpu6=9 cur_cpu7=10 total_threads=16 blocked_threads=6 sched_lock=ok procmgr_lock=ok gpu_pci_lock=ok
[bwm-fps] frames_since_last=157 elapsed_ms=1032 instantaneous_fps=152
[heartbeat] tid=12 uptime_ms=65552
[bwm-fps] frames_since_last=127 elapsed_ms=1003 instantaneous_fps=126
[heartbeat] tid=12 uptime_ms=66553
[virgl-composite] Frame #9000: 1280x960 → 1280x960 display (first1k: 1000 nonzero, first=0x0014161e)
[bwm-fps] frames_since_last=161 elapsed_ms=1001 instantaneous_fps=160
[heartbeat] tid=12 uptime_ms=67553
[timer] cpu0 ticks=55000
[bwm-fps] frames_since_last=152 elapsed_ms=1051 instantaneous_fps=144
[heartbeat] tid=12 uptime_ms=68553
[bwm-fps] frames_since_last=176 elapsed_ms=1001 instantaneous_fps=175
[heartbeat] tid=12 uptime_ms=69553
[freeze-watch] uptime_ms=70084 submits=28484 completes=28487 fails=0 last_completion_ms=70081 fps_last_5s=154 cpu=5 tid=3 ctx_switches=66198 timer_ticks_cpu0=56780 timer_ticks_cpu1=56734 timer_ticks_cpu2=56843 timer_ticks_cpu3=56783 timer_ticks_cpu4=56959 timer_ticks_cpu5=56996 timer_ticks_cpu6=57038 timer_ticks_cpu7=57014 rq_total=0 rq_cpu0=0 rq_cpu1=0 rq_cpu2=0 rq_cpu3=0 rq_cpu4=0 rq_cpu5=0 rq_cpu6=0 rq_cpu7=0 cur_cpu0=13 cur_cpu1=4 cur_cpu2=5 cur_cpu3=6 cur_cpu4=7 cur_cpu5=3 cur_cpu6=9 cur_cpu7=10 total_threads=16 blocked_threads=6 sched_lock=ok procmgr_lock=ok gpu_pci_lock=ok
[virgl-composite] Frame #9500: 1280x960 → 1280x960 display (first1k: 1000 nonzero, first=0x0014161e)
[bwm-fps] frames_since_last=159 elapsed_ms=1032 instantaneous_fps=154
[heartbeat] tid=12 uptime_ms=70554
[bwm-fps] frames_since_last=158 elapsed_ms=1001 instantaneous_fps=157
[heartbeat] tid=12 uptime_ms=71554
[bwm-fps] frames_since_last=163 elapsed_ms=1002 instantaneous_fps=162
[heartbeat] tid=12 uptime_ms=72554
[bwm-fps] frames_since_last=139 elapsed_ms=1003 instantaneous_fps=138
[heartbeat] tid=12 uptime_ms=73556
[virgl-composite] Frame #10000: 1280x960 → 1280x960 display (first1k: 1000 nonzero, first=0x0014161e)
[timer] cpu0 ticks=60000
[bwm-fps] frames_since_last=118 elapsed_ms=1002 instantaneous_fps=117
[heartbeat] tid=12 uptime_ms=74556
[freeze-watch] uptime_ms=75087 submits=30572 completes=30574 fails=0 last_completion_ms=75043 fps_last_5s=138 cpu=3 tid=3 ctx_switches=70961 timer_ticks_cpu0=60947 timer_ticks_cpu1=60938 timer_ticks_cpu2=60997 timer_ticks_cpu3=60897 timer_ticks_cpu4=61126 timer_ticks_cpu5=61166 timer_ticks_cpu6=61222 timer_ticks_cpu7=61189 rq_total=0 rq_cpu0=0 rq_cpu1=0 rq_cpu2=0 rq_cpu3=0 rq_cpu4=0 rq_cpu5=0 rq_cpu6=0 rq_cpu7=0 cur_cpu0=0 cur_cpu1=13 cur_cpu2=5 cur_cpu3=3 cur_cpu4=7 cur_cpu5=8 cur_cpu6=9 cur_cpu7=10 total_threads=16 blocked_threads=6 sched_lock=ok procmgr_lock=ok gpu_pci_lock=busy
[bwm-fps] frames_since_last=163 elapsed_ms=1003 instantaneous_fps=162
[heartbeat] tid=12 uptime_ms=75557
[bwm-fps] frames_since_last=157 elapsed_ms=1002 instantaneous_fps=156
[heartbeat] tid=12 uptime_ms=76557
[virgl-composite] Frame #10500: 1280x960 → 1280x960 display (first1k: 1000 nonzero, first=0x0014161e)
[bwm-fps] frames_since_last=94 elapsed_ms=1002 instantaneous_fps=93
[heartbeat] tid=12 uptime_ms=77558
[bwm-fps] frames_since_last=118 elapsed_ms=1001 instantaneous_fps=117
[heartbeat] tid=12 uptime_ms=78559
[bwm-fps] frames_since_last=178 elapsed_ms=1001 instantaneous_fps=177
[heartbeat] tid=12 uptime_ms=79559
[timer] cpu0 ticks=65000
[freeze-watch] uptime_ms=80089 submits=32801 completes=32804 fails=0 last_completion_ms=80087 fps_last_5s=148 cpu=2 tid=3 ctx_switches=76045 timer_ticks_cpu0=65089 timer_ticks_cpu1=65109 timer_ticks_cpu2=65134 timer_ticks_cpu3=65056 timer_ticks_cpu4=65303 timer_ticks_cpu5=65356 timer_ticks_cpu6=65414 timer_ticks_cpu7=65374 rq_total=0 rq_cpu0=0 rq_cpu1=0 rq_cpu2=0 rq_cpu3=0 rq_cpu4=0 rq_cpu5=0 rq_cpu6=0 rq_cpu7=0 cur_cpu0=0 cur_cpu1=4 cur_cpu2=3 cur_cpu3=6 cur_cpu4=7 cur_cpu5=8 cur_cpu6=9 cur_cpu7=10 total_threads=16 blocked_threads=6 sched_lock=ok procmgr_lock=ok gpu_pci_lock=ok
[bwm-fps] frames_since_last=181 elapsed_ms=1021 instantaneous_fps=177
[heartbeat] tid=12 uptime_ms=80560
[virgl-composite] Frame #11000: 1280x960 → 1280x960 display (first1k: 1000 nonzero, first=0x0014161e)
[bwm-fps] frames_since_last=159 elapsed_ms=1002 instantaneous_fps=158
[heartbeat] tid=12 uptime_ms=81560
[bwm-fps] frames_since_last=144 elapsed_ms=1003 instantaneous_fps=143
[heartbeat] tid=12 uptime_ms=82561
[bwm-fps] frames_since_last=137 elapsed_ms=1022 instantaneous_fps=134
[heartbeat] tid=12 uptime_ms=83561
[virgl-composite] Frame #11500: 1280x960 → 1280x960 display (first1k: 1000 nonzero, first=0x0014161e)
[bwm-fps] frames_since_last=168 elapsed_ms=1002 instantaneous_fps=167
[heartbeat] tid=12 uptime_ms=84564
[freeze-watch] uptime_ms=85092 submits=35153 completes=35156 fails=0 last_completion_ms=85089 fps_last_5s=156 cpu=0 tid=3 ctx_switches=81295 timer_ticks_cpu0=69217 timer_ticks_cpu1=69246 timer_ticks_cpu2=69329 timer_ticks_cpu3=69194 timer_ticks_cpu4=69484 timer_ticks_cpu5=69556 timer_ticks_cpu6=69621 timer_ticks_cpu7=69571 rq_total=0 rq_cpu0=0 rq_cpu1=0 rq_cpu2=0 rq_cpu3=0 rq_cpu4=0 rq_cpu5=0 rq_cpu6=0 rq_cpu7=0 cur_cpu0=3 cur_cpu1=13 cur_cpu2=5 cur_cpu3=6 cur_cpu4=7 cur_cpu5=8 cur_cpu6=9 cur_cpu7=10 total_threads=16 blocked_threads=6 sched_lock=ok procmgr_lock=ok gpu_pci_lock=ok
[bwm-fps] frames_since_last=167 elapsed_ms=1016 instantaneous_fps=164
[heartbeat] tid=12 uptime_ms=85564
[timer] cpu0 ticks=70000
[bwm-fps] frames_since_last=112 elapsed_ms=1003 instantaneous_fps=111
[heartbeat] tid=12 uptime_ms=86565
[virgl-composite] Frame #12000: 1280x960 → 1280x960 display (first1k: 1000 nonzero, first=0x0014161e)
[bwm-fps] frames_since_last=180 elapsed_ms=1001 instantaneous_fps=179
[heartbeat] tid=12 uptime_ms=87565
[bwm-fps] frames_since_last=149 elapsed_ms=1000 instantaneous_fps=149
[heartbeat] tid=12 uptime_ms=88565
[bwm-fps] frames_since_last=140 elapsed_ms=1002 instantaneous_fps=139
[heartbeat] tid=12 uptime_ms=89566
[freeze-watch] uptime_ms=90096 submits=37259 completes=37261 fails=0 last_completion_ms=90036 fps_last_5s=140 cpu=0 tid=3 ctx_switches=85937 timer_ticks_cpu0=73392 timer_ticks_cpu1=73429 timer_ticks_cpu2=73483 timer_ticks_cpu3=73370 timer_ticks_cpu4=73658 timer_ticks_cpu5=73731 timer_ticks_cpu6=73791 timer_ticks_cpu7=73742 rq_total=0 rq_cpu0=0 rq_cpu1=0 rq_cpu2=0 rq_cpu3=0 rq_cpu4=0 rq_cpu5=0 rq_cpu6=0 rq_cpu7=0 cur_cpu0=3 cur_cpu1=4 cur_cpu2=13 cur_cpu3=6 cur_cpu4=7 cur_cpu5=8 cur_cpu6=9 cur_cpu7=10 total_threads=16 blocked_threads=6 sched_lock=ok procmgr_lock=ok gpu_pci_lock=busy
[bwm-fps] frames_since_last=139 elapsed_ms=1027 instantaneous_fps=135
[heartbeat] tid=12 uptime_ms=90567
[virgl-composite] Frame #12500: 1280x960 → 1280x960 display (first1k: 1000 nonzero, first=0x0014161e)
[bwm-fps] frames_since_last=108 elapsed_ms=1001 instantaneous_fps=107
[heartbeat] tid=12 uptime_ms=91567
[timer] cpu0 ticks=75000
[heartbeat] tid=12 uptime_ms=92568
[bwm-fps] frames_since_last=166 elapsed_ms=1051 instantaneous_fps=157
[heartbeat] tid=12 uptime_ms=93569
[bwm-fps] frames_since_last=171 elapsed_ms=1036 instantaneous_fps=165
[virgl-composite] Frame #13000: 1280x960 → 1280x960 display (first1k: 1000 nonzero, first=0x0014161e)
[heartbeat] tid=12 uptime_ms=94569
[bwm-fps] frames_since_last=160 elapsed_ms=1032 instantaneous_fps=155
[freeze-watch] uptime_ms=95099 submits=39411 completes=39413 fails=0 last_completion_ms=95094 fps_last_5s=143 cpu=7 tid=3 ctx_switches=90744 timer_ticks_cpu0=77573 timer_ticks_cpu1=77567 timer_ticks_cpu2=77655 timer_ticks_cpu3=77508 timer_ticks_cpu4=77848 timer_ticks_cpu5=77909 timer_ticks_cpu6=77992 timer_ticks_cpu7=77930 rq_total=0 rq_cpu0=0 rq_cpu1=0 rq_cpu2=0 rq_cpu3=0 rq_cpu4=0 rq_cpu5=0 rq_cpu6=0 rq_cpu7=0 cur_cpu0=13 cur_cpu1=4 cur_cpu2=5 cur_cpu3=6 cur_cpu4=7 cur_cpu5=8 cur_cpu6=9 cur_cpu7=3 total_threads=16 blocked_threads=6 sched_lock=ok procmgr_lock=ok gpu_pci_lock=busy
[heartbeat] tid=12 uptime_ms=95570
[bwm-fps] frames_since_last=106 elapsed_ms=1002 instantaneous_fps=105
[heartbeat] tid=12 uptime_ms=96570
[bwm-fps] frames_since_last=158 elapsed_ms=1011 instantaneous_fps=156
[heartbeat] tid=12 uptime_ms=97571
[bwm-fps] frames_since_last=135 elapsed_ms=1007 instantaneous_fps=134
[virgl-composite] Frame #13500: 1280x960 → 1280x960 display (first1k: 1000 nonzero, first=0x0014161e)
[timer] cpu0 ticks=80000
[heartbeat] tid=12 uptime_ms=98576
[bwm-fps] frames_since_last=147 elapsed_ms=1001 instantaneous_fps=146
[heartbeat] tid=12 uptime_ms=99576
[bwm-fps] frames_since_last=127 elapsed_ms=1028 instantaneous_fps=123
[freeze-watch] uptime_ms=100102 submits=41516 completes=41519 fails=0 last_completion_ms=100101 fps_last_5s=140 cpu=5 tid=3 ctx_switches=95462 timer_ticks_cpu0=81722 timer_ticks_cpu1=81709 timer_ticks_cpu2=81809 timer_ticks_cpu3=81689 timer_ticks_cpu4=82039 timer_ticks_cpu5=82085 timer_ticks_cpu6=82179 timer_ticks_cpu7=82099 rq_total=0 rq_cpu0=0 rq_cpu1=0 rq_cpu2=0 rq_cpu3=0 rq_cpu4=0 rq_cpu5=0 rq_cpu6=0 rq_cpu7=0 cur_cpu0=0 cur_cpu1=4 cur_cpu2=5 cur_cpu3=6 cur_cpu4=7 cur_cpu5=3 cur_cpu6=9 cur_cpu7=10 total_threads=16 blocked_threads=6 sched_lock=ok procmgr_lock=ok gpu_pci_lock=ok
[heartbeat] tid=12 uptime_ms=100576
[bwm-fps] frames_since_last=169 elapsed_ms=1003 instantaneous_fps=168
[virgl-composite] Frame #14000: 1280x960 → 1280x960 display (first1k: 1000 nonzero, first=0x0014161e)
[heartbeat] tid=12 uptime_ms=101577
[bwm-fps] frames_since_last=144 elapsed_ms=1001 instantaneous_fps=143
[heartbeat] tid=12 uptime_ms=102577
[bwm-fps] frames_since_last=163 elapsed_ms=1000 instantaneous_fps=163
[heartbeat] tid=12 uptime_ms=103578
[bwm-fps] frames_since_last=83 elapsed_ms=1029 instantaneous_fps=80
[timer] cpu0 ticks=85000
[heartbeat] tid=12 uptime_ms=104579
[bwm-fps] frames_since_last=118 elapsed_ms=1003 instantaneous_fps=117
[freeze-watch] uptime_ms=105104 submits=43451 completes=43453 fails=0 last_completion_ms=105058 fps_last_5s=128 cpu=5 tid=0 ctx_switches=99866 timer_ticks_cpu0=85875 timer_ticks_cpu1=85912 timer_ticks_cpu2=85987 timer_ticks_cpu3=85856 timer_ticks_cpu4=86191 timer_ticks_cpu5=86258 timer_ticks_cpu6=86351 timer_ticks_cpu7=86262 rq_total=0 rq_cpu0=0 rq_cpu1=0 rq_cpu2=0 rq_cpu3=0 rq_cpu4=0 rq_cpu5=0 rq_cpu6=0 rq_cpu7=0 cur_cpu0=0 cur_cpu1=0 cur_cpu2=0 cur_cpu3=0 cur_cpu4=0 cur_cpu5=0 cur_cpu6=0 cur_cpu7=0 total_threads=0 blocked_threads=0 sched_lock=busy procmgr_lock=ok gpu_pci_lock=busy
[virgl-composite] Frame #14500: 1280x960 → 1280x960 display (first1k: 1000 nonzero, first=0x0014161e)
[heartbeat] tid=12 uptime_ms=105579
[bwm-fps] frames_since_last=135 elapsed_ms=1000 instantaneous_fps=135
[heartbeat] tid=12 uptime_ms=106579
[bwm-fps] frames_since_last=147 elapsed_ms=1003 instantaneous_fps=146
[heartbeat] tid=12 uptime_ms=107580
[bwm-fps] frames_since_last=163 elapsed_ms=1002 instantaneous_fps=162
[heartbeat] tid=12 uptime_ms=108580
[virgl-composite] Frame #15000: 1280x960 → 1280x960 display (first1k: 1000 nonzero, first=0x0014161e)
[bwm-fps] frames_since_last=146 elapsed_ms=1001 instantaneous_fps=145
[heartbeat] tid=12 uptime_ms=109581
[bwm-fps] frames_since_last=163 elapsed_ms=1001 instantaneous_fps=162
[timer] cpu0 ticks=90000
[freeze-watch] uptime_ms=110107 submits=45731 completes=45733 fails=0 last_completion_ms=110098 fps_last_5s=151 cpu=2 tid=3 ctx_switches=104915 timer_ticks_cpu0=90054 timer_ticks_cpu1=90043 timer_ticks_cpu2=90137 timer_ticks_cpu3=89989 timer_ticks_cpu4=90379 timer_ticks_cpu5=90448 timer_ticks_cpu6=90543 timer_ticks_cpu7=90455 rq_total=0 rq_cpu0=0 rq_cpu1=0 rq_cpu2=0 rq_cpu3=0 rq_cpu4=0 rq_cpu5=0 rq_cpu6=0 rq_cpu7=0 cur_cpu0=13 cur_cpu1=4 cur_cpu2=3 cur_cpu3=6 cur_cpu4=7 cur_cpu5=8 cur_cpu6=9 cur_cpu7=10 total_threads=16 blocked_threads=6 sched_lock=ok procmgr_lock=ok gpu_pci_lock=busy
[heartbeat] tid=12 uptime_ms=110581
[bwm-fps] frames_since_last=163 elapsed_ms=1002 instantaneous_fps=162
[heartbeat] tid=12 uptime_ms=111582
[virgl-composite] Frame #15500: 1280x960 → 1280x960 display (first1k: 1000 nonzero, first=0x0014161e)
[bwm-fps] frames_since_last=165 elapsed_ms=1003 instantaneous_fps=164
[heartbeat] tid=12 uptime_ms=112582
[bwm-fps] frames_since_last=125 elapsed_ms=1032 instantaneous_fps=121
[heartbeat] tid=12 uptime_ms=113582
[bwm-fps] frames_since_last=139 elapsed_ms=1003 instantaneous_fps=138
[heartbeat] tid=12 uptime_ms=114583
[bwm-fps] frames_since_last=182 elapsed_ms=1037 instantaneous_fps=175
[freeze-watch] uptime_ms=115109 submits=48008 completes=48010 fails=0 last_completion_ms=115053 fps_last_5s=151 cpu=6 tid=3 ctx_switches=109970 timer_ticks_cpu0=94182 timer_ticks_cpu1=94229 timer_ticks_cpu2=94337 timer_ticks_cpu3=94138 timer_ticks_cpu4=94546 timer_ticks_cpu5=94633 timer_ticks_cpu6=94739 timer_ticks_cpu7=94653 rq_total=0 rq_cpu0=0 rq_cpu1=0 rq_cpu2=0 rq_cpu3=0 rq_cpu4=0 rq_cpu5=0 rq_cpu6=0 rq_cpu7=0 cur_cpu0=0 cur_cpu1=4 cur_cpu2=13 cur_cpu3=6 cur_cpu4=7 cur_cpu5=8 cur_cpu6=3 cur_cpu7=10 total_threads=16 blocked_threads=6 sched_lock=ok procmgr_lock=ok gpu_pci_lock=busy
[virgl-composite] Frame #16000: 1280x960 → 1280x960 display (first1k: 1000 nonzero, first=0x0014161e)
[heartbeat] tid=12 uptime_ms=115583
[bwm-fps] frames_since_last=184 elapsed_ms=1003 instantaneous_fps=183
