[ahci] Platform AHCI at phys 0x2140000, virt 0xffff000002140000
[ahci] HBA version 1.256, 6 ports, 32 cmd slots, PI=0x0000003f
[ahci] Port 0: Sata, 131072 sectors (64 MB)
[ahci] Port 1: Sata, 524288 sectors (256 MB)
[ahci] IRQ probe: using port 0 dma_index 0
[ahci] IRQ probe: ISPENDR before=[0x00800000, 0x00000000, 0x00000000] after=[0x00800004, 0x00000000, 0x00000000]
[ahci] IRQ probe: PORT_IS=0x00000001 (should have D2H bit set)
[ahci] Platform IRQ probe: discovered SPI 34
[ahci] Platform IRQ enabled: SPI 34 (wired, level-triggered, CPU0)
[drivers] AHCI initialized (platform MMIO): 2 SATA device(s)
[ext2] No VirtIO block device, trying AHCI...
[ext2] AHCI device 0: 131072 sectors (64 MB)
[ext2] AHCI device 0: not ext2 (magic=0x0064)
[ext2] AHCI device 1: 524288 sectors (256 MB)
[ext2] Found ext2 superblock on AHCI device 1
[ OK ] syscall path verified
[virgl-composite] Frame #0: 1x1 → 1280x960 display (first1k: 1 nonzero, first=0xff000000)
[virgl-composite] Frame #1: 1280x960 → 1280x960 display (first1k: 1000 nonzero, first=0x00121832)
[virgl-composite] Frame #2: 1280x960 → 1280x960 display (first1k: 1000 nonzero, first=0x00121832)
[freeze-watch] uptime_ms=1973 submits=71 completes=74 fails=0 last_completion_ms=1775 fps_last_5s=6 cpu=0 tid=3 ctx_switches=1589 timer_ticks_cpu0=295 timer_ticks_cpu1=411 timer_ticks_cpu2=421 timer_ticks_cpu3=418 timer_ticks_cpu4=420 timer_ticks_cpu5=416 timer_ticks_cpu6=414 timer_ticks_cpu7=412 rq_total=0 rq_cpu0=0 rq_cpu1=0 rq_cpu2=0 rq_cpu3=0 rq_cpu4=0 rq_cpu5=0 rq_cpu6=0 rq_cpu7=0 cur_cpu0=3 cur_cpu1=4 cur_cpu2=5 cur_cpu3=6 cur_cpu4=7 cur_cpu5=8 cur_cpu6=9 cur_cpu7=10 total_threads=15 blocked_threads=6 sched_lock=ok procmgr_lock=ok gpu_pci_lock=ok
[freeze-watch] uptime_ms=2477 submits=186 completes=188 fails=0 last_completion_ms=2471 fps_last_5s=75 cpu=3 tid=3 ctx_switches=2311 timer_ticks_cpu0=660 timer_ticks_cpu1=829 timer_ticks_cpu2=831 timer_ticks_cpu3=840 timer_ticks_cpu4=832 timer_ticks_cpu5=830 timer_ticks_cpu6=825 timer_ticks_cpu7=823 rq_total=0 rq_cpu0=0 rq_cpu1=0 rq_cpu2=0 rq_cpu3=0 rq_cpu4=0 rq_cpu5=0 rq_cpu6=0 rq_cpu7=0 cur_cpu0=0 cur_cpu1=13 cur_cpu2=5 cur_cpu3=3 cur_cpu4=7 cur_cpu5=8 cur_cpu6=9 cur_cpu7=10 total_threads=16 blocked_threads=6 sched_lock=ok procmgr_lock=ok gpu_pci_lock=busy
[bwm-fps] frames_since_last=58 elapsed_ms=1012 instantaneous_fps=57
[freeze-watch] uptime_ms=2981 submits=314 completes=317 fails=0 last_completion_ms=2978 fps_last_5s=85 cpu=6 tid=0 ctx_switches=2621 timer_ticks_cpu0=1070 timer_ticks_cpu1=1240 timer_ticks_cpu2=1255 timer_ticks_cpu3=1262 timer_ticks_cpu4=1240 timer_ticks_cpu5=1238 timer_ticks_cpu6=1234 timer_ticks_cpu7=1233 rq_total=0 rq_cpu0=0 rq_cpu1=0 rq_cpu2=0 rq_cpu3=0 rq_cpu4=0 rq_cpu5=0 rq_cpu6=0 rq_cpu7=0 cur_cpu0=0 cur_cpu1=0 cur_cpu2=0 cur_cpu3=0 cur_cpu4=0 cur_cpu5=0 cur_cpu6=0 cur_cpu7=0 total_threads=0 blocked_threads=0 sched_lock=busy procmgr_lock=ok gpu_pci_lock=ok
[freeze-watch] uptime_ms=3485 submits=502 completes=504 fails=0 last_completion_ms=3454 fps_last_5s=123 cpu=0 tid=3 ctx_switches=3033 timer_ticks_cpu0=1483 timer_ticks_cpu1=1650 timer_ticks_cpu2=1672 timer_ticks_cpu3=1677 timer_ticks_cpu4=1654 timer_ticks_cpu5=1649 timer_ticks_cpu6=1643 timer_ticks_cpu7=1646 rq_total=0 rq_cpu0=0 rq_cpu1=0 rq_cpu2=0 rq_cpu3=0 rq_cpu4=0 rq_cpu5=0 rq_cpu6=0 rq_cpu7=0 cur_cpu0=3 cur_cpu1=4 cur_cpu2=13 cur_cpu3=6 cur_cpu4=7 cur_cpu5=8 cur_cpu6=9 cur_cpu7=10 total_threads=16 blocked_threads=6 sched_lock=ok procmgr_lock=ok gpu_pci_lock=busy
[bwm-fps] frames_since_last=108 elapsed_ms=1000 instantaneous_fps=108
[freeze-watch] uptime_ms=3992 submits=674 completes=677 fails=0 last_completion_ms=3990 fps_last_5s=114 cpu=1 tid=0 ctx_switches=3448 timer_ticks_cpu0=1898 timer_ticks_cpu1=2068 timer_ticks_cpu2=2084 timer_ticks_cpu3=2098 timer_ticks_cpu4=2071 timer_ticks_cpu5=2063 timer_ticks_cpu6=2056 timer_ticks_cpu7=2058 rq_total=0 rq_cpu0=0 rq_cpu1=0 rq_cpu2=0 rq_cpu3=0 rq_cpu4=0 rq_cpu5=0 rq_cpu6=0 rq_cpu7=0 cur_cpu0=0 cur_cpu1=0 cur_cpu2=0 cur_cpu3=0 cur_cpu4=0 cur_cpu5=0 cur_cpu6=0 cur_cpu7=0 total_threads=0 blocked_threads=0 sched_lock=busy procmgr_lock=ok gpu_pci_lock=ok
[freeze-watch] uptime_ms=4496 submits=839 completes=841 fails=0 last_completion_ms=4496 fps_last_5s=107 cpu=5 tid=3 ctx_switches=3825 timer_ticks_cpu0=2312 timer_ticks_cpu1=2480 timer_ticks_cpu2=2494 timer_ticks_cpu3=2511 timer_ticks_cpu4=2500 timer_ticks_cpu5=2474 timer_ticks_cpu6=2468 timer_ticks_cpu7=2472 rq_total=0 rq_cpu0=0 rq_cpu1=0 rq_cpu2=0 rq_cpu3=0 rq_cpu4=0 rq_cpu5=0 rq_cpu6=0 rq_cpu7=0 cur_cpu0=13 cur_cpu1=4 cur_cpu2=5 cur_cpu3=6 cur_cpu4=7 cur_cpu5=3 cur_cpu6=9 cur_cpu7=10 total_threads=16 blocked_threads=6 sched_lock=ok procmgr_lock=ok gpu_pci_lock=busy
[bwm-fps] frames_since_last=120 elapsed_ms=1005 instantaneous_fps=119
[freeze-watch] uptime_ms=5000 submits=1046 completes=1049 fails=0 last_completion_ms=4999 fps_last_5s=138 cpu=1 tid=3 ctx_switches=4292 timer_ticks_cpu0=2725 timer_ticks_cpu1=2891 timer_ticks_cpu2=2908 timer_ticks_cpu3=2918 timer_ticks_cpu4=2910 timer_ticks_cpu5=2885 timer_ticks_cpu6=2882 timer_ticks_cpu7=2886 rq_total=0 rq_cpu0=0 rq_cpu1=0 rq_cpu2=0 rq_cpu3=0 rq_cpu4=0 rq_cpu5=0 rq_cpu6=0 rq_cpu7=0 cur_cpu0=0 cur_cpu1=3 cur_cpu2=5 cur_cpu3=6 cur_cpu4=7 cur_cpu5=8 cur_cpu6=9 cur_cpu7=10 total_threads=16 blocked_threads=6 sched_lock=ok procmgr_lock=ok gpu_pci_lock=ok
[freeze-watch] uptime_ms=5504 submits=1250 completes=1253 fails=0 last_completion_ms=5501 fps_last_5s=134 cpu=3 tid=3 ctx_switches=4752 timer_ticks_cpu0=3139 timer_ticks_cpu1=3302 timer_ticks_cpu2=3323 timer_ticks_cpu3=3329 timer_ticks_cpu4=3324 timer_ticks_cpu5=3296 timer_ticks_cpu6=3299 timer_ticks_cpu7=3301 rq_total=0 rq_cpu0=0 rq_cpu1=0 rq_cpu2=0 rq_cpu3=0 rq_cpu4=0 rq_cpu5=0 rq_cpu6=0 rq_cpu7=0 cur_cpu0=0 cur_cpu1=4 cur_cpu2=5 cur_cpu3=3 cur_cpu4=7 cur_cpu5=8 cur_cpu6=9 cur_cpu7=10 total_threads=16 blocked_threads=6 sched_lock=ok procmgr_lock=ok gpu_pci_lock=ok
[bwm-fps] frames_since_last=134 elapsed_ms=1026 instantaneous_fps=130
[freeze-watch] uptime_ms=6009 submits=1415 completes=1418 fails=0 last_completion_ms=6007 fps_last_5s=108 cpu=2 tid=3 ctx_switches=5134 timer_ticks_cpu0=3556 timer_ticks_cpu1=3714 timer_ticks_cpu2=3746 timer_ticks_cpu3=3738 timer_ticks_cpu4=3735 timer_ticks_cpu5=3711 timer_ticks_cpu6=3711 timer_ticks_cpu7=3712 rq_total=0 rq_cpu0=0 rq_cpu1=0 rq_cpu2=0 rq_cpu3=0 rq_cpu4=0 rq_cpu5=0 rq_cpu6=0 rq_cpu7=0 cur_cpu0=13 cur_cpu1=4 cur_cpu2=3 cur_cpu3=6 cur_cpu4=7 cur_cpu5=8 cur_cpu6=9 cur_cpu7=10 total_threads=16 blocked_threads=6 sched_lock=ok procmgr_lock=ok gpu_pci_lock=ok
[virgl-composite] Frame #500: 1280x960 → 1280x960 display (first1k: 1000 nonzero, first=0x0014161e)
[freeze-watch] uptime_ms=6514 submits=1581 completes=1583 fails=0 last_completion_ms=6509 fps_last_5s=108 cpu=0 tid=3 ctx_switches=5523 timer_ticks_cpu0=3973 timer_ticks_cpu1=4127 timer_ticks_cpu2=4157 timer_ticks_cpu3=4154 timer_ticks_cpu4=4157 timer_ticks_cpu5=4125 timer_ticks_cpu6=4124 timer_ticks_cpu7=4124 rq_total=0 rq_cpu0=0 rq_cpu1=0 rq_cpu2=0 rq_cpu3=0 rq_cpu4=0 rq_cpu5=0 rq_cpu6=0 rq_cpu7=0 cur_cpu0=3 cur_cpu1=4 cur_cpu2=5 cur_cpu3=13 cur_cpu4=7 cur_cpu5=8 cur_cpu6=9 cur_cpu7=10 total_threads=16 blocked_threads=6 sched_lock=ok procmgr_lock=ok gpu_pci_lock=busy
[bwm-fps] frames_since_last=115 elapsed_ms=1000 instantaneous_fps=115
[freeze-watch] uptime_ms=7021 submits=1771 completes=1773 fails=0 last_completion_ms=6996 fps_last_5s=124 cpu=5 tid=3 ctx_switches=5960 timer_ticks_cpu0=4388 timer_ticks_cpu1=4542 timer_ticks_cpu2=4576 timer_ticks_cpu3=4567 timer_ticks_cpu4=4576 timer_ticks_cpu5=4541 timer_ticks_cpu6=4537 timer_ticks_cpu7=4540 rq_total=0 rq_cpu0=0 rq_cpu1=0 rq_cpu2=0 rq_cpu3=0 rq_cpu4=0 rq_cpu5=0 rq_cpu6=0 rq_cpu7=0 cur_cpu0=0 cur_cpu1=4 cur_cpu2=13 cur_cpu3=6 cur_cpu4=7 cur_cpu5=3 cur_cpu6=9 cur_cpu7=10 total_threads=16 blocked_threads=6 sched_lock=ok procmgr_lock=ok gpu_pci_lock=busy
[freeze-watch] uptime_ms=7525 submits=1955 completes=1958 fails=0 last_completion_ms=7521 fps_last_5s=123 cpu=7 tid=3 ctx_switches=6388 timer_ticks_cpu0=4799 timer_ticks_cpu1=4951 timer_ticks_cpu2=5000 timer_ticks_cpu3=4981 timer_ticks_cpu4=4990 timer_ticks_cpu5=4949 timer_ticks_cpu6=4953 timer_ticks_cpu7=4953 rq_total=0 rq_cpu0=0 rq_cpu1=0 rq_cpu2=0 rq_cpu3=0 rq_cpu4=0 rq_cpu5=0 rq_cpu6=0 rq_cpu7=0 cur_cpu0=0 cur_cpu1=4 cur_cpu2=5 cur_cpu3=13 cur_cpu4=7 cur_cpu5=8 cur_cpu6=9 cur_cpu7=3 total_threads=16 blocked_threads=6 sched_lock=ok procmgr_lock=ok gpu_pci_lock=ok
[bwm-fps] frames_since_last=125 elapsed_ms=1002 instantaneous_fps=124
[freeze-watch] uptime_ms=8029 submits=2130 completes=2132 fails=0 last_completion_ms=8021 fps_last_5s=115 cpu=4 tid=3 ctx_switches=6787 timer_ticks_cpu0=5216 timer_ticks_cpu1=5361 timer_ticks_cpu2=5423 timer_ticks_cpu3=5395 timer_ticks_cpu4=5403 timer_ticks_cpu5=5365 timer_ticks_cpu6=5367 timer_ticks_cpu7=5360 rq_total=0 rq_cpu0=0 rq_cpu1=0 rq_cpu2=0 rq_cpu3=0 rq_cpu4=0 rq_cpu5=0 rq_cpu6=0 rq_cpu7=0 cur_cpu0=13 cur_cpu1=4 cur_cpu2=5 cur_cpu3=6 cur_cpu4=3 cur_cpu5=8 cur_cpu6=9 cur_cpu7=10 total_threads=16 blocked_threads=6 sched_lock=ok procmgr_lock=ok gpu_pci_lock=busy
[freeze-watch] uptime_ms=8533 submits=2334 completes=2336 fails=0 last_completion_ms=8528 fps_last_5s=134 cpu=0 tid=3 ctx_switches=7255 timer_ticks_cpu0=5623 timer_ticks_cpu1=5767 timer_ticks_cpu2=5833 timer_ticks_cpu3=5808 timer_ticks_cpu4=5812 timer_ticks_cpu5=5777 timer_ticks_cpu6=5778 timer_ticks_cpu7=5770 rq_total=0 rq_cpu0=0 rq_cpu1=0 rq_cpu2=0 rq_cpu3=0 rq_cpu4=0 rq_cpu5=0 rq_cpu6=0 rq_cpu7=0 cur_cpu0=3 cur_cpu1=4 cur_cpu2=5 cur_cpu3=13 cur_cpu4=7 cur_cpu5=8 cur_cpu6=9 cur_cpu7=10 total_threads=16 blocked_threads=6 sched_lock=ok procmgr_lock=ok gpu_pci_lock=busy
[bwm-fps] frames_since_last=124 elapsed_ms=1005 instantaneous_fps=123
[freeze-watch] uptime_ms=9040 submits=2546 completes=2549 fails=0 last_completion_ms=9036 fps_last_5s=140 cpu=0 tid=3 ctx_switches=7775 timer_ticks_cpu0=6037 timer_ticks_cpu1=6182 timer_ticks_cpu2=6249 timer_ticks_cpu3=6223 timer_ticks_cpu4=6232 timer_ticks_cpu5=6196 timer_ticks_cpu6=6196 timer_ticks_cpu7=6186 rq_total=0 rq_cpu0=0 rq_cpu1=0 rq_cpu2=0 rq_cpu3=0 rq_cpu4=0 rq_cpu5=0 rq_cpu6=0 rq_cpu7=0 cur_cpu0=3 cur_cpu1=13 cur_cpu2=5 cur_cpu3=6 cur_cpu4=7 cur_cpu5=8 cur_cpu6=9 cur_cpu7=10 total_threads=16 blocked_threads=6 sched_lock=ok procmgr_lock=ok gpu_pci_lock=ok
[freeze-watch] uptime_ms=9545 submits=2769 completes=2771 fails=0 last_completion_ms=9539 fps_last_5s=146 cpu=3 tid=3 ctx_switches=8268 timer_ticks_cpu0=6453 timer_ticks_cpu1=6594 timer_ticks_cpu2=6665 timer_ticks_cpu3=6638 timer_ticks_cpu4=6646 timer_ticks_cpu5=6612 timer_ticks_cpu6=6612 timer_ticks_cpu7=6602 rq_total=0 rq_cpu0=0 rq_cpu1=0 rq_cpu2=0 rq_cpu3=0 rq_cpu4=0 rq_cpu5=0 rq_cpu6=0 rq_cpu7=0 cur_cpu0=0 cur_cpu1=4 cur_cpu2=5 cur_cpu3=3 cur_cpu4=13 cur_cpu5=8 cur_cpu6=9 cur_cpu7=10 total_threads=16 blocked_threads=6 sched_lock=ok procmgr_lock=ok gpu_pci_lock=busy
[bwm-fps] frames_since_last=133 elapsed_ms=1006 instantaneous_fps=132
[freeze-watch] uptime_ms=10049 submits=2949 completes=2951 fails=0 last_completion_ms=10041 fps_last_5s=119 cpu=1 tid=3 ctx_switches=8686 timer_ticks_cpu0=6872 timer_ticks_cpu1=7016 timer_ticks_cpu2=7076 timer_ticks_cpu3=7045 timer_ticks_cpu4=7056 timer_ticks_cpu5=7026 timer_ticks_cpu6=7025 timer_ticks_cpu7=7013 rq_total=0 rq_cpu0=0 rq_cpu1=0 rq_cpu2=0 rq_cpu3=0 rq_cpu4=0 rq_cpu5=0 rq_cpu6=0 rq_cpu7=0 cur_cpu0=0 cur_cpu1=3 cur_cpu2=5 cur_cpu3=6 cur_cpu4=7 cur_cpu5=8 cur_cpu6=13 cur_cpu7=10 total_threads=16 blocked_threads=6 sched_lock=ok procmgr_lock=ok gpu_pci_lock=busy
[virgl-composite] Frame #1000: 1280x960 → 1280x960 display (first1k: 1000 nonzero, first=0x0014161e)
[bwm-fps] frames_since_last=133 elapsed_ms=1007 instantaneous_fps=132
[bwm-fps] frames_since_last=147 elapsed_ms=1007 instantaneous_fps=145
[bwm-fps] frames_since_last=105 elapsed_ms=1000 instantaneous_fps=105
[bwm-fps] frames_since_last=116 elapsed_ms=1014 instantaneous_fps=114
[virgl-composite] Frame #1500: 1280x960 → 1280x960 display (first1k: 1000 nonzero, first=0x0014161e)
[bwm-fps] frames_since_last=113 elapsed_ms=1005 instantaneous_fps=112
[freeze-watch] uptime_ms=15054 submits=4781 completes=4784 fails=0 last_completion_ms=15053 fps_last_5s=122 cpu=0 tid=0 ctx_switches=12859 timer_ticks_cpu0=11033 timer_ticks_cpu1=11173 timer_ticks_cpu2=11201 timer_ticks_cpu3=11160 timer_ticks_cpu4=11168 timer_ticks_cpu5=11140 timer_ticks_cpu6=11143 timer_ticks_cpu7=11132 rq_total=0 rq_cpu0=0 rq_cpu1=0 rq_cpu2=0 rq_cpu3=0 rq_cpu4=0 rq_cpu5=0 rq_cpu6=0 rq_cpu7=0 cur_cpu0=0 cur_cpu1=0 cur_cpu2=0 cur_cpu3=0 cur_cpu4=0 cur_cpu5=0 cur_cpu6=0 cur_cpu7=0 total_threads=0 blocked_threads=0 sched_lock=busy procmgr_lock=ok gpu_pci_lock=ok
[bwm-fps] frames_since_last=138 elapsed_ms=1000 instantaneous_fps=138
[bwm-fps] frames_since_last=122 elapsed_ms=1002 instantaneous_fps=121
[bwm-fps] frames_since_last=147 elapsed_ms=1005 instantaneous_fps=146
[virgl-composite] Frame #2000: 1280x960 → 1280x960 display (first1k: 1000 nonzero, first=0x0014161e)
[bwm-fps] frames_since_last=132 elapsed_ms=1006 instantaneous_fps=131
[bwm-fps] frames_since_last=110 elapsed_ms=1000 instantaneous_fps=110
[freeze-watch] uptime_ms=20059 submits=6719 completes=6722 fails=0 last_completion_ms=20050 fps_last_5s=129 cpu=3 tid=3 ctx_switches=17304 timer_ticks_cpu0=15167 timer_ticks_cpu1=15296 timer_ticks_cpu2=15321 timer_ticks_cpu3=15276 timer_ticks_cpu4=15295 timer_ticks_cpu5=15261 timer_ticks_cpu6=15264 timer_ticks_cpu7=15260 rq_total=0 rq_cpu0=0 rq_cpu1=0 rq_cpu2=0 rq_cpu3=0 rq_cpu4=0 rq_cpu5=0 rq_cpu6=0 rq_cpu7=0 cur_cpu0=0 cur_cpu1=13 cur_cpu2=5 cur_cpu3=3 cur_cpu4=7 cur_cpu5=8 cur_cpu6=9 cur_cpu7=10 total_threads=16 blocked_threads=6 sched_lock=ok procmgr_lock=ok gpu_pci_lock=ok
[bwm-fps] frames_since_last=131 elapsed_ms=1003 instantaneous_fps=130
[bwm-fps] frames_since_last=150 elapsed_ms=1000 instantaneous_fps=150
[virgl-composite] Frame #2500: 1280x960 → 1280x960 display (first1k: 1000 nonzero, first=0x0014161e)
[bwm-fps] frames_since_last=121 elapsed_ms=1001 instantaneous_fps=120
[bwm-fps] frames_since_last=135 elapsed_ms=1002 instantaneous_fps=134
[bwm-fps] frames_since_last=136 elapsed_ms=1002 instantaneous_fps=135
[freeze-watch] uptime_ms=25062 submits=8748 completes=8750 fails=0 last_completion_ms=25056 fps_last_5s=135 cpu=1 tid=3 ctx_switches=21875 timer_ticks_cpu0=19295 timer_ticks_cpu1=19417 timer_ticks_cpu2=19463 timer_ticks_cpu3=19385 timer_ticks_cpu4=19422 timer_ticks_cpu5=19393 timer_ticks_cpu6=19392 timer_ticks_cpu7=19386 rq_total=0 rq_cpu0=0 rq_cpu1=0 rq_cpu2=0 rq_cpu3=0 rq_cpu4=0 rq_cpu5=0 rq_cpu6=0 rq_cpu7=0 cur_cpu0=0 cur_cpu1=3 cur_cpu2=5 cur_cpu3=6 cur_cpu4=13 cur_cpu5=8 cur_cpu6=9 cur_cpu7=10 total_threads=16 blocked_threads=6 sched_lock=ok procmgr_lock=ok gpu_pci_lock=busy
[bwm-fps] frames_since_last=130 elapsed_ms=1053 instantaneous_fps=123
[virgl-composite] Frame #3000: 1280x960 → 1280x960 display (first1k: 1000 nonzero, first=0x0014161e)
[bwm-fps] frames_since_last=122 elapsed_ms=1001 instantaneous_fps=121
[bwm-fps] frames_since_last=134 elapsed_ms=1083 instantaneous_fps=123
[bwm-fps] frames_since_last=130 elapsed_ms=1002 instantaneous_fps=129
[virgl-composite] Frame #3500: 1280x960 → 1280x960 display (first1k: 1000 nonzero, first=0x0014161e)
[bwm-fps] frames_since_last=155 elapsed_ms=1000 instantaneous_fps=155
[freeze-watch] uptime_ms=30066 submits=10718 completes=10721 fails=0 last_completion_ms=30065 fps_last_5s=131 cpu=6 tid=3 ctx_switches=26395 timer_ticks_cpu0=23428 timer_ticks_cpu1=23549 timer_ticks_cpu2=23601 timer_ticks_cpu3=23532 timer_ticks_cpu4=23545 timer_ticks_cpu5=23518 timer_ticks_cpu6=23534 timer_ticks_cpu7=23531 rq_total=0 rq_cpu0=0 rq_cpu1=0 rq_cpu2=0 rq_cpu3=0 rq_cpu4=0 rq_cpu5=0 rq_cpu6=0 rq_cpu7=0 cur_cpu0=0 cur_cpu1=4 cur_cpu2=5 cur_cpu3=6 cur_cpu4=7 cur_cpu5=8 cur_cpu6=3 cur_cpu7=10 total_threads=16 blocked_threads=6 sched_lock=ok procmgr_lock=ok gpu_pci_lock=ok
[bwm-fps] frames_since_last=174 elapsed_ms=1003 instantaneous_fps=173
[bwm-fps] frames_since_last=142 elapsed_ms=1002 instantaneous_fps=141
[bwm-fps] frames_since_last=96 elapsed_ms=1012 instantaneous_fps=94
[virgl-composite] Frame #4000: 1280x960 → 1280x960 display (first1k: 1000 nonzero, first=0x0014161e)
[bwm-fps] frames_since_last=159 elapsed_ms=1003 instantaneous_fps=158
[bwm-fps] frames_since_last=115 elapsed_ms=1030 instantaneous_fps=111
[freeze-watch] uptime_ms=35068 submits=12713 completes=12716 fails=0 last_completion_ms=35064 fps_last_5s=132 cpu=7 tid=3 ctx_switches=30880 timer_ticks_cpu0=27587 timer_ticks_cpu1=27719 timer_ticks_cpu2=27771 timer_ticks_cpu3=27682 timer_ticks_cpu4=27744 timer_ticks_cpu5=27694 timer_ticks_cpu6=27709 timer_ticks_cpu7=27704 rq_total=0 rq_cpu0=0 rq_cpu1=0 rq_cpu2=0 rq_cpu3=0 rq_cpu4=0 rq_cpu5=0 rq_cpu6=0 rq_cpu7=0 cur_cpu0=13 cur_cpu1=4 cur_cpu2=5 cur_cpu3=6 cur_cpu4=7 cur_cpu5=8 cur_cpu6=9 cur_cpu7=3 total_threads=16 blocked_threads=6 sched_lock=ok procmgr_lock=ok gpu_pci_lock=ok
[bwm-fps] frames_since_last=130 elapsed_ms=1003 instantaneous_fps=129
[virgl-composite] Frame #4500: 1280x960 → 1280x960 display (first1k: 1000 nonzero, first=0x0014161e)
[bwm-fps] frames_since_last=166 elapsed_ms=1002 instantaneous_fps=165
[bwm-fps] frames_since_last=159 elapsed_ms=1001 instantaneous_fps=158
[bwm-fps] frames_since_last=163 elapsed_ms=1001 instantaneous_fps=162
[bwm-fps] frames_since_last=134 elapsed_ms=1021 instantaneous_fps=131
[freeze-watch] uptime_ms=40071 submits=14954 completes=14956 fails=0 last_completion_ms=40014 fps_last_5s=149 cpu=3 tid=3 ctx_switches=35857 timer_ticks_cpu0=31787 timer_ticks_cpu1=31832 timer_ticks_cpu2=31915 timer_ticks_cpu3=31846 timer_ticks_cpu4=31911 timer_ticks_cpu5=31873 timer_ticks_cpu6=31889 timer_ticks_cpu7=31881 rq_total=0 rq_cpu0=0 rq_cpu1=0 rq_cpu2=0 rq_cpu3=0 rq_cpu4=0 rq_cpu5=0 rq_cpu6=0 rq_cpu7=0 cur_cpu0=13 cur_cpu1=4 cur_cpu2=5 cur_cpu3=3 cur_cpu4=7 cur_cpu5=8 cur_cpu6=9 cur_cpu7=10 total_threads=16 blocked_threads=6 sched_lock=ok procmgr_lock=ok gpu_pci_lock=busy
[virgl-composite] Frame #5000: 1280x960 → 1280x960 display (first1k: 1000 nonzero, first=0x0014161e)
[bwm-fps] frames_since_last=150 elapsed_ms=1003 instantaneous_fps=149
[bwm-fps] frames_since_last=135 elapsed_ms=1054 instantaneous_fps=128
[bwm-fps] frames_since_last=198 elapsed_ms=1002 instantaneous_fps=197
[virgl-composite] Frame #5500: 1280x960 → 1280x960 display (first1k: 1000 nonzero, first=0x0014161e)
[bwm-fps] frames_since_last=134 elapsed_ms=1003 instantaneous_fps=133
[freeze-watch] uptime_ms=45073 submits=17214 completes=17216 fails=0 last_completion_ms=45070 fps_last_5s=150 cpu=3 tid=3 ctx_switches=40946 timer_ticks_cpu0=35928 timer_ticks_cpu1=35993 timer_ticks_cpu2=36072 timer_ticks_cpu3=36033 timer_ticks_cpu4=36102 timer_ticks_cpu5=36064 timer_ticks_cpu6=36085 timer_ticks_cpu7=36068 rq_total=0 rq_cpu0=0 rq_cpu1=0 rq_cpu2=0 rq_cpu3=0 rq_cpu4=0 rq_cpu5=0 rq_cpu6=0 rq_cpu7=0 cur_cpu0=0 cur_cpu1=13 cur_cpu2=5 cur_cpu3=3 cur_cpu4=7 cur_cpu5=8 cur_cpu6=9 cur_cpu7=10 total_threads=16 blocked_threads=6 sched_lock=ok procmgr_lock=ok gpu_pci_lock=busy
[bwm-fps] frames_since_last=138 elapsed_ms=1001 instantaneous_fps=137
[bwm-fps] frames_since_last=122 elapsed_ms=1002 instantaneous_fps=121
[bwm-fps] frames_since_last=138 elapsed_ms=1003 instantaneous_fps=137
[virgl-composite] Frame #6000: 1280x960 → 1280x960 display (first1k: 1000 nonzero, first=0x0014161e)
[bwm-fps] frames_since_last=177 elapsed_ms=1001 instantaneous_fps=176
[bwm-fps] frames_since_last=168 elapsed_ms=1035 instantaneous_fps=162
[freeze-watch] uptime_ms=50076 submits=19490 completes=19493 fails=0 last_completion_ms=50074 fps_last_5s=151 cpu=7 tid=3 ctx_switches=46060 timer_ticks_cpu0=40088 timer_ticks_cpu1=40151 timer_ticks_cpu2=40223 timer_ticks_cpu3=40174 timer_ticks_cpu4=40267 timer_ticks_cpu5=40257 timer_ticks_cpu6=40280 timer_ticks_cpu7=40262 rq_total=0 rq_cpu0=0 rq_cpu1=0 rq_cpu2=0 rq_cpu3=0 rq_cpu4=0 rq_cpu5=0 rq_cpu6=0 rq_cpu7=0 cur_cpu0=0 cur_cpu1=4 cur_cpu2=5 cur_cpu3=6 cur_cpu4=7 cur_cpu5=8 cur_cpu6=9 cur_cpu7=3 total_threads=16 blocked_threads=6 sched_lock=ok procmgr_lock=ok gpu_pci_lock=ok
[bwm-fps] frames_since_last=162 elapsed_ms=1001 instantaneous_fps=161
[virgl-composite] Frame #6500: 1280x960 → 1280x960 display (first1k: 1000 nonzero, first=0x0014161e)
[bwm-fps] frames_since_last=131 elapsed_ms=1053 instantaneous_fps=124
[bwm-fps] frames_since_last=165 elapsed_ms=1001 instantaneous_fps=164
[bwm-fps] frames_since_last=142 elapsed_ms=1001 instantaneous_fps=141
[virgl-composite] Frame #7000: 1280x960 → 1280x960 display (first1k: 1000 nonzero, first=0x0014161e)
[bwm-fps] frames_since_last=156 elapsed_ms=1054 instantaneous_fps=148
[freeze-watch] uptime_ms=55078 submits=21683 completes=21685 fails=0 last_completion_ms=55034 fps_last_5s=145 cpu=3 tid=3 ctx_switches=50949 timer_ticks_cpu0=44269 timer_ticks_cpu1=44317 timer_ticks_cpu2=44383 timer_ticks_cpu3=44326 timer_ticks_cpu4=44441 timer_ticks_cpu5=44435 timer_ticks_cpu6=44471 timer_ticks_cpu7=44443 rq_total=0 rq_cpu0=0 rq_cpu1=0 rq_cpu2=0 rq_cpu3=0 rq_cpu4=0 rq_cpu5=0 rq_cpu6=0 rq_cpu7=0 cur_cpu0=0 cur_cpu1=13 cur_cpu2=5 cur_cpu3=3 cur_cpu4=7 cur_cpu5=8 cur_cpu6=9 cur_cpu7=10 total_threads=16 blocked_threads=6 sched_lock=ok procmgr_lock=ok gpu_pci_lock=busy
[bwm-fps] frames_since_last=160 elapsed_ms=1003 instantaneous_fps=159
[bwm-fps] frames_since_last=144 elapsed_ms=1024 instantaneous_fps=140
[virgl-composite] Frame #7500: 1280x960 → 1280x960 display (first1k: 1000 nonzero, first=0x0014161e)
[bwm-fps] frames_since_last=131 elapsed_ms=1000 instantaneous_fps=131
[bwm-fps] frames_since_last=119 elapsed_ms=1002 instantaneous_fps=118
[bwm-fps] frames_since_last=122 elapsed_ms=1000 instantaneous_fps=122
[freeze-watch] uptime_ms=60080 submits=23693 completes=23696 fails=0 last_completion_ms=60079 fps_last_5s=134 cpu=4 tid=0 ctx_switches=55492 timer_ticks_cpu0=48437 timer_ticks_cpu1=48471 timer_ticks_cpu2=48555 timer_ticks_cpu3=48486 timer_ticks_cpu4=48605 timer_ticks_cpu5=48605 timer_ticks_cpu6=48642 timer_ticks_cpu7=48618 rq_total=0 rq_cpu0=0 rq_cpu1=0 rq_cpu2=0 rq_cpu3=0 rq_cpu4=0 rq_cpu5=0 rq_cpu6=0 rq_cpu7=0 cur_cpu0=0 cur_cpu1=0 cur_cpu2=0 cur_cpu3=0 cur_cpu4=0 cur_cpu5=0 cur_cpu6=0 cur_cpu7=0 total_threads=0 blocked_threads=0 sched_lock=busy procmgr_lock=ok gpu_pci_lock=ok
[bwm-fps] frames_since_last=139 elapsed_ms=1001 instantaneous_fps=138
[virgl-composite] Frame #8000: 1280x960 → 1280x960 display (first1k: 1000 nonzero, first=0x0014161e)
[bwm-fps] frames_since_last=163 elapsed_ms=1004 instantaneous_fps=162
[bwm-fps] frames_since_last=197 elapsed_ms=1012 instantaneous_fps=194
[bwm-fps] frames_since_last=163 elapsed_ms=1053 instantaneous_fps=154
[virgl-composite] Frame #8500: 1280x960 → 1280x960 display (first1k: 1000 nonzero, first=0x0014161e)
[bwm-fps] frames_since_last=161 elapsed_ms=1004 instantaneous_fps=160
[freeze-watch] uptime_ms=65082 submits=26168 completes=26171 fails=0 last_completion_ms=65080 fps_last_5s=164 cpu=2 tid=3 ctx_switches=60992 timer_ticks_cpu0=52593 timer_ticks_cpu1=52601 timer_ticks_cpu2=52716 timer_ticks_cpu3=52632 timer_ticks_cpu4=52794 timer_ticks_cpu5=52809 timer_ticks_cpu6=52844 timer_ticks_cpu7=52817 rq_total=0 rq_cpu0=0 rq_cpu1=0 rq_cpu2=0 rq_cpu3=0 rq_cpu4=0 rq_cpu5=0 rq_cpu6=0 rq_cpu7=0 cur_cpu0=0 cur_cpu1=13 cur_cpu2=3 cur_cpu3=6 cur_cpu4=7 cur_cpu5=8 cur_cpu6=9 cur_cpu7=10 total_threads=16 blocked_threads=6 sched_lock=ok procmgr_lock=ok gpu_pci_lock=ok
[bwm-fps] frames_since_last=157 elapsed_ms=1032 instantaneous_fps=152
[bwm-fps] frames_since_last=127 elapsed_ms=1003 instantaneous_fps=126
[virgl-composite] Frame #9000: 1280x960 → 1280x960 display (first1k: 1000 nonzero, first=0x0014161e)
[bwm-fps] frames_since_last=161 elapsed_ms=1001 instantaneous_fps=160
[bwm-fps] frames_since_last=152 elapsed_ms=1051 instantaneous_fps=144
[bwm-fps] frames_since_last=176 elapsed_ms=1001 instantaneous_fps=175
[freeze-watch] uptime_ms=70084 submits=28484 completes=28487 fails=0 last_completion_ms=70081 fps_last_5s=154 cpu=5 tid=3 ctx_switches=66198 timer_ticks_cpu0=56780 timer_ticks_cpu1=56734 timer_ticks_cpu2=56843 timer_ticks_cpu3=56783 timer_ticks_cpu4=56959 timer_ticks_cpu5=56996 timer_ticks_cpu6=57038 timer_ticks_cpu7=57014 rq_total=0 rq_cpu0=0 rq_cpu1=0 rq_cpu2=0 rq_cpu3=0 rq_cpu4=0 rq_cpu5=0 rq_cpu6=0 rq_cpu7=0 cur_cpu0=13 cur_cpu1=4 cur_cpu2=5 cur_cpu3=6 cur_cpu4=7 cur_cpu5=3 cur_cpu6=9 cur_cpu7=10 total_threads=16 blocked_threads=6 sched_lock=ok procmgr_lock=ok gpu_pci_lock=ok
[virgl-composite] Frame #9500: 1280x960 → 1280x960 display (first1k: 1000 nonzero, first=0x0014161e)
[bwm-fps] frames_since_last=159 elapsed_ms=1032 instantaneous_fps=154
[bwm-fps] frames_since_last=158 elapsed_ms=1001 instantaneous_fps=157
[bwm-fps] frames_since_last=163 elapsed_ms=1002 instantaneous_fps=162
[bwm-fps] frames_since_last=139 elapsed_ms=1003 instantaneous_fps=138
[virgl-composite] Frame #10000: 1280x960 → 1280x960 display (first1k: 1000 nonzero, first=0x0014161e)
[bwm-fps] frames_since_last=118 elapsed_ms=1002 instantaneous_fps=117
[freeze-watch] uptime_ms=75087 submits=30572 completes=30574 fails=0 last_completion_ms=75043 fps_last_5s=138 cpu=3 tid=3 ctx_switches=70961 timer_ticks_cpu0=60947 timer_ticks_cpu1=60938 timer_ticks_cpu2=60997 timer_ticks_cpu3=60897 timer_ticks_cpu4=61126 timer_ticks_cpu5=61166 timer_ticks_cpu6=61222 timer_ticks_cpu7=61189 rq_total=0 rq_cpu0=0 rq_cpu1=0 rq_cpu2=0 rq_cpu3=0 rq_cpu4=0 rq_cpu5=0 rq_cpu6=0 rq_cpu7=0 cur_cpu0=0 cur_cpu1=13 cur_cpu2=5 cur_cpu3=3 cur_cpu4=7 cur_cpu5=8 cur_cpu6=9 cur_cpu7=10 total_threads=16 blocked_threads=6 sched_lock=ok procmgr_lock=ok gpu_pci_lock=busy
[bwm-fps] frames_since_last=163 elapsed_ms=1003 instantaneous_fps=162
[bwm-fps] frames_since_last=157 elapsed_ms=1002 instantaneous_fps=156
[virgl-composite] Frame #10500: 1280x960 → 1280x960 display (first1k: 1000 nonzero, first=0x0014161e)
[bwm-fps] frames_since_last=94 elapsed_ms=1002 instantaneous_fps=93
[bwm-fps] frames_since_last=118 elapsed_ms=1001 instantaneous_fps=117
[bwm-fps] frames_since_last=178 elapsed_ms=1001 instantaneous_fps=177
[freeze-watch] uptime_ms=80089 submits=32801 completes=32804 fails=0 last_completion_ms=80087 fps_last_5s=148 cpu=2 tid=3 ctx_switches=76045 timer_ticks_cpu0=65089 timer_ticks_cpu1=65109 timer_ticks_cpu2=65134 timer_ticks_cpu3=65056 timer_ticks_cpu4=65303 timer_ticks_cpu5=65356 timer_ticks_cpu6=65414 timer_ticks_cpu7=65374 rq_total=0 rq_cpu0=0 rq_cpu1=0 rq_cpu2=0 rq_cpu3=0 rq_cpu4=0 rq_cpu5=0 rq_cpu6=0 rq_cpu7=0 cur_cpu0=0 cur_cpu1=4 cur_cpu2=3 cur_cpu3=6 cur_cpu4=7 cur_cpu5=8 cur_cpu6=9 cur_cpu7=10 total_threads=16 blocked_threads=6 sched_lock=ok procmgr_lock=ok gpu_pci_lock=ok
[bwm-fps] frames_since_last=181 elapsed_ms=1021 instantaneous_fps=177
[virgl-composite] Frame #11000: 1280x960 → 1280x960 display (first1k: 1000 nonzero, first=0x0014161e)
[bwm-fps] frames_since_last=159 elapsed_ms=1002 instantaneous_fps=158
[bwm-fps] frames_since_last=144 elapsed_ms=1003 instantaneous_fps=143
[bwm-fps] frames_since_last=137 elapsed_ms=1022 instantaneous_fps=134
[virgl-composite] Frame #11500: 1280x960 → 1280x960 display (first1k: 1000 nonzero, first=0x0014161e)
[bwm-fps] frames_since_last=168 elapsed_ms=1002 instantaneous_fps=167
[freeze-watch] uptime_ms=85092 submits=35153 completes=35156 fails=0 last_completion_ms=85089 fps_last_5s=156 cpu=0 tid=3 ctx_switches=81295 timer_ticks_cpu0=69217 timer_ticks_cpu1=69246 timer_ticks_cpu2=69329 timer_ticks_cpu3=69194 timer_ticks_cpu4=69484 timer_ticks_cpu5=69556 timer_ticks_cpu6=69621 timer_ticks_cpu7=69571 rq_total=0 rq_cpu0=0 rq_cpu1=0 rq_cpu2=0 rq_cpu3=0 rq_cpu4=0 rq_cpu5=0 rq_cpu6=0 rq_cpu7=0 cur_cpu0=3 cur_cpu1=13 cur_cpu2=5 cur_cpu3=6 cur_cpu4=7 cur_cpu5=8 cur_cpu6=9 cur_cpu7=10 total_threads=16 blocked_threads=6 sched_lock=ok procmgr_lock=ok gpu_pci_lock=ok
[bwm-fps] frames_since_last=167 elapsed_ms=1016 instantaneous_fps=164
[bwm-fps] frames_since_last=112 elapsed_ms=1003 instantaneous_fps=111
[virgl-composite] Frame #12000: 1280x960 → 1280x960 display (first1k: 1000 nonzero, first=0x0014161e)
[bwm-fps] frames_since_last=180 elapsed_ms=1001 instantaneous_fps=179
[bwm-fps] frames_since_last=149 elapsed_ms=1000 instantaneous_fps=149
[bwm-fps] frames_since_last=140 elapsed_ms=1002 instantaneous_fps=139
[freeze-watch] uptime_ms=90096 submits=37259 completes=37261 fails=0 last_completion_ms=90036 fps_last_5s=140 cpu=0 tid=3 ctx_switches=85937 timer_ticks_cpu0=73392 timer_ticks_cpu1=73429 timer_ticks_cpu2=73483 timer_ticks_cpu3=73370 timer_ticks_cpu4=73658 timer_ticks_cpu5=73731 timer_ticks_cpu6=73791 timer_ticks_cpu7=73742 rq_total=0 rq_cpu0=0 rq_cpu1=0 rq_cpu2=0 rq_cpu3=0 rq_cpu4=0 rq_cpu5=0 rq_cpu6=0 rq_cpu7=0 cur_cpu0=3 cur_cpu1=4 cur_cpu2=13 cur_cpu3=6 cur_cpu4=7 cur_cpu5=8 cur_cpu6=9 cur_cpu7=10 total_threads=16 blocked_threads=6 sched_lock=ok procmgr_lock=ok gpu_pci_lock=busy
[bwm-fps] frames_since_last=139 elapsed_ms=1027 instantaneous_fps=135
[virgl-composite] Frame #12500: 1280x960 → 1280x960 display (first1k: 1000 nonzero, first=0x0014161e)
[bwm-fps] frames_since_last=108 elapsed_ms=1001 instantaneous_fps=107
[bwm-fps] frames_since_last=166 elapsed_ms=1051 instantaneous_fps=157
[bwm-fps] frames_since_last=171 elapsed_ms=1036 instantaneous_fps=165
[virgl-composite] Frame #13000: 1280x960 → 1280x960 display (first1k: 1000 nonzero, first=0x0014161e)
[bwm-fps] frames_since_last=160 elapsed_ms=1032 instantaneous_fps=155
[freeze-watch] uptime_ms=95099 submits=39411 completes=39413 fails=0 last_completion_ms=95094 fps_last_5s=143 cpu=7 tid=3 ctx_switches=90744 timer_ticks_cpu0=77573 timer_ticks_cpu1=77567 timer_ticks_cpu2=77655 timer_ticks_cpu3=77508 timer_ticks_cpu4=77848 timer_ticks_cpu5=77909 timer_ticks_cpu6=77992 timer_ticks_cpu7=77930 rq_total=0 rq_cpu0=0 rq_cpu1=0 rq_cpu2=0 rq_cpu3=0 rq_cpu4=0 rq_cpu5=0 rq_cpu6=0 rq_cpu7=0 cur_cpu0=13 cur_cpu1=4 cur_cpu2=5 cur_cpu3=6 cur_cpu4=7 cur_cpu5=8 cur_cpu6=9 cur_cpu7=3 total_threads=16 blocked_threads=6 sched_lock=ok procmgr_lock=ok gpu_pci_lock=busy
[bwm-fps] frames_since_last=106 elapsed_ms=1002 instantaneous_fps=105
[bwm-fps] frames_since_last=158 elapsed_ms=1011 instantaneous_fps=156
[bwm-fps] frames_since_last=135 elapsed_ms=1007 instantaneous_fps=134
[virgl-composite] Frame #13500: 1280x960 → 1280x960 display (first1k: 1000 nonzero, first=0x0014161e)
[bwm-fps] frames_since_last=147 elapsed_ms=1001 instantaneous_fps=146
[bwm-fps] frames_since_last=127 elapsed_ms=1028 instantaneous_fps=123
[freeze-watch] uptime_ms=100102 submits=41516 completes=41519 fails=0 last_completion_ms=100101 fps_last_5s=140 cpu=5 tid=3 ctx_switches=95462 timer_ticks_cpu0=81722 timer_ticks_cpu1=81709 timer_ticks_cpu2=81809 timer_ticks_cpu3=81689 timer_ticks_cpu4=82039 timer_ticks_cpu5=82085 timer_ticks_cpu6=82179 timer_ticks_cpu7=82099 rq_total=0 rq_cpu0=0 rq_cpu1=0 rq_cpu2=0 rq_cpu3=0 rq_cpu4=0 rq_cpu5=0 rq_cpu6=0 rq_cpu7=0 cur_cpu0=0 cur_cpu1=4 cur_cpu2=5 cur_cpu3=6 cur_cpu4=7 cur_cpu5=3 cur_cpu6=9 cur_cpu7=10 total_threads=16 blocked_threads=6 sched_lock=ok procmgr_lock=ok gpu_pci_lock=ok
[bwm-fps] frames_since_last=169 elapsed_ms=1003 instantaneous_fps=168
[virgl-composite] Frame #14000: 1280x960 → 1280x960 display (first1k: 1000 nonzero, first=0x0014161e)
[bwm-fps] frames_since_last=144 elapsed_ms=1001 instantaneous_fps=143
[bwm-fps] frames_since_last=163 elapsed_ms=1000 instantaneous_fps=163
[bwm-fps] frames_since_last=83 elapsed_ms=1029 instantaneous_fps=80
[bwm-fps] frames_since_last=118 elapsed_ms=1003 instantaneous_fps=117
[freeze-watch] uptime_ms=105104 submits=43451 completes=43453 fails=0 last_completion_ms=105058 fps_last_5s=128 cpu=5 tid=0 ctx_switches=99866 timer_ticks_cpu0=85875 timer_ticks_cpu1=85912 timer_ticks_cpu2=85987 timer_ticks_cpu3=85856 timer_ticks_cpu4=86191 timer_ticks_cpu5=86258 timer_ticks_cpu6=86351 timer_ticks_cpu7=86262 rq_total=0 rq_cpu0=0 rq_cpu1=0 rq_cpu2=0 rq_cpu3=0 rq_cpu4=0 rq_cpu5=0 rq_cpu6=0 rq_cpu7=0 cur_cpu0=0 cur_cpu1=0 cur_cpu2=0 cur_cpu3=0 cur_cpu4=0 cur_cpu5=0 cur_cpu6=0 cur_cpu7=0 total_threads=0 blocked_threads=0 sched_lock=busy procmgr_lock=ok gpu_pci_lock=busy
[virgl-composite] Frame #14500: 1280x960 → 1280x960 display (first1k: 1000 nonzero, first=0x0014161e)
[bwm-fps] frames_since_last=135 elapsed_ms=1000 instantaneous_fps=135
[bwm-fps] frames_since_last=147 elapsed_ms=1003 instantaneous_fps=146
[bwm-fps] frames_since_last=163 elapsed_ms=1002 instantaneous_fps=162
[virgl-composite] Frame #15000: 1280x960 → 1280x960 display (first1k: 1000 nonzero, first=0x0014161e)
[bwm-fps] frames_since_last=146 elapsed_ms=1001 instantaneous_fps=145
[bwm-fps] frames_since_last=163 elapsed_ms=1001 instantaneous_fps=162
[freeze-watch] uptime_ms=110107 submits=45731 completes=45733 fails=0 last_completion_ms=110098 fps_last_5s=151 cpu=2 tid=3 ctx_switches=104915 timer_ticks_cpu0=90054 timer_ticks_cpu1=90043 timer_ticks_cpu2=90137 timer_ticks_cpu3=89989 timer_ticks_cpu4=90379 timer_ticks_cpu5=90448 timer_ticks_cpu6=90543 timer_ticks_cpu7=90455 rq_total=0 rq_cpu0=0 rq_cpu1=0 rq_cpu2=0 rq_cpu3=0 rq_cpu4=0 rq_cpu5=0 rq_cpu6=0 rq_cpu7=0 cur_cpu0=13 cur_cpu1=4 cur_cpu2=3 cur_cpu3=6 cur_cpu4=7 cur_cpu5=8 cur_cpu6=9 cur_cpu7=10 total_threads=16 blocked_threads=6 sched_lock=ok procmgr_lock=ok gpu_pci_lock=busy
[bwm-fps] frames_since_last=163 elapsed_ms=1002 instantaneous_fps=162
[virgl-composite] Frame #15500: 1280x960 → 1280x960 display (first1k: 1000 nonzero, first=0x0014161e)
[bwm-fps] frames_since_last=165 elapsed_ms=1003 instantaneous_fps=164
[bwm-fps] frames_since_last=125 elapsed_ms=1032 instantaneous_fps=121
[bwm-fps] frames_since_last=139 elapsed_ms=1003 instantaneous_fps=138
[bwm-fps] frames_since_last=182 elapsed_ms=1037 instantaneous_fps=175
[freeze-watch] uptime_ms=115109 submits=48008 completes=48010 fails=0 last_completion_ms=115053 fps_last_5s=151 cpu=6 tid=3 ctx_switches=109970 timer_ticks_cpu0=94182 timer_ticks_cpu1=94229 timer_ticks_cpu2=94337 timer_ticks_cpu3=94138 timer_ticks_cpu4=94546 timer_ticks_cpu5=94633 timer_ticks_cpu6=94739 timer_ticks_cpu7=94653 rq_total=0 rq_cpu0=0 rq_cpu1=0 rq_cpu2=0 rq_cpu3=0 rq_cpu4=0 rq_cpu5=0 rq_cpu6=0 rq_cpu7=0 cur_cpu0=0 cur_cpu1=4 cur_cpu2=13 cur_cpu3=6 cur_cpu4=7 cur_cpu5=8 cur_cpu6=3 cur_cpu7=10 total_threads=16 blocked_threads=6 sched_lock=ok procmgr_lock=ok gpu_pci_lock=busy
[virgl-composite] Frame #16000: 1280x960 → 1280x960 display (first1k: 1000 nonzero, first=0x0014161e)
[bwm-fps] frames_since_last=184 elapsed_ms=1003 instantaneous_fps=183
