GNU gdb (GDB) 17.2
Copyright (C) 2025 Free Software Foundation, Inc.
License GPLv3+: GNU GPL version 3 or later <http://gnu.org/licenses/gpl.html>
This is free software: you are free to change and redistribute it.
There is NO WARRANTY, to the extent permitted by law.
Type "show copying" and "show warranty" for details.
This GDB was configured as "--host=aarch64-apple-darwin25.4.0 --target=x86_64-apple-darwin20".
Type "show configuration" for configuration details.
For bug reporting instructions, please see:
<https://www.gnu.org/software/gdb/bugs/>.
Find the GDB manual and other documentation resources online at:
    <http://www.gnu.org/software/gdb/documentation/>.

For help, type "help".
Type "apropos word" to search for commands related to "word"...
Reading symbols from /Users/wrb/fun/code/breenix/target/aarch64-breenix/release/kernel-aarch64...
(No debugging symbols found in /Users/wrb/fun/code/breenix/target/aarch64-breenix/release/kernel-aarch64)
The target architecture is set to "aarch64".
breakpoint-count.gdb:9: Error in sourced command file:
Remote communication error.  Target disconnected: error while reading: Connection reset by peer.
(gdb) warning: Exception condition detected on fd 0
error detected on stdin
