=== TURN7 GDB SOFTLOCK STATE: COMPOSITOR WAIT ===
Target: Parallels guestdebugger on 127.0.0.1:9600
warning: while parsing target description (at line 1): Target description specified unknown architecture "org.gnu.gdb.aarch64"
warning: Could not load XML target description; ignoring
warning: while parsing target description (at line 1): Target description specified unknown architecture "org.gnu.gdb.aarch64"
warning: Could not load XML target description; ignoring
0xffff000040104600 in kernel::drivers::virtio::gpu_pci::send_command ()
=== SYMBOL ADDRESS MAP ===
SCHEDULER=0xffff00004022d000
COMPOSITOR_FRAME_WQ=0xffff00004022d2b0
WINDOW_REGISTRY=0xffff00004022d2d8
CLIENT_FRAME_WQ=0xffff000040231258
COMPOSITOR_DIRTY_WAKE=0xffff00004024afdc
NEED_RESCHED=0xffff000040242000 CONTEXT_SWITCH_COUNT=0xffff000040242008 CPU_IS_IDLE=0xffff000040242010
BWM_COMPOSITE_FRAME_ENTER_TOTAL=0xffff00004023af40 BWM_COMPOSITE_FRAME_EXIT_TOTAL=0xffff00004023b380
VIRGL_COMPOSITE_WINDOWS_FRAME=0xffff000041200aa8 VIRGL_COMPOSITE_WINDOWS_WORK_FRAME=0xffff000041200aac
DEFERRED_REQUEUE=0xffff000041bc7840 INLINE_SCHEDULE_STATE=0xffff000041bc7980
=== RAW BINARY SNAPSHOTS ===
=== LIVENESS LOCK SNAPSHOT ===
scheduler_lock_byte=0 scheduler_word=0x0
process_manager_lock_byte=0 process_owner_cpu=0xffffffffffffffff process_owner_tid=0xffffffffffffffff
gpu_pci_lock_byte=1 gpu_pci_word=0x1
ahci_irq=0
need_resched_byte=0 context_switch_count=321370
cpu_is_idle bytes: 0xffff000040242010 <_ZN6kernel4task9scheduler11CPU_IS_IDLE17h95504b151607a445E.llvm.13690023082816070217>:	0x00	0x01	0x01	0x01	0x01	0x01	0x01	0x01
=== COMPOSITOR DOMAIN DECODE ===
COMPOSITOR_DIRTY_WAKE.byte=0
=== WAITQUEUE COMPOSITOR_FRAME_WQ DECODE ===
COMPOSITOR_FRAME_WQ.lock_byte=0 cap=4 ptr=0xffff0000502e1e60 head=3 len=0
COMPOSITOR_FRAME_WQ.logical_waiters=[]
COMPOSITOR_FRAME_WQ.raw_ring=[13, 13, 13, 13]
=== WAITQUEUE CLIENT_FRAME_WQ DECODE ===
CLIENT_FRAME_WQ.lock_byte=0 cap=4 ptr=0xffff0000502e1fc8 head=3 len=1
CLIENT_FRAME_WQ.logical_waiters=[16]
CLIENT_FRAME_WQ.raw_ring=[16, 16, 16, 16]
=== WINDOW REGISTRY DECODE ===
window_registry.lock_byte=0 data=0xffff00004022d2e0 slot_size=984 max_slots=16
window[00] slot=0xffff00004022d2e0 tag=1 id=1 buffer_id=1 owner=6 size=480000 mapped=0x7ffffdf86000 width=400 height=300 x=32 y=72 z=0 registered=1 resource=0 virgl_init=0 generation=47793 last_uploaded_gen=0 last_read_gen=47793 pending=True waiting_thread_id=Some(16) input_head=0 input_tail=0
window[01] empty_or_none slot=0xffff00004022d6b8 tag=2 id=0 buffer_id=0 generation=0 last_uploaded_gen=0 waiting_thread_id=tag2(0x0)
window[02] empty_or_none slot=0xffff00004022da90 tag=2 id=0 buffer_id=0 generation=0 last_uploaded_gen=0 waiting_thread_id=tag2(0x0)
window[03] empty_or_none slot=0xffff00004022de68 tag=2 id=0 buffer_id=0 generation=0 last_uploaded_gen=0 waiting_thread_id=tag2(0x0)
window[04] empty_or_none slot=0xffff00004022e240 tag=2 id=0 buffer_id=0 generation=0 last_uploaded_gen=0 waiting_thread_id=tag2(0x0)
window[05] empty_or_none slot=0xffff00004022e618 tag=2 id=0 buffer_id=0 generation=0 last_uploaded_gen=0 waiting_thread_id=tag2(0x0)
window[06] empty_or_none slot=0xffff00004022e9f0 tag=2 id=0 buffer_id=0 generation=0 last_uploaded_gen=0 waiting_thread_id=tag2(0x0)
window[07] empty_or_none slot=0xffff00004022edc8 tag=2 id=0 buffer_id=0 generation=0 last_uploaded_gen=0 waiting_thread_id=tag2(0x0)
window[08] empty_or_none slot=0xffff00004022f1a0 tag=2 id=0 buffer_id=0 generation=0 last_uploaded_gen=0 waiting_thread_id=tag2(0x0)
window[09] empty_or_none slot=0xffff00004022f578 tag=2 id=0 buffer_id=0 generation=0 last_uploaded_gen=0 waiting_thread_id=tag2(0x0)
window[10] empty_or_none slot=0xffff00004022f950 tag=2 id=0 buffer_id=0 generation=0 last_uploaded_gen=0 waiting_thread_id=tag2(0x0)
window[11] empty_or_none slot=0xffff00004022fd28 tag=2 id=0 buffer_id=0 generation=0 last_uploaded_gen=0 waiting_thread_id=tag2(0x0)
window[12] empty_or_none slot=0xffff000040230100 tag=2 id=0 buffer_id=0 generation=0 last_uploaded_gen=0 waiting_thread_id=tag2(0x0)
window[13] empty_or_none slot=0xffff0000402304d8 tag=2 id=0 buffer_id=0 generation=0 last_uploaded_gen=0 waiting_thread_id=tag2(0x0)
window[14] empty_or_none slot=0xffff0000402308b0 tag=2 id=0 buffer_id=0 generation=0 last_uploaded_gen=0 waiting_thread_id=tag2(0x0)
window[15] empty_or_none slot=0xffff000040230c88 tag=2 id=0 buffer_id=0 generation=0 last_uploaded_gen=0 waiting_thread_id=tag2(0x0)
window_registry.active_or_nonempty_slots=1
window_registry.next_id_candidate=2
=== SCHEDULER DECODE ===
scheduler.lock_byte=0 data=0xffff00004022d008
cpu_state[0] current=Some(13) previous=None idle_tid=0
cpu_state[1] current=Some(4) previous=None idle_tid=4
cpu_state[2] current=Some(5) previous=None idle_tid=5
cpu_state[3] current=Some(6) previous=None idle_tid=6
cpu_state[4] current=Some(7) previous=None idle_tid=7
cpu_state[5] current=Some(8) previous=None idle_tid=8
cpu_state[6] current=Some(9) previous=None idle_tid=9
cpu_state[7] current=Some(10) previous=None idle_tid=10
threads_vec cap=16 ptr=0xffff0000502e0c00 len=16
thread_box[00]=0xffff0000502e11a0 first8q=[1, 18446462599840137216, 0, 0, 0, 2, 0, 0]
thread_box[01]=0xffff0000502e14b0 first8q=[1, 18446462600144293888, 1, 0, 18446462600144228352, 18446462600144293888, 0, 0]
thread_box_detail[01] ptr=0xffff0000502e14b0 match_offsets=[(536, 16)] first32q=[1, 18446462600144293888, 1, 0, 18446462600144228352, 18446462600144293888, 0, 0, 0, 0, 0, 0, 0, 0, 0, 0, 0, 0, 0, 0, 0, 0, 0, 0, 0, 0, 0, 0, 0, 0, 0, 0]
thread_box[02]=0xffff0000502e17c0 first8q=[1, 18446462600144363520, 1, 0, 18446462600144297984, 18446462600144363520, 0, 0]
thread_box[03]=0xffff0000502e1ad0 first8q=[1, 18446462599861108736, 0, 0, 0, 0, 0, 18446462599808803264]
thread_box_detail[03] ptr=0xffff0000502e1ad0 match_offsets=[(376, 16)] first32q=[1, 18446462599861108736, 0, 0, 0, 0, 0, 18446462599808803264, 1, 18446462599861108304, 1, 0, 0, 0, 0, 0, 0, 0, 0, 0, 0, 0, 0, 0, 0, 0, 0, 0, 0, 0, 0, 0]
thread_box[04]=0xffff00005320e748 first8q=[1, 18446462599863205888, 0, 0, 0, 0, 0, 18446462599808803264]
thread_box_detail[04] ptr=0xffff00005320e748 match_offsets=[(376, 16)] first32q=[1, 18446462599863205888, 0, 0, 0, 0, 0, 18446462599808803264, 1, 18446462599863205456, 1, 0, 0, 0, 0, 0, 0, 0, 0, 0, 0, 0, 0, 0, 0, 0, 0, 0, 0, 0, 0, 0]
thread_box[05]=0xffff00005320ea58 first8q=[1, 18446462599865303040, 0, 0, 0, 0, 0, 18446462599808803264]
thread_box_detail[05] ptr=0xffff00005320ea58 match_offsets=[(376, 16)] first32q=[1, 18446462599865303040, 0, 0, 0, 0, 0, 18446462599808803264, 1, 18446462599865302608, 1, 0, 0, 0, 0, 0, 0, 0, 0, 0, 0, 0, 0, 0, 0, 0, 0, 0, 0, 0, 0, 0]
thread_box[06]=0xffff00005320ed68 first8q=[1, 18446462599867400192, 0, 0, 0, 0, 0, 18446462599808803264]
thread_box_detail[06] ptr=0xffff00005320ed68 match_offsets=[(376, 16)] first32q=[1, 18446462599867400192, 0, 0, 0, 0, 0, 18446462599808803264, 1, 18446462599867399760, 1, 0, 0, 0, 0, 0, 0, 0, 0, 0, 0, 0, 0, 0, 0, 0, 0, 0, 0, 0, 0, 0]
thread_box[07]=0xffff00005320f078 first8q=[1, 18446462599869497344, 0, 0, 0, 0, 0, 18446462599808803264]
thread_box_detail[07] ptr=0xffff00005320f078 match_offsets=[(376, 16)] first32q=[1, 18446462599869497344, 0, 0, 0, 0, 0, 18446462599808803264, 1, 18446462599869496912, 1, 0, 0, 0, 0, 0, 0, 0, 0, 0, 0, 0, 0, 0, 0, 0, 0, 0, 0, 0, 0, 0]
thread_box[08]=0xffff00005320f388 first8q=[1, 18446462599871594496, 0, 0, 0, 0, 0, 18446462599808803264]
thread_box_detail[08] ptr=0xffff00005320f388 match_offsets=[(376, 16)] first32q=[1, 18446462599871594496, 0, 0, 0, 0, 0, 18446462599808803264, 1, 18446462599871594064, 1, 0, 0, 0, 0, 0, 0, 0, 0, 0, 0, 0, 0, 0, 0, 0, 0, 0, 0, 0, 0, 0]
thread_box[09]=0xffff00005320f698 first8q=[1, 18446462599873691648, 0, 0, 0, 0, 0, 18446462599808803264]
thread_box_detail[09] ptr=0xffff00005320f698 match_offsets=[(376, 16)] first32q=[1, 18446462599873691648, 0, 0, 0, 0, 0, 18446462599808803264, 1, 18446462599873691216, 1, 0, 0, 0, 0, 0, 0, 0, 0, 0, 0, 0, 0, 0, 0, 0, 0, 0, 0, 0, 0, 0]
thread_box[10]=0xffff0000532134d8 first8q=[1, 18446462600144433152, 0, 936747622985637556, 7493989779944505344, 936747622986690050, 0, 0]
thread_box[11]=0xffff0000532137e8 first8q=[1, 18446462600144502784, 0, 3, 88373247082496, 0, 0, 1]
thread_box[12]=0xffff000053213bf8 first8q=[1, 18446462600144572416, 0, 3, 88373247082496, 0, 0, 1]
thread_box_detail[12] ptr=0xffff000053213bf8 match_offsets=[(400, 13)] first32q=[1, 18446462600144572416, 0, 3, 88373247082496, 0, 0, 1, 18446462600078036352, 18446462599808946176, 18446462599808088976, 18446462599808947816, 768, 1, 18446462600078036352, 1, 18446462600144431200, 3, 3, 18446462600127528952, 429208, 0, 18446462599808706225, 18446462599826440192, 18446462599808954328, 18446462599808950272, 18446462599808954312, 10, 17347, 18446462600144431200, 18446744073709551615, 18446462599808947952]
thread_box[13]=0xffff0000532140b8 first8q=[1, 18446462600144642048, 0, 3, 88373247082496, 0, 0, 1]
thread_box_detail[13] ptr=0xffff0000532140b8 match_offsets=[] first32q=[1, 18446462600144642048, 0, 3, 88373247082496, 0, 0, 1, 18446462600127527720, 18446462599808946176, 18446462599808088976, 18446462599808947816, 768, 1, 18446462600127527720, 1, 18446462600144431200, 7, 4, 18446462600127530088, 298632, 0, 18446462599808706225, 18446462599826440192, 18446462599808954328, 18446462599808950272, 18446462599808954312, 10, 18532, 18446462600144431200, 18446744073709551615, 18446462599808947952]
thread_box[14]=0xffff000053214970 first8q=[1, 18446462600144711680, 0, 3, 88373247082496, 0, 0, 1]
thread_box[15]=0xffff000053214de0 first8q=[1, 18446462600144781312, 0, 3, 88373247082496, 0, 0, 1]
thread_box_detail[15] ptr=0xffff000053214de0 match_offsets=[(400, 16)] first32q=[1, 18446462600144781312, 0, 3, 88373247082496, 0, 0, 1, 18446462600127527720, 18446462599808946176, 18446462599808088976, 18446462599808947816, 768, 1, 18446462600127527720, 1, 18446462600144431200, 6, 6, 18446462600127533440, 388152, 0, 18446462599808706225, 18446462599826440192, 18446462599808954328, 18446462599808950272, 18446462599808954312, 10, 20090, 18446462600144431200, 18446744073709551615, 18446462599808947952]
ready_queue[0] cap=4 ptr=0xffff0000502e0860 head=2 len=0 ids=[]
ready_queue[1] cap=4 ptr=0xffff0000502e0b70 head=3 len=0 ids=[]
ready_queue[2] cap=4 ptr=0xffff0000502e1e40 head=3 len=0 ids=[]
ready_queue[3] cap=4 ptr=0xffff0000502e0d20 head=3 len=0 ids=[]
ready_queue[4] cap=4 ptr=0xffff000053213f08 head=3 len=0 ids=[]
ready_queue[5] cap=4 ptr=0xffff0000502e0d40 head=0 len=0 ids=[]
ready_queue[6] cap=4 ptr=0xffff000053213f28 head=1 len=0 ids=[]
ready_queue[7] cap=4 ptr=0xffff0000532148b0 head=2 len=0 ids=[]
timer_heap cap=4 ptr=0xffff0000502e0ba0 len=2
tid_location tid=13 current_cpus=[0] previous_cpus=[] ready_queues=[]
tid_location tid=16 current_cpus=[] previous_cpus=[] ready_queues=[]
=== PER-CPU STATIC STATE ===
need_resched_byte=0 context_switch_count=321370
cpu_is_idle=[0, 1, 1, 1, 1, 1, 1, 1]
deferred_requeue=[0, 0, 0, 0, 0, 0, 0, 0]
last_defer_info=['0x3000000000501', '0x1000d00000c02', '0x5000500000501', '0x1001000000c02', '0x5000700000501', '0x1000d00000c02', '0x1000d00000c02', '0x1000d00000c02']
last_defer_sp=['0x41ffff40', '0x54255000', '0x435fff40', '0x54288000', '0x439fff40', '0x54255000', '0x54255000', '0x54255000']
last_defer_elr=['0x401d42bc', '0x4000934c', '0x401d42bc', '0x40006cbc', '0x401d42bc', '0x40009104', '0x40009104', '0x4000934c']
last_defer_x30=['0x401d42bc', '0x4000933c', '0x401d42bc', '0x40006e00', '0x401d42bc', '0x40009138', '0x40009138', '0x4000933c']
inline_schedule_state[0] scheduler_ptr=0x0 old_tid=16 new_tid=13 should_requeue_old=0
inline_schedule_state[1] scheduler_ptr=0x0 old_tid=16 new_tid=13 should_requeue_old=0
inline_schedule_state[2] scheduler_ptr=0x0 old_tid=13 new_tid=5 should_requeue_old=0
inline_schedule_state[3] scheduler_ptr=0x0 old_tid=13 new_tid=6 should_requeue_old=0
inline_schedule_state[4] scheduler_ptr=0x0 old_tid=13 new_tid=7 should_requeue_old=0
inline_schedule_state[5] scheduler_ptr=0x0 old_tid=16 new_tid=8 should_requeue_old=0
inline_schedule_state[6] scheduler_ptr=0x0 old_tid=16 new_tid=13 should_requeue_old=0
inline_schedule_state[7] scheduler_ptr=0x0 old_tid=16 new_tid=13 should_requeue_old=0
tid_deferred_membership tid=13 deferred_cpus=[] inline_old_cpus=[2, 3, 4] inline_new_cpus=[0, 1, 6, 7]
tid_deferred_membership tid=16 deferred_cpus=[] inline_old_cpus=[0, 1, 5, 6, 7] inline_new_cpus=[]
=== GRAPHICS COUNTERS / STATIC COUNTER PROBE ===
exact_mark_window_dirty_counter=absent
exact_handle_composite_windows_counter=absent
exact_compositor_ready_bits_counter=absent
exact_wake_compositor_if_waiting_counter=absent
BWM_COMPOSITE_FRAME_ENTER_TOTAL first8=[18446462599808799975, 31, 18446462599808608608, 32, 0, 0, 0, 0]
BWM_COMPOSITE_FRAME_EXIT_TOTAL first8=[18446462599808800006, 30, 18446462599808800036, 30, 0, 0, 0, 0]
FB_FLUSH_COUNT=0
VIRGL_COMPOSITE_WINDOWS_FRAME.u32=0
VIRGL_COMPOSITE_WINDOWS_WORK_FRAME.u32=0
=== RAW MEMORY TEXT DUMPS ===
--- COMPOSITOR_FRAME_WQ raw ---
0xffff00004022d2b0 <_ZN6kernel7syscall8graphics19COMPOSITOR_FRAME_WQ17h90b5e186d357a906E.llvm.6910550533382647730>:	0x0000000000000000	0x0000000000000004
0xffff00004022d2c0 <_ZN6kernel7syscall8graphics19COMPOSITOR_FRAME_WQ17h90b5e186d357a906E.llvm.6910550533382647730+16>:	0xffff0000502e1e60	0x0000000000000003
0xffff00004022d2d0 <_ZN6kernel7syscall8graphics19COMPOSITOR_FRAME_WQ17h90b5e186d357a906E.llvm.6910550533382647730+32>:	0x0000000000000000	0x0000000000000000
0xffff00004022d2e0 <_ZN6kernel7syscall8graphics15WINDOW_REGISTRY17h25c4e2c6b0a59edeE.llvm.6910550533382647730+8>:	0x0000000000000001	0x0000000000000010
--- CLIENT_FRAME_WQ raw ---
0xffff000040231258 <_ZN6kernel7syscall8graphics15CLIENT_FRAME_WQ17h77b669c7a224433cE>:	0x0000000000000000	0x0000000000000004
0xffff000040231268 <_ZN6kernel7syscall8graphics15CLIENT_FRAME_WQ17h77b669c7a224433cE+16>:	0xffff0000502e1fc8	0x0000000000000003
0xffff000040231278 <_ZN6kernel7syscall8graphics15CLIENT_FRAME_WQ17h77b669c7a224433cE+32>:	0x0000000000000001	0x0000000000000000
0xffff000040231288 <_ZN6kernel7syscall8graphics14INPUT_EVENT_WQ17h4d667ec33a2c18d7E+8>:	0x0000000000000000	0x0000000000000008
--- WINDOW_REGISTRY first 256 qwords raw ---
0xffff00004022d2d8 <_ZN6kernel7syscall8graphics15WINDOW_REGISTRY17h25c4e2c6b0a59edeE.llvm.6910550533382647730>:	0x0000000000000000	0x0000000000000001
0xffff00004022d2e8 <_ZN6kernel7syscall8graphics15WINDOW_REGISTRY17h25c4e2c6b0a59edeE.llvm.6910550533382647730+16>:	0x0000000000000010	0x0000000000000076
0xffff00004022d2f8 <_ZN6kernel7syscall8graphics15WINDOW_REGISTRY17h25c4e2c6b0a59edeE.llvm.6910550533382647730+32>:	0xffff0000532150f0	0x0000000000000076
0xffff00004022d308 <_ZN6kernel7syscall8graphics15WINDOW_REGISTRY17h25c4e2c6b0a59edeE.llvm.6910550533382647730+48>:	0x0000000000000006	0x0000000044172000
0xffff00004022d318 <_ZN6kernel7syscall8graphics15WINDOW_REGISTRY17h25c4e2c6b0a59edeE.llvm.6910550533382647730+64>:	0x0000000000075300	0x00007ffffdf86000
0xffff00004022d328 <_ZN6kernel7syscall8graphics15WINDOW_REGISTRY17h25c4e2c6b0a59edeE.llvm.6910550533382647730+80>:	0x000065636e756f42	0x0000000000000000
0xffff00004022d338 <_ZN6kernel7syscall8graphics15WINDOW_REGISTRY17h25c4e2c6b0a59edeE.llvm.6910550533382647730+96>:	0x0000000000000000	0x0000000000000000
0xffff00004022d348 <_ZN6kernel7syscall8graphics15WINDOW_REGISTRY17h25c4e2c6b0a59edeE.llvm.6910550533382647730+112>:	0x0000000000000000	0x0000000000000000
0xffff00004022d358 <_ZN6kernel7syscall8graphics15WINDOW_REGISTRY17h25c4e2c6b0a59edeE.llvm.6910550533382647730+128>:	0x0000000000000000	0x0000000000000000
0xffff00004022d368 <_ZN6kernel7syscall8graphics15WINDOW_REGISTRY17h25c4e2c6b0a59edeE.llvm.6910550533382647730+144>:	0x0000000000000006	0x000000000000bab1
0xffff00004022d378 <_ZN6kernel7syscall8graphics15WINDOW_REGISTRY17h25c4e2c6b0a59edeE.llvm.6910550533382647730+160>:	0x0000000000000000	0x000000000000bab1
0xffff00004022d388 <_ZN6kernel7syscall8graphics15WINDOW_REGISTRY17h25c4e2c6b0a59edeE.llvm.6910550533382647730+176>:	0x0000000000000000	0x0000000000000000
0xffff00004022d398 <_ZN6kernel7syscall8graphics15WINDOW_REGISTRY17h25c4e2c6b0a59edeE.llvm.6910550533382647730+192>:	0x0000000000000000	0x0000000000000000
0xffff00004022d3a8 <_ZN6kernel7syscall8graphics15WINDOW_REGISTRY17h25c4e2c6b0a59edeE.llvm.6910550533382647730+208>:	0x0000000000000000	0x0000000000000000
0xffff00004022d3b8 <_ZN6kernel7syscall8graphics15WINDOW_REGISTRY17h25c4e2c6b0a59edeE.llvm.6910550533382647730+224>:	0x0000000000000000	0x0000000000000000
0xffff00004022d3c8 <_ZN6kernel7syscall8graphics15WINDOW_REGISTRY17h25c4e2c6b0a59edeE.llvm.6910550533382647730+240>:	0x0000000000000000	0x0000000000000000
0xffff00004022d3d8 <_ZN6kernel7syscall8graphics15WINDOW_REGISTRY17h25c4e2c6b0a59edeE.llvm.6910550533382647730+256>:	0x0000000000000000	0x0000000000000000
0xffff00004022d3e8 <_ZN6kernel7syscall8graphics15WINDOW_REGISTRY17h25c4e2c6b0a59edeE.llvm.6910550533382647730+272>:	0x0000000000000000	0x0000000000000000
0xffff00004022d3f8 <_ZN6kernel7syscall8graphics15WINDOW_REGISTRY17h25c4e2c6b0a59edeE.llvm.6910550533382647730+288>:	0x0000000000000000	0x0000000000000000
0xffff00004022d408 <_ZN6kernel7syscall8graphics15WINDOW_REGISTRY17h25c4e2c6b0a59edeE.llvm.6910550533382647730+304>:	0x0000000000000000	0x0000000000000000
0xffff00004022d418 <_ZN6kernel7syscall8graphics15WINDOW_REGISTRY17h25c4e2c6b0a59edeE.llvm.6910550533382647730+320>:	0x0000000000000000	0x0000000000000000
0xffff00004022d428 <_ZN6kernel7syscall8graphics15WINDOW_REGISTRY17h25c4e2c6b0a59edeE.llvm.6910550533382647730+336>:	0x0000000000000000	0x0000000000000000
0xffff00004022d438 <_ZN6kernel7syscall8graphics15WINDOW_REGISTRY17h25c4e2c6b0a59edeE.llvm.6910550533382647730+352>:	0x0000000000000000	0x0000000000000000
0xffff00004022d448 <_ZN6kernel7syscall8graphics15WINDOW_REGISTRY17h25c4e2c6b0a59edeE.llvm.6910550533382647730+368>:	0x0000000000000000	0x0000000000000000
0xffff00004022d458 <_ZN6kernel7syscall8graphics15WINDOW_REGISTRY17h25c4e2c6b0a59edeE.llvm.6910550533382647730+384>:	0x0000000000000000	0x0000000000000000
0xffff00004022d468 <_ZN6kernel7syscall8graphics15WINDOW_REGISTRY17h25c4e2c6b0a59edeE.llvm.6910550533382647730+400>:	0x0000000000000000	0x0000000000000000
0xffff00004022d478 <_ZN6kernel7syscall8graphics15WINDOW_REGISTRY17h25c4e2c6b0a59edeE.llvm.6910550533382647730+416>:	0x0000000000000000	0x0000000000000000
0xffff00004022d488 <_ZN6kernel7syscall8graphics15WINDOW_REGISTRY17h25c4e2c6b0a59edeE.llvm.6910550533382647730+432>:	0x0000000000000000	0x0000000000000000
0xffff00004022d498 <_ZN6kernel7syscall8graphics15WINDOW_REGISTRY17h25c4e2c6b0a59edeE.llvm.6910550533382647730+448>:	0x0000000000000000	0x0000000000000000
0xffff00004022d4a8 <_ZN6kernel7syscall8graphics15WINDOW_REGISTRY17h25c4e2c6b0a59edeE.llvm.6910550533382647730+464>:	0x0000000000000000	0x0000000000000000
0xffff00004022d4b8 <_ZN6kernel7syscall8graphics15WINDOW_REGISTRY17h25c4e2c6b0a59edeE.llvm.6910550533382647730+480>:	0x0000000000000000	0x0000000000000000
0xffff00004022d4c8 <_ZN6kernel7syscall8graphics15WINDOW_REGISTRY17h25c4e2c6b0a59edeE.llvm.6910550533382647730+496>:	0x0000000000000000	0x0000000000000000
0xffff00004022d4d8 <_ZN6kernel7syscall8graphics15WINDOW_REGISTRY17h25c4e2c6b0a59edeE.llvm.6910550533382647730+512>:	0x0000000000000000	0x0000000000000000
0xffff00004022d4e8 <_ZN6kernel7syscall8graphics15WINDOW_REGISTRY17h25c4e2c6b0a59edeE.llvm.6910550533382647730+528>:	0x0000000000000000	0x0000000000000000
0xffff00004022d4f8 <_ZN6kernel7syscall8graphics15WINDOW_REGISTRY17h25c4e2c6b0a59edeE.llvm.6910550533382647730+544>:	0x0000000000000000	0x0000000000000000
0xffff00004022d508 <_ZN6kernel7syscall8graphics15WINDOW_REGISTRY17h25c4e2c6b0a59edeE.llvm.6910550533382647730+560>:	0x0000000000000000	0x0000000000000000
0xffff00004022d518 <_ZN6kernel7syscall8graphics15WINDOW_REGISTRY17h25c4e2c6b0a59edeE.llvm.6910550533382647730+576>:	0x0000000000000000	0x0000000000000000
0xffff00004022d528 <_ZN6kernel7syscall8graphics15WINDOW_REGISTRY17h25c4e2c6b0a59edeE.llvm.6910550533382647730+592>:	0x0000000000000000	0x0000000000000000
0xffff00004022d538 <_ZN6kernel7syscall8graphics15WINDOW_REGISTRY17h25c4e2c6b0a59edeE.llvm.6910550533382647730+608>:	0x0000000000000000	0x0000000000000000
0xffff00004022d548 <_ZN6kernel7syscall8graphics15WINDOW_REGISTRY17h25c4e2c6b0a59edeE.llvm.6910550533382647730+624>:	0x0000000000000000	0x0000000000000000
0xffff00004022d558 <_ZN6kernel7syscall8graphics15WINDOW_REGISTRY17h25c4e2c6b0a59edeE.llvm.6910550533382647730+640>:	0x0000000000000000	0x0000000000000000
0xffff00004022d568 <_ZN6kernel7syscall8graphics15WINDOW_REGISTRY17h25c4e2c6b0a59edeE.llvm.6910550533382647730+656>:	0x0000000000000000	0x0000000000000000
0xffff00004022d578 <_ZN6kernel7syscall8graphics15WINDOW_REGISTRY17h25c4e2c6b0a59edeE.llvm.6910550533382647730+672>:	0x0000000000000000	0x0000000000000000
0xffff00004022d588 <_ZN6kernel7syscall8graphics15WINDOW_REGISTRY17h25c4e2c6b0a59edeE.llvm.6910550533382647730+688>:	0x0000000000000000	0x0000000000000000
0xffff00004022d598 <_ZN6kernel7syscall8graphics15WINDOW_REGISTRY17h25c4e2c6b0a59edeE.llvm.6910550533382647730+704>:	0x0000000000000000	0x0000000000000000
0xffff00004022d5a8 <_ZN6kernel7syscall8graphics15WINDOW_REGISTRY17h25c4e2c6b0a59edeE.llvm.6910550533382647730+720>:	0x0000000000000000	0x0000000000000000
0xffff00004022d5b8 <_ZN6kernel7syscall8graphics15WINDOW_REGISTRY17h25c4e2c6b0a59edeE.llvm.6910550533382647730+736>:	0x0000000000000000	0x0000000000000000
0xffff00004022d5c8 <_ZN6kernel7syscall8graphics15WINDOW_REGISTRY17h25c4e2c6b0a59edeE.llvm.6910550533382647730+752>:	0x0000000000000000	0x0000000000000000
0xffff00004022d5d8 <_ZN6kernel7syscall8graphics15WINDOW_REGISTRY17h25c4e2c6b0a59edeE.llvm.6910550533382647730+768>:	0x0000000000000000	0x0000000000000000
0xffff00004022d5e8 <_ZN6kernel7syscall8graphics15WINDOW_REGISTRY17h25c4e2c6b0a59edeE.llvm.6910550533382647730+784>:	0x0000000000000000	0x0000000000000000
0xffff00004022d5f8 <_ZN6kernel7syscall8graphics15WINDOW_REGISTRY17h25c4e2c6b0a59edeE.llvm.6910550533382647730+800>:	0x0000000000000000	0x0000000000000000
0xffff00004022d608 <_ZN6kernel7syscall8graphics15WINDOW_REGISTRY17h25c4e2c6b0a59edeE.llvm.6910550533382647730+816>:	0x0000000000000000	0x0000000000000000
0xffff00004022d618 <_ZN6kernel7syscall8graphics15WINDOW_REGISTRY17h25c4e2c6b0a59edeE.llvm.6910550533382647730+832>:	0x0000000000000000	0x0000000000000000
0xffff00004022d628 <_ZN6kernel7syscall8graphics15WINDOW_REGISTRY17h25c4e2c6b0a59edeE.llvm.6910550533382647730+848>:	0x0000000000000000	0x0000000000000000
0xffff00004022d638 <_ZN6kernel7syscall8graphics15WINDOW_REGISTRY17h25c4e2c6b0a59edeE.llvm.6910550533382647730+864>:	0x0000000000000000	0x0000000000000000
0xffff00004022d648 <_ZN6kernel7syscall8graphics15WINDOW_REGISTRY17h25c4e2c6b0a59edeE.llvm.6910550533382647730+880>:	0x0000000000000000	0x0000000000000000
0xffff00004022d658 <_ZN6kernel7syscall8graphics15WINDOW_REGISTRY17h25c4e2c6b0a59edeE.llvm.6910550533382647730+896>:	0x0000000000000000	0x0000000000000000
0xffff00004022d668 <_ZN6kernel7syscall8graphics15WINDOW_REGISTRY17h25c4e2c6b0a59edeE.llvm.6910550533382647730+912>:	0x0000000000000000	0x0000000000000000
0xffff00004022d678 <_ZN6kernel7syscall8graphics15WINDOW_REGISTRY17h25c4e2c6b0a59edeE.llvm.6910550533382647730+928>:	0x0000000000000000	0x0000000000000000
0xffff00004022d688 <_ZN6kernel7syscall8graphics15WINDOW_REGISTRY17h25c4e2c6b0a59edeE.llvm.6910550533382647730+944>:	0x0000000000000000	0x0000000000000000
0xffff00004022d698 <_ZN6kernel7syscall8graphics15WINDOW_REGISTRY17h25c4e2c6b0a59edeE.llvm.6910550533382647730+960>:	0x0000019000000001	0x000000200000012c
0xffff00004022d6a8 <_ZN6kernel7syscall8graphics15WINDOW_REGISTRY17h25c4e2c6b0a59edeE.llvm.6910550533382647730+976>:	0x0000000000000048	0x0000000100000000
0xffff00004022d6b8 <_ZN6kernel7syscall8graphics15WINDOW_REGISTRY17h25c4e2c6b0a59edeE.llvm.6910550533382647730+992>:	0x0000000000000002	0x0000000000000000
0xffff00004022d6c8 <_ZN6kernel7syscall8graphics15WINDOW_REGISTRY17h25c4e2c6b0a59edeE.llvm.6910550533382647730+1008>:	0x0000000000000000	0x0000000000000000
0xffff00004022d6d8 <_ZN6kernel7syscall8graphics15WINDOW_REGISTRY17h25c4e2c6b0a59edeE.llvm.6910550533382647730+1024>:	0x0000000000000000	0x0000000000000000
0xffff00004022d6e8 <_ZN6kernel7syscall8graphics15WINDOW_REGISTRY17h25c4e2c6b0a59edeE.llvm.6910550533382647730+1040>:	0x0000000000000000	0x0000000000000000
0xffff00004022d6f8 <_ZN6kernel7syscall8graphics15WINDOW_REGISTRY17h25c4e2c6b0a59edeE.llvm.6910550533382647730+1056>:	0x0000000000000000	0x0000000000000000
0xffff00004022d708 <_ZN6kernel7syscall8graphics15WINDOW_REGISTRY17h25c4e2c6b0a59edeE.llvm.6910550533382647730+1072>:	0x0000000000000000	0x0000000000000000
0xffff00004022d718 <_ZN6kernel7syscall8graphics15WINDOW_REGISTRY17h25c4e2c6b0a59edeE.llvm.6910550533382647730+1088>:	0x0000000000000000	0x0000000000000000
0xffff00004022d728 <_ZN6kernel7syscall8graphics15WINDOW_REGISTRY17h25c4e2c6b0a59edeE.llvm.6910550533382647730+1104>:	0x0000000000000000	0x0000000000000000
0xffff00004022d738 <_ZN6kernel7syscall8graphics15WINDOW_REGISTRY17h25c4e2c6b0a59edeE.llvm.6910550533382647730+1120>:	0x0000000000000000	0x0000000000000000
0xffff00004022d748 <_ZN6kernel7syscall8graphics15WINDOW_REGISTRY17h25c4e2c6b0a59edeE.llvm.6910550533382647730+1136>:	0x0000000000000000	0x0000000000000000
0xffff00004022d758 <_ZN6kernel7syscall8graphics15WINDOW_REGISTRY17h25c4e2c6b0a59edeE.llvm.6910550533382647730+1152>:	0x0000000000000000	0x0000000000000000
0xffff00004022d768 <_ZN6kernel7syscall8graphics15WINDOW_REGISTRY17h25c4e2c6b0a59edeE.llvm.6910550533382647730+1168>:	0x0000000000000000	0x0000000000000000
0xffff00004022d778 <_ZN6kernel7syscall8graphics15WINDOW_REGISTRY17h25c4e2c6b0a59edeE.llvm.6910550533382647730+1184>:	0x0000000000000000	0x0000000000000000
0xffff00004022d788 <_ZN6kernel7syscall8graphics15WINDOW_REGISTRY17h25c4e2c6b0a59edeE.llvm.6910550533382647730+1200>:	0x0000000000000000	0x0000000000000000
0xffff00004022d798 <_ZN6kernel7syscall8graphics15WINDOW_REGISTRY17h25c4e2c6b0a59edeE.llvm.6910550533382647730+1216>:	0x0000000000000000	0x0000000000000000
0xffff00004022d7a8 <_ZN6kernel7syscall8graphics15WINDOW_REGISTRY17h25c4e2c6b0a59edeE.llvm.6910550533382647730+1232>:	0x0000000000000000	0x0000000000000000
0xffff00004022d7b8 <_ZN6kernel7syscall8graphics15WINDOW_REGISTRY17h25c4e2c6b0a59edeE.llvm.6910550533382647730+1248>:	0x0000000000000000	0x0000000000000000
0xffff00004022d7c8 <_ZN6kernel7syscall8graphics15WINDOW_REGISTRY17h25c4e2c6b0a59edeE.llvm.6910550533382647730+1264>:	0x0000000000000000	0x0000000000000000
0xffff00004022d7d8 <_ZN6kernel7syscall8graphics15WINDOW_REGISTRY17h25c4e2c6b0a59edeE.llvm.6910550533382647730+1280>:	0x0000000000000000	0x0000000000000000
0xffff00004022d7e8 <_ZN6kernel7syscall8graphics15WINDOW_REGISTRY17h25c4e2c6b0a59edeE.llvm.6910550533382647730+1296>:	0x0000000000000000	0x0000000000000000
0xffff00004022d7f8 <_ZN6kernel7syscall8graphics15WINDOW_REGISTRY17h25c4e2c6b0a59edeE.llvm.6910550533382647730+1312>:	0x0000000000000000	0x0000000000000000
0xffff00004022d808 <_ZN6kernel7syscall8graphics15WINDOW_REGISTRY17h25c4e2c6b0a59edeE.llvm.6910550533382647730+1328>:	0x0000000000000000	0x0000000000000000
0xffff00004022d818 <_ZN6kernel7syscall8graphics15WINDOW_REGISTRY17h25c4e2c6b0a59edeE.llvm.6910550533382647730+1344>:	0x0000000000000000	0x0000000000000000
0xffff00004022d828 <_ZN6kernel7syscall8graphics15WINDOW_REGISTRY17h25c4e2c6b0a59edeE.llvm.6910550533382647730+1360>:	0x0000000000000000	0x0000000000000000
0xffff00004022d838 <_ZN6kernel7syscall8graphics15WINDOW_REGISTRY17h25c4e2c6b0a59edeE.llvm.6910550533382647730+1376>:	0x0000000000000000	0x0000000000000000
0xffff00004022d848 <_ZN6kernel7syscall8graphics15WINDOW_REGISTRY17h25c4e2c6b0a59edeE.llvm.6910550533382647730+1392>:	0x0000000000000000	0x0000000000000000
0xffff00004022d858 <_ZN6kernel7syscall8graphics15WINDOW_REGISTRY17h25c4e2c6b0a59edeE.llvm.6910550533382647730+1408>:	0x0000000000000000	0x0000000000000000
0xffff00004022d868 <_ZN6kernel7syscall8graphics15WINDOW_REGISTRY17h25c4e2c6b0a59edeE.llvm.6910550533382647730+1424>:	0x0000000000000000	0x0000000000000000
0xffff00004022d878 <_ZN6kernel7syscall8graphics15WINDOW_REGISTRY17h25c4e2c6b0a59edeE.llvm.6910550533382647730+1440>:	0x0000000000000000	0x0000000000000000
0xffff00004022d888 <_ZN6kernel7syscall8graphics15WINDOW_REGISTRY17h25c4e2c6b0a59edeE.llvm.6910550533382647730+1456>:	0x0000000000000000	0x0000000000000000
0xffff00004022d898 <_ZN6kernel7syscall8graphics15WINDOW_REGISTRY17h25c4e2c6b0a59edeE.llvm.6910550533382647730+1472>:	0x0000000000000000	0x0000000000000000
0xffff00004022d8a8 <_ZN6kernel7syscall8graphics15WINDOW_REGISTRY17h25c4e2c6b0a59edeE.llvm.6910550533382647730+1488>:	0x0000000000000000	0x0000000000000000
0xffff00004022d8b8 <_ZN6kernel7syscall8graphics15WINDOW_REGISTRY17h25c4e2c6b0a59edeE.llvm.6910550533382647730+1504>:	0x0000000000000000	0x0000000000000000
0xffff00004022d8c8 <_ZN6kernel7syscall8graphics15WINDOW_REGISTRY17h25c4e2c6b0a59edeE.llvm.6910550533382647730+1520>:	0x0000000000000000	0x0000000000000000
0xffff00004022d8d8 <_ZN6kernel7syscall8graphics15WINDOW_REGISTRY17h25c4e2c6b0a59edeE.llvm.6910550533382647730+1536>:	0x0000000000000000	0x0000000000000000
0xffff00004022d8e8 <_ZN6kernel7syscall8graphics15WINDOW_REGISTRY17h25c4e2c6b0a59edeE.llvm.6910550533382647730+1552>:	0x0000000000000000	0x0000000000000000
0xffff00004022d8f8 <_ZN6kernel7syscall8graphics15WINDOW_REGISTRY17h25c4e2c6b0a59edeE.llvm.6910550533382647730+1568>:	0x0000000000000000	0x0000000000000000
0xffff00004022d908 <_ZN6kernel7syscall8graphics15WINDOW_REGISTRY17h25c4e2c6b0a59edeE.llvm.6910550533382647730+1584>:	0x0000000000000000	0x0000000000000000
0xffff00004022d918 <_ZN6kernel7syscall8graphics15WINDOW_REGISTRY17h25c4e2c6b0a59edeE.llvm.6910550533382647730+1600>:	0x0000000000000000	0x0000000000000000
0xffff00004022d928 <_ZN6kernel7syscall8graphics15WINDOW_REGISTRY17h25c4e2c6b0a59edeE.llvm.6910550533382647730+1616>:	0x0000000000000000	0x0000000000000000
0xffff00004022d938 <_ZN6kernel7syscall8graphics15WINDOW_REGISTRY17h25c4e2c6b0a59edeE.llvm.6910550533382647730+1632>:	0x0000000000000000	0x0000000000000000
0xffff00004022d948 <_ZN6kernel7syscall8graphics15WINDOW_REGISTRY17h25c4e2c6b0a59edeE.llvm.6910550533382647730+1648>:	0x0000000000000000	0x0000000000000000
0xffff00004022d958 <_ZN6kernel7syscall8graphics15WINDOW_REGISTRY17h25c4e2c6b0a59edeE.llvm.6910550533382647730+1664>:	0x0000000000000000	0x0000000000000000
0xffff00004022d968 <_ZN6kernel7syscall8graphics15WINDOW_REGISTRY17h25c4e2c6b0a59edeE.llvm.6910550533382647730+1680>:	0x0000000000000000	0x0000000000000000
0xffff00004022d978 <_ZN6kernel7syscall8graphics15WINDOW_REGISTRY17h25c4e2c6b0a59edeE.llvm.6910550533382647730+1696>:	0x0000000000000000	0x0000000000000000
0xffff00004022d988 <_ZN6kernel7syscall8graphics15WINDOW_REGISTRY17h25c4e2c6b0a59edeE.llvm.6910550533382647730+1712>:	0x0000000000000000	0x0000000000000000
0xffff00004022d998 <_ZN6kernel7syscall8graphics15WINDOW_REGISTRY17h25c4e2c6b0a59edeE.llvm.6910550533382647730+1728>:	0x0000000000000000	0x0000000000000000
0xffff00004022d9a8 <_ZN6kernel7syscall8graphics15WINDOW_REGISTRY17h25c4e2c6b0a59edeE.llvm.6910550533382647730+1744>:	0x0000000000000000	0x0000000000000000
0xffff00004022d9b8 <_ZN6kernel7syscall8graphics15WINDOW_REGISTRY17h25c4e2c6b0a59edeE.llvm.6910550533382647730+1760>:	0x0000000000000000	0x0000000000000000
0xffff00004022d9c8 <_ZN6kernel7syscall8graphics15WINDOW_REGISTRY17h25c4e2c6b0a59edeE.llvm.6910550533382647730+1776>:	0x0000000000000000	0x0000000000000000
0xffff00004022d9d8 <_ZN6kernel7syscall8graphics15WINDOW_REGISTRY17h25c4e2c6b0a59edeE.llvm.6910550533382647730+1792>:	0x0000000000000000	0x0000000000000000
0xffff00004022d9e8 <_ZN6kernel7syscall8graphics15WINDOW_REGISTRY17h25c4e2c6b0a59edeE.llvm.6910550533382647730+1808>:	0x0000000000000000	0x0000000000000000
0xffff00004022d9f8 <_ZN6kernel7syscall8graphics15WINDOW_REGISTRY17h25c4e2c6b0a59edeE.llvm.6910550533382647730+1824>:	0x0000000000000000	0x0000000000000000
0xffff00004022da08 <_ZN6kernel7syscall8graphics15WINDOW_REGISTRY17h25c4e2c6b0a59edeE.llvm.6910550533382647730+1840>:	0x0000000000000000	0x0000000000000000
0xffff00004022da18 <_ZN6kernel7syscall8graphics15WINDOW_REGISTRY17h25c4e2c6b0a59edeE.llvm.6910550533382647730+1856>:	0x0000000000000000	0x0000000000000000
0xffff00004022da28 <_ZN6kernel7syscall8graphics15WINDOW_REGISTRY17h25c4e2c6b0a59edeE.llvm.6910550533382647730+1872>:	0x0000000000000000	0x0000000000000000
0xffff00004022da38 <_ZN6kernel7syscall8graphics15WINDOW_REGISTRY17h25c4e2c6b0a59edeE.llvm.6910550533382647730+1888>:	0x0000000000000000	0x0000000000000000
0xffff00004022da48 <_ZN6kernel7syscall8graphics15WINDOW_REGISTRY17h25c4e2c6b0a59edeE.llvm.6910550533382647730+1904>:	0x0000000000000000	0x0000000000000000
0xffff00004022da58 <_ZN6kernel7syscall8graphics15WINDOW_REGISTRY17h25c4e2c6b0a59edeE.llvm.6910550533382647730+1920>:	0x0000000000000000	0x0000000000000000
0xffff00004022da68 <_ZN6kernel7syscall8graphics15WINDOW_REGISTRY17h25c4e2c6b0a59edeE.llvm.6910550533382647730+1936>:	0x0000000000000000	0x0000000000000000
0xffff00004022da78 <_ZN6kernel7syscall8graphics15WINDOW_REGISTRY17h25c4e2c6b0a59edeE.llvm.6910550533382647730+1952>:	0x0000000000000000	0x0000000000000000
0xffff00004022da88 <_ZN6kernel7syscall8graphics15WINDOW_REGISTRY17h25c4e2c6b0a59edeE.llvm.6910550533382647730+1968>:	0x0000000000000000	0x0000000000000002
0xffff00004022da98 <_ZN6kernel7syscall8graphics15WINDOW_REGISTRY17h25c4e2c6b0a59edeE.llvm.6910550533382647730+1984>:	0x0000000000000000	0x0000000000000000
0xffff00004022daa8 <_ZN6kernel7syscall8graphics15WINDOW_REGISTRY17h25c4e2c6b0a59edeE.llvm.6910550533382647730+2000>:	0x0000000000000000	0x0000000000000000
0xffff00004022dab8 <_ZN6kernel7syscall8graphics15WINDOW_REGISTRY17h25c4e2c6b0a59edeE.llvm.6910550533382647730+2016>:	0x0000000000000000	0x0000000000000000
0xffff00004022dac8 <_ZN6kernel7syscall8graphics15WINDOW_REGISTRY17h25c4e2c6b0a59edeE.llvm.6910550533382647730+2032>:	0x0000000000000000	0x0000000000000000
--- SCHEDULER first 96 qwords raw ---
0xffff00004022d000 <_ZN6kernel4task9scheduler9SCHEDULER17hb97a7107878de1a7E>:	0x0000000000000000	0x0000000000000001
0xffff00004022d010 <_ZN6kernel4task9scheduler9SCHEDULER17hb97a7107878de1a7E+16>:	0x000000000000000d	0x0000000000000000
0xffff00004022d020 <_ZN6kernel4task9scheduler9SCHEDULER17hb97a7107878de1a7E+32>:	0x000000000000000d	0x0000000000000000
0xffff00004022d030 <_ZN6kernel4task9scheduler9SCHEDULER17hb97a7107878de1a7E+48>:	0x0000000000000001	0x0000000000000004
0xffff00004022d040 <_ZN6kernel4task9scheduler9SCHEDULER17hb97a7107878de1a7E+64>:	0x0000000000000000	0x000000000000000d
0xffff00004022d050 <_ZN6kernel4task9scheduler9SCHEDULER17hb97a7107878de1a7E+80>:	0x0000000000000004	0x0000000000000001
0xffff00004022d060 <_ZN6kernel4task9scheduler9SCHEDULER17hb97a7107878de1a7E+96>:	0x0000000000000005	0x0000000000000000
0xffff00004022d070 <_ZN6kernel4task9scheduler9SCHEDULER17hb97a7107878de1a7E+112>:	0x000000000000000d	0x0000000000000005
0xffff00004022d080 <_ZN6kernel4task9scheduler9SCHEDULER17hb97a7107878de1a7E+128>:	0x0000000000000001	0x0000000000000006
0xffff00004022d090 <_ZN6kernel4task9scheduler9SCHEDULER17hb97a7107878de1a7E+144>:	0x0000000000000000	0x0000000000000010
0xffff00004022d0a0 <_ZN6kernel4task9scheduler9SCHEDULER17hb97a7107878de1a7E+160>:	0x0000000000000006	0x0000000000000001
0xffff00004022d0b0 <_ZN6kernel4task9scheduler9SCHEDULER17hb97a7107878de1a7E+176>:	0x0000000000000007	0x0000000000000000
0xffff00004022d0c0 <_ZN6kernel4task9scheduler9SCHEDULER17hb97a7107878de1a7E+192>:	0x000000000000000d	0x0000000000000007
0xffff00004022d0d0 <_ZN6kernel4task9scheduler9SCHEDULER17hb97a7107878de1a7E+208>:	0x0000000000000001	0x0000000000000008
0xffff00004022d0e0 <_ZN6kernel4task9scheduler9SCHEDULER17hb97a7107878de1a7E+224>:	0x0000000000000000	0x000000000000000d
0xffff00004022d0f0 <_ZN6kernel4task9scheduler9SCHEDULER17hb97a7107878de1a7E+240>:	0x0000000000000008	0x0000000000000001
0xffff00004022d100 <_ZN6kernel4task9scheduler9SCHEDULER17hb97a7107878de1a7E+256>:	0x0000000000000009	0x0000000000000000
0xffff00004022d110 <_ZN6kernel4task9scheduler9SCHEDULER17hb97a7107878de1a7E+272>:	0x000000000000000d	0x0000000000000009
0xffff00004022d120 <_ZN6kernel4task9scheduler9SCHEDULER17hb97a7107878de1a7E+288>:	0x0000000000000001	0x000000000000000a
0xffff00004022d130 <_ZN6kernel4task9scheduler9SCHEDULER17hb97a7107878de1a7E+304>:	0x0000000000000000	0x000000000000000d
0xffff00004022d140 <_ZN6kernel4task9scheduler9SCHEDULER17hb97a7107878de1a7E+320>:	0x000000000000000a	0x0000000000000010
0xffff00004022d150 <_ZN6kernel4task9scheduler9SCHEDULER17hb97a7107878de1a7E+336>:	0xffff0000502e0c00	0x0000000000000010
0xffff00004022d160 <_ZN6kernel4task9scheduler9SCHEDULER17hb97a7107878de1a7E+352>:	0x0000000000000004	0xffff0000502e0860
0xffff00004022d170 <_ZN6kernel4task9scheduler9SCHEDULER17hb97a7107878de1a7E+368>:	0x0000000000000002	0x0000000000000000
0xffff00004022d180 <_ZN6kernel4task9scheduler9SCHEDULER17hb97a7107878de1a7E+384>:	0x0000000000000004	0xffff0000502e0b70
0xffff00004022d190 <_ZN6kernel4task9scheduler9SCHEDULER17hb97a7107878de1a7E+400>:	0x0000000000000003	0x0000000000000000
0xffff00004022d1a0 <_ZN6kernel4task9scheduler9SCHEDULER17hb97a7107878de1a7E+416>:	0x0000000000000004	0xffff0000502e1e40
0xffff00004022d1b0 <_ZN6kernel4task9scheduler9SCHEDULER17hb97a7107878de1a7E+432>:	0x0000000000000003	0x0000000000000000
0xffff00004022d1c0 <_ZN6kernel4task9scheduler9SCHEDULER17hb97a7107878de1a7E+448>:	0x0000000000000004	0xffff0000502e0d20
0xffff00004022d1d0 <_ZN6kernel4task9scheduler9SCHEDULER17hb97a7107878de1a7E+464>:	0x0000000000000003	0x0000000000000000
0xffff00004022d1e0 <_ZN6kernel4task9scheduler9SCHEDULER17hb97a7107878de1a7E+480>:	0x0000000000000004	0xffff000053213f08
0xffff00004022d1f0 <_ZN6kernel4task9scheduler9SCHEDULER17hb97a7107878de1a7E+496>:	0x0000000000000003	0x0000000000000000
0xffff00004022d200 <_ZN6kernel4task9scheduler9SCHEDULER17hb97a7107878de1a7E+512>:	0x0000000000000004	0xffff0000502e0d40
0xffff00004022d210 <_ZN6kernel4task9scheduler9SCHEDULER17hb97a7107878de1a7E+528>:	0x0000000000000000	0x0000000000000000
0xffff00004022d220 <_ZN6kernel4task9scheduler9SCHEDULER17hb97a7107878de1a7E+544>:	0x0000000000000004	0xffff000053213f28
0xffff00004022d230 <_ZN6kernel4task9scheduler9SCHEDULER17hb97a7107878de1a7E+560>:	0x0000000000000001	0x0000000000000000
0xffff00004022d240 <_ZN6kernel4task9scheduler9SCHEDULER17hb97a7107878de1a7E+576>:	0x0000000000000004	0xffff0000532148b0
0xffff00004022d250 <_ZN6kernel4task9scheduler9SCHEDULER17hb97a7107878de1a7E+592>:	0x0000000000000002	0x0000000000000000
0xffff00004022d260 <_ZN6kernel4task9scheduler9SCHEDULER17hb97a7107878de1a7E+608>:	0x0000000000000004	0xffff0000502e0ba0
0xffff00004022d270 <_ZN6kernel4task9scheduler9SCHEDULER17hb97a7107878de1a7E+624>:	0x0000000000000002	0x0000000000000002
0xffff00004022d280 <_ZN6kernel6memory22PHYSICAL_MEMORY_OFFSET17hed9ed8d3a3b38a3aE.llvm.5249891344097648003+8>:	0xffff000000000000	0x0000000000000001
0xffff00004022d290 <_ZN6kernel7syscall5epoll15EPOLL_INSTANCES17h7fe1b46145d279f2E.llvm.5249891344097648003>:	0x0000000000000000	0x0000000000000000
0xffff00004022d2a0 <_ZN6kernel7syscall5epoll15EPOLL_INSTANCES17h7fe1b46145d279f2E.llvm.5249891344097648003+16>:	0x0000000000000008	0x0000000000000000
0xffff00004022d2b0 <_ZN6kernel7syscall8graphics19COMPOSITOR_FRAME_WQ17h90b5e186d357a906E.llvm.6910550533382647730>:	0x0000000000000000	0x0000000000000004
0xffff00004022d2c0 <_ZN6kernel7syscall8graphics19COMPOSITOR_FRAME_WQ17h90b5e186d357a906E.llvm.6910550533382647730+16>:	0xffff0000502e1e60	0x0000000000000003
0xffff00004022d2d0 <_ZN6kernel7syscall8graphics19COMPOSITOR_FRAME_WQ17h90b5e186d357a906E.llvm.6910550533382647730+32>:	0x0000000000000000	0x0000000000000000
0xffff00004022d2e0 <_ZN6kernel7syscall8graphics15WINDOW_REGISTRY17h25c4e2c6b0a59edeE.llvm.6910550533382647730+8>:	0x0000000000000001	0x0000000000000010
0xffff00004022d2f0 <_ZN6kernel7syscall8graphics15WINDOW_REGISTRY17h25c4e2c6b0a59edeE.llvm.6910550533382647730+24>:	0x0000000000000076	0xffff0000532150f0
--- DEFERRED/INLINE raw ---
0xffff000041bc7840 <_ZN6kernel9arch_impl7aarch6414context_switch16DEFERRED_REQUEUE17h4b7e680bd51ce5f5E>:	0x0000000000000000	0x0000000000000000
0xffff000041bc7850 <_ZN6kernel9arch_impl7aarch6414context_switch16DEFERRED_REQUEUE17h4b7e680bd51ce5f5E+16>:	0x0000000000000000	0x0000000000000000
0xffff000041bc7860 <_ZN6kernel9arch_impl7aarch6414context_switch16DEFERRED_REQUEUE17h4b7e680bd51ce5f5E+32>:	0x0000000000000000	0x0000000000000000
0xffff000041bc7870 <_ZN6kernel9arch_impl7aarch6414context_switch16DEFERRED_REQUEUE17h4b7e680bd51ce5f5E+48>:	0x0000000000000000	0x0000000000000000
0xffff000041bc7880 <_ZN6kernel9arch_impl7aarch6414context_switch23LAST_DEFER_REQUEUE_INFO17h06d2e161760f06b9E>:	0x0003000000000501	0x0001000d00000c02
0xffff000041bc7890 <_ZN6kernel9arch_impl7aarch6414context_switch23LAST_DEFER_REQUEUE_INFO17h06d2e161760f06b9E+16>:	0x0005000500000501	0x0001001000000c02
0xffff000041bc78a0 <_ZN6kernel9arch_impl7aarch6414context_switch23LAST_DEFER_REQUEUE_INFO17h06d2e161760f06b9E+32>:	0x0005000700000501	0x0001000d00000c02
0xffff000041bc78b0 <_ZN6kernel9arch_impl7aarch6414context_switch23LAST_DEFER_REQUEUE_INFO17h06d2e161760f06b9E+48>:	0x0001000d00000c02	0x0001000d00000c02
0xffff000041bc78c0 <_ZN6kernel9arch_impl7aarch6414context_switch21LAST_DEFER_REQUEUE_SP17h9dcef80d10250fe2E>:	0x0000000041ffff40	0x0000000054255000
0xffff000041bc78d0 <_ZN6kernel9arch_impl7aarch6414context_switch21LAST_DEFER_REQUEUE_SP17h9dcef80d10250fe2E+16>:	0x00000000435fff40	0x0000000054288000
0xffff000041bc78e0 <_ZN6kernel9arch_impl7aarch6414context_switch21LAST_DEFER_REQUEUE_SP17h9dcef80d10250fe2E+32>:	0x00000000439fff40	0x0000000054255000
0xffff000041bc78f0 <_ZN6kernel9arch_impl7aarch6414context_switch21LAST_DEFER_REQUEUE_SP17h9dcef80d10250fe2E+48>:	0x0000000054255000	0x0000000054255000
0xffff000041bc7900 <_ZN6kernel9arch_impl7aarch6414context_switch22LAST_DEFER_REQUEUE_ELR17h41aeb4443c337675E>:	0x00000000401d42bc	0x000000004000934c
0xffff000041bc7910 <_ZN6kernel9arch_impl7aarch6414context_switch22LAST_DEFER_REQUEUE_ELR17h41aeb4443c337675E+16>:	0x00000000401d42bc	0x0000000040006cbc
0xffff000041bc7920 <_ZN6kernel9arch_impl7aarch6414context_switch22LAST_DEFER_REQUEUE_ELR17h41aeb4443c337675E+32>:	0x00000000401d42bc	0x0000000040009104
0xffff000041bc7930 <_ZN6kernel9arch_impl7aarch6414context_switch22LAST_DEFER_REQUEUE_ELR17h41aeb4443c337675E+48>:	0x0000000040009104	0x000000004000934c
0xffff000041bc7940 <_ZN6kernel9arch_impl7aarch6414context_switch22LAST_DEFER_REQUEUE_X3017hb6304e76d86f04dcE>:	0x00000000401d42bc	0x000000004000933c
0xffff000041bc7950 <_ZN6kernel9arch_impl7aarch6414context_switch22LAST_DEFER_REQUEUE_X3017hb6304e76d86f04dcE+16>:	0x00000000401d42bc	0x0000000040006e00
0xffff000041bc7960 <_ZN6kernel9arch_impl7aarch6414context_switch22LAST_DEFER_REQUEUE_X3017hb6304e76d86f04dcE+32>:	0x00000000401d42bc	0x0000000040009138
0xffff000041bc7970 <_ZN6kernel9arch_impl7aarch6414context_switch22LAST_DEFER_REQUEUE_X3017hb6304e76d86f04dcE+48>:	0x0000000040009138	0x000000004000933c
0xffff000041bc7980 <_ZN6kernel9arch_impl7aarch6414context_switch21INLINE_SCHEDULE_STATE17hc032b6b03a2661b6E>:	0x0000000000000000	0x0000000000000010
0xffff000041bc7990 <_ZN6kernel9arch_impl7aarch6414context_switch21INLINE_SCHEDULE_STATE17hc032b6b03a2661b6E+16>:	0x000000000000000d	0x0000000000000000
0xffff000041bc79a0 <_ZN6kernel9arch_impl7aarch6414context_switch21INLINE_SCHEDULE_STATE17hc032b6b03a2661b6E+32>:	0x0000000000000000	0x0000000000000010
0xffff000041bc79b0 <_ZN6kernel9arch_impl7aarch6414context_switch21INLINE_SCHEDULE_STATE17hc032b6b03a2661b6E+48>:	0x000000000000000d	0x0000000000000000
=== TID SEARCH IN KEY RAW RANGES ===
find tid 13 in window registry
Pattern not found.
find tid 16 in window registry
0xffff00004022d2e8 <_ZN6kernel7syscall8graphics15WINDOW_REGISTRY17h25c4e2c6b0a59edeE.llvm.6910550533382647730+16>
1 pattern found.
find tid 13 in scheduler static
0xffff00004022d010 <_ZN6kernel4task9scheduler9SCHEDULER17hb97a7107878de1a7E+16>
0xffff00004022d020 <_ZN6kernel4task9scheduler9SCHEDULER17hb97a7107878de1a7E+32>
0xffff00004022d048 <_ZN6kernel4task9scheduler9SCHEDULER17hb97a7107878de1a7E+72>
0xffff00004022d070 <_ZN6kernel4task9scheduler9SCHEDULER17hb97a7107878de1a7E+112>
0xffff00004022d0c0 <_ZN6kernel4task9scheduler9SCHEDULER17hb97a7107878de1a7E+192>
0xffff00004022d0e8 <_ZN6kernel4task9scheduler9SCHEDULER17hb97a7107878de1a7E+232>
0xffff00004022d110 <_ZN6kernel4task9scheduler9SCHEDULER17hb97a7107878de1a7E+272>
0xffff00004022d138 <_ZN6kernel4task9scheduler9SCHEDULER17hb97a7107878de1a7E+312>
8 patterns found.
find tid 16 in scheduler static
0xffff00004022d098 <_ZN6kernel4task9scheduler9SCHEDULER17hb97a7107878de1a7E+152>
0xffff00004022d148 <_ZN6kernel4task9scheduler9SCHEDULER17hb97a7107878de1a7E+328>
0xffff00004022d158 <_ZN6kernel4task9scheduler9SCHEDULER17hb97a7107878de1a7E+344>
3 patterns found.
=== DETACH ===
[Inferior 1 (Remote target) detached]
