[ahci] Platform AHCI at phys 0x2140000, virt 0xffff000002140000
[ahci] HBA version 1.256, 6 ports, 32 cmd slots, PI=0x0000003f
[ahci] Port 0: Sata, 131072 sectors (64 MB)
[ahci] Port 1: Sata, 524288 sectors (256 MB)
[ahci] IRQ probe: using port 0 dma_index 0
[ahci] IRQ probe: ISPENDR before=[0x00c00000, 0x00000000, 0x00000000] after=[0x00c00004, 0x00000000, 0x00000000]
[ahci] IRQ probe: PORT_IS=0x00000001 (should have D2H bit set)
[ahci] Platform IRQ probe: discovered SPI 34
[ahci] Platform IRQ enabled: SPI 34 (wired, level-triggered, CPU0)
[drivers] AHCI initialized (platform MMIO): 2 SATA device(s)
[ext2] No VirtIO block device, trying AHCI...
[ext2] AHCI device 0: 131072 sectors (64 MB)
[ext2] AHCI device 0: not ext2 (magic=0x0064)
[ext2] AHCI device 1: 524288 sectors (256 MB)
[ext2] Found ext2 superblock on AHCI device 1
[freeze-watch] uptime_ms=1762 submits=62 completes=65 fails=0 last_completion_ms=92 fps_last_5s=0 cpu=6 tid=0 ctx_switches=89 timer_ticks_cpu0=5 timer_ticks_cpu1=403 timer_ticks_cpu2=402 timer_ticks_cpu3=403 timer_ticks_cpu4=401 timer_ticks_cpu5=403 timer_ticks_cpu6=402 timer_ticks_cpu7=402 rq_total=0 rq_cpu0=0 rq_cpu1=0 rq_cpu2=0 rq_cpu3=0 rq_cpu4=0 rq_cpu5=0 rq_cpu6=0 rq_cpu7=0 cur_cpu0=0 cur_cpu1=0 cur_cpu2=0 cur_cpu3=0 cur_cpu4=0 cur_cpu5=0 cur_cpu6=0 cur_cpu7=0 total_threads=0 blocked_threads=0 sched_lock=busy procmgr_lock=ok gpu_pci_lock=ok
[freeze-watch] uptime_ms=2264 submits=62 completes=65 fails=0 last_completion_ms=92 fps_last_5s=0 cpu=5 tid=3 ctx_switches=91 timer_ticks_cpu0=5 timer_ticks_cpu1=806 timer_ticks_cpu2=806 timer_ticks_cpu3=804 timer_ticks_cpu4=803 timer_ticks_cpu5=807 timer_ticks_cpu6=803 timer_ticks_cpu7=804 rq_total=0 rq_cpu0=0 rq_cpu1=0 rq_cpu2=0 rq_cpu3=0 rq_cpu4=0 rq_cpu5=0 rq_cpu6=0 rq_cpu7=0 cur_cpu0=11 cur_cpu1=4 cur_cpu2=5 cur_cpu3=6 cur_cpu4=7 cur_cpu5=3 cur_cpu6=9 cur_cpu7=10 total_threads=11 blocked_threads=1 sched_lock=ok procmgr_lock=ok gpu_pci_lock=ok
[freeze-watch] uptime_ms=2767 submits=62 completes=65 fails=0 last_completion_ms=92 fps_last_5s=0 cpu=5 tid=0 ctx_switches=93 timer_ticks_cpu0=5 timer_ticks_cpu1=1209 timer_ticks_cpu2=1210 timer_ticks_cpu3=1207 timer_ticks_cpu4=1205 timer_ticks_cpu5=1210 timer_ticks_cpu6=1207 timer_ticks_cpu7=1206 rq_total=0 rq_cpu0=0 rq_cpu1=0 rq_cpu2=0 rq_cpu3=0 rq_cpu4=0 rq_cpu5=0 rq_cpu6=0 rq_cpu7=0 cur_cpu0=0 cur_cpu1=0 cur_cpu2=0 cur_cpu3=0 cur_cpu4=0 cur_cpu5=0 cur_cpu6=0 cur_cpu7=0 total_threads=0 blocked_threads=0 sched_lock=busy procmgr_lock=ok gpu_pci_lock=ok
[freeze-watch] uptime_ms=3268 submits=62 completes=65 fails=0 last_completion_ms=92 fps_last_5s=0 cpu=5 tid=3 ctx_switches=95 timer_ticks_cpu0=5 timer_ticks_cpu1=1611 timer_ticks_cpu2=1611 timer_ticks_cpu3=1611 timer_ticks_cpu4=1608 timer_ticks_cpu5=1611 timer_ticks_cpu6=1609 timer_ticks_cpu7=1609 rq_total=0 rq_cpu0=0 rq_cpu1=0 rq_cpu2=0 rq_cpu3=0 rq_cpu4=0 rq_cpu5=0 rq_cpu6=0 rq_cpu7=0 cur_cpu0=11 cur_cpu1=4 cur_cpu2=5 cur_cpu3=6 cur_cpu4=7 cur_cpu5=3 cur_cpu6=9 cur_cpu7=10 total_threads=11 blocked_threads=1 sched_lock=ok procmgr_lock=ok gpu_pci_lock=ok
[freeze-watch] uptime_ms=3770 submits=62 completes=65 fails=0 last_completion_ms=92 fps_last_5s=0 cpu=7 tid=3 ctx_switches=97 timer_ticks_cpu0=5 timer_ticks_cpu1=2013 timer_ticks_cpu2=2013 timer_ticks_cpu3=2013 timer_ticks_cpu4=2010 timer_ticks_cpu5=2013 timer_ticks_cpu6=2010 timer_ticks_cpu7=2012 rq_total=0 rq_cpu0=0 rq_cpu1=0 rq_cpu2=0 rq_cpu3=0 rq_cpu4=0 rq_cpu5=0 rq_cpu6=0 rq_cpu7=0 cur_cpu0=11 cur_cpu1=4 cur_cpu2=5 cur_cpu3=6 cur_cpu4=7 cur_cpu5=8 cur_cpu6=9 cur_cpu7=3 total_threads=11 blocked_threads=1 sched_lock=ok procmgr_lock=ok gpu_pci_lock=ok
[freeze-watch] uptime_ms=4273 submits=62 completes=65 fails=0 last_completion_ms=92 fps_last_5s=0 cpu=5 tid=3 ctx_switches=99 timer_ticks_cpu0=5 timer_ticks_cpu1=2421 timer_ticks_cpu2=2422 timer_ticks_cpu3=2419 timer_ticks_cpu4=2418 timer_ticks_cpu5=2421 timer_ticks_cpu6=2417 timer_ticks_cpu7=2418 rq_total=0 rq_cpu0=0 rq_cpu1=0 rq_cpu2=0 rq_cpu3=0 rq_cpu4=0 rq_cpu5=0 rq_cpu6=0 rq_cpu7=0 cur_cpu0=11 cur_cpu1=4 cur_cpu2=5 cur_cpu3=6 cur_cpu4=7 cur_cpu5=3 cur_cpu6=9 cur_cpu7=10 total_threads=11 blocked_threads=1 sched_lock=ok procmgr_lock=ok gpu_pci_lock=ok
[freeze-watch] uptime_ms=4776 submits=62 completes=65 fails=0 last_completion_ms=92 fps_last_5s=0 cpu=4 tid=0 ctx_switches=101 timer_ticks_cpu0=5 timer_ticks_cpu1=2828 timer_ticks_cpu2=2828 timer_ticks_cpu3=2827 timer_ticks_cpu4=2826 timer_ticks_cpu5=2826 timer_ticks_cpu6=2826 timer_ticks_cpu7=2825 rq_total=0 rq_cpu0=0 rq_cpu1=0 rq_cpu2=0 rq_cpu3=0 rq_cpu4=0 rq_cpu5=0 rq_cpu6=0 rq_cpu7=0 cur_cpu0=0 cur_cpu1=0 cur_cpu2=0 cur_cpu3=0 cur_cpu4=0 cur_cpu5=0 cur_cpu6=0 cur_cpu7=0 total_threads=0 blocked_threads=0 sched_lock=busy procmgr_lock=ok gpu_pci_lock=ok
[freeze-watch] uptime_ms=5278 submits=62 completes=65 fails=0 last_completion_ms=92 fps_last_5s=0 cpu=3 tid=3 ctx_switches=103 timer_ticks_cpu0=5 timer_ticks_cpu1=3233 timer_ticks_cpu2=3231 timer_ticks_cpu3=3233 timer_ticks_cpu4=3229 timer_ticks_cpu5=3231 timer_ticks_cpu6=3228 timer_ticks_cpu7=3229 rq_total=0 rq_cpu0=0 rq_cpu1=0 rq_cpu2=0 rq_cpu3=0 rq_cpu4=0 rq_cpu5=0 rq_cpu6=0 rq_cpu7=0 cur_cpu0=11 cur_cpu1=4 cur_cpu2=5 cur_cpu3=3 cur_cpu4=7 cur_cpu5=8 cur_cpu6=9 cur_cpu7=10 total_threads=11 blocked_threads=1 sched_lock=ok procmgr_lock=ok gpu_pci_lock=ok
[freeze-watch] uptime_ms=5780 submits=62 completes=65 fails=0 last_completion_ms=92 fps_last_5s=0 cpu=4 tid=3 ctx_switches=105 timer_ticks_cpu0=5 timer_ticks_cpu1=3634 timer_ticks_cpu2=3633 timer_ticks_cpu3=3633 timer_ticks_cpu4=3631 timer_ticks_cpu5=3631 timer_ticks_cpu6=3629 timer_ticks_cpu7=3630 rq_total=0 rq_cpu0=0 rq_cpu1=0 rq_cpu2=0 rq_cpu3=0 rq_cpu4=0 rq_cpu5=0 rq_cpu6=0 rq_cpu7=0 cur_cpu0=11 cur_cpu1=4 cur_cpu2=5 cur_cpu3=6 cur_cpu4=3 cur_cpu5=8 cur_cpu6=9 cur_cpu7=10 total_threads=11 blocked_threads=1 sched_lock=ok procmgr_lock=ok gpu_pci_lock=ok
[freeze-watch] uptime_ms=6283 submits=62 completes=65 fails=0 last_completion_ms=92 fps_last_5s=0 cpu=7 tid=3 ctx_switches=107 timer_ticks_cpu0=5 timer_ticks_cpu1=4037 timer_ticks_cpu2=4038 timer_ticks_cpu3=4037 timer_ticks_cpu4=4034 timer_ticks_cpu5=4035 timer_ticks_cpu6=4032 timer_ticks_cpu7=4033 rq_total=0 rq_cpu0=0 rq_cpu1=0 rq_cpu2=0 rq_cpu3=0 rq_cpu4=0 rq_cpu5=0 rq_cpu6=0 rq_cpu7=0 cur_cpu0=11 cur_cpu1=4 cur_cpu2=5 cur_cpu3=6 cur_cpu4=7 cur_cpu5=8 cur_cpu6=9 cur_cpu7=3 total_threads=11 blocked_threads=1 sched_lock=ok procmgr_lock=ok gpu_pci_lock=ok
[freeze-watch] uptime_ms=6785 submits=62 completes=65 fails=0 last_completion_ms=92 fps_last_5s=0 cpu=4 tid=0 ctx_switches=109 timer_ticks_cpu0=5 timer_ticks_cpu1=4440 timer_ticks_cpu2=4442 timer_ticks_cpu3=4441 timer_ticks_cpu4=4437 timer_ticks_cpu5=4437 timer_ticks_cpu6=4436 timer_ticks_cpu7=4435 rq_total=0 rq_cpu0=0 rq_cpu1=0 rq_cpu2=0 rq_cpu3=0 rq_cpu4=0 rq_cpu5=0 rq_cpu6=0 rq_cpu7=0 cur_cpu0=0 cur_cpu1=0 cur_cpu2=0 cur_cpu3=0 cur_cpu4=0 cur_cpu5=0 cur_cpu6=0 cur_cpu7=0 total_threads=0 blocked_threads=0 sched_lock=busy procmgr_lock=ok gpu_pci_lock=ok
[freeze-watch] uptime_ms=7287 submits=62 completes=65 fails=0 last_completion_ms=92 fps_last_5s=0 cpu=7 tid=0 ctx_switches=111 timer_ticks_cpu0=5 timer_ticks_cpu1=4844 timer_ticks_cpu2=4844 timer_ticks_cpu3=4843 timer_ticks_cpu4=4839 timer_ticks_cpu5=4839 timer_ticks_cpu6=4839 timer_ticks_cpu7=4837 rq_total=0 rq_cpu0=0 rq_cpu1=0 rq_cpu2=0 rq_cpu3=0 rq_cpu4=0 rq_cpu5=0 rq_cpu6=0 rq_cpu7=0 cur_cpu0=0 cur_cpu1=0 cur_cpu2=0 cur_cpu3=0 cur_cpu4=0 cur_cpu5=0 cur_cpu6=0 cur_cpu7=0 total_threads=0 blocked_threads=0 sched_lock=busy procmgr_lock=ok gpu_pci_lock=ok
[freeze-watch] uptime_ms=7789 submits=62 completes=65 fails=0 last_completion_ms=92 fps_last_5s=0 cpu=5 tid=0 ctx_switches=113 timer_ticks_cpu0=5 timer_ticks_cpu1=5246 timer_ticks_cpu2=5246 timer_ticks_cpu3=5246 timer_ticks_cpu4=5241 timer_ticks_cpu5=5242 timer_ticks_cpu6=5240 timer_ticks_cpu7=5237 rq_total=0 rq_cpu0=0 rq_cpu1=0 rq_cpu2=0 rq_cpu3=0 rq_cpu4=0 rq_cpu5=0 rq_cpu6=0 rq_cpu7=0 cur_cpu0=0 cur_cpu1=0 cur_cpu2=0 cur_cpu3=0 cur_cpu4=0 cur_cpu5=0 cur_cpu6=0 cur_cpu7=0 total_threads=0 blocked_threads=0 sched_lock=busy procmgr_lock=ok gpu_pci_lock=ok
[freeze-watch] uptime_ms=8290 submits=62 completes=65 fails=0 last_completion_ms=92 fps_last_5s=0 cpu=3 tid=3 ctx_switches=115 timer_ticks_cpu0=5 timer_ticks_cpu1=5651 timer_ticks_cpu2=5651 timer_ticks_cpu3=5650 timer_ticks_cpu4=5645 timer_ticks_cpu5=5646 timer_ticks_cpu6=5644 timer_ticks_cpu7=5640 rq_total=0 rq_cpu0=0 rq_cpu1=0 rq_cpu2=0 rq_cpu3=0 rq_cpu4=0 rq_cpu5=0 rq_cpu6=0 rq_cpu7=0 cur_cpu0=11 cur_cpu1=4 cur_cpu2=5 cur_cpu3=3 cur_cpu4=7 cur_cpu5=8 cur_cpu6=9 cur_cpu7=10 total_threads=11 blocked_threads=1 sched_lock=ok procmgr_lock=ok gpu_pci_lock=ok
[freeze-watch] uptime_ms=8793 submits=62 completes=65 fails=0 last_completion_ms=92 fps_last_5s=0 cpu=5 tid=0 ctx_switches=117 timer_ticks_cpu0=5 timer_ticks_cpu1=6056 timer_ticks_cpu2=6057 timer_ticks_cpu3=6052 timer_ticks_cpu4=6047 timer_ticks_cpu5=6051 timer_ticks_cpu6=6048 timer_ticks_cpu7=6045 rq_total=0 rq_cpu0=0 rq_cpu1=0 rq_cpu2=0 rq_cpu3=0 rq_cpu4=0 rq_cpu5=0 rq_cpu6=0 rq_cpu7=0 cur_cpu0=0 cur_cpu1=0 cur_cpu2=0 cur_cpu3=0 cur_cpu4=0 cur_cpu5=0 cur_cpu6=0 cur_cpu7=0 total_threads=0 blocked_threads=0 sched_lock=busy procmgr_lock=ok gpu_pci_lock=ok
[freeze-watch] uptime_ms=9295 submits=62 completes=65 fails=0 last_completion_ms=92 fps_last_5s=0 cpu=4 tid=3 ctx_switches=119 timer_ticks_cpu0=5 timer_ticks_cpu1=6460 timer_ticks_cpu2=6461 timer_ticks_cpu3=6455 timer_ticks_cpu4=6451 timer_ticks_cpu5=6455 timer_ticks_cpu6=6452 timer_ticks_cpu7=6450 rq_total=0 rq_cpu0=0 rq_cpu1=0 rq_cpu2=0 rq_cpu3=0 rq_cpu4=0 rq_cpu5=0 rq_cpu6=0 rq_cpu7=0 cur_cpu0=11 cur_cpu1=4 cur_cpu2=5 cur_cpu3=6 cur_cpu4=3 cur_cpu5=8 cur_cpu6=9 cur_cpu7=10 total_threads=11 blocked_threads=1 sched_lock=ok procmgr_lock=ok gpu_pci_lock=ok
[freeze-watch] uptime_ms=9797 submits=62 completes=65 fails=0 last_completion_ms=92 fps_last_5s=0 cpu=3 tid=3 ctx_switches=121 timer_ticks_cpu0=5 timer_ticks_cpu1=6863 timer_ticks_cpu2=6866 timer_ticks_cpu3=6854 timer_ticks_cpu4=6849 timer_ticks_cpu5=6859 timer_ticks_cpu6=6856 timer_ticks_cpu7=6854 rq_total=0 rq_cpu0=0 rq_cpu1=0 rq_cpu2=0 rq_cpu3=0 rq_cpu4=0 rq_cpu5=0 rq_cpu6=0 rq_cpu7=0 cur_cpu0=11 cur_cpu1=4 cur_cpu2=5 cur_cpu3=3 cur_cpu4=7 cur_cpu5=8 cur_cpu6=9 cur_cpu7=10 total_threads=11 blocked_threads=1 sched_lock=ok procmgr_lock=ok gpu_pci_lock=ok
[freeze-watch] uptime_ms=10299 submits=62 completes=65 fails=0 last_completion_ms=92 fps_last_5s=0 cpu=3 tid=3 ctx_switches=123 timer_ticks_cpu0=5 timer_ticks_cpu1=7265 timer_ticks_cpu2=7268 timer_ticks_cpu3=7256 timer_ticks_cpu4=7252 timer_ticks_cpu5=7262 timer_ticks_cpu6=7259 timer_ticks_cpu7=7256 rq_total=0 rq_cpu0=0 rq_cpu1=0 rq_cpu2=0 rq_cpu3=0 rq_cpu4=0 rq_cpu5=0 rq_cpu6=0 rq_cpu7=0 cur_cpu0=11 cur_cpu1=4 cur_cpu2=5 cur_cpu3=3 cur_cpu4=7 cur_cpu5=8 cur_cpu6=9 cur_cpu7=10 total_threads=11 blocked_threads=1 sched_lock=ok procmgr_lock=ok gpu_pci_lock=ok
[freeze-watch] uptime_ms=15301 submits=62 completes=65 fails=0 last_completion_ms=92 fps_last_5s=0 cpu=2 tid=3 ctx_switches=125 timer_ticks_cpu0=5 timer_ticks_cpu1=11272 timer_ticks_cpu2=11276 timer_ticks_cpu3=11265 timer_ticks_cpu4=11257 timer_ticks_cpu5=11268 timer_ticks_cpu6=11267 timer_ticks_cpu7=11264 rq_total=0 rq_cpu0=0 rq_cpu1=0 rq_cpu2=0 rq_cpu3=0 rq_cpu4=0 rq_cpu5=0 rq_cpu6=0 rq_cpu7=0 cur_cpu0=11 cur_cpu1=4 cur_cpu2=3 cur_cpu3=6 cur_cpu4=7 cur_cpu5=8 cur_cpu6=9 cur_cpu7=10 total_threads=11 blocked_threads=1 sched_lock=ok procmgr_lock=ok gpu_pci_lock=ok
[freeze-watch] uptime_ms=20303 submits=62 completes=65 fails=0 last_completion_ms=92 fps_last_5s=0 cpu=4 tid=3 ctx_switches=127 timer_ticks_cpu0=5 timer_ticks_cpu1=15279 timer_ticks_cpu2=15281 timer_ticks_cpu3=15272 timer_ticks_cpu4=15263 timer_ticks_cpu5=15275 timer_ticks_cpu6=15273 timer_ticks_cpu7=15275 rq_total=0 rq_cpu0=0 rq_cpu1=0 rq_cpu2=0 rq_cpu3=0 rq_cpu4=0 rq_cpu5=0 rq_cpu6=0 rq_cpu7=0 cur_cpu0=11 cur_cpu1=4 cur_cpu2=5 cur_cpu3=6 cur_cpu4=3 cur_cpu5=8 cur_cpu6=9 cur_cpu7=10 total_threads=11 blocked_threads=1 sched_lock=ok procmgr_lock=ok gpu_pci_lock=ok
[freeze-watch] uptime_ms=25306 submits=62 completes=65 fails=0 last_completion_ms=92 fps_last_5s=0 cpu=2 tid=0 ctx_switches=129 timer_ticks_cpu0=5 timer_ticks_cpu1=19320 timer_ticks_cpu2=19317 timer_ticks_cpu3=19317 timer_ticks_cpu4=19301 timer_ticks_cpu5=19315 timer_ticks_cpu6=19311 timer_ticks_cpu7=19319 rq_total=0 rq_cpu0=0 rq_cpu1=0 rq_cpu2=0 rq_cpu3=0 rq_cpu4=0 rq_cpu5=0 rq_cpu6=0 rq_cpu7=0 cur_cpu0=0 cur_cpu1=0 cur_cpu2=0 cur_cpu3=0 cur_cpu4=0 cur_cpu5=0 cur_cpu6=0 cur_cpu7=0 total_threads=0 blocked_threads=0 sched_lock=busy procmgr_lock=ok gpu_pci_lock=ok
[freeze-watch] uptime_ms=30308 submits=62 completes=65 fails=0 last_completion_ms=92 fps_last_5s=0 cpu=4 tid=3 ctx_switches=131 timer_ticks_cpu0=5 timer_ticks_cpu1=23364 timer_ticks_cpu2=23351 timer_ticks_cpu3=23360 timer_ticks_cpu4=23341 timer_ticks_cpu5=23353 timer_ticks_cpu6=23345 timer_ticks_cpu7=23360 rq_total=0 rq_cpu0=0 rq_cpu1=0 rq_cpu2=0 rq_cpu3=0 rq_cpu4=0 rq_cpu5=0 rq_cpu6=0 rq_cpu7=0 cur_cpu0=11 cur_cpu1=4 cur_cpu2=5 cur_cpu3=6 cur_cpu4=3 cur_cpu5=8 cur_cpu6=9 cur_cpu7=10 total_threads=11 blocked_threads=1 sched_lock=ok procmgr_lock=ok gpu_pci_lock=ok
[freeze-watch] uptime_ms=35309 submits=62 completes=65 fails=0 last_completion_ms=92 fps_last_5s=0 cpu=1 tid=3 ctx_switches=133 timer_ticks_cpu0=5 timer_ticks_cpu1=27423 timer_ticks_cpu2=27414 timer_ticks_cpu3=27425 timer_ticks_cpu4=27399 timer_ticks_cpu5=27414 timer_ticks_cpu6=27402 timer_ticks_cpu7=27416 rq_total=0 rq_cpu0=0 rq_cpu1=0 rq_cpu2=0 rq_cpu3=0 rq_cpu4=0 rq_cpu5=0 rq_cpu6=0 rq_cpu7=0 cur_cpu0=11 cur_cpu1=3 cur_cpu2=5 cur_cpu3=6 cur_cpu4=7 cur_cpu5=8 cur_cpu6=9 cur_cpu7=10 total_threads=11 blocked_threads=1 sched_lock=ok procmgr_lock=ok gpu_pci_lock=ok
!!! CPU0 REGRESSION ALARM !!!
CPU0 tick_count = 5, max peer = 30000
  KERNEL PANIC!
panicked at kernel/src/arch_impl/aarch64/timer_interrupt.rs:598:17:
CPU0 timer regression: tick_count=5 but peer max=30000; read docs/planning/cpu0-user-guard-autopsy/README.md before touching anything
!!! CPU0 REGRESSION ALARM !!!
CPU0 tick_count = 5, max peer = 30000
  KERNEL PANIC!
panicked at kernel/src/arch_impl/aarch64/timer_interrupt.rs:598:17:
CPU0 timer regression: tick_count=5 but peer max=30000; read docs/planning/cpu0-user-guard-autopsy/README.md before touching anything
!!! CPU0 REGRESSION ALARM !!!
CPU0 tick_count = 5, max peer = 30000
  KERNEL PANIC!
panicked at kernel/src/arch_impl/aarch64/timer_interrupt.rs:598:17:
CPU0 timer regression: tick_count=5 but peer max=30000; read docs/planning/cpu0-user-guard-autopsy/README.md before touching anything
!!! CPU0 REGRESSION ALARM !!!
CPU0 tick_count = 5, max peer = 30000
  KERNEL PANIC!
panicked at kernel/src/arch_impl/aarch64/timer_interrupt.rs:598:17:
CPU0 timer regression: tick_count=5 but peer max=30000; read docs/planning/cpu0-user-guard-autopsy/README.md before touching anything
!!! CPU0 REGRESSION ALARM !!!
CPU0 tick_count = 5, max peer = 30000
  KERNEL PANIC!
panicked at kernel/src/arch_impl/aarch64/timer_interrupt.rs:598:17:
CPU0 timer regression: tick_count=5 but peer max=30000; read docs/planning/cpu0-user-guard-autopsy/README.md before touching anything
!!! CPU0 REGRESSION ALARM !!!
CPU0 tick_count = 5, max peer = 30000
  KERNEL PANIC!
panicked at kernel/src/arch_impl/aarch64/timer_interrupt.rs:598:17:
CPU0 timer regression: tick_count=5 but peer max=30000; read docs/planning/cpu0-user-guard-autopsy/README.md before touching anything
!!! CPU0 REGRESSION ALARM !!!
CPU0 tick_count = 5, max peer = 30000
  KERNEL PANIC!
panicked at kernel/src/arch_impl/aarch64/timer_interrupt.rs:598:17:
CPU0 timer regression: tick_count=5 but peer max=30000; read docs/planning/cpu0-user-guard-autopsy/README.md before touching anything
