========================================
  STD USERSPACE BUILD (Rust std library)
========================================
  Architecture: aarch64

[1/3] Building libbreenix-libc (aarch64)...
  Finished `release` profile [optimized] target(s) in 0.02s
  libbreenix-libc built successfully

[2/3] Building userspace (aarch64)...
  Finished `release` profile [optimized] target(s) in 0.06s
  Userspace build successful

[3/3] Installing std binaries...
  Installed hello_world.elf (351216 bytes)
  Installed syscall_enosys.elf (290176 bytes)
  Installed clock_gettime_test.elf (295096 bytes)
  Installed file_read_test.elf (292328 bytes)
  Installed lseek_test.elf (292544 bytes)
  Installed fs_write_test.elf (293432 bytes)
  Installed fs_rename_test.elf (297336 bytes)
  Installed fs_large_file_test.elf (292296 bytes)
  Installed fs_directory_test.elf (293208 bytes)
  Installed fs_link_test.elf (293256 bytes)
  Installed access_test.elf (291528 bytes)
  Installed devfs_test.elf (292560 bytes)
  Installed cwd_test.elf (292504 bytes)
  Installed getdents_test.elf (293888 bytes)
  Installed pipe_test.elf (299256 bytes)
  Installed pipe2_test.elf (304296 bytes)
  Installed dup_test.elf (305112 bytes)
  Installed fcntl_test.elf (299648 bytes)
  Installed poll_test.elf (304712 bytes)
  Installed select_test.elf (304440 bytes)
  Installed nonblock_test.elf (303992 bytes)
  Installed brk_test.elf (292880 bytes)
  Installed signal_handler_test.elf (298032 bytes)
  Installed signal_return_test.elf (299304 bytes)
  Installed signal_regs_test.elf (298616 bytes)
  Installed sigaltstack_test.elf (305296 bytes)
  Installed sigsuspend_test.elf (304816 bytes)
  Installed pause_test.elf (299408 bytes)
  Installed tty_test.elf (303352 bytes)
  Installed session_test.elf (304824 bytes)
  Installed unix_socket_test.elf (323008 bytes)
  Installed unix_named_socket_test.elf (310280 bytes)
  Installed fifo_test.elf (317304 bytes)
  Installed fork_test.elf (298128 bytes)
  Installed fork_memory_test.elf (304344 bytes)
  Installed fork_state_test.elf (305000 bytes)
  Installed waitpid_test.elf (298944 bytes)
  Installed exec_argv_test.elf (291240 bytes)
  Installed cloexec_test.elf (307552 bytes)
  Installed kill_process_group_test.elf (299304 bytes)
  Installed sigchld_test.elf (292040 bytes)
  Installed sigchld_job_test.elf (294632 bytes)
  Installed ctrl_c_test.elf (298680 bytes)
  Installed job_control_test.elf (298536 bytes)
  Installed signal_fork_test.elf (298800 bytes)
  Installed signal_exec_test.elf (299712 bytes)
  Installed wnohang_timing_test.elf (292496 bytes)
  Installed fork_pending_signal_test.elf (297664 bytes)
  Installed shell_pipe_test.elf (293192 bytes)
  Installed pipeline_test.elf (305704 bytes)
  Installed cow_cleanup_test.elf (292368 bytes)
  Installed cow_sole_owner_test.elf (293600 bytes)
  Installed cow_stress_test.elf (293672 bytes)
  Installed cow_readonly_test.elf (293488 bytes)
  Installed cow_signal_test.elf (299168 bytes)
  Installed resolution.elf (301448 bytes)
  Installed init_shell.elf (388856 bytes)
  Installed argv_test.elf (298184 bytes)
  Installed job_table_test.elf (308504 bytes)
  Installed test_mmap.elf (291968 bytes)
  Installed stdin_test.elf (291856 bytes)
  Installed true_test.elf (291904 bytes)
  Installed false_test.elf (291904 bytes)
  Installed echo_argv_test.elf (291736 bytes)
  Installed mkdir_argv_test.elf (292200 bytes)
  Installed rm_argv_test.elf (291840 bytes)
  Installed cp_mv_argv_test.elf (292896 bytes)
  Installed nonblock_eagain_test.elf (293344 bytes)
  Installed blocking_recv_test.elf (293848 bytes)
  Installed tcp_client_test.elf (297192 bytes)
  Installed wait_stress.elf (306120 bytes)
  Installed simple_exit.elf (276816 bytes)
  Installed counter.elf (290448 bytes)
  Installed spinner.elf (290472 bytes)
  Installed hello_time.elf (290328 bytes)
  Installed heartbeat.elf (290128 bytes)
  Installed xhci_counters.elf (292264 bytes)
  Installed fbinfo_test.elf (297224 bytes)
  Installed demo.elf (304008 bytes)
  Installed bounce.elf (388152 bytes)
  Installed rectangles.elf (305352 bytes)
  Installed particles.elf (304200 bytes)
  Installed confetti.elf (303536 bytes)
  Installed tones.elf (294304 bytes)
  Installed fart.elf (302392 bytes)
  Installed http_test.elf (622792 bytes)
  Installed register_init_test.elf (288888 bytes)
  Installed head_test.elf (293328 bytes)
  Installed tail_test.elf (293272 bytes)
  Installed wc_test.elf (297880 bytes)
  Installed which_test.elf (293152 bytes)
  Installed cat_test.elf (293560 bytes)
  Installed ls_test.elf (298616 bytes)
  Installed exec_stack_argv_test.elf (292888 bytes)
  Installed exec_from_ext2_test.elf (298784 bytes)
  Installed pipe_fork_test.elf (305080 bytes)
  Installed pipe_concurrent_test.elf (304320 bytes)
  Installed fs_block_alloc_test.elf (300200 bytes)
  Installed cow_oom_test.elf (292784 bytes)
  Installed signal_test.elf (298280 bytes)
  Installed alarm_test.elf (293376 bytes)
  Installed itimer_test.elf (293832 bytes)
  Installed timer_test.elf (291496 bytes)
  Installed sleep_debug_test.elf (304584 bytes)
  Installed pipe_refcount_test.elf (316608 bytes)
  Installed udp_socket_test.elf (305616 bytes)
  Installed tcp_socket_test.elf (318696 bytes)
  Installed tcp_blocking_test.elf (320008 bytes)
  Installed concurrent_recv_stress.elf (303336 bytes)
  Installed dns_test.elf (306952 bytes)
  Installed net_test.elf (303200 bytes)
  Installed http_fetch_test.elf (616784 bytes)
  Installed syscall_diagnostic_test.elf (289072 bytes)
  Installed pty_test.elf (293456 bytes)
  Installed signal_exec_check.elf (291080 bytes)
  Installed bsh.elf (734392 bytes)
  Installed bwm.elf (429208 bytes)
  Installed btop.elf (293112 bytes)
  Installed burl.elf (636224 bytes)
  Installed init.elf (296776 bytes)
  Installed telnetd.elf (298632 bytes)
  Installed blogd.elf (291528 bytes)
  Installed btrace.elf (306896 bytes)
  Installed bless.elf (294680 bytes)
  Installed bcheck.elf (422256 bytes)
  Installed biconkit.elf (358184 bytes)
  Installed guskit.elf (538784 bytes)
  Installed bterm.elf (476584 bytes)
  Installed blog.elf (467888 bytes)
  Installed bfontpicker.elf (484760 bytes)
  Installed blauncher.elf (460632 bytes)
  Installed bsshd.elf (441008 bytes)
  Installed bssh.elf (408848 bytes)

========================================
  STD BUILD COMPLETE (aarch64)
  Installed: 133 binaries
========================================
