[ram] 6 regions:
[ram]   0x40000000 - 0xffff0000 (3071 MB)
[ram]   0x100000000 - 0x140000000 (1024 MB)
[ram]   0x140025000 - 0x23be0f000 (4029 MB)
[ram]   0x23c000000 - 0x23c020000 (0 MB)
[ram]   0x23c080000 - 0x23f550000 (52 MB)
[ram]   0x23f930000 - 0x240000000 (6 MB)
[kern] entry_phys=0x400998c4 load=0x40080000-0x50104000
[gop-serial] UART: base=0x2110000 type=0 (PL011)
[gop-serial] Enumerating GOP display modes:
[gop-serial]   Mode 0: 1024x768 format=BGR
[gop-serial] 1 modes total, best=786432 pixels
[gop-serial] Already at best mode: 1024x768
[gop-serial] Selected: 1024x768 stride=1024 base=0x10000000 size=0x300000
ZZ00000000400998c4BDMTIVL!J>12KPHEOS
========================================
  Breenix ARM64 Kernel Starting
  BUILD_ID: 006a0df53c0ba3
========================================

[boot] DIAG_MARKER_XHCI_A
[boot] DIAG_MARKER_XHCI_B
[boot] DIAG_MARKER_XHCI_C
[boot] loader xhci_hcrst_raw=0x0 ecam=0x2300000
[boot] Current exception level: EL1
[boot] MMU already enabled (high-half kernel)
[boot] Initializing memory management (0x44000000-0x50000000)...
[boot] Memory management ready
[boot] Initializing Generic Timer...
[boot] Timer frequency: 24000000 Hz (24 MHz)
[boot] Initializing PL031 RTC...
[boot] Current timestamp: 24575630
[boot] Initializing GIC...
[gic] GICR probe 0x02500000: WAKER=0x00000000 <<< VALID
[gic] GICD_CTLR wrote 0x53, readback=0x53
[gic] GICR_IGROUPR0: wrote 0xFFFFFFFF, readback=0xffffffff
[gic] ICC_CTLR_EL1: 0x40400 -> 0x40402 (EOImode=1)
[boot] GIC initialized (version 3)
[boot] Enabling UART interrupts...
[boot] Enabling GIC IRQ 33 (UART0)...
[uart] IMSC: 0x0 -> 0x50 (verify: 0x50)
[uart] FR=0x90 (RXFE=1), RIS=0x20
[gic] IRQ 33 state (GICv3):
  enabled=true, group1=true, pending=false
  priority=0xa0, GICD_CTLR=0x53
  ICC_PMR=0xf0
[boot] UART interrupts enabled
[boot] Enabling interrupts...
[boot] Interrupts enabled: true
[boot] Initializing device drivers...
[drivers] Initializing driver subsystem...
[drivers] PCI ECAM at 0x2300000, enumerating PCI bus...
[drivers] Found 7 PCI devices
[pci] 00:01.0 [8086:293e] class=04/03
[pci]   BAR0: 0x18008000 (16384)
[pci] 00:02.0 [8086:265c] class=0c/03
[pci]   BAR0: 0x18012000 (4096)
[pci]   BAR1: 0x0 (4096)
[pci]   BAR2: 0x0 (4096)
[pci]   BAR3: 0x0 (4096)
[pci]   BAR4: 0x0 (4096)
[pci]   BAR5: 0x0 (4096)
[pci] 00:03.0 [1033:0194] class=0c/03
[pci]   BAR0: 0x18011000 (4096)
[pci]   BAR1: 0x0 (4096)
[pci]   BAR2: 0x0 (4096)
[pci]   BAR3: 0x0 (4096)
[pci]   BAR4: 0x0 (4096)
[pci]   BAR5: 0x0 (4096)
[pci] 00:05.0 [1af4:1000] class=02/00
[pci]   BAR0: 0x18010000 (4096)
[pci]   BAR1: 0x1800f000 (4096)
[pci] 00:09.0 [1ab8:4000] class=ff/00
[pci]   BAR0: 0x1800e000 (4096)
[pci] 00:0a.0 [1af4:1050] class=03/00
[pci]   BAR0: 0x10000000 (134217728)
[pci]   BAR1: 0x1800d000 (4096)
[pci]   BAR4: 0x18004000 (16384)
[pci] 00:0e.0 [1af4:1053] class=07/80
[pci]   BAR1: 0x1800c000 (4096)
[pci]   BAR4: 0x18000000 (16384)
[drivers] Found 2 VirtIO PCI devices
[virtio-gpu-pci] Device features: 0x0000000100000001
[virtio-gpu-pci] VIRGL offered: true
[virtio-gpu-pci] Negotiated: 0x0000000100000001 (VIRGL=true)
[virtio-gpu-pci] VIRGL_ENABLED stored=true, readback=true, addr=0xffff0000412f00c0
[pci] 00:0a.0: capabilities:
  cap 0x11 (MSI-X) @ 0xb0: dw0=0x0001bc11 dw1=0x00000001
  cap 0x09 (?) @ 0xbc: dw0=0x0410cc09 dw1=0x00000004
  cap 0x09 (?) @ 0xcc: dw0=0x0310dc09 dw1=0x00000004
  cap 0x09 (?) @ 0xdc: dw0=0x0214f009 dw1=0x00000004
  cap 0x09 (?) @ 0xf0: dw0=0x01100009 dw1=0x00000004
[gicv2m] MSI_TYPER raw=0x80350040 -> base_spi=53, num_spi=64
[virtio-gpu-pci] MSI-X cap at 0xb0: 2 vectors
[virtio-gpu-pci] MSI-X enabled: config_spi=53 queue_spi=54 doorbell=0x2250040 vectors=2
[virtio-gpu-pci] config_msix_vector: wrote=0x0 readback=0x0
[virtio-gpu-pci] Device has 2 queues
[virtio-gpu-pci] Queue 0 msix_vector: wrote=0x1 readback=0x1
[virtio-gpu-pci] Queue 1 msix_vector: wrote=0x1 readback=0x1
[virtio-gpu-pci] Cursor queue (q1) set up: size=16
[virtio-gpu-pci] Config: num_scanouts=16, num_capsets=1
[virtio-gpu-pci] MSI-X active: config_spi=53 queue_spi=54 queue_vector=1
[virtio-gpu-pci] Capset 0: id=2, max_ver=2, max_size=768
[virtio-gpu-pci] GET_CAPSET(id=2, ver=2): resp=0x1103
[virtio-gpu-pci] Display reports: 1024x768
[virtio-gpu-pci] Resolution: 1280x960 (display=1024x768, GOP=1024x768, min=1280x960)
[virtio-gpu-pci] 2D resource created and scanout set
[virtio-gpu-pci] Initialized: 1280x960
[drivers] VirtIO GPU (PCI) initialized
[virgl] Initializing VirGL 3D pipeline...
[virgl] 3D framebuffer backing: heap ptr=0xffff0000502e2000, phys=0x502e2000, size=4915200
[virgl] Step 1: context created
[virgl] Step 2: 3D resource created (1280x960, bind=0x0014000a)
[virgl] attach_backing: phys=0x502e2000, len=4915200, nr_pages=1200
[virgl] attach_backing: sending 3-desc chain: hdr=0x412f0200(32B), entries=0x50792000(19200B)
[virgl] attach_backing: OK (1200 pages attached)
[virgl] Step 3: backing attached
[virgl] Step 4: resource attached to context
[virgl] Step 5: resource primed
[virgl] SUBMIT_3D OK: id=1 used_len=0 resp_flags=0x1 resp_fence=1
[virgl] Step 6: VirGL CLEAR (cornflower blue)
[virgl] Step 7: SET_SCANOUT + RESOURCE_FLUSH done
[virgl] Step 7: VB resource created (no backing, INLINE_WRITE only)
[virgl-composite] Texture backing: heap ptr=0xffff000050792000, phys=0x50792000, 1280x960 (4915200B, 1200 pages)
[virgl] attach_backing: phys=0x50792000, len=4915200, nr_pages=1200
[virgl] attach_backing: sending 3-desc chain: hdr=0x412f0200(32B), entries=0x50c42000(19200B)
[virgl] attach_backing: OK (1200 pages attached)
[virgl-composite] Texture resource initialized (id=5)
[virgl] attach_backing: phys=0x50c42000, len=4915200, nr_pages=1200
[virgl] attach_backing: sending 3-desc chain: hdr=0x412f0200(32B), entries=0x510f2000(19200B)
[virgl] attach_backing: OK (1200 pages attached)
[virgl-pool] Pre-allocated slot=0 res_id=10 1280x960
[virgl] attach_backing: phys=0x510f2000, len=4915200, nr_pages=1200
[virgl] attach_backing: sending 3-desc chain: hdr=0x412f0200(32B), entries=0x515a2000(19200B)
[virgl] attach_backing: OK (1200 pages attached)
[virgl-pool] Pre-allocated slot=1 res_id=11 1280x960
[virgl] attach_backing: phys=0x515a2000, len=4915200, nr_pages=1200
[virgl] attach_backing: sending 3-desc chain: hdr=0x412f0200(32B), entries=0x51a52000(19200B)
[virgl] attach_backing: OK (1200 pages attached)
[virgl-pool] Pre-allocated slot=2 res_id=12 1280x960
[virgl] attach_backing: phys=0x51a52000, len=4915200, nr_pages=1200
[virgl] attach_backing: sending 3-desc chain: hdr=0x412f0200(32B), entries=0x51f02000(19200B)
[virgl] attach_backing: OK (1200 pages attached)
[virgl-pool] Pre-allocated slot=3 res_id=13 1280x960
[virgl] attach_backing: phys=0x51f02000, len=4915200, nr_pages=1200
[virgl] attach_backing: sending 3-desc chain: hdr=0x412f0200(32B), entries=0x523b2000(19200B)
[virgl] attach_backing: OK (1200 pages attached)
[virgl-pool] Pre-allocated slot=4 res_id=14 1280x960
[virgl] attach_backing: phys=0x523b2000, len=4915200, nr_pages=1200
[virgl] attach_backing: sending 3-desc chain: hdr=0x412f0200(32B), entries=0x52862000(19200B)
[virgl] attach_backing: OK (1200 pages attached)
[virgl-pool] Pre-allocated slot=5 res_id=15 1280x960
[virgl] attach_backing: phys=0x52862000, len=4915200, nr_pages=1200
[virgl] attach_backing: sending 3-desc chain: hdr=0x412f0200(32B), entries=0x52d12000(19200B)
[virgl] attach_backing: OK (1200 pages attached)
[virgl-pool] Pre-allocated slot=6 res_id=16 1280x960
[virgl] attach_backing: phys=0x52d12000, len=4915200, nr_pages=1200
[virgl] attach_backing: sending 3-desc chain: hdr=0x412f0200(32B), entries=0x531c2000(19200B)
[virgl] attach_backing: OK (1200 pages attached)
[virgl-pool] Pre-allocated slot=7 res_id=17 1280x960
[virgl] attach_backing: phys=0x531c2000, len=8192, nr_pages=2
[virgl] attach_backing: sending 3-desc chain: hdr=0x412f0200(32B), entries=0x502e0040(32B)
[virgl] attach_backing: OK (2 pages attached)
[virgl-cursor] Cursor texture initialized (id=6, 16x80, 5 shapes)
[virgl] attach_backing: phys=0x531c4000, len=4096, nr_pages=1
[virgl] attach_backing: sending 3-desc chain: hdr=0x412f0200(32B), entries=0x502e0040(16B)
[virgl] attach_backing: OK (1 pages attached)
[virgl-dimmer] Dimmer texture initialized (id=7, 4x4)
[virgl] Step 8: Compositor texture initialized
[virgl] Step 9: full pipeline+draw batch (191 DWORDs)
[virgl] SUBMIT_3D OK: id=2 used_len=0 resp_flags=0x1 resp_fence=2
[virgl] Step 10: SET_SCANOUT + RESOURCE_FLUSH
[virgl] VirGL 3D pipeline initialized successfully
[drivers] VirGL 3D acceleration active
[drivers] Compositor backend: VirGL
[virtio-gpu-pci] GPU command waits use scheduler waitqueue
[virtio-net-pci] Searching for VirtIO network device on PCI bus...
[virtio-net-pci] Found at 00:05.0 [1af4:1000]
[virtio-net-pci] BAR0: phys=0x18010000 virt=0xffff000018010000 size=4096
[virtio-net-pci] Device features: 0x6187bfa3
[virtio-net-pci] MAC: 00:1c:42:9e:42:d8
[virtio-net-pci] Queue 0 max size: 256
[virtio-net-pci] Queue 0 PFN=0x402da (phys=0x402da000)
[virtio-net-pci] Queue 1 max size: 256
[virtio-net-pci] Queue 1 PFN=0x402dd (phys=0x402dd000)
[pci] 00:05.0: capabilities:
  cap 0x10 (PCIe) @ 0x48: dw0=0x00024010 dw1=0x00000fc0
  cap 0x01 (PM) @ 0x40: dw0=0x0022f401 dw1=0x00000000
  cap 0x11 (MSI-X) @ 0xf4: dw0=0x00020011 dw1=0x00000001
[virtio-net-pci] MSI-X cap at 0xf4: 3 vectors
[virtio-net-pci] MSI-X vector assignments: cfg=0xffff rx=0x0
[virtio-net-pci] MSI-X enabled: SPI 55 doorbell=0x2250040 vectors=3
[virtio-net-pci] Network device initialized successfully
[drivers] VirtIO network (PCI) initialized
[drivers] SVGA3 init skipped: SVGA3 device not found
[drivers] Found XHCI at 00:03.0 [1033:0194]
[xhci] DMA addrs: DCBAA=0x40263000 CMD_RING=0x40264000 EVT_RING=0x40274000 ERST=0x40332340
[xhci] Regs: USBCMD=0x5 USBSTS=0x0 CRCR=0x0 DCBAAP=0x40263000
[xhci] IR0: IMAN=0x2 ERDP=0x40274000 ERSTBA=0x40332340
[xhci] Port scan: 14 ports
[xhci]   port 1: PORTSC=0x00021203 CCS=1 PED=1 speed=4
[xhci]   port 2: PORTSC=0x00021203 CCS=1 PED=1 speed=4
[xhci]   port 3: PORTSC=0x00021203 CCS=1 PED=1 speed=4
[xhci]   port 4: PORTSC=0x000002a0 CCS=0 PED=0 speed=0
[xhci]   port 5: PORTSC=0x000002a0 CCS=0 PED=0 speed=0
[xhci]   port 6: PORTSC=0x000002a0 CCS=0 PED=0 speed=0
[xhci]   port 7: PORTSC=0x000002a0 CCS=0 PED=0 speed=0
[xhci]   port 8: PORTSC=0x000002a0 CCS=0 PED=0 speed=0
[xhci]   port 9: PORTSC=0x000002a0 CCS=0 PED=0 speed=0
[xhci]   port 10: PORTSC=0x000002a0 CCS=0 PED=0 speed=0
[xhci]   port 11: PORTSC=0x000002a0 CCS=0 PED=0 speed=0
[xhci]   port 12: PORTSC=0x000002a0 CCS=0 PED=0 speed=0
[xhci]   port 13: PORTSC=0x000002a0 CCS=0 PED=0 speed=0
[xhci]   port 14: PORTSC=0x000002a0 CCS=0 PED=0 speed=0
[xhci] port 1 connected: PORTSC=0x00001203 PED=1 speed=4
[xhci] port 1 EnableSlot -> slot 1
[xhci] port 1 AddressDevice OK (slot 1)
[xhci] slot1: vid=0x203a pid=0xfffc class=0x00/0x00/0x00
[xhci] slot1 iface0: class=0x03 sub=0x00 proto=0x02 numEP=1
[xhci] HID iface: proto=2 subclass=0 -> mouse (hid_idx=1)
[xhci] slot1 iface1: class=0x03 sub=0x00 proto=0x02 numEP=1
[xhci] HID iface: proto=2 subclass=0 -> mouse (hid_idx=3)
[xhci] port 2 connected: PORTSC=0x00001203 PED=1 speed=4
[xhci] port 2 EnableSlot -> slot 2
[xhci] port 2 AddressDevice OK (slot 2)
[xhci] slot2: vid=0x203a pid=0xfffb class=0x00/0x00/0x00
[xhci] slot2 iface0: class=0x03 sub=0x01 proto=0x01 numEP=1
[xhci] HID iface: proto=1 subclass=1 -> keyboard (hid_idx=0)
[xhci] slot2 iface1: class=0x03 sub=0x00 proto=0x00 numEP=1
[xhci] HID iface: proto=0 subclass=0 -> NKRO (hid_idx=2)
[xhci] port 3 connected: PORTSC=0x00001203 PED=1 speed=4
[xhci] port 3 EnableSlot -> slot 3
[xhci] port 3 AddressDevice OK (slot 3)
[xhci] slot3: vid=0x203a pid=0xfff9 class=0xef/0x02/0x01
[xhci] slot3 iface0: class=0x0e sub=0x01 proto=0x00 numEP=0
[xhci] slot3 iface1: class=0x0e sub=0x02 proto=0x00 numEP=1
[xhci] start_hid_polling: kbd=slot2/dci3 nkro=dci5 mouse=slot1/dci3 mouse2=dci5
[xhci] Initialized: 32 slots, MSI irq=56
[drivers] XHCI USB controller initialized
[ahci] Platform AHCI at phys 0x2140000, virt 0xffff000002140000
[ahci] HBA version 1.256, 6 ports, 32 cmd slots, PI=0x0000003f
[ahci] Port 0: Sata, 131072 sectors (64 MB)
[ahci] Port 1: Sata, 524288 sectors (256 MB)
[ahci] IRQ probe: using port 0 dma_index 0
[ahci] IRQ probe: ISPENDR before=[0x01000000, 0x00000000, 0x00000000] after=[0x01000004, 0x00000000, 0x00000000]
[ahci] IRQ probe: PORT_IS=0x00000001 (should have D2H bit set)
[ahci] Platform IRQ probe: discovered SPI 34
[ahci] Platform IRQ enabled: SPI 34 (wired, level-triggered, CPU0)
[drivers] AHCI initialized (platform MMIO): 2 SATA device(s)
[drivers] Driver subsystem initialized (PCI)
[boot] Found 7 devices
[drivers] Running post-init self-tests...
[virtio-blk] Testing read of sector 0...
[drivers] VirtIO block test failed: Block device not initialized
[boot] Initializing network stack...
[net] Initializing network stack...
[net] Using VirtIO net PCI driver (Parallels)
[net] MAC address: 00:1c:42:9e:42:d8
NET: IP address: 10.211.55.100
NET: Gateway: 10.211.55.1
Network stack initialized
NET: Sending ARP request for gateway 10.211.55.1
ARP request sent successfully
[virtio-net-pci] RX diag: used_idx=1 last_used=0 avail_idx=4 isr=0x0 msi_count=0
[virtio-net-pci] RX diag: used_idx=1 last_used=1 avail_idx=8 isr=0x0 msi_count=0
NET: ARP resolved gateway MAC: 00:1c:42:00:00:18
NET: Sending ICMP echo request to gateway 10.211.55.1
[net] ICMP echo reply received from 10.211.55.1 seq=1
NET: Network initialization complete
[virtio-net-pci] MSI-X SPI 55 enabled (post-init)
[boot] Initializing filesystem...
[ext2] No VirtIO block device, trying AHCI...
[ext2] AHCI device 0: 131072 sectors (64 MB)
[ext2] AHCI device 0: not ext2 (magic=0x0064)
[ext2] AHCI device 1: 524288 sectors (256 MB)
[ext2] Found ext2 superblock on AHCI device 1
[boot] ext2 root filesystem mounted
[boot] No home filesystem: No home block device available (expected at device index 3 or 1) (continuing)
[boot] devfs initialized at /dev
[boot] devptsfs initialized at /dev/pts
[boot] CPU detected: ARM Unknown
[boot] procfs initialized at /proc
[boot] TTY subsystem initialized
[boot] Initializing graphics...
[boot] VirGL active — skipping GOP framebuffer init (2D resource already set up in gpu_pci::init)
[boot] FB_INFO_CACHE populated for VirGL display (1280x960)
[boot] USB HID input active via XHCI (polled from timer)
[boot] Initializing per-CPU data...
[boot] Per-CPU data initialized
[boot] Initializing process manager...
[boot] Process manager initialized
[boot] Initializing scheduler...
[boot] Scheduler initialized
[boot] Workqueue subsystem initialized
[boot] Softirq subsystem initialized
[boot] Render thread skipped — VirGL owns the display
[boot] Tracing subsystem initialized and enabled
[boot] Pre-loading /sbin/init from ext2 (before timer)...
[boot] Init binary pre-loaded: 296760 bytes
[xhci] activate_msi_if_ready: source=system-ready spi=56 DIAG_SPI_ENABLE_COUNT=1
[xhci] post-activation: MSI_EVENT_COUNT=1 EVENT_COUNT=0 POLL_COUNT=0 SPI_ACTIVATED=true
[boot] Initializing timer interrupt...
[timer] Timer configured for ~1000 Hz (24000 ticks per interrupt)
[timer] Using virtual timer (PPI 27)
[boot] Timer interrupt initialized
[smp] CPU 0 MPIDR=0x80000000, stack_base=0x43000000
[smp] GICR covers 8 redistributors, probing CPUs 1..8
[smp] Probing secondary CPUs via PSCI...
[sm1p@]1A BCCDPEUeF G1: 1PSCI CPU_ON success
[gic2@1A]B CIDCEeCFG_C2TLR_EL1: 0x40400 -> 0x40402 (EOImode=1)
[gic] ICC_CTLR_EL1: 0x40400 -> 0x40402 (EOImode=1)
[smp] CPU 2: PSCI CPU_ON success
T1[s3m@1pAB]CD ECeFPGU3 3: PSCI CPU_ON success
[g4@i1cA]BC DIECeFGC4_CTLR_EL1: 0x40400 -> 0x40402 (EOImode=1)
[smp] CPU 4: PSCI CPU_ON success
[gic5]@1 AIBCCDCEe_FGCT5LR_EL1: 0x40400 -> 0x40402 (EOImode=1)
[gic] ICC_CTLR_EL1: 0x40400 -> 0x40402 (EOImode=1)
[smp] CPU 5: PSCI CPU_ON success
[s6@m1pAB]CD ECeFPGU6 6: PSCI CPU_ON success
[g7i@1cAB]CD EIeCFGC7_CTLR_EL1: 0x40400 -> 0x40402 (EOImode=1)
[smp] CPU 7: PSCI CPU_ON success
[T2gic] ICC_CTLR_EL1: 0x40400 -> 0x40402 (EOImode=1)
[smp] 8 CPUs online

========================================
  Breenix ARM64 Boot Complete!
========================================

Hello from ARM64!

[boot] Launching init from pre-loaded ELF...
manager.create_process_with_argv [ARM64]: ENTRY - name='init', elf_size=296760, argc=1
manager.create_process_with_argv [ARM64]: Generated PID 1
manager.create_process_with_argv [ARM64]: Creating ProcessPageTable
manager.create_process_with_argv [ARM64]: Loading ELF into page table
manager.create_process_with_argv [ARM64]: ELF loaded, entry=0x4000f1f0
manager.create_process_with_argv [ARM64]: Allocating user stack
manager.create_process_with_argv [ARM64]: User stack will be at 0xfffffeff0000-0xffffff000000
manager.create_process_with_argv [ARM64]: argc/argv set up on stack, SP=0xfffffefffed0
manager.create_process_with_argv [ARM64]: SUCCESS - returning PID 1
[ahci-poll-attrib] total=71 post_reg=69 pre_sched=69 post_sched=0
[boot] Reset 8 idle thread contexts (CPUs online: 8)
T3T4EL0_SYSCALL: First syscall from userspace (SPSR confirms EL0)
[ OK ] syscall path verified
[init] Breenix init starting (PID 1)
T5[spawn] path='/bin/heartbeat'
manager.create_process_with_argv [ARM64]: ENTRY - name='heartbeat', elf_size=290104, argc=1
manager.create_process_with_argv [ARM64]: Generated PID 2
manager.create_process_with_argv [ARM64]: Creating ProcessPageTable
manager.create_process_with_argv [ARM64]: Loading ELF into page table
manager.create_process_with_argv [ARM64]: ELF loaded, entry=0x4000edac
manager.create_process_with_argv [ARM64]: Allocating user stack
manager.create_process_with_argv [ARM64]: User stack will be at 0xfffffeff0000-0xffffff000000
manager.create_process_with_argv [ARM64]: argc/argv set up on stack, SP=0xfffffefffed0
manager.create_process_with_argv [ARM64]: SUCCESS - returning PID 2
[spawn] Created child PID 2 for parent PID 1
T6[spawn] Success: child PID 2 scheduled
[heartbeat] tid=12 uptime_ms=1274
T7T8T9T0[spawn] path='/bin/xhci_counters'
manager.create_process_with_argv [ARM64]: ENTRY - name='xhci_counters', elf_size=292248, argc=1
manager.create_process_with_argv [ARM64]: Generated PID 3
manager.create_process_with_argv [ARM64]: Creating ProcessPageTable
manager.create_process_with_argv [ARM64]: Loading ELF into page table
manager.create_process_with_argv [ARM64]: ELF loaded, entry=0x4000f140
manager.create_process_with_argv [ARM64]: Allocating user stack
manager.create_process_with_argv [ARM64]: User stack will be at 0xfffffeff0000-0xffffff000000
manager.create_process_with_argv [ARM64]: argc/argv set up on stack, SP=0xfffffefffed0
manager.create_process_with_argv [ARM64]: SUCCESS - returning PID 3
[spawn] Created child PID 3 for parent PID 1
[spawn] Success: child PID 3 scheduled
[xhci-counters] XHCI_MSI_EVENT_TOTAL=1
[xhci-counters] XHCI_IRQ_ENTRY_TOTAL=1
[xhci-counters] XHCI_LOCK_CONTENDED_TOTAL=0
[syscall] exit(0) pid=3 name=xhci_counters
[spawn] path='/bin/bwm'
manager.create_process_with_argv [ARM64]: ENTRY - name='bwm', elf_size=429080, argc=1
manager.create_process_with_argv [ARM64]: Generated PID 4
manager.create_process_with_argv [ARM64]: Creating ProcessPageTable
manager.create_process_with_argv [ARM64]: Loading ELF into page table
manager.create_process_with_argv [ARM64]: ELF loaded, entry=0x400190a4
manager.create_process_with_argv [ARM64]: Allocating user stack
manager.create_process_with_argv [ARM64]: User stack will be at 0xfffffeff0000-0xffffff000000
manager.create_process_with_argv [ARM64]: argc/argv set up on stack, SP=0xfffffefffee0
manager.create_process_with_argv [ARM64]: SUCCESS - returning PID 4
[spawn] Created child PID 4 for parent PID 1
[spawn] Success: child PID 4 scheduled
[bwm] Breenix Window Manager starting... (v2-chromeless-skip)
[virgl-composite] Frame #0: 1x1 → 1280x960 display (first1k: 1 nonzero, first=0xff000000)
[bwm] GPU compositing mode (VirGL), display: 1280x960
[compositor] Mapped compositor buffer into process: virt=0x7ffffdb4e000, 1280x960, 1200 pages (backend=VirGL)
[bwm] Direct compositor mapping: 1280x960 at 0x7ffffdb4e000
[bwm] using bitmap font fallback for early boot
[bwm] hotkeys: using built-in defaults for early boot
[virgl-composite] Frame #1: 1280x960 → 1280x960 display (first1k: 1000 nonzero, first=0x00121832)
[virgl-composite] Frame #2: 1280x960 → 1280x960 display (first1k: 1000 nonzero, first=0x00121832)
[spawn] path='/sbin/telnetd'
manager.create_process_with_argv [ARM64]: ENTRY - name='telnetd', elf_size=298608, argc=1
manager.create_process_with_argv [ARM64]: Generated PID 5
manager.create_process_with_argv [ARM64]: Creating ProcessPageTable
manager.create_process_with_argv [ARM64]: Loading ELF into page table
manager.create_process_with_argv [ARM64]: ELF loaded, entry=0x4000fdd0
manager.create_process_with_argv [ARM64]: Allocating user stack
manager.create_process_with_argv [ARM64]: User stack will be at 0xfffffeff0000-0xffffff000000
manager.create_process_with_argv [ARM64]: argc/argv set up on stack, SP=0xfffffefffed0
manager.create_process_with_argv [ARM64]: SUCCESS - returning PID 5
[spawn] Created child PID 5 for parent PID 1
[spawn] Success: child PID 5 scheduled
TELNETD_STARTING
TELNETD_LISTENING
[init] Boot script completed
[spawn] path='/bin/bsshd'
manager.create_process_with_argv [ARM64]: ENTRY - name='bsshd', elf_size=440984, argc=1
manager.create_process_with_argv [ARM64]: Generated PID 6
manager.create_process_with_argv [ARM64]: Creating ProcessPageTable
manager.create_process_with_argv [ARM64]: Loading ELF into page table
manager.create_process_with_argv [ARM64]: ELF loaded, entry=0x4001c39c
manager.create_process_with_argv [ARM64]: Allocating user stack
manager.create_process_with_argv [ARM64]: User stack will be at 0xfffffeff0000-0xffffff000000
manager.create_process_with_argv [ARM64]: argc/argv set up on stack, SP=0xfffffefffed0
manager.create_process_with_argv [ARM64]: SUCCESS - returning PID 6
[spawn] Created child PID 6 for parent PID 1
[spawn] Success: child PID 6 scheduled
bsshd: starting on port 2222
bsshd: listening on 0.0.0.0:2222
[init] bsshd started (PID 6)
[spawn] path='/bin/bounce'
manager.create_process_with_argv [ARM64]: ENTRY - name='bounce', elf_size=388000, argc=1
manager.create_process_with_argv [ARM64]: Generated PID 7
manager.create_process_with_argv [ARM64]: Creating ProcessPageTable
manager.create_process_with_argv [ARM64]: Loading ELF into page table
manager.create_process_with_argv [ARM64]: ELF loaded, entry=0x400188e0
manager.create_process_with_argv [ARM64]: Allocating user stack
manager.create_process_with_argv [ARM64]: User stack will be at 0xfffffeff0000-0xffffff000000
manager.create_process_with_argv [ARM64]: argc/argv set up on stack, SP=0xfffffefffed0
manager.create_process_with_argv [ARM64]: SUCCESS - returning PID 7
[spawn] Created child PID 7 for parent PID 1
[spawn] Success: child PID 7 scheduled
[init] bounce started (PID 7)
[init] Process 3 exited (code 0)
Bounce spheres demo starting (for Gus!) [boot_id=000000005d7f3b1b]
[window] create_window_buffer: 400x300 (480000 bytes, 118 pages)
[window] Created buffer id=1 for pid=7: 400x300 at virt=0x7ffffdf86000 phys=0x4417c000
[bounce] Window mode: i[bwm] Discovered window 'Bounce' (id=1, 400x300) at (30,38)
d=1 400x300 [boot_id=000000005d7f3b1b]
[compositor] Mapped window 1 into BWM: virt=0x7ffffdad4000, 400x300, 118 pages
[freeze-watch] uptime_ms=1756 submits=185 completes=187 fails=0 last_completion_ms=1756 fps_last_5s=80 cpu=1 tid=3 ctx_switches=2840 timer_ticks_cpu0=281 timer_ticks_cpu1=422 timer_ticks_cpu2=423 timer_ticks_cpu3=420 timer_ticks_cpu4=420 timer_ticks_cpu5=419 timer_ticks_cpu6=427 timer_ticks_cpu7=427 rq_total=0 rq_cpu0=0 rq_cpu1=0 rq_cpu2=0 rq_cpu3=0 rq_cpu4=0 rq_cpu5=0 rq_cpu6=0 rq_cpu7=0 cur_cpu0=0 cur_cpu1=3 cur_cpu2=5 cur_cpu3=6 cur_cpu4=7 cur_cpu5=8 cur_cpu6=9 cur_cpu7=10 total_threads=17 blocked_threads=7 sched_lock=ok procmgr_lock=ok gpu_pci_lock=busy
[gpu-pci-lock-attrib] max_hold_ms=9 max_hold_holder_tid=-1
[wake-attrib] schedule=183 unblock=0 isr_unblock=1221 wake_io=1272 signal=0 child=0 timer=5
[enqueue-attrib] same_lock=57 deferred=211 isr_buf=1221 deferred_drained=183 isr_buf_drained=1192 already_queued=9 isr_buf_full=0
[freeze-watch] uptime_ms=2260 submits=474 completes=476 fails=0 last_completion_ms=2256 fps_last_5s=192 cpu=1 tid=3 ctx_switches=3994 timer_ticks_cpu0=624 timer_ticks_cpu1=848 timer_ticks_cpu2=850 timer_ticks_cpu3=836 timer_ticks_cpu4=833 timer_ticks_cpu5=840 timer_ticks_cpu6=856 timer_ticks_cpu7=854 rq_total=0 rq_cpu0=0 rq_cpu1=0 rq_cpu2=0 rq_cpu3=0 rq_cpu4=0 rq_cpu5=0 rq_cpu6=0 rq_cpu7=0 cur_cpu0=0 cur_cpu1=3 cur_cpu2=5 cur_cpu3=6 cur_cpu4=7 cur_cpu5=8 cur_cpu6=9 cur_cpu7=10 total_threads=17 blocked_threads=7 sched_lock=ok procmgr_lock=ok gpu_pci_lock=busy
[heartbeat] tid=12 uptime_ms=2275
[bwm-fps] frames_since_last=164 elapsed_ms=1004 instantaneous_fps=163
[freeze-watch] uptime_ms=2763 submits=743 completes=746 fails=0 last_completion_ms=2761 fps_last_5s=178 cpu=0 tid=3 ctx_switches=5136 timer_ticks_cpu0=966 timer_ticks_cpu1=1271 timer_ticks_cpu2=1277 timer_ticks_cpu3=1251 timer_ticks_cpu4=1246 timer_ticks_cpu5=1263 timer_ticks_cpu6=1280 timer_ticks_cpu7=1283 rq_total=0 rq_cpu0=0 rq_cpu1=0 rq_cpu2=0 rq_cpu3=0 rq_cpu4=0 rq_cpu5=0 rq_cpu6=0 rq_cpu7=0 cur_cpu0=3 cur_cpu1=4 cur_cpu2=5 cur_cpu3=6 cur_cpu4=7 cur_cpu5=8 cur_cpu6=9 cur_cpu7=10 total_threads=17 blocked_threads=6 sched_lock=ok procmgr_lock=ok gpu_pci_lock=ok
[freeze-watch] uptime_ms=3266 submits=1040 completes=1043 fails=0 last_completion_ms=3264 fps_last_5s=196 cpu=2 tid=3 ctx_switches=6325 timer_ticks_cpu0=1301 timer_ticks_cpu1=1707 timer_ticks_cpu2=1712 timer_ticks_cpu3=1667 timer_ticks_cpu4=1662 timer_ticks_cpu5=1692 timer_ticks_cpu6=1709 timer_ticks_cpu7=1716 rq_total=0 rq_cpu0=0 rq_cpu1=0 rq_cpu2=0 rq_cpu3=0 rq_cpu4=0 rq_cpu5=0 rq_cpu6=0 rq_cpu7=0 cur_cpu0=0 cur_cpu1=14 cur_cpu2=3 cur_cpu3=6 cur_cpu4=7 cur_cpu5=8 cur_cpu6=9 cur_cpu7=10 total_threads=17 blocked_threads=6 sched_lock=ok procmgr_lock=ok gpu_pci_lock=ok
[heartbeat] tid=12 uptime_ms=3275
[bwm-fps] frames_since_last=188 elapsed_ms=1002 instantaneous_fps=187
[freeze-watch] uptime_ms=3769 submits=1286 completes=1289 fails=0 last_completion_ms=3768 fps_last_5s=163 cpu=0 tid=3 ctx_switches=7360 timer_ticks_cpu0=1655 timer_ticks_cpu1=2137 timer_ticks_cpu2=2132 timer_ticks_cpu3=2086 timer_ticks_cpu4=2072 timer_ticks_cpu5=2109 timer_ticks_cpu6=2133 timer_ticks_cpu7=2141 rq_total=0 rq_cpu0=0 rq_cpu1=0 rq_cpu2=0 rq_cpu3=0 rq_cpu4=0 rq_cpu5=0 rq_cpu6=0 rq_cpu7=0 cur_cpu0=3 cur_cpu1=4 cur_cpu2=5 cur_cpu3=6 cur_cpu4=7 cur_cpu5=8 cur_cpu6=9 cur_cpu7=10 total_threads=17 blocked_threads=6 sched_lock=ok procmgr_lock=ok gpu_pci_lock=ok
[freeze-watch] uptime_ms=4275 submits=1532 completes=1535 fails=0 last_completion_ms=4271 fps_last_5s=162 cpu=5 tid=3 ctx_switches=8390 timer_ticks_cpu0=2006 timer_ticks_cpu1=2568 timer_ticks_cpu2=2560 timer_ticks_cpu3=2512 timer_ticks_cpu4=2490 timer_ticks_cpu5=2528 timer_ticks_cpu6=2560 timer_ticks_cpu7=2572 rq_total=0 rq_cpu0=0 rq_cpu1=0 rq_cpu2=0 rq_cpu3=0 rq_cpu4=0 rq_cpu5=0 rq_cpu6=0 rq_cpu7=0 cur_cpu0=14 cur_cpu1=4 cur_cpu2=5 cur_cpu3=6 cur_cpu4=7 cur_cpu5=3 cur_cpu6=9 cur_cpu7=10 total_threads=17 blocked_threads=6 sched_lock=ok procmgr_lock=ok gpu_pci_lock=ok
[heartbeat] tid=12 uptime_ms=4276
[virgl-composite] Frame #500: 1280x960 → 1280x960 display (first1k: 1000 nonzero, first=0x0014161e)
[bwm-fps] frames_since_last=167 elapsed_ms=1001 instantaneous_fps=166
[freeze-watch] uptime_ms=4777 submits=1823 completes=1826 fails=0 last_completion_ms=4776 fps_last_5s=193 cpu=2 tid=3 ctx_switches=9531 timer_ticks_cpu0=2340 timer_ticks_cpu1=3000 timer_ticks_cpu2=2984 timer_ticks_cpu3=2931 timer_ticks_cpu4=2907 timer_ticks_cpu5=2942 timer_ticks_cpu6=2987 timer_ticks_cpu7=2999 rq_total=0 rq_cpu0=0 rq_cpu1=0 rq_cpu2=0 rq_cpu3=0 rq_cpu4=0 rq_cpu5=0 rq_cpu6=0 rq_cpu7=0 cur_cpu0=0 cur_cpu1=4 cur_cpu2=3 cur_cpu3=6 cur_cpu4=7 cur_cpu5=8 cur_cpu6=9 cur_cpu7=10 total_threads=17 blocked_threads=6 sched_lock=ok procmgr_lock=ok gpu_pci_lock=ok
[heartbeat] tid=12 uptime_ms=5278
[freeze-watch] uptime_ms=5280 submits=2096 completes=2099 fails=0 last_completion_ms=5280 fps_last_5s=180 cpu=4 tid=3 ctx_switches=10655 timer_ticks_cpu0=2694 timer_ticks_cpu1=3428 timer_ticks_cpu2=3410 timer_ticks_cpu3=3355 timer_ticks_cpu4=3326 timer_ticks_cpu5=3364 timer_ticks_cpu6=3411 timer_ticks_cpu7=3426 rq_total=0 rq_cpu0=0 rq_cpu1=0 rq_cpu2=0 rq_cpu3=0 rq_cpu4=0 rq_cpu5=0 rq_cpu6=0 rq_cpu7=0 cur_cpu0=0 cur_cpu1=4 cur_cpu2=5 cur_cpu3=6 cur_cpu4=3 cur_cpu5=8 cur_cpu6=9 cur_cpu7=10 total_threads=17 blocked_threads=6 sched_lock=ok procmgr_lock=ok gpu_pci_lock=ok
[bwm-fps] frames_since_last=188 elapsed_ms=1002 instantaneous_fps=187
[freeze-watch] uptime_ms=5783 submits=2369 completes=2372 fails=0 last_completion_ms=5781 fps_last_5s=180 cpu=3 tid=0 ctx_switches=11736 timer_ticks_cpu0=3040 timer_ticks_cpu1=3856 timer_ticks_cpu2=3837 timer_ticks_cpu3=3772 timer_ticks_cpu4=3745 timer_ticks_cpu5=3784 timer_ticks_cpu6=3835 timer_ticks_cpu7=3848 rq_total=0 rq_cpu0=0 rq_cpu1=0 rq_cpu2=0 rq_cpu3=0 rq_cpu4=0 rq_cpu5=0 rq_cpu6=0 rq_cpu7=0 cur_cpu0=0 cur_cpu1=0 cur_cpu2=0 cur_cpu3=0 cur_cpu4=0 cur_cpu5=0 cur_cpu6=0 cur_cpu7=0 total_threads=0 blocked_threads=0 sched_lock=busy procmgr_lock=ok gpu_pci_lock=ok
[heartbeat] tid=12 uptime_ms=6279
[freeze-watch] uptime_ms=6285 submits=2604 completes=2606 fails=0 last_completion_ms=6281 fps_last_5s=155 cpu=1 tid=3 ctx_switches=12735 timer_ticks_cpu0=3384 timer_ticks_cpu1=4283 timer_ticks_cpu2=4260 timer_ticks_cpu3=4185 timer_ticks_cpu4=4152 timer_ticks_cpu5=4200 timer_ticks_cpu6=4255 timer_ticks_cpu7=4269 rq_total=0 rq_cpu0=0 rq_cpu1=0 rq_cpu2=0 rq_cpu3=0 rq_cpu4=0 rq_cpu5=0 rq_cpu6=0 rq_cpu7=0 cur_cpu0=0 cur_cpu1=3 cur_cpu2=5 cur_cpu3=6 cur_cpu4=7 cur_cpu5=8 cur_cpu6=9 cur_cpu7=10 total_threads=17 blocked_threads=7 sched_lock=ok procmgr_lock=ok gpu_pci_lock=busy
[bwm-fps] frames_since_last=165 elapsed_ms=1001 instantaneous_fps=164
[freeze-watch] uptime_ms=6788 submits=2867 completes=2870 fails=0 last_completion_ms=6787 fps_last_5s=174 cpu=2 tid=3 ctx_switches=13875 timer_ticks_cpu0=3728 timer_ticks_cpu1=4705 timer_ticks_cpu2=4688 timer_ticks_cpu3=4601 timer_ticks_cpu4=4563 timer_ticks_cpu5=4621 timer_ticks_cpu6=4678 timer_ticks_cpu7=4700 rq_total=0 rq_cpu0=0 rq_cpu1=0 rq_cpu2=0 rq_cpu3=0 rq_cpu4=0 rq_cpu5=0 rq_cpu6=0 rq_cpu7=0 cur_cpu0=0 cur_cpu1=4 cur_cpu2=3 cur_cpu3=6 cur_cpu4=7 cur_cpu5=8 cur_cpu6=9 cur_cpu7=10 total_threads=17 blocked_threads=6 sched_lock=ok procmgr_lock=ok gpu_pci_lock=ok
[virgl-composite] Frame #1000: 1280x960 → 1280x960 display (first1k: 1000 nonzero, first=0x0014161e)
[heartbeat] tid=12 uptime_ms=7279
[freeze-watch] uptime_ms=7291 submits=3140 completes=3143 fails=0 last_completion_ms=7288 fps_last_5s=180 cpu=7 tid=3 ctx_switches=15063 timer_ticks_cpu0=4073 timer_ticks_cpu1=5131 timer_ticks_cpu2=5112 timer_ticks_cpu3=5019 timer_ticks_cpu4=4982 timer_ticks_cpu5=5037 timer_ticks_cpu6=5105 timer_ticks_cpu7=5131 rq_total=0 rq_cpu0=0 rq_cpu1=0 rq_cpu2=0 rq_cpu3=0 rq_cpu4=0 rq_cpu5=0 rq_cpu6=0 rq_cpu7=0 cur_cpu0=14 cur_cpu1=4 cur_cpu2=5 cur_cpu3=6 cur_cpu4=7 cur_cpu5=8 cur_cpu6=9 cur_cpu7=3 total_threads=17 blocked_threads=6 sched_lock=ok procmgr_lock=ok gpu_pci_lock=ok
[bwm-fps] frames_since_last=177 elapsed_ms=1000 instantaneous_fps=177
[freeze-watch] uptime_ms=7796 submits=3411 completes=3413 fails=0 last_completion_ms=7792 fps_last_5s=178 cpu=1 tid=3 ctx_switches=16193 timer_ticks_cpu0=4403 timer_ticks_cpu1=5559 timer_ticks_cpu2=5546 timer_ticks_cpu3=5436 timer_ticks_cpu4=5395 timer_ticks_cpu5=5459 timer_ticks_cpu6=5529 timer_ticks_cpu7=5562 rq_total=0 rq_cpu0=0 rq_cpu1=0 rq_cpu2=0 rq_cpu3=0 rq_cpu4=0 rq_cpu5=0 rq_cpu6=0 rq_cpu7=0 cur_cpu0=0 cur_cpu1=3 cur_cpu2=5 cur_cpu3=6 cur_cpu4=7 cur_cpu5=8 cur_cpu6=9 cur_cpu7=10 total_threads=17 blocked_threads=7 sched_lock=ok procmgr_lock=ok gpu_pci_lock=busy
[heartbeat] tid=12 uptime_ms=8280
[freeze-watch] uptime_ms=8299 submits=3632 completes=3635 fails=0 last_completion_ms=8297 fps_last_5s=147 cpu=2 tid=0 ctx_switches=17293 timer_ticks_cpu0=4750 timer_ticks_cpu1=5985 timer_ticks_cpu2=5971 timer_ticks_cpu3=5854 timer_ticks_cpu4=5810 timer_ticks_cpu5=5874 timer_ticks_cpu6=5952 timer_ticks_cpu7=5987 rq_total=0 rq_cpu0=0 rq_cpu1=0 rq_cpu2=0 rq_cpu3=0 rq_cpu4=0 rq_cpu5=0 rq_cpu6=0 rq_cpu7=0 cur_cpu0=0 cur_cpu1=0 cur_cpu2=0 cur_cpu3=0 cur_cpu4=0 cur_cpu5=0 cur_cpu6=0 cur_cpu7=0 total_threads=0 blocked_threads=0 sched_lock=busy procmgr_lock=ok gpu_pci_lock=ok
[bwm-fps] frames_since_last=164 elapsed_ms=1002 instantaneous_fps=163
[timer] cpu0 ticks=5000
[freeze-watch] uptime_ms=8803 submits=3902 completes=3905 fails=0 last_completion_ms=8802 fps_last_5s=178 cpu=5 tid=3 ctx_switches=18479 timer_ticks_cpu0=5088 timer_ticks_cpu1=6421 timer_ticks_cpu2=6391 timer_ticks_cpu3=6272 timer_ticks_cpu4=6228 timer_ticks_cpu5=6299 timer_ticks_cpu6=6380 timer_ticks_cpu7=6415 rq_total=0 rq_cpu0=0 rq_cpu1=0 rq_cpu2=0 rq_cpu3=0 rq_cpu4=0 rq_cpu5=0 rq_cpu6=0 rq_cpu7=0 cur_cpu0=0 cur_cpu1=4 cur_cpu2=5 cur_cpu3=6 cur_cpu4=7 cur_cpu5=3 cur_cpu6=9 cur_cpu7=10 total_threads=17 blocked_threads=6 sched_lock=ok procmgr_lock=ok gpu_pci_lock=ok
[heartbeat] tid=12 uptime_ms=9280
[freeze-watch] uptime_ms=9307 submits=4130 completes=4133 fails=0 last_completion_ms=9306 fps_last_5s=150 cpu=7 tid=3 ctx_switches=19525 timer_ticks_cpu0=5435 timer_ticks_cpu1=6845 timer_ticks_cpu2=6820 timer_ticks_cpu3=6694 timer_ticks_cpu4=6641 timer_ticks_cpu5=6712 timer_ticks_cpu6=6807 timer_ticks_cpu7=6837 rq_total=0 rq_cpu0=0 rq_cpu1=0 rq_cpu2=0 rq_cpu3=0 rq_cpu4=0 rq_cpu5=0 rq_cpu6=0 rq_cpu7=0 cur_cpu0=17 cur_cpu1=4 cur_cpu2=5 cur_cpu3=6 cur_cpu4=7 cur_cpu5=8 cur_cpu6=9 cur_cpu7=3 total_threads=17 blocked_threads=5 sched_lock=ok procmgr_lock=ok gpu_pci_lock=ok
[bwm-fps] frames_since_last=163 elapsed_ms=1002 instantaneous_fps=162
[freeze-watch] uptime_ms=9811 submits=4392 completes=4394 fails=0 last_completion_ms=9807 fps_last_5s=172 cpu=3 tid=3 ctx_switches=20650 timer_ticks_cpu0=5761 timer_ticks_cpu1=7281 timer_ticks_cpu2=7245 timer_ticks_cpu3=7115 timer_ticks_cpu4=7057 timer_ticks_cpu5=7130 timer_ticks_cpu6=7232 timer_ticks_cpu7=7261 rq_total=0 rq_cpu0=0 rq_cpu1=0 rq_cpu2=0 rq_cpu3=0 rq_cpu4=0 rq_cpu5=0 rq_cpu6=0 rq_cpu7=0 cur_cpu0=0 cur_cpu1=4 cur_cpu2=5 cur_cpu3=3 cur_cpu4=7 cur_cpu5=8 cur_cpu6=9 cur_cpu7=10 total_threads=17 blocked_threads=7 sched_lock=ok procmgr_lock=ok gpu_pci_lock=busy
[virgl-composite] Frame #1500: 1280x960 → 1280x960 display (first1k: 1000 nonzero, first=0x0014161e)
[heartbeat] tid=12 uptime_ms=10281
[freeze-watch] uptime_ms=10315 submits=4647 completes=4649 fails=0 last_completion_ms=10310 fps_last_5s=168 cpu=1 tid=3 ctx_switches=21777 timer_ticks_cpu0=6087 timer_ticks_cpu1=7718 timer_ticks_cpu2=7671 timer_ticks_cpu3=7531 timer_ticks_cpu4=7469 timer_ticks_cpu5=7542 timer_ticks_cpu6=7654 timer_ticks_cpu7=7689 rq_total=0 rq_cpu0=0 rq_cpu1=0 rq_cpu2=0 rq_cpu3=0 rq_cpu4=0 rq_cpu5=0 rq_cpu6=0 rq_cpu7=0 cur_cpu0=0 cur_cpu1=3 cur_cpu2=5 cur_cpu3=6 cur_cpu4=7 cur_cpu5=8 cur_cpu6=9 cur_cpu7=10 total_threads=17 blocked_threads=7 sched_lock=ok procmgr_lock=ok gpu_pci_lock=busy
[bwm-fps] frames_since_last=171 elapsed_ms=1000 instantaneous_fps=171
[heartbeat] tid=12 uptime_ms=11282
[bwm-fps] frames_since_last=189 elapsed_ms=1000 instantaneous_fps=189
[heartbeat] tid=12 uptime_ms=12282
[bwm-fps] frames_since_last=170 elapsed_ms=1001 instantaneous_fps=169
[virgl-composite] Frame #2000: 1280x960 → 1280x960 display (first1k: 1000 nonzero, first=0x0014161e)
[heartbeat] tid=12 uptime_ms=13282
[bwm-fps] frames_since_last=180 elapsed_ms=1006 instantaneous_fps=178
[heartbeat] tid=12 uptime_ms=14283
[bwm-fps] frames_since_last=163 elapsed_ms=1002 instantaneous_fps=162
[heartbeat] tid=12 uptime_ms=15283
[freeze-watch] uptime_ms=15319 submits=7277 completes=7280 fails=0 last_completion_ms=15316 fps_last_5s=175 cpu=5 tid=3 ctx_switches=33309 timer_ticks_cpu0=9457 timer_ticks_cpu1=11983 timer_ticks_cpu2=11902 timer_ticks_cpu3=11713 timer_ticks_cpu4=11621 timer_ticks_cpu5=11734 timer_ticks_cpu6=11909 timer_ticks_cpu7=11947 rq_total=0 rq_cpu0=0 rq_cpu1=0 rq_cpu2=0 rq_cpu3=0 rq_cpu4=0 rq_cpu5=0 rq_cpu6=0 rq_cpu7=0 cur_cpu0=0 cur_cpu1=14 cur_cpu2=5 cur_cpu3=6 cur_cpu4=7 cur_cpu5=3 cur_cpu6=9 cur_cpu7=10 total_threads=17 blocked_threads=6 sched_lock=ok procmgr_lock=ok gpu_pci_lock=ok
[bwm-fps] frames_since_last=176 elapsed_ms=1000 instantaneous_fps=176
[virgl-composite] Frame #2500: 1280x960 → 1280x960 display (first1k: 1000 nonzero, first=0x0014161e)
[timer] cpu0 ticks=10000
[heartbeat] tid=12 uptime_ms=16283
[bwm-fps] frames_since_last=188 elapsed_ms=1002 instantaneous_fps=187
[heartbeat] tid=12 uptime_ms=17284
[bwm-fps] frames_since_last=192 elapsed_ms=1001 instantaneous_fps=191
[heartbeat] tid=12 uptime_ms=18284
[bwm-fps] frames_since_last=184 elapsed_ms=1001 instantaneous_fps=183
[virgl-composite] Frame #3000: 1280x960 → 1280x960 display (first1k: 1000 nonzero, first=0x0014161e)
[heartbeat] tid=12 uptime_ms=19285
[bwm-fps] frames_since_last=173 elapsed_ms=1000 instantaneous_fps=173
[heartbeat] tid=12 uptime_ms=20285
[freeze-watch] uptime_ms=20322 submits=9968 completes=9971 fails=0 last_completion_ms=20317 fps_last_5s=179 cpu=3 tid=3 ctx_switches=45001 timer_ticks_cpu0=12843 timer_ticks_cpu1=16242 timer_ticks_cpu2=16124 timer_ticks_cpu3=15903 timer_ticks_cpu4=15772 timer_ticks_cpu5=15929 timer_ticks_cpu6=16157 timer_ticks_cpu7=16197 rq_total=0 rq_cpu0=0 rq_cpu1=0 rq_cpu2=0 rq_cpu3=0 rq_cpu4=0 rq_cpu5=0 rq_cpu6=0 rq_cpu7=0 cur_cpu0=0 cur_cpu1=4 cur_cpu2=14 cur_cpu3=3 cur_cpu4=7 cur_cpu5=8 cur_cpu6=9 cur_cpu7=10 total_threads=17 blocked_threads=6 sched_lock=ok procmgr_lock=ok gpu_pci_lock=ok
[bwm-fps] frames_since_last=159 elapsed_ms=1001 instantaneous_fps=158
[heartbeat] tid=12 uptime_ms=21286
[bwm-fps] frames_since_last=177 elapsed_ms=1003 instantaneous_fps=176
[virgl-composite] Frame #3500: 1280x960 → 1280x960 display (first1k: 1000 nonzero, first=0x0014161e)
[heartbeat] tid=12 uptime_ms=22287
[bwm-fps] frames_since_last=168 elapsed_ms=1001 instantaneous_fps=167
[heartbeat] tid=12 uptime_ms=23288
[bwm-fps] frames_since_last=171 elapsed_ms=1000 instantaneous_fps=171
[timer] cpu0 ticks=15000
[heartbeat] tid=12 uptime_ms=24288
[virgl-composite] Frame #4000: 1280x960 → 1280x960 display (first1k: 1000 nonzero, first=0x0014161e)
[bwm-fps] frames_since_last=181 elapsed_ms=1001 instantaneous_fps=180
[heartbeat] tid=12 uptime_ms=25291
[freeze-watch] uptime_ms=25326 submits=12582 completes=12584 fails=0 last_completion_ms=25319 fps_last_5s=174 cpu=7 tid=3 ctx_switches=56538 timer_ticks_cpu0=16196 timer_ticks_cpu1=20512 timer_ticks_cpu2=20328 timer_ticks_cpu3=20076 timer_ticks_cpu4=19926 timer_ticks_cpu5=20101 timer_ticks_cpu6=20402 timer_ticks_cpu7=20447 rq_total=0 rq_cpu0=0 rq_cpu1=0 rq_cpu2=0 rq_cpu3=0 rq_cpu4=0 rq_cpu5=0 rq_cpu6=0 rq_cpu7=0 cur_cpu0=0 cur_cpu1=4 cur_cpu2=5 cur_cpu3=6 cur_cpu4=7 cur_cpu5=8 cur_cpu6=9 cur_cpu7=3 total_threads=17 blocked_threads=7 sched_lock=ok procmgr_lock=ok gpu_pci_lock=busy
[bwm-fps] frames_since_last=177 elapsed_ms=1002 instantaneous_fps=176
[heartbeat] tid=12 uptime_ms=26292
[bwm-fps] frames_since_last=169 elapsed_ms=1003 instantaneous_fps=168
[virgl-composite] Frame #4500: 1280x960 → 1280x960 display (first1k: 1000 nonzero, first=0x0014161e)
[heartbeat] tid=12 uptime_ms=27293
[bwm-fps] frames_since_last=176 elapsed_ms=1005 instantaneous_fps=175
[heartbeat] tid=12 uptime_ms=28293
[bwm-fps] frames_since_last=163 elapsed_ms=1005 instantaneous_fps=162
[heartbeat] tid=12 uptime_ms=29294
[bwm-fps] frames_since_last=164 elapsed_ms=1005 instantaneous_fps=163
[heartbeat] tid=12 uptime_ms=30295
[virgl-composite] Frame #5000: 1280x960 → 1280x960 display (first1k: 1000 nonzero, first=0x0014161e)
[freeze-watch] uptime_ms=30330 submits=15068 completes=15071 fails=0 last_completion_ms=30325 fps_last_5s=165 cpu=5 tid=3 ctx_switches=67656 timer_ticks_cpu0=19567 timer_ticks_cpu1=24764 timer_ticks_cpu2=24540 timer_ticks_cpu3=24230 timer_ticks_cpu4=24071 timer_ticks_cpu5=24272 timer_ticks_cpu6=24619 timer_ticks_cpu7=24695 rq_total=0 rq_cpu0=0 rq_cpu1=0 rq_cpu2=0 rq_cpu3=0 rq_cpu4=0 rq_cpu5=0 rq_cpu6=0 rq_cpu7=0 cur_cpu0=14 cur_cpu1=4 cur_cpu2=5 cur_cpu3=6 cur_cpu4=7 cur_cpu5=3 cur_cpu6=9 cur_cpu7=10 total_threads=17 blocked_threads=6 sched_lock=ok procmgr_lock=ok gpu_pci_lock=ok
[bwm-fps] frames_since_last=156 elapsed_ms=1002 instantaneous_fps=155
[timer] cpu0 ticks=20000
[heartbeat] tid=12 uptime_ms=31298
[bwm-fps] frames_since_last=190 elapsed_ms=1001 instantaneous_fps=189
[heartbeat] tid=12 uptime_ms=32299
[bwm-fps] frames_since_last=193 elapsed_ms=1003 instantaneous_fps=192
[virgl-composite] Frame #5500: 1280x960 → 1280x960 display (first1k: 1000 nonzero, first=0x0014161e)
[heartbeat] tid=12 uptime_ms=33300
[bwm-fps] frames_since_last=179 elapsed_ms=1001 instantaneous_fps=178
[heartbeat] tid=12 uptime_ms=34300
[bwm-fps] frames_since_last=173 elapsed_ms=1000 instantaneous_fps=173
[heartbeat] tid=12 uptime_ms=35300
[freeze-watch] uptime_ms=35334 submits=17816 completes=17819 fails=0 last_completion_ms=35333 fps_last_5s=183 cpu=6 tid=3 ctx_switches=79797 timer_ticks_cpu0=22929 timer_ticks_cpu1=29030 timer_ticks_cpu2=28795 timer_ticks_cpu3=28425 timer_ticks_cpu4=28238 timer_ticks_cpu5=28495 timer_ticks_cpu6=28870 timer_ticks_cpu7=28961 rq_total=0 rq_cpu0=0 rq_cpu1=0 rq_cpu2=0 rq_cpu3=0 rq_cpu4=0 rq_cpu5=0 rq_cpu6=0 rq_cpu7=0 cur_cpu0=0 cur_cpu1=4 cur_cpu2=5 cur_cpu3=6 cur_cpu4=7 cur_cpu5=8 cur_cpu6=3 cur_cpu7=10 total_threads=17 blocked_threads=6 sched_lock=ok procmgr_lock=ok gpu_pci_lock=ok
[gpu-pci-lock-attrib] max_hold_ms=9 max_hold_holder_tid=14
[wake-attrib] schedule=15243 unblock=0 isr_unblock=18755 wake_io=25597 signal=0 child=0 timer=2320
[enqueue-attrib] same_lock=9278 deferred=17176 isr_buf=18755 deferred_drained=15882 isr_buf_drained=16706 already_queued=1230 isr_buf_full=0
[bwm-fps] frames_since_last=188 elapsed_ms=1003 instantaneous_fps=187
[virgl-composite] Frame #6000: 1280x960 → 1280x960 display (first1k: 1000 nonzero, first=0x0014161e)
[heartbeat] tid=12 uptime_ms=36300
[bwm-fps] frames_since_last=184 elapsed_ms=1000 instantaneous_fps=184
[heartbeat] tid=12 uptime_ms=37300
[bwm-fps] frames_since_last=172 elapsed_ms=1002 instantaneous_fps=171
[heartbeat] tid=12 uptime_ms=38301
[timer] cpu0 ticks=25000
[bwm-fps] frames_since_last=165 elapsed_ms=1001 instantaneous_fps=164
[virgl-composite] Frame #6500: 1280x960 → 1280x960 display (first1k: 1000 nonzero, first=0x0014161e)
[heartbeat] tid=12 uptime_ms=39301
[bwm-fps] frames_since_last=184 elapsed_ms=1000 instantaneous_fps=184
[heartbeat] tid=12 uptime_ms=40301
[freeze-watch] uptime_ms=40337 submits=20456 completes=20459 fails=0 last_completion_ms=40337 fps_last_5s=175 cpu=2 tid=0 ctx_switches=91521 timer_ticks_cpu0=26310 timer_ticks_cpu1=33271 timer_ticks_cpu2=33022 timer_ticks_cpu3=32603 timer_ticks_cpu4=32381 timer_ticks_cpu5=32675 timer_ticks_cpu6=33095 timer_ticks_cpu7=33209 rq_total=0 rq_cpu0=0 rq_cpu1=0 rq_cpu2=0 rq_cpu3=0 rq_cpu4=0 rq_cpu5=0 rq_cpu6=0 rq_cpu7=0 cur_cpu0=0 cur_cpu1=0 cur_cpu2=0 cur_cpu3=0 cur_cpu4=0 cur_cpu5=0 cur_cpu6=0 cur_cpu7=0 total_threads=0 blocked_threads=0 sched_lock=busy procmgr_lock=ok gpu_pci_lock=ok
[bwm-fps] frames_since_last=171 elapsed_ms=1000 instantaneous_fps=171
[heartbeat] tid=12 uptime_ms=41301
[virgl-composite] Frame #7000: 1280x960 → 1280x960 display (first1k: 1000 nonzero, first=0x0014161e)
[bwm-fps] frames_since_last=182 elapsed_ms=1003 instantaneous_fps=181
[heartbeat] tid=12 uptime_ms=42302
[bwm-fps] frames_since_last=197 elapsed_ms=1005 instantaneous_fps=196
[heartbeat] tid=12 uptime_ms=43302
[bwm-fps] frames_since_last=184 elapsed_ms=1001 instantaneous_fps=183
[virgl-composite] Frame #7500: 1280x960 → 1280x960 display (first1k: 1000 nonzero, first=0x0014161e)
[heartbeat] tid=12 uptime_ms=44303
[bwm-fps] frames_since_last=186 elapsed_ms=1005 instantaneous_fps=185
[heartbeat] tid=12 uptime_ms=45303
[freeze-watch] uptime_ms=45340 submits=23198 completes=23201 fails=0 last_completion_ms=45340 fps_last_5s=182 cpu=1 tid=3 ctx_switches=103526 timer_ticks_cpu0=29636 timer_ticks_cpu1=37535 timer_ticks_cpu2=37289 timer_ticks_cpu3=36799 timer_ticks_cpu4=36546 timer_ticks_cpu5=36888 timer_ticks_cpu6=37347 timer_ticks_cpu7=37471 rq_total=0 rq_cpu0=0 rq_cpu1=0 rq_cpu2=0 rq_cpu3=0 rq_cpu4=0 rq_cpu5=0 rq_cpu6=0 rq_cpu7=0 cur_cpu0=14 cur_cpu1=3 cur_cpu2=5 cur_cpu3=6 cur_cpu4=7 cur_cpu5=8 cur_cpu6=9 cur_cpu7=10 total_threads=17 blocked_threads=6 sched_lock=ok procmgr_lock=ok gpu_pci_lock=ok
[bwm-fps] frames_since_last=169 elapsed_ms=1004 instantaneous_fps=168
[timer] cpu0 ticks=30000
[heartbeat] tid=12 uptime_ms=46305
[bwm-fps] frames_since_last=173 elapsed_ms=1001 instantaneous_fps=172
[virgl-composite] Frame #8000: 1280x960 → 1280x960 display (first1k: 1000 nonzero, first=0x0014161e)
[heartbeat] tid=12 uptime_ms=47305
[bwm-fps] frames_since_last=156 elapsed_ms=1000 instantaneous_fps=156
[heartbeat] tid=12 uptime_ms=48306
[bwm-fps] frames_since_last=165 elapsed_ms=1002 instantaneous_fps=164
[heartbeat] tid=12 uptime_ms=49306
[bwm-fps] frames_since_last=168 elapsed_ms=1003 instantaneous_fps=167
[virgl-composite] Frame #8500: 1280x960 → 1280x960 display (first1k: 1000 nonzero, first=0x0014161e)
[heartbeat] tid=12 uptime_ms=50307
[freeze-watch] uptime_ms=50343 submits=25698 completes=25700 fails=0 last_completion_ms=50338 fps_last_5s=166 cpu=4 tid=0 ctx_switches=114633 timer_ticks_cpu0=33023 timer_ticks_cpu1=41798 timer_ticks_cpu2=41505 timer_ticks_cpu3=40968 timer_ticks_cpu4=40661 timer_ticks_cpu5=41052 timer_ticks_cpu6=41572 timer_ticks_cpu7=41719 rq_total=0 rq_cpu0=0 rq_cpu1=0 rq_cpu2=0 rq_cpu3=0 rq_cpu4=0 rq_cpu5=0 rq_cpu6=0 rq_cpu7=0 cur_cpu0=0 cur_cpu1=0 cur_cpu2=0 cur_cpu3=0 cur_cpu4=0 cur_cpu5=0 cur_cpu6=0 cur_cpu7=0 total_threads=0 blocked_threads=0 sched_lock=busy procmgr_lock=ok gpu_pci_lock=busy
[bwm-fps] frames_since_last=170 elapsed_ms=1002 instantaneous_fps=169
[heartbeat] tid=12 uptime_ms=51308
[bwm-fps] frames_since_last=195 elapsed_ms=1001 instantaneous_fps=194
[heartbeat] tid=12 uptime_ms=52308
[bwm-fps] frames_since_last=174 elapsed_ms=1003 instantaneous_fps=173
[virgl-composite] Frame #9000: 1280x960 → 1280x960 display (first1k: 1000 nonzero, first=0x0014161e)
[timer] cpu0 ticks=35000
[heartbeat] tid=12 uptime_ms=53309
[bwm-fps] frames_since_last=182 elapsed_ms=1003 instantaneous_fps=181
[heartbeat] tid=12 uptime_ms=54309
[bwm-fps] frames_since_last=181 elapsed_ms=1001 instantaneous_fps=180
[heartbeat] tid=12 uptime_ms=55309
[freeze-watch] uptime_ms=55347 submits=28436 completes=28439 fails=0 last_completion_ms=55347 fps_last_5s=182 cpu=1 tid=0 ctx_switches=126387 timer_ticks_cpu0=36359 timer_ticks_cpu1=46054 timer_ticks_cpu2=45765 timer_ticks_cpu3=45121 timer_ticks_cpu4=44814 timer_ticks_cpu5=45250 timer_ticks_cpu6=45842 timer_ticks_cpu7=45977 rq_total=0 rq_cpu0=0 rq_cpu1=0 rq_cpu2=0 rq_cpu3=0 rq_cpu4=0 rq_cpu5=0 rq_cpu6=0 rq_cpu7=0 cur_cpu0=0 cur_cpu1=0 cur_cpu2=0 cur_cpu3=0 cur_cpu4=0 cur_cpu5=0 cur_cpu6=0 cur_cpu7=0 total_threads=0 blocked_threads=0 sched_lock=busy procmgr_lock=ok gpu_pci_lock=ok
[bwm-fps] frames_since_last=181 elapsed_ms=1001 instantaneous_fps=180
[virgl-composite] Frame #9500: 1280x960 → 1280x960 display (first1k: 1000 nonzero, first=0x0014161e)
[heartbeat] tid=12 uptime_ms=56311
[bwm-fps] frames_since_last=156 elapsed_ms=1002 instantaneous_fps=155
[heartbeat] tid=12 uptime_ms=57311
[bwm-fps] frames_since_last=161 elapsed_ms=1004 instantaneous_fps=160
[heartbeat] tid=12 uptime_ms=58311
[bwm-fps] frames_since_last=175 elapsed_ms=1000 instantaneous_fps=175
[virgl-composite] Frame #10000: 1280x960 → 1280x960 display (first1k: 1000 nonzero, first=0x0014161e)
[heartbeat] tid=12 uptime_ms=59312
[bwm-fps] frames_since_last=161 elapsed_ms=1001 instantaneous_fps=160
[heartbeat] tid=12 uptime_ms=60313
[freeze-watch] uptime_ms=60350 submits=30911 completes=30914 fails=0 last_completion_ms=60346 fps_last_5s=164 cpu=7 tid=3 ctx_switches=137287 timer_ticks_cpu0=39716 timer_ticks_cpu1=50296 timer_ticks_cpu2=49964 timer_ticks_cpu3=49265 timer_ticks_cpu4=48932 timer_ticks_cpu5=49400 timer_ticks_cpu6=50060 timer_ticks_cpu7=50215 rq_total=0 rq_cpu0=0 rq_cpu1=0 rq_cpu2=0 rq_cpu3=0 rq_cpu4=0 rq_cpu5=0 rq_cpu6=0 rq_cpu7=0 cur_cpu0=0 cur_cpu1=14 cur_cpu2=5 cur_cpu3=6 cur_cpu4=7 cur_cpu5=8 cur_cpu6=9 cur_cpu7=3 total_threads=17 blocked_threads=6 sched_lock=ok procmgr_lock=ok gpu_pci_lock=ok
[bwm-fps] frames_since_last=180 elapsed_ms=1001 instantaneous_fps=179
[timer] cpu0 ticks=40000
[heartbeat] tid=12 uptime_ms=61313
[virgl-composite] Frame #10500: 1280x960 → 1280x960 display (first1k: 1000 nonzero, first=0x0014161e)
[bwm-fps] frames_since_last=195 elapsed_ms=1002 instantaneous_fps=194
[heartbeat] tid=12 uptime_ms=62313
[bwm-fps] frames_since_last=197 elapsed_ms=1003 instantaneous_fps=196
[heartbeat] tid=12 uptime_ms=63314
[bwm-fps] frames_since_last=201 elapsed_ms=1000 instantaneous_fps=201
[virgl-composite] Frame #11000: 1280x960 → 1280x960 display (first1k: 1000 nonzero, first=0x0014161e)
[heartbeat] tid=12 uptime_ms=64314
[bwm-fps] frames_since_last=198 elapsed_ms=1003 instantaneous_fps=197
[heartbeat] tid=12 uptime_ms=65316
[freeze-watch] uptime_ms=65354 submits=33870 completes=33872 fails=0 last_completion_ms=65350 fps_last_5s=197 cpu=0 tid=3 ctx_switches=150013 timer_ticks_cpu0=43087 timer_ticks_cpu1=54597 timer_ticks_cpu2=54217 timer_ticks_cpu3=53482 timer_ticks_cpu4=53112 timer_ticks_cpu5=53623 timer_ticks_cpu6=54314 timer_ticks_cpu7=54476 rq_total=0 rq_cpu0=0 rq_cpu1=0 rq_cpu2=0 rq_cpu3=0 rq_cpu4=0 rq_cpu5=0 rq_cpu6=0 rq_cpu7=0 cur_cpu0=3 cur_cpu1=4 cur_cpu2=5 cur_cpu3=6 cur_cpu4=7 cur_cpu5=8 cur_cpu6=9 cur_cpu7=10 total_threads=17 blocked_threads=7 sched_lock=ok procmgr_lock=ok gpu_pci_lock=busy
[gpu-pci-lock-attrib] max_hold_ms=9 max_hold_holder_tid=14
[wake-attrib] schedule=28747 unblock=0 isr_unblock=34723 wake_io=47838 signal=0 child=0 timer=4716
[enqueue-attrib] same_lock=17898 deferred=32547 isr_buf=34723 deferred_drained=30105 isr_buf_drained=30856 already_queued=2388 isr_buf_full=0
[bwm-fps] frames_since_last=196 elapsed_ms=1001 instantaneous_fps=195
[heartbeat] tid=12 uptime_ms=66317
[bwm-fps] frames_since_last=172 elapsed_ms=1004 instantaneous_fps=171
[virgl-composite] Frame #11500: 1280x960 → 1280x960 display (first1k: 1000 nonzero, first=0x0014161e)
[heartbeat] tid=12 uptime_ms=67317
[bwm-fps] frames_since_last=177 elapsed_ms=1000 instantaneous_fps=177
[timer] cpu0 ticks=45000
[heartbeat] tid=12 uptime_ms=68317
[bwm-fps] frames_since_last=174 elapsed_ms=1001 instantaneous_fps=173
[heartbeat] tid=12 uptime_ms=69318
[bwm-fps] frames_since_last=165 elapsed_ms=1003 instantaneous_fps=164
[virgl-composite] Frame #12000: 1280x960 → 1280x960 display (first1k: 1000 nonzero, first=0x0014161e)
[heartbeat] tid=12 uptime_ms=70319
[freeze-watch] uptime_ms=70359 submits=36464 completes=36467 fails=0 last_completion_ms=70356 fps_last_5s=172 cpu=6 tid=3 ctx_switches=161592 timer_ticks_cpu0=46467 timer_ticks_cpu1=58850 timer_ticks_cpu2=58473 timer_ticks_cpu3=57661 timer_ticks_cpu4=57281 timer_ticks_cpu5=57817 timer_ticks_cpu6=58540 timer_ticks_cpu7=58727 rq_total=0 rq_cpu0=0 rq_cpu1=0 rq_cpu2=0 rq_cpu3=0 rq_cpu4=0 rq_cpu5=0 rq_cpu6=0 rq_cpu7=0 cur_cpu0=14 cur_cpu1=4 cur_cpu2=5 cur_cpu3=6 cur_cpu4=7 cur_cpu5=8 cur_cpu6=3 cur_cpu7=10 total_threads=17 blocked_threads=6 sched_lock=ok procmgr_lock=ok gpu_pci_lock=ok
[bwm-fps] frames_since_last=171 elapsed_ms=1004 instantaneous_fps=170
[heartbeat] tid=12 uptime_ms=71320
[bwm-fps] frames_since_last=197 elapsed_ms=1006 instantaneous_fps=195
[virgl-composite] Frame #12500: 1280x960 → 1280x960 display (first1k: 1000 nonzero, first=0x0014161e)
[heartbeat] tid=12 uptime_ms=72322
[bwm-fps] frames_since_last=190 elapsed_ms=1000 instantaneous_fps=190
[heartbeat] tid=12 uptime_ms=73323
[bwm-fps] frames_since_last=181 elapsed_ms=1000 instantaneous_fps=181
[heartbeat] tid=12 uptime_ms=74323
[bwm-fps] frames_since_last=192 elapsed_ms=1000 instantaneous_fps=192
[virgl-composite] Frame #13000: 1280x960 → 1280x960 display (first1k: 1000 nonzero, first=0x0014161e)
[heartbeat] tid=12 uptime_ms=75324
[freeze-watch] uptime_ms=75363 submits=39266 completes=39269 fails=0 last_completion_ms=75360 fps_last_5s=186 cpu=4 tid=3 ctx_switches=173758 timer_ticks_cpu0=49801 timer_ticks_cpu1=63127 timer_ticks_cpu2=62732 timer_ticks_cpu3=61838 timer_ticks_cpu4=61447 timer_ticks_cpu5=62021 timer_ticks_cpu6=62802 timer_ticks_cpu7=62995 rq_total=0 rq_cpu0=0 rq_cpu1=0 rq_cpu2=0 rq_cpu3=0 rq_cpu4=0 rq_cpu5=0 rq_cpu6=0 rq_cpu7=0 cur_cpu0=0 cur_cpu1=14 cur_cpu2=5 cur_cpu3=6 cur_cpu4=3 cur_cpu5=8 cur_cpu6=9 cur_cpu7=10 total_threads=17 blocked_threads=6 sched_lock=ok procmgr_lock=ok gpu_pci_lock=ok
[bwm-fps] frames_since_last=180 elapsed_ms=1000 instantaneous_fps=180
[timer] cpu0 ticks=50000
[heartbeat] tid=12 uptime_ms=76325
[bwm-fps] frames_since_last=182 elapsed_ms=1002 instantaneous_fps=181
[heartbeat] tid=12 uptime_ms=77326
[bwm-fps] frames_since_last=166 elapsed_ms=1004 instantaneous_fps=165
[virgl-composite] Frame #13500: 1280x960 → 1280x960 display (first1k: 1000 nonzero, first=0x0014161e)
[heartbeat] tid=12 uptime_ms=78326
[bwm-fps] frames_since_last=197 elapsed_ms=1002 instantaneous_fps=196
[heartbeat] tid=12 uptime_ms=79326
[bwm-fps] frames_since_last=165 elapsed_ms=1005 instantaneous_fps=164
[heartbeat] tid=12 uptime_ms=80327
[freeze-watch] uptime_ms=80366 submits=41945 completes=41948 fails=0 last_completion_ms=80365 fps_last_5s=178 cpu=1 tid=0 ctx_switches=185522 timer_ticks_cpu0=53126 timer_ticks_cpu1=67377 timer_ticks_cpu2=66979 timer_ticks_cpu3=66014 timer_ticks_cpu4=65607 timer_ticks_cpu5=66215 timer_ticks_cpu6=67038 timer_ticks_cpu7=67246 rq_total=0 rq_cpu0=0 rq_cpu1=0 rq_cpu2=0 rq_cpu3=0 rq_cpu4=0 rq_cpu5=0 rq_cpu6=0 rq_cpu7=0 cur_cpu0=0 cur_cpu1=0 cur_cpu2=0 cur_cpu3=0 cur_cpu4=0 cur_cpu5=0 cur_cpu6=0 cur_cpu7=0 total_threads=0 blocked_threads=0 sched_lock=busy procmgr_lock=ok gpu_pci_lock=ok
[virgl-composite] Frame #14000: 1280x960 → 1280x960 display (first1k: 1000 nonzero, first=0x0014161e)
[bwm-fps] frames_since_last=190 elapsed_ms=1000 instantaneous_fps=190
[heartbeat] tid=12 uptime_ms=81328
[bwm-fps] frames_since_last=165 elapsed_ms=1005 instantaneous_fps=164
[heartbeat] tid=12 uptime_ms=82328
[bwm-fps] frames_since_last=179 elapsed_ms=1000 instantaneous_fps=179
[timer] cpu0 ticks=55000
[heartbeat] tid=12 uptime_ms=83328
[virgl-composite] Frame #14500: 1280x960 → 1280x960 display (first1k: 1000 nonzero, first=0x0014161e)
[bwm-fps] frames_since_last=183 elapsed_ms=1001 instantaneous_fps=182
[heartbeat] tid=12 uptime_ms=84329
[bwm-fps] frames_since_last=191 elapsed_ms=1004 instantaneous_fps=190
[heartbeat] tid=12 uptime_ms=85329
[freeze-watch] uptime_ms=85368 submits=44684 completes=44687 fails=0 last_completion_ms=85365 fps_last_5s=182 cpu=4 tid=3 ctx_switches=197479 timer_ticks_cpu0=56475 timer_ticks_cpu1=71625 timer_ticks_cpu2=71219 timer_ticks_cpu3=70196 timer_ticks_cpu4=69767 timer_ticks_cpu5=70426 timer_ticks_cpu6=71289 timer_ticks_cpu7=71525 rq_total=0 rq_cpu0=0 rq_cpu1=0 rq_cpu2=0 rq_cpu3=0 rq_cpu4=0 rq_cpu5=0 rq_cpu6=0 rq_cpu7=0 cur_cpu0=14 cur_cpu1=4 cur_cpu2=5 cur_cpu3=6 cur_cpu4=3 cur_cpu5=8 cur_cpu6=9 cur_cpu7=10 total_threads=17 blocked_threads=6 sched_lock=ok procmgr_lock=ok gpu_pci_lock=ok
[bwm-fps] frames_since_last=191 elapsed_ms=1003 instantaneous_fps=190
[virgl-composite] Frame #15000: 1280x960 → 1280x960 display (first1k: 1000 nonzero, first=0x0014161e)
[heartbeat] tid=12 uptime_ms=86330
[bwm-fps] frames_since_last=182 elapsed_ms=1007 instantaneous_fps=180
[heartbeat] tid=12 uptime_ms=87330
[bwm-fps] frames_since_last=213 elapsed_ms=1002 instantaneous_fps=212
[heartbeat] tid=12 uptime_ms=88332
[virgl-composite] Frame #15500: 1280x960 → 1280x960 display (first1k: 1000 nonzero, first=0x0014161e)
[bwm-fps] frames_since_last=195 elapsed_ms=1001 instantaneous_fps=194
[heartbeat] tid=12 uptime_ms=89332
[bwm-fps] frames_since_last=188 elapsed_ms=1005 instantaneous_fps=187
[heartbeat] tid=12 uptime_ms=90334
[freeze-watch] uptime_ms=90372 submits=47555 completes=47558 fails=0 last_completion_ms=90368 fps_last_5s=191 cpu=4 tid=3 ctx_switches=209931 timer_ticks_cpu0=59742 timer_ticks_cpu1=75903 timer_ticks_cpu2=75472 timer_ticks_cpu3=74401 timer_ticks_cpu4=73959 timer_ticks_cpu5=74627 timer_ticks_cpu6=75540 timer_ticks_cpu7=75784 rq_total=0 rq_cpu0=0 rq_cpu1=0 rq_cpu2=0 rq_cpu3=0 rq_cpu4=0 rq_cpu5=0 rq_cpu6=0 rq_cpu7=0 cur_cpu0=14 cur_cpu1=4 cur_cpu2=5 cur_cpu3=6 cur_cpu4=3 cur_cpu5=8 cur_cpu6=9 cur_cpu7=10 total_threads=17 blocked_threads=6 sched_lock=ok procmgr_lock=ok gpu_pci_lock=ok
[bwm-fps] frames_since_last=175 elapsed_ms=1002 instantaneous_fps=174
[timer] cpu0 ticks=60000
[heartbeat] tid=12 uptime_ms=91335
[virgl-composite] Frame #16000: 1280x960 → 1280x960 display (first1k: 1000 nonzero, first=0x0014161e)
[bwm-fps] frames_since_last=179 elapsed_ms=1001 instantaneous_fps=178
[heartbeat] tid=12 uptime_ms=92335
[bwm-fps] frames_since_last=201 elapsed_ms=1001 instantaneous_fps=200
[heartbeat] tid=12 uptime_ms=93336
[bwm-fps] frames_since_last=195 elapsed_ms=1004 instantaneous_fps=194
[virgl-composite] Frame #16500: 1280x960 → 1280x960 display (first1k: 1000 nonzero, first=0x0014161e)
[heartbeat] tid=12 uptime_ms=94337
[bwm-fps] frames_since_last=179 elapsed_ms=1001 instantaneous_fps=178
[heartbeat] tid=12 uptime_ms=95339
[freeze-watch] uptime_ms=95375 submits=50327 completes=50330 fails=0 last_completion_ms=95372 fps_last_5s=184 cpu=3 tid=0 ctx_switches=222021 timer_ticks_cpu0=63067 timer_ticks_cpu1=80199 timer_ticks_cpu2=79721 timer_ticks_cpu3=78584 timer_ticks_cpu4=78126 timer_ticks_cpu5=78828 timer_ticks_cpu6=79794 timer_ticks_cpu7=80055 rq_total=0 rq_cpu0=0 rq_cpu1=0 rq_cpu2=0 rq_cpu3=0 rq_cpu4=0 rq_cpu5=0 rq_cpu6=0 rq_cpu7=0 cur_cpu0=0 cur_cpu1=0 cur_cpu2=0 cur_cpu3=0 cur_cpu4=0 cur_cpu5=0 cur_cpu6=0 cur_cpu7=0 total_threads=0 blocked_threads=0 sched_lock=busy procmgr_lock=ok gpu_pci_lock=ok
[gpu-pci-lock-attrib] max_hold_ms=9 max_hold_holder_tid=14
[wake-attrib] schedule=42271 unblock=0 isr_unblock=51070 wake_io=70704 signal=0 child=0 timer=7333
[enqueue-attrib] same_lock=26912 deferred=47803 isr_buf=51072 deferred_drained=44368 isr_buf_drained=45595 already_queued=3484 isr_buf_full=0
[bwm-fps] frames_since_last=173 elapsed_ms=1005 instantaneous_fps=172
[heartbeat] tid=12 uptime_ms=96339
[bwm-fps] frames_since_last=187 elapsed_ms=1006 instantaneous_fps=185
[virgl-composite] Frame #17000: 1280x960 → 1280x960 display (first1k: 1000 nonzero, first=0x0014161e)
[heartbeat] tid=12 uptime_ms=97342
