
=========================================
Breenix on Parallels Desktop
=========================================

Skipping builds (--no-build)

--- Configuring Parallels VM ---
VM name: breenix-1779247717
Creating fresh VM 'breenix-1779247717'...
Creating the virtual machine...
Generate the VM configuration for linux.
Remove the hdd0 device.
The VM has been successfully created.

The VM has been successfully configured.

The VM has been successfully configured.

The VM has been successfully configured.

The VM has been successfully configured.

The VM has been successfully configured.

The VM has been successfully configured.

The VM has been successfully configured.

The VM has been successfully configured.
Remove the cdrom0 device.

The VM has been successfully configured.
Remove the serial0 device.

The VM has been successfully configured.
Creating hdd0 (+) sata:0 image='/Users/wrb/fun/code/breenix/target/parallels/breenix-efi.hdd' online-compact=off

Created hdd0 (+) sata:0 image='/Users/wrb/fun/code/breenix/target/parallels/breenix-efi.hdd' type='plain' 64Mb online-compact=on


The VM has been successfully configured.
Creating hdd1 (+) sata:1 image='/Users/wrb/fun/code/breenix/target/parallels/breenix-ext2.hdd' online-compact=off

Created hdd1 (+) sata:1 image='/Users/wrb/fun/code/breenix/target/parallels/breenix-ext2.hdd' type='plain' 256Mb online-compact=on


The VM has been successfully configured.
  hdd0: EFI boot disk (FAT32) at sata:0
  hdd1: ext2 data disk at sata:1

The VM has been successfully configured.
Creating serial0 (+) output='/tmp/breenix-parallels-serial.log' state=disconnected

Created serial0 (+) output='/tmp/breenix-parallels-serial.log' state=disconnected


The VM has been successfully configured.
Configured serial0 (+) output='/tmp/breenix-parallels-serial.log'


The VM has been successfully configured.

--- Starting VM ---
Starting the VM...
The VM has been successfully started.

=========================================
Breenix running on Parallels
=========================================
VM:     breenix-1779247717
Serial: /tmp/breenix-parallels-serial.log
Stop:   prlctl stop breenix-1779247717 --kill

Tailing serial output (Ctrl+C to detach)...

[parallels-log] 05-19 23:28:50.867 F /MonitorArm:49449:592f24e/ VCPU0: OnExitBootServices()
  cap 0x10 (PCIe) @ 0x48: dw0=0x00024010 dw1=0x00000fc0
  cap 0x01 (PM) @ 0x40: dw0=0x0022f401 dw1=0x00000000
  cap 0x11 (MSI-X) @ 0xf4: dw0=0x00020011 dw1=0x00000001
[virtio-net-pci] MSI-X cap at 0xf4: 3 vectors
[virtio-net-pci] MSI-X vector assignments: cfg=0xffff rx=0x0
[virtio-net-pci] MSI-X enabled: SPI 55 doorbell=0x2250040 vectors=3
[virtio-net-pci] Network device initialized successfully
[drivers] VirtIO network (PCI) initialized
[drivers] SVGA3 init skipped: SVGA3 device not found
[drivers] Found XHCI at 00:03.0 [1033:0194]
[xhci] DMA addrs: DCBAA=0x40259000 CMD_RING=0x4025a000 EVT_RING=0x4026a000 ERST=0x402d6740
[xhci] Regs: USBCMD=0x5 USBSTS=0x0 CRCR=0x0 DCBAAP=0x40259000
[xhci] IR0: IMAN=0x2 ERDP=0x4026a000 ERSTBA=0x402d6740
[xhci] Port scan: 14 ports
[xhci]   port 1: PORTSC=0x00021203 CCS=1 PED=1 speed=4
[xhci]   port 2: PORTSC=0x00021203 CCS=1 PED=1 speed=4
[xhci]   port 3: PORTSC=0x00021203 CCS=1 PED=1 speed=4
[xhci]   port 4: PORTSC=0x000002a0 CCS=0 PED=0 speed=0
[xhci]   port 5: PORTSC=0x000002a0 CCS=0 PED=0 speed=0
[xhci]   port 6: PORTSC=0x000002a0 CCS=0 PED=0 speed=0
[xhci]   port 7: PORTSC=0x000002a0 CCS=0 PED=0 speed=0
[xhci]   port 8: PORTSC=0x000002a0 CCS=0 PED=0 speed=0
[xhci]   port 9: PORTSC=0x000002a0 CCS=0 PED=0 speed=0
[xhci]   port 10: PORTSC=0x000002a0 CCS=0 PED=0 speed=0
[xhci]   port 11: PORTSC=0x000002a0 CCS=0 PED=0 speed=0
[xhci]   port 12: PORTSC=0x000002a0 CCS=0 PED=0 speed=0
[xhci]   port 13: PORTSC=0x000002a0 CCS=0 PED=0 speed=0
[xhci]   port 14: PORTSC=0x000002a0 CCS=0 PED=0 speed=0
[xhci] port 1 connected: PORTSC=0x00001203 PED=1 speed=4
[xhci] port 1 EnableSlot -> slot 1
[xhci] port 1 AddressDevice OK (slot 1)
[xhci] slot1: vid=0x203a pid=0xfffc class=0x00/0x00/0x00
[xhci] slot1 iface0: class=0x03 sub=0x00 proto=0x02 numEP=1
[xhci] HID iface: proto=2 subclass=0 -> mouse (hid_idx=1)
[xhci] slot1 iface1: class=0x03 sub=0x00 proto=0x02 numEP=1
[xhci] HID iface: proto=2 subclass=0 -> mouse (hid_idx=3)
[xhci] port 2 connected: PORTSC=0x00001203 PED=1 speed=4
[xhci] port 2 EnableSlot -> slot 2
[xhci] port 2 AddressDevice OK (slot 2)
[xhci] slot2: vid=0x203a pid=0xfffb class=0x00/0x00/0x00
[xhci] slot2 iface0: class=0x03 sub=0x01 proto=0x01 numEP=1
[xhci] HID iface: proto=1 subclass=1 -> keyboard (hid_idx=0)
[xhci] slot2 iface1: class=0x03 sub=0x00 proto=0x00 numEP=1
[xhci] HID iface: proto=0 subclass=0 -> NKRO (hid_idx=2)
[xhci] port 3 connected: PORTSC=0x00001203 PED=1 speed=4
[xhci] port 3 EnableSlot -> slot 3
[xhci] port 3 AddressDevice OK (slot 3)
[xhci] slot3: vid=0x203a pid=0xfff9 class=0xef/0x02/0x01
[xhci] slot3 iface0: class=0x0e sub=0x01 proto=0x00 numEP=0
[xhci] slot3 iface1: class=0x0e sub=0x02 proto=0x00 numEP=1
[xhci] start_hid_polling: kbd=slot2/dci3 nkro=dci5 mouse=slot1/dci3 mouse2=dci5
[xhci] Initialized: 32 slots, MSI irq=56
[drivers] XHCI USB controller initialized
[ahci] Platform AHCI at phys 0x2140000, virt 0xffff000002140000
[ahci] HBA version 1.256, 6 ports, 32 cmd slots, PI=0x0000003f
[ahci] Port 0: Sata, 131072 sectors (64 MB)
[ahci] Port 1: Sata, 524288 sectors (256 MB)
[ahci] IRQ probe: using port 0 dma_index 0
[ahci] IRQ probe: ISPENDR before=[0x01000000, 0x00000000, 0x00000000] after=[0x01000004, 0x00000000, 0x00000000]
[ahci] IRQ probe: PORT_IS=0x00000001 (should have D2H bit set)
[ahci] Platform IRQ probe: discovered SPI 34
[ahci] Platform IRQ enabled: SPI 34 (wired, level-triggered, CPU0)
[drivers] AHCI initialized (platform MMIO): 2 SATA device(s)
[drivers] Driver subsystem initialized (PCI)
[boot] Found 7 devices
[boot] Initializing network stack...
[net] Initializing network stack...
[net] Using VirtIO net PCI driver (Parallels)
[net] MAC address: 00:1c:42:a2:5a:e7
NET: IP address: 10.211.55.100
NET: Gateway: 10.211.55.1
Network stack initialized
NET: Sending ARP request for gateway 10.211.55.1
ARP request sent successfully
[virtio-net-pci] RX diag: used_idx=1 last_used=0 avail_idx=4 isr=0x0 msi_count=0
[virtio-net-pci] RX diag: used_idx=1 last_used=1 avail_idx=8 isr=0x0 msi_count=0
NET: ARP resolved gateway MAC: 00:1c:42:00:00:18
NET: Sending ICMP echo request to gateway 10.211.55.1
[net] ICMP echo reply received from 10.211.55.1 seq=1
NET: Network initialization complete
[virtio-net-pci] MSI-X SPI 55 enabled (post-init)
[boot] Initializing filesystem...
[ext2] No VirtIO block device, trying AHCI...
[ext2] AHCI device 0: 131072 sectors (64 MB)
[ext2] AHCI device 0: not ext2 (magic=0x0064)
[ext2] AHCI device 1: 524288 sectors (256 MB)
[ext2] Found ext2 superblock on AHCI device 1
[boot] ext2 root filesystem mounted
[boot] No home filesystem: No home block device available (expected at device index 3 or 1) (continuing)
[boot] devfs initialized at /dev
[boot] devptsfs initialized at /dev/pts
[boot] CPU detected: ARM Unknown
[boot] procfs initialized at /proc
[boot] TTY subsystem initialized
[boot] Initializing graphics...
[boot] VirGL active — skipping GOP framebuffer init (2D resource already set up in gpu_pci::init)
[boot] FB_INFO_CACHE populated for VirGL display (1280x960)
[boot] USB HID input active via XHCI (polled from timer)
[boot] Initializing per-CPU data...
[boot] Per-CPU data initialized
[boot] Initializing process manager...
[boot] Process manager initialized
[boot] Initializing scheduler...
[boot] Scheduler initialized
[boot] Workqueue subsystem initialized
[boot] Softirq subsystem initialized
[boot] Render thread skipped — VirGL owns the display
[boot] Tracing subsystem initialized and enabled
[boot] Pre-loading /sbin/init from ext2 (before timer)...
[boot] Init binary pre-loaded: 296776 bytes
[boot] Initializing timer interrupt...
[timer] Timer configured for ~1000 Hz (24000 ticks per interrupt)
[timer] Using virtual timer (PPI 27)
[boot] Timer interrupt initialized
[smp] CPU 0 MPIDR=0x80000000, stack_base=0x43000000
[smp] GICR covers 8 redistributors, probing CPUs 1..8
[smp] Probing secondary CPUs via PSCI...
[sm1@p1A]BC DECeFPGU 11: PSCI CPU_ON success
[gi2@1cAB]C DEIeFCGC2_CTLR_EL1: 0x40400 -> 0x40402 (EOImode=1)
[gic] ICC_CTLR_EL1: 0x40400 -> 0x40402 (EOImode=1)
[smp] CPU 2: PSCI CPU_ON success
T1[sm3@p1]AB CDCEeFPGU3 3: PSCI CPU_ON success
[gic4]@ 1AIBCCDCE_eFCGT4LR_EL1: 0x40400 -> 0x40402 (EOImode=1)
[gic] ICC_CTLR_EL1: 0x40400 -> 0x40402 (EOImode=1)
[smp] CPU 4: PSCI CPU_ON success
[5s@1mApBC]D EeFGC5PU 5: PSCI CPU_ON success
[gic6]@ 1AIBCCDECeF_GC6TLR_EL1: 0x40400 -> 0x40402 (EOImode=1)
[gic] ICC_CTLR_EL1: 0x40400 -> 0x40402 (EOImode=1)
[smp] CPU 6: PSCI CPU_ON success
T2[s7m@p1]AB CDCEePFGU7 7: PSCI CPU_ON success
[gic] ICC_CTLR_EL1: 0x40400 -> 0x40402 (EOImode=1)
[smp] 8 CPUs online

========================================
  Breenix ARM64 Boot Complete!
========================================

Hello from ARM64!

[boot] Launching init from pre-loaded ELF...
manager.create_process_with_argv [ARM64]: ENTRY - name='init', elf_size=296776, argc=1
manager.create_process_with_argv [ARM64]: Generated PID 1
manager.create_process_with_argv [ARM64]: Creating ProcessPageTable
manager.create_process_with_argv [ARM64]: Loading ELF into page table
manager.create_process_with_argv [ARM64]: ELF loaded, entry=0x4000f1f0
manager.create_process_with_argv [ARM64]: Allocating user stack
manager.create_process_with_argv [ARM64]: User stack will be at 0xfffffeff0000-0xffffff000000
manager.create_process_with_argv [ARM64]: argc/argv set up on stack, SP=0xfffffefffed0
manager.create_process_with_argv [ARM64]: SUCCESS - returning PID 1
[ahci-poll-attrib] total=72 post_reg=70 pre_sched=70 post_sched=0
[boot] Reset 8 idle thread contexts (CPUs online: 8)
T3T4EL0_SYSCALL: First syscall from userspace (SPSR confirms EL0)
[ OK ] syscall path verified
[init] Breenix init starting (PID 1)
T5[spawn] path='/bin/heartbeat'
[freeze-watch] uptime_ms=1733 submits=62 completes=65 fails=0 last_completion_ms=73 fps_last_5s=0 cpu=1 tid=3 ctx_switches=105 timer_ticks_cpu0=5 timer_ticks_cpu1=345 timer_ticks_cpu2=348 timer_ticks_cpu3=345 timer_ticks_cpu4=344 timer_ticks_cpu5=346 timer_ticks_cpu6=350 timer_ticks_cpu7=347 rq_total=0 rq_cpu0=0 rq_cpu1=0 rq_cpu2=0 rq_cpu3=0 rq_cpu4=0 rq_cpu5=0 rq_cpu6=0 rq_cpu7=0 cur_cpu0=11 cur_cpu1=3 cur_cpu2=5 cur_cpu3=6 cur_cpu4=7 cur_cpu5=8 cur_cpu6=9 cur_cpu7=10 total_threads=11 blocked_threads=1 sched_lock=ok procmgr_lock=ok gpu_pci_lock=ok
[gpu-pci-lock-attrib] max_hold_ms=6 max_hold_holder_tid=-1
[wake-attrib] schedule=3 unblock=0 isr_unblock=48 wake_io=48 signal=0 child=0 timer=1
[enqueue-attrib] same_lock=1 deferred=4 isr_buf=48 deferred_drained=3 isr_buf_drained=47 already_queued=0 isr_buf_full=0
[parallels-log] 05-19 23:28:52.100 I /MonitorArm:49449:592f24e/ VCPU0 PSCI: CPU_ON(target_cpu = 1, entry_point_addr = 40080258, context_id = 1)
[parallels-log] 05-19 23:28:52.100 I /MonitorArm:49449:592f24e/ VCPU0 PSCI: CPU_ON(target_cpu = 2, entry_point_addr = 40080258, context_id = 2)
[parallels-log] 05-19 23:28:52.100 I /MonitorArm:49449:592f24e/ VCPU0 PSCI: CPU_ON(target_cpu = 3, entry_point_addr = 40080258, context_id = 3)
[parallels-log] 05-19 23:28:52.100 I /MonitorArm:49449:592f24e/ VCPU0 PSCI: CPU_ON(target_cpu = 4, entry_point_addr = 40080258, context_id = 4)
[parallels-log] 05-19 23:28:52.101 I /MonitorArm:49449:592f24e/ VCPU0 PSCI: CPU_ON(target_cpu = 5, entry_point_addr = 40080258, context_id = 5)
[parallels-log] 05-19 23:28:52.101 I /MonitorArm:49449:592f24e/ VCPU0 PSCI: CPU_ON(target_cpu = 6, entry_point_addr = 40080258, context_id = 6)
[parallels-log] 05-19 23:28:52.101 I /MonitorArm:49449:592f24e/ VCPU0 PSCI: CPU_ON(target_cpu = 7, entry_point_addr = 40080258, context_id = 7)
[freeze-watch] uptime_ms=2235 submits=62 completes=65 fails=0 last_completion_ms=73 fps_last_5s=0 cpu=5 tid=3 ctx_switches=107 timer_ticks_cpu0=5 timer_ticks_cpu1=697 timer_ticks_cpu2=703 timer_ticks_cpu3=699 timer_ticks_cpu4=695 timer_ticks_cpu5=697 timer_ticks_cpu6=702 timer_ticks_cpu7=694 rq_total=0 rq_cpu0=0 rq_cpu1=0 rq_cpu2=0 rq_cpu3=0 rq_cpu4=0 rq_cpu5=0 rq_cpu6=0 rq_cpu7=0 cur_cpu0=11 cur_cpu1=4 cur_cpu2=5 cur_cpu3=6 cur_cpu4=7 cur_cpu5=3 cur_cpu6=9 cur_cpu7=10 total_threads=11 blocked_threads=1 sched_lock=ok procmgr_lock=ok gpu_pci_lock=ok
[freeze-watch] uptime_ms=2737 submits=62 completes=65 fails=0 last_completion_ms=73 fps_last_5s=0 cpu=3 tid=3 ctx_switches=109 timer_ticks_cpu0=5 timer_ticks_cpu1=1043 timer_ticks_cpu2=1047 timer_ticks_cpu3=1044 timer_ticks_cpu4=1041 timer_ticks_cpu5=1041 timer_ticks_cpu6=1048 timer_ticks_cpu7=1040 rq_total=0 rq_cpu0=0 rq_cpu1=0 rq_cpu2=0 rq_cpu3=0 rq_cpu4=0 rq_cpu5=0 rq_cpu6=0 rq_cpu7=0 cur_cpu0=11 cur_cpu1=4 cur_cpu2=5 cur_cpu3=3 cur_cpu4=7 cur_cpu5=8 cur_cpu6=9 cur_cpu7=10 total_threads=11 blocked_threads=1 sched_lock=ok procmgr_lock=ok gpu_pci_lock=ok
[freeze-watch] uptime_ms=3240 submits=62 completes=65 fails=0 last_completion_ms=73 fps_last_5s=0 cpu=6 tid=3 ctx_switches=111 timer_ticks_cpu0=5 timer_ticks_cpu1=1381 timer_ticks_cpu2=1388 timer_ticks_cpu3=1383 timer_ticks_cpu4=1382 timer_ticks_cpu5=1384 timer_ticks_cpu6=1392 timer_ticks_cpu7=1381 rq_total=0 rq_cpu0=0 rq_cpu1=0 rq_cpu2=0 rq_cpu3=0 rq_cpu4=0 rq_cpu5=0 rq_cpu6=0 rq_cpu7=0 cur_cpu0=11 cur_cpu1=4 cur_cpu2=5 cur_cpu3=6 cur_cpu4=7 cur_cpu5=8 cur_cpu6=3 cur_cpu7=10 total_threads=11 blocked_threads=1 sched_lock=ok procmgr_lock=ok gpu_pci_lock=ok
[freeze-watch] uptime_ms=3741 submits=62 completes=65 fails=0 last_completion_ms=73 fps_last_5s=0 cpu=4 tid=0 ctx_switches=113 timer_ticks_cpu0=5 timer_ticks_cpu1=1723 timer_ticks_cpu2=1731 timer_ticks_cpu3=1725 timer_ticks_cpu4=1725 timer_ticks_cpu5=1727 timer_ticks_cpu6=1733 timer_ticks_cpu7=1722 rq_total=0 rq_cpu0=0 rq_cpu1=0 rq_cpu2=0 rq_cpu3=0 rq_cpu4=0 rq_cpu5=0 rq_cpu6=0 rq_cpu7=0 cur_cpu0=0 cur_cpu1=0 cur_cpu2=0 cur_cpu3=0 cur_cpu4=0 cur_cpu5=0 cur_cpu6=0 cur_cpu7=0 total_threads=0 blocked_threads=0 sched_lock=busy procmgr_lock=ok gpu_pci_lock=ok
[freeze-watch] uptime_ms=4243 submits=62 completes=65 fails=0 last_completion_ms=73 fps_last_5s=0 cpu=1 tid=3 ctx_switches=115 timer_ticks_cpu0=5 timer_ticks_cpu1=2067 timer_ticks_cpu2=2076 timer_ticks_cpu3=2071 timer_ticks_cpu4=2069 timer_ticks_cpu5=2071 timer_ticks_cpu6=2077 timer_ticks_cpu7=2066 rq_total=0 rq_cpu0=0 rq_cpu1=0 rq_cpu2=0 rq_cpu3=0 rq_cpu4=0 rq_cpu5=0 rq_cpu6=0 rq_cpu7=0 cur_cpu0=11 cur_cpu1=3 cur_cpu2=5 cur_cpu3=6 cur_cpu4=7 cur_cpu5=8 cur_cpu6=9 cur_cpu7=10 total_threads=11 blocked_threads=1 sched_lock=ok procmgr_lock=ok gpu_pci_lock=ok
[freeze-watch] uptime_ms=4746 submits=62 completes=65 fails=0 last_completion_ms=73 fps_last_5s=0 cpu=6 tid=0 ctx_switches=117 timer_ticks_cpu0=5 timer_ticks_cpu1=2405 timer_ticks_cpu2=2413 timer_ticks_cpu3=2408 timer_ticks_cpu4=2406 timer_ticks_cpu5=2409 timer_ticks_cpu6=2413 timer_ticks_cpu7=2403 rq_total=0 rq_cpu0=0 rq_cpu1=0 rq_cpu2=0 rq_cpu3=0 rq_cpu4=0 rq_cpu5=0 rq_cpu6=0 rq_cpu7=0 cur_cpu0=0 cur_cpu1=0 cur_cpu2=0 cur_cpu3=0 cur_cpu4=0 cur_cpu5=0 cur_cpu6=0 cur_cpu7=0 total_threads=0 blocked_threads=0 sched_lock=busy procmgr_lock=ok gpu_pci_lock=ok
[freeze-watch] uptime_ms=5248 submits=62 completes=65 fails=0 last_completion_ms=73 fps_last_5s=0 cpu=4 tid=3 ctx_switches=119 timer_ticks_cpu0=5 timer_ticks_cpu1=2747 timer_ticks_cpu2=2756 timer_ticks_cpu3=2751 timer_ticks_cpu4=2749 timer_ticks_cpu5=2751 timer_ticks_cpu6=2756 timer_ticks_cpu7=2748 rq_total=0 rq_cpu0=0 rq_cpu1=0 rq_cpu2=0 rq_cpu3=0 rq_cpu4=0 rq_cpu5=0 rq_cpu6=0 rq_cpu7=0 cur_cpu0=11 cur_cpu1=4 cur_cpu2=5 cur_cpu3=6 cur_cpu4=3 cur_cpu5=8 cur_cpu6=9 cur_cpu7=10 total_threads=11 blocked_threads=1 sched_lock=ok procmgr_lock=ok gpu_pci_lock=ok
[freeze-watch] uptime_ms=5750 submits=62 completes=65 fails=0 last_completion_ms=73 fps_last_5s=0 cpu=3 tid=3 ctx_switches=121 timer_ticks_cpu0=5 timer_ticks_cpu1=3088 timer_ticks_cpu2=3094 timer_ticks_cpu3=3090 timer_ticks_cpu4=3086 timer_ticks_cpu5=3090 timer_ticks_cpu6=3096 timer_ticks_cpu7=3086 rq_total=0 rq_cpu0=0 rq_cpu1=0 rq_cpu2=0 rq_cpu3=0 rq_cpu4=0 rq_cpu5=0 rq_cpu6=0 rq_cpu7=0 cur_cpu0=11 cur_cpu1=4 cur_cpu2=5 cur_cpu3=3 cur_cpu4=7 cur_cpu5=8 cur_cpu6=9 cur_cpu7=10 total_threads=11 blocked_threads=1 sched_lock=ok procmgr_lock=ok gpu_pci_lock=ok
[freeze-watch] uptime_ms=6252 submits=62 completes=65 fails=0 last_completion_ms=73 fps_last_5s=0 cpu=4 tid=3 ctx_switches=123 timer_ticks_cpu0=5 timer_ticks_cpu1=3426 timer_ticks_cpu2=3434 timer_ticks_cpu3=3429 timer_ticks_cpu4=3425 timer_ticks_cpu5=3429 timer_ticks_cpu6=3435 timer_ticks_cpu7=3426 rq_total=0 rq_cpu0=0 rq_cpu1=0 rq_cpu2=0 rq_cpu3=0 rq_cpu4=0 rq_cpu5=0 rq_cpu6=0 rq_cpu7=0 cur_cpu0=11 cur_cpu1=4 cur_cpu2=5 cur_cpu3=6 cur_cpu4=3 cur_cpu5=8 cur_cpu6=9 cur_cpu7=10 total_threads=11 blocked_threads=1 sched_lock=ok procmgr_lock=ok gpu_pci_lock=ok
[freeze-watch] uptime_ms=6755 submits=62 completes=65 fails=0 last_completion_ms=73 fps_last_5s=0 cpu=3 tid=0 ctx_switches=125 timer_ticks_cpu0=5 timer_ticks_cpu1=3765 timer_ticks_cpu2=3773 timer_ticks_cpu3=3767 timer_ticks_cpu4=3763 timer_ticks_cpu5=3768 timer_ticks_cpu6=3774 timer_ticks_cpu7=3766 rq_total=0 rq_cpu0=0 rq_cpu1=0 rq_cpu2=0 rq_cpu3=0 rq_cpu4=0 rq_cpu5=0 rq_cpu6=0 rq_cpu7=0 cur_cpu0=0 cur_cpu1=0 cur_cpu2=0 cur_cpu3=0 cur_cpu4=0 cur_cpu5=0 cur_cpu6=0 cur_cpu7=0 total_threads=0 blocked_threads=0 sched_lock=busy procmgr_lock=ok gpu_pci_lock=ok
[freeze-watch] uptime_ms=7257 submits=62 completes=65 fails=0 last_completion_ms=73 fps_last_5s=0 cpu=1 tid=3 ctx_switches=127 timer_ticks_cpu0=5 timer_ticks_cpu1=4108 timer_ticks_cpu2=4115 timer_ticks_cpu3=4111 timer_ticks_cpu4=4106 timer_ticks_cpu5=4109 timer_ticks_cpu6=4117 timer_ticks_cpu7=4109 rq_total=0 rq_cpu0=0 rq_cpu1=0 rq_cpu2=0 rq_cpu3=0 rq_cpu4=0 rq_cpu5=0 rq_cpu6=0 rq_cpu7=0 cur_cpu0=11 cur_cpu1=3 cur_cpu2=5 cur_cpu3=6 cur_cpu4=7 cur_cpu5=8 cur_cpu6=9 cur_cpu7=10 total_threads=11 blocked_threads=1 sched_lock=ok procmgr_lock=ok gpu_pci_lock=ok
[freeze-watch] uptime_ms=7759 submits=62 completes=65 fails=0 last_completion_ms=73 fps_last_5s=0 cpu=7 tid=3 ctx_switches=129 timer_ticks_cpu0=5 timer_ticks_cpu1=4442 timer_ticks_cpu2=4450 timer_ticks_cpu3=4446 timer_ticks_cpu4=4442 timer_ticks_cpu5=4444 timer_ticks_cpu6=4453 timer_ticks_cpu7=4444 rq_total=0 rq_cpu0=0 rq_cpu1=0 rq_cpu2=0 rq_cpu3=0 rq_cpu4=0 rq_cpu5=0 rq_cpu6=0 rq_cpu7=0 cur_cpu0=11 cur_cpu1=4 cur_cpu2=5 cur_cpu3=6 cur_cpu4=7 cur_cpu5=8 cur_cpu6=9 cur_cpu7=3 total_threads=11 blocked_threads=1 sched_lock=ok procmgr_lock=ok gpu_pci_lock=ok
[freeze-watch] uptime_ms=8262 submits=62 completes=65 fails=0 last_completion_ms=73 fps_last_5s=0 cpu=4 tid=0 ctx_switches=131 timer_ticks_cpu0=5 timer_ticks_cpu1=4777 timer_ticks_cpu2=4784 timer_ticks_cpu3=4780 timer_ticks_cpu4=4776 timer_ticks_cpu5=4777 timer_ticks_cpu6=4788 timer_ticks_cpu7=4778 rq_total=0 rq_cpu0=0 rq_cpu1=0 rq_cpu2=0 rq_cpu3=0 rq_cpu4=0 rq_cpu5=0 rq_cpu6=0 rq_cpu7=0 cur_cpu0=0 cur_cpu1=0 cur_cpu2=0 cur_cpu3=0 cur_cpu4=0 cur_cpu5=0 cur_cpu6=0 cur_cpu7=0 total_threads=0 blocked_threads=0 sched_lock=busy procmgr_lock=ok gpu_pci_lock=ok
[freeze-watch] uptime_ms=8764 submits=62 completes=65 fails=0 last_completion_ms=73 fps_last_5s=0 cpu=2 tid=3 ctx_switches=133 timer_ticks_cpu0=5 timer_ticks_cpu1=5113 timer_ticks_cpu2=5121 timer_ticks_cpu3=5117 timer_ticks_cpu4=5112 timer_ticks_cpu5=5114 timer_ticks_cpu6=5124 timer_ticks_cpu7=5113 rq_total=0 rq_cpu0=0 rq_cpu1=0 rq_cpu2=0 rq_cpu3=0 rq_cpu4=0 rq_cpu5=0 rq_cpu6=0 rq_cpu7=0 cur_cpu0=11 cur_cpu1=4 cur_cpu2=3 cur_cpu3=6 cur_cpu4=7 cur_cpu5=8 cur_cpu6=9 cur_cpu7=10 total_threads=11 blocked_threads=1 sched_lock=ok procmgr_lock=ok gpu_pci_lock=ok
[freeze-watch] uptime_ms=9266 submits=62 completes=65 fails=0 last_completion_ms=73 fps_last_5s=0 cpu=3 tid=0 ctx_switches=135 timer_ticks_cpu0=5 timer_ticks_cpu1=5453 timer_ticks_cpu2=5462 timer_ticks_cpu3=5457 timer_ticks_cpu4=5452 timer_ticks_cpu5=5455 timer_ticks_cpu6=5464 timer_ticks_cpu7=5453 rq_total=0 rq_cpu0=0 rq_cpu1=0 rq_cpu2=0 rq_cpu3=0 rq_cpu4=0 rq_cpu5=0 rq_cpu6=0 rq_cpu7=0 cur_cpu0=0 cur_cpu1=0 cur_cpu2=0 cur_cpu3=0 cur_cpu4=0 cur_cpu5=0 cur_cpu6=0 cur_cpu7=0 total_threads=0 blocked_threads=0 sched_lock=busy procmgr_lock=ok gpu_pci_lock=ok
[freeze-watch] uptime_ms=9769 submits=62 completes=65 fails=0 last_completion_ms=73 fps_last_5s=0 cpu=2 tid=3 ctx_switches=137 timer_ticks_cpu0=5 timer_ticks_cpu1=5793 timer_ticks_cpu2=5800 timer_ticks_cpu3=5797 timer_ticks_cpu4=5792 timer_ticks_cpu5=5795 timer_ticks_cpu6=5804 timer_ticks_cpu7=5793 rq_total=0 rq_cpu0=0 rq_cpu1=0 rq_cpu2=0 rq_cpu3=0 rq_cpu4=0 rq_cpu5=0 rq_cpu6=0 rq_cpu7=0 cur_cpu0=11 cur_cpu1=4 cur_cpu2=3 cur_cpu3=6 cur_cpu4=7 cur_cpu5=8 cur_cpu6=9 cur_cpu7=10 total_threads=11 blocked_threads=1 sched_lock=ok procmgr_lock=ok gpu_pci_lock=ok
[freeze-watch] uptime_ms=10272 submits=62 completes=65 fails=0 last_completion_ms=73 fps_last_5s=0 cpu=6 tid=3 ctx_switches=139 timer_ticks_cpu0=5 timer_ticks_cpu1=6129 timer_ticks_cpu2=6136 timer_ticks_cpu3=6132 timer_ticks_cpu4=6127 timer_ticks_cpu5=6130 timer_ticks_cpu6=6140 timer_ticks_cpu7=6129 rq_total=0 rq_cpu0=0 rq_cpu1=0 rq_cpu2=0 rq_cpu3=0 rq_cpu4=0 rq_cpu5=0 rq_cpu6=0 rq_cpu7=0 cur_cpu0=11 cur_cpu1=4 cur_cpu2=5 cur_cpu3=6 cur_cpu4=7 cur_cpu5=8 cur_cpu6=3 cur_cpu7=10 total_threads=11 blocked_threads=1 sched_lock=ok procmgr_lock=ok gpu_pci_lock=ok
[freeze-watch] uptime_ms=15275 submits=62 completes=65 fails=0 last_completion_ms=73 fps_last_5s=0 cpu=4 tid=3 ctx_switches=141 timer_ticks_cpu0=5 timer_ticks_cpu1=9472 timer_ticks_cpu2=9481 timer_ticks_cpu3=9476 timer_ticks_cpu4=9471 timer_ticks_cpu5=9473 timer_ticks_cpu6=9482 timer_ticks_cpu7=9473 rq_total=0 rq_cpu0=0 rq_cpu1=0 rq_cpu2=0 rq_cpu3=0 rq_cpu4=0 rq_cpu5=0 rq_cpu6=0 rq_cpu7=0 cur_cpu0=11 cur_cpu1=4 cur_cpu2=5 cur_cpu3=6 cur_cpu4=3 cur_cpu5=8 cur_cpu6=9 cur_cpu7=10 total_threads=11 blocked_threads=1 sched_lock=ok procmgr_lock=ok gpu_pci_lock=ok
[freeze-watch] uptime_ms=20277 submits=62 completes=65 fails=0 last_completion_ms=73 fps_last_5s=0 cpu=2 tid=3 ctx_switches=143 timer_ticks_cpu0=5 timer_ticks_cpu1=12853 timer_ticks_cpu2=12859 timer_ticks_cpu3=12853 timer_ticks_cpu4=12849 timer_ticks_cpu5=12853 timer_ticks_cpu6=12862 timer_ticks_cpu7=12855 rq_total=0 rq_cpu0=0 rq_cpu1=0 rq_cpu2=0 rq_cpu3=0 rq_cpu4=0 rq_cpu5=0 rq_cpu6=0 rq_cpu7=0 cur_cpu0=11 cur_cpu1=4 cur_cpu2=3 cur_cpu3=6 cur_cpu4=7 cur_cpu5=8 cur_cpu6=9 cur_cpu7=10 total_threads=11 blocked_threads=1 sched_lock=ok procmgr_lock=ok gpu_pci_lock=ok
[freeze-watch] uptime_ms=25279 submits=62 completes=65 fails=0 last_completion_ms=73 fps_last_5s=0 cpu=6 tid=3 ctx_switches=145 timer_ticks_cpu0=5 timer_ticks_cpu1=16211 timer_ticks_cpu2=16213 timer_ticks_cpu3=16208 timer_ticks_cpu4=16207 timer_ticks_cpu5=16213 timer_ticks_cpu6=16222 timer_ticks_cpu7=16217 rq_total=0 rq_cpu0=0 rq_cpu1=0 rq_cpu2=0 rq_cpu3=0 rq_cpu4=0 rq_cpu5=0 rq_cpu6=0 rq_cpu7=0 cur_cpu0=11 cur_cpu1=4 cur_cpu2=5 cur_cpu3=6 cur_cpu4=7 cur_cpu5=8 cur_cpu6=3 cur_cpu7=10 total_threads=11 blocked_threads=1 sched_lock=ok procmgr_lock=ok gpu_pci_lock=ok
[freeze-watch] uptime_ms=30280 submits=62 completes=65 fails=0 last_completion_ms=73 fps_last_5s=0 cpu=6 tid=3 ctx_switches=147 timer_ticks_cpu0=5 timer_ticks_cpu1=19683 timer_ticks_cpu2=19691 timer_ticks_cpu3=19693 timer_ticks_cpu4=19682 timer_ticks_cpu5=19685 timer_ticks_cpu6=19704 timer_ticks_cpu7=19690 rq_total=0 rq_cpu0=0 rq_cpu1=0 rq_cpu2=0 rq_cpu3=0 rq_cpu4=0 rq_cpu5=0 rq_cpu6=0 rq_cpu7=0 cur_cpu0=11 cur_cpu1=4 cur_cpu2=5 cur_cpu3=6 cur_cpu4=7 cur_cpu5=8 cur_cpu6=3 cur_cpu7=10 total_threads=11 blocked_threads=1 sched_lock=ok procmgr_lock=ok gpu_pci_lock=ok
[freeze-watch] uptime_ms=35282 submits=62 completes=65 fails=0 last_completion_ms=73 fps_last_5s=0 cpu=1 tid=3 ctx_switches=149 timer_ticks_cpu0=5 timer_ticks_cpu1=23156 timer_ticks_cpu2=23164 timer_ticks_cpu3=23171 timer_ticks_cpu4=23154 timer_ticks_cpu5=23160 timer_ticks_cpu6=23190 timer_ticks_cpu7=23174 rq_total=0 rq_cpu0=0 rq_cpu1=0 rq_cpu2=0 rq_cpu3=0 rq_cpu4=0 rq_cpu5=0 rq_cpu6=0 rq_cpu7=0 cur_cpu0=11 cur_cpu1=3 cur_cpu2=5 cur_cpu3=6 cur_cpu4=7 cur_cpu5=8 cur_cpu6=9 cur_cpu7=10 total_threads=11 blocked_threads=1 sched_lock=ok procmgr_lock=ok gpu_pci_lock=ok
[gpu-pci-lock-attrib] max_hold_ms=6 max_hold_holder_tid=-1
[wake-attrib] schedule=3 unblock=0 isr_unblock=48 wake_io=48 signal=0 child=0 timer=23
[enqueue-attrib] same_lock=23 deferred=4 isr_buf=48 deferred_drained=3 isr_buf_drained=47 already_queued=0 isr_buf_full=0
[freeze-watch] uptime_ms=40285 submits=62 completes=65 fails=0 last_completion_ms=73 fps_last_5s=0 cpu=3 tid=0 ctx_switches=151 timer_ticks_cpu0=5 timer_ticks_cpu1=26623 timer_ticks_cpu2=26628 timer_ticks_cpu3=26637 timer_ticks_cpu4=26622 timer_ticks_cpu5=26634 timer_ticks_cpu6=26652 timer_ticks_cpu7=26644 rq_total=0 rq_cpu0=0 rq_cpu1=0 rq_cpu2=0 rq_cpu3=0 rq_cpu4=0 rq_cpu5=0 rq_cpu6=0 rq_cpu7=0 cur_cpu0=0 cur_cpu1=0 cur_cpu2=0 cur_cpu3=0 cur_cpu4=0 cur_cpu5=0 cur_cpu6=0 cur_cpu7=0 total_threads=0 blocked_threads=0 sched_lock=busy procmgr_lock=ok gpu_pci_lock=ok

!!! CPU0 REGRESSION ALARM !!!
CPU0 tick_count = 5, max peer = 30000
See docs/planning/cpu0-user-guard-autopsy/README.md

========================================
  KERNEL PANIC!
========================================
panicked at kernel/src/arch_impl/aarch64/timer_interrupt.rs:598:17:
CPU0 timer regression: tick_count=5 but peer max=30000; read docs/planning/cpu0-user-guard-autopsy/README.md before touching anything


!!! CPU0 REGRESSION ALARM !!!
CPU0 tick_count = 5, max peer = 30000
See docs/planning/cpu0-user-guard-autopsy/README.md

========================================
  KERNEL PANIC!
========================================
panicked at kernel/src/arch_impl/aarch64/timer_interrupt.rs:598:17:
CPU0 timer regression: tick_count=5 but peer max=30000; read docs/planning/cpu0-user-guard-autopsy/README.md before touching anything


!!! CPU0 REGRESSION ALARM !!!
CPU0 tick_count = 5, max peer = 30000
See docs/planning/cpu0-user-guard-autopsy/README.md

========================================
  KERNEL PANIC!
========================================
panicked at kernel/src/arch_impl/aarch64/timer_interrupt.rs:598:17:
CPU0 timer regression: tick_count=5 but peer max=30000; read docs/planning/cpu0-user-guard-autopsy/README.md before touching anything


!!! CPU0 REGRESSION ALARM !!!
CPU0 tick_count = 5, max peer = 30000
See docs/planning/cpu0-user-guard-autopsy/README.md

========================================
  KERNEL PANIC!
========================================
panicked at kernel/src/arch_impl/aarch64/timer_interrupt.rs:598:17:
CPU0 timer regression: tick_count=5 but peer max=30000; read docs/planning/cpu0-user-guard-autopsy/README.md before touching anything


!!! CPU0 REGRESSION ALARM !!!
CPU0 tick_count = 5, max peer = 30000
See docs/planning/cpu0-user-guard-autopsy/README.md

========================================
  KERNEL PANIC!
========================================
panicked at kernel/src/arch_impl/aarch64/timer_interrupt.rs:598:17:
CPU0 timer regression: tick_count=5 but peer max=30000; read docs/planning/cpu0-user-guard-autopsy/README.md before touching anything


!!! CPU0 REGRESSION ALARM !!!
CPU0 tick_count = 5, max peer = 30000
See docs/planning/cpu0-user-guard-autopsy/README.md

========================================
  KERNEL PANIC!
=====================
==!!! ===CP=U=0 REG=RESS=ION =ALAR=M== ===!=!=!
=C
PU0 tickpan_counit ck= ed5, a matx  peer k=e 3r0n00e0
See ldoc/ssr/plca/nniang/rcpuc0h-_iuser-gumardp-autol/pasy/README.md
arch64/timer_interrupt.rs:598:17:
CPU0 timer regression: tick_count=5 but peer max=30000; read docs/planning/cpu0-user-guard-autopsy/README.md before touching anything


========================================
  KERNEL PANIC!
========================================
panicked at kernel/src/arch_impl/aarch64/timer_interrupt.rs:598:17:
CPU0 timer regression: tick_count=5 but peer max=30000; read docs/planning/cpu0-user-guard-autopsy/README.md before touching anything

./run.sh: line 463: 49630 Terminated: 15          tail -f "$SERIAL_LOG"
./run.sh: line 463: 49508 Terminated: 15          ( tail -f "$VM_LOG" 2> /dev/null | while IFS= read -r line; do
    case "$line" in 
        *VCPU* | *Exception* | *Synchronous* | *fault* | *FAULT* | *recursive*)
            echo "[parallels-log] $line"
        ;;
    esac;
done )
[parallels-log] 05-19 23:30:03.270 F /StateMachine:49449:592f24e/ VCPU0 state(VcpuStateRunning): changed to VcpuStateStopped
[parallels-log] 05-19 23:30:03.270 F /StateMachine:49449:592f254/ VCPU6 state(VcpuStateRunning): changed to VcpuStateStopped
[parallels-log] 05-19 23:30:03.270 F /StateMachine:49449:592f250/ VCPU2 state(VcpuStateRunning): changed to VcpuStateStopped
[parallels-log] 05-19 23:30:03.270 F /StateMachine:49449:592f253/ VCPU5 state(VcpuStateRunning): changed to VcpuStateStopped
[parallels-log] 05-19 23:30:03.270 F /StateMachine:49449:592f24f/ VCPU1 state(VcpuStateRunning): changed to VcpuStateStopped
[parallels-log] 05-19 23:30:03.270 F /StateMachine:49449:592f252/ VCPU4 state(VcpuStateRunning): changed to VcpuStateStopped
[parallels-log] 05-19 23:30:03.270 F /StateMachine:49449:592f251/ VCPU3 state(VcpuStateRunning): changed to VcpuStateStopped
[parallels-log] 05-19 23:30:03.270 F /StateMachine:49449:592f255/ VCPU7 state(VcpuStateRunning): changed to VcpuStateStopped
[parallels-log] 05-19 23:30:03.281 F /StateMachine:49449:592f11d/ VCPU7 state(VcpuStateStopped): enqueued 'VcpuCmdTerminate'(4) command
[parallels-log] 05-19 23:30:03.281 F /StateMachine:49449:592f11d/ VCPU6 state(VcpuStateStopped): enqueued 'VcpuCmdTerminate'(4) command
[parallels-log] 05-19 23:30:03.281 F /StateMachine:49449:592f11d/ VCPU5 state(VcpuStateStopped): enqueued 'VcpuCmdTerminate'(4) command
[parallels-log] 05-19 23:30:03.281 F /StateMachine:49449:592f11d/ VCPU4 state(VcpuStateStopped): enqueued 'VcpuCmdTerminate'(4) command
[parallels-log] 05-19 23:30:03.281 F /StateMachine:49449:592f255/ VCPU7 state(VcpuStateStopped): changed to VcpuStateTerminated
[parallels-log] 05-19 23:30:03.281 F /StateMachine:49449:592f255/ VCPU7 state(VcpuStateTerminated): completed current 'VcpuCmdTerminate'(4) command with result 0x0
[parallels-log] 05-19 23:30:03.281 F /StateMachine:49449:592f254/ VCPU6 state(VcpuStateStopped): changed to VcpuStateTerminated
[parallels-log] 05-19 23:30:03.281 F /StateMachine:49449:592f11d/ VCPU3 state(VcpuStateStopped): enqueued 'VcpuCmdTerminate'(4) command
[parallels-log] 05-19 23:30:03.281 F /StateMachine:49449:592f254/ VCPU6 state(VcpuStateTerminated): completed current 'VcpuCmdTerminate'(4) command with result 0x0
[parallels-log] 05-19 23:30:03.281 F /StateMachine:49449:592f253/ VCPU5 state(VcpuStateStopped): changed to VcpuStateTerminated
[parallels-log] 05-19 23:30:03.281 F /StateMachine:49449:592f253/ VCPU5 state(VcpuStateTerminated): completed current 'VcpuCmdTerminate'(4) command with result 0x0
[parallels-log] 05-19 23:30:03.281 F /StateMachine:49449:592f11d/ VCPU2 state(VcpuStateStopped): enqueued 'VcpuCmdTerminate'(4) command
[parallels-log] 05-19 23:30:03.281 F /StateMachine:49449:592f252/ VCPU4 state(VcpuStateStopped): changed to VcpuStateTerminated
[parallels-log] 05-19 23:30:03.281 F /StateMachine:49449:592f252/ VCPU4 state(VcpuStateTerminated): completed current 'VcpuCmdTerminate'(4) command with result 0x0
[parallels-log] 05-19 23:30:03.281 F /StateMachine:49449:592f11d/ VCPU1 state(VcpuStateStopped): enqueued 'VcpuCmdTerminate'(4) command
[parallels-log] 05-19 23:30:03.281 F /StateMachine:49449:592f251/ VCPU3 state(VcpuStateStopped): changed to VcpuStateTerminated
[parallels-log] 05-19 23:30:03.281 F /StateMachine:49449:592f251/ VCPU3 state(VcpuStateTerminated): completed current 'VcpuCmdTerminate'(4) command with result 0x0
[parallels-log] 05-19 23:30:03.281 F /StateMachine:49449:592f11d/ VCPU0 state(VcpuStateStopped): enqueued 'VcpuCmdTerminate'(4) command
[parallels-log] 05-19 23:30:03.281 F /vm:49449:592f11d/ Wait for the VCPU threads to stop
[parallels-log] 05-19 23:30:03.281 F /StateMachine:49449:592f24e/ VCPU0 state(VcpuStateStopped): changed to VcpuStateTerminated
[parallels-log] 05-19 23:30:03.281 F /StateMachine:49449:592f24f/ VCPU1 state(VcpuStateStopped): changed to VcpuStateTerminated
[parallels-log] 05-19 23:30:03.281 F /StateMachine:49449:592f24f/ VCPU1 state(VcpuStateTerminated): completed current 'VcpuCmdTerminate'(4) command with result 0x0
[parallels-log] 05-19 23:30:03.281 F /StateMachine:49449:592f24e/ VCPU0 state(VcpuStateTerminated): completed current 'VcpuCmdTerminate'(4) command with result 0x0
[parallels-log] 05-19 23:30:03.281 F /StateMachine:49449:592f250/ VCPU2 state(VcpuStateStopped): changed to VcpuStateTerminated
[parallels-log] 05-19 23:30:03.281 F /StateMachine:49449:592f250/ VCPU2 state(VcpuStateTerminated): completed current 'VcpuCmdTerminate'(4) command with result 0x0
[parallels-log] 05-19 23:30:03.310 F /StateMachine:49449:592f11d/ VCPU7 state(VcpuStateTerminated): enqueued 'VcpuCmdTerminate'(4) command
[parallels-log] 05-19 23:30:03.310 F /StateMachine:49449:592f11d/ VCPU6 state(VcpuStateTerminated): enqueued 'VcpuCmdTerminate'(4) command
[parallels-log] 05-19 23:30:03.310 F /StateMachine:49449:592f11d/ VCPU5 state(VcpuStateTerminated): enqueued 'VcpuCmdTerminate'(4) command
[parallels-log] 05-19 23:30:03.310 F /StateMachine:49449:592f11d/ VCPU4 state(VcpuStateTerminated): enqueued 'VcpuCmdTerminate'(4) command
[parallels-log] 05-19 23:30:03.310 F /StateMachine:49449:592f11d/ VCPU3 state(VcpuStateTerminated): enqueued 'VcpuCmdTerminate'(4) command
[parallels-log] 05-19 23:30:03.310 F /StateMachine:49449:592f11d/ VCPU2 state(VcpuStateTerminated): enqueued 'VcpuCmdTerminate'(4) command
[parallels-log] 05-19 23:30:03.310 F /StateMachine:49449:592f11d/ VCPU1 state(VcpuStateTerminated): enqueued 'VcpuCmdTerminate'(4) command
[parallels-log] 05-19 23:30:03.310 F /StateMachine:49449:592f11d/ VCPU0 state(VcpuStateTerminated): enqueued 'VcpuCmdTerminate'(4) command
[parallels-log] 05-19 23:30:03.359 F /StateMachine:49449:592f11d/ VCPU7 state(VcpuStateTerminated): completed current 'VcpuCmdTerminate'(4) command with result 0xfffffff7
[parallels-log] 05-19 23:30:03.359 F /StateMachine:49449:592f11d/ VCPU6 state(VcpuStateTerminated): completed current 'VcpuCmdTerminate'(4) command with result 0xfffffff7
[parallels-log] 05-19 23:30:03.359 F /StateMachine:49449:592f11d/ VCPU5 state(VcpuStateTerminated): completed current 'VcpuCmdTerminate'(4) command with result 0xfffffff7
[parallels-log] 05-19 23:30:03.359 F /StateMachine:49449:592f11d/ VCPU4 state(VcpuStateTerminated): completed current 'VcpuCmdTerminate'(4) command with result 0xfffffff7
[parallels-log] 05-19 23:30:03.359 F /StateMachine:49449:592f11d/ VCPU3 state(VcpuStateTerminated): completed current 'VcpuCmdTerminate'(4) command with result 0xfffffff7
[parallels-log] 05-19 23:30:03.359 F /StateMachine:49449:592f11d/ VCPU2 state(VcpuStateTerminated): completed current 'VcpuCmdTerminate'(4) command with result 0xfffffff7
[parallels-log] 05-19 23:30:03.359 F /StateMachine:49449:592f11d/ VCPU1 state(VcpuStateTerminated): completed current 'VcpuCmdTerminate'(4) command with result 0xfffffff7
[parallels-log] 05-19 23:30:03.359 F /StateMachine:49449:592f11d/ VCPU0 state(VcpuStateTerminated): completed current 'VcpuCmdTerminate'(4) command with result 0xfffffff7
