[ram] 6 regions:
[ram]   0x40000000 - 0xffff0000 (3071 MB)
[ram]   0x100000000 - 0x140000000 (1024 MB)
[ram]   0x140025000 - 0x23be0f000 (4029 MB)
[ram]   0x23c000000 - 0x23c020000 (0 MB)
[ram]   0x23c080000 - 0x23f550000 (52 MB)
[ram]   0x23f930000 - 0x240000000 (6 MB)
[kern] entry_phys=0x400998c4 load=0x40080000-0x50104000
[gop-serial] UART: base=0x2110000 type=0 (PL011)
[gop-serial] Enumerating GOP display modes:
[gop-serial]   Mode 0: 1024x768 format=BGR
[gop-serial] 1 modes total, best=786432 pixels
[gop-serial] Already at best mode: 1024x768
[gop-serial] Selected: 1024x768 stride=1024 base=0x10000000 size=0x300000
ZZ00000000400998c4BDMTIVL!J>12KPHEOS
========================================
  Breenix ARM64 Kernel Starting
  BUILD_ID: 006a0dc9b62829
========================================

[boot] DIAG_MARKER_XHCI_A
[boot] DIAG_MARKER_XHCI_B
[boot] DIAG_MARKER_XHCI_C
[boot] loader xhci_hcrst_raw=0x0 ecam=0x2300000
[boot] Current exception level: EL1
[boot] MMU already enabled (high-half kernel)
[boot] Initializing memory management (0x44000000-0x50000000)...
[boot] Memory management ready
[boot] Initializing Generic Timer...
[boot] Timer frequency: 24000000 Hz (24 MHz)
[boot] Initializing PL031 RTC...
[boot] Current timestamp: 24599420
[boot] Initializing GIC...
[gic] GICR probe 0x02500000: WAKER=0x00000000 <<< VALID
[gic] GICD_CTLR wrote 0x53, readback=0x53
[gic] GICR_IGROUPR0: wrote 0xFFFFFFFF, readback=0xffffffff
[gic] ICC_CTLR_EL1: 0x40400 -> 0x40402 (EOImode=1)
[boot] GIC initialized (version 3)
[boot] Enabling UART interrupts...
[boot] Enabling GIC IRQ 33 (UART0)...
[uart] IMSC: 0x0 -> 0x50 (verify: 0x50)
[uart] FR=0x90 (RXFE=1), RIS=0x20
[gic] IRQ 33 state (GICv3):
  enabled=true, group1=true, pending=false
  priority=0xa0, GICD_CTLR=0x53
  ICC_PMR=0xf0
[boot] UART interrupts enabled
[boot] Enabling interrupts...
[boot] Interrupts enabled: true
[boot] Initializing device drivers...
[drivers] Initializing driver subsystem...
[drivers] PCI ECAM at 0x2300000, enumerating PCI bus...
[drivers] Found 7 PCI devices
[pci] 00:01.0 [8086:293e] class=04/03
[pci]   BAR0: 0x18008000 (16384)
[pci] 00:02.0 [8086:265c] class=0c/03
[pci]   BAR0: 0x18012000 (4096)
[pci]   BAR1: 0x0 (4096)
[pci]   BAR2: 0x0 (4096)
[pci]   BAR3: 0x0 (4096)
[pci]   BAR4: 0x0 (4096)
[pci]   BAR5: 0x0 (4096)
[pci] 00:03.0 [1033:0194] class=0c/03
[pci]   BAR0: 0x18011000 (4096)
[pci]   BAR1: 0x0 (4096)
[pci]   BAR2: 0x0 (4096)
[pci]   BAR3: 0x0 (4096)
[pci]   BAR4: 0x0 (4096)
[pci]   BAR5: 0x0 (4096)
[pci] 00:05.0 [1af4:1000] class=02/00
[pci]   BAR0: 0x18010000 (4096)
[pci]   BAR1: 0x1800f000 (4096)
[pci] 00:09.0 [1ab8:4000] class=ff/00
[pci]   BAR0: 0x1800e000 (4096)
[pci] 00:0a.0 [1af4:1050] class=03/00
[pci]   BAR0: 0x10000000 (134217728)
[pci]   BAR1: 0x1800d000 (4096)
[pci]   BAR4: 0x18004000 (16384)
[pci] 00:0e.0 [1af4:1053] class=07/80
[pci]   BAR1: 0x1800c000 (4096)
[pci]   BAR4: 0x18000000 (16384)
[drivers] Found 2 VirtIO PCI devices
[virtio-gpu-pci] Device features: 0x0000000100000001
[virtio-gpu-pci] VIRGL offered: true
[virtio-gpu-pci] Negotiated: 0x0000000100000001 (VIRGL=true)
[virtio-gpu-pci] VIRGL_ENABLED stored=true, readback=true, addr=0xffff0000412082c0
[pci] 00:0a.0: capabilities:
  cap 0x11 (MSI-X) @ 0xb0: dw0=0x0001bc11 dw1=0x00000001
  cap 0x09 (?) @ 0xbc: dw0=0x0410cc09 dw1=0x00000004
  cap 0x09 (?) @ 0xcc: dw0=0x0310dc09 dw1=0x00000004
  cap 0x09 (?) @ 0xdc: dw0=0x0214f009 dw1=0x00000004
  cap 0x09 (?) @ 0xf0: dw0=0x01100009 dw1=0x00000004
[gicv2m] MSI_TYPER raw=0x80350040 -> base_spi=53, num_spi=64
[virtio-gpu-pci] MSI-X cap at 0xb0: 2 vectors
[virtio-gpu-pci] MSI-X enabled: config_spi=53 queue_spi=54 doorbell=0x2250040 vectors=2
[virtio-gpu-pci] config_msix_vector: wrote=0x0 readback=0x0
[virtio-gpu-pci] Device has 2 queues
[virtio-gpu-pci] Queue 0 msix_vector: wrote=0x1 readback=0x1
[virtio-gpu-pci] Queue 1 msix_vector: wrote=0x1 readback=0x1
[virtio-gpu-pci] Cursor queue (q1) set up: size=16
[virtio-gpu-pci] Config: num_scanouts=16, num_capsets=1
[virtio-gpu-pci] MSI-X active: config_spi=53 queue_spi=54 queue_vector=1
[virtio-gpu-pci] Capset 0: id=2, max_ver=2, max_size=768
[virtio-gpu-pci] GET_CAPSET(id=2, ver=2): resp=0x1103
[virtio-gpu-pci] Display reports: 1024x768
[virtio-gpu-pci] Resolution: 1280x960 (display=1024x768, GOP=1024x768, min=1280x960)
[virtio-gpu-pci] 2D resource created and scanout set
[virtio-gpu-pci] Initialized: 1280x960
[drivers] VirtIO GPU (PCI) initialized
[virgl] Initializing VirGL 3D pipeline...
[virgl] 3D framebuffer backing: heap ptr=0xffff0000502e2000, phys=0x502e2000, size=4915200
[virgl] Step 1: context created
[virgl] Step 2: 3D resource created (1280x960, bind=0x0014000a)
[virgl] attach_backing: phys=0x502e2000, len=4915200, nr_pages=1200
[virgl] attach_backing: sending 3-desc chain: hdr=0x412083c0(32B), entries=0x50792000(19200B)
[virgl] attach_backing: OK (1200 pages attached)
[virgl] Step 3: backing attached
[virgl] Step 4: resource attached to context
[virgl] Step 5: resource primed
[virgl] SUBMIT_3D OK: id=1 used_len=0 resp_flags=0x1 resp_fence=1
[virgl] Step 6: VirGL CLEAR (cornflower blue)
[virgl] Step 7: SET_SCANOUT + RESOURCE_FLUSH done
[virgl] Step 7: VB resource created (no backing, INLINE_WRITE only)
[virgl-composite] Texture backing: heap ptr=0xffff000050792000, phys=0x50792000, 1280x960 (4915200B, 1200 pages)
[virgl] attach_backing: phys=0x50792000, len=4915200, nr_pages=1200
[virgl] attach_backing: sending 3-desc chain: hdr=0x412083c0(32B), entries=0x50c42000(19200B)
[virgl] attach_backing: OK (1200 pages attached)
[virgl-composite] Texture resource initialized (id=5)
[virgl] attach_backing: phys=0x50c42000, len=4915200, nr_pages=1200
[virgl] attach_backing: sending 3-desc chain: hdr=0x412083c0(32B), entries=0x510f2000(19200B)
[virgl] attach_backing: OK (1200 pages attached)
[virgl-pool] Pre-allocated slot=0 res_id=10 1280x960
[virgl] attach_backing: phys=0x510f2000, len=4915200, nr_pages=1200
[virgl] attach_backing: sending 3-desc chain: hdr=0x412083c0(32B), entries=0x515a2000(19200B)
[virgl] attach_backing: OK (1200 pages attached)
[virgl-pool] Pre-allocated slot=1 res_id=11 1280x960
[virgl] attach_backing: phys=0x515a2000, len=4915200, nr_pages=1200
[virgl] attach_backing: sending 3-desc chain: hdr=0x412083c0(32B), entries=0x51a52000(19200B)
[virgl] attach_backing: OK (1200 pages attached)
[virgl-pool] Pre-allocated slot=2 res_id=12 1280x960
[virgl] attach_backing: phys=0x51a52000, len=4915200, nr_pages=1200
[virgl] attach_backing: sending 3-desc chain: hdr=0x412083c0(32B), entries=0x51f02000(19200B)
[virgl] attach_backing: OK (1200 pages attached)
[virgl-pool] Pre-allocated slot=3 res_id=13 1280x960
[virgl] attach_backing: phys=0x51f02000, len=4915200, nr_pages=1200
[virgl] attach_backing: sending 3-desc chain: hdr=0x412083c0(32B), entries=0x523b2000(19200B)
[virgl] attach_backing: OK (1200 pages attached)
[virgl-pool] Pre-allocated slot=4 res_id=14 1280x960
[virgl] attach_backing: phys=0x523b2000, len=4915200, nr_pages=1200
[virgl] attach_backing: sending 3-desc chain: hdr=0x412083c0(32B), entries=0x52862000(19200B)
[virgl] attach_backing: OK (1200 pages attached)
[virgl-pool] Pre-allocated slot=5 res_id=15 1280x960
[virgl] attach_backing: phys=0x52862000, len=4915200, nr_pages=1200
[virgl] attach_backing: sending 3-desc chain: hdr=0x412083c0(32B), entries=0x52d12000(19200B)
[virgl] attach_backing: OK (1200 pages attached)
[virgl-pool] Pre-allocated slot=6 res_id=16 1280x960
[virgl] attach_backing: phys=0x52d12000, len=4915200, nr_pages=1200
[virgl] attach_backing: sending 3-desc chain: hdr=0x412083c0(32B), entries=0x531c2000(19200B)
[virgl] attach_backing: OK (1200 pages attached)
[virgl-pool] Pre-allocated slot=7 res_id=17 1280x960
[virgl] attach_backing: phys=0x531c2000, len=8192, nr_pages=2
[virgl] attach_backing: sending 3-desc chain: hdr=0x412083c0(32B), entries=0x502e0040(32B)
[virgl] attach_backing: OK (2 pages attached)
[virgl-cursor] Cursor texture initialized (id=6, 16x80, 5 shapes)
[virgl] attach_backing: phys=0x531c4000, len=4096, nr_pages=1
[virgl] attach_backing: sending 3-desc chain: hdr=0x412083c0(32B), entries=0x502e0040(16B)
[virgl] attach_backing: OK (1 pages attached)
[virgl-dimmer] Dimmer texture initialized (id=7, 4x4)
[virgl] Step 8: Compositor texture initialized
[virgl] Step 9: full pipeline+draw batch (191 DWORDs)
[virgl] SUBMIT_3D OK: id=2 used_len=0 resp_flags=0x1 resp_fence=2
[virgl] Step 10: SET_SCANOUT + RESOURCE_FLUSH
[virgl] VirGL 3D pipeline initialized successfully
[drivers] VirGL 3D acceleration active
[drivers] Compositor backend: VirGL
[virtio-gpu-pci] GPU command waits use scheduler waitqueue
[virtio-net-pci] Searching for VirtIO network device on PCI bus...
[virtio-net-pci] Found at 00:05.0 [1af4:1000]
[virtio-net-pci] BAR0: phys=0x18010000 virt=0xffff000018010000 size=4096
[virtio-net-pci] Device features: 0x6187bfa3
[virtio-net-pci] MAC: 00:1c:42:fc:97:85
[virtio-net-pci] Queue 0 max size: 256
[virtio-net-pci] Queue 0 PFN=0x4126c (phys=0x4126c000)
[virtio-net-pci] Queue 1 max size: 256
[virtio-net-pci] Queue 1 PFN=0x4126f (phys=0x4126f000)
[pci] 00:05.0: capabilities:
  cap 0x10 (PCIe) @ 0x48: dw0=0x00024010 dw1=0x00000fc0
  cap 0x01 (PM) @ 0x40: dw0=0x0022f401 dw1=0x00000000
  cap 0x11 (MSI-X) @ 0xf4: dw0=0x00020011 dw1=0x00000001
[virtio-net-pci] MSI-X cap at 0xf4: 3 vectors
[virtio-net-pci] MSI-X vector assignments: cfg=0xffff rx=0x0
[virtio-net-pci] MSI-X enabled: SPI 55 doorbell=0x2250040 vectors=3
[virtio-net-pci] Network device initialized successfully
[drivers] VirtIO network (PCI) initialized
[drivers] SVGA3 init skipped: SVGA3 device not found
[drivers] Found XHCI at 00:03.0 [1033:0194]
[xhci] DMA addrs: DCBAA=0x4127d000 CMD_RING=0x4127e000 EVT_RING=0x4128e000 ERST=0x41bc1540
[xhci] Regs: USBCMD=0x5 USBSTS=0x0 CRCR=0x0 DCBAAP=0x4127d000
[xhci] IR0: IMAN=0x2 ERDP=0x4128e000 ERSTBA=0x41bc1540
[xhci] Port scan: 14 ports
[xhci]   port 1: PORTSC=0x00021203 CCS=1 PED=1 speed=4
[xhci]   port 2: PORTSC=0x00021203 CCS=1 PED=1 speed=4
[xhci]   port 3: PORTSC=0x00021203 CCS=1 PED=1 speed=4
[xhci]   port 4: PORTSC=0x000002a0 CCS=0 PED=0 speed=0
[xhci]   port 5: PORTSC=0x000002a0 CCS=0 PED=0 speed=0
[xhci]   port 6: PORTSC=0x000002a0 CCS=0 PED=0 speed=0
[xhci]   port 7: PORTSC=0x000002a0 CCS=0 PED=0 speed=0
[xhci]   port 8: PORTSC=0x000002a0 CCS=0 PED=0 speed=0
[xhci]   port 9: PORTSC=0x000002a0 CCS=0 PED=0 speed=0
[xhci]   port 10: PORTSC=0x000002a0 CCS=0 PED=0 speed=0
[xhci]   port 11: PORTSC=0x000002a0 CCS=0 PED=0 speed=0
[xhci]   port 12: PORTSC=0x000002a0 CCS=0 PED=0 speed=0
[xhci]   port 13: PORTSC=0x000002a0 CCS=0 PED=0 speed=0
[xhci]   port 14: PORTSC=0x000002a0 CCS=0 PED=0 speed=0
[xhci] port 1 connected: PORTSC=0x00001203 PED=1 speed=4
[xhci] port 1 EnableSlot -> slot 1
[xhci] port 1 AddressDevice OK (slot 1)
[xhci] slot1: vid=0x203a pid=0xfffc class=0x00/0x00/0x00
[xhci] slot1 iface0: class=0x03 sub=0x00 proto=0x02 numEP=1
[xhci] HID iface: proto=2 subclass=0 -> mouse (hid_idx=1)
[xhci] slot1 iface1: class=0x03 sub=0x00 proto=0x02 numEP=1
[xhci] HID iface: proto=2 subclass=0 -> mouse (hid_idx=3)
[xhci] port 2 connected: PORTSC=0x00001203 PED=1 speed=4
[xhci] port 2 EnableSlot -> slot 2
[xhci] port 2 AddressDevice OK (slot 2)
[xhci] slot2: vid=0x203a pid=0xfffb class=0x00/0x00/0x00
[xhci] slot2 iface0: class=0x03 sub=0x01 proto=0x01 numEP=1
[xhci] HID iface: proto=1 subclass=1 -> keyboard (hid_idx=0)
[xhci] slot2 iface1: class=0x03 sub=0x00 proto=0x00 numEP=1
[xhci] HID iface: proto=0 subclass=0 -> NKRO (hid_idx=2)
[xhci] port 3 connected: PORTSC=0x00001203 PED=1 speed=4
[xhci] port 3 EnableSlot -> slot 3
[xhci] port 3 AddressDevice OK (slot 3)
[xhci] slot3: vid=0x203a pid=0xfff9 class=0xef/0x02/0x01
[xhci] slot3 iface0: class=0x0e sub=0x01 proto=0x00 numEP=0
[xhci] slot3 iface1: class=0x0e sub=0x02 proto=0x00 numEP=1
[xhci] start_hid_polling: kbd=slot2/dci3 nkro=dci5 mouse=slot1/dci3 mouse2=dci5
[xhci] Initialized: 32 slots, MSI irq=56
[drivers] XHCI USB controller initialized
[ahci] Platform AHCI at phys 0x2140000, virt 0xffff000002140000
[ahci] HBA version 1.256, 6 ports, 32 cmd slots, PI=0x0000003f
[ahci] Port 0: Sata, 131072 sectors (64 MB)
[ahci] Port 1: Sata, 524288 sectors (256 MB)
[ahci] IRQ probe: using port 0 dma_index 0
[ahci] IRQ probe: ISPENDR before=[0x00000000, 0x00000000, 0x00000000] after=[0x00000004, 0x00000000, 0x00000000]
[ahci] IRQ probe: PORT_IS=0x00000001 (should have D2H bit set)
[ahci] Platform IRQ probe: discovered SPI 34
[ahci] Platform IRQ enabled: SPI 34 (wired, level-triggered, CPU0)
[drivers] AHCI initialized (platform MMIO): 2 SATA device(s)
[drivers] Driver subsystem initialized (PCI)
[boot] Found 7 devices
[drivers] Running post-init self-tests...
[virtio-blk] Testing read of sector 0...
[drivers] VirtIO block test failed: Block device not initialized
[boot] Initializing network stack...
[net] Initializing network stack...
[net] Using VirtIO net PCI driver (Parallels)
[net] MAC address: 00:1c:42:fc:97:85
NET: IP address: 10.211.55.100
NET: Gateway: 10.211.55.1
Network stack initialized
NET: Sending ARP request for gateway 10.211.55.1
ARP request sent successfully
[virtio-net-pci] RX diag: used_idx=1 last_used=0 avail_idx=4 isr=0x0 msi_count=0
[virtio-net-pci] RX diag: used_idx=1 last_used=1 avail_idx=8 isr=0x0 msi_count=0
NET: ARP resolved gateway MAC: 00:1c:42:00:00:18
NET: Sending ICMP echo request to gateway 10.211.55.1
[net] ICMP echo reply received from 10.211.55.1 seq=1
NET: Network initialization complete
[virtio-net-pci] MSI-X SPI 55 enabled (post-init)
[boot] Initializing filesystem...
[ext2] No VirtIO block device, trying AHCI...
[ext2] AHCI device 0: 131072 sectors (64 MB)
[ext2] AHCI device 0: not ext2 (magic=0x0064)
[ext2] AHCI device 1: 524288 sectors (256 MB)
[ext2] Found ext2 superblock on AHCI device 1
[boot] ext2 root filesystem mounted
[boot] No home filesystem: No home block device available (expected at device index 3 or 1) (continuing)
[boot] devfs initialized at /dev
[boot] devptsfs initialized at /dev/pts
[boot] CPU detected: ARM Unknown
[boot] procfs initialized at /proc
[boot] TTY subsystem initialized
[boot] Initializing graphics...
[boot] VirGL active — skipping GOP framebuffer init (2D resource already set up in gpu_pci::init)
[boot] FB_INFO_CACHE populated for VirGL display (1280x960)
[boot] USB HID input active via XHCI IRQ
[boot] Initializing per-CPU data...
[boot] Per-CPU data initialized
[boot] Initializing process manager...
[boot] Process manager initialized
[boot] Initializing scheduler...
[boot] Scheduler initialized
[boot] Workqueue subsystem initialized
[boot] Softirq subsystem initialized
[boot] Render thread skipped — VirGL owns the display
[boot] Tracing subsystem initialized and enabled
[boot] Pre-loading /sbin/init from ext2 (before timer)...
[boot] Init binary pre-loaded: 296776 bytes
[xhci] activate_msi_if_ready: source=system-ready spi=56 DIAG_SPI_ENABLE_COUNT=1
[xhci] post-activation: MSI_EVENT_COUNT=60 EVENT_COUNT=0 POLL_COUNT=0 SPI_ACTIVATED=true
[boot] Initializing timer interrupt...
[timer] Timer configured for ~1000 Hz (24000 ticks per interrupt)
[timer] Using virtual timer (PPI 27)
[boot] Timer interrupt initialized
[smp] CPU 0 MPIDR=0x80000000, stack_base=0x43000000
[smp] GICR covers 8 redistributors, probing CPUs 1..8
[smp] Probing secondary CPUs via PSCI...
[sm1p@1]AB CDCEePFUG 1:1 PSCI CPU_ON success
[g2i@c1A]B CDIEeCFCG_2CTLR_EL1: 0x40400 -> 0x40402 (EOImode=1)
[gic] ICC_CTLR_EL1: 0x40400 -> 0x40402 (EOImode=1)
[smp] CPU 2: PSCI CPU_ON success
T1[s3m@1pA]BCD EeCFPGU3 3: PSCI CPU_ON success
[gi4c@1A]BC DIECeCFG_C4TLR_EL1: 0x40400 -> 0x40402 (EOImode=1)
[gic] ICC_CTLR_EL1: 0x40400 -> 0x40402 (EOImode=1)
[smp] CPU 4: PSCI CPU_ON success
[5s@1mABpCD]Ee FCGP5U 5: PSCI CPU_ON success
[gi6c]@1 ABICDCEeCF_GC6TLR_EL1: 0x40400 -> 0x40402 (EOImode=1)
[smp] CPU 6: PSCI CPU_ON success
[g7i@1cAB]C DEIeFCC_GCT7LR_EL1: 0x40400 -> 0x40402 (EOImode=1)
[gic] ICC_CTLR_EL1: 0x40400 -> 0x40402 (EOImode=1)
[smp] CPU 7: PSCI CPU_ON success
T2[smp] 8 CPUs online

========================================
  Breenix ARM64 Boot Complete!
========================================

Hello from ARM64!

[boot] Launching init from pre-loaded ELF...
manager.create_process_with_argv [ARM64]: ENTRY - name='init', elf_size=296776, argc=1
manager.create_process_with_argv [ARM64]: Generated PID 1
manager.create_process_with_argv [ARM64]: Creating ProcessPageTable
manager.create_process_with_argv [ARM64]: Loading ELF into page table
manager.create_process_with_argv [ARM64]: ELF loaded, entry=0x4000f1f0
manager.create_process_with_argv [ARM64]: Allocating user stack
manager.create_process_with_argv [ARM64]: User stack will be at 0xfffffeff0000-0xffffff000000
manager.create_process_with_argv [ARM64]: argc/argv set up on stack, SP=0xfffffefffed0
manager.create_process_with_argv [ARM64]: SUCCESS - returning PID 1
[ahci-poll-attrib] total=72 post_reg=70 pre_sched=70 post_sched=0
[boot] Reset 8 idle thread contexts (CPUs online: 8)
T3T4EL0_SYSCALL: First syscall from userspace (SPSR confirms EL0)
[ OK ] syscall path verified
[init] Breenix init starting (PID 1)
T5[spawn] path='/bin/heartbeat'
T6manager.create_process_with_argv [ARM64]: ENTRY - name='heartbeat', elf_size=290128, argc=1
manager.create_process_with_argv [ARM64]: Generated PID 2
manager.create_process_with_argv [ARM64]: Creating ProcessPageTable
manager.create_process_with_argv [ARM64]: Loading ELF into page table
manager.create_process_with_argv [ARM64]: ELF loaded, entry=0x4000edac
manager.create_process_with_argv [ARM64]: Allocating user stack
manager.create_process_with_argv [ARM64]: User stack will be at 0xfffffeff0000-0xffffff000000
manager.create_process_with_argv [ARM64]: argc/argv set up on stack, SP=0xfffffefffed0
manager.create_process_with_argv [ARM64]: SUCCESS - returning PID 2
[spawn] Created child PID 2 for parent PID 1
T7[spawn] Success: child PID 2 scheduled
[heartbeat] tid=12 uptime_ms=1259
T8T9T0[spawn] path='/bin/xhci_counters'
manager.create_process_with_argv [ARM64]: ENTRY - name='xhci_counters', elf_size=292264, argc=1
manager.create_process_with_argv [ARM64]: Generated PID 3
manager.create_process_with_argv [ARM64]: Creating ProcessPageTable
manager.create_process_with_argv [ARM64]: Loading ELF into page table
manager.create_process_with_argv [ARM64]: ELF loaded, entry=0x4000f140
manager.create_process_with_argv [ARM64]: Allocating user stack
manager.create_process_with_argv [ARM64]: User stack will be at 0xfffffeff0000-0xffffff000000
manager.create_process_with_argv [ARM64]: argc/argv set up on stack, SP=0xfffffefffed0
manager.create_process_with_argv [ARM64]: SUCCESS - returning PID 3
[spawn] Created child PID 3 for parent PID 1
[spawn] Success: child PID 3 scheduled
[xhci-counters] XHCI_MSI_EVENT_TOTAL=60
[xhci-counters] XHCI_IRQ_ENTRY_TOTAL=60
[xhci-counters] XHCI_LOCK_CONTENDED_TOTAL=0
[syscall] exit(0) pid=3 name=xhci_counters
[spawn] path='/bin/bwm'
manager.create_process_with_argv [ARM64]: ENTRY - name='bwm', elf_size=429208, argc=1
manager.create_process_with_argv [ARM64]: Generated PID 4
manager.create_process_with_argv [ARM64]: Creating ProcessPageTable
manager.create_process_with_argv [ARM64]: Loading ELF into page table
manager.create_process_with_argv [ARM64]: ELF loaded, entry=0x400190b8
manager.create_process_with_argv [ARM64]: Allocating user stack
manager.create_process_with_argv [ARM64]: User stack will be at 0xfffffeff0000-0xffffff000000
manager.create_process_with_argv [ARM64]: argc/argv set up on stack, SP=0xfffffefffee0
manager.create_process_with_argv [ARM64]: SUCCESS - returning PID 4
[spawn] Created child PID 4 for parent PID 1
[spawn] Success: child PID 4 scheduled
[bwm] Breenix Window Manager starting... (v2-chromeless-skip)
[virgl-composite] Frame #0: 1x1 → 1280x960 display (first1k: 1 nonzero, first=0xff000000)
[bwm] GPU compositing mode (VirGL), display: 1280x960
[compositor] Mapped compositor buffer into process: virt=0x7ffffdb4e000, 1280x960, 1200 pages (backend=VirGL)
[bwm] Direct compositor mapping: 1280x960 at 0x7ffffdb4e000
[bwm] using bitmap font fallback for early boot
[bwm] hotkeys: using built-in defaults for early boot
[virgl-composite] Frame #1: 1280x960 → 1280x960 display (first1k: 1000 nonzero, first=0x00121832)
[virgl-composite] Frame #2: 1280x960 → 1280x960 display (first1k: 1000 nonzero, first=0x00121832)
[spawn] path='/sbin/telnetd'
manager.create_process_with_argv [ARM64]: ENTRY - name='telnetd', elf_size=298632, argc=1
manager.create_process_with_argv [ARM64]: Generated PID 5
manager.create_process_with_argv [ARM64]: Creating ProcessPageTable
manager.create_process_with_argv [ARM64]: Loading ELF into page table
manager.create_process_with_argv [ARM64]: ELF loaded, entry=0x4000fdd0
manager.create_process_with_argv [ARM64]: Allocating user stack
manager.create_process_with_argv [ARM64]: User stack will be at 0xfffffeff0000-0xffffff000000
manager.create_process_with_argv [ARM64]: argc/argv set up on stack, SP=0xfffffefffed0
manager.create_process_with_argv [ARM64]: SUCCESS - returning PID 5
[spawn] Created child PID 5 for parent PID 1
[spawn] Success: child PID 5 scheduled
TELNETD_STARTING
TELNETD_LISTENING
[init] Boot script completed
[spawn] path='/bin/bsshd'
manager.create_process_with_argv [ARM64]: ENTRY - name='bsshd', elf_size=441008, argc=1
manager.create_process_with_argv [ARM64]: Generated PID 6
manager.create_process_with_argv [ARM64]: Creating ProcessPageTable
manager.create_process_with_argv [ARM64]: Loading ELF into page table
manager.create_process_with_argv [ARM64]: ELF loaded, entry=0x4001c39c
manager.create_process_with_argv [ARM64]: Allocating user stack
manager.create_process_with_argv [ARM64]: User stack will be at 0xfffffeff0000-0xffffff000000
manager.create_process_with_argv [ARM64]: argc/argv set up on stack, SP=0xfffffefffed0
manager.create_process_with_argv [ARM64]: SUCCESS - returning PID 6
[spawn] Created child PID 6 for parent PID 1
[spawn] Success: child PID 6 scheduled
bsshd: starting on port 2222
bsshd: listening on 0.0.0.0:2222
[init] bsshd started (PID 6)
[freeze-watch] uptime_ms=1741 submits=71 completes=74 fails=0 last_completion_ms=1493 fps_last_5s=6 cpu=3 tid=3 ctx_switches=1884 timer_ticks_cpu0=317 timer_ticks_cpu1=411 timer_ticks_cpu2=410 timer_ticks_cpu3=413 timer_ticks_cpu4=414 timer_ticks_cpu5=411 timer_ticks_cpu6=413 timer_ticks_cpu7=417 rq_total=0 rq_cpu0=0 rq_cpu1=0 rq_cpu2=0 rq_cpu3=0 rq_cpu4=0 rq_cpu5=0 rq_cpu6=0 rq_cpu7=0 cur_cpu0=0 cur_cpu1=4 cur_cpu2=5 cur_cpu3=3 cur_cpu4=7 cur_cpu5=8 cur_cpu6=9 cur_cpu7=10 total_threads=16 blocked_threads=6 sched_lock=ok procmgr_lock=ok gpu_pci_lock=ok
[gpu-pci-lock-attrib] max_hold_ms=8 max_hold_holder_tid=-1
[wake-attrib] schedule=85 unblock=0 isr_unblock=868 wake_io=867 signal=0 child=0 timer=5
[enqueue-attrib] same_lock=5 deferred=107 isr_buf=868 deferred_drained=85 isr_buf_drained=845 already_queued=4 isr_buf_full=0
[spawn] path='/bin/bounce'
manager.create_process_with_argv [ARM64]: ENTRY - name='bounce', elf_size=388152, argc=1
manager.create_process_with_argv [ARM64]: Generated PID 7
manager.create_process_with_argv [ARM64]: Creating ProcessPageTable
manager.create_process_with_argv [ARM64]: Loading ELF into page table
manager.create_process_with_argv [ARM64]: ELF loaded, entry=0x400188f4
manager.create_process_with_argv [ARM64]: Allocating user stack
manager.create_process_with_argv [ARM64]: User stack will be at 0xfffffeff0000-0xffffff000000
manager.create_process_with_argv [ARM64]: argc/argv set up on stack, SP=0xfffffefffed0
manager.create_process_with_argv [ARM64]: SUCCESS - returning PID 7
[spawn] Created child PID 7 for parent PID 1
[spawn] Success: child PID 7 scheduled
Bounce spheres demo starting (for Gus!) [boot_id=000000006d1a3f8e]
[window] create_window_buffer: 400x300 (480000 bytes, 118 pages)
[window] Created buffer id=1 for pid=7: 400x300 at virt=0x7ffffdf86000 phys=0x4417c000
[init] bounce started (PID 7)
[bwm] Discovered window 'Bounce' (id=1, 400x300) at (30,38)
[bounce] Window mode: id=1 400x300 [boot_id=000000006d1a3f8e]
[compositor] Mapped window 1 into BWM: virt=0x7ffffdad4000, 400x300, 118 pages
[init] Process 3 exited (code 0)
[freeze-watch] uptime_ms=2246 submits=320 completes=322 fails=0 last_completion_ms=2245 fps_last_5s=162 cpu=4 tid=3 ctx_switches=3371 timer_ticks_cpu0=646 timer_ticks_cpu1=833 timer_ticks_cpu2=832 timer_ticks_cpu3=827 timer_ticks_cpu4=833 timer_ticks_cpu5=826 timer_ticks_cpu6=841 timer_ticks_cpu7=847 rq_total=0 rq_cpu0=0 rq_cpu1=0 rq_cpu2=0 rq_cpu3=0 rq_cpu4=0 rq_cpu5=0 rq_cpu6=0 rq_cpu7=0 cur_cpu0=0 cur_cpu1=4 cur_cpu2=5 cur_cpu3=6 cur_cpu4=3 cur_cpu5=8 cur_cpu6=9 cur_cpu7=10 total_threads=17 blocked_threads=6 sched_lock=ok procmgr_lock=ok gpu_pci_lock=busy
[heartbeat] tid=12 uptime_ms=2260
[bwm-fps] frames_since_last=126 elapsed_ms=1003 instantaneous_fps=125
[freeze-watch] uptime_ms=2749 submits=585 completes=587 fails=0 last_completion_ms=2742 fps_last_5s=176 cpu=2 tid=3 ctx_switches=4481 timer_ticks_cpu0=978 timer_ticks_cpu1=1262 timer_ticks_cpu2=1259 timer_ticks_cpu3=1242 timer_ticks_cpu4=1246 timer_ticks_cpu5=1240 timer_ticks_cpu6=1267 timer_ticks_cpu7=1272 rq_total=0 rq_cpu0=0 rq_cpu1=0 rq_cpu2=0 rq_cpu3=0 rq_cpu4=0 rq_cpu5=0 rq_cpu6=0 rq_cpu7=0 cur_cpu0=0 cur_cpu1=4 cur_cpu2=3 cur_cpu3=6 cur_cpu4=7 cur_cpu5=8 cur_cpu6=9 cur_cpu7=10 total_threads=17 blocked_threads=7 sched_lock=ok procmgr_lock=ok gpu_pci_lock=busy
[freeze-watch] uptime_ms=3252 submits=848 completes=851 fails=0 last_completion_ms=3250 fps_last_5s=174 cpu=6 tid=3 ctx_switches=5590 timer_ticks_cpu0=1320 timer_ticks_cpu1=1693 timer_ticks_cpu2=1683 timer_ticks_cpu3=1653 timer_ticks_cpu4=1667 timer_ticks_cpu5=1666 timer_ticks_cpu6=1692 timer_ticks_cpu7=1695 rq_total=0 rq_cpu0=0 rq_cpu1=0 rq_cpu2=0 rq_cpu3=0 rq_cpu4=0 rq_cpu5=0 rq_cpu6=0 rq_cpu7=0 cur_cpu0=0 cur_cpu1=4 cur_cpu2=5 cur_cpu3=14 cur_cpu4=7 cur_cpu5=8 cur_cpu6=3 cur_cpu7=10 total_threads=17 blocked_threads=6 sched_lock=ok procmgr_lock=ok gpu_pci_lock=ok
[heartbeat] tid=12 uptime_ms=3260
[bwm-fps] frames_since_last=175 elapsed_ms=1006 instantaneous_fps=173
[freeze-watch] uptime_ms=3754 submits=1118 completes=1121 fails=0 last_completion_ms=3754 fps_last_5s=179 cpu=0 tid=3 ctx_switches=6708 timer_ticks_cpu0=1659 timer_ticks_cpu1=2113 timer_ticks_cpu2=2102 timer_ticks_cpu3=2075 timer_ticks_cpu4=2088 timer_ticks_cpu5=2084 timer_ticks_cpu6=2113 timer_ticks_cpu7=2122 rq_total=0 rq_cpu0=0 rq_cpu1=0 rq_cpu2=0 rq_cpu3=0 rq_cpu4=0 rq_cpu5=0 rq_cpu6=0 rq_cpu7=0 cur_cpu0=3 cur_cpu1=4 cur_cpu2=5 cur_cpu3=6 cur_cpu4=7 cur_cpu5=8 cur_cpu6=9 cur_cpu7=10 total_threads=17 blocked_threads=6 sched_lock=ok procmgr_lock=ok gpu_pci_lock=ok
[freeze-watch] uptime_ms=4257 submits=1361 completes=1364 fails=0 last_completion_ms=4245 fps_last_5s=161 cpu=2 tid=0 ctx_switches=7729 timer_ticks_cpu0=2001 timer_ticks_cpu1=2541 timer_ticks_cpu2=2524 timer_ticks_cpu3=2495 timer_ticks_cpu4=2505 timer_ticks_cpu5=2504 timer_ticks_cpu6=2539 timer_ticks_cpu7=2551 rq_total=0 rq_cpu0=0 rq_cpu1=0 rq_cpu2=0 rq_cpu3=0 rq_cpu4=0 rq_cpu5=0 rq_cpu6=0 rq_cpu7=0 cur_cpu0=0 cur_cpu1=0 cur_cpu2=0 cur_cpu3=0 cur_cpu4=0 cur_cpu5=0 cur_cpu6=0 cur_cpu7=0 total_threads=0 blocked_threads=0 sched_lock=busy procmgr_lock=ok gpu_pci_lock=ok
[heartbeat] tid=12 uptime_ms=4261
[bwm-fps] frames_since_last=174 elapsed_ms=1004 instantaneous_fps=173
[virgl-composite] Frame #500: 1280x960 → 1280x960 display (first1k: 1000 nonzero, first=0x0014161e)
[freeze-watch] uptime_ms=4761 submits=1617 completes=1619 fails=0 last_completion_ms=4755 fps_last_5s=168 cpu=5 tid=3 ctx_switches=8812 timer_ticks_cpu0=2346 timer_ticks_cpu1=2967 timer_ticks_cpu2=2945 timer_ticks_cpu3=2919 timer_ticks_cpu4=2923 timer_ticks_cpu5=2925 timer_ticks_cpu6=2964 timer_ticks_cpu7=2980 rq_total=0 rq_cpu0=0 rq_cpu1=0 rq_cpu2=0 rq_cpu3=0 rq_cpu4=0 rq_cpu5=0 rq_cpu6=0 rq_cpu7=0 cur_cpu0=0 cur_cpu1=4 cur_cpu2=5 cur_cpu3=6 cur_cpu4=7 cur_cpu5=3 cur_cpu6=9 cur_cpu7=10 total_threads=17 blocked_threads=7 sched_lock=ok procmgr_lock=ok gpu_pci_lock=busy
[heartbeat] tid=12 uptime_ms=5261
[freeze-watch] uptime_ms=5264 submits=1889 completes=1892 fails=0 last_completion_ms=5263 fps_last_5s=180 cpu=1 tid=0 ctx_switches=9918 timer_ticks_cpu0=2687 timer_ticks_cpu1=3396 timer_ticks_cpu2=3369 timer_ticks_cpu3=3338 timer_ticks_cpu4=3340 timer_ticks_cpu5=3344 timer_ticks_cpu6=3394 timer_ticks_cpu7=3408 rq_total=0 rq_cpu0=0 rq_cpu1=0 rq_cpu2=0 rq_cpu3=0 rq_cpu4=0 rq_cpu5=0 rq_cpu6=0 rq_cpu7=0 cur_cpu0=0 cur_cpu1=0 cur_cpu2=0 cur_cpu3=0 cur_cpu4=0 cur_cpu5=0 cur_cpu6=0 cur_cpu7=0 total_threads=0 blocked_threads=0 sched_lock=busy procmgr_lock=ok gpu_pci_lock=ok
[bwm-fps] frames_since_last=170 elapsed_ms=1002 instantaneous_fps=169
[freeze-watch] uptime_ms=5767 submits=2147 completes=2150 fails=0 last_completion_ms=5764 fps_last_5s=170 cpu=7 tid=3 ctx_switches=10998 timer_ticks_cpu0=3029 timer_ticks_cpu1=3823 timer_ticks_cpu2=3798 timer_ticks_cpu3=3763 timer_ticks_cpu4=3758 timer_ticks_cpu5=3768 timer_ticks_cpu6=3817 timer_ticks_cpu7=3834 rq_total=0 rq_cpu0=0 rq_cpu1=0 rq_cpu2=0 rq_cpu3=0 rq_cpu4=0 rq_cpu5=0 rq_cpu6=0 rq_cpu7=0 cur_cpu0=0 cur_cpu1=4 cur_cpu2=5 cur_cpu3=6 cur_cpu4=7 cur_cpu5=14 cur_cpu6=9 cur_cpu7=3 total_threads=17 blocked_threads=6 sched_lock=ok procmgr_lock=ok gpu_pci_lock=ok
[heartbeat] tid=12 uptime_ms=6262
[freeze-watch] uptime_ms=6271 submits=2403 completes=2405 fails=0 last_completion_ms=6267 fps_last_5s=168 cpu=5 tid=3 ctx_switches=12103 timer_ticks_cpu0=3377 timer_ticks_cpu1=4248 timer_ticks_cpu2=4226 timer_ticks_cpu3=4184 timer_ticks_cpu4=4180 timer_ticks_cpu5=4188 timer_ticks_cpu6=4243 timer_ticks_cpu7=4262 rq_total=0 rq_cpu0=0 rq_cpu1=0 rq_cpu2=0 rq_cpu3=0 rq_cpu4=0 rq_cpu5=0 rq_cpu6=0 rq_cpu7=0 cur_cpu0=0 cur_cpu1=4 cur_cpu2=5 cur_cpu3=6 cur_cpu4=7 cur_cpu5=3 cur_cpu6=9 cur_cpu7=10 total_threads=17 blocked_threads=6 sched_lock=ok procmgr_lock=ok gpu_pci_lock=busy
[bwm-fps] frames_since_last=176 elapsed_ms=1000 instantaneous_fps=176
[freeze-watch] uptime_ms=6776 submits=2669 completes=2672 fails=0 last_completion_ms=6776 fps_last_5s=176 cpu=1 tid=3 ctx_switches=13213 timer_ticks_cpu0=3721 timer_ticks_cpu1=4676 timer_ticks_cpu2=4646 timer_ticks_cpu3=4606 timer_ticks_cpu4=4598 timer_ticks_cpu5=4604 timer_ticks_cpu6=4671 timer_ticks_cpu7=4692 rq_total=1 rq_cpu0=1 rq_cpu1=0 rq_cpu2=0 rq_cpu3=0 rq_cpu4=0 rq_cpu5=0 rq_cpu6=0 rq_cpu7=0 cur_cpu0=14 cur_cpu1=3 cur_cpu2=5 cur_cpu3=6 cur_cpu4=7 cur_cpu5=8 cur_cpu6=9 cur_cpu7=10 total_threads=17 blocked_threads=5 sched_lock=ok procmgr_lock=ok gpu_pci_lock=ok
[heartbeat] tid=12 uptime_ms=7264
[freeze-watch] uptime_ms=7279 submits=2947 completes=2949 fails=0 last_completion_ms=7276 fps_last_5s=182 cpu=5 tid=0 ctx_switches=14437 timer_ticks_cpu0=4050 timer_ticks_cpu1=5102 timer_ticks_cpu2=5072 timer_ticks_cpu3=5028 timer_ticks_cpu4=5019 timer_ticks_cpu5=5023 timer_ticks_cpu6=5103 timer_ticks_cpu7=5122 rq_total=0 rq_cpu0=0 rq_cpu1=0 rq_cpu2=0 rq_cpu3=0 rq_cpu4=0 rq_cpu5=0 rq_cpu6=0 rq_cpu7=0 cur_cpu0=0 cur_cpu1=0 cur_cpu2=0 cur_cpu3=0 cur_cpu4=0 cur_cpu5=0 cur_cpu6=0 cur_cpu7=0 total_threads=0 blocked_threads=0 sched_lock=busy procmgr_lock=ok gpu_pci_lock=busy
[virgl-composite] Frame #1000: 1280x960 → 1280x960 display (first1k: 1000 nonzero, first=0x0014161e)
[bwm-fps] frames_since_last=180 elapsed_ms=1003 instantaneous_fps=179
[freeze-watch] uptime_ms=7783 submits=3202 completes=3204 fails=0 last_completion_ms=7782 fps_last_5s=168 cpu=4 tid=3 ctx_switches=15567 timer_ticks_cpu0=4384 timer_ticks_cpu1=5517 timer_ticks_cpu2=5480 timer_ticks_cpu3=5437 timer_ticks_cpu4=5423 timer_ticks_cpu5=5430 timer_ticks_cpu6=5516 timer_ticks_cpu7=5538 rq_total=0 rq_cpu0=0 rq_cpu1=0 rq_cpu2=0 rq_cpu3=0 rq_cpu4=0 rq_cpu5=0 rq_cpu6=0 rq_cpu7=0 cur_cpu0=0 cur_cpu1=4 cur_cpu2=5 cur_cpu3=6 cur_cpu4=3 cur_cpu5=8 cur_cpu6=9 cur_cpu7=10 total_threads=17 blocked_threads=6 sched_lock=ok procmgr_lock=ok gpu_pci_lock=busy
[heartbeat] tid=12 uptime_ms=8264
[freeze-watch] uptime_ms=8286 submits=3491 completes=3494 fails=0 last_completion_ms=8285 fps_last_5s=192 cpu=5 tid=3 ctx_switches=16918 timer_ticks_cpu0=4718 timer_ticks_cpu1=5950 timer_ticks_cpu2=5911 timer_ticks_cpu3=5868 timer_ticks_cpu4=5843 timer_ticks_cpu5=5861 timer_ticks_cpu6=5948 timer_ticks_cpu7=5968 rq_total=0 rq_cpu0=0 rq_cpu1=0 rq_cpu2=0 rq_cpu3=0 rq_cpu4=0 rq_cpu5=0 rq_cpu6=0 rq_cpu7=0 cur_cpu0=0 cur_cpu1=4 cur_cpu2=5 cur_cpu3=6 cur_cpu4=7 cur_cpu5=3 cur_cpu6=9 cur_cpu7=10 total_threads=17 blocked_threads=6 sched_lock=ok procmgr_lock=ok gpu_pci_lock=ok
[bwm-fps] frames_since_last=180 elapsed_ms=1002 instantaneous_fps=179
[timer] cpu0 ticks=5000
[freeze-watch] uptime_ms=8788 submits=3776 completes=3779 fails=0 last_completion_ms=8788 fps_last_5s=189 cpu=0 tid=3 ctx_switches=18120 timer_ticks_cpu0=5048 timer_ticks_cpu1=6372 timer_ticks_cpu2=6327 timer_ticks_cpu3=6278 timer_ticks_cpu4=6251 timer_ticks_cpu5=6278 timer_ticks_cpu6=6370 timer_ticks_cpu7=6384 rq_total=0 rq_cpu0=0 rq_cpu1=0 rq_cpu2=0 rq_cpu3=0 rq_cpu4=0 rq_cpu5=0 rq_cpu6=0 rq_cpu7=0 cur_cpu0=3 cur_cpu1=4 cur_cpu2=5 cur_cpu3=6 cur_cpu4=7 cur_cpu5=8 cur_cpu6=9 cur_cpu7=10 total_threads=17 blocked_threads=6 sched_lock=ok procmgr_lock=ok gpu_pci_lock=ok
[heartbeat] tid=12 uptime_ms=9265
[freeze-watch] uptime_ms=9292 submits=4061 completes=4064 fails=0 last_completion_ms=9289 fps_last_5s=188 cpu=4 tid=3 ctx_switches=19349 timer_ticks_cpu0=5386 timer_ticks_cpu1=6794 timer_ticks_cpu2=6760 timer_ticks_cpu3=6697 timer_ticks_cpu4=6671 timer_ticks_cpu5=6705 timer_ticks_cpu6=6799 timer_ticks_cpu7=6813 rq_total=0 rq_cpu0=0 rq_cpu1=0 rq_cpu2=0 rq_cpu3=0 rq_cpu4=0 rq_cpu5=0 rq_cpu6=0 rq_cpu7=0 cur_cpu0=14 cur_cpu1=4 cur_cpu2=5 cur_cpu3=6 cur_cpu4=3 cur_cpu5=8 cur_cpu6=9 cur_cpu7=10 total_threads=17 blocked_threads=6 sched_lock=ok procmgr_lock=ok gpu_pci_lock=ok
[bwm-fps] frames_since_last=187 elapsed_ms=1004 instantaneous_fps=186
[freeze-watch] uptime_ms=9796 submits=4328 completes=4331 fails=0 last_completion_ms=9794 fps_last_5s=176 cpu=2 tid=3 ctx_switches=20489 timer_ticks_cpu0=5719 timer_ticks_cpu1=7225 timer_ticks_cpu2=7187 timer_ticks_cpu3=7119 timer_ticks_cpu4=7088 timer_ticks_cpu5=7119 timer_ticks_cpu6=7228 timer_ticks_cpu7=7243 rq_total=0 rq_cpu0=0 rq_cpu1=0 rq_cpu2=0 rq_cpu3=0 rq_cpu4=0 rq_cpu5=0 rq_cpu6=0 rq_cpu7=0 cur_cpu0=0 cur_cpu1=4 cur_cpu2=3 cur_cpu3=6 cur_cpu4=7 cur_cpu5=8 cur_cpu6=9 cur_cpu7=10 total_threads=17 blocked_threads=6 sched_lock=ok procmgr_lock=ok gpu_pci_lock=ok
[virgl-composite] Frame #1500: 1280x960 → 1280x960 display (first1k: 1000 nonzero, first=0x0014161e)
[heartbeat] tid=12 uptime_ms=10265
[freeze-watch] uptime_ms=10305 submits=4617 completes=4619 fails=0 last_completion_ms=10302 fps_last_5s=188 cpu=5 tid=3 ctx_switches=21733 timer_ticks_cpu0=6062 timer_ticks_cpu1=7656 timer_ticks_cpu2=7612 timer_ticks_cpu3=7540 timer_ticks_cpu4=7505 timer_ticks_cpu5=7548 timer_ticks_cpu6=7659 timer_ticks_cpu7=7676 rq_total=1 rq_cpu0=0 rq_cpu1=0 rq_cpu2=0 rq_cpu3=0 rq_cpu4=0 rq_cpu5=1 rq_cpu6=0 rq_cpu7=0 cur_cpu0=0 cur_cpu1=4 cur_cpu2=5 cur_cpu3=6 cur_cpu4=7 cur_cpu5=3 cur_cpu6=9 cur_cpu7=10 total_threads=17 blocked_threads=6 sched_lock=ok procmgr_lock=ok gpu_pci_lock=busy
[bwm-fps] frames_since_last=190 elapsed_ms=1000 instantaneous_fps=190
[heartbeat] tid=12 uptime_ms=11265
[bwm-fps] frames_since_last=182 elapsed_ms=1000 instantaneous_fps=182
[heartbeat] tid=12 uptime_ms=12266
[bwm-fps] frames_since_last=192 elapsed_ms=1003 instantaneous_fps=191
[virgl-composite] Frame #2000: 1280x960 → 1280x960 display (first1k: 1000 nonzero, first=0x0014161e)
[heartbeat] tid=12 uptime_ms=13266
[bwm-fps] frames_since_last=186 elapsed_ms=1004 instantaneous_fps=185
[heartbeat] tid=12 uptime_ms=14267
[bwm-fps] frames_since_last=180 elapsed_ms=1000 instantaneous_fps=180
[heartbeat] tid=12 uptime_ms=15268
[freeze-watch] uptime_ms=15307 submits=7387 completes=7389 fails=0 last_completion_ms=15306 fps_last_5s=184 cpu=4 tid=3 ctx_switches=33757 timer_ticks_cpu0=9377 timer_ticks_cpu1=11904 timer_ticks_cpu2=11829 timer_ticks_cpu3=11696 timer_ticks_cpu4=11684 timer_ticks_cpu5=11737 timer_ticks_cpu6=11903 timer_ticks_cpu7=11951 rq_total=0 rq_cpu0=0 rq_cpu1=0 rq_cpu2=0 rq_cpu3=0 rq_cpu4=0 rq_cpu5=0 rq_cpu6=0 rq_cpu7=0 cur_cpu0=0 cur_cpu1=4 cur_cpu2=5 cur_cpu3=6 cur_cpu4=3 cur_cpu5=8 cur_cpu6=9 cur_cpu7=10 total_threads=17 blocked_threads=6 sched_lock=ok procmgr_lock=ok gpu_pci_lock=busy
[bwm-fps] frames_since_last=182 elapsed_ms=1004 instantaneous_fps=181
[virgl-composite] Frame #2500: 1280x960 → 1280x960 display (first1k: 1000 nonzero, first=0x0014161e)
[timer] cpu0 ticks=10000
[heartbeat] tid=12 uptime_ms=16269
[bwm-fps] frames_since_last=188 elapsed_ms=1006 instantaneous_fps=186
[heartbeat] tid=12 uptime_ms=17269
[bwm-fps] frames_since_last=194 elapsed_ms=1004 instantaneous_fps=193
[heartbeat] tid=12 uptime_ms=18270
[virgl-composite] Frame #3000: 1280x960 → 1280x960 display (first1k: 1000 nonzero, first=0x0014161e)
[bwm-fps] frames_since_last=177 elapsed_ms=1000 instantaneous_fps=177
[heartbeat] tid=12 uptime_ms=19272
[bwm-fps] frames_since_last=179 elapsed_ms=1000 instantaneous_fps=179
[heartbeat] tid=12 uptime_ms=20273
[freeze-watch] uptime_ms=20311 submits=10156 completes=10158 fails=0 last_completion_ms=20310 fps_last_5s=184 cpu=1 tid=3 ctx_switches=45902 timer_ticks_cpu0=12723 timer_ticks_cpu1=16186 timer_ticks_cpu2=16033 timer_ticks_cpu3=15877 timer_ticks_cpu4=15853 timer_ticks_cpu5=15942 timer_ticks_cpu6=16155 timer_ticks_cpu7=16205 rq_total=0 rq_cpu0=0 rq_cpu1=0 rq_cpu2=0 rq_cpu3=0 rq_cpu4=0 rq_cpu5=0 rq_cpu6=0 rq_cpu7=0 cur_cpu0=0 cur_cpu1=3 cur_cpu2=5 cur_cpu3=14 cur_cpu4=7 cur_cpu5=8 cur_cpu6=9 cur_cpu7=10 total_threads=17 blocked_threads=6 sched_lock=ok procmgr_lock=ok gpu_pci_lock=busy
[bwm-fps] frames_since_last=179 elapsed_ms=1004 instantaneous_fps=178
[virgl-composite] Frame #3500: 1280x960 → 1280x960 display (first1k: 1000 nonzero, first=0x0014161e)
[heartbeat] tid=12 uptime_ms=21274
[bwm-fps] frames_since_last=167 elapsed_ms=1001 instantaneous_fps=166
[heartbeat] tid=12 uptime_ms=22275
[bwm-fps] frames_since_last=170 elapsed_ms=1001 instantaneous_fps=169
[heartbeat] tid=12 uptime_ms=23275
[bwm-fps] frames_since_last=179 elapsed_ms=1008 instantaneous_fps=177
[timer] cpu0 ticks=15000
[virgl-composite] Frame #4000: 1280x960 → 1280x960 display (first1k: 1000 nonzero, first=0x0014161e)
[heartbeat] tid=12 uptime_ms=24276
[bwm-fps] frames_since_last=162 elapsed_ms=1000 instantaneous_fps=162
[heartbeat] tid=12 uptime_ms=25277
[freeze-watch] uptime_ms=25315 submits=12707 completes=12710 fails=0 last_completion_ms=25315 fps_last_5s=170 cpu=1 tid=0 ctx_switches=57402 timer_ticks_cpu0=16104 timer_ticks_cpu1=20428 timer_ticks_cpu2=20263 timer_ticks_cpu3=20043 timer_ticks_cpu4=20013 timer_ticks_cpu5=20138 timer_ticks_cpu6=20373 timer_ticks_cpu7=20448 rq_total=0 rq_cpu0=0 rq_cpu1=0 rq_cpu2=0 rq_cpu3=0 rq_cpu4=0 rq_cpu5=0 rq_cpu6=0 rq_cpu7=0 cur_cpu0=0 cur_cpu1=0 cur_cpu2=0 cur_cpu3=0 cur_cpu4=0 cur_cpu5=0 cur_cpu6=0 cur_cpu7=0 total_threads=0 blocked_threads=0 sched_lock=busy procmgr_lock=ok gpu_pci_lock=ok
[bwm-fps] frames_since_last=177 elapsed_ms=1002 instantaneous_fps=176
[heartbeat] tid=12 uptime_ms=26277
[bwm-fps] frames_since_last=178 elapsed_ms=1007 instantaneous_fps=176
[virgl-composite] Frame #4500: 1280x960 → 1280x960 display (first1k: 1000 nonzero, first=0x0014161e)
[heartbeat] tid=12 uptime_ms=27278
[bwm-fps] frames_since_last=164 elapsed_ms=1002 instantaneous_fps=163
[heartbeat] tid=12 uptime_ms=28278
[bwm-fps] frames_since_last=174 elapsed_ms=1000 instantaneous_fps=174
[heartbeat] tid=12 uptime_ms=29278
[bwm-fps] frames_since_last=174 elapsed_ms=1005 instantaneous_fps=173
[virgl-composite] Frame #5000: 1280x960 → 1280x960 display (first1k: 1000 nonzero, first=0x0014161e)
[heartbeat] tid=12 uptime_ms=30279
[freeze-watch] uptime_ms=30317 submits=15305 completes=15308 fails=0 last_completion_ms=30315 fps_last_5s=173 cpu=1 tid=3 ctx_switches=68878 timer_ticks_cpu0=19479 timer_ticks_cpu1=24680 timer_ticks_cpu2=24490 timer_ticks_cpu3=24216 timer_ticks_cpu4=24189 timer_ticks_cpu5=24339 timer_ticks_cpu6=24598 timer_ticks_cpu7=24699 rq_total=0 rq_cpu0=0 rq_cpu1=0 rq_cpu2=0 rq_cpu3=0 rq_cpu4=0 rq_cpu5=0 rq_cpu6=0 rq_cpu7=0 cur_cpu0=14 cur_cpu1=3 cur_cpu2=5 cur_cpu3=6 cur_cpu4=7 cur_cpu5=8 cur_cpu6=9 cur_cpu7=10 total_threads=17 blocked_threads=6 sched_lock=ok procmgr_lock=ok gpu_pci_lock=ok
[bwm-fps] frames_since_last=179 elapsed_ms=1001 instantaneous_fps=178
[timer] cpu0 ticks=20000
[heartbeat] tid=12 uptime_ms=31279
[bwm-fps] frames_since_last=171 elapsed_ms=1004 instantaneous_fps=170
[heartbeat] tid=12 uptime_ms=32280
[bwm-fps] frames_since_last=167 elapsed_ms=1000 instantaneous_fps=167
[virgl-composite] Frame #5500: 1280x960 → 1280x960 display (first1k: 1000 nonzero, first=0x0014161e)
[heartbeat] tid=12 uptime_ms=33280
[bwm-fps] frames_since_last=173 elapsed_ms=1002 instantaneous_fps=172
[heartbeat] tid=12 uptime_ms=34281
[bwm-fps] frames_since_last=178 elapsed_ms=1001 instantaneous_fps=177
[heartbeat] tid=12 uptime_ms=35281
[freeze-watch] uptime_ms=35321 submits=17903 completes=17906 fails=0 last_completion_ms=35319 fps_last_5s=173 cpu=1 tid=3 ctx_switches=80177 timer_ticks_cpu0=22855 timer_ticks_cpu1=28931 timer_ticks_cpu2=28716 timer_ticks_cpu3=28377 timer_ticks_cpu4=28355 timer_ticks_cpu5=28538 timer_ticks_cpu6=28828 timer_ticks_cpu7=28939 rq_total=0 rq_cpu0=0 rq_cpu1=0 rq_cpu2=0 rq_cpu3=0 rq_cpu4=0 rq_cpu5=0 rq_cpu6=0 rq_cpu7=0 cur_cpu0=0 cur_cpu1=3 cur_cpu2=5 cur_cpu3=6 cur_cpu4=7 cur_cpu5=8 cur_cpu6=9 cur_cpu7=10 total_threads=17 blocked_threads=6 sched_lock=ok procmgr_lock=ok gpu_pci_lock=ok
[gpu-pci-lock-attrib] max_hold_ms=14 max_hold_holder_tid=14
[wake-attrib] schedule=15279 unblock=0 isr_unblock=18830 wake_io=25767 signal=0 child=0 timer=2456
[enqueue-attrib] same_lock=9530 deferred=17237 isr_buf=18830 deferred_drained=15960 isr_buf_drained=16735 already_queued=1271 isr_buf_full=0
[bwm-fps] frames_since_last=185 elapsed_ms=1000 instantaneous_fps=185
[virgl-composite] Frame #6000: 1280x960 → 1280x960 display (first1k: 1000 nonzero, first=0x0014161e)
[heartbeat] tid=12 uptime_ms=36282
[bwm-fps] frames_since_last=189 elapsed_ms=1004 instantaneous_fps=188
[heartbeat] tid=12 uptime_ms=37282
[bwm-fps] frames_since_last=171 elapsed_ms=1004 instantaneous_fps=170
[heartbeat] tid=12 uptime_ms=38282
[virgl-composite] Frame #6500: 1280x960 → 1280x960 display (first1k: 1000 nonzero, first=0x0014161e)
[timer] cpu0 ticks=25000
[bwm-fps] frames_since_last=176 elapsed_ms=1001 instantaneous_fps=175
[heartbeat] tid=12 uptime_ms=39283
[bwm-fps] frames_since_last=174 elapsed_ms=1004 instantaneous_fps=173
[heartbeat] tid=12 uptime_ms=40283
[freeze-watch] uptime_ms=40326 submits=20541 completes=20543 fails=0 last_completion_ms=40321 fps_last_5s=175 cpu=0 tid=3 ctx_switches=91730 timer_ticks_cpu0=26206 timer_ticks_cpu1=33200 timer_ticks_cpu2=32938 timer_ticks_cpu3=32556 timer_ticks_cpu4=32518 timer_ticks_cpu5=32748 timer_ticks_cpu6=33060 timer_ticks_cpu7=33205 rq_total=0 rq_cpu0=0 rq_cpu1=0 rq_cpu2=0 rq_cpu3=0 rq_cpu4=0 rq_cpu5=0 rq_cpu6=0 rq_cpu7=0 cur_cpu0=3 cur_cpu1=4 cur_cpu2=5 cur_cpu3=6 cur_cpu4=7 cur_cpu5=8 cur_cpu6=9 cur_cpu7=10 total_threads=17 blocked_threads=7 sched_lock=ok procmgr_lock=ok gpu_pci_lock=busy
[bwm-fps] frames_since_last=159 elapsed_ms=1008 instantaneous_fps=157
[heartbeat] tid=12 uptime_ms=41283
[virgl-composite] Frame #7000: 1280x960 → 1280x960 display (first1k: 1000 nonzero, first=0x0014161e)
[bwm-fps] frames_since_last=167 elapsed_ms=1004 instantaneous_fps=166
[heartbeat] tid=12 uptime_ms=42284
[bwm-fps] frames_since_last=159 elapsed_ms=1001 instantaneous_fps=158
[heartbeat] tid=12 uptime_ms=43284
[bwm-fps] frames_since_last=168 elapsed_ms=1005 instantaneous_fps=167
[heartbeat] tid=12 uptime_ms=44285
[virgl-composite] Frame #7500: 1280x960 → 1280x960 display (first1k: 1000 nonzero, first=0x0014161e)
[bwm-fps] frames_since_last=176 elapsed_ms=1002 instantaneous_fps=175
[heartbeat] tid=12 uptime_ms=45285
[freeze-watch] uptime_ms=45334 submits=23087 completes=23090 fails=0 last_completion_ms=45332 fps_last_5s=169 cpu=0 tid=3 ctx_switches=103071 timer_ticks_cpu0=29559 timer_ticks_cpu1=37462 timer_ticks_cpu2=37184 timer_ticks_cpu3=36764 timer_ticks_cpu4=36677 timer_ticks_cpu5=36942 timer_ticks_cpu6=37309 timer_ticks_cpu7=37448 rq_total=0 rq_cpu0=0 rq_cpu1=0 rq_cpu2=0 rq_cpu3=0 rq_cpu4=0 rq_cpu5=0 rq_cpu6=0 rq_cpu7=0 cur_cpu0=3 cur_cpu1=4 cur_cpu2=5 cur_cpu3=6 cur_cpu4=7 cur_cpu5=8 cur_cpu6=9 cur_cpu7=10 total_threads=17 blocked_threads=6 sched_lock=ok procmgr_lock=ok gpu_pci_lock=ok
[bwm-fps] frames_since_last=190 elapsed_ms=1001 instantaneous_fps=189
[timer] cpu0 ticks=30000
[heartbeat] tid=12 uptime_ms=46286
[bwm-fps] frames_since_last=178 elapsed_ms=1002 instantaneous_fps=177
[virgl-composite] Frame #8000: 1280x960 → 1280x960 display (first1k: 1000 nonzero, first=0x0014161e)
[heartbeat] tid=12 uptime_ms=47288
[bwm-fps] frames_since_last=189 elapsed_ms=1000 instantaneous_fps=189
[heartbeat] tid=12 uptime_ms=48288
[bwm-fps] frames_since_last=173 elapsed_ms=1000 instantaneous_fps=173
[heartbeat] tid=12 uptime_ms=49289
[bwm-fps] frames_since_last=160 elapsed_ms=1004 instantaneous_fps=159
[virgl-composite] Frame #8500: 1280x960 → 1280x960 display (first1k: 1000 nonzero, first=0x0014161e)
[heartbeat] tid=12 uptime_ms=50289
[freeze-watch] uptime_ms=50337 submits=25721 completes=25724 fails=0 last_completion_ms=50334 fps_last_5s=175 cpu=6 tid=3 ctx_switches=114641 timer_ticks_cpu0=32929 timer_ticks_cpu1=41721 timer_ticks_cpu2=41416 timer_ticks_cpu3=40945 timer_ticks_cpu4=40847 timer_ticks_cpu5=41155 timer_ticks_cpu6=41549 timer_ticks_cpu7=41713 rq_total=0 rq_cpu0=0 rq_cpu1=0 rq_cpu2=0 rq_cpu3=0 rq_cpu4=0 rq_cpu5=0 rq_cpu6=0 rq_cpu7=0 cur_cpu0=0 cur_cpu1=14 cur_cpu2=5 cur_cpu3=6 cur_cpu4=7 cur_cpu5=8 cur_cpu6=3 cur_cpu7=10 total_threads=17 blocked_threads=6 sched_lock=ok procmgr_lock=ok gpu_pci_lock=ok
[bwm-fps] frames_since_last=177 elapsed_ms=1004 instantaneous_fps=176
[heartbeat] tid=12 uptime_ms=51291
[bwm-fps] frames_since_last=159 elapsed_ms=1004 instantaneous_fps=158
[heartbeat] tid=12 uptime_ms=52292
[bwm-fps] frames_since_last=165 elapsed_ms=1001 instantaneous_fps=164
[virgl-composite] Frame #9000: 1280x960 → 1280x960 display (first1k: 1000 nonzero, first=0x0014161e)
[heartbeat] tid=12 uptime_ms=53293
[timer] cpu0 ticks=35000
[bwm-fps] frames_since_last=166 elapsed_ms=1000 instantaneous_fps=166
[heartbeat] tid=12 uptime_ms=54293
[bwm-fps] frames_since_last=180 elapsed_ms=1004 instantaneous_fps=179
[heartbeat] tid=12 uptime_ms=55294
[freeze-watch] uptime_ms=55340 submits=28296 completes=28298 fails=0 last_completion_ms=55336 fps_last_5s=171 cpu=0 tid=3 ctx_switches=125978 timer_ticks_cpu0=36303 timer_ticks_cpu1=45972 timer_ticks_cpu2=45638 timer_ticks_cpu3=45105 timer_ticks_cpu4=45007 timer_ticks_cpu5=45334 timer_ticks_cpu6=45787 timer_ticks_cpu7=45951 rq_total=0 rq_cpu0=0 rq_cpu1=0 rq_cpu2=0 rq_cpu3=0 rq_cpu4=0 rq_cpu5=0 rq_cpu6=0 rq_cpu7=0 cur_cpu0=3 cur_cpu1=4 cur_cpu2=5 cur_cpu3=6 cur_cpu4=7 cur_cpu5=8 cur_cpu6=9 cur_cpu7=10 total_threads=17 blocked_threads=7 sched_lock=ok procmgr_lock=ok gpu_pci_lock=busy
[bwm-fps] frames_since_last=193 elapsed_ms=1002 instantaneous_fps=192
[virgl-composite] Frame #9500: 1280x960 → 1280x960 display (first1k: 1000 nonzero, first=0x0014161e)
[heartbeat] tid=12 uptime_ms=56294
[bwm-fps] frames_since_last=178 elapsed_ms=1000 instantaneous_fps=178
[heartbeat] tid=12 uptime_ms=57294
[bwm-fps] frames_since_last=171 elapsed_ms=1001 instantaneous_fps=170
[heartbeat] tid=12 uptime_ms=58295
[bwm-fps] frames_since_last=170 elapsed_ms=1004 instantaneous_fps=169
[virgl-composite] Frame #10000: 1280x960 → 1280x960 display (first1k: 1000 nonzero, first=0x0014161e)
[heartbeat] tid=12 uptime_ms=59295
[bwm-fps] frames_since_last=171 elapsed_ms=1004 instantaneous_fps=170
[heartbeat] tid=12 uptime_ms=60295
[freeze-watch] uptime_ms=60344 submits=30872 completes=30875 fails=0 last_completion_ms=60339 fps_last_5s=171 cpu=4 tid=3 ctx_switches=137283 timer_ticks_cpu0=39635 timer_ticks_cpu1=50231 timer_ticks_cpu2=49867 timer_ticks_cpu3=49284 timer_ticks_cpu4=49173 timer_ticks_cpu5=49543 timer_ticks_cpu6=50019 timer_ticks_cpu7=50194 rq_total=0 rq_cpu0=0 rq_cpu1=0 rq_cpu2=0 rq_cpu3=0 rq_cpu4=0 rq_cpu5=0 rq_cpu6=0 rq_cpu7=0 cur_cpu0=14 cur_cpu1=4 cur_cpu2=5 cur_cpu3=6 cur_cpu4=3 cur_cpu5=8 cur_cpu6=9 cur_cpu7=10 total_threads=17 blocked_threads=6 sched_lock=ok procmgr_lock=ok gpu_pci_lock=ok
[bwm-fps] frames_since_last=160 elapsed_ms=1000 instantaneous_fps=160
[timer] cpu0 ticks=40000
[heartbeat] tid=12 uptime_ms=61296
[bwm-fps] frames_since_last=178 elapsed_ms=1001 instantaneous_fps=177
[virgl-composite] Frame #10500: 1280x960 → 1280x960 display (first1k: 1000 nonzero, first=0x0014161e)
[heartbeat] tid=12 uptime_ms=62296
[bwm-fps] frames_since_last=174 elapsed_ms=1002 instantaneous_fps=173
[heartbeat] tid=12 uptime_ms=63297
[bwm-fps] frames_since_last=169 elapsed_ms=1001 instantaneous_fps=168
[heartbeat] tid=12 uptime_ms=64297
[virgl-composite] Frame #11000: 1280x960 → 1280x960 display (first1k: 1000 nonzero, first=0x0014161e)
[bwm-fps] frames_since_last=183 elapsed_ms=1003 instantaneous_fps=182
[heartbeat] tid=12 uptime_ms=65298
[freeze-watch] uptime_ms=65348 submits=33515 completes=33517 fails=0 last_completion_ms=65348 fps_last_5s=175 cpu=2 tid=3 ctx_switches=148833 timer_ticks_cpu0=42966 timer_ticks_cpu1=54503 timer_ticks_cpu2=54087 timer_ticks_cpu3=53482 timer_ticks_cpu4=53352 timer_ticks_cpu5=53760 timer_ticks_cpu6=54264 timer_ticks_cpu7=54453 rq_total=0 rq_cpu0=0 rq_cpu1=0 rq_cpu2=0 rq_cpu3=0 rq_cpu4=0 rq_cpu5=0 rq_cpu6=0 rq_cpu7=0 cur_cpu0=0 cur_cpu1=4 cur_cpu2=3 cur_cpu3=6 cur_cpu4=7 cur_cpu5=8 cur_cpu6=9 cur_cpu7=10 total_threads=17 blocked_threads=7 sched_lock=ok procmgr_lock=ok gpu_pci_lock=busy
[gpu-pci-lock-attrib] max_hold_ms=14 max_hold_holder_tid=14
[wake-attrib] schedule=28797 unblock=0 isr_unblock=34323 wake_io=47187 signal=0 child=0 timer=4810
[enqueue-attrib] same_lock=17982 deferred=32536 isr_buf=34323 deferred_drained=30126 isr_buf_drained=30276 already_queued=2244 isr_buf_full=0
[bwm-fps] frames_since_last=188 elapsed_ms=1002 instantaneous_fps=187
[heartbeat] tid=12 uptime_ms=66298
[bwm-fps] frames_since_last=174 elapsed_ms=1000 instantaneous_fps=174
[virgl-composite] Frame #11500: 1280x960 → 1280x960 display (first1k: 1000 nonzero, first=0x0014161e)
[heartbeat] tid=12 uptime_ms=67298
[bwm-fps] frames_since_last=185 elapsed_ms=1000 instantaneous_fps=185
[heartbeat] tid=12 uptime_ms=68299
[timer] cpu0 ticks=45000
[bwm-fps] frames_since_last=199 elapsed_ms=1005 instantaneous_fps=198
[heartbeat] tid=12 uptime_ms=69299
[bwm-fps] frames_since_last=175 elapsed_ms=1002 instantaneous_fps=174
[virgl-composite] Frame #12000: 1280x960 → 1280x960 display (first1k: 1000 nonzero, first=0x0014161e)
[heartbeat] tid=12 uptime_ms=70299
[freeze-watch] uptime_ms=70352 submits=36239 completes=36242 fails=0 last_completion_ms=70351 fps_last_5s=181 cpu=0 tid=0 ctx_switches=160730 timer_ticks_cpu0=46339 timer_ticks_cpu1=58744 timer_ticks_cpu2=58331 timer_ticks_cpu3=57669 timer_ticks_cpu4=57517 timer_ticks_cpu5=57969 timer_ticks_cpu6=58526 timer_ticks_cpu7=58715 rq_total=0 rq_cpu0=0 rq_cpu1=0 rq_cpu2=0 rq_cpu3=0 rq_cpu4=0 rq_cpu5=0 rq_cpu6=0 rq_cpu7=0 cur_cpu0=0 cur_cpu1=0 cur_cpu2=0 cur_cpu3=0 cur_cpu4=0 cur_cpu5=0 cur_cpu6=0 cur_cpu7=0 total_threads=0 blocked_threads=0 sched_lock=busy procmgr_lock=ok gpu_pci_lock=ok
[bwm-fps] frames_since_last=167 elapsed_ms=1004 instantaneous_fps=166
[heartbeat] tid=12 uptime_ms=71300
[bwm-fps] frames_since_last=178 elapsed_ms=1004 instantaneous_fps=177
[heartbeat] tid=12 uptime_ms=72300
[bwm-fps] frames_since_last=173 elapsed_ms=1001 instantaneous_fps=172
[virgl-composite] Frame #12500: 1280x960 → 1280x960 display (first1k: 1000 nonzero, first=0x0014161e)
[heartbeat] tid=12 uptime_ms=73300
[bwm-fps] frames_since_last=186 elapsed_ms=1002 instantaneous_fps=185
[heartbeat] tid=12 uptime_ms=74301
