[ram] 6 regions:
[ram]   0x40000000 - 0xffff0000 (3071 MB)
[ram]   0x100000000 - 0x140000000 (1024 MB)
[ram]   0x140025000 - 0x23be0f000 (4029 MB)
[ram]   0x23c000000 - 0x23c020000 (0 MB)
[ram]   0x23c080000 - 0x23f550000 (52 MB)
[ram]   0x23f930000 - 0x240000000 (6 MB)
[kern] entry_phys=0x400998c4 load=0x40080000-0x50104000
[gop-serial] UART: base=0x2110000 type=0 (PL011)
[gop-serial] Enumerating GOP display modes:
[gop-serial]   Mode 0: 1024x768 format=BGR
[gop-serial] 1 modes total, best=786432 pixels
[gop-serial] Already at best mode: 1024x768
[gop-serial] Selected: 1024x768 stride=1024 base=0x10000000 size=0x300000
ZZ00000000400998c4BDMTIVL!J>12KPHEOS
========================================
  Breenix ARM64 Kernel Starting
  BUILD_ID: 006a0dfb0624e1
========================================

[boot] DIAG_MARKER_XHCI_A
[boot] DIAG_MARKER_XHCI_B
[boot] DIAG_MARKER_XHCI_C
[boot] loader xhci_hcrst_raw=0x0 ecam=0x2300000
[boot] Current exception level: EL1
[boot] MMU already enabled (high-half kernel)
[boot] Initializing memory management (0x44000000-0x50000000)...
[boot] Memory management ready
[boot] Initializing Generic Timer...
[boot] Timer frequency: 24000000 Hz (24 MHz)
[boot] Initializing PL031 RTC...
[boot] Current timestamp: 25234517
[boot] Initializing GIC...
[gic] GICR probe 0x02500000: WAKER=0x00000000 <<< VALID
[gic] GICD_CTLR wrote 0x53, readback=0x53
[gic] GICR_IGROUPR0: wrote 0xFFFFFFFF, readback=0xffffffff
[gic] ICC_CTLR_EL1: 0x40400 -> 0x40402 (EOImode=1)
[boot] GIC initialized (version 3)
[boot] Enabling UART interrupts...
[boot] Enabling GIC IRQ 33 (UART0)...
[uart] IMSC: 0x0 -> 0x50 (verify: 0x50)
[uart] FR=0x90 (RXFE=1), RIS=0x20
[gic] IRQ 33 state (GICv3):
  enabled=true, group1=true, pending=false
  priority=0xa0, GICD_CTLR=0x53
  ICC_PMR=0xf0
[boot] UART interrupts enabled
[boot] Enabling interrupts...
[boot] Interrupts enabled: true
[boot] Initializing device drivers...
[drivers] Initializing driver subsystem...
[drivers] PCI ECAM at 0x2300000, enumerating PCI bus...
[drivers] Found 7 PCI devices
[pci] 00:01.0 [8086:293e] class=04/03
[pci]   BAR0: 0x18008000 (16384)
[pci] 00:02.0 [8086:265c] class=0c/03
[pci]   BAR0: 0x18012000 (4096)
[pci]   BAR1: 0x0 (4096)
[pci]   BAR2: 0x0 (4096)
[pci]   BAR3: 0x0 (4096)
[pci]   BAR4: 0x0 (4096)
[pci]   BAR5: 0x0 (4096)
[pci] 00:03.0 [1033:0194] class=0c/03
[pci]   BAR0: 0x18011000 (4096)
[pci]   BAR1: 0x0 (4096)
[pci]   BAR2: 0x0 (4096)
[pci]   BAR3: 0x0 (4096)
[pci]   BAR4: 0x0 (4096)
[pci]   BAR5: 0x0 (4096)
[pci] 00:05.0 [1af4:1000] class=02/00
[pci]   BAR0: 0x18010000 (4096)
[pci]   BAR1: 0x1800f000 (4096)
[pci] 00:09.0 [1ab8:4000] class=ff/00
[pci]   BAR0: 0x1800e000 (4096)
[pci] 00:0a.0 [1af4:1050] class=03/00
[pci]   BAR0: 0x10000000 (134217728)
[pci]   BAR1: 0x1800d000 (4096)
[pci]   BAR4: 0x18004000 (16384)
[pci] 00:0e.0 [1af4:1053] class=07/80
[pci]   BAR1: 0x1800c000 (4096)
[pci]   BAR4: 0x18000000 (16384)
[drivers] Found 2 VirtIO PCI devices
[virtio-gpu-pci] Device features: 0x0000000100000001
[virtio-gpu-pci] VIRGL offered: true
[virtio-gpu-pci] Negotiated: 0x0000000100000001 (VIRGL=true)
[virtio-gpu-pci] VIRGL_ENABLED stored=true, readback=true, addr=0xffff000041bce0c0
[pci] 00:0a.0: capabilities:
  cap 0x11 (MSI-X) @ 0xb0: dw0=0x0001bc11 dw1=0x00000001
  cap 0x09 (?) @ 0xbc: dw0=0x0410cc09 dw1=0x00000004
  cap 0x09 (?) @ 0xcc: dw0=0x0310dc09 dw1=0x00000004
  cap 0x09 (?) @ 0xdc: dw0=0x0214f009 dw1=0x00000004
  cap 0x09 (?) @ 0xf0: dw0=0x01100009 dw1=0x00000004
[gicv2m] MSI_TYPER raw=0x80350040 -> base_spi=53, num_spi=64
[virtio-gpu-pci] MSI-X cap at 0xb0: 2 vectors
[virtio-gpu-pci] MSI-X enabled: config_spi=53 queue_spi=54 doorbell=0x2250040 vectors=2
[virtio-gpu-pci] config_msix_vector: wrote=0x0 readback=0x0
[virtio-gpu-pci] Device has 2 queues
[virtio-gpu-pci] Queue 0 msix_vector: wrote=0x1 readback=0x1
[virtio-gpu-pci] Queue 1 msix_vector: wrote=0x1 readback=0x1
[virtio-gpu-pci] Cursor queue (q1) set up: size=16
[virtio-gpu-pci] Config: num_scanouts=16, num_capsets=1
[virtio-gpu-pci] MSI-X active: config_spi=53 queue_spi=54 queue_vector=1
[virtio-gpu-pci] Capset 0: id=2, max_ver=2, max_size=768
[virtio-gpu-pci] GET_CAPSET(id=2, ver=2): resp=0x1103
[virtio-gpu-pci] Display reports: 1024x768
[virtio-gpu-pci] Resolution: 1280x960 (display=1024x768, GOP=1024x768, min=1280x960)
[virtio-gpu-pci] 2D resource created and scanout set
[virtio-gpu-pci] Initialized: 1280x960
[drivers] VirtIO GPU (PCI) initialized
[virgl] Initializing VirGL 3D pipeline...
[virgl] 3D framebuffer backing: heap ptr=0xffff0000502e2000, phys=0x502e2000, size=4915200
[virgl] Step 1: context created
[virgl] Step 2: 3D resource created (1280x960, bind=0x0014000a)
[virgl] attach_backing: phys=0x502e2000, len=4915200, nr_pages=1200
[virgl] attach_backing: sending 3-desc chain: hdr=0x41bce1c0(32B), entries=0x50792000(19200B)
[virgl] attach_backing: OK (1200 pages attached)
[virgl] Step 3: backing attached
[virgl] Step 4: resource attached to context
[virgl] Step 5: resource primed
[virgl] SUBMIT_3D OK: id=1 used_len=0 resp_flags=0x1 resp_fence=1
[virgl] Step 6: VirGL CLEAR (cornflower blue)
[virgl] Step 7: SET_SCANOUT + RESOURCE_FLUSH done
[virgl] Step 7: VB resource created (no backing, INLINE_WRITE only)
[virgl-composite] Texture backing: heap ptr=0xffff000050792000, phys=0x50792000, 1280x960 (4915200B, 1200 pages)
[virgl] attach_backing: phys=0x50792000, len=4915200, nr_pages=1200
[virgl] attach_backing: sending 3-desc chain: hdr=0x41bce1c0(32B), entries=0x50c42000(19200B)
[virgl] attach_backing: OK (1200 pages attached)
[virgl-composite] Texture resource initialized (id=5)
[virgl] attach_backing: phys=0x50c42000, len=4915200, nr_pages=1200
[virgl] attach_backing: sending 3-desc chain: hdr=0x41bce1c0(32B), entries=0x510f2000(19200B)
[virgl] attach_backing: OK (1200 pages attached)
[virgl-pool] Pre-allocated slot=0 res_id=10 1280x960
[virgl] attach_backing: phys=0x510f2000, len=4915200, nr_pages=1200
[virgl] attach_backing: sending 3-desc chain: hdr=0x41bce1c0(32B), entries=0x515a2000(19200B)
[virgl] attach_backing: OK (1200 pages attached)
[virgl-pool] Pre-allocated slot=1 res_id=11 1280x960
[virgl] attach_backing: phys=0x515a2000, len=4915200, nr_pages=1200
[virgl] attach_backing: sending 3-desc chain: hdr=0x41bce1c0(32B), entries=0x51a52000(19200B)
[virgl] attach_backing: OK (1200 pages attached)
[virgl-pool] Pre-allocated slot=2 res_id=12 1280x960
[virgl] attach_backing: phys=0x51a52000, len=4915200, nr_pages=1200
[virgl] attach_backing: sending 3-desc chain: hdr=0x41bce1c0(32B), entries=0x51f02000(19200B)
[virgl] attach_backing: OK (1200 pages attached)
[virgl-pool] Pre-allocated slot=3 res_id=13 1280x960
[virgl] attach_backing: phys=0x51f02000, len=4915200, nr_pages=1200
[virgl] attach_backing: sending 3-desc chain: hdr=0x41bce1c0(32B), entries=0x523b2000(19200B)
[virgl] attach_backing: OK (1200 pages attached)
[virgl-pool] Pre-allocated slot=4 res_id=14 1280x960
[virgl] attach_backing: phys=0x523b2000, len=4915200, nr_pages=1200
[virgl] attach_backing: sending 3-desc chain: hdr=0x41bce1c0(32B), entries=0x52862000(19200B)
[virgl] attach_backing: OK (1200 pages attached)
[virgl-pool] Pre-allocated slot=5 res_id=15 1280x960
[virgl] attach_backing: phys=0x52862000, len=4915200, nr_pages=1200
[virgl] attach_backing: sending 3-desc chain: hdr=0x41bce1c0(32B), entries=0x52d12000(19200B)
[virgl] attach_backing: OK (1200 pages attached)
[virgl-pool] Pre-allocated slot=6 res_id=16 1280x960
[virgl] attach_backing: phys=0x52d12000, len=4915200, nr_pages=1200
[virgl] attach_backing: sending 3-desc chain: hdr=0x41bce1c0(32B), entries=0x531c2000(19200B)
[virgl] attach_backing: OK (1200 pages attached)
[virgl-pool] Pre-allocated slot=7 res_id=17 1280x960
[virgl] attach_backing: phys=0x531c2000, len=8192, nr_pages=2
[virgl] attach_backing: sending 3-desc chain: hdr=0x41bce1c0(32B), entries=0x502e0040(32B)
[virgl] attach_backing: OK (2 pages attached)
[virgl-cursor] Cursor texture initialized (id=6, 16x80, 5 shapes)
[virgl] attach_backing: phys=0x531c4000, len=4096, nr_pages=1
[virgl] attach_backing: sending 3-desc chain: hdr=0x41bce1c0(32B), entries=0x502e0040(16B)
[virgl] attach_backing: OK (1 pages attached)
[virgl-dimmer] Dimmer texture initialized (id=7, 4x4)
[virgl] Step 8: Compositor texture initialized
[virgl] Step 9: full pipeline+draw batch (191 DWORDs)
[virgl] SUBMIT_3D OK: id=2 used_len=0 resp_flags=0x1 resp_fence=2
[virgl] Step 10: SET_SCANOUT + RESOURCE_FLUSH
[virgl] VirGL 3D pipeline initialized successfully
[drivers] VirGL 3D acceleration active
[drivers] Compositor backend: VirGL
[virtio-gpu-pci] GPU command waits use scheduler waitqueue
[virtio-net-pci] Searching for VirtIO network device on PCI bus...
[virtio-net-pci] Found at 00:05.0 [1af4:1000]
[virtio-net-pci] BAR0: phys=0x18010000 virt=0xffff000018010000 size=4096
[virtio-net-pci] Device features: 0x6187bfa3
[virtio-net-pci] MAC: 00:1c:42:d7:57:58
[virtio-net-pci] Queue 0 max size: 256
[virtio-net-pci] Queue 0 PFN=0x402e3 (phys=0x402e3000)
[virtio-net-pci] Queue 1 max size: 256
[virtio-net-pci] Queue 1 PFN=0x402e6 (phys=0x402e6000)
[pci] 00:05.0: capabilities:
  cap 0x10 (PCIe) @ 0x48: dw0=0x00024010 dw1=0x00000fc0
  cap 0x01 (PM) @ 0x40: dw0=0x0022f401 dw1=0x00000000
  cap 0x11 (MSI-X) @ 0xf4: dw0=0x00020011 dw1=0x00000001
[virtio-net-pci] MSI-X cap at 0xf4: 3 vectors
[virtio-net-pci] MSI-X vector assignments: cfg=0xffff rx=0x0
[virtio-net-pci] MSI-X enabled: SPI 55 doorbell=0x2250040 vectors=3
[virtio-net-pci] Network device initialized successfully
[drivers] VirtIO network (PCI) initialized
[drivers] SVGA3 init skipped: SVGA3 device not found
[drivers] Found XHCI at 00:03.0 [1033:0194]
[xhci] DMA addrs: DCBAA=0x4026c000 CMD_RING=0x4026d000 EVT_RING=0x4027d000 ERST=0x4033b340
[xhci] Regs: USBCMD=0x5 USBSTS=0x0 CRCR=0x0 DCBAAP=0x4026c000
[xhci] IR0: IMAN=0x2 ERDP=0x4027d000 ERSTBA=0x4033b340
[xhci] Port scan: 14 ports
[xhci]   port 1: PORTSC=0x00021203 CCS=1 PED=1 speed=4
[xhci]   port 2: PORTSC=0x00021203 CCS=1 PED=1 speed=4
[xhci]   port 3: PORTSC=0x00021203 CCS=1 PED=1 speed=4
[xhci]   port 4: PORTSC=0x000002a0 CCS=0 PED=0 speed=0
[xhci]   port 5: PORTSC=0x000002a0 CCS=0 PED=0 speed=0
[xhci]   port 6: PORTSC=0x000002a0 CCS=0 PED=0 speed=0
[xhci]   port 7: PORTSC=0x000002a0 CCS=0 PED=0 speed=0
[xhci]   port 8: PORTSC=0x000002a0 CCS=0 PED=0 speed=0
[xhci]   port 9: PORTSC=0x000002a0 CCS=0 PED=0 speed=0
[xhci]   port 10: PORTSC=0x000002a0 CCS=0 PED=0 speed=0
[xhci]   port 11: PORTSC=0x000002a0 CCS=0 PED=0 speed=0
[xhci]   port 12: PORTSC=0x000002a0 CCS=0 PED=0 speed=0
[xhci]   port 13: PORTSC=0x000002a0 CCS=0 PED=0 speed=0
[xhci]   port 14: PORTSC=0x000002a0 CCS=0 PED=0 speed=0
[xhci] port 1 connected: PORTSC=0x00001203 PED=1 speed=4
[xhci] port 1 EnableSlot -> slot 1
[xhci] port 1 AddressDevice OK (slot 1)
[xhci] slot1: vid=0x203a pid=0xfffc class=0x00/0x00/0x00
[xhci] slot1 iface0: class=0x03 sub=0x00 proto=0x02 numEP=1
[xhci] HID iface: proto=2 subclass=0 -> mouse (hid_idx=1)
[xhci] slot1 iface1: class=0x03 sub=0x00 proto=0x02 numEP=1
[xhci] HID iface: proto=2 subclass=0 -> mouse (hid_idx=3)
[xhci] port 2 connected: PORTSC=0x00001203 PED=1 speed=4
[xhci] port 2 EnableSlot -> slot 2
[xhci] port 2 AddressDevice OK (slot 2)
[xhci] slot2: vid=0x203a pid=0xfffb class=0x00/0x00/0x00
[xhci] slot2 iface0: class=0x03 sub=0x01 proto=0x01 numEP=1
[xhci] HID iface: proto=1 subclass=1 -> keyboard (hid_idx=0)
[xhci] slot2 iface1: class=0x03 sub=0x00 proto=0x00 numEP=1
[xhci] HID iface: proto=0 subclass=0 -> NKRO (hid_idx=2)
[xhci] port 3 connected: PORTSC=0x00001203 PED=1 speed=4
[xhci] port 3 EnableSlot -> slot 3
[xhci] port 3 AddressDevice OK (slot 3)
[xhci] slot3: vid=0x203a pid=0xfff9 class=0xef/0x02/0x01
[xhci] slot3 iface0: class=0x0e sub=0x01 proto=0x00 numEP=0
[xhci] slot3 iface1: class=0x0e sub=0x02 proto=0x00 numEP=1
[xhci] start_hid_polling: kbd=slot2/dci3 nkro=dci5 mouse=slot1/dci3 mouse2=dci5
[xhci] Initialized: 32 slots, MSI irq=56
[drivers] XHCI USB controller initialized
[ahci] Platform AHCI at phys 0x2140000, virt 0xffff000002140000
[ahci] HBA version 1.256, 6 ports, 32 cmd slots, PI=0x0000003f
[ahci] Port 0: Sata, 131072 sectors (64 MB)
[ahci] Port 1: Sata, 524288 sectors (256 MB)
[ahci] IRQ probe: using port 0 dma_index 0
[ahci] IRQ probe: ISPENDR before=[0x01000000, 0x00000000, 0x00000000] after=[0x01000004, 0x00000000, 0x00000000]
[ahci] IRQ probe: PORT_IS=0x00000001 (should have D2H bit set)
[ahci] Platform IRQ probe: discovered SPI 34
[ahci] Platform IRQ enabled: SPI 34 (wired, level-triggered, CPU0)
[drivers] AHCI initialized (platform MMIO): 2 SATA device(s)
[drivers] Driver subsystem initialized (PCI)
[boot] Found 7 devices
[drivers] Running post-init self-tests...
[virtio-blk] Testing read of sector 0...
[drivers] VirtIO block test failed: Block device not initialized
[boot] Initializing network stack...
[net] Initializing network stack...
[net] Using VirtIO net PCI driver (Parallels)
[net] MAC address: 00:1c:42:d7:57:58
NET: IP address: 10.211.55.100
NET: Gateway: 10.211.55.1
Network stack initialized
NET: Sending ARP request for gateway 10.211.55.1
ARP request sent successfully
[virtio-net-pci] RX diag: used_idx=1 last_used=0 avail_idx=4 isr=0x0 msi_count=0
[virtio-net-pci] RX diag: used_idx=1 last_used=1 avail_idx=8 isr=0x0 msi_count=0
NET: ARP resolved gateway MAC: 00:1c:42:00:00:18
NET: Sending ICMP echo request to gateway 10.211.55.1
[net] ICMP echo reply received from 10.211.55.1 seq=1
NET: Network initialization complete
[virtio-net-pci] MSI-X SPI 55 enabled (post-init)
[boot] Initializing filesystem...
[ext2] No VirtIO block device, trying AHCI...
[ext2] AHCI device 0: 131072 sectors (64 MB)
[ext2] AHCI device 0: not ext2 (magic=0x0064)
[ext2] AHCI device 1: 524288 sectors (256 MB)
[ext2] Found ext2 superblock on AHCI device 1
[boot] ext2 root filesystem mounted
[boot] No home filesystem: No home block device available (expected at device index 3 or 1) (continuing)
[boot] devfs initialized at /dev
[boot] devptsfs initialized at /dev/pts
[boot] CPU detected: ARM Unknown
[boot] procfs initialized at /proc
[boot] TTY subsystem initialized
[boot] Initializing graphics...
[boot] VirGL active — skipping GOP framebuffer init (2D resource already set up in gpu_pci::init)
[boot] FB_INFO_CACHE populated for VirGL display (1280x960)
[boot] USB HID input active via XHCI (polled from timer)
[boot] Initializing per-CPU data...
[boot] Per-CPU data initialized
[boot] Initializing process manager...
[boot] Process manager initialized
[boot] Initializing scheduler...
[boot] Scheduler initialized
[boot] Workqueue subsystem initialized
[boot] Softirq subsystem initialized
[boot] Render thread skipped — VirGL owns the display
[boot] Tracing subsystem initialized and enabled
[boot] Pre-loading /sbin/init from ext2 (before timer)...
[boot] Init binary pre-loaded: 296824 bytes
[xhci] activate_msi_if_ready: source=system-ready spi=56 DIAG_SPI_ENABLE_COUNT=1
[xhci] post-activation: MSI_EVENT_COUNT=1 EVENT_COUNT=0 POLL_COUNT=0 SPI_ACTIVATED=true
[boot] Initializing timer interrupt...
[timer] Timer configured for ~1000 Hz (24000 ticks per interrupt)
[timer] Using virtual timer (PPI 27)
[boot] Timer interrupt initialized
[smp] CPU 0 MPIDR=0x80000000, stack_base=0x43000000
[smp] GICR covers 8 redistributors, probing CPUs 1..8
[smp] Probing secondary CPUs via PSCI...
[sm1p@1]A BCCDPEeFUG 11: PSCI CPU_ON success
[gi2c@]1 ABCIDECeCF_GC2TLR_EL1: 0x40400 -> 0x40402 (EOImode=1)
[smp] CPU 2: PSCI CPU_ON success
[gT1ic] IC3@C1_ABCCTDLERe_FEGL31: 0x40400 -> 0x40402 (EOImode=1)
[smp] CPU 3: PSCI CPU_ON success
[gic4@]1A BCIDECeCF_GC4TLR_EL1: 0x40400 -> 0x40402 (EOImode=1)
[smp] CPU 4: PSCI CPU_ON success
[gic5@1]AB CDIEeCFCG_C5TLR_EL1: 0x40400 -> 0x40402 (EOImode=1)
[smp] CPU 5: PSCI CPU_ON success
[gi6@c1A]BC DIEeFG6CC_CTLR_EL1: 0x40400 -> 0x40402 (EOImode=1)
[smp] CPU 6: PSCI CPU_ON success
[Tg2ic] 7I@C1ABCDCE_eCFGTL7R_EL1: 0x40400 -> 0x40402 (EOImode=1)
[smp] CPU 7: PSCI CPU_ON success
[gic] ICC_CTLR_EL1: 0x40400 -> 0x40402 (EOImode=1)
[smp] 8 CPUs online

========================================
  Breenix ARM64 Boot Complete!
========================================

Hello from ARM64!

[boot] Launching init from pre-loaded ELF...
T3manager.create_process_with_argv [ARM64]: ENTRY - name='init', elf_size=296824, argc=1
manager.create_process_with_argv [ARM64]: Generated PID 1
manager.create_process_with_argv [ARM64]: Creating ProcessPageTable
manager.create_process_with_argv [ARM64]: Loading ELF into page table
manager.create_process_with_argv [ARM64]: ELF loaded, entry=0x4000f1f0
manager.create_process_with_argv [ARM64]: Allocating user stack
manager.create_process_with_argv [ARM64]: User stack will be at 0xfffffeff0000-0xffffff000000
manager.create_process_with_argv [ARM64]: argc/argv set up on stack, SP=0xfffffefffed0
manager.create_process_with_argv [ARM64]: SUCCESS - returning PID 1
[ahci-poll-attrib] total=71 post_reg=69 pre_sched=69 post_sched=0
[boot] Reset 8 idle thread contexts (CPUs online: 8)
T4T5EL0_SYSCALL: First syscall from userspace (SPSR confirms EL0)
[ OK ] syscall path verified
[init] Breenix init starting (PID 1)
[freeze-watch] uptime_ms=1762 submits=62 completes=65 fails=0 last_completion_ms=80 fps_last_5s=0 cpu=6 tid=3 ctx_switches=21 timer_ticks_cpu0=5 timer_ticks_cpu1=404 timer_ticks_cpu2=403 timer_ticks_cpu3=404 timer_ticks_cpu4=403 timer_ticks_cpu5=403 timer_ticks_cpu6=404 timer_ticks_cpu7=402 rq_total=0 rq_cpu0=0 rq_cpu1=0 rq_cpu2=0 rq_cpu3=0 rq_cpu4=0 rq_cpu5=0 rq_cpu6=0 rq_cpu7=0 cur_cpu0=11 cur_cpu1=4 cur_cpu2=5 cur_cpu3=6 cur_cpu4=7 cur_cpu5=8 cur_cpu6=3 cur_cpu7=10 total_threads=11 blocked_threads=1 sched_lock=ok procmgr_lock=ok gpu_pci_lock=ok
[gpu-pci-lock-attrib] max_hold_ms=8 max_hold_holder_tid=-1
[wake-attrib] schedule=2 unblock=0 isr_unblock=7 wake_io=7 signal=0 child=0 timer=1
[enqueue-attrib] same_lock=1 deferred=3 isr_buf=7 deferred_drained=2 isr_buf_drained=6 already_queued=0 isr_buf_full=0
[freeze-watch] uptime_ms=2265 submits=62 completes=65 fails=0 last_completion_ms=80 fps_last_5s=0 cpu=6 tid=3 ctx_switches=23 timer_ticks_cpu0=5 timer_ticks_cpu1=809 timer_ticks_cpu2=809 timer_ticks_cpu3=811 timer_ticks_cpu4=809 timer_ticks_cpu5=810 timer_ticks_cpu6=809 timer_ticks_cpu7=810 rq_total=0 rq_cpu0=0 rq_cpu1=0 rq_cpu2=0 rq_cpu3=0 rq_cpu4=0 rq_cpu5=0 rq_cpu6=0 rq_cpu7=0 cur_cpu0=11 cur_cpu1=4 cur_cpu2=5 cur_cpu3=6 cur_cpu4=7 cur_cpu5=8 cur_cpu6=3 cur_cpu7=10 total_threads=11 blocked_threads=1 sched_lock=ok procmgr_lock=ok gpu_pci_lock=ok
[freeze-watch] uptime_ms=2768 submits=62 completes=65 fails=0 last_completion_ms=80 fps_last_5s=0 cpu=3 tid=3 ctx_switches=25 timer_ticks_cpu0=5 timer_ticks_cpu1=1215 timer_ticks_cpu2=1214 timer_ticks_cpu3=1217 timer_ticks_cpu4=1214 timer_ticks_cpu5=1216 timer_ticks_cpu6=1212 timer_ticks_cpu7=1216 rq_total=0 rq_cpu0=0 rq_cpu1=0 rq_cpu2=0 rq_cpu3=0 rq_cpu4=0 rq_cpu5=0 rq_cpu6=0 rq_cpu7=0 cur_cpu0=11 cur_cpu1=4 cur_cpu2=5 cur_cpu3=3 cur_cpu4=7 cur_cpu5=8 cur_cpu6=9 cur_cpu7=10 total_threads=11 blocked_threads=1 sched_lock=ok procmgr_lock=ok gpu_pci_lock=ok
[freeze-watch] uptime_ms=3270 submits=62 completes=65 fails=0 last_completion_ms=80 fps_last_5s=0 cpu=1 tid=3 ctx_switches=27 timer_ticks_cpu0=5 timer_ticks_cpu1=1619 timer_ticks_cpu2=1618 timer_ticks_cpu3=1620 timer_ticks_cpu4=1619 timer_ticks_cpu5=1621 timer_ticks_cpu6=1618 timer_ticks_cpu7=1622 rq_total=0 rq_cpu0=0 rq_cpu1=0 rq_cpu2=0 rq_cpu3=0 rq_cpu4=0 rq_cpu5=0 rq_cpu6=0 rq_cpu7=0 cur_cpu0=11 cur_cpu1=3 cur_cpu2=5 cur_cpu3=6 cur_cpu4=7 cur_cpu5=8 cur_cpu6=9 cur_cpu7=10 total_threads=11 blocked_threads=1 sched_lock=ok procmgr_lock=ok gpu_pci_lock=ok
[freeze-watch] uptime_ms=3773 submits=62 completes=65 fails=0 last_completion_ms=80 fps_last_5s=0 cpu=4 tid=3 ctx_switches=29 timer_ticks_cpu0=5 timer_ticks_cpu1=2022 timer_ticks_cpu2=2022 timer_ticks_cpu3=2024 timer_ticks_cpu4=2023 timer_ticks_cpu5=2024 timer_ticks_cpu6=2023 timer_ticks_cpu7=2025 rq_total=0 rq_cpu0=0 rq_cpu1=0 rq_cpu2=0 rq_cpu3=0 rq_cpu4=0 rq_cpu5=0 rq_cpu6=0 rq_cpu7=0 cur_cpu0=11 cur_cpu1=4 cur_cpu2=5 cur_cpu3=6 cur_cpu4=3 cur_cpu5=8 cur_cpu6=9 cur_cpu7=10 total_threads=11 blocked_threads=1 sched_lock=ok procmgr_lock=ok gpu_pci_lock=ok
[freeze-watch] uptime_ms=4275 submits=62 completes=65 fails=0 last_completion_ms=80 fps_last_5s=0 cpu=5 tid=3 ctx_switches=31 timer_ticks_cpu0=5 timer_ticks_cpu1=2425 timer_ticks_cpu2=2425 timer_ticks_cpu3=2428 timer_ticks_cpu4=2425 timer_ticks_cpu5=2428 timer_ticks_cpu6=2426 timer_ticks_cpu7=2429 rq_total=0 rq_cpu0=0 rq_cpu1=0 rq_cpu2=0 rq_cpu3=0 rq_cpu4=0 rq_cpu5=0 rq_cpu6=0 rq_cpu7=0 cur_cpu0=11 cur_cpu1=4 cur_cpu2=5 cur_cpu3=6 cur_cpu4=7 cur_cpu5=3 cur_cpu6=9 cur_cpu7=10 total_threads=11 blocked_threads=1 sched_lock=ok procmgr_lock=ok gpu_pci_lock=ok
[freeze-watch] uptime_ms=4777 submits=62 completes=65 fails=0 last_completion_ms=80 fps_last_5s=0 cpu=7 tid=3 ctx_switches=33 timer_ticks_cpu0=5 timer_ticks_cpu1=2831 timer_ticks_cpu2=2830 timer_ticks_cpu3=2833 timer_ticks_cpu4=2830 timer_ticks_cpu5=2832 timer_ticks_cpu6=2831 timer_ticks_cpu7=2835 rq_total=0 rq_cpu0=0 rq_cpu1=0 rq_cpu2=0 rq_cpu3=0 rq_cpu4=0 rq_cpu5=0 rq_cpu6=0 rq_cpu7=0 cur_cpu0=11 cur_cpu1=4 cur_cpu2=5 cur_cpu3=6 cur_cpu4=7 cur_cpu5=8 cur_cpu6=9 cur_cpu7=3 total_threads=11 blocked_threads=1 sched_lock=ok procmgr_lock=ok gpu_pci_lock=ok
[freeze-watch] uptime_ms=5279 submits=62 completes=65 fails=0 last_completion_ms=80 fps_last_5s=0 cpu=3 tid=3 ctx_switches=35 timer_ticks_cpu0=5 timer_ticks_cpu1=3237 timer_ticks_cpu2=3236 timer_ticks_cpu3=3238 timer_ticks_cpu4=3234 timer_ticks_cpu5=3237 timer_ticks_cpu6=3235 timer_ticks_cpu7=3240 rq_total=0 rq_cpu0=0 rq_cpu1=0 rq_cpu2=0 rq_cpu3=0 rq_cpu4=0 rq_cpu5=0 rq_cpu6=0 rq_cpu7=0 cur_cpu0=11 cur_cpu1=4 cur_cpu2=5 cur_cpu3=3 cur_cpu4=7 cur_cpu5=8 cur_cpu6=9 cur_cpu7=10 total_threads=11 blocked_threads=1 sched_lock=ok procmgr_lock=ok gpu_pci_lock=ok
[freeze-watch] uptime_ms=5781 submits=62 completes=65 fails=0 last_completion_ms=80 fps_last_5s=0 cpu=3 tid=3 ctx_switches=37 timer_ticks_cpu0=5 timer_ticks_cpu1=3645 timer_ticks_cpu2=3643 timer_ticks_cpu3=3647 timer_ticks_cpu4=3642 timer_ticks_cpu5=3646 timer_ticks_cpu6=3642 timer_ticks_cpu7=3647 rq_total=0 rq_cpu0=0 rq_cpu1=0 rq_cpu2=0 rq_cpu3=0 rq_cpu4=0 rq_cpu5=0 rq_cpu6=0 rq_cpu7=0 cur_cpu0=11 cur_cpu1=4 cur_cpu2=5 cur_cpu3=3 cur_cpu4=7 cur_cpu5=8 cur_cpu6=9 cur_cpu7=10 total_threads=11 blocked_threads=1 sched_lock=ok procmgr_lock=ok gpu_pci_lock=ok
[freeze-watch] uptime_ms=6284 submits=62 completes=65 fails=0 last_completion_ms=80 fps_last_5s=0 cpu=7 tid=0 ctx_switches=39 timer_ticks_cpu0=5 timer_ticks_cpu1=4054 timer_ticks_cpu2=4054 timer_ticks_cpu3=4056 timer_ticks_cpu4=4054 timer_ticks_cpu5=4059 timer_ticks_cpu6=4054 timer_ticks_cpu7=4060 rq_total=0 rq_cpu0=0 rq_cpu1=0 rq_cpu2=0 rq_cpu3=0 rq_cpu4=0 rq_cpu5=0 rq_cpu6=0 rq_cpu7=0 cur_cpu0=0 cur_cpu1=0 cur_cpu2=0 cur_cpu3=0 cur_cpu4=0 cur_cpu5=0 cur_cpu6=0 cur_cpu7=0 total_threads=0 blocked_threads=0 sched_lock=busy procmgr_lock=ok gpu_pci_lock=ok
[freeze-watch] uptime_ms=6787 submits=62 completes=65 fails=0 last_completion_ms=80 fps_last_5s=0 cpu=2 tid=3 ctx_switches=41 timer_ticks_cpu0=5 timer_ticks_cpu1=4461 timer_ticks_cpu2=4460 timer_ticks_cpu3=4460 timer_ticks_cpu4=4460 timer_ticks_cpu5=4462 timer_ticks_cpu6=4460 timer_ticks_cpu7=4462 rq_total=0 rq_cpu0=0 rq_cpu1=0 rq_cpu2=0 rq_cpu3=0 rq_cpu4=0 rq_cpu5=0 rq_cpu6=0 rq_cpu7=0 cur_cpu0=11 cur_cpu1=4 cur_cpu2=3 cur_cpu3=6 cur_cpu4=7 cur_cpu5=8 cur_cpu6=9 cur_cpu7=10 total_threads=11 blocked_threads=1 sched_lock=ok procmgr_lock=ok gpu_pci_lock=ok
[freeze-watch] uptime_ms=7290 submits=62 completes=65 fails=0 last_completion_ms=80 fps_last_5s=0 cpu=1 tid=3 ctx_switches=43 timer_ticks_cpu0=5 timer_ticks_cpu1=4868 timer_ticks_cpu2=4863 timer_ticks_cpu3=4866 timer_ticks_cpu4=4866 timer_ticks_cpu5=4869 timer_ticks_cpu6=4867 timer_ticks_cpu7=4869 rq_total=0 rq_cpu0=0 rq_cpu1=0 rq_cpu2=0 rq_cpu3=0 rq_cpu4=0 rq_cpu5=0 rq_cpu6=0 rq_cpu7=0 cur_cpu0=11 cur_cpu1=3 cur_cpu2=5 cur_cpu3=6 cur_cpu4=7 cur_cpu5=8 cur_cpu6=9 cur_cpu7=10 total_threads=11 blocked_threads=1 sched_lock=ok procmgr_lock=ok gpu_pci_lock=ok
[freeze-watch] uptime_ms=7792 submits=62 completes=65 fails=0 last_completion_ms=80 fps_last_5s=0 cpu=7 tid=3 ctx_switches=45 timer_ticks_cpu0=5 timer_ticks_cpu1=5276 timer_ticks_cpu2=5274 timer_ticks_cpu3=5275 timer_ticks_cpu4=5277 timer_ticks_cpu5=5279 timer_ticks_cpu6=5277 timer_ticks_cpu7=5279 rq_total=0 rq_cpu0=0 rq_cpu1=0 rq_cpu2=0 rq_cpu3=0 rq_cpu4=0 rq_cpu5=0 rq_cpu6=0 rq_cpu7=0 cur_cpu0=11 cur_cpu1=4 cur_cpu2=5 cur_cpu3=6 cur_cpu4=7 cur_cpu5=8 cur_cpu6=9 cur_cpu7=3 total_threads=11 blocked_threads=1 sched_lock=ok procmgr_lock=ok gpu_pci_lock=ok
[freeze-watch] uptime_ms=8295 submits=62 completes=65 fails=0 last_completion_ms=80 fps_last_5s=0 cpu=4 tid=3 ctx_switches=47 timer_ticks_cpu0=5 timer_ticks_cpu1=5679 timer_ticks_cpu2=5679 timer_ticks_cpu3=5680 timer_ticks_cpu4=5681 timer_ticks_cpu5=5683 timer_ticks_cpu6=5684 timer_ticks_cpu7=5684 rq_total=0 rq_cpu0=0 rq_cpu1=0 rq_cpu2=0 rq_cpu3=0 rq_cpu4=0 rq_cpu5=0 rq_cpu6=0 rq_cpu7=0 cur_cpu0=11 cur_cpu1=4 cur_cpu2=5 cur_cpu3=6 cur_cpu4=3 cur_cpu5=8 cur_cpu6=9 cur_cpu7=10 total_threads=11 blocked_threads=1 sched_lock=ok procmgr_lock=ok gpu_pci_lock=ok
[freeze-watch] uptime_ms=8797 submits=62 completes=65 fails=0 last_completion_ms=80 fps_last_5s=0 cpu=5 tid=3 ctx_switches=49 timer_ticks_cpu0=5 timer_ticks_cpu1=6082 timer_ticks_cpu2=6085 timer_ticks_cpu3=6085 timer_ticks_cpu4=6087 timer_ticks_cpu5=6087 timer_ticks_cpu6=6089 timer_ticks_cpu7=6090 rq_total=0 rq_cpu0=0 rq_cpu1=0 rq_cpu2=0 rq_cpu3=0 rq_cpu4=0 rq_cpu5=0 rq_cpu6=0 rq_cpu7=0 cur_cpu0=11 cur_cpu1=4 cur_cpu2=5 cur_cpu3=6 cur_cpu4=7 cur_cpu5=3 cur_cpu6=9 cur_cpu7=10 total_threads=11 blocked_threads=1 sched_lock=ok procmgr_lock=ok gpu_pci_lock=ok
[freeze-watch] uptime_ms=9300 submits=62 completes=65 fails=0 last_completion_ms=80 fps_last_5s=0 cpu=2 tid=3 ctx_switches=51 timer_ticks_cpu0=5 timer_ticks_cpu1=6486 timer_ticks_cpu2=6490 timer_ticks_cpu3=6489 timer_ticks_cpu4=6491 timer_ticks_cpu5=6490 timer_ticks_cpu6=6494 timer_ticks_cpu7=6494 rq_total=0 rq_cpu0=0 rq_cpu1=0 rq_cpu2=0 rq_cpu3=0 rq_cpu4=0 rq_cpu5=0 rq_cpu6=0 rq_cpu7=0 cur_cpu0=11 cur_cpu1=4 cur_cpu2=3 cur_cpu3=6 cur_cpu4=7 cur_cpu5=8 cur_cpu6=9 cur_cpu7=10 total_threads=11 blocked_threads=1 sched_lock=ok procmgr_lock=ok gpu_pci_lock=ok
[freeze-watch] uptime_ms=9803 submits=62 completes=65 fails=0 last_completion_ms=80 fps_last_5s=0 cpu=1 tid=3 ctx_switches=53 timer_ticks_cpu0=5 timer_ticks_cpu1=6894 timer_ticks_cpu2=6895 timer_ticks_cpu3=6897 timer_ticks_cpu4=6898 timer_ticks_cpu5=6897 timer_ticks_cpu6=6900 timer_ticks_cpu7=6900 rq_total=0 rq_cpu0=0 rq_cpu1=0 rq_cpu2=0 rq_cpu3=0 rq_cpu4=0 rq_cpu5=0 rq_cpu6=0 rq_cpu7=0 cur_cpu0=11 cur_cpu1=3 cur_cpu2=5 cur_cpu3=6 cur_cpu4=7 cur_cpu5=8 cur_cpu6=9 cur_cpu7=10 total_threads=11 blocked_threads=1 sched_lock=ok procmgr_lock=ok gpu_pci_lock=ok
[freeze-watch] uptime_ms=10305 submits=62 completes=65 fails=0 last_completion_ms=80 fps_last_5s=0 cpu=2 tid=3 ctx_switches=55 timer_ticks_cpu0=5 timer_ticks_cpu1=7299 timer_ticks_cpu2=7301 timer_ticks_cpu3=7301 timer_ticks_cpu4=7303 timer_ticks_cpu5=7303 timer_ticks_cpu6=7305 timer_ticks_cpu7=7304 rq_total=0 rq_cpu0=0 rq_cpu1=0 rq_cpu2=0 rq_cpu3=0 rq_cpu4=0 rq_cpu5=0 rq_cpu6=0 rq_cpu7=0 cur_cpu0=11 cur_cpu1=4 cur_cpu2=3 cur_cpu3=6 cur_cpu4=7 cur_cpu5=8 cur_cpu6=9 cur_cpu7=10 total_threads=11 blocked_threads=1 sched_lock=ok procmgr_lock=ok gpu_pci_lock=ok
[freeze-watch] uptime_ms=15307 submits=62 completes=65 fails=0 last_completion_ms=80 fps_last_5s=0 cpu=6 tid=3 ctx_switches=57 timer_ticks_cpu0=5 timer_ticks_cpu1=11340 timer_ticks_cpu2=11342 timer_ticks_cpu3=11341 timer_ticks_cpu4=11346 timer_ticks_cpu5=11349 timer_ticks_cpu6=11350 timer_ticks_cpu7=11346 rq_total=0 rq_cpu0=0 rq_cpu1=0 rq_cpu2=0 rq_cpu3=0 rq_cpu4=0 rq_cpu5=0 rq_cpu6=0 rq_cpu7=0 cur_cpu0=11 cur_cpu1=4 cur_cpu2=5 cur_cpu3=6 cur_cpu4=7 cur_cpu5=8 cur_cpu6=3 cur_cpu7=10 total_threads=11 blocked_threads=1 sched_lock=ok procmgr_lock=ok gpu_pci_lock=ok
[freeze-watch] uptime_ms=20310 submits=62 completes=65 fails=0 last_completion_ms=80 fps_last_5s=0 cpu=4 tid=3 ctx_switches=59 timer_ticks_cpu0=5 timer_ticks_cpu1=15382 timer_ticks_cpu2=15383 timer_ticks_cpu3=15390 timer_ticks_cpu4=15390 timer_ticks_cpu5=15393 timer_ticks_cpu6=15402 timer_ticks_cpu7=15393 rq_total=0 rq_cpu0=0 rq_cpu1=0 rq_cpu2=0 rq_cpu3=0 rq_cpu4=0 rq_cpu5=0 rq_cpu6=0 rq_cpu7=0 cur_cpu0=11 cur_cpu1=4 cur_cpu2=5 cur_cpu3=6 cur_cpu4=3 cur_cpu5=8 cur_cpu6=9 cur_cpu7=10 total_threads=11 blocked_threads=1 sched_lock=ok procmgr_lock=ok gpu_pci_lock=ok
[freeze-watch] uptime_ms=25312 submits=62 completes=65 fails=0 last_completion_ms=80 fps_last_5s=0 cpu=2 tid=3 ctx_switches=61 timer_ticks_cpu0=5 timer_ticks_cpu1=19379 timer_ticks_cpu2=19378 timer_ticks_cpu3=19385 timer_ticks_cpu4=19384 timer_ticks_cpu5=19387 timer_ticks_cpu6=19398 timer_ticks_cpu7=19388 rq_total=0 rq_cpu0=0 rq_cpu1=0 rq_cpu2=0 rq_cpu3=0 rq_cpu4=0 rq_cpu5=0 rq_cpu6=0 rq_cpu7=0 cur_cpu0=11 cur_cpu1=4 cur_cpu2=3 cur_cpu3=6 cur_cpu4=7 cur_cpu5=8 cur_cpu6=9 cur_cpu7=10 total_threads=11 blocked_threads=1 sched_lock=ok procmgr_lock=ok gpu_pci_lock=ok
[freeze-watch] uptime_ms=30315 submits=62 completes=65 fails=0 last_completion_ms=80 fps_last_5s=0 cpu=4 tid=3 ctx_switches=63 timer_ticks_cpu0=5 timer_ticks_cpu1=23403 timer_ticks_cpu2=23401 timer_ticks_cpu3=23408 timer_ticks_cpu4=23401 timer_ticks_cpu5=23409 timer_ticks_cpu6=23418 timer_ticks_cpu7=23408 rq_total=0 rq_cpu0=0 rq_cpu1=0 rq_cpu2=0 rq_cpu3=0 rq_cpu4=0 rq_cpu5=0 rq_cpu6=0 rq_cpu7=0 cur_cpu0=11 cur_cpu1=4 cur_cpu2=5 cur_cpu3=6 cur_cpu4=3 cur_cpu5=8 cur_cpu6=9 cur_cpu7=10 total_threads=11 blocked_threads=1 sched_lock=ok procmgr_lock=ok gpu_pci_lock=ok
[freeze-watch] uptime_ms=35317 submits=62 completes=65 fails=0 last_completion_ms=80 fps_last_5s=0 cpu=1 tid=3 ctx_switches=65 timer_ticks_cpu0=5 timer_ticks_cpu1=27415 timer_ticks_cpu2=27412 timer_ticks_cpu3=27417 timer_ticks_cpu4=27409 timer_ticks_cpu5=27420 timer_ticks_cpu6=27428 timer_ticks_cpu7=27419 rq_total=0 rq_cpu0=0 rq_cpu1=0 rq_cpu2=0 rq_cpu3=0 rq_cpu4=0 rq_cpu5=0 rq_cpu6=0 rq_cpu7=0 cur_cpu0=11 cur_cpu1=3 cur_cpu2=5 cur_cpu3=6 cur_cpu4=7 cur_cpu5=8 cur_cpu6=9 cur_cpu7=10 total_threads=11 blocked_threads=1 sched_lock=ok procmgr_lock=ok gpu_pci_lock=ok
[gpu-pci-lock-attrib] max_hold_ms=8 max_hold_holder_tid=-1
[wake-attrib] schedule=2 unblock=0 isr_unblock=7 wake_io=7 signal=0 child=0 timer=23
[enqueue-attrib] same_lock=23 deferred=3 isr_buf=7 deferred_drained=2 isr_buf_drained=6 already_queued=0 isr_buf_full=0

!!! CPU0 REGRESSION ALARM !!!
CPU0 tick_count = 5, max peer = 30000
See docs/planning/cpu0-user-guard-autopsy/README.md

========================================
  KERNEL PANIC!
========================================
panicked at kernel/src/arch_impl/aarch64/timer_interrupt.rs:598:17:
CPU0 timer regression: tick_count=5 but peer max=30000; read docs/planning/cpu0-user-guard-autopsy/README.md before touching anything


!!! CPU0 REGRESSION ALARM !!!
CPU0 tick_count = 5, max peer = 30000
See docs/planning/cpu0-user-guard-autopsy/README.md

========================================
  KERNEL PANIC!
========================================
panicked 
a!t! ! kCPeUr0 nREeGRlE/SSIOsN rALcA/RMa !r!c!
hCP_Ui0 mtipck_lco/uant = 5a, rmax cpeher6 =4 3/00t00i
mSeee dorcs_/pliannnitnegr/crpuu0p-utse.r-rgus:598:17:
arCd-PauUto0ps y/RtEAiDMmEe.mrd
 regression: tick_count=5 but peer max=30000; read docs/planning/cpu0-user-guard-autopsy/README.md before touching anything


========================================
  KERNEL PANIC!
========================================
panicked at kernel/src/arch_impl/aarch64/timer_interrupt.rs:598:17:
CPU0 timer regression: tick_count=5 but peer max=30000; read docs/planning/cpu0-user-guard-autopsy/README.md before touching anything


!!! CPU0 REGRESSION ALARM !!!
CPU0 tick_count = 5, max peer = 30000
See docs/planning/cpu0-user-guard-autopsy/README.md

========================================
  KERNEL PANIC!
========================================
panicked at kernel/src/arch_impl/aarch6
!4/!! CPU0 REGREStSIOiN mAeLArR_Mi !!!
nCtPUer0 tickrupt_count. =r 5, msax :pe5er = 30000
S9ee8 :17d:o
cs/plaCnninPg/Ucp0u0 tim-ueser-guarrd-aut opsregyr/eRsEADsMEi.mod
n: tick_count=5 but peer max=30000; r
e!ad!! CPU d0o RcEGRESSION ALARM !!s!
/CPU0p ltick_acnounnti n= g5,/ max peer c= 3p00u00-0
See docs/planninug/scpeu0-ruser-guard--augutardopsy-a/READMEu.mtodp
sy/README.md before touching anything


========================================
  KERNEL PANIC!
========================================
panicked at kernel/src/arch_impl/aarch64/timer_interrupt.rs:598:17:
CPU0 timer regression: tick_count=5 but peer max=30000; read docs/planning/cpu0-user-guard-autopsy/README.md before touching anything


========================================
  KERNEL PANIC!
========================================
panicked at kernel/src/arch_impl/aarch64/timer_interrupt.rs:598:17:
CPU0 timer regression: tick_count=5 but peer max=30000; read docs/planning/cpu0-user-guard-autopsy/README
.!!! CPmU0 dRE GRESSbIeOfNo AreL AtRoM !!!
CPUu0 cthiick_ncount =g 5 ,a mnyaxt peheri ng
= 
30000
See docs/planning/cpu0-user-guard-autopsy/README.md

========================================
  KERNEL PANIC!
========================================
panicked at kernel/src/arch_impl/aarch64/timer_interrupt.rs:598:17:
CPU0 timer regression: tick_count=5 but peer max=30000; read docs/planning/cpu0-user-guard-autopsy/README.md before touching anything

