[ram] 6 regions:
[ram]   0x40000000 - 0xffff0000 (3071 MB)
[ram]   0x100000000 - 0x140000000 (1024 MB)
[ram]   0x140025000 - 0x23be0f000 (4029 MB)
[ram]   0x23c000000 - 0x23c020000 (0 MB)
[ram]   0x23c080000 - 0x23f550000 (52 MB)
[ram]   0x23f930000 - 0x240000000 (6 MB)
[kern] entry_phys=0x400998c4 load=0x40080000-0x50104000
[gop-serial] UART: base=0x2110000 type=0 (PL011)
[gop-serial] Enumerating GOP display modes:
[gop-serial]   Mode 0: 1024x768 format=BGR
[gop-serial] 1 modes total, best=786432 pixels
[gop-serial] Already at best mode: 1024x768
[gop-serial] Selected: 1024x768 stride=1024 base=0x10000000 size=0x300000
ZZ00000000400998c4BDMTIVL!J>12KPHEOS
========================================
  Breenix ARM64 Kernel Starting
  BUILD_ID: 006a0df53c0ba3
========================================

[boot] DIAG_MARKER_XHCI_A
[boot] DIAG_MARKER_XHCI_B
[boot] DIAG_MARKER_XHCI_C
[boot] loader xhci_hcrst_raw=0x0 ecam=0x2300000
[boot] Current exception level: EL1
[boot] MMU already enabled (high-half kernel)
[boot] Initializing memory management (0x44000000-0x50000000)...
[boot] Memory management ready
[boot] Initializing Generic Timer...
[boot] Timer frequency: 24000000 Hz (24 MHz)
[boot] Initializing PL031 RTC...
[boot] Current timestamp: 24651011
[boot] Initializing GIC...
[gic] GICR probe 0x02500000: WAKER=0x00000000 <<< VALID
[gic] GICD_CTLR wrote 0x53, readback=0x53
[gic] GICR_IGROUPR0: wrote 0xFFFFFFFF, readback=0xffffffff
[gic] ICC_CTLR_EL1: 0x40400 -> 0x40402 (EOImode=1)
[boot] GIC initialized (version 3)
[boot] Enabling UART interrupts...
[boot] Enabling GIC IRQ 33 (UART0)...
[uart] IMSC: 0x0 -> 0x50 (verify: 0x50)
[uart] FR=0x90 (RXFE=1), RIS=0x20
[gic] IRQ 33 state (GICv3):
  enabled=true, group1=true, pending=false
  priority=0xa0, GICD_CTLR=0x53
  ICC_PMR=0xf0
[boot] UART interrupts enabled
[boot] Enabling interrupts...
[boot] Interrupts enabled: true
[boot] Initializing device drivers...
[drivers] Initializing driver subsystem...
[drivers] PCI ECAM at 0x2300000, enumerating PCI bus...
[drivers] Found 7 PCI devices
[pci] 00:01.0 [8086:293e] class=04/03
[pci]   BAR0: 0x18008000 (16384)
[pci] 00:02.0 [8086:265c] class=0c/03
[pci]   BAR0: 0x18012000 (4096)
[pci]   BAR1: 0x0 (4096)
[pci]   BAR2: 0x0 (4096)
[pci]   BAR3: 0x0 (4096)
[pci]   BAR4: 0x0 (4096)
[pci]   BAR5: 0x0 (4096)
[pci] 00:03.0 [1033:0194] class=0c/03
[pci]   BAR0: 0x18011000 (4096)
[pci]   BAR1: 0x0 (4096)
[pci]   BAR2: 0x0 (4096)
[pci]   BAR3: 0x0 (4096)
[pci]   BAR4: 0x0 (4096)
[pci]   BAR5: 0x0 (4096)
[pci] 00:05.0 [1af4:1000] class=02/00
[pci]   BAR0: 0x18010000 (4096)
[pci]   BAR1: 0x1800f000 (4096)
[pci] 00:09.0 [1ab8:4000] class=ff/00
[pci]   BAR0: 0x1800e000 (4096)
[pci] 00:0a.0 [1af4:1050] class=03/00
[pci]   BAR0: 0x10000000 (134217728)
[pci]   BAR1: 0x1800d000 (4096)
[pci]   BAR4: 0x18004000 (16384)
[pci] 00:0e.0 [1af4:1053] class=07/80
[pci]   BAR1: 0x1800c000 (4096)
[pci]   BAR4: 0x18000000 (16384)
[drivers] Found 2 VirtIO PCI devices
[virtio-gpu-pci] Device features: 0x0000000100000001
[virtio-gpu-pci] VIRGL offered: true
[virtio-gpu-pci] Negotiated: 0x0000000100000001 (VIRGL=true)
[virtio-gpu-pci] VIRGL_ENABLED stored=true, readback=true, addr=0xffff0000412f00c0
[pci] 00:0a.0: capabilities:
  cap 0x11 (MSI-X) @ 0xb0: dw0=0x0001bc11 dw1=0x00000001
  cap 0x09 (?) @ 0xbc: dw0=0x0410cc09 dw1=0x00000004
  cap 0x09 (?) @ 0xcc: dw0=0x0310dc09 dw1=0x00000004
  cap 0x09 (?) @ 0xdc: dw0=0x0214f009 dw1=0x00000004
  cap 0x09 (?) @ 0xf0: dw0=0x01100009 dw1=0x00000004
[gicv2m] MSI_TYPER raw=0x80350040 -> base_spi=53, num_spi=64
[virtio-gpu-pci] MSI-X cap at 0xb0: 2 vectors
[virtio-gpu-pci] MSI-X enabled: config_spi=53 queue_spi=54 doorbell=0x2250040 vectors=2
[virtio-gpu-pci] config_msix_vector: wrote=0x0 readback=0x0
[virtio-gpu-pci] Device has 2 queues
[virtio-gpu-pci] Queue 0 msix_vector: wrote=0x1 readback=0x1
[virtio-gpu-pci] Queue 1 msix_vector: wrote=0x1 readback=0x1
[virtio-gpu-pci] Cursor queue (q1) set up: size=16
[virtio-gpu-pci] Config: num_scanouts=16, num_capsets=1
[virtio-gpu-pci] MSI-X active: config_spi=53 queue_spi=54 queue_vector=1
[virtio-gpu-pci] Capset 0: id=2, max_ver=2, max_size=768
[virtio-gpu-pci] GET_CAPSET(id=2, ver=2): resp=0x1103
[virtio-gpu-pci] Display reports: 1024x768
[virtio-gpu-pci] Resolution: 1280x960 (display=1024x768, GOP=1024x768, min=1280x960)
[virtio-gpu-pci] 2D resource created and scanout set
[virtio-gpu-pci] Initialized: 1280x960
[drivers] VirtIO GPU (PCI) initialized
[virgl] Initializing VirGL 3D pipeline...
[virgl] 3D framebuffer backing: heap ptr=0xffff0000502e2000, phys=0x502e2000, size=4915200
[virgl] Step 1: context created
[virgl] Step 2: 3D resource created (1280x960, bind=0x0014000a)
[virgl] attach_backing: phys=0x502e2000, len=4915200, nr_pages=1200
[virgl] attach_backing: sending 3-desc chain: hdr=0x412f0200(32B), entries=0x50792000(19200B)
[virgl] attach_backing: OK (1200 pages attached)
[virgl] Step 3: backing attached
[virgl] Step 4: resource attached to context
[virgl] Step 5: resource primed
[virgl] SUBMIT_3D OK: id=1 used_len=0 resp_flags=0x1 resp_fence=1
[virgl] Step 6: VirGL CLEAR (cornflower blue)
[virgl] Step 7: SET_SCANOUT + RESOURCE_FLUSH done
[virgl] Step 7: VB resource created (no backing, INLINE_WRITE only)
[virgl-composite] Texture backing: heap ptr=0xffff000050792000, phys=0x50792000, 1280x960 (4915200B, 1200 pages)
[virgl] attach_backing: phys=0x50792000, len=4915200, nr_pages=1200
[virgl] attach_backing: sending 3-desc chain: hdr=0x412f0200(32B), entries=0x50c42000(19200B)
[virgl] attach_backing: OK (1200 pages attached)
[virgl-composite] Texture resource initialized (id=5)
[virgl] attach_backing: phys=0x50c42000, len=4915200, nr_pages=1200
[virgl] attach_backing: sending 3-desc chain: hdr=0x412f0200(32B), entries=0x510f2000(19200B)
[virgl] attach_backing: OK (1200 pages attached)
[virgl-pool] Pre-allocated slot=0 res_id=10 1280x960
[virgl] attach_backing: phys=0x510f2000, len=4915200, nr_pages=1200
[virgl] attach_backing: sending 3-desc chain: hdr=0x412f0200(32B), entries=0x515a2000(19200B)
[virgl] attach_backing: OK (1200 pages attached)
[virgl-pool] Pre-allocated slot=1 res_id=11 1280x960
[virgl] attach_backing: phys=0x515a2000, len=4915200, nr_pages=1200
[virgl] attach_backing: sending 3-desc chain: hdr=0x412f0200(32B), entries=0x51a52000(19200B)
[virgl] attach_backing: OK (1200 pages attached)
[virgl-pool] Pre-allocated slot=2 res_id=12 1280x960
[virgl] attach_backing: phys=0x51a52000, len=4915200, nr_pages=1200
[virgl] attach_backing: sending 3-desc chain: hdr=0x412f0200(32B), entries=0x51f02000(19200B)
[virgl] attach_backing: OK (1200 pages attached)
[virgl-pool] Pre-allocated slot=3 res_id=13 1280x960
[virgl] attach_backing: phys=0x51f02000, len=4915200, nr_pages=1200
[virgl] attach_backing: sending 3-desc chain: hdr=0x412f0200(32B), entries=0x523b2000(19200B)
[virgl] attach_backing: OK (1200 pages attached)
[virgl-pool] Pre-allocated slot=4 res_id=14 1280x960
[virgl] attach_backing: phys=0x523b2000, len=4915200, nr_pages=1200
[virgl] attach_backing: sending 3-desc chain: hdr=0x412f0200(32B), entries=0x52862000(19200B)
[virgl] attach_backing: OK (1200 pages attached)
[virgl-pool] Pre-allocated slot=5 res_id=15 1280x960
[virgl] attach_backing: phys=0x52862000, len=4915200, nr_pages=1200
[virgl] attach_backing: sending 3-desc chain: hdr=0x412f0200(32B), entries=0x52d12000(19200B)
[virgl] attach_backing: OK (1200 pages attached)
[virgl-pool] Pre-allocated slot=6 res_id=16 1280x960
[virgl] attach_backing: phys=0x52d12000, len=4915200, nr_pages=1200
[virgl] attach_backing: sending 3-desc chain: hdr=0x412f0200(32B), entries=0x531c2000(19200B)
[virgl] attach_backing: OK (1200 pages attached)
[virgl-pool] Pre-allocated slot=7 res_id=17 1280x960
[virgl] attach_backing: phys=0x531c2000, len=8192, nr_pages=2
[virgl] attach_backing: sending 3-desc chain: hdr=0x412f0200(32B), entries=0x502e0040(32B)
[virgl] attach_backing: OK (2 pages attached)
[virgl-cursor] Cursor texture initialized (id=6, 16x80, 5 shapes)
[virgl] attach_backing: phys=0x531c4000, len=4096, nr_pages=1
[virgl] attach_backing: sending 3-desc chain: hdr=0x412f0200(32B), entries=0x502e0040(16B)
[virgl] attach_backing: OK (1 pages attached)
[virgl-dimmer] Dimmer texture initialized (id=7, 4x4)
[virgl] Step 8: Compositor texture initialized
[virgl] Step 9: full pipeline+draw batch (191 DWORDs)
[virgl] SUBMIT_3D OK: id=2 used_len=0 resp_flags=0x1 resp_fence=2
[virgl] Step 10: SET_SCANOUT + RESOURCE_FLUSH
[virgl] VirGL 3D pipeline initialized successfully
[drivers] VirGL 3D acceleration active
[drivers] Compositor backend: VirGL
[virtio-gpu-pci] GPU command waits use scheduler waitqueue
[virtio-net-pci] Searching for VirtIO network device on PCI bus...
[virtio-net-pci] Found at 00:05.0 [1af4:1000]
[virtio-net-pci] BAR0: phys=0x18010000 virt=0xffff000018010000 size=4096
[virtio-net-pci] Device features: 0x6187bfa3
[virtio-net-pci] MAC: 00:1c:42:6a:ee:48
[virtio-net-pci] Queue 0 max size: 256
[virtio-net-pci] Queue 0 PFN=0x402da (phys=0x402da000)
[virtio-net-pci] Queue 1 max size: 256
[virtio-net-pci] Queue 1 PFN=0x402dd (phys=0x402dd000)
[pci] 00:05.0: capabilities:
  cap 0x10 (PCIe) @ 0x48: dw0=0x00024010 dw1=0x00000fc0
  cap 0x01 (PM) @ 0x40: dw0=0x0022f401 dw1=0x00000000
  cap 0x11 (MSI-X) @ 0xf4: dw0=0x00020011 dw1=0x00000001
[virtio-net-pci] MSI-X cap at 0xf4: 3 vectors
[virtio-net-pci] MSI-X vector assignments: cfg=0xffff rx=0x0
[virtio-net-pci] MSI-X enabled: SPI 55 doorbell=0x2250040 vectors=3
[virtio-net-pci] Network device initialized successfully
[drivers] VirtIO network (PCI) initialized
[drivers] SVGA3 init skipped: SVGA3 device not found
[drivers] Found XHCI at 00:03.0 [1033:0194]
[xhci] DMA addrs: DCBAA=0x40263000 CMD_RING=0x40264000 EVT_RING=0x40274000 ERST=0x40332340
[xhci] Regs: USBCMD=0x5 USBSTS=0x0 CRCR=0x0 DCBAAP=0x40263000
[xhci] IR0: IMAN=0x2 ERDP=0x40274000 ERSTBA=0x40332340
[xhci] Port scan: 14 ports
[xhci]   port 1: PORTSC=0x00021203 CCS=1 PED=1 speed=4
[xhci]   port 2: PORTSC=0x00021203 CCS=1 PED=1 speed=4
[xhci]   port 3: PORTSC=0x00021203 CCS=1 PED=1 speed=4
[xhci]   port 4: PORTSC=0x000002a0 CCS=0 PED=0 speed=0
[xhci]   port 5: PORTSC=0x000002a0 CCS=0 PED=0 speed=0
[xhci]   port 6: PORTSC=0x000002a0 CCS=0 PED=0 speed=0
[xhci]   port 7: PORTSC=0x000002a0 CCS=0 PED=0 speed=0
[xhci]   port 8: PORTSC=0x000002a0 CCS=0 PED=0 speed=0
[xhci]   port 9: PORTSC=0x000002a0 CCS=0 PED=0 speed=0
[xhci]   port 10: PORTSC=0x000002a0 CCS=0 PED=0 speed=0
[xhci]   port 11: PORTSC=0x000002a0 CCS=0 PED=0 speed=0
[xhci]   port 12: PORTSC=0x000002a0 CCS=0 PED=0 speed=0
[xhci]   port 13: PORTSC=0x000002a0 CCS=0 PED=0 speed=0
[xhci]   port 14: PORTSC=0x000002a0 CCS=0 PED=0 speed=0
[xhci] port 1 connected: PORTSC=0x00001203 PED=1 speed=4
[xhci] port 1 EnableSlot -> slot 1
[xhci] port 1 AddressDevice OK (slot 1)
[xhci] slot1: vid=0x203a pid=0xfffc class=0x00/0x00/0x00
[xhci] slot1 iface0: class=0x03 sub=0x00 proto=0x02 numEP=1
[xhci] HID iface: proto=2 subclass=0 -> mouse (hid_idx=1)
[xhci] slot1 iface1: class=0x03 sub=0x00 proto=0x02 numEP=1
[xhci] HID iface: proto=2 subclass=0 -> mouse (hid_idx=3)
[xhci] port 2 connected: PORTSC=0x00001203 PED=1 speed=4
[xhci] port 2 EnableSlot -> slot 2
[xhci] port 2 AddressDevice OK (slot 2)
[xhci] slot2: vid=0x203a pid=0xfffb class=0x00/0x00/0x00
[xhci] slot2 iface0: class=0x03 sub=0x01 proto=0x01 numEP=1
[xhci] HID iface: proto=1 subclass=1 -> keyboard (hid_idx=0)
[xhci] slot2 iface1: class=0x03 sub=0x00 proto=0x00 numEP=1
[xhci] HID iface: proto=0 subclass=0 -> NKRO (hid_idx=2)
[xhci] port 3 connected: PORTSC=0x00001203 PED=1 speed=4
[xhci] port 3 EnableSlot -> slot 3
[xhci] port 3 AddressDevice OK (slot 3)
[xhci] slot3: vid=0x203a pid=0xfff9 class=0xef/0x02/0x01
[xhci] slot3 iface0: class=0x0e sub=0x01 proto=0x00 numEP=0
[xhci] slot3 iface1: class=0x0e sub=0x02 proto=0x00 numEP=1
[xhci] start_hid_polling: kbd=slot2/dci3 nkro=dci5 mouse=slot1/dci3 mouse2=dci5
[xhci] Initialized: 32 slots, MSI irq=56
[drivers] XHCI USB controller initialized
[ahci] Platform AHCI at phys 0x2140000, virt 0xffff000002140000
[ahci] HBA version 1.256, 6 ports, 32 cmd slots, PI=0x0000003f
[ahci] Port 0: Sata, 131072 sectors (64 MB)
[ahci] Port 1: Sata, 524288 sectors (256 MB)
[ahci] IRQ probe: using port 0 dma_index 0
[ahci] IRQ probe: ISPENDR before=[0x01000000, 0x00000000, 0x00000000] after=[0x01000004, 0x00000000, 0x00000000]
[ahci] IRQ probe: PORT_IS=0x00000001 (should have D2H bit set)
[ahci] Platform IRQ probe: discovered SPI 34
[ahci] Platform IRQ enabled: SPI 34 (wired, level-triggered, CPU0)
[drivers] AHCI initialized (platform MMIO): 2 SATA device(s)
[drivers] Driver subsystem initialized (PCI)
[boot] Found 7 devices
[drivers] Running post-init self-tests...
[virtio-blk] Testing read of sector 0...
[drivers] VirtIO block test failed: Block device not initialized
[boot] Initializing network stack...
[net] Initializing network stack...
[net] Using VirtIO net PCI driver (Parallels)
[net] MAC address: 00:1c:42:6a:ee:48
NET: IP address: 10.211.55.100
NET: Gateway: 10.211.55.1
Network stack initialized
NET: Sending ARP request for gateway 10.211.55.1
ARP request sent successfully
[virtio-net-pci] RX diag: used_idx=1 last_used=0 avail_idx=4 isr=0x0 msi_count=0
[virtio-net-pci] RX diag: used_idx=1 last_used=1 avail_idx=8 isr=0x0 msi_count=0
NET: ARP resolved gateway MAC: 00:1c:42:00:00:18
NET: Sending ICMP echo request to gateway 10.211.55.1
[net] ICMP echo reply received from 10.211.55.1 seq=1
NET: Network initialization complete
[virtio-net-pci] MSI-X SPI 55 enabled (post-init)
[boot] Initializing filesystem...
[ext2] No VirtIO block device, trying AHCI...
[ext2] AHCI device 0: 131072 sectors (64 MB)
[ext2] AHCI device 0: not ext2 (magic=0x0064)
[ext2] AHCI device 1: 524288 sectors (256 MB)
[ext2] Found ext2 superblock on AHCI device 1
[boot] ext2 root filesystem mounted
[boot] No home filesystem: No home block device available (expected at device index 3 or 1) (continuing)
[boot] devfs initialized at /dev
[boot] devptsfs initialized at /dev/pts
[boot] CPU detected: ARM Unknown
[boot] procfs initialized at /proc
[boot] TTY subsystem initialized
[boot] Initializing graphics...
[boot] VirGL active — skipping GOP framebuffer init (2D resource already set up in gpu_pci::init)
[boot] FB_INFO_CACHE populated for VirGL display (1280x960)
[boot] USB HID input active via XHCI (polled from timer)
[boot] Initializing per-CPU data...
[boot] Per-CPU data initialized
[boot] Initializing process manager...
[boot] Process manager initialized
[boot] Initializing scheduler...
[boot] Scheduler initialized
[boot] Workqueue subsystem initialized
[boot] Softirq subsystem initialized
[boot] Render thread skipped — VirGL owns the display
[boot] Tracing subsystem initialized and enabled
[boot] Pre-loading /sbin/init from ext2 (before timer)...
[boot] Init binary pre-loaded: 296760 bytes
[xhci] activate_msi_if_ready: source=system-ready spi=56 DIAG_SPI_ENABLE_COUNT=1
[xhci] post-activation: MSI_EVENT_COUNT=1 EVENT_COUNT=0 POLL_COUNT=0 SPI_ACTIVATED=true
[boot] Initializing timer interrupt...
[timer] Timer configured for ~1000 Hz (24000 ticks per interrupt)
[timer] Using virtual timer (PPI 27)
[boot] Timer interrupt initialized
[smp] CPU 0 MPIDR=0x80000000, stack_base=0x43000000
[smp] GICR covers 8 redistributors, probing CPUs 1..8
[smp] Probing secondary CPUs via PSCI...
[smp1@]1A BCDEeFCGPU 11: PSCI CPU_ON success
[gic2]@1 AICBCDECe_FGCT2LR_EL1: 0x40400 -> 0x40402 (EOImode=1)
[gic] ICC_CTLR_EL1: 0x40400 -> 0x40402 (EOImode=1)
[smp] CPU 2: PSCI CPU_ON success
T1[3s@1mApBC]DE eFCGP3U 3: PSCI CPU_ON success
[g4i@1cA]BC DEIeFCGC4_CTLR_EL1: 0x40400 -> 0x40402 (EOImode=1)
[smp] CPU 4: PSCI CPU_ON success
[gi5@c1A]BC DEIeCFGC_5CTLR_EL1: 0x40400 -> 0x40402 (EOImode=1)
[gic] ICC_CTLR_EL1: 0x40400 -> 0x40402 (EOImode=1)
[smp] CPU 5: PSCI CPU_ON success
[s6m@1pAB]CD ECeFPGU6 6: PSCI CPU_ON success
[gic7@1] ABICDCECeF_GCT7LR_EL1: 0x40400 -> 0x40402 (EOImode=1)
[gic] ICC_CTLR_EL1: 0x40400 -> 0x40402 (EOImode=1)
[smp] CPU 7: PSCI CPU_ON success
T2[smp] 8 CPUs online

========================================
  Breenix ARM64 Boot Complete!
========================================

Hello from ARM64!

[boot] Launching init from pre-loaded ELF...
manager.create_process_with_argv [ARM64]: ENTRY - name='init', elf_size=296760, argc=1
manager.create_process_with_argv [ARM64]: Generated PID 1
manager.create_process_with_argv [ARM64]: Creating ProcessPageTable
manager.create_process_with_argv [ARM64]: Loading ELF into page table
manager.create_process_with_argv [ARM64]: ELF loaded, entry=0x4000f1f0
manager.create_process_with_argv [ARM64]: Allocating user stack
manager.create_process_with_argv [ARM64]: User stack will be at 0xfffffeff0000-0xffffff000000
manager.create_process_with_argv [ARM64]: argc/argv set up on stack, SP=0xfffffefffed0
manager.create_process_with_argv [ARM64]: SUCCESS - returning PID 1
[ahci-poll-attrib] total=72 post_reg=70 pre_sched=70 post_sched=0
[boot] Reset 8 idle thread contexts (CPUs online: 8)
T3T4EL0_SYSCALL: First syscall from userspace (SPSR confirms EL0)
[ OK ] syscall path verified
[init] Breenix init starting (PID 1)
T5[spawn] path='/bin/heartbeat'
T6T7T8T9T0manager.create_process_with_argv [ARM64]: ENTRY - name='heartbeat', elf_size=290104, argc=1
manager.create_process_with_argv [ARM64]: Generated PID 2
manager.create_process_with_argv [ARM64]: Creating ProcessPageTable
manager.create_process_with_argv [ARM64]: Loading ELF into page table
manager.create_process_with_argv [ARM64]: ELF loaded, entry=0x4000edac
manager.create_process_with_argv [ARM64]: Allocating user stack
manager.create_process_with_argv [ARM64]: User stack will be at 0xfffffeff0000-0xffffff000000
manager.create_process_with_argv [ARM64]: argc/argv set up on stack, SP=0xfffffefffed0
manager.create_process_with_argv [ARM64]: SUCCESS - returning PID 2
[spawn] Created child PID 2 for parent PID 1
[spawn] Success: child PID 2 scheduled
[heartbeat] tid=12 uptime_ms=1289
[spawn] path='/bin/xhci_counters'
manager.create_process_with_argv [ARM64]: ENTRY - name='xhci_counters', elf_size=292248, argc=1
manager.create_process_with_argv [ARM64]: Generated PID 3
manager.create_process_with_argv [ARM64]: Creating ProcessPageTable
manager.create_process_with_argv [ARM64]: Loading ELF into page table
manager.create_process_with_argv [ARM64]: ELF loaded, entry=0x4000f140
manager.create_process_with_argv [ARM64]: Allocating user stack
manager.create_process_with_argv [ARM64]: User stack will be at 0xfffffeff0000-0xffffff000000
manager.create_process_with_argv [ARM64]: argc/argv set up on stack, SP=0xfffffefffed0
manager.create_process_with_argv [ARM64]: SUCCESS - returning PID 3
[spawn] Created child PID 3 for parent PID 1
[spawn] Success: child PID 3 scheduled
[xhci-counters] XHCI_MSI_EVENT_TOTAL=1
[xhci-counters] XHCI_IRQ_ENTRY_TOTAL=1
[xhci-counters] XHCI_LOCK_CONTENDED_TOTAL=0
[syscall] exit(0) pid=3 name=xhci_counters
[spawn] path='/bin/bwm'
manager.create_process_with_argv [ARM64]: ENTRY - name='bwm', elf_size=429080, argc=1
manager.create_process_with_argv [ARM64]: Generated PID 4
manager.create_process_with_argv [ARM64]: Creating ProcessPageTable
manager.create_process_with_argv [ARM64]: Loading ELF into page table
manager.create_process_with_argv [ARM64]: ELF loaded, entry=0x400190a4
manager.create_process_with_argv [ARM64]: Allocating user stack
manager.create_process_with_argv [ARM64]: User stack will be at 0xfffffeff0000-0xffffff000000
manager.create_process_with_argv [ARM64]: argc/argv set up on stack, SP=0xfffffefffee0
manager.create_process_with_argv [ARM64]: SUCCESS - returning PID 4
[spawn] Created child PID 4 for parent PID 1
[spawn] Success: child PID 4 scheduled
[bwm] Breenix Window Manager starting... (v2-chromeless-skip)
[virgl-composite] Frame #0: 1x1 → 1280x960 display (first1k: 1 nonzero, first=0xff000000)
[bwm] GPU compositing mode (VirGL), display: 1280x960
[compositor] Mapped compositor buffer into process: virt=0x7ffffdb4e000, 1280x960, 1200 pages (backend=VirGL)
[bwm] Direct compositor mapping: 1280x960 at 0x7ffffdb4e000
[bwm] using bitmap font fallback for early boot
[bwm] hotkeys: using built-in defaults for early boot
[virgl-composite] Frame #1: 1280x960 → 1280x960 display (first1k: 1000 nonzero, first=0x00121832)
[virgl-composite] Frame #2: 1280x960 → 1280x960 display (first1k: 1000 nonzero, first=0x00121832)
[spawn] path='/sbin/telnetd'
manager.create_process_with_argv [ARM64]: ENTRY - name='telnetd', elf_size=298608, argc=1
manager.create_process_with_argv [ARM64]: Generated PID 5
manager.create_process_with_argv [ARM64]: Creating ProcessPageTable
manager.create_process_with_argv [ARM64]: Loading ELF into page table
manager.create_process_with_argv [ARM64]: ELF loaded, entry=0x4000fdd0
manager.create_process_with_argv [ARM64]: Allocating user stack
manager.create_process_with_argv [ARM64]: User stack will be at 0xfffffeff0000-0xffffff000000
manager.create_process_with_argv [ARM64]: argc/argv set up on stack, SP=0xfffffefffed0
manager.create_process_with_argv [ARM64]: SUCCESS - returning PID 5
[spawn] Created child PID 5 for parent PID 1
[spawn] Success: child PID 5 scheduled
TELNETD_STARTING
TELNETD_LISTENING
[init] Boot script completed
[spawn] path='/bin/bsshd'
manager.create_process_with_argv [ARM64]: ENTRY - name='bsshd', elf_size=440984, argc=1
manager.create_process_with_argv [ARM64]: Generated PID 6
manager.create_process_with_argv [ARM64]: Creating ProcessPageTable
manager.create_process_with_argv [ARM64]: Loading ELF into page table
manager.create_process_with_argv [ARM64]: ELF loaded, entry=0x4001c39c
manager.create_process_with_argv [ARM64]: Allocating user stack
manager.create_process_with_argv [ARM64]: User stack will be at 0xfffffeff0000-0xffffff000000
manager.create_process_with_argv [ARM64]: argc/argv set up on stack, SP=0xfffffefffed0
manager.create_process_with_argv [ARM64]: SUCCESS - returning PID 6
[spawn] Created child PID 6 for parent PID 1
[spawn] Success: child PID 6 scheduled
[init] bsshd started (PID 6)
bsshd: starting on port 2222
bsshd: listening on 0.0.0.0:2222
[freeze-watch] uptime_ms=1765 submits=71 completes=74 fails=0 last_completion_ms=1530 fps_last_5s=5 cpu=7 tid=3 ctx_switches=1844 timer_ticks_cpu0=330 timer_ticks_cpu1=414 timer_ticks_cpu2=408 timer_ticks_cpu3=418 timer_ticks_cpu4=413 timer_ticks_cpu5=416 timer_ticks_cpu6=413 timer_ticks_cpu7=410 rq_total=0 rq_cpu0=0 rq_cpu1=0 rq_cpu2=0 rq_cpu3=0 rq_cpu4=0 rq_cpu5=0 rq_cpu6=0 rq_cpu7=0 cur_cpu0=0 cur_cpu1=4 cur_cpu2=5 cur_cpu3=6 cur_cpu4=7 cur_cpu5=8 cur_cpu6=9 cur_cpu7=3 total_threads=16 blocked_threads=6 sched_lock=ok procmgr_lock=ok gpu_pci_lock=ok
[gpu-pci-lock-attrib] max_hold_ms=9 max_hold_holder_tid=-1
[wake-attrib] schedule=135 unblock=0 isr_unblock=833 wake_io=828 signal=0 child=0 timer=5
[enqueue-attrib] same_lock=5 deferred=188 isr_buf=833 deferred_drained=135 isr_buf_drained=775 already_queued=3 isr_buf_full=0
[spawn] path='/bin/bounce'
manager.create_process_with_argv [ARM64]: ENTRY - name='bounce', elf_size=388000, argc=1
manager.create_process_with_argv [ARM64]: Generated PID 7
manager.create_process_with_argv [ARM64]: Creating ProcessPageTable
manager.create_process_with_argv [ARM64]: Loading ELF into page table
manager.create_process_with_argv [ARM64]: ELF loaded, entry=0x400188e0
manager.create_process_with_argv [ARM64]: Allocating user stack
manager.create_process_with_argv [ARM64]: User stack will be at 0xfffffeff0000-0xffffff000000
manager.create_process_with_argv [ARM64]: argc/argv set up on stack, SP=0xfffffefffed0
manager.create_process_with_argv [ARM64]: SUCCESS - returning PID 7
[spawn] Created child PID 7 for parent PID 1
[spawn] Success: child PID 7 scheduled
[init] bounce started (PID 7)
Bounce spheres demo starting (for Gus!) [boot_id=000000006dd9439e]
[init] Process 3 exited (code 0)
[window] create_window_buffer: 400x300 (480000 bytes, 118 pages)
[window] Created buffer id=1 for pid=7: 400x300 at virt=0x7ffffdf86000 phys=0x4417c000
[bounce] Window mode: id=1 400x300 [boot_id=000000006dd9439e][bwm] Di
scovered window 'Bounce' (id=1, 400x300) at (30,38)
[compositor] Mapped window 1 into BWM: virt=0x7ffffdad4000, 400x300, 118 pages
[freeze-watch] uptime_ms=2268 submits=332 completes=335 fails=0 last_completion_ms=2267 fps_last_5s=172 cpu=5 tid=0 ctx_switches=3348 timer_ticks_cpu0=660 timer_ticks_cpu1=849 timer_ticks_cpu2=836 timer_ticks_cpu3=840 timer_ticks_cpu4=842 timer_ticks_cpu5=842 timer_ticks_cpu6=840 timer_ticks_cpu7=839 rq_total=0 rq_cpu0=0 rq_cpu1=0 rq_cpu2=0 rq_cpu3=0 rq_cpu4=0 rq_cpu5=0 rq_cpu6=0 rq_cpu7=0 cur_cpu0=0 cur_cpu1=0 cur_cpu2=0 cur_cpu3=0 cur_cpu4=0 cur_cpu5=0 cur_cpu6=0 cur_cpu7=0 total_threads=0 blocked_threads=0 sched_lock=busy procmgr_lock=ok gpu_pci_lock=ok
[heartbeat] tid=12 uptime_ms=2289
[bwm-fps] frames_since_last=139 elapsed_ms=1001 instantaneous_fps=138
[freeze-watch] uptime_ms=2770 submits=626 completes=629 fails=0 last_completion_ms=2770 fps_last_5s=195 cpu=4 tid=3 ctx_switches=4526 timer_ticks_cpu0=997 timer_ticks_cpu1=1280 timer_ticks_cpu2=1270 timer_ticks_cpu3=1267 timer_ticks_cpu4=1261 timer_ticks_cpu5=1263 timer_ticks_cpu6=1266 timer_ticks_cpu7=1269 rq_total=0 rq_cpu0=0 rq_cpu1=0 rq_cpu2=0 rq_cpu3=0 rq_cpu4=0 rq_cpu5=0 rq_cpu6=0 rq_cpu7=0 cur_cpu0=17 cur_cpu1=4 cur_cpu2=5 cur_cpu3=6 cur_cpu4=3 cur_cpu5=8 cur_cpu6=9 cur_cpu7=10 total_threads=17 blocked_threads=6 sched_lock=ok procmgr_lock=ok gpu_pci_lock=ok
[freeze-watch] uptime_ms=3274 submits=911 completes=914 fails=0 last_completion_ms=3272 fps_last_5s=188 cpu=3 tid=3 ctx_switches=5693 timer_ticks_cpu0=1334 timer_ticks_cpu1=1714 timer_ticks_cpu2=1703 timer_ticks_cpu3=1691 timer_ticks_cpu4=1677 timer_ticks_cpu5=1685 timer_ticks_cpu6=1697 timer_ticks_cpu7=1699 rq_total=0 rq_cpu0=0 rq_cpu1=0 rq_cpu2=0 rq_cpu3=0 rq_cpu4=0 rq_cpu5=0 rq_cpu6=0 rq_cpu7=0 cur_cpu0=0 cur_cpu1=4 cur_cpu2=5 cur_cpu3=3 cur_cpu4=7 cur_cpu5=8 cur_cpu6=9 cur_cpu7=10 total_threads=17 blocked_threads=6 sched_lock=ok procmgr_lock=ok gpu_pci_lock=ok
[heartbeat] tid=12 uptime_ms=3290
[bwm-fps] frames_since_last=192 elapsed_ms=1001 instantaneous_fps=191
[freeze-watch] uptime_ms=3776 submits=1187 completes=1190 fails=0 last_completion_ms=3776 fps_last_5s=183 cpu=1 tid=3 ctx_switches=6821 timer_ticks_cpu0=1678 timer_ticks_cpu1=2140 timer_ticks_cpu2=2125 timer_ticks_cpu3=2109 timer_ticks_cpu4=2094 timer_ticks_cpu5=2106 timer_ticks_cpu6=2118 timer_ticks_cpu7=2123 rq_total=1 rq_cpu0=1 rq_cpu1=0 rq_cpu2=0 rq_cpu3=0 rq_cpu4=0 rq_cpu5=0 rq_cpu6=0 rq_cpu7=0 cur_cpu0=14 cur_cpu1=3 cur_cpu2=5 cur_cpu3=6 cur_cpu4=7 cur_cpu5=8 cur_cpu6=9 cur_cpu7=10 total_threads=17 blocked_threads=5 sched_lock=ok procmgr_lock=ok gpu_pci_lock=ok
[freeze-watch] uptime_ms=4280 submits=1463 completes=1466 fails=0 last_completion_ms=4277 fps_last_5s=182 cpu=0 tid=3 ctx_switches=7917 timer_ticks_cpu0=2016 timer_ticks_cpu1=2563 timer_ticks_cpu2=2548 timer_ticks_cpu3=2528 timer_ticks_cpu4=2513 timer_ticks_cpu5=2528 timer_ticks_cpu6=2545 timer_ticks_cpu7=2556 rq_total=0 rq_cpu0=0 rq_cpu1=0 rq_cpu2=0 rq_cpu3=0 rq_cpu4=0 rq_cpu5=0 rq_cpu6=0 rq_cpu7=0 cur_cpu0=3 cur_cpu1=4 cur_cpu2=5 cur_cpu3=14 cur_cpu4=7 cur_cpu5=8 cur_cpu6=9 cur_cpu7=10 total_threads=17 blocked_threads=6 sched_lock=ok procmgr_lock=ok gpu_pci_lock=ok
[heartbeat] tid=12 uptime_ms=4290
[virgl-composite] Frame #500: 1280x960 → 1280x960 display (first1k: 1000 nonzero, first=0x0014161e)
[bwm-fps] frames_since_last=177 elapsed_ms=1002 instantaneous_fps=176
[freeze-watch] uptime_ms=4783 submits=1715 completes=1718 fails=0 last_completion_ms=4783 fps_last_5s=166 cpu=5 tid=3 ctx_switches=8971 timer_ticks_cpu0=2355 timer_ticks_cpu1=2987 timer_ticks_cpu2=2981 timer_ticks_cpu3=2947 timer_ticks_cpu4=2927 timer_ticks_cpu5=2953 timer_ticks_cpu6=2970 timer_ticks_cpu7=2980 rq_total=0 rq_cpu0=0 rq_cpu1=0 rq_cpu2=0 rq_cpu3=0 rq_cpu4=0 rq_cpu5=0 rq_cpu6=0 rq_cpu7=0 cur_cpu0=0 cur_cpu1=4 cur_cpu2=5 cur_cpu3=6 cur_cpu4=7 cur_cpu5=3 cur_cpu6=9 cur_cpu7=10 total_threads=17 blocked_threads=6 sched_lock=ok procmgr_lock=ok gpu_pci_lock=ok
[freeze-watch] uptime_ms=5286 submits=1993 completes=1995 fails=0 last_completion_ms=5285 fps_last_5s=182 cpu=2 tid=0 ctx_switches=10134 timer_ticks_cpu0=2693 timer_ticks_cpu1=3416 timer_ticks_cpu2=3409 timer_ticks_cpu3=3369 timer_ticks_cpu4=3346 timer_ticks_cpu5=3375 timer_ticks_cpu6=3395 timer_ticks_cpu7=3408 rq_total=0 rq_cpu0=0 rq_cpu1=0 rq_cpu2=0 rq_cpu3=0 rq_cpu4=0 rq_cpu5=0 rq_cpu6=0 rq_cpu7=0 cur_cpu0=0 cur_cpu1=0 cur_cpu2=0 cur_cpu3=0 cur_cpu4=0 cur_cpu5=0 cur_cpu6=0 cur_cpu7=0 total_threads=0 blocked_threads=0 sched_lock=busy procmgr_lock=ok gpu_pci_lock=busy
[heartbeat] tid=12 uptime_ms=5290
[bwm-fps] frames_since_last=179 elapsed_ms=1002 instantaneous_fps=178
[freeze-watch] uptime_ms=5789 submits=2273 completes=2275 fails=0 last_completion_ms=5788 fps_last_5s=184 cpu=1 tid=0 ctx_switches=11286 timer_ticks_cpu0=3030 timer_ticks_cpu1=3842 timer_ticks_cpu2=3838 timer_ticks_cpu3=3791 timer_ticks_cpu4=3767 timer_ticks_cpu5=3798 timer_ticks_cpu6=3817 timer_ticks_cpu7=3837 rq_total=0 rq_cpu0=0 rq_cpu1=0 rq_cpu2=0 rq_cpu3=0 rq_cpu4=0 rq_cpu5=0 rq_cpu6=0 rq_cpu7=0 cur_cpu0=0 cur_cpu1=0 cur_cpu2=0 cur_cpu3=0 cur_cpu4=0 cur_cpu5=0 cur_cpu6=0 cur_cpu7=0 total_threads=0 blocked_threads=0 sched_lock=busy procmgr_lock=ok gpu_pci_lock=busy
[heartbeat] tid=12 uptime_ms=6291
[freeze-watch] uptime_ms=6291 submits=2540 completes=2543 fails=0 last_completion_ms=6289 fps_last_5s=179 cpu=4 tid=3 ctx_switches=12391 timer_ticks_cpu0=3379 timer_ticks_cpu1=4270 timer_ticks_cpu2=4264 timer_ticks_cpu3=4210 timer_ticks_cpu4=4186 timer_ticks_cpu5=4222 timer_ticks_cpu6=4241 timer_ticks_cpu7=4263 rq_total=0 rq_cpu0=0 rq_cpu1=0 rq_cpu2=0 rq_cpu3=0 rq_cpu4=0 rq_cpu5=0 rq_cpu6=0 rq_cpu7=0 cur_cpu0=0 cur_cpu1=14 cur_cpu2=5 cur_cpu3=6 cur_cpu4=3 cur_cpu5=8 cur_cpu6=9 cur_cpu7=12 total_threads=17 blocked_threads=6 sched_lock=ok procmgr_lock=ok gpu_pci_lock=ok
[bwm-fps] frames_since_last=180 elapsed_ms=1001 instantaneous_fps=179
[freeze-watch] uptime_ms=6794 submits=2804 completes=2807 fails=0 last_completion_ms=6791 fps_last_5s=174 cpu=1 tid=3 ctx_switches=13445 timer_ticks_cpu0=3718 timer_ticks_cpu1=4697 timer_ticks_cpu2=4694 timer_ticks_cpu3=4628 timer_ticks_cpu4=4600 timer_ticks_cpu5=4643 timer_ticks_cpu6=4663 timer_ticks_cpu7=4688 rq_total=0 rq_cpu0=0 rq_cpu1=0 rq_cpu2=0 rq_cpu3=0 rq_cpu4=0 rq_cpu5=0 rq_cpu6=0 rq_cpu7=0 cur_cpu0=0 cur_cpu1=3 cur_cpu2=14 cur_cpu3=6 cur_cpu4=7 cur_cpu5=8 cur_cpu6=9 cur_cpu7=10 total_threads=17 blocked_threads=6 sched_lock=ok procmgr_lock=ok gpu_pci_lock=ok
[heartbeat] tid=12 uptime_ms=7292
[freeze-watch] uptime_ms=7296 submits=3041 completes=3043 fails=0 last_completion_ms=7294 fps_last_5s=155 cpu=5 tid=3 ctx_switches=14528 timer_ticks_cpu0=4062 timer_ticks_cpu1=5122 timer_ticks_cpu2=5121 timer_ticks_cpu3=5046 timer_ticks_cpu4=5019 timer_ticks_cpu5=5064 timer_ticks_cpu6=5086 timer_ticks_cpu7=5115 rq_total=0 rq_cpu0=0 rq_cpu1=0 rq_cpu2=0 rq_cpu3=0 rq_cpu4=0 rq_cpu5=0 rq_cpu6=0 rq_cpu7=0 cur_cpu0=0 cur_cpu1=4 cur_cpu2=5 cur_cpu3=6 cur_cpu4=7 cur_cpu5=3 cur_cpu6=9 cur_cpu7=10 total_threads=17 blocked_threads=6 sched_lock=ok procmgr_lock=ok gpu_pci_lock=busy
[virgl-composite] Frame #1000: 1280x960 → 1280x960 display (first1k: 1000 nonzero, first=0x0014161e)
[bwm-fps] frames_since_last=166 elapsed_ms=1002 instantaneous_fps=165
[freeze-watch] uptime_ms=7800 submits=3312 completes=3314 fails=0 last_completion_ms=7796 fps_last_5s=180 cpu=1 tid=3 ctx_switches=15739 timer_ticks_cpu0=4408 timer_ticks_cpu1=5551 timer_ticks_cpu2=5548 timer_ticks_cpu3=5472 timer_ticks_cpu4=5443 timer_ticks_cpu5=5483 timer_ticks_cpu6=5516 timer_ticks_cpu7=5546 rq_total=0 rq_cpu0=0 rq_cpu1=0 rq_cpu2=0 rq_cpu3=0 rq_cpu4=0 rq_cpu5=0 rq_cpu6=0 rq_cpu7=0 cur_cpu0=0 cur_cpu1=3 cur_cpu2=5 cur_cpu3=6 cur_cpu4=7 cur_cpu5=8 cur_cpu6=9 cur_cpu7=10 total_threads=17 blocked_threads=7 sched_lock=ok procmgr_lock=ok gpu_pci_lock=busy
[heartbeat] tid=12 uptime_ms=8292
[freeze-watch] uptime_ms=8303 submits=3608 completes=3610 fails=0 last_completion_ms=8303 fps_last_5s=194 cpu=2 tid=3 ctx_switches=17092 timer_ticks_cpu0=4741 timer_ticks_cpu1=5985 timer_ticks_cpu2=5976 timer_ticks_cpu3=5900 timer_ticks_cpu4=5868 timer_ticks_cpu5=5912 timer_ticks_cpu6=5946 timer_ticks_cpu7=5974 rq_total=0 rq_cpu0=0 rq_cpu1=0 rq_cpu2=0 rq_cpu3=0 rq_cpu4=0 rq_cpu5=0 rq_cpu6=0 rq_cpu7=0 cur_cpu0=0 cur_cpu1=4 cur_cpu2=3 cur_cpu3=6 cur_cpu4=7 cur_cpu5=8 cur_cpu6=9 cur_cpu7=10 total_threads=17 blocked_threads=7 sched_lock=ok procmgr_lock=ok gpu_pci_lock=busy
[bwm-fps] frames_since_last=194 elapsed_ms=1002 instantaneous_fps=193
[timer] cpu0 ticks=5000
[freeze-watch] uptime_ms=8806 submits=3917 completes=3920 fails=0 last_completion_ms=8805 fps_last_5s=206 cpu=4 tid=3 ctx_switches=18380 timer_ticks_cpu0=5065 timer_ticks_cpu1=6417 timer_ticks_cpu2=6403 timer_ticks_cpu3=6325 timer_ticks_cpu4=6289 timer_ticks_cpu5=6339 timer_ticks_cpu6=6378 timer_ticks_cpu7=6403 rq_total=0 rq_cpu0=0 rq_cpu1=0 rq_cpu2=0 rq_cpu3=0 rq_cpu4=0 rq_cpu5=0 rq_cpu6=0 rq_cpu7=0 cur_cpu0=0 cur_cpu1=4 cur_cpu2=5 cur_cpu3=6 cur_cpu4=3 cur_cpu5=8 cur_cpu6=9 cur_cpu7=10 total_threads=17 blocked_threads=6 sched_lock=ok procmgr_lock=ok gpu_pci_lock=ok
[heartbeat] tid=12 uptime_ms=9292
[freeze-watch] uptime_ms=9309 submits=4223 completes=4226 fails=0 last_completion_ms=9308 fps_last_5s=202 cpu=7 tid=3 ctx_switches=19661 timer_ticks_cpu0=5383 timer_ticks_cpu1=6841 timer_ticks_cpu2=6831 timer_ticks_cpu3=6751 timer_ticks_cpu4=6711 timer_ticks_cpu5=6771 timer_ticks_cpu6=6806 timer_ticks_cpu7=6833 rq_total=0 rq_cpu0=0 rq_cpu1=0 rq_cpu2=0 rq_cpu3=0 rq_cpu4=0 rq_cpu5=0 rq_cpu6=0 rq_cpu7=0 cur_cpu0=0 cur_cpu1=4 cur_cpu2=5 cur_cpu3=6 cur_cpu4=7 cur_cpu5=8 cur_cpu6=9 cur_cpu7=3 total_threads=17 blocked_threads=6 sched_lock=ok procmgr_lock=ok gpu_pci_lock=ok
[bwm-fps] frames_since_last=204 elapsed_ms=1005 instantaneous_fps=202
[freeze-watch] uptime_ms=9812 submits=4526 completes=4529 fails=0 last_completion_ms=9810 fps_last_5s=200 cpu=6 tid=3 ctx_switches=20900 timer_ticks_cpu0=5698 timer_ticks_cpu1=7271 timer_ticks_cpu2=7262 timer_ticks_cpu3=7174 timer_ticks_cpu4=7131 timer_ticks_cpu5=7197 timer_ticks_cpu6=7239 timer_ticks_cpu7=7264 rq_total=0 rq_cpu0=0 rq_cpu1=0 rq_cpu2=0 rq_cpu3=0 rq_cpu4=0 rq_cpu5=0 rq_cpu6=0 rq_cpu7=0 cur_cpu0=0 cur_cpu1=14 cur_cpu2=5 cur_cpu3=6 cur_cpu4=7 cur_cpu5=8 cur_cpu6=3 cur_cpu7=10 total_threads=17 blocked_threads=6 sched_lock=ok procmgr_lock=ok gpu_pci_lock=ok
[virgl-composite] Frame #1500: 1280x960 → 1280x960 display (first1k: 1000 nonzero, first=0x0014161e)
[heartbeat] tid=12 uptime_ms=10293
[freeze-watch] uptime_ms=10314 submits=4787 completes=4790 fails=0 last_completion_ms=10312 fps_last_5s=173 cpu=7 tid=3 ctx_switches=22078 timer_ticks_cpu0=6041 timer_ticks_cpu1=7698 timer_ticks_cpu2=7687 timer_ticks_cpu3=7597 timer_ticks_cpu4=7551 timer_ticks_cpu5=7615 timer_ticks_cpu6=7663 timer_ticks_cpu7=7691 rq_total=0 rq_cpu0=0 rq_cpu1=0 rq_cpu2=0 rq_cpu3=0 rq_cpu4=0 rq_cpu5=0 rq_cpu6=0 rq_cpu7=0 cur_cpu0=0 cur_cpu1=4 cur_cpu2=5 cur_cpu3=6 cur_cpu4=7 cur_cpu5=8 cur_cpu6=9 cur_cpu7=3 total_threads=17 blocked_threads=6 sched_lock=ok procmgr_lock=ok gpu_pci_lock=ok
[bwm-fps] frames_since_last=185 elapsed_ms=1004 instantaneous_fps=184
[heartbeat] tid=12 uptime_ms=11294
[bwm-fps] frames_since_last=178 elapsed_ms=1005 instantaneous_fps=177
[heartbeat] tid=12 uptime_ms=12294
[bwm-fps] frames_since_last=193 elapsed_ms=1001 instantaneous_fps=192
[virgl-composite] Frame #2000: 1280x960 → 1280x960 display (first1k: 1000 nonzero, first=0x0014161e)
[heartbeat] tid=12 uptime_ms=13294
[bwm-fps] frames_since_last=187 elapsed_ms=1003 instantaneous_fps=186
[heartbeat] tid=12 uptime_ms=14295
[bwm-fps] frames_since_last=177 elapsed_ms=1004 instantaneous_fps=176
[heartbeat] tid=12 uptime_ms=15295
[freeze-watch] uptime_ms=15316 submits=7541 completes=7544 fails=0 last_completion_ms=15312 fps_last_5s=183 cpu=2 tid=3 ctx_switches=34051 timer_ticks_cpu0=9389 timer_ticks_cpu1=11975 timer_ticks_cpu2=11929 timer_ticks_cpu3=11801 timer_ticks_cpu4=11717 timer_ticks_cpu5=11828 timer_ticks_cpu6=11925 timer_ticks_cpu7=11966 rq_total=0 rq_cpu0=0 rq_cpu1=0 rq_cpu2=0 rq_cpu3=0 rq_cpu4=0 rq_cpu5=0 rq_cpu6=0 rq_cpu7=0 cur_cpu0=14 cur_cpu1=4 cur_cpu2=3 cur_cpu3=6 cur_cpu4=7 cur_cpu5=8 cur_cpu6=9 cur_cpu7=10 total_threads=17 blocked_threads=6 sched_lock=ok procmgr_lock=ok gpu_pci_lock=ok
[virgl-composite] Frame #2500: 1280x960 → 1280x960 display (first1k: 1000 nonzero, first=0x0014161e)
[bwm-fps] frames_since_last=186 elapsed_ms=1001 instantaneous_fps=185
[timer] cpu0 ticks=10000
[heartbeat] tid=12 uptime_ms=16296
[bwm-fps] frames_since_last=193 elapsed_ms=1000 instantaneous_fps=193
[heartbeat] tid=12 uptime_ms=17296
[bwm-fps] frames_since_last=164 elapsed_ms=1001 instantaneous_fps=163
[virgl-composite] Frame #3000: 1280x960 → 1280x960 display (first1k: 1000 nonzero, first=0x0014161e)
[heartbeat] tid=12 uptime_ms=18296
[bwm-fps] frames_since_last=171 elapsed_ms=1003 instantaneous_fps=170
[heartbeat] tid=12 uptime_ms=19297
[bwm-fps] frames_since_last=160 elapsed_ms=1001 instantaneous_fps=159
[heartbeat] tid=12 uptime_ms=20297
[freeze-watch] uptime_ms=20321 submits=10140 completes=10142 fails=0 last_completion_ms=20317 fps_last_5s=173 cpu=1 tid=0 ctx_switches=45607 timer_ticks_cpu0=12771 timer_ticks_cpu1=16227 timer_ticks_cpu2=16159 timer_ticks_cpu3=15989 timer_ticks_cpu4=15873 timer_ticks_cpu5=16022 timer_ticks_cpu6=16163 timer_ticks_cpu7=16214 rq_total=0 rq_cpu0=0 rq_cpu1=0 rq_cpu2=0 rq_cpu3=0 rq_cpu4=0 rq_cpu5=0 rq_cpu6=0 rq_cpu7=0 cur_cpu0=0 cur_cpu1=0 cur_cpu2=0 cur_cpu3=0 cur_cpu4=0 cur_cpu5=0 cur_cpu6=0 cur_cpu7=0 total_threads=0 blocked_threads=0 sched_lock=busy procmgr_lock=ok gpu_pci_lock=ok
[bwm-fps] frames_since_last=175 elapsed_ms=1004 instantaneous_fps=174
[virgl-composite] Frame #3500: 1280x960 → 1280x960 display (first1k: 1000 nonzero, first=0x0014161e)
[heartbeat] tid=12 uptime_ms=21298
[bwm-fps] frames_since_last=182 elapsed_ms=1001 instantaneous_fps=181
[heartbeat] tid=12 uptime_ms=22299
[bwm-fps] frames_since_last=184 elapsed_ms=1005 instantaneous_fps=183
[heartbeat] tid=12 uptime_ms=23299
[bwm-fps] frames_since_last=167 elapsed_ms=1004 instantaneous_fps=166
[timer] cpu0 ticks=15000
[virgl-composite] Frame #4000: 1280x960 → 1280x960 display (first1k: 1000 nonzero, first=0x0014161e)
[heartbeat] tid=12 uptime_ms=24301
[bwm-fps] frames_since_last=160 elapsed_ms=1000 instantaneous_fps=160
[heartbeat] tid=12 uptime_ms=25301
[freeze-watch] uptime_ms=25324 submits=12719 completes=12722 fails=0 last_completion_ms=25323 fps_last_5s=171 cpu=1 tid=3 ctx_switches=56877 timer_ticks_cpu0=16136 timer_ticks_cpu1=20472 timer_ticks_cpu2=20419 timer_ticks_cpu3=20182 timer_ticks_cpu4=20029 timer_ticks_cpu5=20206 timer_ticks_cpu6=20389 timer_ticks_cpu7=20461 rq_total=0 rq_cpu0=0 rq_cpu1=0 rq_cpu2=0 rq_cpu3=0 rq_cpu4=0 rq_cpu5=0 rq_cpu6=0 rq_cpu7=0 cur_cpu0=0 cur_cpu1=3 cur_cpu2=5 cur_cpu3=6 cur_cpu4=7 cur_cpu5=8 cur_cpu6=9 cur_cpu7=10 total_threads=17 blocked_threads=6 sched_lock=ok procmgr_lock=ok gpu_pci_lock=ok
[bwm-fps] frames_since_last=169 elapsed_ms=1000 instantaneous_fps=169
[heartbeat] tid=12 uptime_ms=26301
[bwm-fps] frames_since_last=190 elapsed_ms=1002 instantaneous_fps=189
[virgl-composite] Frame #4500: 1280x960 → 1280x960 display (first1k: 1000 nonzero, first=0x0014161e)
[heartbeat] tid=12 uptime_ms=27304
[bwm-fps] frames_since_last=176 elapsed_ms=1004 instantaneous_fps=175
[heartbeat] tid=12 uptime_ms=28309
[bwm-fps] frames_since_last=168 elapsed_ms=1000 instantaneous_fps=168
[heartbeat] tid=12 uptime_ms=29309
[bwm-fps] frames_since_last=162 elapsed_ms=1002 instantaneous_fps=161
[virgl-composite] Frame #5000: 1280x960 → 1280x960 display (first1k: 1000 nonzero, first=0x0014161e)
[heartbeat] tid=12 uptime_ms=30309
[freeze-watch] uptime_ms=30328 submits=15352 completes=15354 fails=0 last_completion_ms=30327 fps_last_5s=175 cpu=4 tid=3 ctx_switches=68349 timer_ticks_cpu0=19469 timer_ticks_cpu1=24733 timer_ticks_cpu2=24656 timer_ticks_cpu3=24388 timer_ticks_cpu4=24208 timer_ticks_cpu5=24404 timer_ticks_cpu6=24616 timer_ticks_cpu7=24729 rq_total=0 rq_cpu0=0 rq_cpu1=0 rq_cpu2=0 rq_cpu3=0 rq_cpu4=0 rq_cpu5=0 rq_cpu6=0 rq_cpu7=0 cur_cpu0=0 cur_cpu1=4 cur_cpu2=5 cur_cpu3=6 cur_cpu4=3 cur_cpu5=8 cur_cpu6=9 cur_cpu7=10 total_threads=17 blocked_threads=6 sched_lock=ok procmgr_lock=ok gpu_pci_lock=busy
[bwm-fps] frames_since_last=188 elapsed_ms=1007 instantaneous_fps=186
[timer] cpu0 ticks=20000
[heartbeat] tid=12 uptime_ms=31310
[bwm-fps] frames_since_last=195 elapsed_ms=1004 instantaneous_fps=194
[heartbeat] tid=12 uptime_ms=32310
[virgl-composite] Frame #5500: 1280x960 → 1280x960 display (first1k: 1000 nonzero, first=0x0014161e)
[bwm-fps] frames_since_last=164 elapsed_ms=1005 instantaneous_fps=163
[heartbeat] tid=12 uptime_ms=33311
[bwm-fps] frames_since_last=192 elapsed_ms=1000 instantaneous_fps=192
[heartbeat] tid=12 uptime_ms=34312
[bwm-fps] frames_since_last=185 elapsed_ms=1003 instantaneous_fps=184
[virgl-composite] Frame #6000: 1280x960 → 1280x960 display (first1k: 1000 nonzero, first=0x0014161e)
[heartbeat] tid=12 uptime_ms=35313
[freeze-watch] uptime_ms=35330 submits=18114 completes=18116 fails=0 last_completion_ms=35328 fps_last_5s=184 cpu=3 tid=3 ctx_switches=80412 timer_ticks_cpu0=22857 timer_ticks_cpu1=28988 timer_ticks_cpu2=28890 timer_ticks_cpu3=28579 timer_ticks_cpu4=28364 timer_ticks_cpu5=28611 timer_ticks_cpu6=28863 timer_ticks_cpu7=29000 rq_total=0 rq_cpu0=0 rq_cpu1=0 rq_cpu2=0 rq_cpu3=0 rq_cpu4=0 rq_cpu5=0 rq_cpu6=0 rq_cpu7=0 cur_cpu0=0 cur_cpu1=4 cur_cpu2=5 cur_cpu3=3 cur_cpu4=7 cur_cpu5=8 cur_cpu6=9 cur_cpu7=10 total_threads=17 blocked_threads=7 sched_lock=ok procmgr_lock=ok gpu_pci_lock=busy
[gpu-pci-lock-attrib] max_hold_ms=11 max_hold_holder_tid=14
[wake-attrib] schedule=15324 unblock=0 isr_unblock=18979 wake_io=26074 signal=0 child=0 timer=2324
[enqueue-attrib] same_lock=9540 deferred=17247 isr_buf=18979 deferred_drained=15984 isr_buf_drained=16935 already_queued=1188 isr_buf_full=0
[bwm-fps] frames_since_last=189 elapsed_ms=1004 instantaneous_fps=188
[heartbeat] tid=12 uptime_ms=36313
[bwm-fps] frames_since_last=183 elapsed_ms=1004 instantaneous_fps=182
[heartbeat] tid=12 uptime_ms=37313
[bwm-fps] frames_since_last=188 elapsed_ms=1003 instantaneous_fps=187
[virgl-composite] Frame #6500: 1280x960 → 1280x960 display (first1k: 1000 nonzero, first=0x0014161e)
[heartbeat] tid=12 uptime_ms=38314
[timer] cpu0 ticks=25000
[bwm-fps] frames_since_last=203 elapsed_ms=1000 instantaneous_fps=203
[heartbeat] tid=12 uptime_ms=39314
[bwm-fps] frames_since_last=177 elapsed_ms=1005 instantaneous_fps=176
[heartbeat] tid=12 uptime_ms=40315
[freeze-watch] uptime_ms=40335 submits=20889 completes=20891 fails=0 last_completion_ms=40331 fps_last_5s=184 cpu=1 tid=0 ctx_switches=92419 timer_ticks_cpu0=26206 timer_ticks_cpu1=33246 timer_ticks_cpu2=33147 timer_ticks_cpu3=32770 timer_ticks_cpu4=32519 timer_ticks_cpu5=32812 timer_ticks_cpu6=33114 timer_ticks_cpu7=33284 rq_total=0 rq_cpu0=0 rq_cpu1=0 rq_cpu2=0 rq_cpu3=0 rq_cpu4=0 rq_cpu5=0 rq_cpu6=0 rq_cpu7=0 cur_cpu0=0 cur_cpu1=0 cur_cpu2=0 cur_cpu3=0 cur_cpu4=0 cur_cpu5=0 cur_cpu6=0 cur_cpu7=0 total_threads=0 blocked_threads=0 sched_lock=busy procmgr_lock=ok gpu_pci_lock=busy
[bwm-fps] frames_since_last=174 elapsed_ms=1004 instantaneous_fps=173
[virgl-composite] Frame #7000: 1280x960 → 1280x960 display (first1k: 1000 nonzero, first=0x0014161e)
[heartbeat] tid=12 uptime_ms=41316
[bwm-fps] frames_since_last=186 elapsed_ms=1003 instantaneous_fps=185
[heartbeat] tid=12 uptime_ms=42316
[bwm-fps] frames_since_last=192 elapsed_ms=1003 instantaneous_fps=191
[virgl-composite] Frame #7500: 1280x960 → 1280x960 display (first1k: 1000 nonzero, first=0x0014161e)
[heartbeat] tid=12 uptime_ms=43317
[bwm-fps] frames_since_last=187 elapsed_ms=1006 instantaneous_fps=185
[heartbeat] tid=12 uptime_ms=44317
[bwm-fps] frames_since_last=197 elapsed_ms=1000 instantaneous_fps=197
[heartbeat] tid=12 uptime_ms=45318
[freeze-watch] uptime_ms=45338 submits=23726 completes=23729 fails=0 last_completion_ms=45338 fps_last_5s=189 cpu=2 tid=3 ctx_switches=104794 timer_ticks_cpu0=29513 timer_ticks_cpu1=37520 timer_ticks_cpu2=37391 timer_ticks_cpu3=36991 timer_ticks_cpu4=36695 timer_ticks_cpu5=37024 timer_ticks_cpu6=37369 timer_ticks_cpu7=37539 rq_total=0 rq_cpu0=0 rq_cpu1=0 rq_cpu2=0 rq_cpu3=0 rq_cpu4=0 rq_cpu5=0 rq_cpu6=0 rq_cpu7=0 cur_cpu0=0 cur_cpu1=4 cur_cpu2=3 cur_cpu3=6 cur_cpu4=7 cur_cpu5=8 cur_cpu6=9 cur_cpu7=10 total_threads=17 blocked_threads=6 sched_lock=ok procmgr_lock=ok gpu_pci_lock=ok
[bwm-fps] frames_since_last=187 elapsed_ms=1000 instantaneous_fps=187
[virgl-composite] Frame #8000: 1280x960 → 1280x960 display (first1k: 1000 nonzero, first=0x0014161e)
[timer] cpu0 ticks=30000
[heartbeat] tid=12 uptime_ms=46318
[bwm-fps] frames_since_last=182 elapsed_ms=1000 instantaneous_fps=182
[heartbeat] tid=12 uptime_ms=47318
[bwm-fps] frames_since_last=182 elapsed_ms=1005 instantaneous_fps=181
[heartbeat] tid=12 uptime_ms=48319
[bwm-fps] frames_since_last=188 elapsed_ms=1002 instantaneous_fps=187
[virgl-composite] Frame #8500: 1280x960 → 1280x960 display (first1k: 1000 nonzero, first=0x0014161e)
[heartbeat] tid=12 uptime_ms=49320
[bwm-fps] frames_since_last=173 elapsed_ms=1000 instantaneous_fps=173
[heartbeat] tid=12 uptime_ms=50321
[freeze-watch] uptime_ms=50340 submits=26445 completes=26447 fails=0 last_completion_ms=50336 fps_last_5s=181 cpu=2 tid=3 ctx_switches=117033 timer_ticks_cpu0=32871 timer_ticks_cpu1=41800 timer_ticks_cpu2=41646 timer_ticks_cpu3=41180 timer_ticks_cpu4=40856 timer_ticks_cpu5=41235 timer_ticks_cpu6=41614 timer_ticks_cpu7=41800 rq_total=0 rq_cpu0=0 rq_cpu1=0 rq_cpu2=0 rq_cpu3=0 rq_cpu4=0 rq_cpu5=0 rq_cpu6=0 rq_cpu7=0 cur_cpu0=0 cur_cpu1=4 cur_cpu2=3 cur_cpu3=6 cur_cpu4=7 cur_cpu5=8 cur_cpu6=9 cur_cpu7=10 total_threads=17 blocked_threads=7 sched_lock=ok procmgr_lock=ok gpu_pci_lock=busy
[bwm-fps] frames_since_last=178 elapsed_ms=1000 instantaneous_fps=178
[heartbeat] tid=12 uptime_ms=51321
[virgl-composite] Frame #9000: 1280x960 → 1280x960 display (first1k: 1000 nonzero, first=0x0014161e)
[bwm-fps] frames_since_last=180 elapsed_ms=1002 instantaneous_fps=179
[heartbeat] tid=12 uptime_ms=52321
[bwm-fps] frames_since_last=193 elapsed_ms=1001 instantaneous_fps=192
[heartbeat] tid=12 uptime_ms=53322
[timer] cpu0 ticks=35000
[bwm-fps] frames_since_last=196 elapsed_ms=1005 instantaneous_fps=195
[virgl-composite] Frame #9500: 1280x960 → 1280x960 display (first1k: 1000 nonzero, first=0x0014161e)
[heartbeat] tid=12 uptime_ms=54325
[bwm-fps] frames_since_last=186 elapsed_ms=1001 instantaneous_fps=185
[heartbeat] tid=12 uptime_ms=55325
[freeze-watch] uptime_ms=55343 submits=29246 completes=29249 fails=0 last_completion_ms=55341 fps_last_5s=186 cpu=2 tid=3 ctx_switches=129305 timer_ticks_cpu0=36210 timer_ticks_cpu1=46087 timer_ticks_cpu2=45903 timer_ticks_cpu3=45384 timer_ticks_cpu4=45051 timer_ticks_cpu5=45441 timer_ticks_cpu6=45863 timer_ticks_cpu7=46061 rq_total=0 rq_cpu0=0 rq_cpu1=0 rq_cpu2=0 rq_cpu3=0 rq_cpu4=0 rq_cpu5=0 rq_cpu6=0 rq_cpu7=0 cur_cpu0=0 cur_cpu1=14 cur_cpu2=3 cur_cpu3=6 cur_cpu4=7 cur_cpu5=8 cur_cpu6=9 cur_cpu7=10 total_threads=17 blocked_threads=6 sched_lock=ok procmgr_lock=ok gpu_pci_lock=ok
[bwm-fps] frames_since_last=182 elapsed_ms=1003 instantaneous_fps=181
[heartbeat] tid=12 uptime_ms=56326
[bwm-fps] frames_since_last=167 elapsed_ms=1000 instantaneous_fps=167
[virgl-composite] Frame #10000: 1280x960 → 1280x960 display (first1k: 1000 nonzero, first=0x0014161e)
[heartbeat] tid=12 uptime_ms=57326
[bwm-fps] frames_since_last=164 elapsed_ms=1002 instantaneous_fps=163
[heartbeat] tid=12 uptime_ms=58326
[bwm-fps] frames_since_last=188 elapsed_ms=1005 instantaneous_fps=187
[heartbeat] tid=12 uptime_ms=59327
[bwm-fps] frames_since_last=191 elapsed_ms=1003 instantaneous_fps=190
[virgl-composite] Frame #10500: 1280x960 → 1280x960 display (first1k: 1000 nonzero, first=0x0014161e)
[heartbeat] tid=12 uptime_ms=60327
[freeze-watch] uptime_ms=60345 submits=31944 completes=31946 fails=0 last_completion_ms=60341 fps_last_5s=179 cpu=2 tid=3 ctx_switches=141132 timer_ticks_cpu0=39525 timer_ticks_cpu1=50352 timer_ticks_cpu2=50154 timer_ticks_cpu3=49601 timer_ticks_cpu4=49229 timer_ticks_cpu5=49662 timer_ticks_cpu6=50102 timer_ticks_cpu7=50312 rq_total=0 rq_cpu0=0 rq_cpu1=0 rq_cpu2=0 rq_cpu3=0 rq_cpu4=0 rq_cpu5=0 rq_cpu6=0 rq_cpu7=0 cur_cpu0=0 cur_cpu1=4 cur_cpu2=3 cur_cpu3=6 cur_cpu4=7 cur_cpu5=8 cur_cpu6=9 cur_cpu7=10 total_threads=17 blocked_threads=7 sched_lock=ok procmgr_lock=ok gpu_pci_lock=busy
[bwm-fps] frames_since_last=197 elapsed_ms=1001 instantaneous_fps=196
[timer] cpu0 ticks=40000
[heartbeat] tid=12 uptime_ms=61327
[bwm-fps] frames_since_last=170 elapsed_ms=1001 instantaneous_fps=169
[heartbeat] tid=12 uptime_ms=62328
[virgl-composite] Frame #11000: 1280x960 → 1280x960 display (first1k: 1000 nonzero, first=0x0014161e)
[bwm-fps] frames_since_last=176 elapsed_ms=1000 instantaneous_fps=176
[heartbeat] tid=12 uptime_ms=63329
[bwm-fps] frames_since_last=203 elapsed_ms=1000 instantaneous_fps=203
[heartbeat] tid=12 uptime_ms=64329
[bwm-fps] frames_since_last=186 elapsed_ms=1002 instantaneous_fps=185
[virgl-composite] Frame #11500: 1280x960 → 1280x960 display (first1k: 1000 nonzero, first=0x0014161e)
[heartbeat] tid=12 uptime_ms=65330
[freeze-watch] uptime_ms=65347 submits=34746 completes=34748 fails=0 last_completion_ms=65341 fps_last_5s=186 cpu=4 tid=3 ctx_switches=153297 timer_ticks_cpu0=42828 timer_ticks_cpu1=54615 timer_ticks_cpu2=54422 timer_ticks_cpu3=53811 timer_ticks_cpu4=53426 timer_ticks_cpu5=53887 timer_ticks_cpu6=54365 timer_ticks_cpu7=54566 rq_total=0 rq_cpu0=0 rq_cpu1=0 rq_cpu2=0 rq_cpu3=0 rq_cpu4=0 rq_cpu5=0 rq_cpu6=0 rq_cpu7=0 cur_cpu0=0 cur_cpu1=4 cur_cpu2=5 cur_cpu3=6 cur_cpu4=3 cur_cpu5=8 cur_cpu6=9 cur_cpu7=10 total_threads=17 blocked_threads=7 sched_lock=ok procmgr_lock=ok gpu_pci_lock=busy
[gpu-pci-lock-attrib] max_hold_ms=13 max_hold_holder_tid=14
[wake-attrib] schedule=29126 unblock=0 isr_unblock=35501 wake_io=49251 signal=0 child=0 timer=4995
[enqueue-attrib] same_lock=18772 deferred=32855 isr_buf=35501 deferred_drained=30552 isr_buf_drained=31745 already_queued=2340 isr_buf_full=0
[bwm-fps] frames_since_last=191 elapsed_ms=1001 instantaneous_fps=190
[heartbeat] tid=12 uptime_ms=66331
[bwm-fps] frames_since_last=187 elapsed_ms=1004 instantaneous_fps=186
[heartbeat] tid=12 uptime_ms=67333
[bwm-fps] frames_since_last=180 elapsed_ms=1007 instantaneous_fps=178
[virgl-composite] Frame #12000: 1280x960 → 1280x960 display (first1k: 1000 nonzero, first=0x0014161e)
[heartbeat] tid=12 uptime_ms=68333
[timer] cpu0 ticks=45000
[bwm-fps] frames_since_last=177 elapsed_ms=1009 instantaneous_fps=175
[heartbeat] tid=12 uptime_ms=69334
[bwm-fps] frames_since_last=163 elapsed_ms=1003 instantaneous_fps=162
[heartbeat] tid=12 uptime_ms=70335
[freeze-watch] uptime_ms=70352 submits=37391 completes=37394 fails=0 last_completion_ms=70351 fps_last_5s=176 cpu=2 tid=3 ctx_switches=165070 timer_ticks_cpu0=46187 timer_ticks_cpu1=58858 timer_ticks_cpu2=58671 timer_ticks_cpu3=57973 timer_ticks_cpu4=57584 timer_ticks_cpu5=58082 timer_ticks_cpu6=58588 timer_ticks_cpu7=58821 rq_total=0 rq_cpu0=0 rq_cpu1=0 rq_cpu2=0 rq_cpu3=0 rq_cpu4=0 rq_cpu5=0 rq_cpu6=0 rq_cpu7=0 cur_cpu0=0 cur_cpu1=4 cur_cpu2=3 cur_cpu3=6 cur_cpu4=7 cur_cpu5=8 cur_cpu6=9 cur_cpu7=10 total_threads=17 blocked_threads=6 sched_lock=ok procmgr_lock=ok gpu_pci_lock=ok
[bwm-fps] frames_since_last=173 elapsed_ms=1004 instantaneous_fps=172
[virgl-composite] Frame #12500: 1280x960 → 1280x960 display (first1k: 1000 nonzero, first=0x0014161e)
[heartbeat] tid=12 uptime_ms=71335
[bwm-fps] frames_since_last=189 elapsed_ms=1001 instantaneous_fps=188
[heartbeat] tid=12 uptime_ms=72335
[bwm-fps] frames_since_last=195 elapsed_ms=1001 instantaneous_fps=194
[heartbeat] tid=12 uptime_ms=73335
[virgl-composite] Frame #13000: 1280x960 → 1280x960 display (first1k: 1000 nonzero, first=0x0014161e)
[bwm-fps] frames_since_last=186 elapsed_ms=1004 instantaneous_fps=185
[heartbeat] tid=12 uptime_ms=74336
[bwm-fps] frames_since_last=181 elapsed_ms=1003 instantaneous_fps=180
[heartbeat] tid=12 uptime_ms=75337
[freeze-watch] uptime_ms=75355 submits=40229 completes=40232 fails=0 last_completion_ms=75354 fps_last_5s=189 cpu=1 tid=3 ctx_switches=177300 timer_ticks_cpu0=49528 timer_ticks_cpu1=63140 timer_ticks_cpu2=62922 timer_ticks_cpu3=62195 timer_ticks_cpu4=61766 timer_ticks_cpu5=62304 timer_ticks_cpu6=62845 timer_ticks_cpu7=63088 rq_total=0 rq_cpu0=0 rq_cpu1=0 rq_cpu2=0 rq_cpu3=0 rq_cpu4=0 rq_cpu5=0 rq_cpu6=0 rq_cpu7=0 cur_cpu0=0 cur_cpu1=3 cur_cpu2=5 cur_cpu3=6 cur_cpu4=7 cur_cpu5=8 cur_cpu6=9 cur_cpu7=10 total_threads=17 blocked_threads=6 sched_lock=ok procmgr_lock=ok gpu_pci_lock=ok
[bwm-fps] frames_since_last=209 elapsed_ms=1003 instantaneous_fps=208
[virgl-composite] Frame #13500: 1280x960 → 1280x960 display (first1k: 1000 nonzero, first=0x0014161e)
[timer] cpu0 ticks=50000
[heartbeat] tid=12 uptime_ms=76337
[bwm-fps] frames_since_last=190 elapsed_ms=1006 instantaneous_fps=188
[heartbeat] tid=12 uptime_ms=77337
[bwm-fps] frames_since_last=184 elapsed_ms=1001 instantaneous_fps=183
[heartbeat] tid=12 uptime_ms=78337
[virgl-composite] Frame #14000: 1280x960 → 1280x960 display (first1k: 1000 nonzero, first=0x0014161e)
[bwm-fps] frames_since_last=189 elapsed_ms=1002 instantaneous_fps=188
[heartbeat] tid=12 uptime_ms=79337
[bwm-fps] frames_since_last=173 elapsed_ms=1002 instantaneous_fps=172
[heartbeat] tid=12 uptime_ms=80338
[freeze-watch] uptime_ms=80357 submits=42998 completes=43001 fails=0 last_completion_ms=80356 fps_last_5s=184 cpu=4 tid=3 ctx_switches=189515 timer_ticks_cpu0=52864 timer_ticks_cpu1=67384 timer_ticks_cpu2=67145 timer_ticks_cpu3=66385 timer_ticks_cpu4=65938 timer_ticks_cpu5=66512 timer_ticks_cpu6=67086 timer_ticks_cpu7=67331 rq_total=0 rq_cpu0=0 rq_cpu1=0 rq_cpu2=0 rq_cpu3=0 rq_cpu4=0 rq_cpu5=0 rq_cpu6=0 rq_cpu7=0 cur_cpu0=0 cur_cpu1=4 cur_cpu2=5 cur_cpu3=6 cur_cpu4=3 cur_cpu5=8 cur_cpu6=9 cur_cpu7=10 total_threads=17 blocked_threads=6 sched_lock=ok procmgr_lock=ok gpu_pci_lock=ok
[bwm-fps] frames_since_last=179 elapsed_ms=1001 instantaneous_fps=178
[heartbeat] tid=12 uptime_ms=81338
[virgl-composite] Frame #14500: 1280x960 → 1280x960 display (first1k: 1000 nonzero, first=0x0014161e)
[bwm-fps] frames_since_last=174 elapsed_ms=1003 instantaneous_fps=173
[heartbeat] tid=12 uptime_ms=82338
[bwm-fps] frames_since_last=186 elapsed_ms=1006 instantaneous_fps=184
[heartbeat] tid=12 uptime_ms=83339
[timer] cpu0 ticks=55000
[bwm-fps] frames_since_last=199 elapsed_ms=1004 instantaneous_fps=198
[virgl-composite] Frame #15000: 1280x960 → 1280x960 display (first1k: 1000 nonzero, first=0x0014161e)
[heartbeat] tid=12 uptime_ms=84339
[bwm-fps] frames_since_last=177 elapsed_ms=1000 instantaneous_fps=177
[heartbeat] tid=12 uptime_ms=85340
[freeze-watch] uptime_ms=85359 submits=45728 completes=45731 fails=0 last_completion_ms=85359 fps_last_5s=181 cpu=6 tid=3 ctx_switches=201471 timer_ticks_cpu0=56251 timer_ticks_cpu1=71643 timer_ticks_cpu2=71385 timer_ticks_cpu3=70581 timer_ticks_cpu4=70114 timer_ticks_cpu5=70728 timer_ticks_cpu6=71349 timer_ticks_cpu7=71596 rq_total=0 rq_cpu0=0 rq_cpu1=0 rq_cpu2=0 rq_cpu3=0 rq_cpu4=0 rq_cpu5=0 rq_cpu6=0 rq_cpu7=0 cur_cpu0=0 cur_cpu1=4 cur_cpu2=5 cur_cpu3=17 cur_cpu4=7 cur_cpu5=8 cur_cpu6=3 cur_cpu7=10 total_threads=17 blocked_threads=5 sched_lock=ok procmgr_lock=ok gpu_pci_lock=ok
[bwm-fps] frames_since_last=177 elapsed_ms=1003 instantaneous_fps=176
[heartbeat] tid=12 uptime_ms=86341
[bwm-fps] frames_since_last=191 elapsed_ms=1000 instantaneous_fps=191
[virgl-composite] Frame #15500: 1280x960 → 1280x960 display (first1k: 1000 nonzero, first=0x0014161e)
[heartbeat] tid=12 uptime_ms=87341
[bwm-fps] frames_since_last=178 elapsed_ms=1003 instantaneous_fps=177
[heartbeat] tid=12 uptime_ms=88341
[bwm-fps] frames_since_last=167 elapsed_ms=1004 instantaneous_fps=166
[heartbeat] tid=12 uptime_ms=89342
[bwm-fps] frames_since_last=164 elapsed_ms=1005 instantaneous_fps=163
[virgl-composite] Frame #16000: 1280x960 → 1280x960 display (first1k: 1000 nonzero, first=0x0014161e)
[heartbeat] tid=12 uptime_ms=90343
[freeze-watch] uptime_ms=90362 submits=48353 completes=48356 fails=0 last_completion_ms=90360 fps_last_5s=174 cpu=2 tid=3 ctx_switches=213112 timer_ticks_cpu0=59596 timer_ticks_cpu1=75882 timer_ticks_cpu2=75608 timer_ticks_cpu3=74787 timer_ticks_cpu4=74278 timer_ticks_cpu5=74946 timer_ticks_cpu6=75596 timer_ticks_cpu7=75859 rq_total=0 rq_cpu0=0 rq_cpu1=0 rq_cpu2=0 rq_cpu3=0 rq_cpu4=0 rq_cpu5=0 rq_cpu6=0 rq_cpu7=0 cur_cpu0=0 cur_cpu1=14 cur_cpu2=3 cur_cpu3=6 cur_cpu4=7 cur_cpu5=8 cur_cpu6=9 cur_cpu7=10 total_threads=17 blocked_threads=6 sched_lock=ok procmgr_lock=ok gpu_pci_lock=ok
[bwm-fps] frames_since_last=176 elapsed_ms=1001 instantaneous_fps=175
[timer] cpu0 ticks=60000
[heartbeat] tid=12 uptime_ms=91343
[bwm-fps] frames_since_last=188 elapsed_ms=1003 instantaneous_fps=187
[heartbeat] tid=12 uptime_ms=92343
[virgl-composite] Frame #16500: 1280x960 → 1280x960 display (first1k: 1000 nonzero, first=0x0014161e)
[bwm-fps] frames_since_last=177 elapsed_ms=1004 instantaneous_fps=176
[heartbeat] tid=12 uptime_ms=93345
[bwm-fps] frames_since_last=177 elapsed_ms=1000 instantaneous_fps=177
[heartbeat] tid=12 uptime_ms=94345
[bwm-fps] frames_since_last=183 elapsed_ms=1004 instantaneous_fps=182
[heartbeat] tid=12 uptime_ms=95346
[freeze-watch] uptime_ms=95366 submits=51033 completes=51035 fails=0 last_completion_ms=95360 fps_last_5s=178 cpu=0 tid=3 ctx_switches=225028 timer_ticks_cpu0=62948 timer_ticks_cpu1=80125 timer_ticks_cpu2=79862 timer_ticks_cpu3=78992 timer_ticks_cpu4=78470 timer_ticks_cpu5=79158 timer_ticks_cpu6=79850 timer_ticks_cpu7=80112 rq_total=0 rq_cpu0=0 rq_cpu1=0 rq_cpu2=0 rq_cpu3=0 rq_cpu4=0 rq_cpu5=0 rq_cpu6=0 rq_cpu7=0 cur_cpu0=3 cur_cpu1=4 cur_cpu2=5 cur_cpu3=6 cur_cpu4=7 cur_cpu5=8 cur_cpu6=9 cur_cpu7=10 total_threads=17 blocked_threads=7 sched_lock=ok procmgr_lock=ok gpu_pci_lock=busy
[gpu-pci-lock-attrib] max_hold_ms=39 max_hold_holder_tid=14
[wake-attrib] schedule=42832 unblock=0 isr_unblock=51681 wake_io=71953 signal=0 child=0 timer=7593
[enqueue-attrib] same_lock=27788 deferred=48300 isr_buf=51681 deferred_drained=44983 isr_buf_drained=46291 already_queued=3677 isr_buf_full=0
[virgl-composite] Frame #17000: 1280x960 → 1280x960 display (first1k: 1000 nonzero, first=0x0014161e)
[bwm-fps] frames_since_last=172 elapsed_ms=1004 instantaneous_fps=171
[heartbeat] tid=12 uptime_ms=96346
[bwm-fps] frames_since_last=172 elapsed_ms=1002 instantaneous_fps=171
