The target architecture is set to "aarch64".
=== TURN5 AHCI level-SPI ENDPOINT STATE ===
warning: while parsing target description (at line 1): Target description specified unknown architecture "org.gnu.gdb.aarch64"
warning: Could not load XML target description; ignoring
warning: while parsing target description (at line 1): Target description specified unknown architecture "org.gnu.gdb.aarch64"
warning: Could not load XML target description; ignoring
0xffff000040173204 in idle_loop_arm64 ()
ahci_irq=34
ahci_isr_count=1125
ahci_isr_last_mpidr_aff0=0
ahci_polled_completion_count=72
timer_tick_count_cpu0=57474
timer_tick_count_cpu1=57497
timer_tick_count_cpu2=57507
timer_tick_count_cpu3=57404
timer_tick_hw_count_cpu0=57474
timer_tick_hw_count_cpu1=57497
timer_tick_hw_count_cpu2=57507
timer_tick_hw_count_cpu3=57404
timer_interrupt_count=459554
[Inferior 1 (Remote target) detached]
