[ram] 6 regions:
[ram]   0x40000000 - 0xffff0000 (3071 MB)
[ram]   0x100000000 - 0x140000000 (1024 MB)
[ram]   0x140025000 - 0x23be0f000 (4029 MB)
[ram]   0x23c000000 - 0x23c020000 (0 MB)
[ram]   0x23c080000 - 0x23f550000 (52 MB)
[ram]   0x23f930000 - 0x240000000 (6 MB)
[kern] entry_phys=0x400998c4 load=0x40080000-0x50104000
[gop-serial] UART: base=0x2110000 type=0 (PL011)
[gop-serial] Enumerating GOP display modes:
[gop-serial]   Mode 0: 1024x768 format=BGR
[gop-serial] 1 modes total, best=786432 pixels
[gop-serial] Already at best mode: 1024x768
[gop-serial] Selected: 1024x768 stride=1024 base=0x10000000 size=0x300000
ZZ00000000400998c4BDMTIVL!J>12KPHEOS
========================================
  Breenix ARM64 Kernel Starting
  BUILD_ID: 006a0d9fa82bda
========================================

[boot] DIAG_MARKER_XHCI_A
[boot] DIAG_MARKER_XHCI_B
[boot] DIAG_MARKER_XHCI_C
[boot] loader xhci_hcrst_raw=0x0 ecam=0x2300000
[boot] Current exception level: EL1
[boot] MMU already enabled (high-half kernel)
[boot] Initializing memory management (0x44000000-0x50000000)...
[boot] Memory management ready
[boot] Initializing Generic Timer...
[boot] Timer frequency: 24000000 Hz (24 MHz)
[boot] Initializing PL031 RTC...
[boot] Current timestamp: 26688930
[boot] Initializing GIC...
[gic] GICR probe 0x02500000: WAKER=0x00000000 <<< VALID
[gic] GICD_CTLR wrote 0x53, readback=0x53
[gic] GICR_IGROUPR0: wrote 0xFFFFFFFF, readback=0xffffffff
[gic] ICC_CTLR_EL1: 0x40400 -> 0x40402 (EOImode=1)
[boot] GIC initialized (version 3)
[boot] Enabling UART interrupts...
[boot] Enabling GIC IRQ 33 (UART0)...
[uart] IMSC: 0x0 -> 0x50 (verify: 0x50)
[uart] FR=0x90 (RXFE=1), RIS=0x20
[gic] IRQ 33 state (GICv3):
  enabled=true, group1=true, pending=false
  priority=0xa0, GICD_CTLR=0x53
  ICC_PMR=0xf0
[boot] UART interrupts enabled
[boot] Enabling interrupts...
[boot] Interrupts enabled: true
[boot] Initializing device drivers...
[drivers] Initializing driver subsystem...
[drivers] PCI ECAM at 0x2300000, enumerating PCI bus...
[drivers] Found 7 PCI devices
[pci] 00:01.0 [8086:293e] class=04/03
[pci]   BAR0: 0x18008000 (16384)
[pci] 00:02.0 [8086:265c] class=0c/03
[pci]   BAR0: 0x18012000 (4096)
[pci]   BAR1: 0x0 (4096)
[pci]   BAR2: 0x0 (4096)
[pci]   BAR3: 0x0 (4096)
[pci]   BAR4: 0x0 (4096)
[pci]   BAR5: 0x0 (4096)
[pci] 00:03.0 [1033:0194] class=0c/03
[pci]   BAR0: 0x18011000 (4096)
[pci]   BAR1: 0x0 (4096)
[pci]   BAR2: 0x0 (4096)
[pci]   BAR3: 0x0 (4096)
[pci]   BAR4: 0x0 (4096)
[pci]   BAR5: 0x0 (4096)
[pci] 00:05.0 [1af4:1000] class=02/00
[pci]   BAR0: 0x18010000 (4096)
[pci]   BAR1: 0x1800f000 (4096)
[pci] 00:09.0 [1ab8:4000] class=ff/00
[pci]   BAR0: 0x1800e000 (4096)
[pci] 00:0a.0 [1af4:1050] class=03/00
[pci]   BAR0: 0x10000000 (134217728)
[pci]   BAR1: 0x1800d000 (4096)
[pci]   BAR4: 0x18004000 (16384)
[pci] 00:0e.0 [1af4:1053] class=07/80
[pci]   BAR1: 0x1800c000 (4096)
[pci]   BAR4: 0x18000000 (16384)
[drivers] Found 2 VirtIO PCI devices
[virtio-gpu-pci] Device features: 0x0000000100000001
[virtio-gpu-pci] VIRGL offered: true
[virtio-gpu-pci] Negotiated: 0x0000000100000001 (VIRGL=true)
[virtio-gpu-pci] VIRGL_ENABLED stored=true, readback=true, addr=0xffff000041bce0c0
[pci] 00:0a.0: capabilities:
  cap 0x11 (MSI-X) @ 0xb0: dw0=0x0001bc11 dw1=0x00000001
  cap 0x09 (?) @ 0xbc: dw0=0x0410cc09 dw1=0x00000004
  cap 0x09 (?) @ 0xcc: dw0=0x0310dc09 dw1=0x00000004
  cap 0x09 (?) @ 0xdc: dw0=0x0214f009 dw1=0x00000004
  cap 0x09 (?) @ 0xf0: dw0=0x01100009 dw1=0x00000004
[gicv2m] MSI_TYPER raw=0x80350040 -> base_spi=53, num_spi=64
[virtio-gpu-pci] MSI-X cap at 0xb0: 2 vectors
[virtio-gpu-pci] MSI-X enabled: config_spi=53 queue_spi=54 doorbell=0x2250040 vectors=2
[virtio-gpu-pci] config_msix_vector: wrote=0x0 readback=0x0
[virtio-gpu-pci] Device has 2 queues
[virtio-gpu-pci] Queue 0 msix_vector: wrote=0x1 readback=0x1
[virtio-gpu-pci] Queue 1 msix_vector: wrote=0x1 readback=0x1
[virtio-gpu-pci] Cursor queue (q1) set up: size=16
[virtio-gpu-pci] Config: num_scanouts=16, num_capsets=1
[virtio-gpu-pci] MSI-X active: config_spi=53 queue_spi=54 queue_vector=1
[virtio-gpu-pci] Capset 0: id=2, max_ver=2, max_size=768
[virtio-gpu-pci] GET_CAPSET(id=2, ver=2): resp=0x1103
[virtio-gpu-pci] Display reports: 1024x768
[virtio-gpu-pci] Resolution: 1280x960 (display=1024x768, GOP=1024x768, min=1280x960)
[virtio-gpu-pci] 2D resource created and scanout set
[virtio-gpu-pci] Initialized: 1280x960
[drivers] VirtIO GPU (PCI) initialized
[virgl] Initializing VirGL 3D pipeline...
[virgl] 3D framebuffer backing: heap ptr=0xffff0000502e2000, phys=0x502e2000, size=4915200
[virgl] Step 1: context created
[virgl] Step 2: 3D resource created (1280x960, bind=0x0014000a)
[virgl] attach_backing: phys=0x502e2000, len=4915200, nr_pages=1200
[virgl] attach_backing: sending 3-desc chain: hdr=0x41bce1c0(32B), entries=0x50792000(19200B)
[virgl] attach_backing: OK (1200 pages attached)
[virgl] Step 3: backing attached
[virgl] Step 4: resource attached to context
[virgl] Step 5: resource primed
[virgl] SUBMIT_3D OK: id=1 used_len=0 resp_flags=0x1 resp_fence=1
[virgl] Step 6: VirGL CLEAR (cornflower blue)
[virgl] Step 7: SET_SCANOUT + RESOURCE_FLUSH done
[virgl] Step 7: VB resource created (no backing, INLINE_WRITE only)
[virgl-composite] Texture backing: heap ptr=0xffff000050792000, phys=0x50792000, 1280x960 (4915200B, 1200 pages)
[virgl] attach_backing: phys=0x50792000, len=4915200, nr_pages=1200
[virgl] attach_backing: sending 3-desc chain: hdr=0x41bce1c0(32B), entries=0x50c42000(19200B)
[virgl] attach_backing: OK (1200 pages attached)
[virgl-composite] Texture resource initialized (id=5)
[virgl] attach_backing: phys=0x50c42000, len=4915200, nr_pages=1200
[virgl] attach_backing: sending 3-desc chain: hdr=0x41bce1c0(32B), entries=0x510f2000(19200B)
[virgl] attach_backing: OK (1200 pages attached)
[virgl-pool] Pre-allocated slot=0 res_id=10 1280x960
[virgl] attach_backing: phys=0x510f2000, len=4915200, nr_pages=1200
[virgl] attach_backing: sending 3-desc chain: hdr=0x41bce1c0(32B), entries=0x515a2000(19200B)
[virgl] attach_backing: OK (1200 pages attached)
[virgl-pool] Pre-allocated slot=1 res_id=11 1280x960
[virgl] attach_backing: phys=0x515a2000, len=4915200, nr_pages=1200
[virgl] attach_backing: sending 3-desc chain: hdr=0x41bce1c0(32B), entries=0x51a52000(19200B)
[virgl] attach_backing: OK (1200 pages attached)
[virgl-pool] Pre-allocated slot=2 res_id=12 1280x960
[virgl] attach_backing: phys=0x51a52000, len=4915200, nr_pages=1200
[virgl] attach_backing: sending 3-desc chain: hdr=0x41bce1c0(32B), entries=0x51f02000(19200B)
[virgl] attach_backing: OK (1200 pages attached)
[virgl-pool] Pre-allocated slot=3 res_id=13 1280x960
[virgl] attach_backing: phys=0x51f02000, len=4915200, nr_pages=1200
[virgl] attach_backing: sending 3-desc chain: hdr=0x41bce1c0(32B), entries=0x523b2000(19200B)
[virgl] attach_backing: OK (1200 pages attached)
[virgl-pool] Pre-allocated slot=4 res_id=14 1280x960
[virgl] attach_backing: phys=0x523b2000, len=4915200, nr_pages=1200
[virgl] attach_backing: sending 3-desc chain: hdr=0x41bce1c0(32B), entries=0x52862000(19200B)
[virgl] attach_backing: OK (1200 pages attached)
[virgl-pool] Pre-allocated slot=5 res_id=15 1280x960
[virgl] attach_backing: phys=0x52862000, len=4915200, nr_pages=1200
[virgl] attach_backing: sending 3-desc chain: hdr=0x41bce1c0(32B), entries=0x52d12000(19200B)
[virgl] attach_backing: OK (1200 pages attached)
[virgl-pool] Pre-allocated slot=6 res_id=16 1280x960
[virgl] attach_backing: phys=0x52d12000, len=4915200, nr_pages=1200
[virgl] attach_backing: sending 3-desc chain: hdr=0x41bce1c0(32B), entries=0x531c2000(19200B)
[virgl] attach_backing: OK (1200 pages attached)
[virgl-pool] Pre-allocated slot=7 res_id=17 1280x960
[virgl] attach_backing: phys=0x531c2000, len=8192, nr_pages=2
[virgl] attach_backing: sending 3-desc chain: hdr=0x41bce1c0(32B), entries=0x502e0040(32B)
[virgl] attach_backing: OK (2 pages attached)
[virgl-cursor] Cursor texture initialized (id=6, 16x80, 5 shapes)
[virgl] attach_backing: phys=0x531c4000, len=4096, nr_pages=1
[virgl] attach_backing: sending 3-desc chain: hdr=0x41bce1c0(32B), entries=0x502e0040(16B)
[virgl] attach_backing: OK (1 pages attached)
[virgl-dimmer] Dimmer texture initialized (id=7, 4x4)
[virgl] Step 8: Compositor texture initialized
[virgl] Step 9: full pipeline+draw batch (191 DWORDs)
[virgl] SUBMIT_3D OK: id=2 used_len=0 resp_flags=0x1 resp_fence=2
[virgl] Step 10: SET_SCANOUT + RESOURCE_FLUSH
[virgl] VirGL 3D pipeline initialized successfully
[drivers] VirGL 3D acceleration active
[drivers] Compositor backend: VirGL
[virtio-gpu-pci] GPU command waits use scheduler waitqueue
[virtio-net-pci] Searching for VirtIO network device on PCI bus...
[virtio-net-pci] Found at 00:05.0 [1af4:1000]
[virtio-net-pci] BAR0: phys=0x18010000 virt=0xffff000018010000 size=4096
[virtio-net-pci] Device features: 0x6187bfa3
[virtio-net-pci] MAC: 00:1c:42:ea:53:f3
[virtio-net-pci] Queue 0 max size: 256
[virtio-net-pci] Queue 0 PFN=0x402da (phys=0x402da000)
[virtio-net-pci] Queue 1 max size: 256
[virtio-net-pci] Queue 1 PFN=0x402dd (phys=0x402dd000)
[pci] 00:05.0: capabilities:
  cap 0x10 (PCIe) @ 0x48: dw0=0x00024010 dw1=0x00000fc0
  cap 0x01 (PM) @ 0x40: dw0=0x0022f401 dw1=0x00000000
  cap 0x11 (MSI-X) @ 0xf4: dw0=0x00020011 dw1=0x00000001
[virtio-net-pci] MSI-X cap at 0xf4: 3 vectors
[virtio-net-pci] MSI-X vector assignments: cfg=0xffff rx=0x0
[virtio-net-pci] MSI-X enabled: SPI 55 doorbell=0x2250040 vectors=3
[virtio-net-pci] Network device initialized successfully
[drivers] VirtIO network (PCI) initialized
[drivers] SVGA3 init skipped: SVGA3 device not found
[drivers] Found XHCI at 00:03.0 [1033:0194]
[xhci] DMA addrs: DCBAA=0x40263000 CMD_RING=0x40264000 EVT_RING=0x40274000 ERST=0x40332340
[xhci] Regs: USBCMD=0x5 USBSTS=0x0 CRCR=0x0 DCBAAP=0x40263000
[xhci] IR0: IMAN=0x2 ERDP=0x40274000 ERSTBA=0x40332340
[xhci] Port scan: 14 ports
[xhci]   port 1: PORTSC=0x00021203 CCS=1 PED=1 speed=4
[xhci]   port 2: PORTSC=0x00021203 CCS=1 PED=1 speed=4
[xhci]   port 3: PORTSC=0x00021203 CCS=1 PED=1 speed=4
[xhci]   port 4: PORTSC=0x000002a0 CCS=0 PED=0 speed=0
[xhci]   port 5: PORTSC=0x000002a0 CCS=0 PED=0 speed=0
[xhci]   port 6: PORTSC=0x000002a0 CCS=0 PED=0 speed=0
[xhci]   port 7: PORTSC=0x000002a0 CCS=0 PED=0 speed=0
[xhci]   port 8: PORTSC=0x000002a0 CCS=0 PED=0 speed=0
[xhci]   port 9: PORTSC=0x000002a0 CCS=0 PED=0 speed=0
[xhci]   port 10: PORTSC=0x000002a0 CCS=0 PED=0 speed=0
[xhci]   port 11: PORTSC=0x000002a0 CCS=0 PED=0 speed=0
[xhci]   port 12: PORTSC=0x000002a0 CCS=0 PED=0 speed=0
[xhci]   port 13: PORTSC=0x000002a0 CCS=0 PED=0 speed=0
[xhci]   port 14: PORTSC=0x000002a0 CCS=0 PED=0 speed=0
[xhci] port 1 connected: PORTSC=0x00001203 PED=1 speed=4
[xhci] port 1 EnableSlot -> slot 1
[xhci] port 1 AddressDevice OK (slot 1)
[xhci] slot1: vid=0x203a pid=0xfffc class=0x00/0x00/0x00
[xhci] slot1 iface0: class=0x03 sub=0x00 proto=0x02 numEP=1
[xhci] HID iface: proto=2 subclass=0 -> mouse (hid_idx=1)
[xhci] slot1 iface1: class=0x03 sub=0x00 proto=0x02 numEP=1
[xhci] HID iface: proto=2 subclass=0 -> mouse (hid_idx=3)
[xhci] port 2 connected: PORTSC=0x00001203 PED=1 speed=4
[xhci] port 2 EnableSlot -> slot 2
[xhci] port 2 AddressDevice OK (slot 2)
[xhci] slot2: vid=0x203a pid=0xfffb class=0x00/0x00/0x00
[xhci] slot2 iface0: class=0x03 sub=0x01 proto=0x01 numEP=1
[xhci] HID iface: proto=1 subclass=1 -> keyboard (hid_idx=0)
[xhci] slot2 iface1: class=0x03 sub=0x00 proto=0x00 numEP=1
[xhci] HID iface: proto=0 subclass=0 -> NKRO (hid_idx=2)
[xhci] port 3 connected: PORTSC=0x00001203 PED=1 speed=4
[xhci] port 3 EnableSlot -> slot 3
[xhci] port 3 AddressDevice OK (slot 3)
[xhci] slot3: vid=0x203a pid=0xfff9 class=0xef/0x02/0x01
[xhci] slot3 iface0: class=0x0e sub=0x01 proto=0x00 numEP=0
[xhci] slot3 iface1: class=0x0e sub=0x02 proto=0x00 numEP=1
[xhci] start_hid_polling: kbd=slot2/dci3 nkro=dci5 mouse=slot1/dci3 mouse2=dci5
[xhci] Initialized: 32 slots, MSI irq=56
[drivers] XHCI USB controller initialized
[ahci] Platform AHCI at phys 0x2140000, virt 0xffff000002140000
[ahci] HBA version 1.256, 6 ports, 32 cmd slots, PI=0x0000003f
[ahci] Port 0: Sata, 131072 sectors (64 MB)
[ahci] Port 1: Sata, 524288 sectors (256 MB)
[ahci] IRQ probe: using port 0 dma_index 0
[ahci] IRQ probe: ISPENDR before=[0x01000000, 0x00000000, 0x00000000] after=[0x01000004, 0x00000000, 0x00000000]
[ahci] IRQ probe: PORT_IS=0x00000001 (should have D2H bit set)
[ahci] Platform IRQ probe: discovered SPI 34
[ahci] Platform IRQ enabled: SPI 34 (wired, level-triggered, CPU0)
[drivers] AHCI initialized (platform MMIO): 2 SATA device(s)
[drivers] Driver subsystem initialized (PCI)
[boot] Found 7 devices
[drivers] Running post-init self-tests...
[virtio-blk] Testing read of sector 0...
[drivers] VirtIO block test failed: Block device not initialized
[boot] Initializing network stack...
[net] Initializing network stack...
[net] Using VirtIO net PCI driver (Parallels)
[net] MAC address: 00:1c:42:ea:53:f3
NET: IP address: 10.211.55.100
NET: Gateway: 10.211.55.1
Network stack initialized
NET: Sending ARP request for gateway 10.211.55.1
ARP request sent successfully
[virtio-net-pci] RX diag: used_idx=1 last_used=0 avail_idx=4 isr=0x0 msi_count=0
[virtio-net-pci] RX diag: used_idx=1 last_used=1 avail_idx=8 isr=0x0 msi_count=0
NET: ARP resolved gateway MAC: 00:1c:42:00:00:18
NET: Sending ICMP echo request to gateway 10.211.55.1
[net] ICMP echo reply received from 10.211.55.1 seq=1
NET: Network initialization complete
[virtio-net-pci] MSI-X SPI 55 enabled (post-init)
[boot] Initializing filesystem...
[ext2] No VirtIO block device, trying AHCI...
[ext2] AHCI device 0: 131072 sectors (64 MB)
[ext2] AHCI device 0: not ext2 (magic=0x0064)
[ext2] AHCI device 1: 524288 sectors (256 MB)
[ext2] Found ext2 superblock on AHCI device 1
[boot] ext2 root filesystem mounted
[boot] No home filesystem: No home block device available (expected at device index 3 or 1) (continuing)
[boot] devfs initialized at /dev
[boot] devptsfs initialized at /dev/pts
[boot] CPU detected: ARM Unknown
[boot] procfs initialized at /proc
[boot] TTY subsystem initialized
[boot] Initializing graphics...
[boot] VirGL active — skipping GOP framebuffer init (2D resource already set up in gpu_pci::init)
[boot] FB_INFO_CACHE populated for VirGL display (1280x960)
[boot] USB HID input active via XHCI (polled from timer)
[boot] Initializing per-CPU data...
[boot] Per-CPU data initialized
[boot] Initializing process manager...
[boot] Process manager initialized
[boot] Initializing scheduler...
[boot] Scheduler initialized
[boot] Workqueue subsystem initialized
[boot] Softirq subsystem initialized
[boot] Render thread skipped — VirGL owns the display
[boot] Tracing subsystem initialized and enabled
[boot] Pre-loading /sbin/init from ext2 (before timer)...
[boot] Init binary pre-loaded: 296776 bytes
[xhci] activate_msi_if_ready: source=system-ready spi=56 DIAG_SPI_ENABLE_COUNT=1
[xhci] post-activation: MSI_EVENT_COUNT=1 EVENT_COUNT=0 POLL_COUNT=0 SPI_ACTIVATED=true
[boot] Initializing timer interrupt...
[timer] Timer configured for ~1000 Hz (24000 ticks per interrupt)
[timer] Using virtual timer (PPI 27)
[boot] Timer interrupt initialized
[smp] CPU 0 MPIDR=0x80000000, stack_base=0x43000000
[smp] GICR covers 8 redistributors, probing CPUs 1..8
[smp] Probing secondary CPUs via PSCI...
T11@1[ABsCDmpEeFG] CP1U 1: PSCI CPU_ON success
[gic] ICC_CT2@1LABRCD_EEeLFG1: 20x40400 -> 0x40402 (EOImode=1)
[gic] ICC_CTLR_EL1: 0x40400 -> 0x40402 (EOImode=1)
[smp] CPU 2: PSCI CPU_ON success
T32[@s1mpA]BC DEeFG3CPU 3: PSCI CPU_ON success
[gic] IC4C@_1ACBTCDLR_EEL1: 0xe4FG04040 -> 0x40402 (EOImode=1)
[smp] CPU 4: PSCI CPU_ON success
[gic5@1ABCD]EeFG ICC_5CTLR_EL1: 0x40400 -> 0x40402 (EOImode=1)
[gic] ICC_CTLR_EL1: 0x40400 -> 0x40402 (EOImode=1)
[smp] CPU 5: PSCI CPU_ON success
T3[s6m@p1]ABC DECeFPGU6 6: PSCI CPU_ON success
[gi7@c1A]BC DEIeCFGC_7CTLR_EL1: 0x40400 -> 0x40402 (EOImode=1)
[smp] CPU 7: PSCI CPU_ON success
[gic] ICC_CTLR_EL1: 0x40400 -> 0x40402 (EOImode=1)
[smp] 8 CPUs online

========================================
T4  Breenix ARM64 Boot Complete!
========================================

Hello from ARM64!

[boot] Launching init from pre-loaded ELF...
manager.create_process_with_argv [ARM64]: ENTRY - name='init', elf_size=296776, argc=1
manager.create_process_with_argv [ARM64]: Generated PID 1
manager.create_process_with_argv [ARM64]: Creating ProcessPageTable
manager.create_process_with_argv [ARM64]: Loading ELF into page table
manager.create_process_with_argv [ARM64]: ELF loaded, entry=0x4000f1f0
manager.create_process_with_argv [ARM64]: Allocating user stack
manager.create_process_with_argv [ARM64]: User stack will be at 0xfffffeff0000-0xffffff000000
manager.create_process_with_argv [ARM64]: argc/argv set up on stack, SP=0xfffffefffed0
manager.create_process_with_argv [ARM64]: SUCCESS - returning PID 1
[ahci-poll-attrib] total=72 post_reg=70 pre_sched=70 post_sched=0
[boot] Reset 8 idle thread contexts (CPUs online: 8)
T5T6EL0_SYSCALL: First syscall from userspace (SPSR confirms EL0)
[ OK ] syscall path verified
[init] Breenix init starting (PID 1)
T7[spawn] path='/bin/heartbeat'
manager.create_process_with_argv [ARM64]: ENTRY - name='heartbeat', elf_size=290128, argc=1
manager.create_process_with_argv [ARM64]: Generated PID 2
manager.create_process_with_argv [ARM64]: Creating ProcessPageTable
manager.create_process_with_argv [ARM64]: Loading ELF into page table
manager.create_process_with_argv [ARM64]: ELF loaded, entry=0x4000edac
manager.create_process_with_argv [ARM64]: Allocating user stack
manager.create_process_with_argv [ARM64]: User stack will be at 0xfffffeff0000-0xffffff000000
manager.create_process_with_argv [ARM64]: argc/argv set up on stack, SP=0xfffffefffed0
manager.create_process_with_argv [ARM64]: SUCCESS - returning PID 2
[spawn] Created child PID 2 for parent PID 1
T8[spawn] Success: child PID 2 scheduled
[heartbeat] tid=12 uptime_ms=1366
T9T0[spawn] path='/bin/xhci_counters'
manager.create_process_with_argv [ARM64]: ENTRY - name='xhci_counters', elf_size=292264, argc=1
manager.create_process_with_argv [ARM64]: Generated PID 3
manager.create_process_with_argv [ARM64]: Creating ProcessPageTable
manager.create_process_with_argv [ARM64]: Loading ELF into page table
manager.create_process_with_argv [ARM64]: ELF loaded, entry=0x4000f140
manager.create_process_with_argv [ARM64]: Allocating user stack
manager.create_process_with_argv [ARM64]: User stack will be at 0xfffffeff0000-0xffffff000000
manager.create_process_with_argv [ARM64]: argc/argv set up on stack, SP=0xfffffefffed0
manager.create_process_with_argv [ARM64]: SUCCESS - returning PID 3
[spawn] Created child PID 3 for parent PID 1
[spawn] Success: child PID 3 scheduled
[xhci-counters] XHCI_MSI_EVENT_TOTAL=1
[xhci-counters] XHCI_IRQ_ENTRY_TOTAL=1
[xhci-counters] XHCI_LOCK_CONTENDED_TOTAL=0
[syscall] exit(0) pid=3 name=xhci_counters
[spawn] path='/bin/bwm'
manager.create_process_with_argv [ARM64]: ENTRY - name='bwm', elf_size=429208, argc=1
manager.create_process_with_argv [ARM64]: Generated PID 4
manager.create_process_with_argv [ARM64]: Creating ProcessPageTable
manager.create_process_with_argv [ARM64]: Loading ELF into page table
manager.create_process_with_argv [ARM64]: ELF loaded, entry=0x400190b8
manager.create_process_with_argv [ARM64]: Allocating user stack
manager.create_process_with_argv [ARM64]: User stack will be at 0xfffffeff0000-0xffffff000000
manager.create_process_with_argv [ARM64]: argc/argv set up on stack, SP=0xfffffefffee0
manager.create_process_with_argv [ARM64]: SUCCESS - returning PID 4
[spawn] Created child PID 4 for parent PID 1
[spawn] Success: child PID 4 scheduled
[bwm] Breenix Window Manager starting... (v2-chromeless-skip)
[virgl-composite] Frame #0: 1x1 → 1280x960 display (first1k: 1 nonzero, first=0xff000000)
[bwm] GPU compositing mode (VirGL), display: 1280x960
[compositor] Mapped compositor buffer into process: virt=0x7ffffdb4e000, 1280x960, 1200 pages (backend=VirGL)
[bwm] Direct compositor mapping: 1280x960 at 0x7ffffdb4e000
[bwm] using bitmap font fallback for early boot
[bwm] hotkeys: using built-in defaults for early boot
[virgl-composite] Frame #1: 1280x960 → 1280x960 display (first1k: 1000 nonzero, first=0x00121832)
[virgl-composite] Frame #2: 1280x960 → 1280x960 display (first1k: 1000 nonzero, first=0x00121832)
[spawn] path='/sbin/telnetd'
manager.create_process_with_argv [ARM64]: ENTRY - name='telnetd', elf_size=298632, argc=1
manager.create_process_with_argv [ARM64]: Generated PID 5
manager.create_process_with_argv [ARM64]: Creating ProcessPageTable
manager.create_process_with_argv [ARM64]: Loading ELF into page table
manager.create_process_with_argv [ARM64]: ELF loaded, entry=0x4000fdd0
manager.create_process_with_argv [ARM64]: Allocating user stack
manager.create_process_with_argv [ARM64]: User stack will be at 0xfffffeff0000-0xffffff000000
manager.create_process_with_argv [ARM64]: argc/argv set up on stack, SP=0xfffffefffed0
manager.create_process_with_argv [ARM64]: SUCCESS - returning PID 5
[spawn] Created child PID 5 for parent PID 1
[spawn] Success: child PID 5 scheduled
TELNETD_STARTING
TELNETD_LISTENING
[init] Boot script completed
[spawn] path='/bin/bsshd'
manager.create_process_with_argv [ARM64]: ENTRY - name='bsshd', elf_size=441008, argc=1
manager.create_process_with_argv [ARM64]: Generated PID 6
manager.create_process_with_argv [ARM64]: Creating ProcessPageTable
manager.create_process_with_argv [ARM64]: Loading ELF into page table
manager.create_process_with_argv [ARM64]: ELF loaded, entry=0x4001c39c
manager.create_process_with_argv [ARM64]: Allocating user stack
manager.create_process_with_argv [ARM64]: User stack will be at 0xfffffeff0000-0xffffff000000
manager.create_process_with_argv [ARM64]: argc/argv set up on stack, SP=0xfffffefffed0
manager.create_process_with_argv [ARM64]: SUCCESS - returning PID 6
[spawn] Created child PID 6 for parent PID 1
[spawn] Success: child PID 6 scheduled
bsshd: starting on port 2222
bsshd: listening on 0.0.0.0:2222
[init] bsshd started (PID 6)
[spawn] path='/bin/bounce'
manager.create_process_with_argv [ARM64]: ENTRY - name='bounce', elf_size=388152, argc=1
manager.create_process_with_argv [ARM64]: Generated PID 7
manager.create_process_with_argv [ARM64]: Creating ProcessPageTable
manager.create_process_with_argv [ARM64]: Loading ELF into page table
manager.create_process_with_argv [ARM64]: ELF loaded, entry=0x400188f4
manager.create_process_with_argv [ARM64]: Allocating user stack
manager.create_process_with_argv [ARM64]: User stack will be at 0xfffffeff0000-0xffffff000000
manager.create_process_with_argv [ARM64]: argc/argv set up on stack, SP=0xfffffefffed0
manager.create_process_with_argv [ARM64]: SUCCESS - returning PID 7
[spawn] Created child PID 7 for parent PID 1
[spawn] Success: child PID 7 scheduled
Bounce spheres demo starting (for Gus!) [boot_id=0000000069fbc278]
[window] create_window_buffer: 400x300 (480000 bytes, 118 pages)
[window] Created buffer id=1 for pid=7: 400x300 at virt=0x7ffffdf86000 phys=0x4417c000
[init] bounce started (PID 7)
[bounce] Window mode: id=1 400x300 [boot_id=0000000069fbc2[bwm] Discovered window 'Bounce' (id=1, 400x300) at (30,38)
78]
[compositor] Mapped window 1 into BWM: virt=0x7ffffdad4000, 400x300, 118 pages
[init] Process 3 exited (code 0)
[freeze-watch] uptime_ms=1842 submits=98 completes=101 fails=0 last_completion_ms=1839 fps_last_5s=24 cpu=2 tid=3 ctx_switches=2274 timer_ticks_cpu0=261 timer_ticks_cpu1=420 timer_ticks_cpu2=425 timer_ticks_cpu3=424 timer_ticks_cpu4=419 timer_ticks_cpu5=426 timer_ticks_cpu6=420 timer_ticks_cpu7=417 rq_total=0 rq_cpu0=0 rq_cpu1=0 rq_cpu2=0 rq_cpu3=0 rq_cpu4=0 rq_cpu5=0 rq_cpu6=0 rq_cpu7=0 cur_cpu0=0 cur_cpu1=14 cur_cpu2=3 cur_cpu3=6 cur_cpu4=7 cur_cpu5=8 cur_cpu6=9 cur_cpu7=10 total_threads=17 blocked_threads=6 sched_lock=ok procmgr_lock=ok gpu_pci_lock=ok
[gpu-pci-lock-attrib] max_hold_ms=11 max_hold_holder_tid=-1
[wake-attrib] schedule=122 unblock=0 isr_unblock=1038 wake_io=1042 signal=0 child=0 timer=5
[enqueue-attrib] same_lock=16 deferred=157 isr_buf=1038 deferred_drained=123 isr_buf_drained=998 already_queued=8 isr_buf_full=0
[freeze-watch] uptime_ms=2346 submits=347 completes=349 fails=0 last_completion_ms=2345 fps_last_5s=162 cpu=2 tid=0 ctx_switches=3327 timer_ticks_cpu0=603 timer_ticks_cpu1=856 timer_ticks_cpu2=852 timer_ticks_cpu3=848 timer_ticks_cpu4=839 timer_ticks_cpu5=850 timer_ticks_cpu6=847 timer_ticks_cpu7=843 rq_total=0 rq_cpu0=0 rq_cpu1=0 rq_cpu2=0 rq_cpu3=0 rq_cpu4=0 rq_cpu5=0 rq_cpu6=0 rq_cpu7=0 cur_cpu0=0 cur_cpu1=0 cur_cpu2=0 cur_cpu3=0 cur_cpu4=0 cur_cpu5=0 cur_cpu6=0 cur_cpu7=0 total_threads=0 blocked_threads=0 sched_lock=busy procmgr_lock=ok gpu_pci_lock=busy
[heartbeat] tid=12 uptime_ms=2366
[bwm-fps] frames_since_last=123 elapsed_ms=1000 instantaneous_fps=123
[freeze-watch] uptime_ms=2849 submits=608 completes=610 fails=0 last_completion_ms=2849 fps_last_5s=172 cpu=2 tid=3 ctx_switches=4394 timer_ticks_cpu0=948 timer_ticks_cpu1=1288 timer_ticks_cpu2=1277 timer_ticks_cpu3=1275 timer_ticks_cpu4=1260 timer_ticks_cpu5=1271 timer_ticks_cpu6=1273 timer_ticks_cpu7=1267 rq_total=0 rq_cpu0=0 rq_cpu1=0 rq_cpu2=0 rq_cpu3=0 rq_cpu4=0 rq_cpu5=0 rq_cpu6=0 rq_cpu7=0 cur_cpu0=0 cur_cpu1=4 cur_cpu2=3 cur_cpu3=6 cur_cpu4=7 cur_cpu5=8 cur_cpu6=9 cur_cpu7=10 total_threads=17 blocked_threads=7 sched_lock=ok procmgr_lock=ok gpu_pci_lock=busy
[freeze-watch] uptime_ms=3352 submits=878 completes=881 fails=0 last_completion_ms=3348 fps_last_5s=180 cpu=5 tid=3 ctx_switches=5549 timer_ticks_cpu0=1295 timer_ticks_cpu1=1719 timer_ticks_cpu2=1703 timer_ticks_cpu3=1699 timer_ticks_cpu4=1680 timer_ticks_cpu5=1691 timer_ticks_cpu6=1698 timer_ticks_cpu7=1695 rq_total=0 rq_cpu0=0 rq_cpu1=0 rq_cpu2=0 rq_cpu3=0 rq_cpu4=0 rq_cpu5=0 rq_cpu6=0 rq_cpu7=0 cur_cpu0=0 cur_cpu1=4 cur_cpu2=14 cur_cpu3=6 cur_cpu4=7 cur_cpu5=3 cur_cpu6=9 cur_cpu7=10 total_threads=17 blocked_threads=6 sched_lock=ok procmgr_lock=ok gpu_pci_lock=ok
[heartbeat] tid=12 uptime_ms=3367
[bwm-fps] frames_since_last=181 elapsed_ms=1000 instantaneous_fps=181
[freeze-watch] uptime_ms=3855 submits=1161 completes=1163 fails=0 last_completion_ms=3852 fps_last_5s=186 cpu=1 tid=3 ctx_switches=6687 timer_ticks_cpu0=1635 timer_ticks_cpu1=2153 timer_ticks_cpu2=2132 timer_ticks_cpu3=2125 timer_ticks_cpu4=2103 timer_ticks_cpu5=2114 timer_ticks_cpu6=2128 timer_ticks_cpu7=2124 rq_total=0 rq_cpu0=0 rq_cpu1=0 rq_cpu2=0 rq_cpu3=0 rq_cpu4=0 rq_cpu5=0 rq_cpu6=0 rq_cpu7=0 cur_cpu0=0 cur_cpu1=3 cur_cpu2=5 cur_cpu3=6 cur_cpu4=7 cur_cpu5=8 cur_cpu6=9 cur_cpu7=10 total_threads=17 blocked_threads=7 sched_lock=ok procmgr_lock=ok gpu_pci_lock=busy
[freeze-watch] uptime_ms=4361 submits=1454 completes=1457 fails=0 last_completion_ms=4360 fps_last_5s=193 cpu=4 tid=3 ctx_switches=7884 timer_ticks_cpu0=1982 timer_ticks_cpu1=2586 timer_ticks_cpu2=2565 timer_ticks_cpu3=2556 timer_ticks_cpu4=2527 timer_ticks_cpu5=2542 timer_ticks_cpu6=2556 timer_ticks_cpu7=2556 rq_total=0 rq_cpu0=0 rq_cpu1=0 rq_cpu2=0 rq_cpu3=0 rq_cpu4=0 rq_cpu5=0 rq_cpu6=0 rq_cpu7=0 cur_cpu0=0 cur_cpu1=4 cur_cpu2=5 cur_cpu3=6 cur_cpu4=3 cur_cpu5=8 cur_cpu6=9 cur_cpu7=10 total_threads=17 blocked_threads=6 sched_lock=ok procmgr_lock=ok gpu_pci_lock=ok
[heartbeat] tid=12 uptime_ms=4367
[bwm-fps] frames_since_last=192 elapsed_ms=1004 instantaneous_fps=191
[virgl-composite] Frame #500: 1280x960 → 1280x960 display (first1k: 1000 nonzero, first=0x0014161e)
[freeze-watch] uptime_ms=4863 submits=1730 completes=1732 fails=0 last_completion_ms=4863 fps_last_5s=181 cpu=1 tid=3 ctx_switches=9060 timer_ticks_cpu0=2332 timer_ticks_cpu1=3019 timer_ticks_cpu2=2995 timer_ticks_cpu3=2979 timer_ticks_cpu4=2946 timer_ticks_cpu5=2964 timer_ticks_cpu6=2983 timer_ticks_cpu7=2980 rq_total=0 rq_cpu0=0 rq_cpu1=0 rq_cpu2=0 rq_cpu3=0 rq_cpu4=0 rq_cpu5=0 rq_cpu6=0 rq_cpu7=0 cur_cpu0=0 cur_cpu1=3 cur_cpu2=5 cur_cpu3=6 cur_cpu4=7 cur_cpu5=8 cur_cpu6=9 cur_cpu7=10 total_threads=17 blocked_threads=7 sched_lock=ok procmgr_lock=ok gpu_pci_lock=busy
[freeze-watch] uptime_ms=5366 submits=1999 completes=2001 fails=0 last_completion_ms=5364 fps_last_5s=178 cpu=0 tid=0 ctx_switches=10180 timer_ticks_cpu0=2677 timer_ticks_cpu1=3445 timer_ticks_cpu2=3425 timer_ticks_cpu3=3406 timer_ticks_cpu4=3364 timer_ticks_cpu5=3391 timer_ticks_cpu6=3404 timer_ticks_cpu7=3404 rq_total=0 rq_cpu0=0 rq_cpu1=0 rq_cpu2=0 rq_cpu3=0 rq_cpu4=0 rq_cpu5=0 rq_cpu6=0 rq_cpu7=0 cur_cpu0=0 cur_cpu1=0 cur_cpu2=0 cur_cpu3=0 cur_cpu4=0 cur_cpu5=0 cur_cpu6=0 cur_cpu7=0 total_threads=0 blocked_threads=0 sched_lock=busy procmgr_lock=ok gpu_pci_lock=busy
[heartbeat] tid=12 uptime_ms=5368
[bwm-fps] frames_since_last=179 elapsed_ms=1002 instantaneous_fps=178
[freeze-watch] uptime_ms=5869 submits=2261 completes=2264 fails=0 last_completion_ms=5868 fps_last_5s=174 cpu=5 tid=3 ctx_switches=11277 timer_ticks_cpu0=3024 timer_ticks_cpu1=3868 timer_ticks_cpu2=3852 timer_ticks_cpu3=3828 timer_ticks_cpu4=3787 timer_ticks_cpu5=3810 timer_ticks_cpu6=3830 timer_ticks_cpu7=3830 rq_total=0 rq_cpu0=0 rq_cpu1=0 rq_cpu2=0 rq_cpu3=0 rq_cpu4=0 rq_cpu5=0 rq_cpu6=0 rq_cpu7=0 cur_cpu0=0 cur_cpu1=4 cur_cpu2=5 cur_cpu3=6 cur_cpu4=7 cur_cpu5=3 cur_cpu6=9 cur_cpu7=10 total_threads=17 blocked_threads=6 sched_lock=ok procmgr_lock=ok gpu_pci_lock=ok
[freeze-watch] uptime_ms=6373 submits=2552 completes=2554 fails=0 last_completion_ms=6372 fps_last_5s=190 cpu=1 tid=3 ctx_switches=12443 timer_ticks_cpu0=3374 timer_ticks_cpu1=4306 timer_ticks_cpu2=4281 timer_ticks_cpu3=4251 timer_ticks_cpu4=4211 timer_ticks_cpu5=4234 timer_ticks_cpu6=4259 timer_ticks_cpu7=4264 rq_total=0 rq_cpu0=0 rq_cpu1=0 rq_cpu2=0 rq_cpu3=0 rq_cpu4=0 rq_cpu5=0 rq_cpu6=0 rq_cpu7=0 cur_cpu0=14 cur_cpu1=3 cur_cpu2=5 cur_cpu3=6 cur_cpu4=7 cur_cpu5=8 cur_cpu6=9 cur_cpu7=10 total_threads=17 blocked_threads=5 sched_lock=ok procmgr_lock=ok gpu_pci_lock=busy
[heartbeat] tid=12 uptime_ms=6374
[bwm-fps] frames_since_last=184 elapsed_ms=1000 instantaneous_fps=184
[freeze-watch] uptime_ms=6875 submits=2819 completes=2822 fails=0 last_completion_ms=6875 fps_last_5s=179 cpu=5 tid=3 ctx_switches=13575 timer_ticks_cpu0=3719 timer_ticks_cpu1=4731 timer_ticks_cpu2=4709 timer_ticks_cpu3=4678 timer_ticks_cpu4=4633 timer_ticks_cpu5=4657 timer_ticks_cpu6=4684 timer_ticks_cpu7=4690 rq_total=0 rq_cpu0=0 rq_cpu1=0 rq_cpu2=0 rq_cpu3=0 rq_cpu4=0 rq_cpu5=0 rq_cpu6=0 rq_cpu7=0 cur_cpu0=17 cur_cpu1=4 cur_cpu2=5 cur_cpu3=6 cur_cpu4=7 cur_cpu5=3 cur_cpu6=9 cur_cpu7=10 total_threads=17 blocked_threads=6 sched_lock=ok procmgr_lock=ok gpu_pci_lock=ok
[virgl-composite] Frame #1000: 1280x960 → 1280x960 display (first1k: 1000 nonzero, first=0x0014161e)
[heartbeat] tid=12 uptime_ms=7375
[freeze-watch] uptime_ms=7377 submits=3080 completes=3083 fails=0 last_completion_ms=7376 fps_last_5s=173 cpu=2 tid=0 ctx_switches=14774 timer_ticks_cpu0=4076 timer_ticks_cpu1=5162 timer_ticks_cpu2=5132 timer_ticks_cpu3=5099 timer_ticks_cpu4=5058 timer_ticks_cpu5=5077 timer_ticks_cpu6=5105 timer_ticks_cpu7=5117 rq_total=0 rq_cpu0=0 rq_cpu1=0 rq_cpu2=0 rq_cpu3=0 rq_cpu4=0 rq_cpu5=0 rq_cpu6=0 rq_cpu7=0 cur_cpu0=0 cur_cpu1=0 cur_cpu2=0 cur_cpu3=0 cur_cpu4=0 cur_cpu5=0 cur_cpu6=0 cur_cpu7=0 total_threads=0 blocked_threads=0 sched_lock=busy procmgr_lock=ok gpu_pci_lock=ok
[bwm-fps] frames_since_last=174 elapsed_ms=1006 instantaneous_fps=172
[freeze-watch] uptime_ms=7879 submits=3351 completes=3353 fails=0 last_completion_ms=7875 fps_last_5s=179 cpu=0 tid=0 ctx_switches=15971 timer_ticks_cpu0=4410 timer_ticks_cpu1=5593 timer_ticks_cpu2=5554 timer_ticks_cpu3=5519 timer_ticks_cpu4=5476 timer_ticks_cpu5=5496 timer_ticks_cpu6=5530 timer_ticks_cpu7=5544 rq_total=0 rq_cpu0=0 rq_cpu1=0 rq_cpu2=0 rq_cpu3=0 rq_cpu4=0 rq_cpu5=0 rq_cpu6=0 rq_cpu7=0 cur_cpu0=0 cur_cpu1=0 cur_cpu2=0 cur_cpu3=0 cur_cpu4=0 cur_cpu5=0 cur_cpu6=0 cur_cpu7=0 total_threads=0 blocked_threads=0 sched_lock=busy procmgr_lock=ok gpu_pci_lock=busy
[heartbeat] tid=12 uptime_ms=8375
[freeze-watch] uptime_ms=8386 submits=3629 completes=3632 fails=0 last_completion_ms=8384 fps_last_5s=183 cpu=0 tid=0 ctx_switches=17217 timer_ticks_cpu0=4748 timer_ticks_cpu1=6028 timer_ticks_cpu2=5989 timer_ticks_cpu3=5954 timer_ticks_cpu4=5910 timer_ticks_cpu5=5928 timer_ticks_cpu6=5966 timer_ticks_cpu7=5979 rq_total=0 rq_cpu0=0 rq_cpu1=0 rq_cpu2=0 rq_cpu3=0 rq_cpu4=0 rq_cpu5=0 rq_cpu6=0 rq_cpu7=0 cur_cpu0=0 cur_cpu1=0 cur_cpu2=0 cur_cpu3=0 cur_cpu4=0 cur_cpu5=0 cur_cpu6=0 cur_cpu7=0 total_threads=0 blocked_threads=0 sched_lock=busy procmgr_lock=ok gpu_pci_lock=ok
[bwm-fps] frames_since_last=182 elapsed_ms=1000 instantaneous_fps=182
[timer] cpu0 ticks=5000
[freeze-watch] uptime_ms=8889 submits=3896 completes=3899 fails=0 last_completion_ms=8885 fps_last_5s=176 cpu=5 tid=3 ctx_switches=18396 timer_ticks_cpu0=5105 timer_ticks_cpu1=6464 timer_ticks_cpu2=6418 timer_ticks_cpu3=6377 timer_ticks_cpu4=6340 timer_ticks_cpu5=6354 timer_ticks_cpu6=6393 timer_ticks_cpu7=6409 rq_total=0 rq_cpu0=0 rq_cpu1=0 rq_cpu2=0 rq_cpu3=0 rq_cpu4=0 rq_cpu5=0 rq_cpu6=0 rq_cpu7=0 cur_cpu0=0 cur_cpu1=4 cur_cpu2=14 cur_cpu3=6 cur_cpu4=7 cur_cpu5=3 cur_cpu6=9 cur_cpu7=10 total_threads=17 blocked_threads=6 sched_lock=ok procmgr_lock=ok gpu_pci_lock=ok
[heartbeat] tid=12 uptime_ms=9377
[freeze-watch] uptime_ms=9393 submits=4127 completes=4129 fails=0 last_completion_ms=9390 fps_last_5s=150 cpu=6 tid=0 ctx_switches=19519 timer_ticks_cpu0=5458 timer_ticks_cpu1=6885 timer_ticks_cpu2=6835 timer_ticks_cpu3=6796 timer_ticks_cpu4=6757 timer_ticks_cpu5=6769 timer_ticks_cpu6=6813 timer_ticks_cpu7=6825 rq_total=0 rq_cpu0=0 rq_cpu1=0 rq_cpu2=0 rq_cpu3=0 rq_cpu4=0 rq_cpu5=0 rq_cpu6=0 rq_cpu7=0 cur_cpu0=0 cur_cpu1=0 cur_cpu2=0 cur_cpu3=0 cur_cpu4=0 cur_cpu5=0 cur_cpu6=0 cur_cpu7=0 total_threads=0 blocked_threads=0 sched_lock=busy procmgr_lock=ok gpu_pci_lock=busy
[bwm-fps] frames_since_last=165 elapsed_ms=1000 instantaneous_fps=165
[freeze-watch] uptime_ms=9897 submits=4390 completes=4392 fails=0 last_completion_ms=9897 fps_last_5s=174 cpu=2 tid=0 ctx_switches=20733 timer_ticks_cpu0=5810 timer_ticks_cpu1=7311 timer_ticks_cpu2=7259 timer_ticks_cpu3=7218 timer_ticks_cpu4=7179 timer_ticks_cpu5=7194 timer_ticks_cpu6=7239 timer_ticks_cpu7=7256 rq_total=0 rq_cpu0=0 rq_cpu1=0 rq_cpu2=0 rq_cpu3=0 rq_cpu4=0 rq_cpu5=0 rq_cpu6=0 rq_cpu7=0 cur_cpu0=0 cur_cpu1=0 cur_cpu2=0 cur_cpu3=0 cur_cpu4=0 cur_cpu5=0 cur_cpu6=0 cur_cpu7=0 total_threads=0 blocked_threads=0 sched_lock=busy procmgr_lock=ok gpu_pci_lock=busy
[virgl-composite] Frame #1500: 1280x960 → 1280x960 display (first1k: 1000 nonzero, first=0x0014161e)
[heartbeat] tid=12 uptime_ms=10377
[freeze-watch] uptime_ms=10400 submits=4661 completes=4664 fails=0 last_completion_ms=10395 fps_last_5s=180 cpu=4 tid=0 ctx_switches=21928 timer_ticks_cpu0=6161 timer_ticks_cpu1=7742 timer_ticks_cpu2=7687 timer_ticks_cpu3=7648 timer_ticks_cpu4=7606 timer_ticks_cpu5=7617 timer_ticks_cpu6=7668 timer_ticks_cpu7=7688 rq_total=0 rq_cpu0=0 rq_cpu1=0 rq_cpu2=0 rq_cpu3=0 rq_cpu4=0 rq_cpu5=0 rq_cpu6=0 rq_cpu7=0 cur_cpu0=0 cur_cpu1=0 cur_cpu2=0 cur_cpu3=0 cur_cpu4=0 cur_cpu5=0 cur_cpu6=0 cur_cpu7=0 total_threads=0 blocked_threads=0 sched_lock=busy procmgr_lock=ok gpu_pci_lock=ok
[bwm-fps] frames_since_last=174 elapsed_ms=1001 instantaneous_fps=173
[heartbeat] tid=12 uptime_ms=11380
[bwm-fps] frames_since_last=180 elapsed_ms=1002 instantaneous_fps=179
[heartbeat] tid=12 uptime_ms=12380
[bwm-fps] frames_since_last=168 elapsed_ms=1000 instantaneous_fps=168
[virgl-composite] Frame #2000: 1280x960 → 1280x960 display (first1k: 1000 nonzero, first=0x0014161e)
[heartbeat] tid=12 uptime_ms=13381
[bwm-fps] frames_since_last=169 elapsed_ms=1005 instantaneous_fps=168
[heartbeat] tid=12 uptime_ms=14382
[bwm-fps] frames_since_last=162 elapsed_ms=1005 instantaneous_fps=161
[heartbeat] tid=12 uptime_ms=15383
[freeze-watch] uptime_ms=15404 submits=7172 completes=7175 fails=0 last_completion_ms=15400 fps_last_5s=167 cpu=4 tid=3 ctx_switches=33197 timer_ticks_cpu0=9612 timer_ticks_cpu1=12001 timer_ticks_cpu2=11919 timer_ticks_cpu3=11821 timer_ticks_cpu4=11760 timer_ticks_cpu5=11794 timer_ticks_cpu6=11905 timer_ticks_cpu7=11939 rq_total=0 rq_cpu0=0 rq_cpu1=0 rq_cpu2=0 rq_cpu3=0 rq_cpu4=0 rq_cpu5=0 rq_cpu6=0 rq_cpu7=0 cur_cpu0=0 cur_cpu1=4 cur_cpu2=14 cur_cpu3=6 cur_cpu4=3 cur_cpu5=8 cur_cpu6=9 cur_cpu7=10 total_threads=17 blocked_threads=6 sched_lock=ok procmgr_lock=ok gpu_pci_lock=ok
[bwm-fps] frames_since_last=161 elapsed_ms=1008 instantaneous_fps=159
[timer] cpu0 ticks=10000
[virgl-composite] Frame #2500: 1280x960 → 1280x960 display (first1k: 1000 nonzero, first=0x0014161e)
[heartbeat] tid=12 uptime_ms=16383
[bwm-fps] frames_since_last=160 elapsed_ms=1004 instantaneous_fps=159
[heartbeat] tid=12 uptime_ms=17383
[bwm-fps] frames_since_last=167 elapsed_ms=1008 instantaneous_fps=165
[heartbeat] tid=12 uptime_ms=18384
[bwm-fps] frames_since_last=172 elapsed_ms=1001 instantaneous_fps=171
[virgl-composite] Frame #3000: 1280x960 → 1280x960 display (first1k: 1000 nonzero, first=0x0014161e)
[heartbeat] tid=12 uptime_ms=19385
[bwm-fps] frames_since_last=162 elapsed_ms=1004 instantaneous_fps=161
[heartbeat] tid=12 uptime_ms=20385
[freeze-watch] uptime_ms=20407 submits=9656 completes=9659 fails=0 last_completion_ms=20404 fps_last_5s=165 cpu=2 tid=3 ctx_switches=44280 timer_ticks_cpu0=13051 timer_ticks_cpu1=16249 timer_ticks_cpu2=16144 timer_ticks_cpu3=15987 timer_ticks_cpu4=15904 timer_ticks_cpu5=15968 timer_ticks_cpu6=16116 timer_ticks_cpu7=16196 rq_total=0 rq_cpu0=0 rq_cpu1=0 rq_cpu2=0 rq_cpu3=0 rq_cpu4=0 rq_cpu5=0 rq_cpu6=0 rq_cpu7=0 cur_cpu0=0 cur_cpu1=4 cur_cpu2=3 cur_cpu3=14 cur_cpu4=7 cur_cpu5=8 cur_cpu6=9 cur_cpu7=10 total_threads=17 blocked_threads=6 sched_lock=ok procmgr_lock=ok gpu_pci_lock=ok
[bwm-fps] frames_since_last=171 elapsed_ms=1007 instantaneous_fps=169
[heartbeat] tid=12 uptime_ms=21386
[bwm-fps] frames_since_last=172 elapsed_ms=1005 instantaneous_fps=171
[virgl-composite] Frame #3500: 1280x960 → 1280x960 display (first1k: 1000 nonzero, first=0x0014161e)
[heartbeat] tid=12 uptime_ms=22386
[bwm-fps] frames_since_last=178 elapsed_ms=1000 instantaneous_fps=178
[timer] cpu0 ticks=15000
[heartbeat] tid=12 uptime_ms=23386
[bwm-fps] frames_since_last=189 elapsed_ms=1009 instantaneous_fps=187
[heartbeat] tid=12 uptime_ms=24387
[bwm-fps] frames_since_last=181 elapsed_ms=1004 instantaneous_fps=180
[virgl-composite] Frame #4000: 1280x960 → 1280x960 display (first1k: 1000 nonzero, first=0x0014161e)
[heartbeat] tid=12 uptime_ms=25387
[freeze-watch] uptime_ms=25410 submits=12351 completes=12353 fails=0 last_completion_ms=25407 fps_last_5s=179 cpu=5 tid=0 ctx_switches=56389 timer_ticks_cpu0=16493 timer_ticks_cpu1=20529 timer_ticks_cpu2=20415 timer_ticks_cpu3=20206 timer_ticks_cpu4=20091 timer_ticks_cpu5=20168 timer_ticks_cpu6=20358 timer_ticks_cpu7=20458 rq_total=0 rq_cpu0=0 rq_cpu1=0 rq_cpu2=0 rq_cpu3=0 rq_cpu4=0 rq_cpu5=0 rq_cpu6=0 rq_cpu7=0 cur_cpu0=0 cur_cpu1=0 cur_cpu2=0 cur_cpu3=0 cur_cpu4=0 cur_cpu5=0 cur_cpu6=0 cur_cpu7=0 total_threads=0 blocked_threads=0 sched_lock=busy procmgr_lock=ok gpu_pci_lock=busy
[bwm-fps] frames_since_last=189 elapsed_ms=1007 instantaneous_fps=187
[heartbeat] tid=12 uptime_ms=26389
[bwm-fps] frames_since_last=198 elapsed_ms=1002 instantaneous_fps=197
[heartbeat] tid=12 uptime_ms=27389
[virgl-composite] Frame #4500: 1280x960 → 1280x960 display (first1k: 1000 nonzero, first=0x0014161e)
[bwm-fps] frames_since_last=193 elapsed_ms=1003 instantaneous_fps=192
[heartbeat] tid=12 uptime_ms=28389
[bwm-fps] frames_since_last=179 elapsed_ms=1001 instantaneous_fps=178
[heartbeat] tid=12 uptime_ms=29391
[bwm-fps] frames_since_last=184 elapsed_ms=1000 instantaneous_fps=184
[virgl-composite] Frame #5000: 1280x960 → 1280x960 display (first1k: 1000 nonzero, first=0x0014161e)
[heartbeat] tid=12 uptime_ms=30391
[freeze-watch] uptime_ms=30413 submits=15176 completes=15179 fails=0 last_completion_ms=30412 fps_last_5s=188 cpu=5 tid=3 ctx_switches=68922 timer_ticks_cpu0=19946 timer_ticks_cpu1=24812 timer_ticks_cpu2=24683 timer_ticks_cpu3=24443 timer_ticks_cpu4=24282 timer_ticks_cpu5=24388 timer_ticks_cpu6=24624 timer_ticks_cpu7=24737 rq_total=0 rq_cpu0=0 rq_cpu1=0 rq_cpu2=0 rq_cpu3=0 rq_cpu4=0 rq_cpu5=0 rq_cpu6=0 rq_cpu7=0 cur_cpu0=0 cur_cpu1=4 cur_cpu2=5 cur_cpu3=6 cur_cpu4=7 cur_cpu5=3 cur_cpu6=9 cur_cpu7=10 total_threads=17 blocked_threads=6 sched_lock=ok procmgr_lock=ok gpu_pci_lock=ok
[timer] cpu0 ticks=20000
[bwm-fps] frames_since_last=187 elapsed_ms=1004 instantaneous_fps=186
[heartbeat] tid=12 uptime_ms=31392
[bwm-fps] frames_since_last=188 elapsed_ms=1005 instantaneous_fps=187
[heartbeat] tid=12 uptime_ms=32392
[bwm-fps] frames_since_last=190 elapsed_ms=1003 instantaneous_fps=189
[virgl-composite] Frame #5500: 1280x960 → 1280x960 display (first1k: 1000 nonzero, first=0x0014161e)
[heartbeat] tid=12 uptime_ms=33392
[bwm-fps] frames_since_last=182 elapsed_ms=1003 instantaneous_fps=181
[heartbeat] tid=12 uptime_ms=34394
[bwm-fps] frames_since_last=190 elapsed_ms=1002 instantaneous_fps=189
[heartbeat] tid=12 uptime_ms=35394
[freeze-watch] uptime_ms=35416 submits=17975 completes=17978 fails=0 last_completion_ms=35412 fps_last_5s=186 cpu=7 tid=3 ctx_switches=81390 timer_ticks_cpu0=23384 timer_ticks_cpu1=29119 timer_ticks_cpu2=28962 timer_ticks_cpu3=28669 timer_ticks_cpu4=28464 timer_ticks_cpu5=28590 timer_ticks_cpu6=28893 timer_ticks_cpu7=29015 rq_total=0 rq_cpu0=0 rq_cpu1=0 rq_cpu2=0 rq_cpu3=0 rq_cpu4=0 rq_cpu5=0 rq_cpu6=0 rq_cpu7=0 cur_cpu0=0 cur_cpu1=4 cur_cpu2=5 cur_cpu3=14 cur_cpu4=7 cur_cpu5=8 cur_cpu6=9 cur_cpu7=3 total_threads=17 blocked_threads=6 sched_lock=ok procmgr_lock=ok gpu_pci_lock=ok
[gpu-pci-lock-attrib] max_hold_ms=16 max_hold_holder_tid=14
[wake-attrib] schedule=15386 unblock=0 isr_unblock=18823 wake_io=26252 signal=0 child=0 timer=2813
[enqueue-attrib] same_lock=10278 deferred=17107 isr_buf=18823 deferred_drained=15992 isr_buf_drained=17066 already_queued=1227 isr_buf_full=0
[virgl-composite] Frame #6000: 1280x960 → 1280x960 display (first1k: 1000 nonzero, first=0x0014161e)
[bwm-fps] frames_since_last=186 elapsed_ms=1008 instantaneous_fps=184
[heartbeat] tid=12 uptime_ms=36395
[bwm-fps] frames_since_last=184 elapsed_ms=1004 instantaneous_fps=183
[heartbeat] tid=12 uptime_ms=37395
[bwm-fps] frames_since_last=184 elapsed_ms=1002 instantaneous_fps=183
[timer] cpu0 ticks=25000
[virgl-composite] Frame #6500: 1280x960 → 1280x960 display (first1k: 1000 nonzero, first=0x0014161e)
[heartbeat] tid=12 uptime_ms=38395
[bwm-fps] frames_since_last=182 elapsed_ms=1004 instantaneous_fps=181
[heartbeat] tid=12 uptime_ms=39396
[bwm-fps] frames_since_last=160 elapsed_ms=1002 instantaneous_fps=159
[heartbeat] tid=12 uptime_ms=40396
[freeze-watch] uptime_ms=40420 submits=20576 completes=20579 fails=0 last_completion_ms=40418 fps_last_5s=173 cpu=0 tid=0 ctx_switches=93249 timer_ticks_cpu0=26797 timer_ticks_cpu1=33413 timer_ticks_cpu2=33216 timer_ticks_cpu3=32882 timer_ticks_cpu4=32649 timer_ticks_cpu5=32782 timer_ticks_cpu6=33142 timer_ticks_cpu7=33262 rq_total=0 rq_cpu0=0 rq_cpu1=0 rq_cpu2=0 rq_cpu3=0 rq_cpu4=0 rq_cpu5=0 rq_cpu6=0 rq_cpu7=0 cur_cpu0=0 cur_cpu1=0 cur_cpu2=0 cur_cpu3=0 cur_cpu4=0 cur_cpu5=0 cur_cpu6=0 cur_cpu7=0 total_threads=0 blocked_threads=0 sched_lock=busy procmgr_lock=ok gpu_pci_lock=ok
[bwm-fps] frames_since_last=155 elapsed_ms=1001 instantaneous_fps=154
[virgl-composite] Frame #7000: 1280x960 → 1280x960 display (first1k: 1000 nonzero, first=0x0014161e)
[heartbeat] tid=12 uptime_ms=41396
[bwm-fps] frames_since_last=194 elapsed_ms=1004 instantaneous_fps=193
[heartbeat] tid=12 uptime_ms=42397
[bwm-fps] frames_since_last=182 elapsed_ms=1000 instantaneous_fps=182
[heartbeat] tid=12 uptime_ms=43397
[bwm-fps] frames_since_last=186 elapsed_ms=1003 instantaneous_fps=185
[virgl-composite] Frame #7500: 1280x960 → 1280x960 display (first1k: 1000 nonzero, first=0x0014161e)
[heartbeat] tid=12 uptime_ms=44398
[bwm-fps] frames_since_last=195 elapsed_ms=1001 instantaneous_fps=194
[timer] cpu0 ticks=30000
[heartbeat] tid=12 uptime_ms=45398
[freeze-watch] uptime_ms=45423 submits=23408 completes=23411 fails=0 last_completion_ms=45421 fps_last_5s=188 cpu=4 tid=3 ctx_switches=105559 timer_ticks_cpu0=30226 timer_ticks_cpu1=37690 timer_ticks_cpu2=37499 timer_ticks_cpu3=37106 timer_ticks_cpu4=36827 timer_ticks_cpu5=36993 timer_ticks_cpu6=37406 timer_ticks_cpu7=37538 rq_total=0 rq_cpu0=0 rq_cpu1=0 rq_cpu2=0 rq_cpu3=0 rq_cpu4=0 rq_cpu5=0 rq_cpu6=0 rq_cpu7=0 cur_cpu0=14 cur_cpu1=4 cur_cpu2=5 cur_cpu3=6 cur_cpu4=3 cur_cpu5=8 cur_cpu6=9 cur_cpu7=10 total_threads=17 blocked_threads=6 sched_lock=ok procmgr_lock=ok gpu_pci_lock=ok
[bwm-fps] frames_since_last=191 elapsed_ms=1001 instantaneous_fps=190
[heartbeat] tid=12 uptime_ms=46399
[virgl-composite] Frame #8000: 1280x960 → 1280x960 display (first1k: 1000 nonzero, first=0x0014161e)
[bwm-fps] frames_since_last=193 elapsed_ms=1004 instantaneous_fps=192
[heartbeat] tid=12 uptime_ms=47399
[bwm-fps] frames_since_last=199 elapsed_ms=1001 instantaneous_fps=198
[heartbeat] tid=12 uptime_ms=48399
[bwm-fps] frames_since_last=186 elapsed_ms=1005 instantaneous_fps=185
[virgl-composite] Frame #8500: 1280x960 → 1280x960 display (first1k: 1000 nonzero, first=0x0014161e)
[heartbeat] tid=12 uptime_ms=49400
[bwm-fps] frames_since_last=191 elapsed_ms=1000 instantaneous_fps=191
[heartbeat] tid=12 uptime_ms=50400
[freeze-watch] uptime_ms=50426 submits=26255 completes=26258 fails=0 last_completion_ms=50425 fps_last_5s=189 cpu=1 tid=3 ctx_switches=118187 timer_ticks_cpu0=33669 timer_ticks_cpu1=41972 timer_ticks_cpu2=41779 timer_ticks_cpu3=41325 timer_ticks_cpu4=41001 timer_ticks_cpu5=41209 timer_ticks_cpu6=41678 timer_ticks_cpu7=41815 rq_total=0 rq_cpu0=0 rq_cpu1=0 rq_cpu2=0 rq_cpu3=0 rq_cpu4=0 rq_cpu5=0 rq_cpu6=0 rq_cpu7=0 cur_cpu0=14 cur_cpu1=3 cur_cpu2=5 cur_cpu3=6 cur_cpu4=7 cur_cpu5=8 cur_cpu6=9 cur_cpu7=10 total_threads=17 blocked_threads=6 sched_lock=ok procmgr_lock=ok gpu_pci_lock=ok
[bwm-fps] frames_since_last=178 elapsed_ms=1003 instantaneous_fps=177
[heartbeat] tid=12 uptime_ms=51400
[bwm-fps] frames_since_last=154 elapsed_ms=1004 instantaneous_fps=153
[virgl-composite] Frame #9000: 1280x960 → 1280x960 display (first1k: 1000 nonzero, first=0x0014161e)
[heartbeat] tid=12 uptime_ms=52401
[timer] cpu0 ticks=35000
[bwm-fps] frames_since_last=158 elapsed_ms=1001 instantaneous_fps=157
[heartbeat] tid=12 uptime_ms=53402
[bwm-fps] frames_since_last=158 elapsed_ms=1003 instantaneous_fps=157
[heartbeat] tid=12 uptime_ms=54402
[bwm-fps] frames_since_last=154 elapsed_ms=1005 instantaneous_fps=153
[virgl-composite] Frame #9500: 1280x960 → 1280x960 display (first1k: 1000 nonzero, first=0x0014161e)
[heartbeat] tid=12 uptime_ms=55403
[freeze-watch] uptime_ms=55429 submits=28607 completes=28610 fails=0 last_completion_ms=55424 fps_last_5s=156 cpu=5 tid=0 ctx_switches=128708 timer_ticks_cpu0=37005 timer_ticks_cpu1=46090 timer_ticks_cpu2=45883 timer_ticks_cpu3=45373 timer_ticks_cpu4=44986 timer_ticks_cpu5=45226 timer_ticks_cpu6=45768 timer_ticks_cpu7=45907 rq_total=0 rq_cpu0=0 rq_cpu1=0 rq_cpu2=0 rq_cpu3=0 rq_cpu4=0 rq_cpu5=0 rq_cpu6=0 rq_cpu7=0 cur_cpu0=0 cur_cpu1=0 cur_cpu2=0 cur_cpu3=0 cur_cpu4=0 cur_cpu5=0 cur_cpu6=0 cur_cpu7=0 total_threads=0 blocked_threads=0 sched_lock=busy procmgr_lock=ok gpu_pci_lock=ok
[bwm-fps] frames_since_last=159 elapsed_ms=1001 instantaneous_fps=158
[heartbeat] tid=12 uptime_ms=56403
[bwm-fps] frames_since_last=157 elapsed_ms=1009 instantaneous_fps=155
[heartbeat] tid=12 uptime_ms=57404
[bwm-fps] frames_since_last=171 elapsed_ms=1001 instantaneous_fps=170
[heartbeat] tid=12 uptime_ms=58404
[virgl-composite] Frame #10000: 1280x960 → 1280x960 display (first1k: 1000 nonzero, first=0x0014161e)
[bwm-fps] frames_since_last=170 elapsed_ms=1003 instantaneous_fps=169
[heartbeat] tid=12 uptime_ms=59405
[bwm-fps] frames_since_last=169 elapsed_ms=1003 instantaneous_fps=168
[timer] cpu0 ticks=40000
[heartbeat] tid=12 uptime_ms=60405
[freeze-watch] uptime_ms=60433 submits=31072 completes=31074 fails=0 last_completion_ms=60433 fps_last_5s=164 cpu=2 tid=3 ctx_switches=139654 timer_ticks_cpu0=40460 timer_ticks_cpu1=50360 timer_ticks_cpu2=50097 timer_ticks_cpu3=49555 timer_ticks_cpu4=49138 timer_ticks_cpu5=49390 timer_ticks_cpu6=49977 timer_ticks_cpu7=50140 rq_total=0 rq_cpu0=0 rq_cpu1=0 rq_cpu2=0 rq_cpu3=0 rq_cpu4=0 rq_cpu5=0 rq_cpu6=0 rq_cpu7=0 cur_cpu0=0 cur_cpu1=4 cur_cpu2=3 cur_cpu3=6 cur_cpu4=7 cur_cpu5=8 cur_cpu6=9 cur_cpu7=10 total_threads=17 blocked_threads=6 sched_lock=ok procmgr_lock=ok gpu_pci_lock=busy
[bwm-fps] frames_since_last=156 elapsed_ms=1000 instantaneous_fps=156
[heartbeat] tid=12 uptime_ms=61405
[virgl-composite] Frame #10500: 1280x960 → 1280x960 display (first1k: 1000 nonzero, first=0x0014161e)
[bwm-fps] frames_since_last=156 elapsed_ms=1002 instantaneous_fps=155
[heartbeat] tid=12 uptime_ms=62406
[bwm-fps] frames_since_last=164 elapsed_ms=1002 instantaneous_fps=163
[heartbeat] tid=12 uptime_ms=63406
[bwm-fps] frames_since_last=180 elapsed_ms=1003 instantaneous_fps=179
[virgl-composite] Frame #11000: 1280x960 → 1280x960 display (first1k: 1000 nonzero, first=0x0014161e)
[heartbeat] tid=12 uptime_ms=64406
[bwm-fps] frames_since_last=188 elapsed_ms=1002 instantaneous_fps=187
[heartbeat] tid=12 uptime_ms=65407
[freeze-watch] uptime_ms=65437 submits=33662 completes=33665 fails=0 last_completion_ms=65435 fps_last_5s=172 cpu=1 tid=0 ctx_switches=151269 timer_ticks_cpu0=43898 timer_ticks_cpu1=54636 timer_ticks_cpu2=54355 timer_ticks_cpu3=53776 timer_ticks_cpu4=53319 timer_ticks_cpu5=53587 timer_ticks_cpu6=54202 timer_ticks_cpu7=54393 rq_total=0 rq_cpu0=0 rq_cpu1=0 rq_cpu2=0 rq_cpu3=0 rq_cpu4=0 rq_cpu5=0 rq_cpu6=0 rq_cpu7=0 cur_cpu0=0 cur_cpu1=0 cur_cpu2=0 cur_cpu3=0 cur_cpu4=0 cur_cpu5=0 cur_cpu6=0 cur_cpu7=0 total_threads=0 blocked_threads=0 sched_lock=busy procmgr_lock=ok gpu_pci_lock=ok
[gpu-pci-lock-attrib] max_hold_ms=151 max_hold_holder_tid=14
[wake-attrib] schedule=28525 unblock=0 isr_unblock=34391 wake_io=48266 signal=0 child=0 timer=5742
[enqueue-attrib] same_lock=19572 deferred=31857 isr_buf=34391 deferred_drained=29790 isr_buf_drained=31105 already_queued=2209 isr_buf_full=0
[bwm-fps] frames_since_last=184 elapsed_ms=1002 instantaneous_fps=183
[heartbeat] tid=12 uptime_ms=66407
[bwm-fps] frames_since_last=193 elapsed_ms=1000 instantaneous_fps=193
[virgl-composite] Frame #11500: 1280x960 → 1280x960 display (first1k: 1000 nonzero, first=0x0014161e)
[timer] cpu0 ticks=45000
[heartbeat] tid=12 uptime_ms=67407
[bwm-fps] frames_since_last=182 elapsed_ms=1002 instantaneous_fps=181
[heartbeat] tid=12 uptime_ms=68407
[bwm-fps] frames_since_last=175 elapsed_ms=1006 instantaneous_fps=173
[heartbeat] tid=12 uptime_ms=69408
[bwm-fps] frames_since_last=167 elapsed_ms=1002 instantaneous_fps=166
[virgl-composite] Frame #12000: 1280x960 → 1280x960 display (first1k: 1000 nonzero, first=0x0014161e)
[heartbeat] tid=12 uptime_ms=70408
[freeze-watch] uptime_ms=70441 submits=36308 completes=36311 fails=0 last_completion_ms=70440 fps_last_5s=176 cpu=1 tid=3 ctx_switches=163094 timer_ticks_cpu0=47299 timer_ticks_cpu1=58921 timer_ticks_cpu2=58632 timer_ticks_cpu3=58014 timer_ticks_cpu4=57538 timer_ticks_cpu5=57813 timer_ticks_cpu6=58440 timer_ticks_cpu7=58660 rq_total=0 rq_cpu0=0 rq_cpu1=0 rq_cpu2=0 rq_cpu3=0 rq_cpu4=0 rq_cpu5=0 rq_cpu6=0 rq_cpu7=0 cur_cpu0=17 cur_cpu1=3 cur_cpu2=5 cur_cpu3=6 cur_cpu4=7 cur_cpu5=8 cur_cpu6=9 cur_cpu7=10 total_threads=17 blocked_threads=6 sched_lock=ok procmgr_lock=ok gpu_pci_lock=ok
[bwm-fps] frames_since_last=162 elapsed_ms=1003 instantaneous_fps=161
[heartbeat] tid=12 uptime_ms=71408
[bwm-fps] frames_since_last=169 elapsed_ms=1003 instantaneous_fps=168
[heartbeat] tid=12 uptime_ms=72409
[bwm-fps] frames_since_last=160 elapsed_ms=1001 instantaneous_fps=159
[virgl-composite] Frame #12500: 1280x960 → 1280x960 display (first1k: 1000 nonzero, first=0x0014161e)
[heartbeat] tid=12 uptime_ms=73410
[bwm-fps] frames_since_last=160 elapsed_ms=1004 instantaneous_fps=159
[heartbeat] tid=12 uptime_ms=74410
[timer] cpu0 ticks=50000
[bwm-fps] frames_since_last=169 elapsed_ms=1002 instantaneous_fps=168
[heartbeat] tid=12 uptime_ms=75411
[freeze-watch] uptime_ms=75444 submits=38798 completes=38801 fails=0 last_completion_ms=75441 fps_last_5s=165 cpu=7 tid=3 ctx_switches=174426 timer_ticks_cpu0=50676 timer_ticks_cpu1=63210 timer_ticks_cpu2=62901 timer_ticks_cpu3=62237 timer_ticks_cpu4=61739 timer_ticks_cpu5=62021 timer_ticks_cpu6=62664 timer_ticks_cpu7=62889 rq_total=0 rq_cpu0=0 rq_cpu1=0 rq_cpu2=0 rq_cpu3=0 rq_cpu4=0 rq_cpu5=0 rq_cpu6=0 rq_cpu7=0 cur_cpu0=0 cur_cpu1=4 cur_cpu2=5 cur_cpu3=6 cur_cpu4=7 cur_cpu5=14 cur_cpu6=9 cur_cpu7=3 total_threads=17 blocked_threads=6 sched_lock=ok procmgr_lock=ok gpu_pci_lock=ok
[bwm-fps] frames_since_last=178 elapsed_ms=1007 instantaneous_fps=176
[virgl-composite] Frame #13000: 1280x960 → 1280x960 display (first1k: 1000 nonzero, first=0x0014161e)
[heartbeat] tid=12 uptime_ms=76411
[bwm-fps] frames_since_last=186 elapsed_ms=1003 instantaneous_fps=185
[heartbeat] tid=12 uptime_ms=77414
[bwm-fps] frames_since_last=193 elapsed_ms=1001 instantaneous_fps=192
[heartbeat] tid=12 uptime_ms=78414
[virgl-composite] Frame #13500: 1280x960 → 1280x960 display (first1k: 1000 nonzero, first=0x0014161e)
[bwm-fps] frames_since_last=183 elapsed_ms=1000 instantaneous_fps=183
[heartbeat] tid=12 uptime_ms=79414
[bwm-fps] frames_since_last=189 elapsed_ms=1001 instantaneous_fps=188
[heartbeat] tid=12 uptime_ms=80415
[freeze-watch] uptime_ms=80447 submits=41594 completes=41597 fails=0 last_completion_ms=80444 fps_last_5s=186 cpu=6 tid=3 ctx_switches=186854 timer_ticks_cpu0=54134 timer_ticks_cpu1=67507 timer_ticks_cpu2=67182 timer_ticks_cpu3=66472 timer_ticks_cpu4=65945 timer_ticks_cpu5=66244 timer_ticks_cpu6=66930 timer_ticks_cpu7=67154 rq_total=0 rq_cpu0=0 rq_cpu1=0 rq_cpu2=0 rq_cpu3=0 rq_cpu4=0 rq_cpu5=0 rq_cpu6=0 rq_cpu7=0 cur_cpu0=14 cur_cpu1=4 cur_cpu2=5 cur_cpu3=6 cur_cpu4=7 cur_cpu5=8 cur_cpu6=3 cur_cpu7=10 total_threads=17 blocked_threads=6 sched_lock=ok procmgr_lock=ok gpu_pci_lock=ok
[bwm-fps] frames_since_last=179 elapsed_ms=1001 instantaneous_fps=178
[virgl-composite] Frame #14000: 1280x960 → 1280x960 display (first1k: 1000 nonzero, first=0x0014161e)
[heartbeat] tid=12 uptime_ms=81416
[timer] cpu0 ticks=55000
[bwm-fps] frames_since_last=189 elapsed_ms=1002 instantaneous_fps=188
[heartbeat] tid=12 uptime_ms=82416
[bwm-fps] frames_since_last=186 elapsed_ms=1006 instantaneous_fps=184
[heartbeat] tid=12 uptime_ms=83417
[bwm-fps] frames_since_last=188 elapsed_ms=1003 instantaneous_fps=187
[virgl-composite] Frame #14500: 1280x960 → 1280x960 display (first1k: 1000 nonzero, first=0x0014161e)
[heartbeat] tid=12 uptime_ms=84417
[bwm-fps] frames_since_last=188 elapsed_ms=1003 instantaneous_fps=187
[heartbeat] tid=12 uptime_ms=85417
[freeze-watch] uptime_ms=85449 submits=44381 completes=44384 fails=0 last_completion_ms=85448 fps_last_5s=185 cpu=2 tid=3 ctx_switches=199287 timer_ticks_cpu0=57559 timer_ticks_cpu1=71783 timer_ticks_cpu2=71438 timer_ticks_cpu3=70702 timer_ticks_cpu4=70151 timer_ticks_cpu5=70461 timer_ticks_cpu6=71185 timer_ticks_cpu7=71423 rq_total=0 rq_cpu0=0 rq_cpu1=0 rq_cpu2=0 rq_cpu3=0 rq_cpu4=0 rq_cpu5=0 rq_cpu6=0 rq_cpu7=0 cur_cpu0=0 cur_cpu1=4 cur_cpu2=3 cur_cpu3=6 cur_cpu4=7 cur_cpu5=8 cur_cpu6=9 cur_cpu7=10 total_threads=17 blocked_threads=6 sched_lock=ok procmgr_lock=ok gpu_pci_lock=ok
[bwm-fps] frames_since_last=186 elapsed_ms=1005 instantaneous_fps=185
[heartbeat] tid=12 uptime_ms=86418
[virgl-composite] Frame #15000: 1280x960 → 1280x960 display (first1k: 1000 nonzero, first=0x0014161e)
[bwm-fps] frames_since_last=188 elapsed_ms=1004 instantaneous_fps=187
[heartbeat] tid=12 uptime_ms=87418
[bwm-fps] frames_since_last=182 elapsed_ms=1002 instantaneous_fps=181
[heartbeat] tid=12 uptime_ms=88419
[bwm-fps] frames_since_last=194 elapsed_ms=1004 instantaneous_fps=193
[timer] cpu0 ticks=60000
[virgl-composite] Frame #15500: 1280x960 → 1280x960 display (first1k: 1000 nonzero, first=0x0014161e)
[heartbeat] tid=12 uptime_ms=89419
[bwm-fps] frames_since_last=182 elapsed_ms=1003 instantaneous_fps=181
[heartbeat] tid=12 uptime_ms=90419
[freeze-watch] uptime_ms=90452 submits=47160 completes=47162 fails=0 last_completion_ms=90450 fps_last_5s=185 cpu=0 tid=3 ctx_switches=211655 timer_ticks_cpu0=61009 timer_ticks_cpu1=76059 timer_ticks_cpu2=75719 timer_ticks_cpu3=74920 timer_ticks_cpu4=74335 timer_ticks_cpu5=74688 timer_ticks_cpu6=75437 timer_ticks_cpu7=75701 rq_total=0 rq_cpu0=0 rq_cpu1=0 rq_cpu2=0 rq_cpu3=0 rq_cpu4=0 rq_cpu5=0 rq_cpu6=0 rq_cpu7=0 cur_cpu0=3 cur_cpu1=4 cur_cpu2=5 cur_cpu3=14 cur_cpu4=7 cur_cpu5=8 cur_cpu6=9 cur_cpu7=10 total_threads=17 blocked_threads=7 sched_lock=ok procmgr_lock=ok gpu_pci_lock=busy
[bwm-fps] frames_since_last=188 elapsed_ms=1003 instantaneous_fps=187
[heartbeat] tid=12 uptime_ms=91419
[bwm-fps] frames_since_last=181 elapsed_ms=1002 instantaneous_fps=180
[virgl-composite] Frame #16000: 1280x960 → 1280x960 display (first1k: 1000 nonzero, first=0x0014161e)
[heartbeat] tid=12 uptime_ms=92420
[bwm-fps] frames_since_last=171 elapsed_ms=1002 instantaneous_fps=170
[heartbeat] tid=12 uptime_ms=93420
[bwm-fps] frames_since_last=163 elapsed_ms=1004 instantaneous_fps=162
[heartbeat] tid=12 uptime_ms=94420
[bwm-fps] frames_since_last=187 elapsed_ms=1000 instantaneous_fps=187
[virgl-composite] Frame #16500: 1280x960 → 1280x960 display (first1k: 1000 nonzero, first=0x0014161e)
[heartbeat] tid=12 uptime_ms=95421
[freeze-watch] uptime_ms=95454 submits=49796 completes=49799 fails=0 last_completion_ms=95454 fps_last_5s=175 cpu=1 tid=3 ctx_switches=223613 timer_ticks_cpu0=64497 timer_ticks_cpu1=80332 timer_ticks_cpu2=79988 timer_ticks_cpu3=79138 timer_ticks_cpu4=78524 timer_ticks_cpu5=78917 timer_ticks_cpu6=79678 timer_ticks_cpu7=79958 rq_total=0 rq_cpu0=0 rq_cpu1=0 rq_cpu2=0 rq_cpu3=0 rq_cpu4=0 rq_cpu5=0 rq_cpu6=0 rq_cpu7=0 cur_cpu0=0 cur_cpu1=3 cur_cpu2=5 cur_cpu3=6 cur_cpu4=7 cur_cpu5=8 cur_cpu6=9 cur_cpu7=10 total_threads=17 blocked_threads=6 sched_lock=ok procmgr_lock=ok gpu_pci_lock=ok
[gpu-pci-lock-attrib] max_hold_ms=151 max_hold_holder_tid=14
[wake-attrib] schedule=42462 unblock=0 isr_unblock=50424 wake_io=71093 signal=0 child=0 timer=8624
[enqueue-attrib] same_lock=29208 deferred=47282 isr_buf=50424 deferred_drained=44359 isr_buf_drained=45689 already_queued=3593 isr_buf_full=0
[bwm-fps] frames_since_last=172 elapsed_ms=1005 instantaneous_fps=171
[timer] cpu0 ticks=65000
[heartbeat] tid=12 uptime_ms=96422
[bwm-fps] frames_since_last=199 elapsed_ms=1004 instantaneous_fps=198
[heartbeat] tid=12 uptime_ms=97422
[virgl-composite] Frame #17000: 1280x960 → 1280x960 display (first1k: 1000 nonzero, first=0x0014161e)
[bwm-fps] frames_since_last=192 elapsed_ms=1002 instantaneous_fps=191
[heartbeat] tid=12 uptime_ms=98424
[bwm-fps] frames_since_last=186 elapsed_ms=1000 instantaneous_fps=186
[heartbeat] tid=12 uptime_ms=99424
[bwm-fps] frames_since_last=186 elapsed_ms=1003 instantaneous_fps=185
[virgl-composite] Frame #17500: 1280x960 → 1280x960 display (first1k: 1000 nonzero, first=0x0014161e)
[heartbeat] tid=12 uptime_ms=100424
[freeze-watch] uptime_ms=100459 submits=52631 completes=52634 fails=0 last_completion_ms=100458 fps_last_5s=188 cpu=0 tid=3 ctx_switches=236175 timer_ticks_cpu0=67916 timer_ticks_cpu1=84623 timer_ticks_cpu2=84266 timer_ticks_cpu3=83381 timer_ticks_cpu4=82747 timer_ticks_cpu5=83159 timer_ticks_cpu6=83941 timer_ticks_cpu7=84229 rq_total=0 rq_cpu0=0 rq_cpu1=0 rq_cpu2=0 rq_cpu3=0 rq_cpu4=0 rq_cpu5=0 rq_cpu6=0 rq_cpu7=0 cur_cpu0=3 cur_cpu1=4 cur_cpu2=5 cur_cpu3=6 cur_cpu4=7 cur_cpu5=8 cur_cpu6=9 cur_cpu7=10 total_threads=17 blocked_threads=6 sched_lock=ok procmgr_lock=ok gpu_pci_lock=ok
[bwm-fps] frames_since_last=188 elapsed_ms=1003 instantaneous_fps=187
[heartbeat] tid=12 uptime_ms=101425
[bwm-fps] frames_since_last=186 elapsed_ms=1002 instantaneous_fps=185
[heartbeat] tid=12 uptime_ms=102426
[bwm-fps] frames_since_last=172 elapsed_ms=1002 instantaneous_fps=171
[virgl-composite] Frame #18000: 1280x960 → 1280x960 display (first1k: 1000 nonzero, first=0x0014161e)
[heartbeat] tid=12 uptime_ms=103427
[timer] cpu0 ticks=70000
[bwm-fps] frames_since_last=146 elapsed_ms=1000 instantaneous_fps=146
[heartbeat] tid=12 uptime_ms=104427
[bwm-fps] frames_since_last=142 elapsed_ms=1004 instantaneous_fps=141
[heartbeat] tid=12 uptime_ms=105427
[freeze-watch] uptime_ms=105462 submits=55056 completes=55058 fails=0 last_completion_ms=105457 fps_last_5s=161 cpu=1 tid=0 ctx_switches=247260 timer_ticks_cpu0=71345 timer_ticks_cpu1=88915 timer_ticks_cpu2=88504 timer_ticks_cpu3=87600 timer_ticks_cpu4=86952 timer_ticks_cpu5=87358 timer_ticks_cpu6=88157 timer_ticks_cpu7=88457 rq_total=0 rq_cpu0=0 rq_cpu1=0 rq_cpu2=0 rq_cpu3=0 rq_cpu4=0 rq_cpu5=0 rq_cpu6=0 rq_cpu7=0 cur_cpu0=0 cur_cpu1=0 cur_cpu2=0 cur_cpu3=0 cur_cpu4=0 cur_cpu5=0 cur_cpu6=0 cur_cpu7=0 total_threads=0 blocked_threads=0 sched_lock=busy procmgr_lock=ok gpu_pci_lock=busy
[bwm-fps] frames_since_last=148 elapsed_ms=1001 instantaneous_fps=147
[heartbeat] tid=12 uptime_ms=106432
[virgl-composite] Frame #18500: 1280x960 → 1280x960 display (first1k: 1000 nonzero, first=0x0014161e)
[bwm-fps] frames_since_last=150 elapsed_ms=1001 instantaneous_fps=149
[heartbeat] tid=12 uptime_ms=107432
[bwm-fps] frames_since_last=147 elapsed_ms=1003 instantaneous_fps=146
[heartbeat] tid=12 uptime_ms=108432
[bwm-fps] frames_since_last=149 elapsed_ms=1004 instantaneous_fps=148
[heartbeat] tid=12 uptime_ms=109433
[bwm-fps] frames_since_last=149 elapsed_ms=1002 instantaneous_fps=148
[virgl-composite] Frame #19000: 1280x960 → 1280x960 display (first1k: 1000 nonzero, first=0x0014161e)
[heartbeat] tid=12 uptime_ms=110433
[freeze-watch] uptime_ms=110466 submits=57323 completes=57326 fails=0 last_completion_ms=110465 fps_last_5s=151 cpu=5 tid=3 ctx_switches=257635 timer_ticks_cpu0=74772 timer_ticks_cpu1=93177 timer_ticks_cpu2=92766 timer_ticks_cpu3=91809 timer_ticks_cpu4=91130 timer_ticks_cpu5=91543 timer_ticks_cpu6=92370 timer_ticks_cpu7=92664 rq_total=0 rq_cpu0=0 rq_cpu1=0 rq_cpu2=0 rq_cpu3=0 rq_cpu4=0 rq_cpu5=0 rq_cpu6=0 rq_cpu7=0 cur_cpu0=0 cur_cpu1=4 cur_cpu2=5 cur_cpu3=6 cur_cpu4=7 cur_cpu5=3 cur_cpu6=9 cur_cpu7=10 total_threads=17 blocked_threads=6 sched_lock=ok procmgr_lock=ok gpu_pci_lock=ok
[timer] cpu0 ticks=75000
[bwm-fps] frames_since_last=174 elapsed_ms=1003 instantaneous_fps=173
[heartbeat] tid=12 uptime_ms=111434
[bwm-fps] frames_since_last=185 elapsed_ms=1002 instantaneous_fps=184
[heartbeat] tid=12 uptime_ms=112434
[virgl-composite] Frame #19500: 1280x960 → 1280x960 display (first1k: 1000 nonzero, first=0x0014161e)
[bwm-fps] frames_since_last=173 elapsed_ms=1000 instantaneous_fps=173
[heartbeat] tid=12 uptime_ms=113435
[bwm-fps] frames_since_last=167 elapsed_ms=1003 instantaneous_fps=166
[heartbeat] tid=12 uptime_ms=114435
[bwm-fps] frames_since_last=189 elapsed_ms=1010 instantaneous_fps=187
[heartbeat] tid=12 uptime_ms=115436
[freeze-watch] uptime_ms=115469 submits=60035 completes=60037 fails=0 last_completion_ms=115468 fps_last_5s=180 cpu=3 tid=0 ctx_switches=269679 timer_ticks_cpu0=78217 timer_ticks_cpu1=97475 timer_ticks_cpu2=97051 timer_ticks_cpu3=96030 timer_ticks_cpu4=95309 timer_ticks_cpu5=95753 timer_ticks_cpu6=96618 timer_ticks_cpu7=96933 rq_total=0 rq_cpu0=0 rq_cpu1=0 rq_cpu2=0 rq_cpu3=0 rq_cpu4=0 rq_cpu5=0 rq_cpu6=0 rq_cpu7=0 cur_cpu0=0 cur_cpu1=0 cur_cpu2=0 cur_cpu3=0 cur_cpu4=0 cur_cpu5=0 cur_cpu6=0 cur_cpu7=0 total_threads=0 blocked_threads=0 sched_lock=busy procmgr_lock=ok gpu_pci_lock=busy
[virgl-composite] Frame #20000: 1280x960 → 1280x960 display (first1k: 1000 nonzero, first=0x0014161e)
[bwm-fps] frames_since_last=191 elapsed_ms=1002 instantaneous_fps=190
[heartbeat] tid=12 uptime_ms=116436
[bwm-fps] frames_since_last=179 elapsed_ms=1002 instantaneous_fps=178
[heartbeat] tid=12 uptime_ms=117436
[bwm-fps] frames_since_last=179 elapsed_ms=1000 instantaneous_fps=179
[timer] cpu0 ticks=80000
[virgl-composite] Frame #20500: 1280x960 → 1280x960 display (first1k: 1000 nonzero, first=0x0014161e)
[heartbeat] tid=12 uptime_ms=118436
[bwm-fps] frames_since_last=168 elapsed_ms=1003 instantaneous_fps=167
[heartbeat] tid=12 uptime_ms=119437
[bwm-fps] frames_since_last=180 elapsed_ms=1002 instantaneous_fps=179
[heartbeat] tid=12 uptime_ms=120439
[freeze-watch] uptime_ms=120472 submits=62702 completes=62705 fails=0 last_completion_ms=120472 fps_last_5s=177 cpu=2 tid=3 ctx_switches=281687 timer_ticks_cpu0=81649 timer_ticks_cpu1=101768 timer_ticks_cpu2=101323 timer_ticks_cpu3=100253 timer_ticks_cpu4=99509 timer_ticks_cpu5=99979 timer_ticks_cpu6=100874 timer_ticks_cpu7=101188 rq_total=0 rq_cpu0=0 rq_cpu1=0 rq_cpu2=0 rq_cpu3=0 rq_cpu4=0 rq_cpu5=0 rq_cpu6=0 rq_cpu7=0 cur_cpu0=14 cur_cpu1=4 cur_cpu2=3 cur_cpu3=6 cur_cpu4=7 cur_cpu5=8 cur_cpu6=9 cur_cpu7=10 total_threads=17 blocked_threads=6 sched_lock=ok procmgr_lock=ok gpu_pci_lock=ok
[bwm-fps] frames_since_last=182 elapsed_ms=1000 instantaneous_fps=182
[virgl-composite] Frame #21000: 1280x960 → 1280x960 display (first1k: 1000 nonzero, first=0x0014161e)
[heartbeat] tid=12 uptime_ms=121440
[bwm-fps] frames_since_last=190 elapsed_ms=1003 instantaneous_fps=189
[heartbeat] tid=12 uptime_ms=122440
[bwm-fps] frames_since_last=175 elapsed_ms=1005 instantaneous_fps=174
[heartbeat] tid=12 uptime_ms=123440
[bwm-fps] frames_since_last=152 elapsed_ms=1004 instantaneous_fps=151
[virgl-composite] Frame #21500: 1280x960 → 1280x960 display (first1k: 1000 nonzero, first=0x0014161e)
[heartbeat] tid=12 uptime_ms=124440
[bwm-fps] frames_since_last=149 elapsed_ms=1007 instantaneous_fps=147
[timer] cpu0 ticks=85000
[heartbeat] tid=12 uptime_ms=125441
[freeze-watch] uptime_ms=125475 submits=65192 completes=65195 fails=0 last_completion_ms=125471 fps_last_5s=165 cpu=6 tid=3 ctx_switches=293121 timer_ticks_cpu0=85034 timer_ticks_cpu1=106076 timer_ticks_cpu2=105585 timer_ticks_cpu3=104480 timer_ticks_cpu4=103713 timer_ticks_cpu5=104199 timer_ticks_cpu6=105094 timer_ticks_cpu7=105425 rq_total=0 rq_cpu0=0 rq_cpu1=0 rq_cpu2=0 rq_cpu3=0 rq_cpu4=0 rq_cpu5=0 rq_cpu6=0 rq_cpu7=0 cur_cpu0=14 cur_cpu1=4 cur_cpu2=5 cur_cpu3=6 cur_cpu4=7 cur_cpu5=8 cur_cpu6=3 cur_cpu7=10 total_threads=17 blocked_threads=6 sched_lock=ok procmgr_lock=ok gpu_pci_lock=ok
[gpu-pci-lock-attrib] max_hold_ms=151 max_hold_holder_tid=14
[wake-attrib] schedule=55807 unblock=0 isr_unblock=65730 wake_io=92975 signal=0 child=0 timer=11473
[enqueue-attrib] same_lock=38550 deferred=62007 isr_buf=65730 deferred_drained=58349 isr_buf_drained=59698 already_queued=5007 isr_buf_full=0
[bwm-fps] frames_since_last=166 elapsed_ms=1007 instantaneous_fps=164
[heartbeat] tid=12 uptime_ms=126441
[bwm-fps] frames_since_last=178 elapsed_ms=1002 instantaneous_fps=177
[virgl-composite] Frame #22000: 1280x960 → 1280x960 display (first1k: 1000 nonzero, first=0x0014161e)
[heartbeat] tid=12 uptime_ms=127441
[bwm-fps] frames_since_last=178 elapsed_ms=1003 instantaneous_fps=177
[heartbeat] tid=12 uptime_ms=128442
[bwm-fps] frames_since_last=170 elapsed_ms=1001 instantaneous_fps=169
[heartbeat] tid=12 uptime_ms=129442
[bwm-fps] frames_since_last=158 elapsed_ms=1000 instantaneous_fps=158
[virgl-composite] Frame #22500: 1280x960 → 1280x960 display (first1k: 1000 nonzero, first=0x0014161e)
[heartbeat] tid=12 uptime_ms=130443
[freeze-watch] uptime_ms=130479 submits=67715 completes=67718 fails=0 last_completion_ms=130478 fps_last_5s=168 cpu=0 tid=3 ctx_switches=304540 timer_ticks_cpu0=88436 timer_ticks_cpu1=110358 timer_ticks_cpu2=109856 timer_ticks_cpu3=108725 timer_ticks_cpu4=107935 timer_ticks_cpu5=108416 timer_ticks_cpu6=109316 timer_ticks_cpu7=109660 rq_total=0 rq_cpu0=0 rq_cpu1=0 rq_cpu2=0 rq_cpu3=0 rq_cpu4=0 rq_cpu5=0 rq_cpu6=0 rq_cpu7=0 cur_cpu0=3 cur_cpu1=4 cur_cpu2=14 cur_cpu3=6 cur_cpu4=7 cur_cpu5=8 cur_cpu6=9 cur_cpu7=10 total_threads=17 blocked_threads=6 sched_lock=ok procmgr_lock=ok gpu_pci_lock=ok
[bwm-fps] frames_since_last=149 elapsed_ms=1008 instantaneous_fps=147
[heartbeat] tid=12 uptime_ms=131444
[bwm-fps] frames_since_last=141 elapsed_ms=1002 instantaneous_fps=140
