
=========================================
Breenix on Parallels Desktop
=========================================

[1/6] Building UEFI loader...
    Finished `release` profile [optimized] target(s) in 0.03s

[2/6] Building kernel...
    Finished `release` profile [optimized] target(s) in 0.05s

[3/6] Building userspace binaries (aarch64)...
========================================
  STD USERSPACE BUILD (Rust std library)
========================================
  Architecture: aarch64

[1/3] Building libbreenix-libc (aarch64)...
  Finished `release` profile [optimized] target(s) in 0.02s
  libbreenix-libc built successfully

[2/3] Building userspace (aarch64)...
  ERROR: rust-fork/library not found
  The forked Rust compiler is required for std support
  WARNING: Userspace build failed (rust-fork may not be set up)
  Continuing without userspace binaries — ext2 will still have test files

[4/6] Creating ext2 data disk image...
Creating ext2 disk image...
  Arch: aarch64
  Output: /Users/wrb/fun/code/breenix.worktrees/scheduler-wake-atomic/target/ext2-aarch64.img
  Size: 256MB
  Using Docker to create ext2 filesystem...
  Installed BusyBox with hardlinks in /bin and /sbin
Installing other binaries...
  Installed 50 binaries in /bin
  Installed 3 binaries in /sbin
  Installed 5 C binaries in /usr/local/cbin
  Installed 95 test binaries in /usr/local/test/bin
  Installed 29 fonts in /usr/share/fonts
  Created /etc/fonts.conf
  Created /etc/hotkeys.conf
  Created /etc/init.js

ext2 filesystem contents:
  Binaries in /bin:
total 33151
drwxr-xr-x    2 root     root          3072 May 19 18:14 .
drwxr-xr-x   12 root     root          1024 May 19 18:14 ..
-rwxr-xr-x   51 root     root        329400 May 19 18:14 ash
-rwxr-xr-x   51 root     root        329400 May 19 18:14 awk
-rwxr-xr-x   51 root     root        329400 May 19 18:14 basename
-rwxr-xr-x    1 root     root        311600 May 19 18:14 bcat
-rwxr-xr-x    1 root     root        422256 May 19 18:14 bcheck
-rwxr-xr-x    1 root     root        305128 May 19 18:14 bcp
-rwxr-xr-x    1 root     root        297456 May 19 18:14 becho
-rwxr-xr-x    1 root     root        276808 May 19 18:14 bfalse
-rwxr-xr-x    1 root     root        484760 May 19 18:14 bfontpicker
-rwxr-xr-x    1 root     root        313408 May 19 18:14 bhead
-rwxr-xr-x    1 root     root        358184 May 19 18:14 biconkit
-rwxr-xr-x    1 root     root        460632 May 19 18:14 blauncher
-rwxr-xr-x    1 root     root        294680 May 19 18:14 bless
-rwxr-xr-x    1 root     root        467888 May 19 18:14 blog
-rwxr-xr-x    1 root     root        325832 May 19 18:14 bls
-rwxr-xr-x    1 root     root        306520 May 19 18:14 bmkdir
-rwxr-xr-x    1 root     root        302608 May 19 18:14 bmv
-rwxr-xr-x    1 root     root        388152 May 19 18:14 bounce
-rwxr-xr-x    1 root     root        302184 May 19 18:14 brm
-rwxr-xr-x    1 root     root        302184 May 19 18:14 brmdir
-rwxr-xr-x    1 root     root        734392 May 19 18:14 bsh
-rwxr-xr-x    1 root     root        408848 May 19 18:14 bssh
-rwxr-xr-x    1 root     root        441008 May 19 18:14 bsshd
-rwxr-xr-x    1 root     root        315816 May 19 18:14 btail
-rwxr-xr-x    1 root     root        476584 May 19 18:14 bterm
-rwxr-xr-x    1 root     root        293112 May 19 18:14 btop
-rwxr-xr-x    1 root     root        306896 May 19 18:14 btrace
-rwxr-xr-x    1 root     root        276800 May 19 18:14 btrue
-rwxr-xr-x    1 root     root        636224 May 19 18:14 burl
-rwxr-xr-x   51 root     root        329400 May 19 18:14 busybox
-rwxr-xr-x    1 root     root        312144 May 19 18:14 bwc
-rwxr-xr-x    1 root     root        303160 May 19 18:14 bwhich
-rwxr-xr-x    1 root     root        429208 May 19 18:14 bwm
-rwxr-xr-x   51 root     root        329400 May 19 18:14 cat
-rwxr-xr-x   51 root     root        329400 May 19 18:14 chgrp
-rwxr-xr-x   51 root     root        329400 May 19 18:14 chmod
-rwxr-xr-x   51 root     root        329400 May 19 18:14 chown
-rwxr-xr-x    1 root     root        303336 May 19 18:14 concurrent_recv_stress
-rwxr-xr-x    1 root     root        303536 May 19 18:14 confetti
-rwxr-xr-x    1 root     root        290448 May 19 18:14 counter
-rwxr-xr-x   51 root     root        329400 May 19 18:14 cp
-rwxr-xr-x   51 root     root        329400 May 19 18:14 cut
-rwxr-xr-x   51 root     root        329400 May 19 18:14 date
-rwxr-xr-x    1 root     root        304008 May 19 18:14 demo
-rwxr-xr-x   51 root     root        329400 May 19 18:14 df
-rwxr-xr-x   51 root     root        329400 May 19 18:14 dirname
-rwxr-xr-x   51 root     root        329400 May 19 18:14 du
-rwxr-xr-x   51 root     root        329400 May 19 18:14 echo
-rwxr-xr-x   51 root     root        329400 May 19 18:14 env
-rwxr-xr-x   51 root     root        329400 May 19 18:14 expr
-rwxr-xr-x    1 root     root        294184 May 19 18:14 f32o_perfdiag
-rwxr-xr-x    1 root     root        302392 May 19 18:14 fart
-rwxr-xr-x   51 root     root        329400 May 19 18:14 find
-rwxr-xr-x   51 root     root        329400 May 19 18:14 free
-rwxr-xr-x   51 root     root        329400 May 19 18:14 grep
-rwxr-xr-x    1 root     root        538784 May 19 18:14 guskit
-rwxr-xr-x   51 root     root        329400 May 19 18:14 head
-rwxr-xr-x    1 root     root        290128 May 19 18:14 heartbeat
-rwxr-xr-x    1 root     root        278000 May 19 18:14 hello_raw
-rwxr-xr-x    1 root     root        290328 May 19 18:14 hello_time
-rwxr-xr-x    1 root     root        351216 May 19 18:14 hello_world
-rwxr-xr-x   51 root     root        329400 May 19 18:14 hexdump
-rwxr-xr-x   51 root     root        329400 May 19 18:14 hostname
-rwxr-xr-x   51 root     root        329400 May 19 18:14 id
-rwxr-xr-x    1 root     root        388856 May 19 18:14 init_shell
-rwxr-xr-x   51 root     root        329400 May 19 18:14 ls
-rwxr-xr-x   51 root     root        329400 May 19 18:14 md5sum
-rwxr-xr-x   51 root     root        329400 May 19 18:14 mkdir
-rwxr-xr-x   51 root     root        329400 May 19 18:14 more
-rwxr-xr-x   51 root     root        329400 May 19 18:14 mv
-rwxr-xr-x   51 root     root        329400 May 19 18:14 od
-rwxr-xr-x    1 root     root        304200 May 19 18:14 particles
-rwxr-xr-x   51 root     root        329400 May 19 18:14 printf
-rwxr-xr-x    1 root     root        305352 May 19 18:14 rectangles
-rwxr-xr-x    1 root     root        301448 May 19 18:14 resolution
-rwxr-xr-x   51 root     root        329400 May 19 18:14 rm
-rwxr-xr-x   51 root     root        329400 May 19 18:14 rmdir
-rwxr-xr-x   51 root     root        329400 May 19 18:14 sed
-rwxr-xr-x   51 root     root        329400 May 19 18:14 seq
-rwxr-xr-x   51 root     root        329400 May 19 18:14 sh
-rwxr-xr-x   51 root     root        329400 May 19 18:14 sha256sum
-rwxr-xr-x    1 root     root        291080 May 19 18:14 signal_exec_check
-rwxr-xr-x    1 root     root        276816 May 19 18:14 simple_exit
-rwxr-xr-x   51 root     root        329400 May 19 18:14 sleep
-rwxr-xr-x   51 root     root        329400 May 19 18:14 sort
-rwxr-xr-x    1 root     root        290472 May 19 18:14 spinner
-rwxr-xr-x    1 root     root        290176 May 19 18:14 syscall_enosys
-rwxr-xr-x   51 root     root        329400 May 19 18:14 tail
-rwxr-xr-x   51 root     root        329400 May 19 18:14 tee
-rwxr-xr-x   51 root     root        329400 May 19 18:14 test
-rwxr-xr-x    1 root     root        294304 May 19 18:14 tones
-rwxr-xr-x   51 root     root        329400 May 19 18:14 tr
-rwxr-xr-x   51 root     root        329400 May 19 18:14 uniq
-rwxr-xr-x   51 root     root        329400 May 19 18:14 vi
-rwxr-xr-x    1 root     root        306120 May 19 18:14 wait_stress
-rwxr-xr-x   51 root     root        329400 May 19 18:14 wc
-rwxr-xr-x   51 root     root        329400 May 19 18:14 which
-rwxr-xr-x   51 root     root        329400 May 19 18:14 whoami
-rwxr-xr-x   51 root     root        329400 May 19 18:14 xargs
  Test binaries in /usr/local/test/bin:
total 28662
drwxr-xr-x    2 root     root          4096 May 19 18:14 .
drwxr-xr-x    3 root     root          1024 May 19 18:14 ..
-rwxr-xr-x    1 root     root        291528 May 19 18:14 access_test
-rwxr-xr-x    1 root     root        293376 May 19 18:14 alarm_test
-rwxr-xr-x    1 root     root        298184 May 19 18:14 argv_test
-rwxr-xr-x    1 root     root        293848 May 19 18:14 blocking_recv_test
-rwxr-xr-x    1 root     root        292880 May 19 18:14 brk_test
-rwxr-xr-x    1 root     root        293560 May 19 18:14 cat_test
-rwxr-xr-x    1 root     root        295096 May 19 18:14 clock_gettime_test
-rwxr-xr-x    1 root     root        307552 May 19 18:14 cloexec_test
-rwxr-xr-x    1 root     root        292368 May 19 18:14 cow_cleanup_test
-rwxr-xr-x    1 root     root        292784 May 19 18:14 cow_oom_test
-rwxr-xr-x    1 root     root        293488 May 19 18:14 cow_readonly_test
-rwxr-xr-x    1 root     root        299168 May 19 18:14 cow_signal_test
-rwxr-xr-x    1 root     root        293600 May 19 18:14 cow_sole_owner_test
-rwxr-xr-x    1 root     root        293672 May 19 18:14 cow_stress_test
-rwxr-xr-x    1 root     root        292896 May 19 18:14 cp_mv_argv_test
-rwxr-xr-x    1 root     root        298680 May 19 18:14 ctrl_c_test
-rwxr-xr-x    1 root     root        292504 May 19 18:14 cwd_test
-rwxr-xr-x    1 root     root        292560 May 19 18:14 devfs_test
-rwxr-xr-x    1 root     root        306952 May 19 18:14 dns_test
-rwxr-xr-x    1 root     root        305112 May 19 18:14 dup_test
-rwxr-xr-x    1 root     root        291736 May 19 18:14 echo_argv_test
-rwxr-xr-x    1 root     root        291240 May 19 18:14 exec_argv_test
-rwxr-xr-x    1 root     root        298784 May 19 18:14 exec_from_ext2_test
-rwxr-xr-x    1 root     root        292888 May 19 18:14 exec_stack_argv_test
-rwxr-xr-x    1 root     root        291904 May 19 18:14 false_test
-rwxr-xr-x    1 root     root        297224 May 19 18:14 fbinfo_test
-rwxr-xr-x    1 root     root        299648 May 19 18:14 fcntl_test
-rwxr-xr-x    1 root     root        317304 May 19 18:14 fifo_test
-rwxr-xr-x    1 root     root        292328 May 19 18:14 file_read_test
-rwxr-xr-x    1 root     root        304344 May 19 18:14 fork_memory_test
-rwxr-xr-x    1 root     root        297664 May 19 18:14 fork_pending_signal_test
-rwxr-xr-x    1 root     root        305000 May 19 18:14 fork_state_test
-rwxr-xr-x    1 root     root        298128 May 19 18:14 fork_test
-rwxr-xr-x    1 root     root        300200 May 19 18:14 fs_block_alloc_test
-rwxr-xr-x    1 root     root        293208 May 19 18:14 fs_directory_test
-rwxr-xr-x    1 root     root        292296 May 19 18:14 fs_large_file_test
-rwxr-xr-x    1 root     root        293256 May 19 18:14 fs_link_test
-rwxr-xr-x    1 root     root        297336 May 19 18:14 fs_rename_test
-rwxr-xr-x    1 root     root        293432 May 19 18:14 fs_write_test
-rwxr-xr-x    1 root     root        293888 May 19 18:14 getdents_test
-rwxr-xr-x    1 root     root        293328 May 19 18:14 head_test
-rwxr-xr-x    1 root     root        616784 May 19 18:14 http_fetch_test
-rwxr-xr-x    1 root     root        622792 May 19 18:14 http_test
-rwxr-xr-x    1 root     root        293832 May 19 18:14 itimer_test
-rwxr-xr-x    1 root     root        298536 May 19 18:14 job_control_test
-rwxr-xr-x    1 root     root        308504 May 19 18:14 job_table_test
-rwxr-xr-x    1 root     root        299304 May 19 18:14 kill_process_group_test
-rwxr-xr-x    1 root     root        298616 May 19 18:14 ls_test
-rwxr-xr-x    1 root     root        292544 May 19 18:14 lseek_test
-rwxr-xr-x    1 root     root        292200 May 19 18:14 mkdir_argv_test
-rwxr-xr-x    1 root     root        303200 May 19 18:14 net_test
-rwxr-xr-x    1 root     root        293344 May 19 18:14 nonblock_eagain_test
-rwxr-xr-x    1 root     root        303992 May 19 18:14 nonblock_test
-rwxr-xr-x    1 root     root        299408 May 19 18:14 pause_test
-rwxr-xr-x    1 root     root        304296 May 19 18:14 pipe2_test
-rwxr-xr-x    1 root     root        304320 May 19 18:14 pipe_concurrent_test
-rwxr-xr-x    1 root     root        305080 May 19 18:14 pipe_fork_test
-rwxr-xr-x    1 root     root        316608 May 19 18:14 pipe_refcount_test
-rwxr-xr-x    1 root     root        299256 May 19 18:14 pipe_test
-rwxr-xr-x    1 root     root        305704 May 19 18:14 pipeline_test
-rwxr-xr-x    1 root     root        304712 May 19 18:14 poll_test
-rwxr-xr-x    1 root     root        293456 May 19 18:14 pty_test
-rwxr-xr-x    1 root     root        288888 May 19 18:14 register_init_test
-rwxr-xr-x    1 root     root        291840 May 19 18:14 rm_argv_test
-rwxr-xr-x    1 root     root        304440 May 19 18:14 select_test
-rwxr-xr-x    1 root     root        304824 May 19 18:14 session_test
-rwxr-xr-x    1 root     root        293192 May 19 18:14 shell_pipe_test
-rwxr-xr-x    1 root     root        305296 May 19 18:14 sigaltstack_test
-rwxr-xr-x    1 root     root        294632 May 19 18:14 sigchld_job_test
-rwxr-xr-x    1 root     root        292040 May 19 18:14 sigchld_test
-rwxr-xr-x    1 root     root        299712 May 19 18:14 signal_exec_test
-rwxr-xr-x    1 root     root        298800 May 19 18:14 signal_fork_test
-rwxr-xr-x    1 root     root        298032 May 19 18:14 signal_handler_test
-rwxr-xr-x    1 root     root        298616 May 19 18:14 signal_regs_test
-rwxr-xr-x    1 root     root        299304 May 19 18:14 signal_return_test
-rwxr-xr-x    1 root     root        298280 May 19 18:14 signal_test
-rwxr-xr-x    1 root     root        304816 May 19 18:14 sigsuspend_test
-rwxr-xr-x    1 root     root        304584 May 19 18:14 sleep_debug_test
-rwxr-xr-x    1 root     root        291856 May 19 18:14 stdin_test
-rwxr-xr-x    1 root     root        289072 May 19 18:14 syscall_diagnostic_test
-rwxr-xr-x    1 root     root        293272 May 19 18:14 tail_test
-rwxr-xr-x    1 root     root        320008 May 19 18:14 tcp_blocking_test
-rwxr-xr-x    1 root     root        297192 May 19 18:14 tcp_client_test
-rwxr-xr-x    1 root     root        318696 May 19 18:14 tcp_socket_test
-rwxr-xr-x    1 root     root        291968 May 19 18:14 test_mmap
-rwxr-xr-x    1 root     root        291496 May 19 18:14 timer_test
-rwxr-xr-x    1 root     root        291904 May 19 18:14 true_test
-rwxr-xr-x    1 root     root        303352 May 19 18:14 tty_test
-rwxr-xr-x    1 root     root        305616 May 19 18:14 udp_socket_test
-rwxr-xr-x    1 root     root        310280 May 19 18:14 unix_named_socket_test
-rwxr-xr-x    1 root     root        323008 May 19 18:14 unix_socket_test
-rwxr-xr-x    1 root     root        298944 May 19 18:14 waitpid_test
-rwxr-xr-x    1 root     root        297880 May 19 18:14 wc_test
-rwxr-xr-x    1 root     root        293152 May 19 18:14 which_test
-rwxr-xr-x    1 root     root        292496 May 19 18:14 wnohang_timing_test
  Test files:
-rw-r--r--    1 root     root            20 May 19 18:14 /mnt/ext2/test/nested.txt
-rw-r--r--    1 root     root           111 May 19 18:14 /mnt/ext2/lines.txt
-rw-r--r--    1 root     root             0 May 19 18:14 /mnt/ext2/empty.txt
-rw-r--r--    1 root     root            26 May 19 18:14 /mnt/ext2/etc/group
-rw-r--r--    1 root     root           367 May 19 18:14 /mnt/ext2/etc/bshrc
-rw-r--r--    1 root     root           679 May 19 18:14 /mnt/ext2/etc/init.js
-rw-r--r--    1 root     root            83 May 19 18:14 /mnt/ext2/etc/passwd
-rw-r--r--    1 root     root           445 May 19 18:14 /mnt/ext2/etc/fonts.conf
-rw-r--r--    1 root     root           349 May 19 18:14 /mnt/ext2/etc/hotkeys.conf
-rw-r--r--    1 root     root            17 May 19 18:14 /mnt/ext2/hello.txt
-rw-r--r--    1 root     root            20 May 19 18:14 /mnt/ext2/deep/path/to/file/data.txt
-rwxr-xr-x    1 root     root        296776 May 19 18:14 /mnt/ext2/sbin/init
-rwxr-xr-x   51 root     root        329400 May 19 18:14 /mnt/ext2/sbin/false
-rwxr-xr-x   51 root     root        329400 May 19 18:14 /mnt/ext2/sbin/true
-rwxr-xr-x    1 root     root        298632 May 19 18:14 /mnt/ext2/sbin/telnetd
-rwxr-xr-x    1 root     root        291528 May 19 18:14 /mnt/ext2/sbin/blogd
-rw-r--r--    1 root     root        108684 May 19 18:14 /mnt/ext2/usr/share/fonts/Inconsolata-Regular.ttf
-rw-r--r--    1 root     root        876576 May 19 18:14 /mnt/ext2/usr/share/fonts/Inter-Regular.ttf
-rw-r--r--    1 root     root        300724 May 19 18:14 /mnt/ext2/usr/share/fonts/PlayfairDisplay-Regular.ttf
-rw-r--r--    1 root     root        757076 May 19 18:14 /mnt/ext2/usr/share/fonts/DejaVuSans.ttf
-rw-r--r--    1 root     root        598060 May 19 18:14 /mnt/ext2/usr/share/fonts/CascadiaCode-Regular.ttf
-rw-r--r--    1 root     root        135580 May 19 18:14 /mnt/ext2/usr/share/fonts/IBMPlexMono-Regular.ttf
-rw-r--r--    1 root     root        212196 May 19 18:14 /mnt/ext2/usr/share/fonts/Lora-Regular.ttf
-rw-r--r--    1 root     root        309408 May 19 18:14 /mnt/ext2/usr/share/fonts/Hack-Regular.ttf
-rw-r--r--    1 root     root        160316 May 19 18:14 /mnt/ext2/usr/share/fonts/Poppins-Regular.ttf
-rw-r--r--    1 root     root        744936 May 19 18:14 /mnt/ext2/usr/share/fonts/Montserrat-Regular.ttf
-rw-r--r--    1 root     root        205748 May 19 18:14 /mnt/ext2/usr/share/fonts/UbuntuMono-Regular.ttf
-rw-r--r--    1 root     root        351884 May 19 18:14 /mnt/ext2/usr/share/fonts/Ubuntu-Regular.ttf
-rw-r--r--    1 root     root       2049096 May 19 18:14 /mnt/ext2/usr/share/fonts/NotoSans-Regular.ttf
-rw-r--r--    1 root     root        212340 May 19 18:14 /mnt/ext2/usr/share/fonts/SourceCodePro-Regular.ttf
-rw-r--r--    1 root     root        260364 May 19 18:14 /mnt/ext2/usr/share/fonts/FiraCode-Regular.ttf
-rw-r--r--    1 root     root        646340 May 19 18:14 /mnt/ext2/usr/share/fonts/SourceSans3-Regular.ttf
-rw-r--r--    1 root     root        273900 May 19 18:14 /mnt/ext2/usr/share/fonts/JetBrainsMono-Regular.ttf
-rw-r--r--    1 root     root       1708408 May 19 18:14 /mnt/ext2/usr/share/fonts/NotoSansMono-Regular.ttf
-rw-r--r--    1 root     root        656568 May 19 18:14 /mnt/ext2/usr/share/fonts/Lato-Regular.ttf
-rw-r--r--    1 root     root        359048 May 19 18:14 /mnt/ext2/usr/share/fonts/PTSerif-Regular.ttf
-rw-r--r--    1 root     root        183700 May 19 18:14 /mnt/ext2/usr/share/fonts/RobotoMono-Regular.ttf
-rw-r--r--    1 root     root        340712 May 19 18:14 /mnt/ext2/usr/share/fonts/DejaVuSansMono.ttf
-rw-r--r--    1 root     root        532636 May 19 18:14 /mnt/ext2/usr/share/fonts/OpenSans-Regular.ttf
-rw-r--r--    1 root     root       1887192 May 19 18:14 /mnt/ext2/usr/share/fonts/NotoSerif-Regular.ttf
-rw-r--r--    1 root     root       1209508 May 19 18:14 /mnt/ext2/usr/share/fonts/SourceSerif4-Regular.ttf
-rw-r--r--    1 root     root        276932 May 19 18:14 /mnt/ext2/usr/share/fonts/Nunito-Regular.ttf
-rw-r--r--    1 root     root        282844 May 19 18:14 /mnt/ext2/usr/share/fonts/Merriweather-Regular.ttf
-rw-r--r--    1 root     root        312352 May 19 18:14 /mnt/ext2/usr/share/fonts/Raleway-Regular.ttf
-rw-r--r--    1 root     root        488584 May 19 18:14 /mnt/ext2/usr/share/fonts/Roboto-Regular.ttf
-rwxr-xr-x    1 root     root        109624 May 19 18:14 /mnt/ext2/usr/local/cbin/env_musl_test
-rwxr-xr-x    1 root     root        108816 May 19 18:14 /mnt/ext2/usr/local/cbin/rlimit_musl_test
-rwxr-xr-x    1 root     root        133160 May 19 18:14 /mnt/ext2/usr/local/cbin/identity_musl_test
-rwxr-xr-x    1 root     root        108904 May 19 18:14 /mnt/ext2/usr/local/cbin/uname_musl_test
-rwxr-xr-x    1 root     root        108720 May 19 18:14 /mnt/ext2/usr/local/cbin/hello_musl
-rw-r--r--    1 root     root            19 May 19 18:14 /mnt/ext2/trunctest.txt

ext2 image created successfully

ext2 disk created and copied to testdata/:
  /Users/wrb/fun/code/breenix.worktrees/scheduler-wake-atomic/target/ext2-aarch64.img
  /Users/wrb/fun/code/breenix.worktrees/scheduler-wake-atomic/testdata/ext2-aarch64.img
  Size: 256M

Contents:
  /bin/busybox - BusyBox multi-call binary
  /bin/{cat,ls,head,...} - BusyBox hardlinks
  /sbin/{true,false} - BusyBox hardlinks
  /bin/* - Other userspace binaries (demos)
  /usr/local/test/bin/* - Test binaries (*_test, test_*)
  /sbin/telnetd - telnet daemon
  /hello.txt - test file (1 line)
  /lines.txt - multi-line test file (15 lines) for head/tail/wc
  /test/nested.txt - nested test file
  /deep/path/to/file/data.txt - deep nested test file

[5/6] Creating FAT32 EFI disk image...
  Loader: 80896 bytes
  Kernel: 2422544 bytes

[6/6] Creating Parallels disks...
  Patched 1 partition(s) to EFI System Partition type
  EFI disk: /Users/wrb/fun/code/breenix.worktrees/scheduler-wake-atomic/target/parallels/breenix-efi.hdd
  ext2 disk: /Users/wrb/fun/code/breenix.worktrees/scheduler-wake-atomic/target/parallels/breenix-ext2.hdd (256MB)

--- Configuring Parallels VM ---
VM name: breenix-1779214458
Creating fresh VM 'breenix-1779214458'...
Creating the virtual machine...
Generate the VM configuration for linux.
Remove the hdd0 device.
The VM has been successfully created.

The VM has been successfully configured.

The VM has been successfully configured.

The VM has been successfully configured.

The VM has been successfully configured.

The VM has been successfully configured.

The VM has been successfully configured.

The VM has been successfully configured.

The VM has been successfully configured.
Remove the cdrom0 device.

The VM has been successfully configured.
Remove the serial0 device.

The VM has been successfully configured.
Creating hdd0 (+) sata:0 image='/Users/wrb/fun/code/breenix.worktrees/scheduler-wake-atomic/target/parallels/breenix-efi.hdd' online-compact=off

Created hdd0 (+) sata:0 image='/Users/wrb/fun/code/breenix.worktrees/scheduler-wake-atomic/target/parallels/breenix-efi.hdd' type='plain' 64Mb online-compact=on


The VM has been successfully configured.
Creating hdd1 (+) sata:1 image='/Users/wrb/fun/code/breenix.worktrees/scheduler-wake-atomic/target/parallels/breenix-ext2.hdd' online-compact=off

Created hdd1 (+) sata:1 image='/Users/wrb/fun/code/breenix.worktrees/scheduler-wake-atomic/target/parallels/breenix-ext2.hdd' type='plain' 256Mb online-compact=on


The VM has been successfully configured.
  hdd0: EFI boot disk (FAT32) at sata:0
  hdd1: ext2 data disk at sata:1

The VM has been successfully configured.
Creating serial0 (+) output='/tmp/breenix-parallels-serial.log' state=disconnected

Created serial0 (+) output='/tmp/breenix-parallels-serial.log' state=disconnected


The VM has been successfully configured.
Configured serial0 (+) output='/tmp/breenix-parallels-serial.log'


The VM has been successfully configured.

--- Starting VM ---
Starting the VM...
The VM has been successfully started.

=========================================
Breenix running on Parallels
=========================================
VM:     breenix-1779214458
Serial: /tmp/breenix-parallels-serial.log
Stop:   prlctl stop breenix-1779214458 --kill

Tailing serial output (Ctrl+C to detach)...

[parallels-log] 05-19 14:14:29.004 F /vm:45001:5596ef8/ Initing VCPUs
[parallels-log] 05-19 14:14:29.004 F /StateMachine:45001:5596ef8/ VCPU0 state(unknown): initialized to VcpuStateUninitialized
[parallels-log] 05-19 14:14:29.004 F /StateMachine:45001:5596ef8/ VCPU0 state(VcpuStateUninitialized): enqueued 'VcpuCmdInit'(8) command
[parallels-log] 05-19 14:14:29.004 F /StateMachine:45001:5596ef8/ VCPU1 state(unknown): initialized to VcpuStateUninitialized
[parallels-log] 05-19 14:14:29.004 F /StateMachine:45001:5596ef8/ VCPU1 state(VcpuStateUninitialized): enqueued 'VcpuCmdInit'(8) command
[parallels-log] 05-19 14:14:29.004 F /vm:45001:5596fd6/ VCPU #0 initialized (thread 0x16E4BF000)
[parallels-log] 05-19 14:14:29.004 F /StateMachine:45001:5596ef8/ VCPU2 state(unknown): initialized to VcpuStateUninitialized
[parallels-log] 05-19 14:14:29.004 F /StateMachine:45001:5596ef8/ VCPU2 state(VcpuStateUninitialized): enqueued 'VcpuCmdInit'(8) command
[parallels-log] 05-19 14:14:29.004 F /StateMachine:45001:5596ef8/ VCPU3 state(unknown): initialized to VcpuStateUninitialized
[parallels-log] 05-19 14:14:29.004 F /StateMachine:45001:5596ef8/ VCPU3 state(VcpuStateUninitialized): enqueued 'VcpuCmdInit'(8) command
[parallels-log] 05-19 14:14:29.004 F /StateMachine:45001:5596ef8/ VCPU4 state(unknown): initialized to VcpuStateUninitialized
[parallels-log] 05-19 14:14:29.004 F /StateMachine:45001:5596ef8/ VCPU4 state(VcpuStateUninitialized): enqueued 'VcpuCmdInit'(8) command
[parallels-log] 05-19 14:14:29.004 F /vm:45001:5596fd8/ VCPU #2 initialized (thread 0x16E5D7000)
[parallels-log] 05-19 14:14:29.004 F /vm:45001:5596fd9/ VCPU #3 initialized (thread 0x16E663000)
[parallels-log] 05-19 14:14:29.004 F /StateMachine:45001:5596ef8/ VCPU5 state(unknown): initialized to VcpuStateUninitialized
[parallels-log] 05-19 14:14:29.004 F /vm:45001:5596fd7/ VCPU #1 initialized (thread 0x16E54B000)
[parallels-log] 05-19 14:14:29.004 F /StateMachine:45001:5596ef8/ VCPU5 state(VcpuStateUninitialized): enqueued 'VcpuCmdInit'(8) command
[parallels-log] 05-19 14:14:29.004 F /StateMachine:45001:5596ef8/ VCPU6 state(unknown): initialized to VcpuStateUninitialized
[parallels-log] 05-19 14:14:29.004 F /StateMachine:45001:5596ef8/ VCPU6 state(VcpuStateUninitialized): enqueued 'VcpuCmdInit'(8) command
[parallels-log] 05-19 14:14:29.004 F /StateMachine:45001:5596ef8/ VCPU7 state(unknown): initialized to VcpuStateUninitialized
[parallels-log] 05-19 14:14:29.004 F /vm:45001:5596fda/ VCPU #4 initialized (thread 0x16E6EF000)
[parallels-log] 05-19 14:14:29.004 F /vm:45001:5596fdb/ VCPU #5 initialized (thread 0x16E77B000)
[parallels-log] 05-19 14:14:29.004 F /StateMachine:45001:5596fd6/ VCPU0 state(VcpuStateUninitialized): completed current 'VcpuCmdInit'(8) command with result 0x0
[parallels-log] 05-19 14:14:29.004 F /StateMachine:45001:5596ef8/ VCPU7 state(VcpuStateUninitialized): enqueued 'VcpuCmdInit'(8) command
[parallels-log] 05-19 14:14:29.004 F /vm:45001:5596fdd/ VCPU #7 initialized (thread 0x16E893000)
[parallels-log] 05-19 14:14:29.004 F /vm:45001:5596fdc/ VCPU #6 initialized (thread 0x16E807000)
[parallels-log] 05-19 14:14:29.004 F /StateMachine:45001:5596fd9/ VCPU3 state(VcpuStateUninitialized): completed current 'VcpuCmdInit'(8) command with result 0x0
[parallels-log] 05-19 14:14:29.004 F /StateMachine:45001:5596fd7/ VCPU1 state(VcpuStateUninitialized): completed current 'VcpuCmdInit'(8) command with result 0x0
[parallels-log] 05-19 14:14:29.004 F /StateMachine:45001:5596fd8/ VCPU2 state(VcpuStateUninitialized): completed current 'VcpuCmdInit'(8) command with result 0x0
[parallels-log] 05-19 14:14:29.004 F /StateMachine:45001:5596fdc/ VCPU6 state(VcpuStateUninitialized): completed current 'VcpuCmdInit'(8) command with result 0x0
[parallels-log] 05-19 14:14:29.004 F /StateMachine:45001:5596fda/ VCPU4 state(VcpuStateUninitialized): completed current 'VcpuCmdInit'(8) command with result 0x0
[parallels-log] 05-19 14:14:29.004 F /StateMachine:45001:5596fdd/ VCPU7 state(VcpuStateUninitialized): completed current 'VcpuCmdInit'(8) command with result 0x0
[parallels-log] 05-19 14:14:29.004 F /StateMachine:45001:5596fdb/ VCPU5 state(VcpuStateUninitialized): completed current 'VcpuCmdInit'(8) command with result 0x0
[parallels-log] 05-19 14:14:29.006 F /vm:45001:5596ef8/ [Profile] VCPUs initialization time is 1 msecs
[parallels-log] 05-19 14:14:29.007 F /StateMachine:45001:5596ef8/ VCPU0 state(VcpuStateUninitialized): enqueued 'VcpuCmdPause'(0) command
[parallels-log] 05-19 14:14:29.007 F /StateMachine:45001:5596fd6/ VCPU0 state(VcpuStateUninitialized): changed to VcpuStateInitializing
[parallels-log] 05-19 14:14:29.007 F /StateMachine:45001:5596fd6/ VCPU0 state(VcpuStateInitializing): delay 'VcpuCmdPause'(0) command
[parallels-log] 05-19 14:14:29.007 F /MonitorArm:45001:5596fd6/ Initializing VCPU #0...
[parallels-log] 05-19 14:14:29.012 F /StateMachine:45001:5596fd6/ VCPU1 state(VcpuStateUninitialized): enqueued 'VcpuCmdPause'(0) command
[parallels-log] 05-19 14:14:29.012 F /StateMachine:45001:5596fd6/ VCPU2 state(VcpuStateUninitialized): enqueued 'VcpuCmdPause'(0) command
[parallels-log] 05-19 14:14:29.012 F /StateMachine:45001:5596fd6/ VCPU3 state(VcpuStateUninitialized): enqueued 'VcpuCmdPause'(0) command
[parallels-log] 05-19 14:14:29.012 F /StateMachine:45001:5596fd6/ VCPU4 state(VcpuStateUninitialized): enqueued 'VcpuCmdPause'(0) command
[parallels-log] 05-19 14:14:29.012 F /StateMachine:45001:5596fd6/ VCPU5 state(VcpuStateUninitialized): enqueued 'VcpuCmdPause'(0) command
[parallels-log] 05-19 14:14:29.012 F /StateMachine:45001:5596fd9/ VCPU3 state(VcpuStateUninitialized): changed to VcpuStateInitializing
[parallels-log] 05-19 14:14:29.012 F /StateMachine:45001:5596fd9/ VCPU3 state(VcpuStateInitializing): delay 'VcpuCmdPause'(0) command
[parallels-log] 05-19 14:14:29.012 F /StateMachine:45001:5596fd7/ VCPU1 state(VcpuStateUninitialized): changed to VcpuStateInitializing
[parallels-log] 05-19 14:14:29.012 F /StateMachine:45001:5596fd6/ VCPU6 state(VcpuStateUninitialized): enqueued 'VcpuCmdPause'(0) command
[parallels-log] 05-19 14:14:29.012 F /StateMachine:45001:5596fd8/ VCPU2 state(VcpuStateUninitialized): changed to VcpuStateInitializing
[parallels-log] 05-19 14:14:29.012 F /StateMachine:45001:5596fd7/ VCPU1 state(VcpuStateInitializing): delay 'VcpuCmdPause'(0) command
[parallels-log] 05-19 14:14:29.012 F /MonitorArm:45001:5596fd9/ Initializing VCPU #3...
[parallels-log] 05-19 14:14:29.012 F /StateMachine:45001:5596fd8/ VCPU2 state(VcpuStateInitializing): delay 'VcpuCmdPause'(0) command
[parallels-log] 05-19 14:14:29.012 F /MonitorArm:45001:5596fd7/ Initializing VCPU #1...
[parallels-log] 05-19 14:14:29.012 F /MonitorArm:45001:5596fd8/ Initializing VCPU #2...
[parallels-log] 05-19 14:14:29.012 F /StateMachine:45001:5596fd6/ VCPU7 state(VcpuStateUninitialized): enqueued 'VcpuCmdPause'(0) command
[parallels-log] 05-19 14:14:29.012 F /MonitorArm:45001:5596fd9/ Initializing VCPU #3... done
[parallels-log] 05-19 14:14:29.012 F /MonitorArm:45001:5596fd8/ Initializing VCPU #2... done
[parallels-log] 05-19 14:14:29.012 F /MonitorArm:45001:5596fd7/ Initializing VCPU #1... done
[parallels-log] 05-19 14:14:29.012 F /MonitorArm:45001:5596fd6/ Initializing VCPU #0... done
[parallels-log] 05-19 14:14:29.012 F /StateMachine:45001:5596fd9/ VCPU3 state(VcpuStateInitializing): changed to VcpuStateTransition
[parallels-log] 05-19 14:14:29.012 F /StateMachine:45001:5596fd9/ VCPU3 state(VcpuStateTransition): changed to VcpuStatePaused
[parallels-log] 05-19 14:14:29.012 F /StateMachine:45001:5596fd9/ VCPU3 state(VcpuStatePaused): completed current 'VcpuCmdPause'(0) command with result 0x0
[parallels-log] 05-19 14:14:29.012 F /StateMachine:45001:5596fd6/ VCPU0 state(VcpuStateInitializing): changed to VcpuStateTransition
[parallels-log] 05-19 14:14:29.012 F /StateMachine:45001:5596fdb/ VCPU5 state(VcpuStateUninitialized): changed to VcpuStateInitializing
[parallels-log] 05-19 14:14:29.012 F /StateMachine:45001:5596fdb/ VCPU5 state(VcpuStateInitializing): delay 'VcpuCmdPause'(0) command
[parallels-log] 05-19 14:14:29.012 F /StateMachine:45001:5596fd8/ VCPU2 state(VcpuStateInitializing): changed to VcpuStateTransition
[parallels-log] 05-19 14:14:29.012 F /StateMachine:45001:5596fdc/ VCPU6 state(VcpuStateUninitialized): changed to VcpuStateInitializing
[parallels-log] 05-19 14:14:29.012 F /StateMachine:45001:5596fd8/ VCPU2 state(VcpuStateTransition): changed to VcpuStatePaused
[parallels-log] 05-19 14:14:29.012 F /StateMachine:45001:5596fda/ VCPU4 state(VcpuStateUninitialized): changed to VcpuStateInitializing
[parallels-log] 05-19 14:14:29.012 F /StateMachine:45001:5596fdd/ VCPU7 state(VcpuStateUninitialized): changed to VcpuStateInitializing
[parallels-log] 05-19 14:14:29.012 F /StateMachine:45001:5596fd8/ VCPU2 state(VcpuStatePaused): completed current 'VcpuCmdPause'(0) command with result 0x0
[parallels-log] 05-19 14:14:29.012 F /StateMachine:45001:5596fdd/ VCPU7 state(VcpuStateInitializing): delay 'VcpuCmdPause'(0) command
[parallels-log] 05-19 14:14:29.012 F /StateMachine:45001:5596fda/ VCPU4 state(VcpuStateInitializing): delay 'VcpuCmdPause'(0) command
[parallels-log] 05-19 14:14:29.012 F /StateMachine:45001:5596fdc/ VCPU6 state(VcpuStateInitializing): delay 'VcpuCmdPause'(0) command
[parallels-log] 05-19 14:14:29.012 F /MonitorArm:45001:5596fdc/ Initializing VCPU #6...
[parallels-log] 05-19 14:14:29.012 F /MonitorArm:45001:5596fdb/ Initializing VCPU #5...
[parallels-log] 05-19 14:14:29.012 F /MonitorArm:45001:5596fda/ Initializing VCPU #4...
[parallels-log] 05-19 14:14:29.012 F /MonitorArm:45001:5596fdb/ Initializing VCPU #5... done
[parallels-log] 05-19 14:14:29.012 F /MonitorArm:45001:5596fdc/ Initializing VCPU #6... done
[parallels-log] 05-19 14:14:29.012 F /MonitorArm:45001:5596fdd/ Initializing VCPU #7...
[parallels-log] 05-19 14:14:29.012 F /StateMachine:45001:5596fd6/ VCPU0 state(VcpuStateTransition): changed to VcpuStatePaused
[parallels-log] 05-19 14:14:29.012 F /MonitorArm:45001:5596fdd/ Initializing VCPU #7... done
[parallels-log] 05-19 14:14:29.012 F /StateMachine:45001:5596fd6/ VCPU0 state(VcpuStatePaused): completed current 'VcpuCmdPause'(0) command with result 0x0
[parallels-log] 05-19 14:14:29.012 F /MonitorArm:45001:5596fda/ Initializing VCPU #4... done
[parallels-log] 05-19 14:14:29.012 F /StateMachine:45001:5596fdb/ VCPU5 state(VcpuStateInitializing): changed to VcpuStateTransition
[parallels-log] 05-19 14:14:29.012 F /StateMachine:45001:5596fd7/ VCPU1 state(VcpuStateInitializing): changed to VcpuStateTransition
[parallels-log] 05-19 14:14:29.012 F /StateMachine:45001:5596fdc/ VCPU6 state(VcpuStateInitializing): changed to VcpuStateTransition
[parallels-log] 05-19 14:14:29.012 F /StateMachine:45001:5596fdb/ VCPU5 state(VcpuStateTransition): changed to VcpuStatePaused
[parallels-log] 05-19 14:14:29.012 F /StateMachine:45001:5596fdb/ VCPU5 state(VcpuStatePaused): completed current 'VcpuCmdPause'(0) command with result 0x0
[parallels-log] 05-19 14:14:29.012 F /StateMachine:45001:5596fdd/ VCPU7 state(VcpuStateInitializing): changed to VcpuStateTransition
[parallels-log] 05-19 14:14:29.012 F /StateMachine:45001:5596fdc/ VCPU6 state(VcpuStateTransition): changed to VcpuStatePaused
[parallels-log] 05-19 14:14:29.012 F /StateMachine:45001:5596fda/ VCPU4 state(VcpuStateInitializing): changed to VcpuStateTransition
[parallels-log] 05-19 14:14:29.012 F /StateMachine:45001:5596fd7/ VCPU1 state(VcpuStateTransition): changed to VcpuStatePaused
[parallels-log] 05-19 14:14:29.012 F /StateMachine:45001:5596fda/ VCPU4 state(VcpuStateTransition): changed to VcpuStatePaused
[parallels-log] 05-19 14:14:29.012 F /StateMachine:45001:5596fdd/ VCPU7 state(VcpuStateTransition): changed to VcpuStatePaused
[parallels-log] 05-19 14:14:29.012 F /StateMachine:45001:5596fda/ VCPU4 state(VcpuStatePaused): completed current 'VcpuCmdPause'(0) command with result 0x0
[parallels-log] 05-19 14:14:29.012 F /StateMachine:45001:5596fd7/ VCPU1 state(VcpuStatePaused): completed current 'VcpuCmdPause'(0) command with result 0x0
[parallels-log] 05-19 14:14:29.012 F /StateMachine:45001:5596fdd/ VCPU7 state(VcpuStatePaused): completed current 'VcpuCmdPause'(0) command with result 0x0
[parallels-log] 05-19 14:14:29.012 F /StateMachine:45001:5596fdc/ VCPU6 state(VcpuStatePaused): completed current 'VcpuCmdPause'(0) command with result 0x0
[parallels-log] 05-19 14:14:29.083 F /StateMachine:45001:5596ef8/ VCPU0 state(VcpuStatePaused): enqueued 'VcpuCmdRun'(1) command
[parallels-log] 05-19 14:14:29.083 F /StateMachine:45001:5596ef8/ VCPU1 state(VcpuStatePaused): enqueued 'VcpuCmdRun'(1) command
[parallels-log] 05-19 14:14:29.083 F /StateMachine:45001:5596ef8/ VCPU2 state(VcpuStatePaused): enqueued 'VcpuCmdRun'(1) command
[parallels-log] 05-19 14:14:29.083 F /StateMachine:45001:5596ef8/ VCPU3 state(VcpuStatePaused): enqueued 'VcpuCmdRun'(1) command
[parallels-log] 05-19 14:14:29.083 F /StateMachine:45001:5596ef8/ VCPU4 state(VcpuStatePaused): enqueued 'VcpuCmdRun'(1) command
[parallels-log] 05-19 14:14:29.083 F /StateMachine:45001:5596ef8/ VCPU5 state(VcpuStatePaused): enqueued 'VcpuCmdRun'(1) command
[parallels-log] 05-19 14:14:29.083 F /StateMachine:45001:5596ef8/ VCPU6 state(VcpuStatePaused): enqueued 'VcpuCmdRun'(1) command
[parallels-log] 05-19 14:14:29.083 F /StateMachine:45001:5596ef8/ VCPU7 state(VcpuStatePaused): enqueued 'VcpuCmdRun'(1) command
[parallels-log] 05-19 14:14:29.083 F /StateMachine:45001:5596fd8/ VCPU2 state(VcpuStatePaused): changed to VcpuStateUnpausing
[parallels-log] 05-19 14:14:29.083 F /StateMachine:45001:5596fd9/ VCPU3 state(VcpuStatePaused): changed to VcpuStateUnpausing
[parallels-log] 05-19 14:14:29.083 F /StateMachine:45001:5596fda/ VCPU4 state(VcpuStatePaused): changed to VcpuStateUnpausing
[parallels-log] 05-19 14:14:29.083 F /StateMachine:45001:5596fd8/ VCPU2 state(VcpuStateUnpausing): delay 'VcpuCmdRun'(1) command
[parallels-log] 05-19 14:14:29.083 F /StateMachine:45001:5596fd9/ VCPU3 state(VcpuStateUnpausing): delay 'VcpuCmdRun'(1) command
[parallels-log] 05-19 14:14:29.083 F /StateMachine:45001:5596fdb/ VCPU5 state(VcpuStatePaused): changed to VcpuStateUnpausing
[parallels-log] 05-19 14:14:29.083 F /StateMachine:45001:5596fda/ VCPU4 state(VcpuStateUnpausing): delay 'VcpuCmdRun'(1) command
[parallels-log] 05-19 14:14:29.083 F /StateMachine:45001:5596fd6/ VCPU0 state(VcpuStatePaused): changed to VcpuStateUnpausing
[parallels-log] 05-19 14:14:29.083 F /StateMachine:45001:5596fd6/ VCPU0 state(VcpuStateUnpausing): delay 'VcpuCmdRun'(1) command
[parallels-log] 05-19 14:14:29.083 F /StateMachine:45001:5596fd6/ VCPU0 state(VcpuStateUnpausing): changed to VcpuStateTransition
[parallels-log] 05-19 14:14:29.083 F /StateMachine:45001:5596fd6/ VCPU0 state(VcpuStateTransition): changed to VcpuStateRunning
[parallels-log] 05-19 14:14:29.083 F /StateMachine:45001:5596fd8/ VCPU2 state(VcpuStateUnpausing): changed to VcpuStateTransition
[parallels-log] 05-19 14:14:29.083 F /StateMachine:45001:5596fd6/ VCPU0 state(VcpuStateRunning): completed current 'VcpuCmdRun'(1) command with result 0x0
[parallels-log] 05-19 14:14:29.083 F /StateMachine:45001:5596fda/ VCPU4 state(VcpuStateUnpausing): changed to VcpuStateTransition
[parallels-log] 05-19 14:14:29.083 F /StateMachine:45001:5596fd8/ VCPU2 state(VcpuStateTransition): changed to VcpuStateRunning
[parallels-log] 05-19 14:14:29.083 F /StateMachine:45001:5596fd9/ VCPU3 state(VcpuStateUnpausing): changed to VcpuStateTransition
[parallels-log] 05-19 14:14:29.083 F /StateMachine:45001:5596fd7/ VCPU1 state(VcpuStatePaused): changed to VcpuStateUnpausing
[parallels-log] 05-19 14:14:29.083 F /StateMachine:45001:5596fd8/ VCPU2 state(VcpuStateRunning): completed current 'VcpuCmdRun'(1) command with result 0x0
[parallels-log] 05-19 14:14:29.083 F /StateMachine:45001:5596fd9/ VCPU3 state(VcpuStateTransition): changed to VcpuStateRunning
[parallels-log] 05-19 14:14:29.083 F /StateMachine:45001:5596fd7/ VCPU1 state(VcpuStateUnpausing): delay 'VcpuCmdRun'(1) command
[parallels-log] 05-19 14:14:29.083 F /StateMachine:45001:5596fd9/ VCPU3 state(VcpuStateRunning): completed current 'VcpuCmdRun'(1) command with result 0x0
[parallels-log] 05-19 14:14:29.083 F /StateMachine:45001:5596fda/ VCPU4 state(VcpuStateTransition): changed to VcpuStateRunning
[parallels-log] 05-19 14:14:29.083 F /StateMachine:45001:5596fdd/ VCPU7 state(VcpuStatePaused): changed to VcpuStateUnpausing
[parallels-log] 05-19 14:14:29.083 F /StateMachine:45001:5596fd7/ VCPU1 state(VcpuStateUnpausing): changed to VcpuStateTransition
[parallels-log] 05-19 14:14:29.083 F /StateMachine:45001:5596fdd/ VCPU7 state(VcpuStateUnpausing): delay 'VcpuCmdRun'(1) command
[parallels-log] 05-19 14:14:29.083 F /StateMachine:45001:5596fd7/ VCPU1 state(VcpuStateTransition): changed to VcpuStateRunning
[parallels-log] 05-19 14:14:29.083 F /StateMachine:45001:5596fda/ VCPU4 state(VcpuStateRunning): completed current 'VcpuCmdRun'(1) command with result 0x0
[parallels-log] 05-19 14:14:29.083 F /StateMachine:45001:5596fdb/ VCPU5 state(VcpuStateUnpausing): delay 'VcpuCmdRun'(1) command
[parallels-log] 05-19 14:14:29.083 F /StateMachine:45001:5596fd7/ VCPU1 state(VcpuStateRunning): completed current 'VcpuCmdRun'(1) command with result 0x0
[parallels-log] 05-19 14:14:29.083 F /StateMachine:45001:5596fdd/ VCPU7 state(VcpuStateUnpausing): changed to VcpuStateTransition
[parallels-log] 05-19 14:14:29.083 F /StateMachine:45001:5596fdd/ VCPU7 state(VcpuStateTransition): changed to VcpuStateRunning
[parallels-log] 05-19 14:14:29.083 F /StateMachine:45001:5596fdd/ VCPU7 state(VcpuStateRunning): completed current 'VcpuCmdRun'(1) command with result 0x0
[parallels-log] 05-19 14:14:29.083 F /StateMachine:45001:5596fdb/ VCPU5 state(VcpuStateUnpausing): changed to VcpuStateTransition
[parallels-log] 05-19 14:14:29.083 F /StateMachine:45001:5596fdb/ VCPU5 state(VcpuStateTransition): changed to VcpuStateRunning
[parallels-log] 05-19 14:14:29.083 F /StateMachine:45001:5596fdc/ VCPU6 state(VcpuStatePaused): changed to VcpuStateUnpausing
[parallels-log] 05-19 14:14:29.083 F /StateMachine:45001:5596fdb/ VCPU5 state(VcpuStateRunning): completed current 'VcpuCmdRun'(1) command with result 0x0
[parallels-log] 05-19 14:14:29.083 F /StateMachine:45001:5596fdc/ VCPU6 state(VcpuStateUnpausing): delay 'VcpuCmdRun'(1) command
[parallels-log] 05-19 14:14:29.083 F /StateMachine:45001:5596fdc/ VCPU6 state(VcpuStateUnpausing): changed to VcpuStateTransition
[parallels-log] 05-19 14:14:29.083 F /StateMachine:45001:5596fdc/ VCPU6 state(VcpuStateTransition): changed to VcpuStateRunning
[parallels-log] 05-19 14:14:29.083 F /StateMachine:45001:5596fdc/ VCPU6 state(VcpuStateRunning): completed current 'VcpuCmdRun'(1) command with result 0x0
[virgl] attach_backing: OK (1200 pages attached)
[virgl-composite] Texture resource initialized (id=5)
[virgl] attach_backing: phys=0x50c42000, len=4915200, nr_pages=1200
[virgl] attach_backing: sending 3-desc chain: hdr=0x412bf200(32B), entries=0x510f2000(19200B)
[virgl] attach_backing: OK (1200 pages attached)
[virgl-pool] Pre-allocated slot=0 res_id=10 1280x960
[virgl] attach_backing: phys=0x510f2000, len=4915200, nr_pages=1200
[virgl] attach_backing: sending 3-desc chain: hdr=0x412bf200(32B), entries=0x515a2000(19200B)
[virgl] attach_backing: OK (1200 pages attached)
[virgl-pool] Pre-allocated slot=1 res_id=11 1280x960
[virgl] attach_backing: phys=0x515a2000, len=4915200, nr_pages=1200
[virgl] attach_backing: sending 3-desc chain: hdr=0x412bf200(32B), entries=0x51a52000(19200B)
[virgl] attach_backing: OK (1200 pages attached)
[virgl-pool] Pre-allocated slot=2 res_id=12 1280x960
[virgl] attach_backing: phys=0x51a52000, len=4915200, nr_pages=1200
[virgl] attach_backing: sending 3-desc chain: hdr=0x412bf200(32B), entries=0x51f02000(19200B)
[virgl] attach_backing: OK (1200 pages attached)
[virgl-pool] Pre-allocated slot=3 res_id=13 1280x960
[virgl] attach_backing: phys=0x51f02000, len=4915200, nr_pages=1200
[virgl] attach_backing: sending 3-desc chain: hdr=0x412bf200(32B), entries=0x523b2000(19200B)
[virgl] attach_backing: OK (1200 pages attached)
[virgl-pool] Pre-allocated slot=4 res_id=14 1280x960
[virgl] attach_backing: phys=0x523b2000, len=4915200, nr_pages=1200
[virgl] attach_backing: sending 3-desc chain: hdr=0x412bf200(32B), entries=0x52862000(19200B)
[virgl] attach_backing: OK (1200 pages attached)
[virgl-pool] Pre-allocated slot=5 res_id=15 1280x960
[virgl] attach_backing: phys=0x52862000, len=4915200, nr_pages=1200
[virgl] attach_backing: sending 3-desc chain: hdr=0x412bf200(32B), entries=0x52d12000(19200B)
[virgl] attach_backing: OK (1200 pages attached)
[virgl-pool] Pre-allocated slot=6 res_id=16 1280x960
[virgl] attach_backing: phys=0x52d12000, len=4915200, nr_pages=1200
[virgl] attach_backing: sending 3-desc chain: hdr=0x412bf200(32B), entries=0x531c2000(19200B)
[virgl] attach_backing: OK (1200 pages attached)
[virgl-pool] Pre-allocated slot=7 res_id=17 1280x960
[virgl] attach_backing: phys=0x531c2000, len=8192, nr_pages=2
[virgl] attach_backing: sending 3-desc chain: hdr=0x412bf200(32B), entries=0x502e0040(32B)
[virgl] attach_backing: OK (2 pages attached)
[virgl-cursor] Cursor texture initialized (id=6, 16x80, 5 shapes)
[virgl] attach_backing: phys=0x531c4000, len=4096, nr_pages=1
[virgl] attach_backing: sending 3-desc chain: hdr=0x412bf200(32B), entries=0x502e0040(16B)
[virgl] attach_backing: OK (1 pages attached)
[virgl-dimmer] Dimmer texture initialized (id=7, 4x4)
[virgl] Step 8: Compositor texture initialized
[virgl] Step 9: full pipeline+draw batch (191 DWORDs)
[virgl] SUBMIT_3D OK: id=2 used_len=0 resp_flags=0x1 resp_fence=2
[virgl] Step 10: SET_SCANOUT + RESOURCE_FLUSH
[virgl] VirGL 3D pipeline initialized successfully
[drivers] VirGL 3D acceleration active
[drivers] Compositor backend: VirGL
[virtio-gpu-pci] GPU command waits use scheduler waitqueue
[virtio-net-pci] Searching for VirtIO network device on PCI bus...
[virtio-net-pci] Found at 00:05.0 [1af4:1000]
[virtio-net-pci] BAR0: phys=0x18010000 virt=0xffff000018010000 size=4096
[virtio-net-pci] Device features: 0x6187bfa3
[virtio-net-pci] MAC: 00:1c:42:a0:d7:1c
[virtio-net-pci] Queue 0 max size: 256
[virtio-net-pci] Queue 0 PFN=0x402c9 (phys=0x402c9000)
[virtio-net-pci] Queue 1 max size: 256
[virtio-net-pci] Queue 1 PFN=0x402cc (phys=0x402cc000)
[pci] 00:05.0: capabilities:
  cap 0x10 (PCIe) @ 0x48: dw0=0x00024010 dw1=0x00000fc0
  cap 0x01 (PM) @ 0x40: dw0=0x0022f401 dw1=0x00000000
  cap 0x11 (MSI-X) @ 0xf4: dw0=0x00020011 dw1=0x00000001
[virtio-net-pci] MSI-X cap at 0xf4: 3 vectors
[virtio-net-pci] MSI-X vector assignments: cfg=0xffff rx=0x0
[virtio-net-pci] MSI-X enabled: SPI 55 doorbell=0x2250040 vectors=3
[virtio-net-pci] Network device initialized successfully
[drivers] VirtIO network (PCI) initialized
[drivers] SVGA3 init skipped: SVGA3 device not found
[drivers] Found XHCI at 00:03.0 [1033:0194]
[parallels-log] 05-19 14:14:30.050 F /MonitorArm:45001:5596fd6/ VCPU0: OnExitBootServices()
[xhci] DMA addrs: DCBAA=0x40252000 CMD_RING=0x40253000 EVT_RING=0x40263000 ERST=0x402cf740
[xhci] Regs: USBCMD=0x5 USBSTS=0x0 CRCR=0x0 DCBAAP=0x40252000
[xhci] IR0: IMAN=0x2 ERDP=0x40263000 ERSTBA=0x402cf740
[xhci] Port scan: 14 ports
[xhci]   port 1: PORTSC=0x00021203 CCS=1 PED=1 speed=4
[xhci]   port 2: PORTSC=0x00021203 CCS=1 PED=1 speed=4
[xhci]   port 3: PORTSC=0x00021203 CCS=1 PED=1 speed=4
[xhci]   port 4: PORTSC=0x000002a0 CCS=0 PED=0 speed=0
[xhci]   port 5: PORTSC=0x000002a0 CCS=0 PED=0 speed=0
[xhci]   port 6: PORTSC=0x000002a0 CCS=0 PED=0 speed=0
[xhci]   port 7: PORTSC=0x000002a0 CCS=0 PED=0 speed=0
[xhci]   port 8: PORTSC=0x000002a0 CCS=0 PED=0 speed=0
[xhci]   port 9: PORTSC=0x000002a0 CCS=0 PED=0 speed=0
[xhci]   port 10: PORTSC=0x000002a0 CCS=0 PED=0 speed=0
[xhci]   port 11: PORTSC=0x000002a0 CCS=0 PED=0 speed=0
[xhci]   port 12: PORTSC=0x000002a0 CCS=0 PED=0 speed=0
[xhci]   port 13: PORTSC=0x000002a0 CCS=0 PED=0 speed=0
[xhci]   port 14: PORTSC=0x000002a0 CCS=0 PED=0 speed=0
[xhci] port 1 connected: PORTSC=0x00001203 PED=1 speed=4
[xhci] port 1 EnableSlot -> slot 1
[xhci] port 1 AddressDevice OK (slot 1)
[xhci] slot1: vid=0x203a pid=0xfffc class=0x00/0x00/0x00
[xhci] slot1 iface0: class=0x03 sub=0x00 proto=0x02 numEP=1
[xhci] HID iface: proto=2 subclass=0 -> mouse (hid_idx=1)
[xhci] slot1 iface1: class=0x03 sub=0x00 proto=0x02 numEP=1
[xhci] HID iface: proto=2 subclass=0 -> mouse (hid_idx=3)
[xhci] port 2 connected: PORTSC=0x00001203 PED=1 speed=4
[xhci] port 2 EnableSlot -> slot 2
[xhci] port 2 AddressDevice OK (slot 2)
[xhci] slot2: vid=0x203a pid=0xfffb class=0x00/0x00/0x00
[xhci] slot2 iface0: class=0x03 sub=0x01 proto=0x01 numEP=1
[xhci] HID iface: proto=1 subclass=1 -> keyboard (hid_idx=0)
[xhci] slot2 iface1: class=0x03 sub=0x00 proto=0x00 numEP=1
[xhci] HID iface: proto=0 subclass=0 -> NKRO (hid_idx=2)
[xhci] port 3 connected: PORTSC=0x00001203 PED=1 speed=4
[xhci] port 3 EnableSlot -> slot 3
[xhci] port 3 AddressDevice OK (slot 3)
[xhci] slot3: vid=0x203a pid=0xfff9 class=0xef/0x02/0x01
[xhci] slot3 iface0: class=0x0e sub=0x01 proto=0x00 numEP=0
[xhci] slot3 iface1: class=0x0e sub=0x02 proto=0x00 numEP=1
[xhci] start_hid_polling: kbd=slot2/dci3 nkro=dci5 mouse=slot1/dci3 mouse2=dci5
[xhci] Initialized: 32 slots, MSI irq=56
[drivers] XHCI USB controller initialized
[ahci] Platform AHCI at phys 0x2140000, virt 0xffff000002140000
[ahci] HBA version 1.256, 6 ports, 32 cmd slots, PI=0x0000003f
[ahci] Port 0: Sata, 131072 sectors (64 MB)
[ahci] Port 1: Sata, 524288 sectors (256 MB)
[ahci] IRQ probe: using port 0 dma_index 0
[ahci] IRQ probe: ISPENDR before=[0x01000000, 0x00000000, 0x00000000] after=[0x01000004, 0x00000000, 0x00000000]
[ahci] IRQ probe: PORT_IS=0x00000001 (should have D2H bit set)
[ahci] Platform IRQ probe: discovered SPI 34
[ahci] Platform IRQ enabled: SPI 34 (wired, level-triggered, CPU0)
[drivers] AHCI initialized (platform MMIO): 2 SATA device(s)
[drivers] Driver subsystem initialized (PCI)
[boot] Found 7 devices
[boot] Initializing network stack...
[net] Initializing network stack...
[net] Using VirtIO net PCI driver (Parallels)
[net] MAC address: 00:1c:42:a0:d7:1c
NET: IP address: 10.211.55.100
NET: Gateway: 10.211.55.1
Network stack initialized
NET: Sending ARP request for gateway 10.211.55.1
ARP request sent successfully
[virtio-net-pci] RX diag: used_idx=2 last_used=1 avail_idx=8 isr=0x0 msi_count=0
[virtio-net-pci] RX diag: used_idx=2 last_used=2 avail_idx=12 isr=0x0 msi_count=0
NET: ARP resolved gateway MAC: 00:1c:42:00:00:18
NET: Sending ICMP echo request to gateway 10.211.55.1
[net] ICMP echo reply received from 10.211.55.1 seq=1
NET: Network initialization complete
[virtio-net-pci] MSI-X SPI 55 enabled (post-init)
[boot] Initializing filesystem...
[ext2] No VirtIO block device, trying AHCI...
[ext2] AHCI device 0: 131072 sectors (64 MB)
[ext2] AHCI device 0: not ext2 (magic=0x0064)
[ext2] AHCI device 1: 524288 sectors (256 MB)
[ext2] Found ext2 superblock on AHCI device 1
[boot] ext2 root filesystem mounted
[boot] No home filesystem: No home block device available (expected at device index 3 or 1) (continuing)
[boot] devfs initialized at /dev
[boot] devptsfs initialized at /dev/pts
[boot] CPU detected: ARM Unknown
[boot] procfs initialized at /proc
[boot] TTY subsystem initialized
[boot] Initializing graphics...
[boot] VirGL active — skipping GOP framebuffer init (2D resource already set up in gpu_pci::init)
[boot] FB_INFO_CACHE populated for VirGL display (1280x960)
[boot] USB HID input active via XHCI (polled from timer)
[boot] Initializing per-CPU data...
[boot] Per-CPU data initialized
[boot] Initializing process manager...
[boot] Process manager initialized
[boot] Initializing scheduler...
[boot] Scheduler initialized
[boot] Workqueue subsystem initialized
[boot] Softirq subsystem initialized
[boot] Render thread skipped — VirGL owns the display
[boot] Tracing subsystem initialized and enabled
[boot] Pre-loading /sbin/init from ext2 (before timer)...
[boot] Init binary pre-loaded: 296776 bytes
[boot] Initializing timer interrupt...
[timer] Timer configured for ~1000 Hz (24000 ticks per interrupt)
[timer] Using virtual timer (PPI 27)
[boot] Timer interrupt initialized
[smp] CPU 0 MPIDR=0x80000000, stack_base=0x43000000
[smp] GICR covers 8 redistributors, probing CPUs 1..8
[smp] Probing secondary CPUs via PSCI...
[1s@1AmBCpDE]e FGCP1U 1: PSCI CPU_ON success
[gic]2 @1IABCCDCE_eFCTLRG_2EL1: 0x40400 -> 0x40402 (EOImode=1)
[smp] CPU 2: PSCI CPU_ON success
[T1gic] ICC_CTL3R@_1ABCDEeFG3EL1: 0x40400 -> 0x40402 (EOImode=1)
[gic] ICC_CTLR_EL1: 0x40400 -> 0x40402 (EOImode=1)
[smp] CPU 3: PSCI CPU_ON success
[smp]4 C@P1ABUCD Ee4FG: 4PSCI CPU_ON success
[gic5]@1 ABICDCEeCFG_C5TLR_EL1: 0x40400 -> 0x40402 (EOImode=1)
[smp] CPU 5: PSCI CPU_ON success
[T2gic] ICC_CTLR_6@1ABCDEeEFLG61: 0x40400 -> 0x40402 (EOImode=1)
[smp] CPU 6: PSCI CPU_ON success
[gi7c@1]AB CDIECeFCG_7CTLR_EL1: 0x40400 -> 0x40402 (EOImode=1)
[gic] ICC_CTLR_EL1: 0x40400 -> 0x40402 (EOImode=1)
[smp] CPU 7: PSCI CPU_ON success
[smp] 8 CPUs online

========================================
  Breenix ARM64 Boot Complete!
T3========================================

Hello from ARM64!

[boot] Launching init from pre-loaded ELF...
manager.create_process_with_argv [ARM64]: ENTRY - name='init', elf_size=296776, argc=1
manager.create_process_with_argv [ARM64]: Generated PID 1
manager.create_process_with_argv [ARM64]: Creating ProcessPageTable
manager.create_process_with_argv [ARM64]: Loading ELF into page table
manager.create_process_with_argv [ARM64]: ELF loaded, entry=0x4000f1f0
manager.create_process_with_argv [ARM64]: Allocating user stack
manager.create_process_with_argv [ARM64]: User stack will be at 0xfffffeff0000-0xffffff000000
manager.create_process_with_argv [ARM64]: argc/argv set up on stack, SP=0xfffffefffed0
manager.create_process_with_argv [ARM64]: SUCCESS - returning PID 1
[ahci-poll-attrib] total=72 post_reg=70 pre_sched=70 post_sched=0
[boot] Reset 8 idle thread contexts (CPUs online: 8)
T4T5EL0_SYSCALL: First syscall from userspace (SPSR confirms EL0)
[ OK ] syscall path verified
[init] Breenix init starting (PID 1)
T6[spawn] path='/bin/heartbeat'
T7T8T9T0manager.create_process_with_argv [ARM64]: ENTRY - name='heartbeat', elf_size=290128, argc=1
manager.create_process_with_argv [ARM64]: Generated PID 2
manager.create_process_with_argv [ARM64]: Creating ProcessPageTable
manager.create_process_with_argv [ARM64]: Loading ELF into page table
manager.create_process_with_argv [ARM64]: ELF loaded, entry=0x4000edac
manager.create_process_with_argv [ARM64]: Allocating user stack
manager.create_process_with_argv [ARM64]: User stack will be at 0xfffffeff0000-0xffffff000000
manager.create_process_with_argv [ARM64]: argc/argv set up on stack, SP=0xfffffefffed0
manager.create_process_with_argv [ARM64]: SUCCESS - returning PID 2
[spawn] Created child PID 2 for parent PID 1
[spawn] Success: child PID 2 scheduled
[heartbeat] tid=12 uptime_ms=1331
[spawn] path='/bin/bwm'
manager.create_process_with_argv [ARM64]: ENTRY - name='bwm', elf_size=429208, argc=1
manager.create_process_with_argv [ARM64]: Generated PID 3
manager.create_process_with_argv [ARM64]: Creating ProcessPageTable
manager.create_process_with_argv [ARM64]: Loading ELF into page table
manager.create_process_with_argv [ARM64]: ELF loaded, entry=0x400190b8
manager.create_process_with_argv [ARM64]: Allocating user stack
manager.create_process_with_argv [ARM64]: User stack will be at 0xfffffeff0000-0xffffff000000
manager.create_process_with_argv [ARM64]: argc/argv set up on stack, SP=0xfffffefffee0
manager.create_process_with_argv [ARM64]: SUCCESS - returning PID 3
[spawn] Created child PID 3 for parent PID 1
[spawn] Success: child PID 3 scheduled
[bwm] Breenix Window Manager starting... (v2-chromeless-skip)
[virgl-composite] Frame #0: 1x1 → 1280x960 display (first1k: 1 nonzero, first=0xff000000)
[bwm] GPU compositing mode (VirGL), display: 1280x960
[compositor] Mapped compositor buffer into process: virt=0x7ffffdb4e000, 1280x960, 1200 pages (backend=VirGL)
[bwm] Direct compositor mapping: 1280x960 at 0x7ffffdb4e000
[bwm] using bitmap font fallback for early boot
[bwm] hotkeys: using built-in defaults for early boot
[virgl-composite] Frame #1: 1280x960 → 1280x960 display (first1k: 1000 nonzero, first=0x00121832)
[virgl-composite] Frame #2: 1280x960 → 1280x960 display (first1k: 1000 nonzero, first=0x00121832)
[spawn] path='/sbin/telnetd'
manager.create_process_with_argv [ARM64]: ENTRY - name='telnetd', elf_size=298632, argc=1
manager.create_process_with_argv [ARM64]: Generated PID 4
manager.create_process_with_argv [ARM64]: Creating ProcessPageTable
manager.create_process_with_argv [ARM64]: Loading ELF into page table
manager.create_process_with_argv [ARM64]: ELF loaded, entry=0x4000fdd0
manager.create_process_with_argv [ARM64]: Allocating user stack
manager.create_process_with_argv [ARM64]: User stack will be at 0xfffffeff0000-0xffffff000000
manager.create_process_with_argv [ARM64]: argc/argv set up on stack, SP=0xfffffefffed0
manager.create_process_with_argv [ARM64]: SUCCESS - returning PID 4
[spawn] Created child PID 4 for parent PID 1
[spawn] Success: child PID 4 scheduled
TELNETD_STARTING
TELNETD_LISTENING
[init] Boot script completed
[spawn] path='/bin/bsshd'
manager.create_process_with_argv [ARM64]: ENTRY - name='bsshd', elf_size=441008, argc=1
manager.create_process_with_argv [ARM64]: Generated PID 5
manager.create_process_with_argv [ARM64]: Creating ProcessPageTable
manager.create_process_with_argv [ARM64]: Loading ELF into page table
manager.create_process_with_argv [ARM64]: ELF loaded, entry=0x4001c39c
manager.create_process_with_argv [ARM64]: Allocating user stack
manager.create_process_with_argv [ARM64]: User stack will be at 0xfffffeff0000-0xffffff000000
manager.create_process_with_argv [ARM64]: argc/argv set up on stack, SP=0xfffffefffed0
manager.create_process_with_argv [ARM64]: SUCCESS - returning PID 5
[spawn] Created child PID 5 for parent PID 1
[spawn] Success: child PID 5 scheduled
bsshd: starting on port 2222
bsshd: listening on 0.0.0.0:2222
[init] bsshd started (PID 5)
[spawn] path='/bin/bounce'
[parallels-log] 05-19 14:14:31.358 I /MonitorArm:45001:5596fd6/ VCPU0 PSCI: CPU_ON(target_cpu = 1, entry_point_addr = 40080258, context_id = 1)
[parallels-log] 05-19 14:14:31.358 I /MonitorArm:45001:5596fd6/ VCPU0 PSCI: CPU_ON(target_cpu = 2, entry_point_addr = 40080258, context_id = 2)
[parallels-log] 05-19 14:14:31.358 I /MonitorArm:45001:5596fd6/ VCPU0 PSCI: CPU_ON(target_cpu = 3, entry_point_addr = 40080258, context_id = 3)
[parallels-log] 05-19 14:14:31.359 I /MonitorArm:45001:5596fd6/ VCPU0 PSCI: CPU_ON(target_cpu = 4, entry_point_addr = 40080258, context_id = 4)
[parallels-log] 05-19 14:14:31.359 I /MonitorArm:45001:5596fd6/ VCPU0 PSCI: CPU_ON(target_cpu = 5, entry_point_addr = 40080258, context_id = 5)
[parallels-log] 05-19 14:14:31.359 I /MonitorArm:45001:5596fd6/ VCPU0 PSCI: CPU_ON(target_cpu = 6, entry_point_addr = 40080258, context_id = 6)
[parallels-log] 05-19 14:14:31.360 I /MonitorArm:45001:5596fd6/ VCPU0 PSCI: CPU_ON(target_cpu = 7, entry_point_addr = 40080258, context_id = 7)
manager.create_process_with_argv [ARM64]: ENTRY - name='bounce', elf_size=388152, argc=1
manager.create_process_with_argv [ARM64]: Generated PID 6
manager.create_process_with_argv [ARM64]: Creating ProcessPageTable
manager.create_process_with_argv [ARM64]: Loading ELF into page table
manager.create_process_with_argv [ARM64]: ELF loaded, entry=0x400188f4
manager.create_process_with_argv [ARM64]: Allocating user stack
manager.create_process_with_argv [ARM64]: User stack will be at 0xfffffeff0000-0xffffff000000
manager.create_process_with_argv [ARM64]: argc/argv set up on stack, SP=0xfffffefffed0
manager.create_process_with_argv [ARM64]: SUCCESS - returning PID 6
[spawn] Created child PID 6 for parent PID 1
[spawn] Success: child PID 6 scheduled
Bounce spheres demo starting (for Gus!) [boot_id=000000006a7fac7d]
[window] create_window_buffer: 400x300 (480000 bytes, 118 pages)
[window] Created buffer id=1 for pid=6: 400x300 at virt=0x7ffffdf86000 phys=0x44172000
[bwm] Discovered window 'Bounce' (id=1, 400x300) at (30,38)
[bounce] Window mode: id=1 400x300 [boot_id=000000006a7fac7d]
[compositor] Mapped window 1 into BWM: virt=0x7ffffdad4000, 400x300, 118 pages
[init] bounce started (PID 6)
[freeze-watch] uptime_ms=1807 submits=80 completes=83 fails=0 last_completion_ms=1805 fps_last_5s=11 cpu=6 tid=3 ctx_switches=2271 timer_ticks_cpu0=310 timer_ticks_cpu1=413 timer_ticks_cpu2=418 timer_ticks_cpu3=413 timer_ticks_cpu4=410 timer_ticks_cpu5=417 timer_ticks_cpu6=412 timer_ticks_cpu7=420 rq_total=0 rq_cpu0=0 rq_cpu1=0 rq_cpu2=0 rq_cpu3=0 rq_cpu4=0 rq_cpu5=0 rq_cpu6=0 rq_cpu7=0 cur_cpu0=0 cur_cpu1=13 cur_cpu2=5 cur_cpu3=6 cur_cpu4=7 cur_cpu5=8 cur_cpu6=3 cur_cpu7=10 total_threads=16 blocked_threads=6 sched_lock=ok procmgr_lock=ok gpu_pci_lock=ok
[gpu-pci-lock-attrib] max_hold_ms=6 max_hold_holder_tid=-1 rescues=0
[freeze-watch] uptime_ms=2309 submits=380 completes=383 fails=0 last_completion_ms=2307 fps_last_5s=199 cpu=3 tid=3 ctx_switches=3511 timer_ticks_cpu0=647 timer_ticks_cpu1=839 timer_ticks_cpu2=844 timer_ticks_cpu3=834 timer_ticks_cpu4=826 timer_ticks_cpu5=839 timer_ticks_cpu6=837 timer_ticks_cpu7=845 rq_total=0 rq_cpu0=0 rq_cpu1=0 rq_cpu2=0 rq_cpu3=0 rq_cpu4=0 rq_cpu5=0 rq_cpu6=0 rq_cpu7=0 cur_cpu0=0 cur_cpu1=13 cur_cpu2=5 cur_cpu3=3 cur_cpu4=7 cur_cpu5=8 cur_cpu6=9 cur_cpu7=10 total_threads=16 blocked_threads=6 sched_lock=ok procmgr_lock=ok gpu_pci_lock=ok
[heartbeat] tid=12 uptime_ms=2331
[bwm-fps] frames_since_last=139 elapsed_ms=1002 instantaneous_fps=138
[freeze-watch] uptime_ms=2812 submits=675 completes=677 fails=0 last_completion_ms=2808 fps_last_5s=194 cpu=3 tid=0 ctx_switches=4708 timer_ticks_cpu0=969 timer_ticks_cpu1=1268 timer_ticks_cpu2=1268 timer_ticks_cpu3=1252 timer_ticks_cpu4=1245 timer_ticks_cpu5=1265 timer_ticks_cpu6=1259 timer_ticks_cpu7=1270 rq_total=0 rq_cpu0=0 rq_cpu1=0 rq_cpu2=0 rq_cpu3=0 rq_cpu4=0 rq_cpu5=0 rq_cpu6=0 rq_cpu7=0 cur_cpu0=0 cur_cpu1=0 cur_cpu2=0 cur_cpu3=0 cur_cpu4=0 cur_cpu5=0 cur_cpu6=0 cur_cpu7=0 total_threads=0 blocked_threads=0 sched_lock=busy procmgr_lock=ok gpu_pci_lock=busy
[freeze-watch] uptime_ms=3314 submits=950 completes=953 fails=0 last_completion_ms=3311 fps_last_5s=183 cpu=4 tid=0 ctx_switches=5852 timer_ticks_cpu0=1303 timer_ticks_cpu1=1697 timer_ticks_cpu2=1691 timer_ticks_cpu3=1674 timer_ticks_cpu4=1664 timer_ticks_cpu5=1688 timer_ticks_cpu6=1688 timer_ticks_cpu7=1703 rq_total=0 rq_cpu0=0 rq_cpu1=0 rq_cpu2=0 rq_cpu3=0 rq_cpu4=0 rq_cpu5=0 rq_cpu6=0 rq_cpu7=0 cur_cpu0=0 cur_cpu1=0 cur_cpu2=0 cur_cpu3=0 cur_cpu4=0 cur_cpu5=0 cur_cpu6=0 cur_cpu7=0 total_threads=0 blocked_threads=0 sched_lock=busy procmgr_lock=ok gpu_pci_lock=ok
[heartbeat] tid=12 uptime_ms=3332
[bwm-fps] frames_since_last=182 elapsed_ms=1001 instantaneous_fps=181
[freeze-watch] uptime_ms=3817 submits=1217 completes=1220 fails=0 last_completion_ms=3814 fps_last_5s=176 cpu=3 tid=3 ctx_switches=6975 timer_ticks_cpu0=1635 timer_ticks_cpu1=2128 timer_ticks_cpu2=2123 timer_ticks_cpu3=2095 timer_ticks_cpu4=2083 timer_ticks_cpu5=2116 timer_ticks_cpu6=2111 timer_ticks_cpu7=2131 rq_total=0 rq_cpu0=0 rq_cpu1=0 rq_cpu2=0 rq_cpu3=0 rq_cpu4=0 rq_cpu5=0 rq_cpu6=0 rq_cpu7=0 cur_cpu0=13 cur_cpu1=4 cur_cpu2=5 cur_cpu3=3 cur_cpu4=7 cur_cpu5=8 cur_cpu6=9 cur_cpu7=10 total_threads=16 blocked_threads=6 sched_lock=ok procmgr_lock=ok gpu_pci_lock=ok
[freeze-watch] uptime_ms=4319 submits=1493 completes=1496 fails=0 last_completion_ms=4317 fps_last_5s=183 cpu=5 tid=3 ctx_switches=8070 timer_ticks_cpu0=1972 timer_ticks_cpu1=2557 timer_ticks_cpu2=2553 timer_ticks_cpu3=2507 timer_ticks_cpu4=2497 timer_ticks_cpu5=2537 timer_ticks_cpu6=2538 timer_ticks_cpu7=2560 rq_total=0 rq_cpu0=0 rq_cpu1=0 rq_cpu2=0 rq_cpu3=0 rq_cpu4=0 rq_cpu5=0 rq_cpu6=0 rq_cpu7=0 cur_cpu0=0 cur_cpu1=13 cur_cpu2=5 cur_cpu3=6 cur_cpu4=7 cur_cpu5=3 cur_cpu6=9 cur_cpu7=10 total_threads=16 blocked_threads=6 sched_lock=ok procmgr_lock=ok gpu_pci_lock=ok
[heartbeat] tid=12 uptime_ms=4333
[virgl-composite] Frame #500: 1280x960 → 1280x960 display (first1k: 1000 nonzero, first=0x0014161e)
[bwm-fps] frames_since_last=187 elapsed_ms=1003 instantaneous_fps=186
[freeze-watch] uptime_ms=4822 submits=1761 completes=1763 fails=0 last_completion_ms=4817 fps_last_5s=176 cpu=4 tid=0 ctx_switches=9156 timer_ticks_cpu0=2321 timer_ticks_cpu1=2985 timer_ticks_cpu2=2981 timer_ticks_cpu3=2926 timer_ticks_cpu4=2915 timer_ticks_cpu5=2957 timer_ticks_cpu6=2963 timer_ticks_cpu7=2985 rq_total=0 rq_cpu0=0 rq_cpu1=0 rq_cpu2=0 rq_cpu3=0 rq_cpu4=0 rq_cpu5=0 rq_cpu6=0 rq_cpu7=0 cur_cpu0=0 cur_cpu1=0 cur_cpu2=0 cur_cpu3=0 cur_cpu4=0 cur_cpu5=0 cur_cpu6=0 cur_cpu7=0 total_threads=0 blocked_threads=0 sched_lock=busy procmgr_lock=ok gpu_pci_lock=busy
[freeze-watch] uptime_ms=5326 submits=2057 completes=2059 fails=0 last_completion_ms=5325 fps_last_5s=194 cpu=2 tid=0 ctx_switches=10352 timer_ticks_cpu0=2656 timer_ticks_cpu1=3412 timer_ticks_cpu2=3407 timer_ticks_cpu3=3352 timer_ticks_cpu4=3335 timer_ticks_cpu5=3384 timer_ticks_cpu6=3394 timer_ticks_cpu7=3410 rq_total=0 rq_cpu0=0 rq_cpu1=0 rq_cpu2=0 rq_cpu3=0 rq_cpu4=0 rq_cpu5=0 rq_cpu6=0 rq_cpu7=0 cur_cpu0=0 cur_cpu1=0 cur_cpu2=0 cur_cpu3=0 cur_cpu4=0 cur_cpu5=0 cur_cpu6=0 cur_cpu7=0 total_threads=0 blocked_threads=0 sched_lock=busy procmgr_lock=ok gpu_pci_lock=busy
[heartbeat] tid=12 uptime_ms=5335
[bwm-fps] frames_since_last=186 elapsed_ms=1001 instantaneous_fps=185
[freeze-watch] uptime_ms=5830 submits=2352 completes=2354 fails=0 last_completion_ms=5824 fps_last_5s=196 cpu=0 tid=3 ctx_switches=11537 timer_ticks_cpu0=2990 timer_ticks_cpu1=3843 timer_ticks_cpu2=3835 timer_ticks_cpu3=3778 timer_ticks_cpu4=3756 timer_ticks_cpu5=3809 timer_ticks_cpu6=3821 timer_ticks_cpu7=3840 rq_total=0 rq_cpu0=0 rq_cpu1=0 rq_cpu2=0 rq_cpu3=0 rq_cpu4=0 rq_cpu5=0 rq_cpu6=0 rq_cpu7=0 cur_cpu0=3 cur_cpu1=4 cur_cpu2=5 cur_cpu3=6 cur_cpu4=7 cur_cpu5=8 cur_cpu6=9 cur_cpu7=10 total_threads=16 blocked_threads=7 sched_lock=ok procmgr_lock=ok gpu_pci_lock=busy
[freeze-watch] uptime_ms=6334 submits=2633 completes=2636 fails=0 last_completion_ms=6333 fps_last_5s=186 cpu=6 tid=3 ctx_switches=12672 timer_ticks_cpu0=3331 timer_ticks_cpu1=4271 timer_ticks_cpu2=4266 timer_ticks_cpu3=4201 timer_ticks_cpu4=4176 timer_ticks_cpu5=4231 timer_ticks_cpu6=4248 timer_ticks_cpu7=4267 rq_total=0 rq_cpu0=0 rq_cpu1=0 rq_cpu2=0 rq_cpu3=0 rq_cpu4=0 rq_cpu5=0 rq_cpu6=0 rq_cpu7=0 cur_cpu0=0 cur_cpu1=4 cur_cpu2=5 cur_cpu3=13 cur_cpu4=7 cur_cpu5=8 cur_cpu6=3 cur_cpu7=10 total_threads=16 blocked_threads=6 sched_lock=ok procmgr_lock=ok gpu_pci_lock=ok
[heartbeat] tid=12 uptime_ms=6336
[bwm-fps] frames_since_last=191 elapsed_ms=1002 instantaneous_fps=190
[freeze-watch] uptime_ms=6837 submits=2915 completes=2918 fails=0 last_completion_ms=6836 fps_last_5s=186 cpu=2 tid=3 ctx_switches=13843 timer_ticks_cpu0=3664 timer_ticks_cpu1=4704 timer_ticks_cpu2=4701 timer_ticks_cpu3=4619 timer_ticks_cpu4=4593 timer_ticks_cpu5=4656 timer_ticks_cpu6=4676 timer_ticks_cpu7=4691 rq_total=0 rq_cpu0=0 rq_cpu1=0 rq_cpu2=0 rq_cpu3=0 rq_cpu4=0 rq_cpu5=0 rq_cpu6=0 rq_cpu7=0 cur_cpu0=0 cur_cpu1=4 cur_cpu2=3 cur_cpu3=6 cur_cpu4=7 cur_cpu5=8 cur_cpu6=9 cur_cpu7=10 total_threads=16 blocked_threads=6 sched_lock=ok procmgr_lock=ok gpu_pci_lock=ok
[virgl-composite] Frame #1000: 1280x960 → 1280x960 display (first1k: 1000 nonzero, first=0x0014161e)
[heartbeat] tid=12 uptime_ms=7337
[freeze-watch] uptime_ms=7340 submits=3179 completes=3182 fails=0 last_completion_ms=7338 fps_last_5s=174 cpu=3 tid=3 ctx_switches=14977 timer_ticks_cpu0=3987 timer_ticks_cpu1=5126 timer_ticks_cpu2=5125 timer_ticks_cpu3=5033 timer_ticks_cpu4=5006 timer_ticks_cpu5=5075 timer_ticks_cpu6=5095 timer_ticks_cpu7=5114 rq_total=0 rq_cpu0=0 rq_cpu1=0 rq_cpu2=0 rq_cpu3=0 rq_cpu4=0 rq_cpu5=0 rq_cpu6=0 rq_cpu7=0 cur_cpu0=0 cur_cpu1=4 cur_cpu2=5 cur_cpu3=3 cur_cpu4=7 cur_cpu5=8 cur_cpu6=9 cur_cpu7=10 total_threads=16 blocked_threads=6 sched_lock=ok procmgr_lock=ok gpu_pci_lock=ok
[bwm-fps] frames_since_last=183 elapsed_ms=1000 instantaneous_fps=183
[freeze-watch] uptime_ms=7842 submits=3461 completes=3464 fails=0 last_completion_ms=7841 fps_last_5s=187 cpu=4 tid=3 ctx_switches=16191 timer_ticks_cpu0=4327 timer_ticks_cpu1=5561 timer_ticks_cpu2=5552 timer_ticks_cpu3=5453 timer_ticks_cpu4=5425 timer_ticks_cpu5=5503 timer_ticks_cpu6=5522 timer_ticks_cpu7=5540 rq_total=0 rq_cpu0=0 rq_cpu1=0 rq_cpu2=0 rq_cpu3=0 rq_cpu4=0 rq_cpu5=0 rq_cpu6=0 rq_cpu7=0 cur_cpu0=0 cur_cpu1=4 cur_cpu2=5 cur_cpu3=6 cur_cpu4=3 cur_cpu5=8 cur_cpu6=9 cur_cpu7=10 total_threads=16 blocked_threads=6 sched_lock=ok procmgr_lock=ok gpu_pci_lock=ok
[heartbeat] tid=12 uptime_ms=8337
[freeze-watch] uptime_ms=8345 submits=3759 completes=3761 fails=0 last_completion_ms=8337 fps_last_5s=196 cpu=2 tid=3 ctx_switches=17453 timer_ticks_cpu0=4654 timer_ticks_cpu1=5991 timer_ticks_cpu2=5981 timer_ticks_cpu3=5872 timer_ticks_cpu4=5843 timer_ticks_cpu5=5930 timer_ticks_cpu6=5952 timer_ticks_cpu7=5966 rq_total=0 rq_cpu0=0 rq_cpu1=0 rq_cpu2=0 rq_cpu3=0 rq_cpu4=0 rq_cpu5=0 rq_cpu6=0 rq_cpu7=0 cur_cpu0=0 cur_cpu1=4 cur_cpu2=3 cur_cpu3=6 cur_cpu4=7 cur_cpu5=8 cur_cpu6=9 cur_cpu7=10 total_threads=16 blocked_threads=6 sched_lock=ok procmgr_lock=ok gpu_pci_lock=busy
[bwm-fps] frames_since_last=184 elapsed_ms=1004 instantaneous_fps=183
[timer] cpu0 ticks=5000
[freeze-watch] uptime_ms=8847 submits=3989 completes=3992 fails=0 last_completion_ms=8845 fps_last_5s=153 cpu=6 tid=3 ctx_switches=18534 timer_ticks_cpu0=5006 timer_ticks_cpu1=6412 timer_ticks_cpu2=6399 timer_ticks_cpu3=6288 timer_ticks_cpu4=6259 timer_ticks_cpu5=6348 timer_ticks_cpu6=6369 timer_ticks_cpu7=6390 rq_total=0 rq_cpu0=0 rq_cpu1=0 rq_cpu2=0 rq_cpu3=0 rq_cpu4=0 rq_cpu5=0 rq_cpu6=0 rq_cpu7=0 cur_cpu0=0 cur_cpu1=13 cur_cpu2=5 cur_cpu3=6 cur_cpu4=7 cur_cpu5=8 cur_cpu6=3 cur_cpu7=10 total_threads=16 blocked_threads=6 sched_lock=ok procmgr_lock=ok gpu_pci_lock=ok
[heartbeat] tid=12 uptime_ms=9338
[freeze-watch] uptime_ms=9350 submits=4277 completes=4280 fails=0 last_completion_ms=9350 fps_last_5s=190 cpu=0 tid=3 ctx_switches=19772 timer_ticks_cpu0=5340 timer_ticks_cpu1=6841 timer_ticks_cpu2=6834 timer_ticks_cpu3=6709 timer_ticks_cpu4=6679 timer_ticks_cpu5=6769 timer_ticks_cpu6=6794 timer_ticks_cpu7=6819 rq_total=0 rq_cpu0=0 rq_cpu1=0 rq_cpu2=0 rq_cpu3=0 rq_cpu4=0 rq_cpu5=0 rq_cpu6=0 rq_cpu7=0 cur_cpu0=3 cur_cpu1=4 cur_cpu2=5 cur_cpu3=6 cur_cpu4=7 cur_cpu5=8 cur_cpu6=9 cur_cpu7=10 total_threads=16 blocked_threads=6 sched_lock=ok procmgr_lock=ok gpu_pci_lock=ok
[bwm-fps] frames_since_last=179 elapsed_ms=1000 instantaneous_fps=179
[freeze-watch] uptime_ms=9853 submits=4559 completes=4562 fails=0 last_completion_ms=9851 fps_last_5s=186 cpu=2 tid=3 ctx_switches=21027 timer_ticks_cpu0=5681 timer_ticks_cpu1=7268 timer_ticks_cpu2=7266 timer_ticks_cpu3=7133 timer_ticks_cpu4=7101 timer_ticks_cpu5=7191 timer_ticks_cpu6=7223 timer_ticks_cpu7=7250 rq_total=0 rq_cpu0=0 rq_cpu1=0 rq_cpu2=0 rq_cpu3=0 rq_cpu4=0 rq_cpu5=0 rq_cpu6=0 rq_cpu7=0 cur_cpu0=0 cur_cpu1=13 cur_cpu2=3 cur_cpu3=6 cur_cpu4=7 cur_cpu5=8 cur_cpu6=9 cur_cpu7=10 total_threads=16 blocked_threads=6 sched_lock=ok procmgr_lock=ok gpu_pci_lock=ok
[virgl-composite] Frame #1500: 1280x960 → 1280x960 display (first1k: 1000 nonzero, first=0x0014161e)
[heartbeat] tid=12 uptime_ms=10339
[freeze-watch] uptime_ms=10355 submits=4835 completes=4837 fails=0 last_completion_ms=10355 fps_last_5s=181 cpu=7 tid=0 ctx_switches=22224 timer_ticks_cpu0=6018 timer_ticks_cpu1=7690 timer_ticks_cpu2=7689 timer_ticks_cpu3=7548 timer_ticks_cpu4=7522 timer_ticks_cpu5=7602 timer_ticks_cpu6=7642 timer_ticks_cpu7=7673 rq_total=0 rq_cpu0=0 rq_cpu1=0 rq_cpu2=0 rq_cpu3=0 rq_cpu4=0 rq_cpu5=0 rq_cpu6=0 rq_cpu7=0 cur_cpu0=0 cur_cpu1=0 cur_cpu2=0 cur_cpu3=0 cur_cpu4=0 cur_cpu5=0 cur_cpu6=0 cur_cpu7=0 total_threads=0 blocked_threads=0 sched_lock=busy procmgr_lock=ok gpu_pci_lock=busy
[bwm-fps] frames_since_last=181 elapsed_ms=1000 instantaneous_fps=181
[heartbeat] tid=12 uptime_ms=11340
[bwm-fps] frames_since_last=214 elapsed_ms=1001 instantaneous_fps=213
[heartbeat] tid=12 uptime_ms=12340
[virgl-composite] Frame #2000: 1280x960 → 1280x960 display (first1k: 1000 nonzero, first=0x0014161e)
[bwm-fps] frames_since_last=180 elapsed_ms=1002 instantaneous_fps=179
[heartbeat] tid=12 uptime_ms=13340
[bwm-fps] frames_since_last=176 elapsed_ms=1003 instantaneous_fps=175
[heartbeat] tid=12 uptime_ms=14341
[bwm-fps] frames_since_last=169 elapsed_ms=1001 instantaneous_fps=168
[SCHED] queue_empty rescue_tid=13 count=0
[heartbeat] tid=12 uptime_ms=15341
[virgl-composite] Frame #2500: 1280x960 → 1280x960 display (first1k: 1000 nonzero, first=0x0014161e)
[freeze-watch] uptime_ms=15358 submits=7565 completes=7568 fails=0 last_completion_ms=15356 fps_last_5s=182 cpu=6 tid=3 ctx_switches=33813 timer_ticks_cpu0=9240 timer_ticks_cpu1=11967 timer_ticks_cpu2=11943 timer_ticks_cpu3=11716 timer_ticks_cpu4=11694 timer_ticks_cpu5=11793 timer_ticks_cpu6=11885 timer_ticks_cpu7=11932 rq_total=0 rq_cpu0=0 rq_cpu1=0 rq_cpu2=0 rq_cpu3=0 rq_cpu4=0 rq_cpu5=0 rq_cpu6=0 rq_cpu7=0 cur_cpu0=0 cur_cpu1=4 cur_cpu2=5 cur_cpu3=6 cur_cpu4=7 cur_cpu5=8 cur_cpu6=3 cur_cpu7=10 total_threads=16 blocked_threads=6 sched_lock=ok procmgr_lock=ok gpu_pci_lock=ok
[bwm-fps] frames_since_last=176 elapsed_ms=1002 instantaneous_fps=175
[heartbeat] tid=12 uptime_ms=16342
[bwm-fps] frames_since_last=199 elapsed_ms=1003 instantaneous_fps=198
[timer] cpu0 ticks=10000
[heartbeat] tid=12 uptime_ms=17342
[bwm-fps] frames_since_last=182 elapsed_ms=1001 instantaneous_fps=181
[virgl-composite] Frame #3000: 1280x960 → 1280x960 display (first1k: 1000 nonzero, first=0x0014161e)
[heartbeat] tid=12 uptime_ms=18343
[bwm-fps] frames_since_last=185 elapsed_ms=1003 instantaneous_fps=184
[heartbeat] tid=12 uptime_ms=19343
[bwm-fps] frames_since_last=184 elapsed_ms=1001 instantaneous_fps=183
[heartbeat] tid=12 uptime_ms=20343
[freeze-watch] uptime_ms=20360 submits=10366 completes=10368 fails=0 last_completion_ms=20360 fps_last_5s=186 cpu=1 tid=3 ctx_switches=45680 timer_ticks_cpu0=12548 timer_ticks_cpu1=16226 timer_ticks_cpu2=16188 timer_ticks_cpu3=15898 timer_ticks_cpu4=15849 timer_ticks_cpu5=16001 timer_ticks_cpu6=16135 timer_ticks_cpu7=16197 rq_total=0 rq_cpu0=0 rq_cpu1=0 rq_cpu2=0 rq_cpu3=0 rq_cpu4=0 rq_cpu5=0 rq_cpu6=0 rq_cpu7=0 cur_cpu0=13 cur_cpu1=3 cur_cpu2=5 cur_cpu3=6 cur_cpu4=7 cur_cpu5=8 cur_cpu6=9 cur_cpu7=10 total_threads=16 blocked_threads=6 sched_lock=ok procmgr_lock=ok gpu_pci_lock=busy
[bwm-fps] frames_since_last=187 elapsed_ms=1005 instantaneous_fps=186
[virgl-composite] Frame #3500: 1280x960 → 1280x960 display (first1k: 1000 nonzero, first=0x0014161e)
[SCHED] queue_empty rescue_tid=13 count=1
[heartbeat] tid=12 uptime_ms=21344
[bwm-fps] frames_since_last=165 elapsed_ms=1004 instantaneous_fps=164
[heartbeat] tid=12 uptime_ms=22344
[bwm-fps] frames_since_last=173 elapsed_ms=1002 instantaneous_fps=172
[heartbeat] tid=12 uptime_ms=23344
[bwm-fps] frames_since_last=178 elapsed_ms=1000 instantaneous_fps=178
[virgl-composite] Frame #4000: 1280x960 → 1280x960 display (first1k: 1000 nonzero, first=0x0014161e)
[timer] cpu0 ticks=15000
[heartbeat] tid=12 uptime_ms=24345
[bwm-fps] frames_since_last=172 elapsed_ms=1003 instantaneous_fps=171
[SCHED] queue_empty rescue_tid=13 count=2
[heartbeat] tid=12 uptime_ms=25345
[freeze-watch] uptime_ms=25362 submits=13022 completes=13025 fails=0 last_completion_ms=25360 fps_last_5s=177 cpu=6 tid=3 ctx_switches=57405 timer_ticks_cpu0=15883 timer_ticks_cpu1=20487 timer_ticks_cpu2=20429 timer_ticks_cpu3=20082 timer_ticks_cpu4=20004 timer_ticks_cpu5=20178 timer_ticks_cpu6=20360 timer_ticks_cpu7=20465 rq_total=0 rq_cpu0=0 rq_cpu1=0 rq_cpu2=0 rq_cpu3=0 rq_cpu4=0 rq_cpu5=0 rq_cpu6=0 rq_cpu7=0 cur_cpu0=0 cur_cpu1=4 cur_cpu2=5 cur_cpu3=16 cur_cpu4=7 cur_cpu5=8 cur_cpu6=3 cur_cpu7=10 total_threads=16 blocked_threads=5 sched_lock=ok procmgr_lock=ok gpu_pci_lock=ok
