[ram] 6 regions:
[ram]   0x40000000 - 0xffff0000 (3071 MB)
[ram]   0x100000000 - 0x140000000 (1024 MB)
[ram]   0x140025000 - 0x23be0f000 (4029 MB)
[ram]   0x23c000000 - 0x23c020000 (0 MB)
[ram]   0x23c080000 - 0x23f550000 (52 MB)
[ram]   0x23f930000 - 0x240000000 (6 MB)
[kern] entry_phys=0x400998c4 load=0x40080000-0x50104000
[gop-serial] UART: base=0x2110000 type=0 (PL011)
[gop-serial] Enumerating GOP display modes:
[gop-serial]   Mode 0: 1024x768 format=BGR
[gop-serial] 1 modes total, best=786432 pixels
[gop-serial] Already at best mode: 1024x768
[gop-serial] Selected: 1024x768 stride=1024 base=0x10000000 size=0x300000
ZZ00000000400998c4BDMTIVL!J>12KPHEOS
========================================
  Breenix ARM64 Kernel Starting
  BUILD_ID: 006a0dc9b62829
========================================

[boot] DIAG_MARKER_XHCI_A
[boot] DIAG_MARKER_XHCI_B
[boot] DIAG_MARKER_XHCI_C
[boot] loader xhci_hcrst_raw=0x0 ecam=0x2300000
[boot] Current exception level: EL1
[boot] MMU already enabled (high-half kernel)
[boot] Initializing memory management (0x44000000-0x50000000)...
[boot] Memory management ready
[boot] Initializing Generic Timer...
[boot] Timer frequency: 24000000 Hz (24 MHz)
[boot] Initializing PL031 RTC...
[boot] Current timestamp: 25399203
[boot] Initializing GIC...
[gic] GICR probe 0x02500000: WAKER=0x00000000 <<< VALID
[gic] GICD_CTLR wrote 0x53, readback=0x53
[gic] GICR_IGROUPR0: wrote 0xFFFFFFFF, readback=0xffffffff
[gic] ICC_CTLR_EL1: 0x40400 -> 0x40402 (EOImode=1)
[boot] GIC initialized (version 3)
[boot] Enabling UART interrupts...
[boot] Enabling GIC IRQ 33 (UART0)...
[uart] IMSC: 0x0 -> 0x50 (verify: 0x50)
[uart] FR=0x90 (RXFE=1), RIS=0x20
[gic] IRQ 33 state (GICv3):
  enabled=true, group1=true, pending=false
  priority=0xa0, GICD_CTLR=0x53
  ICC_PMR=0xf0
[boot] UART interrupts enabled
[boot] Enabling interrupts...
[boot] Interrupts enabled: true
[boot] Initializing device drivers...
[drivers] Initializing driver subsystem...
[drivers] PCI ECAM at 0x2300000, enumerating PCI bus...
[drivers] Found 7 PCI devices
[pci] 00:01.0 [8086:293e] class=04/03
[pci]   BAR0: 0x18008000 (16384)
[pci] 00:02.0 [8086:265c] class=0c/03
[pci]   BAR0: 0x18012000 (4096)
[pci]   BAR1: 0x0 (4096)
[pci]   BAR2: 0x0 (4096)
[pci]   BAR3: 0x0 (4096)
[pci]   BAR4: 0x0 (4096)
[pci]   BAR5: 0x0 (4096)
[pci] 00:03.0 [1033:0194] class=0c/03
[pci]   BAR0: 0x18011000 (4096)
[pci]   BAR1: 0x0 (4096)
[pci]   BAR2: 0x0 (4096)
[pci]   BAR3: 0x0 (4096)
[pci]   BAR4: 0x0 (4096)
[pci]   BAR5: 0x0 (4096)
[pci] 00:05.0 [1af4:1000] class=02/00
[pci]   BAR0: 0x18010000 (4096)
[pci]   BAR1: 0x1800f000 (4096)
[pci] 00:09.0 [1ab8:4000] class=ff/00
[pci]   BAR0: 0x1800e000 (4096)
[pci] 00:0a.0 [1af4:1050] class=03/00
[pci]   BAR0: 0x10000000 (134217728)
[pci]   BAR1: 0x1800d000 (4096)
[pci]   BAR4: 0x18004000 (16384)
[pci] 00:0e.0 [1af4:1053] class=07/80
[pci]   BAR1: 0x1800c000 (4096)
[pci]   BAR4: 0x18000000 (16384)
[drivers] Found 2 VirtIO PCI devices
[virtio-gpu-pci] Device features: 0x0000000100000001
[virtio-gpu-pci] VIRGL offered: true
[virtio-gpu-pci] Negotiated: 0x0000000100000001 (VIRGL=true)
[virtio-gpu-pci] VIRGL_ENABLED stored=true, readback=true, addr=0xffff0000411f8140
[pci] 00:0a.0: capabilities:
  cap 0x11 (MSI-X) @ 0xb0: dw0=0x0001bc11 dw1=0x00000001
  cap 0x09 (?) @ 0xbc: dw0=0x0410cc09 dw1=0x00000004
  cap 0x09 (?) @ 0xcc: dw0=0x0310dc09 dw1=0x00000004
  cap 0x09 (?) @ 0xdc: dw0=0x0214f009 dw1=0x00000004
  cap 0x09 (?) @ 0xf0: dw0=0x01100009 dw1=0x00000004
[gicv2m] MSI_TYPER raw=0x80350040 -> base_spi=53, num_spi=64
[virtio-gpu-pci] MSI-X cap at 0xb0: 2 vectors
[virtio-gpu-pci] MSI-X enabled: config_spi=53 queue_spi=54 doorbell=0x2250040 vectors=2
[virtio-gpu-pci] config_msix_vector: wrote=0x0 readback=0x0
[virtio-gpu-pci] Device has 2 queues
[virtio-gpu-pci] Queue 0 msix_vector: wrote=0x1 readback=0x1
[virtio-gpu-pci] Queue 1 msix_vector: wrote=0x1 readback=0x1
[virtio-gpu-pci] Cursor queue (q1) set up: size=16
[virtio-gpu-pci] Config: num_scanouts=16, num_capsets=1
[virtio-gpu-pci] MSI-X active: config_spi=53 queue_spi=54 queue_vector=1
[virtio-gpu-pci] Capset 0: id=2, max_ver=2, max_size=768
[virtio-gpu-pci] GET_CAPSET(id=2, ver=2): resp=0x1103
[virtio-gpu-pci] Display reports: 1024x768
[virtio-gpu-pci] Resolution: 1280x960 (display=1024x768, GOP=1024x768, min=1280x960)
[virtio-gpu-pci] 2D resource created and scanout set
[virtio-gpu-pci] Initialized: 1280x960
[drivers] VirtIO GPU (PCI) initialized
[virgl] Initializing VirGL 3D pipeline...
[virgl] 3D framebuffer backing: heap ptr=0xffff0000502e2000, phys=0x502e2000, size=4915200
[virgl] Step 1: context created
[virgl] Step 2: 3D resource created (1280x960, bind=0x0014000a)
[virgl] attach_backing: phys=0x502e2000, len=4915200, nr_pages=1200
[virgl] attach_backing: sending 3-desc chain: hdr=0x4024f000(32B), entries=0x50792000(19200B)
[virgl] attach_backing: OK (1200 pages attached)
[virgl] Step 3: backing attached
[virgl] Step 4: resource attached to context
[virgl] Step 5: resource primed
[virgl] SUBMIT_3D OK: id=1 used_len=0 resp_flags=0x1 resp_fence=1
[virgl] Step 6: VirGL CLEAR (cornflower blue)
[virgl] Step 7: SET_SCANOUT + RESOURCE_FLUSH done
[virgl] Step 7: VB resource created (no backing, INLINE_WRITE only)
[virgl-composite] Texture backing: heap ptr=0xffff000050792000, phys=0x50792000, 1280x960 (4915200B, 1200 pages)
[virgl] attach_backing: phys=0x50792000, len=4915200, nr_pages=1200
[virgl] attach_backing: sending 3-desc chain: hdr=0x4024f000(32B), entries=0x50c42000(19200B)
[virgl] attach_backing: OK (1200 pages attached)
[virgl-composite] Texture resource initialized (id=5)
[virgl] attach_backing: phys=0x50c42000, len=4915200, nr_pages=1200
[virgl] attach_backing: sending 3-desc chain: hdr=0x4024f000(32B), entries=0x510f2000(19200B)
[virgl] attach_backing: OK (1200 pages attached)
[virgl-pool] Pre-allocated slot=0 res_id=10 1280x960
[virgl] attach_backing: phys=0x510f2000, len=4915200, nr_pages=1200
[virgl] attach_backing: sending 3-desc chain: hdr=0x4024f000(32B), entries=0x515a2000(19200B)
[virgl] attach_backing: OK (1200 pages attached)
[virgl-pool] Pre-allocated slot=1 res_id=11 1280x960
[virgl] attach_backing: phys=0x515a2000, len=4915200, nr_pages=1200
[virgl] attach_backing: sending 3-desc chain: hdr=0x4024f000(32B), entries=0x51a52000(19200B)
[virgl] attach_backing: OK (1200 pages attached)
[virgl-pool] Pre-allocated slot=2 res_id=12 1280x960
[virgl] attach_backing: phys=0x51a52000, len=4915200, nr_pages=1200
[virgl] attach_backing: sending 3-desc chain: hdr=0x4024f000(32B), entries=0x51f02000(19200B)
[virgl] attach_backing: OK (1200 pages attached)
[virgl-pool] Pre-allocated slot=3 res_id=13 1280x960
[virgl] attach_backing: phys=0x51f02000, len=4915200, nr_pages=1200
[virgl] attach_backing: sending 3-desc chain: hdr=0x4024f000(32B), entries=0x523b2000(19200B)
[virgl] attach_backing: OK (1200 pages attached)
[virgl-pool] Pre-allocated slot=4 res_id=14 1280x960
[virgl] attach_backing: phys=0x523b2000, len=4915200, nr_pages=1200
[virgl] attach_backing: sending 3-desc chain: hdr=0x4024f000(32B), entries=0x52862000(19200B)
[virgl] attach_backing: OK (1200 pages attached)
[virgl-pool] Pre-allocated slot=5 res_id=15 1280x960
[virgl] attach_backing: phys=0x52862000, len=4915200, nr_pages=1200
[virgl] attach_backing: sending 3-desc chain: hdr=0x4024f000(32B), entries=0x52d12000(19200B)
[virgl] attach_backing: OK (1200 pages attached)
[virgl-pool] Pre-allocated slot=6 res_id=16 1280x960
[virgl] attach_backing: phys=0x52d12000, len=4915200, nr_pages=1200
[virgl] attach_backing: sending 3-desc chain: hdr=0x4024f000(32B), entries=0x531c2000(19200B)
[virgl] attach_backing: OK (1200 pages attached)
[virgl-pool] Pre-allocated slot=7 res_id=17 1280x960
[virgl] attach_backing: phys=0x531c2000, len=8192, nr_pages=2
[virgl] attach_backing: sending 3-desc chain: hdr=0x4024f000(32B), entries=0x502e0040(32B)
[virgl] attach_backing: OK (2 pages attached)
[virgl-cursor] Cursor texture initialized (id=6, 16x80, 5 shapes)
[virgl] attach_backing: phys=0x531c4000, len=4096, nr_pages=1
[virgl] attach_backing: sending 3-desc chain: hdr=0x4024f000(32B), entries=0x502e0040(16B)
[virgl] attach_backing: OK (1 pages attached)
[virgl-dimmer] Dimmer texture initialized (id=7, 4x4)
[virgl] Step 8: Compositor texture initialized
[virgl] Step 9: full pipeline+draw batch (191 DWORDs)
[virgl] SUBMIT_3D OK: id=2 used_len=0 resp_flags=0x1 resp_fence=2
[virgl] Step 10: SET_SCANOUT + RESOURCE_FLUSH
[virgl] VirGL 3D pipeline initialized successfully
[drivers] VirGL 3D acceleration active
[drivers] Compositor backend: VirGL
[virtio-gpu-pci] GPU command waits use scheduler waitqueue
[virtio-net-pci] Searching for VirtIO network device on PCI bus...
[virtio-net-pci] Found at 00:05.0 [1af4:1000]
[virtio-net-pci] BAR0: phys=0x18010000 virt=0xffff000018010000 size=4096
[virtio-net-pci] Device features: 0x6187bfa3
[virtio-net-pci] MAC: 00:1c:42:3d:78:a0
[virtio-net-pci] Queue 0 max size: 256
[virtio-net-pci] Queue 0 PFN=0x41bb0 (phys=0x41bb0000)
[virtio-net-pci] Queue 1 max size: 256
[virtio-net-pci] Queue 1 PFN=0x41bb3 (phys=0x41bb3000)
[pci] 00:05.0: capabilities:
  cap 0x10 (PCIe) @ 0x48: dw0=0x00024010 dw1=0x00000fc0
  cap 0x01 (PM) @ 0x40: dw0=0x0022f401 dw1=0x00000000
  cap 0x11 (MSI-X) @ 0xf4: dw0=0x00020011 dw1=0x00000001
[virtio-net-pci] MSI-X cap at 0xf4: 3 vectors
[virtio-net-pci] MSI-X vector assignments: cfg=0xffff rx=0x0
[virtio-net-pci] MSI-X enabled: SPI 55 doorbell=0x2250040 vectors=3
[virtio-net-pci] Network device initialized successfully
[drivers] VirtIO network (PCI) initialized
[drivers] SVGA3 init skipped: SVGA3 device not found
[drivers] Found XHCI at 00:03.0 [1033:0194]
[xhci] DMA addrs: DCBAA=0x41217000 CMD_RING=0x41218000 EVT_RING=0x41228000 ERST=0x41b5be00
[xhci] Regs: USBCMD=0x5 USBSTS=0x0 CRCR=0x0 DCBAAP=0x41217000
[xhci] IR0: IMAN=0x2 ERDP=0x41228000 ERSTBA=0x41b5be00
[xhci] NOOP command failed: XHCI command completion timeout
[xhci] Post-NOOP: USBSTS=0x8 CRCR=0x8
[xhci] Post-NOOP IR0: IMAN=0x2 ERDP=0x41228000
[xhci] EVT[0]: param=0x41218000 status=0x1000000 control=0x8401
[xhci] Port scan: 14 ports
[xhci]   port 1: PORTSC=0x00021203 CCS=1 PED=1 speed=4
[xhci]   port 2: PORTSC=0x00021203 CCS=1 PED=1 speed=4
[xhci]   port 3: PORTSC=0x00021203 CCS=1 PED=1 speed=4
[xhci]   port 4: PORTSC=0x000002a0 CCS=0 PED=0 speed=0
[xhci]   port 5: PORTSC=0x000002a0 CCS=0 PED=0 speed=0
[xhci]   port 6: PORTSC=0x000002a0 CCS=0 PED=0 speed=0
[xhci]   port 7: PORTSC=0x000002a0 CCS=0 PED=0 speed=0
[xhci]   port 8: PORTSC=0x000002a0 CCS=0 PED=0 speed=0
[xhci]   port 9: PORTSC=0x000002a0 CCS=0 PED=0 speed=0
[xhci]   port 10: PORTSC=0x000002a0 CCS=0 PED=0 speed=0
[xhci]   port 11: PORTSC=0x000002a0 CCS=0 PED=0 speed=0
[xhci]   port 12: PORTSC=0x000002a0 CCS=0 PED=0 speed=0
[xhci]   port 13: PORTSC=0x000002a0 CCS=0 PED=0 speed=0
[xhci]   port 14: PORTSC=0x000002a0 CCS=0 PED=0 speed=0
[xhci] port 1 connected: PORTSC=0x00001203 PED=1 speed=4
[xhci] port 1 EnableSlot -> slot 1
[xhci] port 1 AddressDevice OK (slot 1)
[xhci] slot1: vid=0x203a pid=0xfffc class=0x00/0x00/0x00
[xhci] slot1 iface0: class=0x03 sub=0x00 proto=0x02 numEP=1
[xhci] HID iface: proto=2 subclass=0 -> mouse (hid_idx=1)
[xhci] slot1 iface1: class=0x03 sub=0x00 proto=0x02 numEP=1
[xhci] HID iface: proto=2 subclass=0 -> mouse (hid_idx=3)
[xhci] port 2 connected: PORTSC=0x00001203 PED=1 speed=4
[xhci] port 2 EnableSlot -> slot 2
[xhci] port 2 AddressDevice OK (slot 2)
[xhci] slot2: vid=0x203a pid=0xfffb class=0x00/0x00/0x00
[xhci] slot2 iface0: class=0x03 sub=0x01 proto=0x01 numEP=1
[xhci] HID iface: proto=1 subclass=1 -> keyboard (hid_idx=0)
[xhci] slot2 iface1: class=0x03 sub=0x00 proto=0x00 numEP=1
[xhci] HID iface: proto=0 subclass=0 -> NKRO (hid_idx=2)
[xhci] port 3 connected: PORTSC=0x00001203 PED=1 speed=4
[xhci] port 3 EnableSlot -> slot 3
[xhci] port 3 AddressDevice OK (slot 3)
[xhci] slot3: vid=0x203a pid=0xfff9 class=0xef/0x02/0x01
[xhci] slot3 iface0: class=0x0e sub=0x01 proto=0x00 numEP=0
[xhci] slot3 iface1: class=0x0e sub=0x02 proto=0x00 numEP=1
[xhci] start_hid_polling: kbd=slot2/dci3 nkro=dci5 mouse=slot1/dci3 mouse2=dci5
[xhci] Initialized: 32 slots, MSI irq=56
[drivers] XHCI USB controller initialized
[ahci] Platform AHCI at phys 0x2140000, virt 0xffff000002140000
[ahci] HBA version 1.256, 6 ports, 32 cmd slots, PI=0x0000003f
[ahci] Port 0: Sata, 131072 sectors (64 MB)
[ahci] Port 1: Sata, 524288 sectors (256 MB)
[ahci] IRQ probe: using port 0 dma_index 0
[ahci] IRQ probe: ISPENDR before=[0x00800000, 0x00000000, 0x00000000] after=[0x00800004, 0x00000000, 0x00000000]
[ahci] IRQ probe: PORT_IS=0x00000001 (should have D2H bit set)
[ahci] Platform IRQ probe: discovered SPI 34
[ahci] Platform IRQ enabled: SPI 34 (wired, level-triggered, CPU0)
[drivers] AHCI initialized (platform MMIO): 2 SATA device(s)
[drivers] Driver subsystem initialized (PCI)
[boot] Found 7 devices
[drivers] Running post-init self-tests...
[virtio-blk] Testing read of sector 0...
[drivers] VirtIO block test failed: Block device not initialized
[boot] Initializing network stack...
[net] Initializing network stack...
[net] Using VirtIO net PCI driver (Parallels)
[net] MAC address: 00:1c:42:3d:78:a0
NET: IP address: 10.211.55.100
NET: Gateway: 10.211.55.1
Network stack initialized
[virtio-net-pci] MSI-X SPI 55 enabled (post-init)
NET: Sending ARP request for gateway 10.211.55.1
ARP request sent successfully
NET: Network initialization complete
[boot] Initializing filesystem...
[ext2] No VirtIO block device, trying AHCI...
[ext2] AHCI device 0: 131072 sectors (64 MB)
[ext2] AHCI device 0: not ext2 (magic=0x0064)
[ext2] AHCI device 1: 524288 sectors (256 MB)
[ext2] Found ext2 superblock on AHCI device 1
[boot] ext2 root filesystem mounted
[boot] No home filesystem: No home block device available (expected at device index 3 or 1) (continuing)
[boot] devfs initialized at /dev
[boot] devptsfs initialized at /dev/pts
[boot] CPU detected: ARM Unknown
[boot] procfs initialized at /proc
[boot] TTY subsystem initialized
[boot] Initializing graphics...
[boot] VirGL active — skipping GOP framebuffer init (2D resource already set up in gpu_pci::init)
[boot] FB_INFO_CACHE populated for VirGL display (1280x960)
[boot] USB HID input active via XHCI IRQ
[boot] Initializing per-CPU data...
[boot] Per-CPU data initialized
[boot] Initializing process manager...
[boot] Process manager initialized
[boot] Initializing scheduler...
[boot] Scheduler initialized
[boot] Workqueue subsystem initialized
[boot] Softirq subsystem initialized
[boot] Render thread skipped — VirGL owns the display
[boot] Tracing subsystem initialized and enabled
[boot] Pre-loading /sbin/init from ext2 (before timer)...
[boot] Init binary pre-loaded: 296776 bytes
[xhci] activate_msi_if_ready: source=system-ready spi=56 DIAG_SPI_ENABLE_COUNT=1
[xhci] post-activation: MSI_EVENT_COUNT=59 EVENT_COUNT=0 POLL_COUNT=0 SPI_ACTIVATED=true
[boot] Initializing timer interrupt...
[timer] Timer configured for ~1000 Hz (24000 ticks per interrupt)
[timer] Using virtual timer (PPI 27)
[boot] Timer interrupt initialized
[smp] CPU 0 MPIDR=0x80000000, stack_base=0x43000000
[smp] GICR covers 8 redistributors, probing CPUs 1..8
[smp] Probing secondary CPUs via PSCI...
[smp] 1C@1PABUCD Ee1FG: P1SCI CPU_ON success
[gic]2@ 1AIBCCDC_ECeTFGLR_EL21: 0x40400 -> 0x40402 (EOImode=1)
[gic] ICC_CTLR_EL1: 0x40400 -> 0x40402 (EOImode=1)
[smp] CPU 2: PSCI CPU_ON success
T1[smp] CPU 3: PSCI CPU3_ON su@cce1sABsCDEeFG3
[gic] ICC_CTLR_EL41: 0x@410AB4CD0EeFG40 -> 0x40402 (EOImode=1)
[smp] CPU 4: PSCI CPU_ON success
[gic5@1ABC] ICC_DCTLR_EEeFLG15: 0x40400 -> 0x40402 (EOImode=1)
[gic] ICC_CTLR_EL1: 0x40400 -> 0x40402 (EOImode=1)
[smp] CPU 5: PSCI CPU_ON success
T2[6@1ABCDEesFGmp6] CPU 6: PSCI CPU_ON success
[gi7@c1A]B CDIEeCFGC_7CTLR_EL1: 0x40400 -> 0x40402 (EOImode=1)
[smp] CPU 7: PSCI CPU_ON success
[gic] ICC_CTLR_EL1: 0x40400 -> 0x40402 (EOImode=1)
[smp] 8 CPUs online

========================================
T3  Breenix ARM64 Boot Complete!
========================================

Hello from ARM64!

[boot] Launching init from pre-loaded ELF...
manager.create_process_with_argv [ARM64]: ENTRY - name='init', elf_size=296776, argc=1
manager.create_process_with_argv [ARM64]: Generated PID 1
manager.create_process_with_argv [ARM64]: Creating ProcessPageTable
manager.create_process_with_argv [ARM64]: Loading ELF into page table
manager.create_process_with_argv [ARM64]: ELF loaded, entry=0x4000f1f0
manager.create_process_with_argv [ARM64]: Allocating user stack
manager.create_process_with_argv [ARM64]: User stack will be at 0xfffffeff0000-0xffffff000000
manager.create_process_with_argv [ARM64]: argc/argv set up on stack, SP=0xfffffefffed0
manager.create_process_with_argv [ARM64]: SUCCESS - returning PID 1
[ahci-poll-attrib] total=72 post_reg=70 pre_sched=70 post_sched=0
[boot] Reset 8 idle thread contexts (CPUs online: 8)
T4T5EL0_SYSCALL: First syscall from userspace (SPSR confirms EL0)
[ OK ] syscall path verified
[init] Breenix init starting (PID 1)
T6[spawn] path='/bin/heartbeat'
manager.create_process_with_argv [ARM64]: ENTRY - name='heartbeat', elf_size=290128, argc=1
manager.create_process_with_argv [ARM64]: Generated PID 2
manager.create_process_with_argv [ARM64]: Creating ProcessPageTable
manager.create_process_with_argv [ARM64]: Loading ELF into page table
manager.create_process_with_argv [ARM64]: ELF loaded, entry=0x4000edac
manager.create_process_with_argv [ARM64]: Allocating user stack
manager.create_process_with_argv [ARM64]: User stack will be at 0xfffffeff0000-0xffffff000000
manager.create_process_with_argv [ARM64]: argc/argv set up on stack, SP=0xfffffefffed0
manager.create_process_with_argv [ARM64]: SUCCESS - returning PID 2
[spawn] Created child PID 2 for parent PID 1
T7[spawn] Success: child PID 2 scheduled
[heartbeat] tid=11 uptime_ms=6205
T8T9T0[spawn] path='/bin/xhci_counters'
manager.create_process_with_argv [ARM64]: ENTRY - name='xhci_counters', elf_size=292264, argc=1
manager.create_process_with_argv [ARM64]: Generated PID 3
manager.create_process_with_argv [ARM64]: Creating ProcessPageTable
manager.create_process_with_argv [ARM64]: Loading ELF into page table
manager.create_process_with_argv [ARM64]: ELF loaded, entry=0x4000f140
manager.create_process_with_argv [ARM64]: Allocating user stack
manager.create_process_with_argv [ARM64]: User stack will be at 0xfffffeff0000-0xffffff000000
manager.create_process_with_argv [ARM64]: argc/argv set up on stack, SP=0xfffffefffed0
manager.create_process_with_argv [ARM64]: SUCCESS - returning PID 3
[spawn] Created child PID 3 for parent PID 1
[spawn] Success: child PID 3 scheduled
[xhci-counters] XHCI_MSI_EVENT_TOTAL=59
[xhci-counters] XHCI_IRQ_ENTRY_TOTAL=59
[xhci-counters] XHCI_LOCK_CONTENDED_TOTAL=1
[syscall] exit(0) pid=3 name=xhci_counters
[spawn] path='/bin/bwm'
manager.create_process_with_argv [ARM64]: ENTRY - name='bwm', elf_size=429208, argc=1
manager.create_process_with_argv [ARM64]: Generated PID 4
manager.create_process_with_argv [ARM64]: Creating ProcessPageTable
manager.create_process_with_argv [ARM64]: Loading ELF into page table
manager.create_process_with_argv [ARM64]: ELF loaded, entry=0x400190b8
manager.create_process_with_argv [ARM64]: Allocating user stack
manager.create_process_with_argv [ARM64]: User stack will be at 0xfffffeff0000-0xffffff000000
manager.create_process_with_argv [ARM64]: argc/argv set up on stack, SP=0xfffffefffee0
manager.create_process_with_argv [ARM64]: SUCCESS - returning PID 4
[spawn] Created child PID 4 for parent PID 1
[spawn] Success: child PID 4 scheduled
[bwm] Breenix Window Manager starting... (v2-chromeless-skip)
[virgl-composite] Frame #0: 1x1 → 1280x960 display (first1k: 1 nonzero, first=0xff000000)
[bwm] GPU compositing mode (VirGL), display: 1280x960
[compositor] Mapped compositor buffer into process: virt=0x7ffffdb4e000, 1280x960, 1200 pages (backend=VirGL)
[bwm] Direct compositor mapping: 1280x960 at 0x7ffffdb4e000
[bwm] using bitmap font fallback for early boot
[bwm] hotkeys: using built-in defaults for early boot
[virgl-composite] Frame #1: 1280x960 → 1280x960 display (first1k: 1000 nonzero, first=0x00121832)
[virgl-composite] Frame #2: 1280x960 → 1280x960 display (first1k: 1000 nonzero, first=0x00121832)
[spawn] path='/sbin/telnetd'
manager.create_process_with_argv [ARM64]: ENTRY - name='telnetd', elf_size=298632, argc=1
manager.create_process_with_argv [ARM64]: Generated PID 5
manager.create_process_with_argv [ARM64]: Creating ProcessPageTable
manager.create_process_with_argv [ARM64]: Loading ELF into page table
manager.create_process_with_argv [ARM64]: ELF loaded, entry=0x4000fdd0
manager.create_process_with_argv [ARM64]: Allocating user stack
manager.create_process_with_argv [ARM64]: User stack will be at 0xfffffeff0000-0xffffff000000
manager.create_process_with_argv [ARM64]: argc/argv set up on stack, SP=0xfffffefffed0
manager.create_process_with_argv [ARM64]: SUCCESS - returning PID 5
[spawn] Created child PID 5 for parent PID 1
[spawn] Success: child PID 5 scheduled
TELNETD_STARTING
TELNETD_LISTENING
[init] Boot script completed
[spawn] path='/bin/bsshd'
manager.create_process_with_argv [ARM64]: ENTRY - name='bsshd', elf_size=441008, argc=1
manager.create_process_with_argv [ARM64]: Generated PID 6
manager.create_process_with_argv [ARM64]: Creating ProcessPageTable
manager.create_process_with_argv [ARM64]: Loading ELF into page table
manager.create_process_with_argv [ARM64]: ELF loaded, entry=0x4001c39c
manager.create_process_with_argv [ARM64]: Allocating user stack
manager.create_process_with_argv [ARM64]: User stack will be at 0xfffffeff0000-0xffffff000000
manager.create_process_with_argv [ARM64]: argc/argv set up on stack, SP=0xfffffefffed0
manager.create_process_with_argv [ARM64]: SUCCESS - returning PID 6
[spawn] Created child PID 6 for parent PID 1
[spawn] Success: child PID 6 scheduled
bsshd: starting on port 2222
bsshd: listening on 0.0.0.0:2222
[init] bsshd started (PID 6)
[spawn] path='/bin/bounce'
manager.create_process_with_argv [ARM64]: ENTRY - name='bounce', elf_size=388152, argc=1
manager.create_process_with_argv [ARM64]: Generated PID 7
manager.create_process_with_argv [ARM64]: Creating ProcessPageTable
manager.create_process_with_argv [ARM64]: Loading ELF into page table
manager.create_process_with_argv [ARM64]: ELF loaded, entry=0x400188f4
manager.create_process_with_argv [ARM64]: Allocating user stack
manager.create_process_with_argv [ARM64]: User stack will be at 0xfffffeff0000-0xffffff000000
manager.create_process_with_argv [ARM64]: argc/argv set up on stack, SP=0xfffffefffed0
manager.create_process_with_argv [ARM64]: SUCCESS - returning PID 7
[spawn] Created child PID 7 for parent PID 1
[spawn] Success: child PID 7 scheduled
Bounce spheres demo starting (for Gus!) [boot_id=0000000193dba400]
[window] create_window_buffer: 400x300 (480000 bytes, 118 pages)
[window] Created buffer id=1 for pid=7: 400x300 at virt=0x7ffffdf86000 phys=0x4417c000
[init] bounce started (PID 7)
[bwm] Discovered window 'Bounce' (id=1, 40[init] Process 3 exited (code 0)
0x300) at (30,38)
[bounce] Window mode: id=1 400x300 [boot_id=0000000193dba400]
[compositor] Mapped window 1 into BWM: virt=0x7ffffdad4000, 400x300, 118 pages
[heartbeat] tid=11 uptime_ms=7206
[bwm-fps] frames_since_last=67 elapsed_ms=1005 instantaneous_fps=66
[heartbeat] tid=11 uptime_ms=8207
[bwm-fps] frames_since_last=93 elapsed_ms=1001 instantaneous_fps=92
[heartbeat] tid=11 uptime_ms=9207
[bwm-fps] frames_since_last=94 elapsed_ms=1005 instantaneous_fps=93
[heartbeat] tid=11 uptime_ms=10207
[bwm-fps] frames_since_last=94 elapsed_ms=1014 instantaneous_fps=92
[heartbeat] tid=11 uptime_ms=11208
[bwm-fps] frames_since_last=92 elapsed_ms=1014 instantaneous_fps=90
[virgl-composite] Frame #500: 1280x960 → 1280x960 display (first1k: 1000 nonzero, first=0x0014161e)
[heartbeat] tid=11 uptime_ms=12208
[bwm-fps] frames_since_last=100 elapsed_ms=1001 instantaneous_fps=99
[timer] cpu0 ticks=5000
[heartbeat] tid=11 uptime_ms=13208
[bwm-fps] frames_since_last=168 elapsed_ms=1006 instantaneous_fps=166
[heartbeat] tid=11 uptime_ms=14209
[bwm-fps] frames_since_last=177 elapsed_ms=1000 instantaneous_fps=177
[heartbeat] tid=11 uptime_ms=15211
[virgl-composite] Frame #1000: 1280x960 → 1280x960 display (first1k: 1000 nonzero, first=0x0014161e)
[bwm-fps] frames_since_last=143 elapsed_ms=1003 instantaneous_fps=142
[heartbeat] tid=11 uptime_ms=16211
[bwm-fps] frames_since_last=129 elapsed_ms=1002 instantaneous_fps=128
[heartbeat] tid=11 uptime_ms=17213
[bwm-fps] frames_since_last=140 elapsed_ms=1000 instantaneous_fps=140
[heartbeat] tid=11 uptime_ms=18214
[bwm-fps] frames_since_last=175 elapsed_ms=1006 instantaneous_fps=173
[virgl-composite] Frame #1500: 1280x960 → 1280x960 display (first1k: 1000 nonzero, first=0x0014161e)
[heartbeat] tid=11 uptime_ms=19214
[bwm-fps] frames_since_last=159 elapsed_ms=1000 instantaneous_fps=159
[timer] cpu0 ticks=10000
[heartbeat] tid=11 uptime_ms=20215
[bwm-fps] frames_since_last=162 elapsed_ms=1000 instantaneous_fps=162
[heartbeat] tid=11 uptime_ms=21216
[bwm-fps] frames_since_last=151 elapsed_ms=1001 instantaneous_fps=150
[virgl-composite] Frame #2000: 1280x960 → 1280x960 display (first1k: 1000 nonzero, first=0x0014161e)
[heartbeat] tid=11 uptime_ms=22217
[bwm-fps] frames_since_last=154 elapsed_ms=1006 instantaneous_fps=153
[heartbeat] tid=11 uptime_ms=23217
[bwm-fps] frames_since_last=159 elapsed_ms=1002 instantaneous_fps=158
[heartbeat] tid=11 uptime_ms=24218
[bwm-fps] frames_since_last=162 elapsed_ms=1004 instantaneous_fps=161
[virgl-composite] Frame #2500: 1280x960 → 1280x960 display (first1k: 1000 nonzero, first=0x0014161e)
[heartbeat] tid=11 uptime_ms=25218
[bwm-fps] frames_since_last=168 elapsed_ms=1003 instantaneous_fps=167
[heartbeat] tid=11 uptime_ms=26218
[bwm-fps] frames_since_last=179 elapsed_ms=1001 instantaneous_fps=178
[heartbeat] tid=11 uptime_ms=27218
[timer] cpu0 ticks=15000
[bwm-fps] frames_since_last=180 elapsed_ms=1002 instantaneous_fps=179
[virgl-composite] Frame #3000: 1280x960 → 1280x960 display (first1k: 1000 nonzero, first=0x0014161e)
[heartbeat] tid=11 uptime_ms=28219
[bwm-fps] frames_since_last=182 elapsed_ms=1000 instantaneous_fps=182
[heartbeat] tid=11 uptime_ms=29219
[bwm-fps] frames_since_last=185 elapsed_ms=1003 instantaneous_fps=184
[heartbeat] tid=11 uptime_ms=30220
[virgl-composite] Frame #3500: 1280x960 → 1280x960 display (first1k: 1000 nonzero, first=0x0014161e)
[bwm-fps] frames_since_last=192 elapsed_ms=1002 instantaneous_fps=191
[heartbeat] tid=11 uptime_ms=31220
[bwm-fps] frames_since_last=186 elapsed_ms=1002 instantaneous_fps=185
[heartbeat] tid=11 uptime_ms=32221
[bwm-fps] frames_since_last=197 elapsed_ms=1001 instantaneous_fps=196
[virgl-composite] Frame #4000: 1280x960 → 1280x960 display (first1k: 1000 nonzero, first=0x0014161e)
[heartbeat] tid=11 uptime_ms=33221
[bwm-fps] frames_since_last=188 elapsed_ms=1000 instantaneous_fps=188
[heartbeat] tid=11 uptime_ms=34221
[bwm-fps] frames_since_last=184 elapsed_ms=1007 instantaneous_fps=182
[timer] cpu0 ticks=20000
[heartbeat] tid=11 uptime_ms=35221
[bwm-fps] frames_since_last=181 elapsed_ms=1001 instantaneous_fps=180
[virgl-composite] Frame #4500: 1280x960 → 1280x960 display (first1k: 1000 nonzero, first=0x0014161e)
[heartbeat] tid=11 uptime_ms=36222
[bwm-fps] frames_since_last=181 elapsed_ms=1002 instantaneous_fps=180
[heartbeat] tid=11 uptime_ms=37223
[bwm-fps] frames_since_last=202 elapsed_ms=1002 instantaneous_fps=201
[heartbeat] tid=11 uptime_ms=38223
[virgl-composite] Frame #5000: 1280x960 → 1280x960 display (first1k: 1000 nonzero, first=0x0014161e)
[bwm-fps] frames_since_last=189 elapsed_ms=1000 instantaneous_fps=189
[heartbeat] tid=11 uptime_ms=39224
[bwm-fps] frames_since_last=192 elapsed_ms=1002 instantaneous_fps=191
[heartbeat] tid=11 uptime_ms=40224
[bwm-fps] frames_since_last=195 elapsed_ms=1001 instantaneous_fps=194
[virgl-composite] Frame #5500: 1280x960 → 1280x960 display (first1k: 1000 nonzero, first=0x0014161e)
[heartbeat] tid=11 uptime_ms=41225
[bwm-fps] frames_since_last=193 elapsed_ms=1005 instantaneous_fps=192
[timer] cpu0 ticks=25000
[heartbeat] tid=11 uptime_ms=42225
[bwm-fps] frames_since_last=189 elapsed_ms=1000 instantaneous_fps=189
[heartbeat] tid=11 uptime_ms=43225
[bwm-fps] frames_since_last=190 elapsed_ms=1001 instantaneous_fps=189
[virgl-composite] Frame #6000: 1280x960 → 1280x960 display (first1k: 1000 nonzero, first=0x0014161e)
[heartbeat] tid=11 uptime_ms=44226
[bwm-fps] frames_since_last=194 elapsed_ms=1009 instantaneous_fps=192
[heartbeat] tid=11 uptime_ms=45226
[bwm-fps] frames_since_last=192 elapsed_ms=1003 instantaneous_fps=191
[heartbeat] tid=11 uptime_ms=46226
[virgl-composite] Frame #6500: 1280x960 → 1280x960 display (first1k: 1000 nonzero, first=0x0014161e)
[bwm-fps] frames_since_last=194 elapsed_ms=1003 instantaneous_fps=193
[heartbeat] tid=11 uptime_ms=47226
[bwm-fps] frames_since_last=191 elapsed_ms=1002 instantaneous_fps=190
[heartbeat] tid=11 uptime_ms=48226
[bwm-fps] frames_since_last=185 elapsed_ms=1004 instantaneous_fps=184
[virgl-composite] Frame #7000: 1280x960 → 1280x960 display (first1k: 1000 nonzero, first=0x0014161e)
[timer] cpu0 ticks=30000
[heartbeat] tid=11 uptime_ms=49227
[bwm-fps] frames_since_last=184 elapsed_ms=1003 instantaneous_fps=183
[heartbeat] tid=11 uptime_ms=50228
[bwm-fps] frames_since_last=189 elapsed_ms=1002 instantaneous_fps=188
[heartbeat] tid=11 uptime_ms=51228
[bwm-fps] frames_since_last=188 elapsed_ms=1001 instantaneous_fps=187
[virgl-composite] Frame #7500: 1280x960 → 1280x960 display (first1k: 1000 nonzero, first=0x0014161e)
[heartbeat] tid=11 uptime_ms=52229
[bwm-fps] frames_since_last=185 elapsed_ms=1000 instantaneous_fps=185
[heartbeat] tid=11 uptime_ms=53229
[bwm-fps] frames_since_last=186 elapsed_ms=1001 instantaneous_fps=185
[heartbeat] tid=11 uptime_ms=54231
[virgl-composite] Frame #8000: 1280x960 → 1280x960 display (first1k: 1000 nonzero, first=0x0014161e)
[bwm-fps] frames_since_last=182 elapsed_ms=1000 instantaneous_fps=182
[heartbeat] tid=11 uptime_ms=55233
[bwm-fps] frames_since_last=194 elapsed_ms=1001 instantaneous_fps=193
[heartbeat] tid=11 uptime_ms=56233
[timer] cpu0 ticks=35000
[bwm-fps] frames_since_last=184 elapsed_ms=1003 instantaneous_fps=183
[virgl-composite] Frame #8500: 1280x960 → 1280x960 display (first1k: 1000 nonzero, first=0x0014161e)
[heartbeat] tid=11 uptime_ms=57234
[bwm-fps] frames_since_last=192 elapsed_ms=1000 instantaneous_fps=192
[heartbeat] tid=11 uptime_ms=58234
[bwm-fps] frames_since_last=181 elapsed_ms=1000 instantaneous_fps=181
[heartbeat] tid=11 uptime_ms=59234
[bwm-fps] frames_since_last=186 elapsed_ms=1004 instantaneous_fps=185
[virgl-composite] Frame #9000: 1280x960 → 1280x960 display (first1k: 1000 nonzero, first=0x0014161e)
[heartbeat] tid=11 uptime_ms=60236
[bwm-fps] frames_since_last=189 elapsed_ms=1001 instantaneous_fps=188
[heartbeat] tid=11 uptime_ms=61236
[bwm-fps] frames_since_last=184 elapsed_ms=1006 instantaneous_fps=182
[heartbeat] tid=11 uptime_ms=62236
[virgl-composite] Frame #9500: 1280x960 → 1280x960 display (first1k: 1000 nonzero, first=0x0014161e)
[bwm-fps] frames_since_last=184 elapsed_ms=1002 instantaneous_fps=183
[heartbeat] tid=11 uptime_ms=63237
[timer] cpu0 ticks=40000
[bwm-fps] frames_since_last=189 elapsed_ms=1000 instantaneous_fps=189
[heartbeat] tid=11 uptime_ms=64237
[bwm-fps] frames_since_last=190 elapsed_ms=1000 instantaneous_fps=190
[virgl-composite] Frame #10000: 1280x960 → 1280x960 display (first1k: 1000 nonzero, first=0x0014161e)
[heartbeat] tid=11 uptime_ms=65237
[bwm-fps] frames_since_last=170 elapsed_ms=1000 instantaneous_fps=170
[heartbeat] tid=11 uptime_ms=66238
[bwm-fps] frames_since_last=186 elapsed_ms=1001 instantaneous_fps=185
[heartbeat] tid=11 uptime_ms=67238
[bwm-fps] frames_since_last=167 elapsed_ms=1001 instantaneous_fps=166
[virgl-composite] Frame #10500: 1280x960 → 1280x960 display (first1k: 1000 nonzero, first=0x0014161e)
[heartbeat] tid=11 uptime_ms=68239
[bwm-fps] frames_since_last=177 elapsed_ms=1002 instantaneous_fps=176
[heartbeat] tid=11 uptime_ms=69239
[bwm-fps] frames_since_last=193 elapsed_ms=1004 instantaneous_fps=192
[heartbeat] tid=11 uptime_ms=70239
[virgl-composite] Frame #11000: 1280x960 → 1280x960 display (first1k: 1000 nonzero, first=0x0014161e)
[bwm-fps] frames_since_last=195 elapsed_ms=1005 instantaneous_fps=194
[timer] cpu0 ticks=45000
[heartbeat] tid=11 uptime_ms=71240
[bwm-fps] frames_since_last=191 elapsed_ms=1004 instantaneous_fps=190
[heartbeat] tid=11 uptime_ms=72240
[bwm-fps] frames_since_last=170 elapsed_ms=1002 instantaneous_fps=169
[heartbeat] tid=11 uptime_ms=73240
[virgl-composite] Frame #11500: 1280x960 → 1280x960 display (first1k: 1000 nonzero, first=0x0014161e)
[bwm-fps] frames_since_last=157 elapsed_ms=1005 instantaneous_fps=156
[heartbeat] tid=11 uptime_ms=74241
[bwm-fps] frames_since_last=175 elapsed_ms=1001 instantaneous_fps=174
[heartbeat] tid=11 uptime_ms=75241
[bwm-fps] frames_since_last=180 elapsed_ms=1000 instantaneous_fps=180
[heartbeat] tid=11 uptime_ms=76242
[virgl-composite] Frame #12000: 1280x960 → 1280x960 display (first1k: 1000 nonzero, first=0x0014161e)
[bwm-fps] frames_since_last=180 elapsed_ms=1000 instantaneous_fps=180
[heartbeat] tid=11 uptime_ms=77242
[bwm-fps] frames_since_last=162 elapsed_ms=1005 instantaneous_fps=161
[timer] cpu0 ticks=50000
[heartbeat] tid=11 uptime_ms=78242
[bwm-fps] frames_since_last=188 elapsed_ms=1000 instantaneous_fps=188
[virgl-composite] Frame #12500: 1280x960 → 1280x960 display (first1k: 1000 nonzero, first=0x0014161e)
[heartbeat] tid=11 uptime_ms=79242
[bwm-fps] frames_since_last=185 elapsed_ms=1001 instantaneous_fps=184
[heartbeat] tid=11 uptime_ms=80243
[bwm-fps] frames_since_last=184 elapsed_ms=1005 instantaneous_fps=183
[heartbeat] tid=11 uptime_ms=81244
[bwm-fps] frames_since_last=184 elapsed_ms=1002 instantaneous_fps=183
[virgl-composite] Frame #13000: 1280x960 → 1280x960 display (first1k: 1000 nonzero, first=0x0014161e)
[heartbeat] tid=11 uptime_ms=82244
[bwm-fps] frames_since_last=166 elapsed_ms=1008 instantaneous_fps=164
[heartbeat] tid=11 uptime_ms=83244
[bwm-fps] frames_since_last=151 elapsed_ms=1006 instantaneous_fps=150
[heartbeat] tid=11 uptime_ms=84244
[bwm-fps] frames_since_last=168 elapsed_ms=1003 instantaneous_fps=167
[virgl-composite] Frame #13500: 1280x960 → 1280x960 display (first1k: 1000 nonzero, first=0x0014161e)
[heartbeat] tid=11 uptime_ms=85245
[timer] cpu0 ticks=55000
[bwm-fps] frames_since_last=184 elapsed_ms=1004 instantaneous_fps=183
[heartbeat] tid=11 uptime_ms=86245
[bwm-fps] frames_since_last=183 elapsed_ms=1000 instantaneous_fps=183
[heartbeat] tid=11 uptime_ms=87246
[bwm-fps] frames_since_last=162 elapsed_ms=1000 instantaneous_fps=162
[virgl-composite] Frame #14000: 1280x960 → 1280x960 display (first1k: 1000 nonzero, first=0x0014161e)
[heartbeat] tid=11 uptime_ms=88246
[bwm-fps] frames_since_last=173 elapsed_ms=1002 instantaneous_fps=172
[heartbeat] tid=11 uptime_ms=89247
[bwm-fps] frames_since_last=190 elapsed_ms=1002 instantaneous_fps=189
[heartbeat] tid=11 uptime_ms=90247
[virgl-composite] Frame #14500: 1280x960 → 1280x960 display (first1k: 1000 nonzero, first=0x0014161e)
[bwm-fps] frames_since_last=189 elapsed_ms=1001 instantaneous_fps=188
[heartbeat] tid=11 uptime_ms=91247
[bwm-fps] frames_since_last=183 elapsed_ms=1001 instantaneous_fps=182
[heartbeat] tid=11 uptime_ms=92248
[timer] cpu0 ticks=60000
[bwm-fps] frames_since_last=170 elapsed_ms=1004 instantaneous_fps=169
[heartbeat] tid=11 uptime_ms=93248
[virgl-composite] Frame #15000: 1280x960 → 1280x960 display (first1k: 1000 nonzero, first=0x0014161e)
[bwm-fps] frames_since_last=172 elapsed_ms=1003 instantaneous_fps=171
[heartbeat] tid=11 uptime_ms=94249
[bwm-fps] frames_since_last=193 elapsed_ms=1003 instantaneous_fps=192
[heartbeat] tid=11 uptime_ms=95249
[bwm-fps] frames_since_last=191 elapsed_ms=1003 instantaneous_fps=190
[virgl-composite] Frame #15500: 1280x960 → 1280x960 display (first1k: 1000 nonzero, first=0x0014161e)
[heartbeat] tid=11 uptime_ms=96250
[bwm-fps] frames_since_last=183 elapsed_ms=1001 instantaneous_fps=182
[heartbeat] tid=11 uptime_ms=97250
[bwm-fps] frames_since_last=154 elapsed_ms=1001 instantaneous_fps=153
[heartbeat] tid=11 uptime_ms=98251
[bwm-fps] frames_since_last=157 elapsed_ms=1002 instantaneous_fps=156
[virgl-composite] Frame #16000: 1280x960 → 1280x960 display (first1k: 1000 nonzero, first=0x0014161e)
[heartbeat] tid=11 uptime_ms=99252
[bwm-fps] frames_since_last=164 elapsed_ms=1002 instantaneous_fps=163
[timer] cpu0 ticks=65000
[heartbeat] tid=11 uptime_ms=100252
[bwm-fps] frames_since_last=149 elapsed_ms=1008 instantaneous_fps=147
[heartbeat] tid=11 uptime_ms=101253
[bwm-fps] frames_since_last=154 elapsed_ms=1006 instantaneous_fps=153
[heartbeat] tid=11 uptime_ms=102253
[virgl-composite] Frame #16500: 1280x960 → 1280x960 display (first1k: 1000 nonzero, first=0x0014161e)
[bwm-fps] frames_since_last=161 elapsed_ms=1005 instantaneous_fps=160
[heartbeat] tid=11 uptime_ms=103254
[bwm-fps] frames_since_last=170 elapsed_ms=1002 instantaneous_fps=169
[heartbeat] tid=11 uptime_ms=104255
[bwm-fps] frames_since_last=172 elapsed_ms=1002 instantaneous_fps=171
[heartbeat] tid=11 uptime_ms=105256
[virgl-composite] Frame #17000: 1280x960 → 1280x960 display (first1k: 1000 nonzero, first=0x0014161e)
[bwm-fps] frames_since_last=170 elapsed_ms=1004 instantaneous_fps=169
[heartbeat] tid=11 uptime_ms=106256
[bwm-fps] frames_since_last=181 elapsed_ms=1005 instantaneous_fps=180
[heartbeat] tid=11 uptime_ms=107258
[timer] cpu0 ticks=70000
[bwm-fps] frames_since_last=152 elapsed_ms=1004 instantaneous_fps=151
[heartbeat] tid=11 uptime_ms=108258
[virgl-composite] Frame #17500: 1280x960 → 1280x960 display (first1k: 1000 nonzero, first=0x0014161e)
[bwm-fps] frames_since_last=149 elapsed_ms=1004 instantaneous_fps=148
[heartbeat] tid=11 uptime_ms=109258
[bwm-fps] frames_since_last=153 elapsed_ms=1002 instantaneous_fps=152
[heartbeat] tid=11 uptime_ms=110259
[bwm-fps] frames_since_last=168 elapsed_ms=1003 instantaneous_fps=167
[heartbeat] tid=11 uptime_ms=111259
[virgl-composite] Frame #18000: 1280x960 → 1280x960 display (first1k: 1000 nonzero, first=0x0014161e)
[bwm-fps] frames_since_last=166 elapsed_ms=1006 instantaneous_fps=165
[heartbeat] tid=11 uptime_ms=112260
[bwm-fps] frames_since_last=149 elapsed_ms=1001 instantaneous_fps=148
[heartbeat] tid=11 uptime_ms=113260
[bwm-fps] frames_since_last=167 elapsed_ms=1004 instantaneous_fps=166
[heartbeat] tid=11 uptime_ms=114261
[virgl-composite] Frame #18500: 1280x960 → 1280x960 display (first1k: 1000 nonzero, first=0x0014161e)
[bwm-fps] frames_since_last=167 elapsed_ms=1001 instantaneous_fps=166
[timer] cpu0 ticks=75000
[heartbeat] tid=11 uptime_ms=115261
[bwm-fps] frames_since_last=166 elapsed_ms=1000 instantaneous_fps=166
[heartbeat] tid=11 uptime_ms=116262
[bwm-fps] frames_since_last=149 elapsed_ms=1001 instantaneous_fps=148
[heartbeat] tid=11 uptime_ms=117263
[bwm-fps] frames_since_last=137 elapsed_ms=1006 instantaneous_fps=136
[virgl-composite] Frame #19000: 1280x960 → 1280x960 display (first1k: 1000 nonzero, first=0x0014161e)
[heartbeat] tid=11 uptime_ms=118264
[bwm-fps] frames_since_last=160 elapsed_ms=1000 instantaneous_fps=160
[heartbeat] tid=11 uptime_ms=119266
[bwm-fps] frames_since_last=181 elapsed_ms=1000 instantaneous_fps=181
[heartbeat] tid=11 uptime_ms=120267
[virgl-composite] Frame #19500: 1280x960 → 1280x960 display (first1k: 1000 nonzero, first=0x0014161e)
[bwm-fps] frames_since_last=193 elapsed_ms=1001 instantaneous_fps=192
[heartbeat] tid=11 uptime_ms=121268
[bwm-fps] frames_since_last=189 elapsed_ms=1000 instantaneous_fps=189
[timer] cpu0 ticks=80000
[heartbeat] tid=11 uptime_ms=122268
[bwm-fps] frames_since_last=152 elapsed_ms=1003 instantaneous_fps=151
[heartbeat] tid=11 uptime_ms=123268
[virgl-composite] Frame #20000: 1280x960 → 1280x960 display (first1k: 1000 nonzero, first=0x0014161e)
[bwm-fps] frames_since_last=155 elapsed_ms=1003 instantaneous_fps=154
[heartbeat] tid=11 uptime_ms=124268
[bwm-fps] frames_since_last=164 elapsed_ms=1002 instantaneous_fps=163
[heartbeat] tid=11 uptime_ms=125269
[bwm-fps] frames_since_last=180 elapsed_ms=1002 instantaneous_fps=179
[heartbeat] tid=11 uptime_ms=126269
[virgl-composite] Frame #20500: 1280x960 → 1280x960 display (first1k: 1000 nonzero, first=0x0014161e)
[bwm-fps] frames_since_last=187 elapsed_ms=1000 instantaneous_fps=187
[heartbeat] tid=11 uptime_ms=127269
[bwm-fps] frames_since_last=166 elapsed_ms=1000 instantaneous_fps=166
[heartbeat] tid=11 uptime_ms=128270
[bwm-fps] frames_since_last=171 elapsed_ms=1001 instantaneous_fps=170
[heartbeat] tid=11 uptime_ms=129270
[timer] cpu0 ticks=85000
[virgl-composite] Frame #21000: 1280x960 → 1280x960 display (first1k: 1000 nonzero, first=0x0014161e)
[bwm-fps] frames_since_last=194 elapsed_ms=1002 instantaneous_fps=193
[heartbeat] tid=11 uptime_ms=130271
[bwm-fps] frames_since_last=195 elapsed_ms=1000 instantaneous_fps=195
[heartbeat] tid=11 uptime_ms=131271
[bwm-fps] frames_since_last=176 elapsed_ms=1001 instantaneous_fps=175
[virgl-composite] Frame #21500: 1280x960 → 1280x960 display (first1k: 1000 nonzero, first=0x0014161e)
[heartbeat] tid=11 uptime_ms=132271
[bwm-fps] frames_since_last=154 elapsed_ms=1004 instantaneous_fps=153
[heartbeat] tid=11 uptime_ms=133272
[bwm-fps] frames_since_last=150 elapsed_ms=1001 instantaneous_fps=149
[heartbeat] tid=11 uptime_ms=134272
[bwm-fps] frames_since_last=159 elapsed_ms=1002 instantaneous_fps=158
[heartbeat] tid=11 uptime_ms=135273
[virgl-composite] Frame #22000: 1280x960 → 1280x960 display (first1k: 1000 nonzero, first=0x0014161e)
[bwm-fps] frames_since_last=180 elapsed_ms=1002 instantaneous_fps=179
[heartbeat] tid=11 uptime_ms=136274
[timer] cpu0 ticks=90000
[bwm-fps] frames_since_last=173 elapsed_ms=1001 instantaneous_fps=172
[heartbeat] tid=11 uptime_ms=137274
[bwm-fps] frames_since_last=155 elapsed_ms=1001 instantaneous_fps=154
[heartbeat] tid=11 uptime_ms=138275
[virgl-composite] Frame #22500: 1280x960 → 1280x960 display (first1k: 1000 nonzero, first=0x0014161e)
[bwm-fps] frames_since_last=162 elapsed_ms=1006 instantaneous_fps=161
[heartbeat] tid=11 uptime_ms=139276
[bwm-fps] frames_since_last=187 elapsed_ms=1004 instantaneous_fps=186
[heartbeat] tid=11 uptime_ms=140283
[bwm-fps] frames_since_last=190 elapsed_ms=1002 instantaneous_fps=189
[virgl-composite] Frame #23000: 1280x960 → 1280x960 display (first1k: 1000 nonzero, first=0x0014161e)
[heartbeat] tid=11 uptime_ms=141284
[bwm-fps] frames_since_last=188 elapsed_ms=1000 instantaneous_fps=188
[heartbeat] tid=11 uptime_ms=142284
[bwm-fps] frames_since_last=183 elapsed_ms=1002 instantaneous_fps=182
[heartbeat] tid=11 uptime_ms=143285
[virgl-composite] Frame #23500: 1280x960 → 1280x960 display (first1k: 1000 nonzero, first=0x0014161e)
[bwm-fps] frames_since_last=184 elapsed_ms=1004 instantaneous_fps=183
[timer] cpu0 ticks=95000
[heartbeat] tid=11 uptime_ms=144285
[bwm-fps] frames_since_last=175 elapsed_ms=1002 instantaneous_fps=174
[heartbeat] tid=11 uptime_ms=145285
[bwm-fps] frames_since_last=186 elapsed_ms=1004 instantaneous_fps=185
[heartbeat] tid=11 uptime_ms=146286
[virgl-composite] Frame #24000: 1280x960 → 1280x960 display (first1k: 1000 nonzero, first=0x0014161e)
[bwm-fps] frames_since_last=187 elapsed_ms=1005 instantaneous_fps=186
[heartbeat] tid=11 uptime_ms=147287
[bwm-fps] frames_since_last=189 elapsed_ms=1003 instantaneous_fps=188
[heartbeat] tid=11 uptime_ms=148287
[bwm-fps] frames_since_last=192 elapsed_ms=1002 instantaneous_fps=191
[virgl-composite] Frame #24500: 1280x960 → 1280x960 display (first1k: 1000 nonzero, first=0x0014161e)
[heartbeat] tid=11 uptime_ms=149287
[bwm-fps] frames_since_last=172 elapsed_ms=1001 instantaneous_fps=171
[heartbeat] tid=11 uptime_ms=150288
[bwm-fps] frames_since_last=178 elapsed_ms=1002 instantaneous_fps=177
[timer] cpu0 ticks=100000
[heartbeat] tid=11 uptime_ms=151288
[bwm-fps] frames_since_last=185 elapsed_ms=1001 instantaneous_fps=184
[virgl-composite] Frame #25000: 1280x960 → 1280x960 display (first1k: 1000 nonzero, first=0x0014161e)
[heartbeat] tid=11 uptime_ms=152288
[bwm-fps] frames_since_last=182 elapsed_ms=1004 instantaneous_fps=181
[heartbeat] tid=11 uptime_ms=153290
[bwm-fps] frames_since_last=190 elapsed_ms=1002 instantaneous_fps=189
[heartbeat] tid=11 uptime_ms=154290
[virgl-composite] Frame #25500: 1280x960 → 1280x960 display (first1k: 1000 nonzero, first=0x0014161e)
[bwm-fps] frames_since_last=190 elapsed_ms=1002 instantaneous_fps=189
[heartbeat] tid=11 uptime_ms=155291
[bwm-fps] frames_since_last=197 elapsed_ms=1004 instantaneous_fps=196
[heartbeat] tid=11 uptime_ms=156291
[bwm-fps] frames_since_last=189 elapsed_ms=1004 instantaneous_fps=188
[heartbeat] tid=11 uptime_ms=157292
[virgl-composite] Frame #26000: 1280x960 → 1280x960 display (first1k: 1000 nonzero, first=0x0014161e)
[bwm-fps] frames_since_last=192 elapsed_ms=1002 instantaneous_fps=191
[heartbeat] tid=11 uptime_ms=158292
[timer] cpu0 ticks=105000
[bwm-fps] frames_since_last=178 elapsed_ms=1001 instantaneous_fps=177
[heartbeat] tid=11 uptime_ms=159293
[bwm-fps] frames_since_last=182 elapsed_ms=1000 instantaneous_fps=182
[virgl-composite] Frame #26500: 1280x960 → 1280x960 display (first1k: 1000 nonzero, first=0x0014161e)
[heartbeat] tid=11 uptime_ms=160293
[bwm-fps] frames_since_last=179 elapsed_ms=1003 instantaneous_fps=178
[heartbeat] tid=11 uptime_ms=161295
[bwm-fps] frames_since_last=188 elapsed_ms=1007 instantaneous_fps=186
[heartbeat] tid=11 uptime_ms=162295
[virgl-composite] Frame #27000: 1280x960 → 1280x960 display (first1k: 1000 nonzero, first=0x0014161e)
[bwm-fps] frames_since_last=180 elapsed_ms=1001 instantaneous_fps=179
[heartbeat] tid=11 uptime_ms=163295
[bwm-fps] frames_since_last=190 elapsed_ms=1000 instantaneous_fps=190
[heartbeat] tid=11 uptime_ms=164296
[bwm-fps] frames_since_last=180 elapsed_ms=1002 instantaneous_fps=179
[heartbeat] tid=11 uptime_ms=165296
[virgl-composite] Frame #27500: 1280x960 → 1280x960 display (first1k: 1000 nonzero, first=0x0014161e)
[timer] cpu0 ticks=110000
[bwm-fps] frames_since_last=185 elapsed_ms=1003 instantaneous_fps=184
[heartbeat] tid=11 uptime_ms=166296
[bwm-fps] frames_since_last=188 elapsed_ms=1007 instantaneous_fps=186
[heartbeat] tid=11 uptime_ms=167297
[bwm-fps] frames_since_last=178 elapsed_ms=1001 instantaneous_fps=177
[virgl-composite] Frame #28000: 1280x960 → 1280x960 display (first1k: 1000 nonzero, first=0x0014161e)
[heartbeat] tid=11 uptime_ms=168297
[bwm-fps] frames_since_last=179 elapsed_ms=1003 instantaneous_fps=178
[heartbeat] tid=11 uptime_ms=169298
[bwm-fps] frames_since_last=186 elapsed_ms=1003 instantaneous_fps=185
[heartbeat] tid=11 uptime_ms=170298
[bwm-fps] frames_since_last=188 elapsed_ms=1005 instantaneous_fps=187
[virgl-composite] Frame #28500: 1280x960 → 1280x960 display (first1k: 1000 nonzero, first=0x0014161e)
[heartbeat] tid=11 uptime_ms=171298
[bwm-fps] frames_since_last=175 elapsed_ms=1000 instantaneous_fps=175
[heartbeat] tid=11 uptime_ms=172299
[bwm-fps] frames_since_last=199 elapsed_ms=1002 instantaneous_fps=198
[timer] cpu0 ticks=115000
[heartbeat] tid=11 uptime_ms=173299
[virgl-composite] Frame #29000: 1280x960 → 1280x960 display (first1k: 1000 nonzero, first=0x0014161e)
[bwm-fps] frames_since_last=185 elapsed_ms=1003 instantaneous_fps=184
[heartbeat] tid=11 uptime_ms=174299
[bwm-fps] frames_since_last=184 elapsed_ms=1001 instantaneous_fps=183
[heartbeat] tid=11 uptime_ms=175300
[bwm-fps] frames_since_last=162 elapsed_ms=1002 instantaneous_fps=161
[heartbeat] tid=11 uptime_ms=176301
[virgl-composite] Frame #29500: 1280x960 → 1280x960 display (first1k: 1000 nonzero, first=0x0014161e)
[bwm-fps] frames_since_last=177 elapsed_ms=1006 instantaneous_fps=175
[heartbeat] tid=11 uptime_ms=177302
[bwm-fps] frames_since_last=191 elapsed_ms=1003 instantaneous_fps=190
[heartbeat] tid=11 uptime_ms=178302
[bwm-fps] frames_since_last=173 elapsed_ms=1001 instantaneous_fps=172
[virgl-composite] Frame #30000: 1280x960 → 1280x960 display (first1k: 1000 nonzero, first=0x0014161e)
[heartbeat] tid=11 uptime_ms=179302
[bwm-fps] frames_since_last=184 elapsed_ms=1005 instantaneous_fps=183
[heartbeat] tid=11 uptime_ms=180303
[timer] cpu0 ticks=120000
[bwm-fps] frames_since_last=174 elapsed_ms=1002 instantaneous_fps=173
[heartbeat] tid=11 uptime_ms=181304
[bwm-fps] frames_since_last=180 elapsed_ms=1003 instantaneous_fps=179
[virgl-composite] Frame #30500: 1280x960 → 1280x960 display (first1k: 1000 nonzero, first=0x0014161e)
[heartbeat] tid=11 uptime_ms=182306
[bwm-fps] frames_since_last=191 elapsed_ms=1000 instantaneous_fps=191
[heartbeat] tid=11 uptime_ms=183306
[bwm-fps] frames_since_last=193 elapsed_ms=1006 instantaneous_fps=191
[heartbeat] tid=11 uptime_ms=184306
[virgl-composite] Frame #31000: 1280x960 → 1280x960 display (first1k: 1000 nonzero, first=0x0014161e)
[bwm-fps] frames_since_last=187 elapsed_ms=1002 instantaneous_fps=186
[heartbeat] tid=11 uptime_ms=185306
[bwm-fps] frames_since_last=188 elapsed_ms=1000 instantaneous_fps=188
[heartbeat] tid=11 uptime_ms=186307
[bwm-fps] frames_since_last=172 elapsed_ms=1003 instantaneous_fps=171
[heartbeat] tid=11 uptime_ms=187307
[virgl-composite] Frame #31500: 1280x960 → 1280x960 display (first1k: 1000 nonzero, first=0x0014161e)
[timer] cpu0 ticks=125000
[bwm-fps] frames_since_last=186 elapsed_ms=1002 instantaneous_fps=185
[heartbeat] tid=11 uptime_ms=188308
[bwm-fps] frames_since_last=190 elapsed_ms=1000 instantaneous_fps=190
[heartbeat] tid=11 uptime_ms=189310
[bwm-fps] frames_since_last=198 elapsed_ms=1001 instantaneous_fps=197
[virgl-composite] Frame #32000: 1280x960 → 1280x960 display (first1k: 1000 nonzero, first=0x0014161e)
[heartbeat] tid=11 uptime_ms=190310
[bwm-fps] frames_since_last=187 elapsed_ms=1002 instantaneous_fps=186
[heartbeat] tid=11 uptime_ms=191311
[bwm-fps] frames_since_last=186 elapsed_ms=1001 instantaneous_fps=185
[heartbeat] tid=11 uptime_ms=192312
[virgl-composite] Frame #32500: 1280x960 → 1280x960 display (first1k: 1000 nonzero, first=0x0014161e)
[bwm-fps] frames_since_last=204 elapsed_ms=1002 instantaneous_fps=203
[heartbeat] tid=11 uptime_ms=193313
[bwm-fps] frames_since_last=196 elapsed_ms=1006 instantaneous_fps=194
[heartbeat] tid=11 uptime_ms=194313
[timer] cpu0 ticks=130000
[bwm-fps] frames_since_last=195 elapsed_ms=1003 instantaneous_fps=194
[virgl-composite] Frame #33000: 1280x960 → 1280x960 display (first1k: 1000 nonzero, first=0x0014161e)
[heartbeat] tid=11 uptime_ms=195314
[bwm-fps] frames_since_last=193 elapsed_ms=1003 instantaneous_fps=192
[heartbeat] tid=11 uptime_ms=196315
[bwm-fps] frames_since_last=175 elapsed_ms=1002 instantaneous_fps=174
[heartbeat] tid=11 uptime_ms=197315
[bwm-fps] frames_since_last=189 elapsed_ms=1000 instantaneous_fps=189
[virgl-composite] Frame #33500: 1280x960 → 1280x960 display (first1k: 1000 nonzero, first=0x0014161e)
[heartbeat] tid=11 uptime_ms=198315
[bwm-fps] frames_since_last=186 elapsed_ms=1001 instantaneous_fps=185
[heartbeat] tid=11 uptime_ms=199315
[bwm-fps] frames_since_last=183 elapsed_ms=1004 instantaneous_fps=182
[heartbeat] tid=11 uptime_ms=200316
[virgl-composite] Frame #34000: 1280x960 → 1280x960 display (first1k: 1000 nonzero, first=0x0014161e)
[bwm-fps] frames_since_last=182 elapsed_ms=1001 instantaneous_fps=181
[heartbeat] tid=11 uptime_ms=201317
[bwm-fps] frames_since_last=183 elapsed_ms=1004 instantaneous_fps=182
[timer] cpu0 ticks=135000
[heartbeat] tid=11 uptime_ms=202317
[bwm-fps] frames_since_last=191 elapsed_ms=1003 instantaneous_fps=190
[heartbeat] tid=11 uptime_ms=203317
[virgl-composite] Frame #34500: 1280x960 → 1280x960 display (first1k: 1000 nonzero, first=0x0014161e)
[bwm-fps] frames_since_last=192 elapsed_ms=1000 instantaneous_fps=192
[heartbeat] tid=11 uptime_ms=204318
[bwm-fps] frames_since_last=200 elapsed_ms=1006 instantaneous_fps=198
[heartbeat] tid=11 uptime_ms=205318
[bwm-fps] frames_since_last=178 elapsed_ms=1002 instantaneous_fps=177
[virgl-composite] Frame #35000: 1280x960 → 1280x960 display (first1k: 1000 nonzero, first=0x0014161e)
[heartbeat] tid=11 uptime_ms=206318
[bwm-fps] frames_since_last=178 elapsed_ms=1000 instantaneous_fps=178
[heartbeat] tid=11 uptime_ms=207319
[bwm-fps] frames_since_last=196 elapsed_ms=1003 instantaneous_fps=195
[heartbeat] tid=11 uptime_ms=208319
[virgl-composite] Frame #35500: 1280x960 → 1280x960 display (first1k: 1000 nonzero, first=0x0014161e)
[bwm-fps] frames_since_last=193 elapsed_ms=1001 instantaneous_fps=192
[heartbeat] tid=11 uptime_ms=209320
[timer] cpu0 ticks=140000
[bwm-fps] frames_since_last=190 elapsed_ms=1001 instantaneous_fps=189
[heartbeat] tid=11 uptime_ms=210320
[bwm-fps] frames_since_last=186 elapsed_ms=1005 instantaneous_fps=185
[virgl-composite] Frame #36000: 1280x960 → 1280x960 display (first1k: 1000 nonzero, first=0x0014161e)
[heartbeat] tid=11 uptime_ms=211321
[bwm-fps] frames_since_last=185 elapsed_ms=1001 instantaneous_fps=184
[heartbeat] tid=11 uptime_ms=212321
[bwm-fps] frames_since_last=188 elapsed_ms=1002 instantaneous_fps=187
[heartbeat] tid=11 uptime_ms=213321
[bwm-fps] frames_since_last=189 elapsed_ms=1002 instantaneous_fps=188
[virgl-composite] Frame #36500: 1280x960 → 1280x960 display (first1k: 1000 nonzero, first=0x0014161e)
[heartbeat] tid=11 uptime_ms=214323
[bwm-fps] frames_since_last=202 elapsed_ms=1000 instantaneous_fps=202
[heartbeat] tid=11 uptime_ms=215323
[bwm-fps] frames_since_last=182 elapsed_ms=1005 instantaneous_fps=181
[heartbeat] tid=11 uptime_ms=216323
[timer] cpu0 ticks=145000
[virgl-composite] Frame #37000: 1280x960 → 1280x960 display (first1k: 1000 nonzero, first=0x0014161e)
[bwm-fps] frames_since_last=178 elapsed_ms=1005 instantaneous_fps=177
[heartbeat] tid=11 uptime_ms=217324
[bwm-fps] frames_since_last=179 elapsed_ms=1002 instantaneous_fps=178
[heartbeat] tid=11 uptime_ms=218324
[bwm-fps] frames_since_last=196 elapsed_ms=1001 instantaneous_fps=195
[heartbeat] tid=11 uptime_ms=219325
[virgl-composite] Frame #37500: 1280x960 → 1280x960 display (first1k: 1000 nonzero, first=0x0014161e)
[bwm-fps] frames_since_last=181 elapsed_ms=1002 instantaneous_fps=180
[heartbeat] tid=11 uptime_ms=220325
[bwm-fps] frames_since_last=186 elapsed_ms=1006 instantaneous_fps=184
[heartbeat] tid=11 uptime_ms=221325
[virgl-composite] Frame #38000: 1280x960 → 1280x960 display (first1k: 1000 nonzero, first=0x0014161e)
[bwm-fps] frames_since_last=197 elapsed_ms=1000 instantaneous_fps=197
[heartbeat] tid=11 uptime_ms=222325
[bwm-fps] frames_since_last=191 elapsed_ms=1000 instantaneous_fps=191
[heartbeat] tid=11 uptime_ms=223326
[timer] cpu0 ticks=150000
[bwm-fps] frames_since_last=200 elapsed_ms=1006 instantaneous_fps=198
[heartbeat] tid=11 uptime_ms=224326
[virgl-composite] Frame #38500: 1280x960 → 1280x960 display (first1k: 1000 nonzero, first=0x0014161e)
[bwm-fps] frames_since_last=192 elapsed_ms=1001 instantaneous_fps=191
[heartbeat] tid=11 uptime_ms=225327
[bwm-fps] frames_since_last=187 elapsed_ms=1000 instantaneous_fps=187
[heartbeat] tid=11 uptime_ms=226327
[bwm-fps] frames_since_last=187 elapsed_ms=1003 instantaneous_fps=186
[virgl-composite] Frame #39000: 1280x960 → 1280x960 display (first1k: 1000 nonzero, first=0x0014161e)
[heartbeat] tid=11 uptime_ms=227327
[bwm-fps] frames_since_last=186 elapsed_ms=1007 instantaneous_fps=184
[heartbeat] tid=11 uptime_ms=228327
[bwm-fps] frames_since_last=194 elapsed_ms=1004 instantaneous_fps=193
[heartbeat] tid=11 uptime_ms=229328
[virgl-composite] Frame #39500: 1280x960 → 1280x960 display (first1k: 1000 nonzero, first=0x0014161e)
[bwm-fps] frames_since_last=188 elapsed_ms=1001 instantaneous_fps=187
[heartbeat] tid=11 uptime_ms=230328
[bwm-fps] frames_since_last=186 elapsed_ms=1004 instantaneous_fps=185
[timer] cpu0 ticks=155000
[heartbeat] tid=11 uptime_ms=231331
[bwm-fps] frames_since_last=198 elapsed_ms=1001 instantaneous_fps=197
[heartbeat] tid=11 uptime_ms=232332
[virgl-composite] Frame #40000: 1280x960 → 1280x960 display (first1k: 1000 nonzero, first=0x0014161e)
[bwm-fps] frames_since_last=170 elapsed_ms=1003 instantaneous_fps=169
[heartbeat] tid=11 uptime_ms=233332
[bwm-fps] frames_since_last=190 elapsed_ms=1001 instantaneous_fps=189
[heartbeat] tid=11 uptime_ms=234333
[bwm-fps] frames_since_last=184 elapsed_ms=1000 instantaneous_fps=184
[virgl-composite] Frame #40500: 1280x960 → 1280x960 display (first1k: 1000 nonzero, first=0x0014161e)
[heartbeat] tid=11 uptime_ms=235333
[bwm-fps] frames_since_last=187 elapsed_ms=1001 instantaneous_fps=186
[heartbeat] tid=11 uptime_ms=236334
[bwm-fps] frames_since_last=187 elapsed_ms=1003 instantaneous_fps=186
[heartbeat] tid=11 uptime_ms=237334
[virgl-composite] Frame #41000: 1280x960 → 1280x960 display (first1k: 1000 nonzero, first=0x0014161e)
[bwm-fps] frames_since_last=182 elapsed_ms=1004 instantaneous_fps=181
[heartbeat] tid=11 uptime_ms=238335
[timer] cpu0 ticks=160000
[bwm-fps] frames_since_last=192 elapsed_ms=1003 instantaneous_fps=191
[heartbeat] tid=11 uptime_ms=239335
[bwm-fps] frames_since_last=190 elapsed_ms=1006 instantaneous_fps=188
[heartbeat] tid=11 uptime_ms=240336
[virgl-composite] Frame #41500: 1280x960 → 1280x960 display (first1k: 1000 nonzero, first=0x0014161e)
[bwm-fps] frames_since_last=193 elapsed_ms=1002 instantaneous_fps=192
[heartbeat] tid=11 uptime_ms=241336
[bwm-fps] frames_since_last=161 elapsed_ms=1004 instantaneous_fps=160
[heartbeat] tid=11 uptime_ms=242336
[bwm-fps] frames_since_last=159 elapsed_ms=1004 instantaneous_fps=158
[heartbeat] tid=11 uptime_ms=243337
[virgl-composite] Frame #42000: 1280x960 → 1280x960 display (first1k: 1000 nonzero, first=0x0014161e)
[bwm-fps] frames_since_last=172 elapsed_ms=1000 instantaneous_fps=172
[heartbeat] tid=11 uptime_ms=244338
[bwm-fps] frames_since_last=190 elapsed_ms=1003 instantaneous_fps=189
[heartbeat] tid=11 uptime_ms=245338
[timer] cpu0 ticks=165000
[bwm-fps] frames_since_last=192 elapsed_ms=1002 instantaneous_fps=191
[virgl-composite] Frame #42500: 1280x960 → 1280x960 display (first1k: 1000 nonzero, first=0x0014161e)
[heartbeat] tid=11 uptime_ms=246338
[bwm-fps] frames_since_last=177 elapsed_ms=1002 instantaneous_fps=176
[heartbeat] tid=11 uptime_ms=247339
[bwm-fps] frames_since_last=161 elapsed_ms=1001 instantaneous_fps=160
[heartbeat] tid=11 uptime_ms=248339
[bwm-fps] frames_since_last=169 elapsed_ms=1001 instantaneous_fps=168
[virgl-composite] Frame #43000: 1280x960 → 1280x960 display (first1k: 1000 nonzero, first=0x0014161e)
[heartbeat] tid=11 uptime_ms=249339
[bwm-fps] frames_since_last=188 elapsed_ms=1001 instantaneous_fps=187
[heartbeat] tid=11 uptime_ms=250340
[bwm-fps] frames_since_last=186 elapsed_ms=1001 instantaneous_fps=185
[heartbeat] tid=11 uptime_ms=251340
[virgl-composite] Frame #43500: 1280x960 → 1280x960 display (first1k: 1000 nonzero, first=0x0014161e)
[bwm-fps] frames_since_last=184 elapsed_ms=1006 instantaneous_fps=182
[heartbeat] tid=11 uptime_ms=252340
[timer] cpu0 ticks=170000
[bwm-fps] frames_since_last=176 elapsed_ms=1006 instantaneous_fps=174
[heartbeat] tid=11 uptime_ms=253341
[bwm-fps] frames_since_last=184 elapsed_ms=1000 instantaneous_fps=184
[heartbeat] tid=11 uptime_ms=254341
[virgl-composite] Frame #44000: 1280x960 → 1280x960 display (first1k: 1000 nonzero, first=0x0014161e)
[bwm-fps] frames_since_last=175 elapsed_ms=1003 instantaneous_fps=174
[heartbeat] tid=11 uptime_ms=255341
[bwm-fps] frames_since_last=190 elapsed_ms=1001 instantaneous_fps=189
[heartbeat] tid=11 uptime_ms=256343
[bwm-fps] frames_since_last=185 elapsed_ms=1003 instantaneous_fps=184
[heartbeat] tid=11 uptime_ms=257344
[virgl-composite] Frame #44500: 1280x960 → 1280x960 display (first1k: 1000 nonzero, first=0x0014161e)
[bwm-fps] frames_since_last=176 elapsed_ms=1007 instantaneous_fps=174
[heartbeat] tid=11 uptime_ms=258344
[bwm-fps] frames_since_last=179 elapsed_ms=1000 instantaneous_fps=179
[heartbeat] tid=11 uptime_ms=259345
[bwm-fps] frames_since_last=179 elapsed_ms=1003 instantaneous_fps=178
[timer] cpu0 ticks=175000
[virgl-composite] Frame #45000: 1280x960 → 1280x960 display (first1k: 1000 nonzero, first=0x0014161e)
[heartbeat] tid=11 uptime_ms=260345
[bwm-fps] frames_since_last=179 elapsed_ms=1001 instantaneous_fps=178
[heartbeat] tid=11 uptime_ms=261345
[bwm-fps] frames_since_last=192 elapsed_ms=1003 instantaneous_fps=191
[heartbeat] tid=11 uptime_ms=262348
[virgl-composite] Frame #45500: 1280x960 → 1280x960 display (first1k: 1000 nonzero, first=0x0014161e)
[bwm-fps] frames_since_last=165 elapsed_ms=1000 instantaneous_fps=165
[heartbeat] tid=11 uptime_ms=263349
[bwm-fps] frames_since_last=183 elapsed_ms=1002 instantaneous_fps=182
[heartbeat] tid=11 uptime_ms=264349
[bwm-fps] frames_since_last=169 elapsed_ms=1002 instantaneous_fps=168
[heartbeat] tid=11 uptime_ms=265349
[virgl-composite] Frame #46000: 1280x960 → 1280x960 display (first1k: 1000 nonzero, first=0x0014161e)
[bwm-fps] frames_since_last=187 elapsed_ms=1002 instantaneous_fps=186
[heartbeat] tid=11 uptime_ms=266349
[bwm-fps] frames_since_last=177 elapsed_ms=1001 instantaneous_fps=176
[heartbeat] tid=11 uptime_ms=267350
[timer] cpu0 ticks=180000
[bwm-fps] frames_since_last=177 elapsed_ms=1002 instantaneous_fps=176
[heartbeat] tid=11 uptime_ms=268350
[virgl-composite] Frame #46500: 1280x960 → 1280x960 display (first1k: 1000 nonzero, first=0x0014161e)
[bwm-fps] frames_since_last=172 elapsed_ms=1000 instantaneous_fps=172
[heartbeat] tid=11 uptime_ms=269350
[bwm-fps] frames_since_last=181 elapsed_ms=1002 instantaneous_fps=180
[heartbeat] tid=11 uptime_ms=270351
[bwm-fps] frames_since_last=185 elapsed_ms=1001 instantaneous_fps=184
[heartbeat] tid=11 uptime_ms=271351
[virgl-composite] Frame #47000: 1280x960 → 1280x960 display (first1k: 1000 nonzero, first=0x0014161e)
[bwm-fps] frames_since_last=178 elapsed_ms=1006 instantaneous_fps=176
[heartbeat] tid=11 uptime_ms=272352
[bwm-fps] frames_since_last=173 elapsed_ms=1007 instantaneous_fps=171
[heartbeat] tid=11 uptime_ms=273352
[bwm-fps] frames_since_last=178 elapsed_ms=1002 instantaneous_fps=177
[virgl-composite] Frame #47500: 1280x960 → 1280x960 display (first1k: 1000 nonzero, first=0x0014161e)
[heartbeat] tid=11 uptime_ms=274352
[timer] cpu0 ticks=185000
[bwm-fps] frames_since_last=187 elapsed_ms=1004 instantaneous_fps=186
[heartbeat] tid=11 uptime_ms=275353
[bwm-fps] frames_since_last=183 elapsed_ms=1005 instantaneous_fps=182
[heartbeat] tid=11 uptime_ms=276353
[virgl-composite] Frame #48000: 1280x960 → 1280x960 display (first1k: 1000 nonzero, first=0x0014161e)
[bwm-fps] frames_since_last=182 elapsed_ms=1001 instantaneous_fps=181
[heartbeat] tid=11 uptime_ms=277354
[bwm-fps] frames_since_last=175 elapsed_ms=1001 instantaneous_fps=174
[heartbeat] tid=11 uptime_ms=278355
[bwm-fps] frames_since_last=184 elapsed_ms=1004 instantaneous_fps=183
[heartbeat] tid=11 uptime_ms=279355
[virgl-composite] Frame #48500: 1280x960 → 1280x960 display (first1k: 1000 nonzero, first=0x0014161e)
[bwm-fps] frames_since_last=173 elapsed_ms=1002 instantaneous_fps=172
[heartbeat] tid=11 uptime_ms=280356
[bwm-fps] frames_since_last=185 elapsed_ms=1001 instantaneous_fps=184
[heartbeat] tid=11 uptime_ms=281356
[timer] cpu0 ticks=190000
[bwm-fps] frames_since_last=183 elapsed_ms=1005 instantaneous_fps=182
[heartbeat] tid=11 uptime_ms=282356
[virgl-composite] Frame #49000: 1280x960 → 1280x960 display (first1k: 1000 nonzero, first=0x0014161e)
[bwm-fps] frames_since_last=177 elapsed_ms=1002 instantaneous_fps=176
[heartbeat] tid=11 uptime_ms=283358
[bwm-fps] frames_since_last=176 elapsed_ms=1002 instantaneous_fps=175
[heartbeat] tid=11 uptime_ms=284358
[bwm-fps] frames_since_last=178 elapsed_ms=1001 instantaneous_fps=177
[heartbeat] tid=11 uptime_ms=285358
[virgl-composite] Frame #49500: 1280x960 → 1280x960 display (first1k: 1000 nonzero, first=0x0014161e)
[bwm-fps] frames_since_last=188 elapsed_ms=1003 instantaneous_fps=187
[heartbeat] tid=11 uptime_ms=286359
[bwm-fps] frames_since_last=195 elapsed_ms=1003 instantaneous_fps=194
[heartbeat] tid=11 uptime_ms=287359
[virgl-composite] Frame #50000: 1280x960 → 1280x960 display (first1k: 1000 nonzero, first=0x0014161e)
[bwm-fps] frames_since_last=182 elapsed_ms=1001 instantaneous_fps=181
[heartbeat] tid=11 uptime_ms=288359
[timer] cpu0 ticks=195000
[bwm-fps] frames_since_last=192 elapsed_ms=1002 instantaneous_fps=191
[heartbeat] tid=11 uptime_ms=289360
[bwm-fps] frames_since_last=170 elapsed_ms=1002 instantaneous_fps=169
[heartbeat] tid=11 uptime_ms=290361
[virgl-composite] Frame #50500: 1280x960 → 1280x960 display (first1k: 1000 nonzero, first=0x0014161e)
[bwm-fps] frames_since_last=183 elapsed_ms=1003 instantaneous_fps=182
[heartbeat] tid=11 uptime_ms=291361
[bwm-fps] frames_since_last=186 elapsed_ms=1001 instantaneous_fps=185
[heartbeat] tid=11 uptime_ms=292362
[bwm-fps] frames_since_last=183 elapsed_ms=1001 instantaneous_fps=182
[heartbeat] tid=11 uptime_ms=293362
[virgl-composite] Frame #51000: 1280x960 → 1280x960 display (first1k: 1000 nonzero, first=0x0014161e)
[bwm-fps] frames_since_last=194 elapsed_ms=1001 instantaneous_fps=193
[heartbeat] tid=11 uptime_ms=294362
[bwm-fps] frames_since_last=182 elapsed_ms=1001 instantaneous_fps=181
[heartbeat] tid=11 uptime_ms=295362
[timer] cpu0 ticks=200000
[bwm-fps] frames_since_last=182 elapsed_ms=1004 instantaneous_fps=181
[virgl-composite] Frame #51500: 1280x960 → 1280x960 display (first1k: 1000 nonzero, first=0x0014161e)
[heartbeat] tid=11 uptime_ms=296363
[bwm-fps] frames_since_last=187 elapsed_ms=1003 instantaneous_fps=186
[heartbeat] tid=11 uptime_ms=297364
[bwm-fps] frames_since_last=181 elapsed_ms=1002 instantaneous_fps=180
[heartbeat] tid=11 uptime_ms=298364
[virgl-composite] Frame #52000: 1280x960 → 1280x960 display (first1k: 1000 nonzero, first=0x0014161e)
[bwm-fps] frames_since_last=182 elapsed_ms=1001 instantaneous_fps=181
[heartbeat] tid=11 uptime_ms=299364
[bwm-fps] frames_since_last=177 elapsed_ms=1003 instantaneous_fps=176
[heartbeat] tid=11 uptime_ms=300364
[bwm-fps] frames_since_last=192 elapsed_ms=1001 instantaneous_fps=191
[heartbeat] tid=11 uptime_ms=301365
[virgl-composite] Frame #52500: 1280x960 → 1280x960 display (first1k: 1000 nonzero, first=0x0014161e)
[bwm-fps] frames_since_last=186 elapsed_ms=1002 instantaneous_fps=185
[heartbeat] tid=11 uptime_ms=302365
[timer] cpu0 ticks=205000
[bwm-fps] frames_since_last=183 elapsed_ms=1000 instantaneous_fps=183
[heartbeat] tid=11 uptime_ms=303366
[bwm-fps] frames_since_last=180 elapsed_ms=1005 instantaneous_fps=179
[heartbeat] tid=11 uptime_ms=304366
[virgl-composite] Frame #53000: 1280x960 → 1280x960 display (first1k: 1000 nonzero, first=0x0014161e)
