[ram] 6 regions:
[ram]   0x40000000 - 0xffff0000 (3071 MB)
[ram]   0x100000000 - 0x140000000 (1024 MB)
[ram]   0x140025000 - 0x23be0f000 (4029 MB)
[ram]   0x23c000000 - 0x23c020000 (0 MB)
[ram]   0x23c080000 - 0x23f550000 (52 MB)
[ram]   0x23f930000 - 0x240000000 (6 MB)
[kern] entry_phys=0x400998c0 load=0x40080000-0x50104000
[gop-serial] UART: base=0x2110000 type=0 (PL011)
[gop-serial] Enumerating GOP display modes:
[gop-serial]   Mode 0: 1024x768 format=BGR
[gop-serial] 1 modes total, best=786432 pixels
[gop-serial] Already at best mode: 1024x768
[gop-serial] Selected: 1024x768 stride=1024 base=0x10000000 size=0x300000
ZZ00000000400998c0BDMTIVL!J>12KPHEOS
========================================
  Breenix ARM64 Kernel Starting
  BUILD_ID: 006a0c24e60606
========================================

[boot] DIAG_MARKER_XHCI_A
[boot] DIAG_MARKER_XHCI_B
[boot] DIAG_MARKER_XHCI_C
[boot] loader xhci_hcrst_raw=0x0 ecam=0x2300000
[boot] Current exception level: EL1
[boot] MMU already enabled (high-half kernel)
[boot] Initializing memory management (0x44000000-0x50000000)...
[boot] Memory management ready
[boot] Initializing Generic Timer...
[boot] Timer frequency: 24000000 Hz (24 MHz)
[boot] Initializing PL031 RTC...
[boot] Current timestamp: 25280360
[boot] Initializing GIC...
[gic] GICR probe 0x02500000: WAKER=0x00000000 <<< VALID
[gic] GICD_CTLR wrote 0x53, readback=0x53
[gic] GICR_IGROUPR0: wrote 0xFFFFFFFF, readback=0xffffffff
[gic] ICC_CTLR_EL1: 0x40400 -> 0x40402 (EOImode=1)
[boot] GIC initialized (version 3)
[boot] Enabling UART interrupts...
[boot] Enabling GIC IRQ 33 (UART0)...
[uart] IMSC: 0x0 -> 0x50 (verify: 0x50)
[uart] FR=0x90 (RXFE=1), RIS=0x20
[gic] IRQ 33 state (GICv3):
  enabled=true, group1=true, pending=false
  priority=0xa0, GICD_CTLR=0x53
  ICC_PMR=0xf0
[boot] UART interrupts enabled
[boot] Enabling interrupts...
[boot] Interrupts enabled: true
[boot] Initializing device drivers...
[drivers] Initializing driver subsystem...
[drivers] PCI ECAM at 0x2300000, enumerating PCI bus...
[drivers] Found 7 PCI devices
[pci] 00:01.0 [8086:293e] class=04/03
[pci]   BAR0: 0x18008000 (16384)
[pci] 00:02.0 [8086:265c] class=0c/03
[pci]   BAR0: 0x18012000 (4096)
[pci]   BAR1: 0x0 (4096)
[pci]   BAR2: 0x0 (4096)
[pci]   BAR3: 0x0 (4096)
[pci]   BAR4: 0x0 (4096)
[pci]   BAR5: 0x0 (4096)
[pci] 00:03.0 [1033:0194] class=0c/03
[pci]   BAR0: 0x18011000 (4096)
[pci]   BAR1: 0x0 (4096)
[pci]   BAR2: 0x0 (4096)
[pci]   BAR3: 0x0 (4096)
[pci]   BAR4: 0x0 (4096)
[pci]   BAR5: 0x0 (4096)
[pci] 00:05.0 [1af4:1000] class=02/00
[pci]   BAR0: 0x18010000 (4096)
[pci]   BAR1: 0x1800f000 (4096)
[pci] 00:09.0 [1ab8:4000] class=ff/00
[pci]   BAR0: 0x1800e000 (4096)
[pci] 00:0a.0 [1af4:1050] class=03/00
[pci]   BAR0: 0x10000000 (134217728)
[pci]   BAR1: 0x1800d000 (4096)
[pci]   BAR4: 0x18004000 (16384)
[pci] 00:0e.0 [1af4:1053] class=07/80
[pci]   BAR1: 0x1800c000 (4096)
[pci]   BAR4: 0x18000000 (16384)
[drivers] Found 2 VirtIO PCI devices
[virtio-gpu-pci] Device features: 0x0000000100000001
[virtio-gpu-pci] VIRGL offered: true
[virtio-gpu-pci] Negotiated: 0x0000000100000001 (VIRGL=true)
[virtio-gpu-pci] VIRGL_ENABLED stored=true, readback=true, addr=0xffff000041201a80
[pci] 00:0a.0: capabilities:
  cap 0x11 (MSI-X) @ 0xb0: dw0=0x0001bc11 dw1=0x00000001
  cap 0x09 (?) @ 0xbc: dw0=0x0410cc09 dw1=0x00000004
  cap 0x09 (?) @ 0xcc: dw0=0x0310dc09 dw1=0x00000004
  cap 0x09 (?) @ 0xdc: dw0=0x0214f009 dw1=0x00000004
  cap 0x09 (?) @ 0xf0: dw0=0x01100009 dw1=0x00000004
[gicv2m] MSI_TYPER raw=0x80350040 -> base_spi=53, num_spi=64
[virtio-gpu-pci] MSI-X cap at 0xb0: 2 vectors
[virtio-gpu-pci] MSI-X enabled: SPI 53 doorbell=0x2250040 vectors=2
[virtio-gpu-pci] config_msix_vector: wrote=0x0 readback=0x0
[virtio-gpu-pci] Device has 2 queues
[virtio-gpu-pci] Queue 0 msix_vector: wrote=0x0 readback=0x0
[virtio-gpu-pci] Queue 1 msix_vector: wrote=0x0 readback=0x0
[virtio-gpu-pci] Cursor queue (q1) set up: size=16
[virtio-gpu-pci] Config: num_scanouts=16, num_capsets=1
[virtio-gpu-pci] Capset 0: id=2, max_ver=2, max_size=768
[virtio-gpu-pci] GET_CAPSET(id=2, ver=2): resp=0x1103
[virtio-gpu-pci] Display reports: 1024x768
[virtio-gpu-pci] Resolution: 1280x960 (display=1024x768, GOP=1024x768, min=1280x960)
[virtio-gpu-pci] 2D resource created and scanout set
[virtio-gpu-pci] MSI-X configured (SPI=53, deferred enable after VirGL init)
[virtio-gpu-pci] Initialized: 1280x960
[drivers] VirtIO GPU (PCI) initialized
[virgl] Initializing VirGL 3D pipeline...
[virgl] 3D framebuffer backing: heap ptr=0xffff0000502e2000, phys=0x502e2000, size=4915200
[virgl] Step 1: context created
[virgl] Step 2: 3D resource created (1280x960, bind=0x0014000a)
[virgl] attach_backing: phys=0x502e2000, len=4915200, nr_pages=1200
[virgl] attach_backing: sending 3-desc chain: hdr=0x40251000(32B), entries=0x50792000(19200B)
[virgl] attach_backing: OK (1200 pages attached)
[virgl] Step 3: backing attached
[virgl] Step 4: resource attached to context
[virgl] Step 5: resource primed
[virgl] SUBMIT_3D OK: id=1 used_len=0 resp_flags=0x1 resp_fence=1
[virgl] Step 6: VirGL CLEAR (cornflower blue)
[virgl] Step 7: SET_SCANOUT + RESOURCE_FLUSH done
[virgl] Step 7: VB resource created (no backing, INLINE_WRITE only)
[virgl-composite] Texture backing: heap ptr=0xffff000050792000, phys=0x50792000, 1280x960 (4915200B, 1200 pages)
[virgl] attach_backing: phys=0x50792000, len=4915200, nr_pages=1200
[virgl] attach_backing: sending 3-desc chain: hdr=0x40251000(32B), entries=0x50c42000(19200B)
[virgl] attach_backing: OK (1200 pages attached)
[virgl-composite] Texture resource initialized (id=5)
[virgl] attach_backing: phys=0x50c42000, len=4915200, nr_pages=1200
[virgl] attach_backing: sending 3-desc chain: hdr=0x40251000(32B), entries=0x510f2000(19200B)
[virgl] attach_backing: OK (1200 pages attached)
[virgl-pool] Pre-allocated slot=0 res_id=10 1280x960
[virgl] attach_backing: phys=0x510f2000, len=4915200, nr_pages=1200
[virgl] attach_backing: sending 3-desc chain: hdr=0x40251000(32B), entries=0x515a2000(19200B)
[virgl] attach_backing: OK (1200 pages attached)
[virgl-pool] Pre-allocated slot=1 res_id=11 1280x960
[virgl] attach_backing: phys=0x515a2000, len=4915200, nr_pages=1200
[virgl] attach_backing: sending 3-desc chain: hdr=0x40251000(32B), entries=0x51a52000(19200B)
[virgl] attach_backing: OK (1200 pages attached)
[virgl-pool] Pre-allocated slot=2 res_id=12 1280x960
[virgl] attach_backing: phys=0x51a52000, len=4915200, nr_pages=1200
[virgl] attach_backing: sending 3-desc chain: hdr=0x40251000(32B), entries=0x51f02000(19200B)
[virgl] attach_backing: OK (1200 pages attached)
[virgl-pool] Pre-allocated slot=3 res_id=13 1280x960
[virgl] attach_backing: phys=0x51f02000, len=4915200, nr_pages=1200
[virgl] attach_backing: sending 3-desc chain: hdr=0x40251000(32B), entries=0x523b2000(19200B)
[virgl] attach_backing: OK (1200 pages attached)
[virgl-pool] Pre-allocated slot=4 res_id=14 1280x960
[virgl] attach_backing: phys=0x523b2000, len=4915200, nr_pages=1200
[virgl] attach_backing: sending 3-desc chain: hdr=0x40251000(32B), entries=0x52862000(19200B)
[virgl] attach_backing: OK (1200 pages attached)
[virgl-pool] Pre-allocated slot=5 res_id=15 1280x960
[virgl] attach_backing: phys=0x52862000, len=4915200, nr_pages=1200
[virgl] attach_backing: sending 3-desc chain: hdr=0x40251000(32B), entries=0x52d12000(19200B)
[virgl] attach_backing: OK (1200 pages attached)
[virgl-pool] Pre-allocated slot=6 res_id=16 1280x960
[virgl] attach_backing: phys=0x52d12000, len=4915200, nr_pages=1200
[virgl] attach_backing: sending 3-desc chain: hdr=0x40251000(32B), entries=0x531c2000(19200B)
[virgl] attach_backing: OK (1200 pages attached)
[virgl-pool] Pre-allocated slot=7 res_id=17 1280x960
[virgl] attach_backing: phys=0x531c2000, len=8192, nr_pages=2
[virgl] attach_backing: sending 3-desc chain: hdr=0x40251000(32B), entries=0x502e0040(32B)
[virgl] attach_backing: OK (2 pages attached)
[virgl-cursor] Cursor texture initialized (id=6, 16x80, 5 shapes)
[virgl] attach_backing: phys=0x531c4000, len=4096, nr_pages=1
[virgl] attach_backing: sending 3-desc chain: hdr=0x40251000(32B), entries=0x502e0040(16B)
[virgl] attach_backing: OK (1 pages attached)
[virgl-dimmer] Dimmer texture initialized (id=7, 4x4)
[virgl] Step 8: Compositor texture initialized
[virgl] Step 9: full pipeline+draw batch (191 DWORDs)
[virgl] SUBMIT_3D OK: id=2 used_len=0 resp_flags=0x1 resp_fence=2
[virgl] Step 10: SET_SCANOUT + RESOURCE_FLUSH
[virgl] VirGL 3D pipeline initialized successfully
[drivers] VirGL 3D acceleration active
[drivers] Compositor backend: VirGL
[virtio-gpu-pci] MSI-X SPI 53 enabled — interrupt-driven GPU wake active
[virtio-net-pci] Searching for VirtIO network device on PCI bus...
[virtio-net-pci] Found at 00:05.0 [1af4:1000]
[virtio-net-pci] BAR0: phys=0x18010000 virt=0xffff000018010000 size=4096
[virtio-net-pci] Device features: 0x6187bfa3
[virtio-net-pci] MAC: 00:1c:42:5d:c5:6b
[virtio-net-pci] Queue 0 max size: 256
[virtio-net-pci] Queue 0 PFN=0x4120f (phys=0x4120f000)
[virtio-net-pci] Queue 1 max size: 256
[virtio-net-pci] Queue 1 PFN=0x41212 (phys=0x41212000)
[pci] 00:05.0: capabilities:
  cap 0x10 (PCIe) @ 0x48: dw0=0x00024010 dw1=0x00000fc0
  cap 0x01 (PM) @ 0x40: dw0=0x0022f401 dw1=0x00000000
  cap 0x11 (MSI-X) @ 0xf4: dw0=0x00020011 dw1=0x00000001
[virtio-net-pci] MSI-X cap at 0xf4: 3 vectors
[virtio-net-pci] MSI-X vector assignments: cfg=0xffff rx=0x0
[virtio-net-pci] MSI-X enabled: SPI 54 doorbell=0x2250040 vectors=3
[virtio-net-pci] Network device initialized successfully
[drivers] VirtIO network (PCI) initialized
[drivers] SVGA3 init skipped: SVGA3 device not found
[drivers] Found XHCI at 00:03.0 [1033:0194]
[xhci] DMA addrs: DCBAA=0x41228000 CMD_RING=0x41229000 EVT_RING=0x41239000 ERST=0x412af240
[xhci] Regs: USBCMD=0x5 USBSTS=0x0 CRCR=0x0 DCBAAP=0x41228000
[xhci] IR0: IMAN=0x2 ERDP=0x41239000 ERSTBA=0x412af240
[xhci] Port scan: 14 ports
[xhci]   port 1: PORTSC=0x00021203 CCS=1 PED=1 speed=4
[xhci]   port 2: PORTSC=0x00021203 CCS=1 PED=1 speed=4
[xhci]   port 3: PORTSC=0x00021203 CCS=1 PED=1 speed=4
[xhci]   port 4: PORTSC=0x000002a0 CCS=0 PED=0 speed=0
[xhci]   port 5: PORTSC=0x000002a0 CCS=0 PED=0 speed=0
[xhci]   port 6: PORTSC=0x000002a0 CCS=0 PED=0 speed=0
[xhci]   port 7: PORTSC=0x000002a0 CCS=0 PED=0 speed=0
[xhci]   port 8: PORTSC=0x000002a0 CCS=0 PED=0 speed=0
[xhci]   port 9: PORTSC=0x000002a0 CCS=0 PED=0 speed=0
[xhci]   port 10: PORTSC=0x000002a0 CCS=0 PED=0 speed=0
[xhci]   port 11: PORTSC=0x000002a0 CCS=0 PED=0 speed=0
[xhci]   port 12: PORTSC=0x000002a0 CCS=0 PED=0 speed=0
[xhci]   port 13: PORTSC=0x000002a0 CCS=0 PED=0 speed=0
[xhci]   port 14: PORTSC=0x000002a0 CCS=0 PED=0 speed=0
[xhci] port 1 connected: PORTSC=0x00001203 PED=1 speed=4
[xhci] port 1 EnableSlot -> slot 1
[xhci] port 1 AddressDevice OK (slot 1)
[xhci] slot1: vid=0x203a pid=0xfffc class=0x00/0x00/0x00
[xhci] slot1 iface0: class=0x03 sub=0x00 proto=0x02 numEP=1
[xhci] HID iface: proto=2 subclass=0 -> mouse (hid_idx=1)
[xhci] slot1 iface1: class=0x03 sub=0x00 proto=0x02 numEP=1
[xhci] HID iface: proto=2 subclass=0 -> mouse (hid_idx=3)
[xhci] port 2 connected: PORTSC=0x00001203 PED=1 speed=4
[xhci] port 2 EnableSlot -> slot 2
[xhci] port 2 AddressDevice OK (slot 2)
[xhci] slot2: vid=0x203a pid=0xfffb class=0x00/0x00/0x00
[xhci] slot2 iface0: class=0x03 sub=0x01 proto=0x01 numEP=1
[xhci] HID iface: proto=1 subclass=1 -> keyboard (hid_idx=0)
[xhci] slot2 iface1: class=0x03 sub=0x00 proto=0x00 numEP=1
[xhci] HID iface: proto=0 subclass=0 -> NKRO (hid_idx=2)
[xhci] port 3 connected: PORTSC=0x00001203 PED=1 speed=4
[xhci] port 3 EnableSlot -> slot 3
[xhci] port 3 AddressDevice OK (slot 3)
[xhci] slot3: vid=0x203a pid=0xfff9 class=0xef/0x02/0x01
[xhci] slot3 iface0: class=0x0e sub=0x01 proto=0x00 numEP=0
[xhci] slot3 iface1: class=0x0e sub=0x02 proto=0x00 numEP=1
[xhci] start_hid_polling: kbd=slot2/dci3 nkro=dci5 mouse=slot1/dci3 mouse2=dci5
[xhci] Initialized: 32 slots, MSI irq=55
[drivers] XHCI USB controller initialized
[ahci] Platform AHCI at phys 0x2140000, virt 0xffff000002140000
[ahci] HBA version 1.256, 6 ports, 32 cmd slots, PI=0x0000003f
[ahci] Port 0: Sata, 131072 sectors (64 MB)
[ahci] Port 1: Sata, 524288 sectors (256 MB)
[ahci] IRQ probe: using port 0 dma_index 0
[ahci] IRQ probe: ISPENDR before=[0x00800000, 0x00000000, 0x00000000] after=[0x00800004, 0x00000000, 0x00000000]
[ahci] IRQ probe: PORT_IS=0x00000001 (should have D2H bit set)
[ahci] Platform IRQ probe: discovered SPI 34
[ahci] Platform IRQ enabled: SPI 34 (wired, level-triggered, CPU0)
[drivers] AHCI initialized (platform MMIO): 2 SATA device(s)
[drivers] Driver subsystem initialized (PCI)
[boot] Found 7 devices
[boot] Initializing network stack...
[net] Initializing network stack...
[net] Using VirtIO net PCI driver (Parallels)
[net] MAC address: 00:1c:42:5d:c5:6b
NET: IP address: 10.211.55.100
NET: Gateway: 10.211.55.1
Network stack initialized
NET: Sending ARP request for gateway 10.211.55.1
ARP request sent successfully
[virtio-net-pci] RX diag: used_idx=2 last_used=1 avail_idx=8 isr=0x0 msi_count=0
[virtio-net-pci] RX diag: used_idx=2 last_used=2 avail_idx=12 isr=0x0 msi_count=0
NET: ARP resolved gateway MAC: 00:1c:42:00:00:18
NET: Sending ICMP echo request to gateway 10.211.55.1
[net] ICMP echo reply received from 10.211.55.1 seq=1
NET: Network initialization complete
[virtio-net-pci] MSI-X SPI 54 enabled (post-init)
[boot] Initializing filesystem...
[ext2] No VirtIO block device, trying AHCI...
[ext2] AHCI device 0: 131072 sectors (64 MB)
[ext2] AHCI device 0: not ext2 (magic=0x0064)
[ext2] AHCI device 1: 524288 sectors (256 MB)
[ext2] Found ext2 superblock on AHCI device 1
[boot] ext2 root filesystem mounted
[boot] No home filesystem: No home block device available (expected at device index 3 or 1) (continuing)
[boot] devfs initialized at /dev
[boot] devptsfs initialized at /dev/pts
[boot] CPU detected: ARM Unknown
[boot] procfs initialized at /proc
[boot] TTY subsystem initialized
[boot] Initializing graphics...
[boot] VirGL active — skipping GOP framebuffer init (2D resource already set up in gpu_pci::init)
[boot] FB_INFO_CACHE populated for VirGL display (1280x960)
[boot] USB HID input active via XHCI (polled from timer)
[boot] Initializing per-CPU data...
[boot] Per-CPU data initialized
[boot] Initializing process manager...
[boot] Process manager initialized
[boot] Initializing scheduler...
[boot] Scheduler initialized
[boot] Workqueue subsystem initialized
[boot] Softirq subsystem initialized
[boot] Render thread skipped — VirGL owns the display
[boot] Tracing subsystem initialized and enabled
[boot] Pre-loading /sbin/init from ext2 (before timer)...
[boot] Init binary pre-loaded: 296824 bytes
[boot] Initializing timer interrupt...
[timer] Timer configured for ~1000 Hz (24000 ticks per interrupt)
[timer] Using virtual timer (PPI 27)
[boot] Timer interrupt initialized
[smp] CPU 0 MPIDR=0x80000000, stack_base=0x43000000
[smp] GICR covers 8 redistributors, probing CPUs 1..8
[smp] Probing secondary CPUs via PSCI...
[sm1@p1A]B CDCEPeFUG 1:1 PSCI CPU_ON success
[gic2@1]AB CIDEeFGCC_2CTLR_EL1: 0x40400 -> 0x40402 (EOImode=1)
[smp] CPU 2: PSCI CPU_ON success
[T1gic] ICC_3C@1ATBCLDREe_FGEL31: 0x40400 -> 0x40402 (EOImode=1)
[gic] ICC_CTLR_EL1: 0x40400 -> 0x40402 (EOImode=1)
[smp] CPU 3: PSCI CPU_ON success
[s4m@p1A]BC DECePFGU 44: PSCI CPU_ON success
[g5i@c1AB]CD EIeCFGC_CTLR_EL1: 0x40400 -> 0x404025 (EOImode=1)
[gic] ICC_CTLR_EL1: 0x40400 -> 0x40402 (EOImode=1)
[smp] CPU 5: PSCI CPU_ON success
T2[s6m@1pAB]CD EeCFGP6U 6: PSCI CPU_ON success
[gic]7@ 1IACBCCD_EeCFTGLR7_EL1: 0x40400 -> 0x40402 (EOImode=1)
[gic] ICC_CTLR_EL1: 0x40400 -> 0x40402 (EOImode=1)
[smp] CPU 7: PSCI CPU_ON success
[smp] 8 CPUs online

========================================
  Breenix ARM64 Boot Complete!
========================================
T3
Hello from ARM64!

[boot] Launching init from pre-loaded ELF...
manager.create_process_with_argv [ARM64]: ENTRY - name='init', elf_size=296824, argc=1
manager.create_process_with_argv [ARM64]: Generated PID 1
manager.create_process_with_argv [ARM64]: Creating ProcessPageTable
manager.create_process_with_argv [ARM64]: Loading ELF into page table
manager.create_process_with_argv [ARM64]: ELF loaded, entry=0x4000f1f0
manager.create_process_with_argv [ARM64]: Allocating user stack
manager.create_process_with_argv [ARM64]: User stack will be at 0xfffffeff0000-0xffffff000000
manager.create_process_with_argv [ARM64]: argc/argv set up on stack, SP=0xfffffefffed0
manager.create_process_with_argv [ARM64]: SUCCESS - returning PID 1
[boot] Reset 8 idle thread contexts (CPUs online: 8)
T4T5EL0_SYSCALL: First syscall from userspace (SPSR confirms EL0)
[ OK ] syscall path verified
[init] Breenix init starting (PID 1)
T6T7T8[spawn] path='/bin/heartbeat'
T9manager.create_process_with_argv [ARM64]: ENTRY - name='heartbeat', elf_size=290168, argc=1
manager.create_process_with_argv [ARM64]: Generated PID 2
manager.create_process_with_argv [ARM64]: Creating ProcessPageTable
manager.create_process_with_argv [ARM64]: Loading ELF into page table
manager.create_process_with_argv [ARM64]: ELF loaded, entry=0x4000edac
manager.create_process_with_argv [ARM64]: Allocating user stack
manager.create_process_with_argv [ARM64]: User stack will be at 0xfffffeff0000-0xffffff000000
manager.create_process_with_argv [ARM64]: argc/argv set up on stack, SP=0xfffffefffed0
manager.create_process_with_argv [ARM64]: SUCCESS - returning PID 2
[spawn] Created child PID 2 for parent PID 1
T0[spawn] Success: child PID 2 scheduled
[heartbeat] tid=12 uptime_ms=1278
[spawn] path='/bin/bwm'
manager.create_process_with_argv [ARM64]: ENTRY - name='bwm', elf_size=433320, argc=1
manager.create_process_with_argv [ARM64]: Generated PID 3
manager.create_process_with_argv [ARM64]: Creating ProcessPageTable
manager.create_process_with_argv [ARM64]: Loading ELF into page table
manager.create_process_with_argv [ARM64]: ELF loaded, entry=0x400190b8
manager.create_process_with_argv [ARM64]: Allocating user stack
manager.create_process_with_argv [ARM64]: User stack will be at 0xfffffeff0000-0xffffff000000
manager.create_process_with_argv [ARM64]: argc/argv set up on stack, SP=0xfffffefffee0
manager.create_process_with_argv [ARM64]: SUCCESS - returning PID 3
[spawn] Created child PID 3 for parent PID 1
[spawn] Success: child PID 3 scheduled
[bwm] Breenix Window Manager starting... (v2-chromeless-skip)
[virgl-composite] Frame #0: 1x1 → 1280x960 display (first1k: 1 nonzero, first=0xff000000)
[bwm] GPU compositing mode (VirGL), display: 1280x960
[compositor] Mapped compositor buffer into process: virt=0x7ffffdb4e000, 1280x960, 1200 pages (backend=VirGL)
[bwm] Direct compositor mapping: 1280x960 at 0x7ffffdb4e000
[bwm] using bitmap font fallback for early boot
[bwm] hotkeys: using built-in defaults for early boot
[virgl-composite] Frame #1: 1280x960 → 1280x960 display (first1k: 1000 nonzero, first=0x00121832)
[virgl-composite] Frame #2: 1280x960 → 1280x960 display (first1k: 1000 nonzero, first=0x00121832)
[spawn] path='/sbin/telnetd'
manager.create_process_with_argv [ARM64]: ENTRY - name='telnetd', elf_size=298672, argc=1
manager.create_process_with_argv [ARM64]: Generated PID 4
manager.create_process_with_argv [ARM64]: Creating ProcessPageTable
manager.create_process_with_argv [ARM64]: Loading ELF into page table
manager.create_process_with_argv [ARM64]: ELF loaded, entry=0x4000fdd0
manager.create_process_with_argv [ARM64]: Allocating user stack
manager.create_process_with_argv [ARM64]: User stack will be at 0xfffffeff0000-0xffffff000000
manager.create_process_with_argv [ARM64]: argc/argv set up on stack, SP=0xfffffefffed0
manager.create_process_with_argv [ARM64]: SUCCESS - returning PID 4
[spawn] Created child PID 4 for parent PID 1
[spawn] Success: child PID 4 scheduled
TELNETD_STARTING
TELNETD_LISTENING
[init] Boot script completed
[spawn] path='/bin/bsshd'
manager.create_process_with_argv [ARM64]: ENTRY - name='bsshd', elf_size=441064, argc=1
manager.create_process_with_argv [ARM64]: Generated PID 5
manager.create_process_with_argv [ARM64]: Creating ProcessPageTable
manager.create_process_with_argv [ARM64]: Loading ELF into page table
manager.create_process_with_argv [ARM64]: ELF loaded, entry=0x4001c39c
manager.create_process_with_argv [ARM64]: Allocating user stack
manager.create_process_with_argv [ARM64]: User stack will be at 0xfffffeff0000-0xffffff000000
manager.create_process_with_argv [ARM64]: argc/argv set up on stack, SP=0xfffffefffed0
manager.create_process_with_argv [ARM64]: SUCCESS - returning PID 5
[spawn] Created child PID 5 for parent PID 1
[spawn] Success: child PID 5 scheduled
bsshd: starting on port 2222
bsshd: listening on 0.0.0.0:2222
[init] bsshd started (PID 5)
[spawn] path='/bin/bounce'
manager.create_process_with_argv [ARM64]: ENTRY - name='bounce', elf_size=388128, argc=1
manager.create_process_with_argv [ARM64]: Generated PID 6
manager.create_process_with_argv [ARM64]: Creating ProcessPageTable
manager.create_process_with_argv [ARM64]: Loading ELF into page table
manager.create_process_with_argv [ARM64]: ELF loaded, entry=0x400188f4
manager.create_process_with_argv [ARM64]: Allocating user stack
manager.create_process_with_argv [ARM64]: User stack will be at 0xfffffeff0000-0xffffff000000
manager.create_process_with_argv [ARM64]: argc/argv set up on stack, SP=0xfffffefffed0
manager.create_process_with_argv [ARM64]: SUCCESS - returning PID 6
[spawn] Created child PID 6 for parent PID 1
[spawn] Success: child PID 6 scheduled
Bounce spheres demo starting (for Gus!) [boot_id=0000000067db5f30]
[window] create_window_buffer: 400x300 (480000 bytes, 118 pages)
[window] Created buffer id=1 for pid=6: 400x300 at virt=0x7ffffdf86000 phys=0x44173000
[[init] bounce started (PID 6)
bounce] Window mode: id=1 400x300 [boot_id=0000000067db5f30]
[bwm] Discovered window 'Bounce' (id=1, 400x300) at (30,38)
[compositor] Mapped window 1 into BWM: virt=0x7ffffdad4000, 400x300, 118 pages
[freeze-watch] uptime_ms=1756 submits=77 completes=80 fails=0 last_completion_ms=1755 fps_last_5s=10 cpu=3 tid=3 ctx_switches=2254 timer_ticks_cpu0=282 timer_ticks_cpu1=365 timer_ticks_cpu2=371 timer_ticks_cpu3=376 timer_ticks_cpu4=371 timer_ticks_cpu5=373 timer_ticks_cpu6=372 timer_ticks_cpu7=377 rq_total=0 rq_cpu0=0 rq_cpu1=0 rq_cpu2=0 rq_cpu3=0 rq_cpu4=0 rq_cpu5=0 rq_cpu6=0 rq_cpu7=0 cur_cpu0=0 cur_cpu1=13 cur_cpu2=5 cur_cpu3=3 cur_cpu4=7 cur_cpu5=8 cur_cpu6=9 cur_cpu7=10 total_threads=16 blocked_threads=6 sched_lock=ok procmgr_lock=ok gpu_pci_lock=ok
[freeze-watch] uptime_ms=2258 submits=275 completes=278 fails=0 last_completion_ms=2256 fps_last_5s=131 cpu=2 tid=0 ctx_switches=2706 timer_ticks_cpu0=656 timer_ticks_cpu1=757 timer_ticks_cpu2=747 timer_ticks_cpu3=751 timer_ticks_cpu4=740 timer_ticks_cpu5=743 timer_ticks_cpu6=745 timer_ticks_cpu7=748 rq_total=0 rq_cpu0=0 rq_cpu1=0 rq_cpu2=0 rq_cpu3=0 rq_cpu4=0 rq_cpu5=0 rq_cpu6=0 rq_cpu7=0 cur_cpu0=0 cur_cpu1=0 cur_cpu2=0 cur_cpu3=0 cur_cpu4=0 cur_cpu5=0 cur_cpu6=0 cur_cpu7=0 total_threads=0 blocked_threads=0 sched_lock=busy procmgr_lock=ok gpu_pci_lock=ok
[heartbeat] tid=12 uptime_ms=2279
[bwm-fps] frames_since_last=99 elapsed_ms=1000 instantaneous_fps=99
[freeze-watch] uptime_ms=2761 submits=527 completes=530 fails=0 last_completion_ms=2761 fps_last_5s=166 cpu=1 tid=3 ctx_switches=3300 timer_ticks_cpu0=1033 timer_ticks_cpu1=1130 timer_ticks_cpu2=1119 timer_ticks_cpu3=1124 timer_ticks_cpu4=1118 timer_ticks_cpu5=1115 timer_ticks_cpu6=1120 timer_ticks_cpu7=1126 rq_total=1 rq_cpu0=1 rq_cpu1=0 rq_cpu2=0 rq_cpu3=0 rq_cpu4=0 rq_cpu5=0 rq_cpu6=0 rq_cpu7=0 cur_cpu0=0 cur_cpu1=3 cur_cpu2=5 cur_cpu3=6 cur_cpu4=7 cur_cpu5=8 cur_cpu6=9 cur_cpu7=10 total_threads=16 blocked_threads=5 sched_lock=ok procmgr_lock=ok gpu_pci_lock=ok
[freeze-watch] uptime_ms=3263 submits=715 completes=717 fails=0 last_completion_ms=3243 fps_last_5s=123 cpu=3 tid=3 ctx_switches=3751 timer_ticks_cpu0=1406 timer_ticks_cpu1=1518 timer_ticks_cpu2=1511 timer_ticks_cpu3=1497 timer_ticks_cpu4=1488 timer_ticks_cpu5=1490 timer_ticks_cpu6=1496 timer_ticks_cpu7=1496 rq_total=0 rq_cpu0=0 rq_cpu1=0 rq_cpu2=0 rq_cpu3=0 rq_cpu4=0 rq_cpu5=0 rq_cpu6=0 rq_cpu7=0 cur_cpu0=0 cur_cpu1=13 cur_cpu2=5 cur_cpu3=3 cur_cpu4=7 cur_cpu5=8 cur_cpu6=9 cur_cpu7=10 total_threads=16 blocked_threads=6 sched_lock=ok procmgr_lock=ok gpu_pci_lock=busy
[heartbeat] tid=12 uptime_ms=3279
[bwm-fps] frames_since_last=137 elapsed_ms=1015 instantaneous_fps=134
[freeze-watch] uptime_ms=3765 submits=906 completes=908 fails=0 last_completion_ms=3759 fps_last_5s=127 cpu=3 tid=3 ctx_switches=4196 timer_ticks_cpu0=1785 timer_ticks_cpu1=1895 timer_ticks_cpu2=1886 timer_ticks_cpu3=1872 timer_ticks_cpu4=1853 timer_ticks_cpu5=1857 timer_ticks_cpu6=1869 timer_ticks_cpu7=1866 rq_total=0 rq_cpu0=0 rq_cpu1=0 rq_cpu2=0 rq_cpu3=0 rq_cpu4=0 rq_cpu5=0 rq_cpu6=0 rq_cpu7=0 cur_cpu0=13 cur_cpu1=4 cur_cpu2=5 cur_cpu3=3 cur_cpu4=7 cur_cpu5=8 cur_cpu6=9 cur_cpu7=10 total_threads=16 blocked_threads=6 sched_lock=ok procmgr_lock=ok gpu_pci_lock=busy
[freeze-watch] uptime_ms=4268 submits=1100 completes=1103 fails=0 last_completion_ms=4264 fps_last_5s=129 cpu=5 tid=3 ctx_switches=4704 timer_ticks_cpu0=2170 timer_ticks_cpu1=2289 timer_ticks_cpu2=2257 timer_ticks_cpu3=2237 timer_ticks_cpu4=2222 timer_ticks_cpu5=2226 timer_ticks_cpu6=2244 timer_ticks_cpu7=2237 rq_total=0 rq_cpu0=0 rq_cpu1=0 rq_cpu2=0 rq_cpu3=0 rq_cpu4=0 rq_cpu5=0 rq_cpu6=0 rq_cpu7=0 cur_cpu0=0 cur_cpu1=4 cur_cpu2=5 cur_cpu3=13 cur_cpu4=7 cur_cpu5=3 cur_cpu6=9 cur_cpu7=10 total_threads=16 blocked_threads=6 sched_lock=ok procmgr_lock=ok gpu_pci_lock=ok
[heartbeat] tid=12 uptime_ms=4279
[bwm-fps] frames_since_last=129 elapsed_ms=1028 instantaneous_fps=125
[freeze-watch] uptime_ms=4770 submits=1292 completes=1295 fails=0 last_completion_ms=4769 fps_last_5s=127 cpu=1 tid=3 ctx_switches=5163 timer_ticks_cpu0=2571 timer_ticks_cpu1=2663 timer_ticks_cpu2=2623 timer_ticks_cpu3=2604 timer_ticks_cpu4=2588 timer_ticks_cpu5=2598 timer_ticks_cpu6=2616 timer_ticks_cpu7=2613 rq_total=0 rq_cpu0=0 rq_cpu1=0 rq_cpu2=0 rq_cpu3=0 rq_cpu4=0 rq_cpu5=0 rq_cpu6=0 rq_cpu7=0 cur_cpu0=0 cur_cpu1=3 cur_cpu2=5 cur_cpu3=6 cur_cpu4=7 cur_cpu5=8 cur_cpu6=9 cur_cpu7=10 total_threads=16 blocked_threads=6 sched_lock=ok procmgr_lock=ok gpu_pci_lock=ok
[freeze-watch] uptime_ms=5272 submits=1535 completes=1538 fails=0 last_completion_ms=5271 fps_last_5s=161 cpu=5 tid=3 ctx_switches=5736 timer_ticks_cpu0=2936 timer_ticks_cpu1=3053 timer_ticks_cpu2=2996 timer_ticks_cpu3=2975 timer_ticks_cpu4=2963 timer_ticks_cpu5=2978 timer_ticks_cpu6=2989 timer_ticks_cpu7=2987 rq_total=0 rq_cpu0=0 rq_cpu1=0 rq_cpu2=0 rq_cpu3=0 rq_cpu4=0 rq_cpu5=0 rq_cpu6=0 rq_cpu7=0 cur_cpu0=0 cur_cpu1=4 cur_cpu2=5 cur_cpu3=6 cur_cpu4=13 cur_cpu5=3 cur_cpu6=9 cur_cpu7=10 total_threads=16 blocked_threads=6 sched_lock=ok procmgr_lock=ok gpu_pci_lock=ok
[heartbeat] tid=12 uptime_ms=5280
[virgl-composite] Frame #500: 1280x960 → 1280x960 display (first1k: 1000 nonzero, first=0x0014161e)
[bwm-fps] frames_since_last=151 elapsed_ms=1007 instantaneous_fps=149
[freeze-watch] uptime_ms=5777 submits=1736 completes=1739 fails=0 last_completion_ms=5777 fps_last_5s=132 cpu=0 tid=0 ctx_switches=6218 timer_ticks_cpu0=3315 timer_ticks_cpu1=3449 timer_ticks_cpu2=3382 timer_ticks_cpu3=3351 timer_ticks_cpu4=3339 timer_ticks_cpu5=3350 timer_ticks_cpu6=3363 timer_ticks_cpu7=3359 rq_total=0 rq_cpu0=0 rq_cpu1=0 rq_cpu2=0 rq_cpu3=0 rq_cpu4=0 rq_cpu5=0 rq_cpu6=0 rq_cpu7=0 cur_cpu0=0 cur_cpu1=0 cur_cpu2=0 cur_cpu3=0 cur_cpu4=0 cur_cpu5=0 cur_cpu6=0 cur_cpu7=0 total_threads=0 blocked_threads=0 sched_lock=busy procmgr_lock=ok gpu_pci_lock=ok
[freeze-watch] uptime_ms=6280 submits=1964 completes=1967 fails=0 last_completion_ms=6276 fps_last_5s=151 cpu=1 tid=3 ctx_switches=6779 timer_ticks_cpu0=3691 timer_ticks_cpu1=3830 timer_ticks_cpu2=3770 timer_ticks_cpu3=3728 timer_ticks_cpu4=3716 timer_ticks_cpu5=3724 timer_ticks_cpu6=3750 timer_ticks_cpu7=3739 rq_total=1 rq_cpu0=1 rq_cpu1=0 rq_cpu2=0 rq_cpu3=0 rq_cpu4=0 rq_cpu5=0 rq_cpu6=0 rq_cpu7=0 cur_cpu0=0 cur_cpu1=3 cur_cpu2=5 cur_cpu3=6 cur_cpu4=7 cur_cpu5=13 cur_cpu6=9 cur_cpu7=10 total_threads=16 blocked_threads=5 sched_lock=ok procmgr_lock=ok gpu_pci_lock=ok
[heartbeat] tid=12 uptime_ms=6280
[bwm-fps] frames_since_last=149 elapsed_ms=1000 instantaneous_fps=149
[freeze-watch] uptime_ms=6784 submits=2183 completes=2186 fails=0 last_completion_ms=6782 fps_last_5s=144 cpu=2 tid=3 ctx_switches=7297 timer_ticks_cpu0=4074 timer_ticks_cpu1=4212 timer_ticks_cpu2=4144 timer_ticks_cpu3=4113 timer_ticks_cpu4=4091 timer_ticks_cpu5=4098 timer_ticks_cpu6=4126 timer_ticks_cpu7=4113 rq_total=0 rq_cpu0=0 rq_cpu1=0 rq_cpu2=0 rq_cpu3=0 rq_cpu4=0 rq_cpu5=0 rq_cpu6=0 rq_cpu7=0 cur_cpu0=13 cur_cpu1=4 cur_cpu2=3 cur_cpu3=6 cur_cpu4=7 cur_cpu5=8 cur_cpu6=9 cur_cpu7=10 total_threads=16 blocked_threads=6 sched_lock=ok procmgr_lock=ok gpu_pci_lock=ok
[heartbeat] tid=12 uptime_ms=7286
[freeze-watch] uptime_ms=7287 submits=2423 completes=2425 fails=0 last_completion_ms=7286 fps_last_5s=157 cpu=4 tid=3 ctx_switches=7872 timer_ticks_cpu0=4458 timer_ticks_cpu1=4593 timer_ticks_cpu2=4516 timer_ticks_cpu3=4484 timer_ticks_cpu4=4463 timer_ticks_cpu5=4472 timer_ticks_cpu6=4499 timer_ticks_cpu7=4494 rq_total=0 rq_cpu0=0 rq_cpu1=0 rq_cpu2=0 rq_cpu3=0 rq_cpu4=0 rq_cpu5=0 rq_cpu6=0 rq_cpu7=0 cur_cpu0=0 cur_cpu1=4 cur_cpu2=13 cur_cpu3=12 cur_cpu4=3 cur_cpu5=8 cur_cpu6=9 cur_cpu7=10 total_threads=16 blocked_threads=6 sched_lock=ok procmgr_lock=ok gpu_pci_lock=busy
[bwm-fps] frames_since_last=140 elapsed_ms=1013 instantaneous_fps=138
[freeze-watch] uptime_ms=7789 submits=2642 completes=2645 fails=0 last_completion_ms=7786 fps_last_5s=147 cpu=5 tid=3 ctx_switches=8438 timer_ticks_cpu0=4848 timer_ticks_cpu1=4967 timer_ticks_cpu2=4888 timer_ticks_cpu3=4857 timer_ticks_cpu4=4832 timer_ticks_cpu5=4845 timer_ticks_cpu6=4877 timer_ticks_cpu7=4870 rq_total=0 rq_cpu0=0 rq_cpu1=0 rq_cpu2=0 rq_cpu3=0 rq_cpu4=0 rq_cpu5=0 rq_cpu6=0 rq_cpu7=0 cur_cpu0=0 cur_cpu1=4 cur_cpu2=13 cur_cpu3=6 cur_cpu4=7 cur_cpu5=3 cur_cpu6=9 cur_cpu7=10 total_threads=16 blocked_threads=6 sched_lock=ok procmgr_lock=ok gpu_pci_lock=ok
[timer] cpu0 ticks=5000
[heartbeat] tid=12 uptime_ms=8286
[freeze-watch] uptime_ms=8292 submits=2882 completes=2885 fails=0 last_completion_ms=8292 fps_last_5s=159 cpu=0 tid=0 ctx_switches=8992 timer_ticks_cpu0=5229 timer_ticks_cpu1=5342 timer_ticks_cpu2=5274 timer_ticks_cpu3=5229 timer_ticks_cpu4=5203 timer_ticks_cpu5=5217 timer_ticks_cpu6=5252 timer_ticks_cpu7=5249 rq_total=0 rq_cpu0=0 rq_cpu1=0 rq_cpu2=0 rq_cpu3=0 rq_cpu4=0 rq_cpu5=0 rq_cpu6=0 rq_cpu7=0 cur_cpu0=0 cur_cpu1=0 cur_cpu2=0 cur_cpu3=0 cur_cpu4=0 cur_cpu5=0 cur_cpu6=0 cur_cpu7=0 total_threads=0 blocked_threads=0 sched_lock=busy procmgr_lock=ok gpu_pci_lock=ok
[bwm-fps] frames_since_last=166 elapsed_ms=1000 instantaneous_fps=166
[virgl-composite] Frame #1000: 1280x960 → 1280x960 display (first1k: 1000 nonzero, first=0x0014161e)
[freeze-watch] uptime_ms=8798 submits=3120 completes=3122 fails=0 last_completion_ms=8793 fps_last_5s=156 cpu=5 tid=3 ctx_switches=9551 timer_ticks_cpu0=5604 timer_ticks_cpu1=5724 timer_ticks_cpu2=5641 timer_ticks_cpu3=5611 timer_ticks_cpu4=5579 timer_ticks_cpu5=5590 timer_ticks_cpu6=5631 timer_ticks_cpu7=5624 rq_total=0 rq_cpu0=0 rq_cpu1=0 rq_cpu2=0 rq_cpu3=0 rq_cpu4=0 rq_cpu5=0 rq_cpu6=0 rq_cpu7=0 cur_cpu0=0 cur_cpu1=4 cur_cpu2=13 cur_cpu3=6 cur_cpu4=7 cur_cpu5=3 cur_cpu6=9 cur_cpu7=10 total_threads=16 blocked_threads=6 sched_lock=ok procmgr_lock=ok gpu_pci_lock=busy
[heartbeat] tid=12 uptime_ms=9286
[freeze-watch] uptime_ms=9302 submits=3332 completes=3335 fails=0 last_completion_ms=9302 fps_last_5s=140 cpu=0 tid=3 ctx_switches=10047 timer_ticks_cpu0=6006 timer_ticks_cpu1=6098 timer_ticks_cpu2=6018 timer_ticks_cpu3=5984 timer_ticks_cpu4=5948 timer_ticks_cpu5=5958 timer_ticks_cpu6=6005 timer_ticks_cpu7=5997 rq_total=0 rq_cpu0=0 rq_cpu1=0 rq_cpu2=0 rq_cpu3=0 rq_cpu4=0 rq_cpu5=0 rq_cpu6=0 rq_cpu7=0 cur_cpu0=3 cur_cpu1=4 cur_cpu2=13 cur_cpu3=16 cur_cpu4=7 cur_cpu5=8 cur_cpu6=9 cur_cpu7=10 total_threads=16 blocked_threads=6 sched_lock=ok procmgr_lock=ok gpu_pci_lock=ok
[bwm-fps] frames_since_last=151 elapsed_ms=1006 instantaneous_fps=150
[freeze-watch] uptime_ms=9805 submits=3571 completes=3573 fails=0 last_completion_ms=9771 fps_last_5s=157 cpu=0 tid=3 ctx_switches=10607 timer_ticks_cpu0=6391 timer_ticks_cpu1=6477 timer_ticks_cpu2=6389 timer_ticks_cpu3=6359 timer_ticks_cpu4=6320 timer_ticks_cpu5=6334 timer_ticks_cpu6=6382 timer_ticks_cpu7=6374 rq_total=0 rq_cpu0=0 rq_cpu1=0 rq_cpu2=0 rq_cpu3=0 rq_cpu4=0 rq_cpu5=0 rq_cpu6=0 rq_cpu7=0 cur_cpu0=3 cur_cpu1=13 cur_cpu2=5 cur_cpu3=6 cur_cpu4=7 cur_cpu5=8 cur_cpu6=9 cur_cpu7=10 total_threads=16 blocked_threads=6 sched_lock=ok procmgr_lock=ok gpu_pci_lock=busy
[heartbeat] tid=12 uptime_ms=10286
[freeze-watch] uptime_ms=10307 submits=3782 completes=3785 fails=0 last_completion_ms=10306 fps_last_5s=141 cpu=3 tid=3 ctx_switches=11119 timer_ticks_cpu0=6762 timer_ticks_cpu1=6867 timer_ticks_cpu2=6767 timer_ticks_cpu3=6727 timer_ticks_cpu4=6686 timer_ticks_cpu5=6703 timer_ticks_cpu6=6754 timer_ticks_cpu7=6744 rq_total=0 rq_cpu0=0 rq_cpu1=0 rq_cpu2=0 rq_cpu3=0 rq_cpu4=0 rq_cpu5=0 rq_cpu6=0 rq_cpu7=0 cur_cpu0=0 cur_cpu1=4 cur_cpu2=5 cur_cpu3=3 cur_cpu4=7 cur_cpu5=8 cur_cpu6=9 cur_cpu7=10 total_threads=16 blocked_threads=6 sched_lock=ok procmgr_lock=ok gpu_pci_lock=ok
[bwm-fps] frames_since_last=140 elapsed_ms=1021 instantaneous_fps=137
[heartbeat] tid=12 uptime_ms=11287
[bwm-fps] frames_since_last=157 elapsed_ms=1004 instantaneous_fps=156
[virgl-composite] Frame #1500: 1280x960 → 1280x960 display (first1k: 1000 nonzero, first=0x0014161e)
[heartbeat] tid=12 uptime_ms=12287
[bwm-fps] frames_since_last=162 elapsed_ms=1004 instantaneous_fps=161
[heartbeat] tid=12 uptime_ms=13287
[bwm-fps] frames_since_last=139 elapsed_ms=1003 instantaneous_fps=138
[heartbeat] tid=12 uptime_ms=14288
[bwm-fps] frames_since_last=147 elapsed_ms=1006 instantaneous_fps=146
[timer] cpu0 ticks=10000
[heartbeat] tid=12 uptime_ms=15288
[freeze-watch] uptime_ms=15310 submits=6052 completes=6054 fails=0 last_completion_ms=15310 fps_last_5s=151 cpu=2 tid=0 ctx_switches=16430 timer_ticks_cpu0=10543 timer_ticks_cpu1=10635 timer_ticks_cpu2=10493 timer_ticks_cpu3=10475 timer_ticks_cpu4=10374 timer_ticks_cpu5=10408 timer_ticks_cpu6=10481 timer_ticks_cpu7=10464 rq_total=0 rq_cpu0=0 rq_cpu1=0 rq_cpu2=0 rq_cpu3=0 rq_cpu4=0 rq_cpu5=0 rq_cpu6=0 rq_cpu7=0 cur_cpu0=0 cur_cpu1=0 cur_cpu2=0 cur_cpu3=0 cur_cpu4=0 cur_cpu5=0 cur_cpu6=0 cur_cpu7=0 total_threads=0 blocked_threads=0 sched_lock=busy procmgr_lock=ok gpu_pci_lock=busy
[virgl-composite] Frame #2000: 1280x960 → 1280x960 display (first1k: 1000 nonzero, first=0x0014161e)
[bwm-fps] frames_since_last=153 elapsed_ms=1007 instantaneous_fps=151
[heartbeat] tid=12 uptime_ms=16288
[bwm-fps] frames_since_last=156 elapsed_ms=1018 instantaneous_fps=153
[heartbeat] tid=12 uptime_ms=17289
[bwm-fps] frames_since_last=147 elapsed_ms=1026 instantaneous_fps=143
[heartbeat] tid=12 uptime_ms=18289
[bwm-fps] frames_since_last=144 elapsed_ms=1000 instantaneous_fps=144
[virgl-composite] Frame #2500: 1280x960 → 1280x960 display (first1k: 1000 nonzero, first=0x0014161e)
[heartbeat] tid=12 uptime_ms=19290
[bwm-fps] frames_since_last=142 elapsed_ms=1003 instantaneous_fps=141
[heartbeat] tid=12 uptime_ms=20290
[freeze-watch] uptime_ms=20313 submits=8188 completes=8190 fails=0 last_completion_ms=20278 fps_last_5s=142 cpu=5 tid=3 ctx_switches=21456 timer_ticks_cpu0=14374 timer_ticks_cpu1=14467 timer_ticks_cpu2=14238 timer_ticks_cpu3=14203 timer_ticks_cpu4=14089 timer_ticks_cpu5=14133 timer_ticks_cpu6=14219 timer_ticks_cpu7=14215 rq_total=0 rq_cpu0=0 rq_cpu1=0 rq_cpu2=0 rq_cpu3=0 rq_cpu4=0 rq_cpu5=0 rq_cpu6=0 rq_cpu7=0 cur_cpu0=0 cur_cpu1=4 cur_cpu2=5 cur_cpu3=13 cur_cpu4=7 cur_cpu5=3 cur_cpu6=9 cur_cpu7=10 total_threads=16 blocked_threads=6 sched_lock=ok procmgr_lock=ok gpu_pci_lock=busy
[bwm-fps] frames_since_last=131 elapsed_ms=1004 instantaneous_fps=130
[timer] cpu0 ticks=15000
[heartbeat] tid=12 uptime_ms=21292
[bwm-fps] frames_since_last=143 elapsed_ms=1019 instantaneous_fps=140
[heartbeat] tid=12 uptime_ms=22293
[virgl-composite] Frame #3000: 1280x960 → 1280x960 display (first1k: 1000 nonzero, first=0x0014161e)
[bwm-fps] frames_since_last=159 elapsed_ms=1003 instantaneous_fps=158
[heartbeat] tid=12 uptime_ms=23293
[bwm-fps] frames_since_last=142 elapsed_ms=1018 instantaneous_fps=139
[heartbeat] tid=12 uptime_ms=24294
[bwm-fps] frames_since_last=158 elapsed_ms=1004 instantaneous_fps=157
[heartbeat] tid=12 uptime_ms=25294
[freeze-watch] uptime_ms=25315 submits=10430 completes=10433 fails=0 last_completion_ms=25312 fps_last_5s=149 cpu=4 tid=3 ctx_switches=26703 timer_ticks_cpu0=18177 timer_ticks_cpu1=18222 timer_ticks_cpu2=18004 timer_ticks_cpu3=17916 timer_ticks_cpu4=17787 timer_ticks_cpu5=17828 timer_ticks_cpu6=17947 timer_ticks_cpu7=17935 rq_total=0 rq_cpu0=0 rq_cpu1=0 rq_cpu2=0 rq_cpu3=0 rq_cpu4=0 rq_cpu5=0 rq_cpu6=0 rq_cpu7=0 cur_cpu0=0 cur_cpu1=4 cur_cpu2=13 cur_cpu3=6 cur_cpu4=3 cur_cpu5=8 cur_cpu6=9 cur_cpu7=10 total_threads=16 blocked_threads=6 sched_lock=ok procmgr_lock=ok gpu_pci_lock=ok
[virgl-composite] Frame #3500: 1280x960 → 1280x960 display (first1k: 1000 nonzero, first=0x0014161e)
[bwm-fps] frames_since_last=164 elapsed_ms=1001 instantaneous_fps=163
[heartbeat] tid=12 uptime_ms=26296
[bwm-fps] frames_since_last=157 elapsed_ms=1001 instantaneous_fps=156
[heartbeat] tid=12 uptime_ms=27297
[bwm-fps] frames_since_last=150 elapsed_ms=1002 instantaneous_fps=149
[timer] cpu0 ticks=20000
[heartbeat] tid=12 uptime_ms=28301
[bwm-fps] frames_since_last=148 elapsed_ms=1001 instantaneous_fps=147
[virgl-composite] Frame #4000: 1280x960 → 1280x960 display (first1k: 1000 nonzero, first=0x0014161e)
[heartbeat] tid=12 uptime_ms=29301
[bwm-fps] frames_since_last=134 elapsed_ms=1002 instantaneous_fps=133
[heartbeat] tid=12 uptime_ms=30302
[freeze-watch] uptime_ms=30318 submits=12692 completes=12695 fails=0 last_completion_ms=30314 fps_last_5s=150 cpu=5 tid=0 ctx_switches=32119 timer_ticks_cpu0=21950 timer_ticks_cpu1=22012 timer_ticks_cpu2=21757 timer_ticks_cpu3=21624 timer_ticks_cpu4=21493 timer_ticks_cpu5=21549 timer_ticks_cpu6=21695 timer_ticks_cpu7=21676 rq_total=0 rq_cpu0=0 rq_cpu1=0 rq_cpu2=0 rq_cpu3=0 rq_cpu4=0 rq_cpu5=0 rq_cpu6=0 rq_cpu7=0 cur_cpu0=0 cur_cpu1=0 cur_cpu2=0 cur_cpu3=0 cur_cpu4=0 cur_cpu5=0 cur_cpu6=0 cur_cpu7=0 total_threads=0 blocked_threads=0 sched_lock=busy procmgr_lock=ok gpu_pci_lock=ok
[bwm-fps] frames_since_last=167 elapsed_ms=1029 instantaneous_fps=162
[heartbeat] tid=12 uptime_ms=31303
[bwm-fps] frames_since_last=148 elapsed_ms=1001 instantaneous_fps=147
[virgl-composite] Frame #4500: 1280x960 → 1280x960 display (first1k: 1000 nonzero, first=0x0014161e)
[heartbeat] tid=12 uptime_ms=32303
[bwm-fps] frames_since_last=155 elapsed_ms=1035 instantaneous_fps=149
[heartbeat] tid=12 uptime_ms=33304
[bwm-fps] frames_since_last=148 elapsed_ms=1006 instantaneous_fps=147
[heartbeat] tid=12 uptime_ms=34304
[timer] cpu0 ticks=25000
[bwm-fps] frames_since_last=154 elapsed_ms=1000 instantaneous_fps=154
[heartbeat] tid=12 uptime_ms=35304
[freeze-watch] uptime_ms=35321 submits=14917 completes=14919 fails=0 last_completion_ms=35301 fps_last_5s=148 cpu=2 tid=3 ctx_switches=37374 timer_ticks_cpu0=25727 timer_ticks_cpu1=25813 timer_ticks_cpu2=25505 timer_ticks_cpu3=25376 timer_ticks_cpu4=25191 timer_ticks_cpu5=25275 timer_ticks_cpu6=25422 timer_ticks_cpu7=25403 rq_total=0 rq_cpu0=0 rq_cpu1=0 rq_cpu2=0 rq_cpu3=0 rq_cpu4=0 rq_cpu5=0 rq_cpu6=0 rq_cpu7=0 cur_cpu0=0 cur_cpu1=4 cur_cpu2=3 cur_cpu3=13 cur_cpu4=7 cur_cpu5=8 cur_cpu6=9 cur_cpu7=10 total_threads=16 blocked_threads=6 sched_lock=ok procmgr_lock=ok gpu_pci_lock=busy
[virgl-composite] Frame #5000: 1280x960 → 1280x960 display (first1k: 1000 nonzero, first=0x0014161e)
[bwm-fps] frames_since_last=138 elapsed_ms=1002 instantaneous_fps=137
[heartbeat] tid=12 uptime_ms=36305
[bwm-fps] frames_since_last=169 elapsed_ms=1002 instantaneous_fps=168
[heartbeat] tid=12 uptime_ms=37305
[bwm-fps] frames_since_last=161 elapsed_ms=1001 instantaneous_fps=160
[heartbeat] tid=12 uptime_ms=38305
[bwm-fps] frames_since_last=162 elapsed_ms=1002 instantaneous_fps=161
[virgl-composite] Frame #5500: 1280x960 → 1280x960 display (first1k: 1000 nonzero, first=0x0014161e)
[heartbeat] tid=12 uptime_ms=39306
[bwm-fps] frames_since_last=136 elapsed_ms=1000 instantaneous_fps=136
[heartbeat] tid=12 uptime_ms=40306
[freeze-watch] uptime_ms=40323 submits=17251 completes=17253 fails=0 last_completion_ms=40315 fps_last_5s=155 cpu=1 tid=3 ctx_switches=42922 timer_ticks_cpu0=29526 timer_ticks_cpu1=29611 timer_ticks_cpu2=29308 timer_ticks_cpu3=29123 timer_ticks_cpu4=28919 timer_ticks_cpu5=29010 timer_ticks_cpu6=29174 timer_ticks_cpu7=29157 rq_total=0 rq_cpu0=0 rq_cpu1=0 rq_cpu2=0 rq_cpu3=0 rq_cpu4=0 rq_cpu5=0 rq_cpu6=0 rq_cpu7=0 cur_cpu0=13 cur_cpu1=3 cur_cpu2=5 cur_cpu3=6 cur_cpu4=7 cur_cpu5=8 cur_cpu6=9 cur_cpu7=10 total_threads=16 blocked_threads=6 sched_lock=ok procmgr_lock=ok gpu_pci_lock=busy
[bwm-fps] frames_since_last=146 elapsed_ms=1037 instantaneous_fps=140
[timer] cpu0 ticks=30000
[heartbeat] tid=12 uptime_ms=41306
[bwm-fps] frames_since_last=135 elapsed_ms=1004 instantaneous_fps=134
[virgl-composite] Frame #6000: 1280x960 → 1280x960 display (first1k: 1000 nonzero, first=0x0014161e)
[heartbeat] tid=12 uptime_ms=42307
[bwm-fps] frames_since_last=151 elapsed_ms=1004 instantaneous_fps=150
[heartbeat] tid=12 uptime_ms=43307
[bwm-fps] frames_since_last=139 elapsed_ms=1000 instantaneous_fps=139
[heartbeat] tid=12 uptime_ms=44308
[bwm-fps] frames_since_last=130 elapsed_ms=1000 instantaneous_fps=130
[heartbeat] tid=12 uptime_ms=45308
[freeze-watch] uptime_ms=45326 submits=19358 completes=19360 fails=0 last_completion_ms=45326 fps_last_5s=140 cpu=0 tid=3 ctx_switches=47877 timer_ticks_cpu0=33374 timer_ticks_cpu1=33437 timer_ticks_cpu2=33078 timer_ticks_cpu3=32810 timer_ticks_cpu4=32613 timer_ticks_cpu5=32717 timer_ticks_cpu6=32898 timer_ticks_cpu7=32871 rq_total=0 rq_cpu0=0 rq_cpu1=0 rq_cpu2=0 rq_cpu3=0 rq_cpu4=0 rq_cpu5=0 rq_cpu6=0 rq_cpu7=0 cur_cpu0=3 cur_cpu1=13 cur_cpu2=5 cur_cpu3=6 cur_cpu4=7 cur_cpu5=8 cur_cpu6=9 cur_cpu7=10 total_threads=16 blocked_threads=6 sched_lock=ok procmgr_lock=ok gpu_pci_lock=busy
[bwm-fps] frames_since_last=157 elapsed_ms=1000 instantaneous_fps=157
[virgl-composite] Frame #6500: 1280x960 → 1280x960 display (first1k: 1000 nonzero, first=0x0014161e)
[heartbeat] tid=12 uptime_ms=46309
[bwm-fps] frames_since_last=150 elapsed_ms=1002 instantaneous_fps=149
[heartbeat] tid=12 uptime_ms=47310
[timer] cpu0 ticks=35000
[bwm-fps] frames_since_last=144 elapsed_ms=1001 instantaneous_fps=143
[heartbeat] tid=12 uptime_ms=48311
[bwm-fps] frames_since_last=141 elapsed_ms=1004 instantaneous_fps=140
[virgl-composite] Frame #7000: 1280x960 → 1280x960 display (first1k: 1000 nonzero, first=0x0014161e)
[heartbeat] tid=12 uptime_ms=49311
[bwm-fps] frames_since_last=150 elapsed_ms=1006 instantaneous_fps=149
[heartbeat] tid=12 uptime_ms=50311
[freeze-watch] uptime_ms=50329 submits=21527 completes=21530 fails=0 last_completion_ms=50327 fps_last_5s=144 cpu=0 tid=3 ctx_switches=53010 timer_ticks_cpu0=37220 timer_ticks_cpu1=37205 timer_ticks_cpu2=36895 timer_ticks_cpu3=36543 timer_ticks_cpu4=36329 timer_ticks_cpu5=36438 timer_ticks_cpu6=36651 timer_ticks_cpu7=36598 rq_total=0 rq_cpu0=0 rq_cpu1=0 rq_cpu2=0 rq_cpu3=0 rq_cpu4=0 rq_cpu5=0 rq_cpu6=0 rq_cpu7=0 cur_cpu0=3 cur_cpu1=4 cur_cpu2=13 cur_cpu3=6 cur_cpu4=7 cur_cpu5=8 cur_cpu6=9 cur_cpu7=10 total_threads=16 blocked_threads=6 sched_lock=ok procmgr_lock=ok gpu_pci_lock=ok
[bwm-fps] frames_since_last=143 elapsed_ms=1001 instantaneous_fps=142
[heartbeat] tid=12 uptime_ms=51311
[bwm-fps] frames_since_last=157 elapsed_ms=1007 instantaneous_fps=155
[heartbeat] tid=12 uptime_ms=52312
[virgl-composite] Frame #7500: 1280x960 → 1280x960 display (first1k: 1000 nonzero, first=0x0014161e)
[bwm-fps] frames_since_last=139 elapsed_ms=1006 instantaneous_fps=138
[heartbeat] tid=12 uptime_ms=53312
[bwm-fps] frames_since_last=150 elapsed_ms=1004 instantaneous_fps=149
[timer] cpu0 ticks=40000
[heartbeat] tid=12 uptime_ms=54317
[bwm-fps] frames_since_last=160 elapsed_ms=1002 instantaneous_fps=159
[heartbeat] tid=12 uptime_ms=55317
[freeze-watch] uptime_ms=55331 submits=23802 completes=23804 fails=0 last_completion_ms=55328 fps_last_5s=151 cpu=0 tid=3 ctx_switches=58374 timer_ticks_cpu0=41032 timer_ticks_cpu1=41013 timer_ticks_cpu2=40631 timer_ticks_cpu3=40257 timer_ticks_cpu4=40028 timer_ticks_cpu5=40151 timer_ticks_cpu6=40388 timer_ticks_cpu7=40336 rq_total=0 rq_cpu0=0 rq_cpu1=0 rq_cpu2=0 rq_cpu3=0 rq_cpu4=0 rq_cpu5=0 rq_cpu6=0 rq_cpu7=0 cur_cpu0=3 cur_cpu1=13 cur_cpu2=5 cur_cpu3=6 cur_cpu4=7 cur_cpu5=8 cur_cpu6=9 cur_cpu7=10 total_threads=16 blocked_threads=6 sched_lock=ok procmgr_lock=ok gpu_pci_lock=busy
[bwm-fps] frames_since_last=159 elapsed_ms=1001 instantaneous_fps=158
[virgl-composite] Frame #8000: 1280x960 → 1280x960 display (first1k: 1000 nonzero, first=0x0014161e)
[heartbeat] tid=12 uptime_ms=56317
[bwm-fps] frames_since_last=151 elapsed_ms=1001 instantaneous_fps=150
[heartbeat] tid=12 uptime_ms=57318
[bwm-fps] frames_since_last=157 elapsed_ms=1000 instantaneous_fps=157
[heartbeat] tid=12 uptime_ms=58318
[bwm-fps] frames_since_last=133 elapsed_ms=1002 instantaneous_fps=132
[heartbeat] tid=12 uptime_ms=59319
[virgl-composite] Frame #8500: 1280x960 → 1280x960 display (first1k: 1000 nonzero, first=0x0014161e)
[bwm-fps] frames_since_last=139 elapsed_ms=1003 instantaneous_fps=138
[heartbeat] tid=12 uptime_ms=60319
[freeze-watch] uptime_ms=60336 submits=26009 completes=26012 fails=0 last_completion_ms=60333 fps_last_5s=147 cpu=3 tid=3 ctx_switches=63495 timer_ticks_cpu0=44891 timer_ticks_cpu1=44766 timer_ticks_cpu2=44414 timer_ticks_cpu3=43975 timer_ticks_cpu4=43732 timer_ticks_cpu5=43856 timer_ticks_cpu6=44101 timer_ticks_cpu7=44051 rq_total=0 rq_cpu0=0 rq_cpu1=0 rq_cpu2=0 rq_cpu3=0 rq_cpu4=0 rq_cpu5=0 rq_cpu6=0 rq_cpu7=0 cur_cpu0=0 cur_cpu1=4 cur_cpu2=5 cur_cpu3=3 cur_cpu4=7 cur_cpu5=8 cur_cpu6=9 cur_cpu7=10 total_threads=16 blocked_threads=6 sched_lock=ok procmgr_lock=ok gpu_pci_lock=ok
[timer] cpu0 ticks=45000
[bwm-fps] frames_since_last=145 elapsed_ms=1000 instantaneous_fps=145
[heartbeat] tid=12 uptime_ms=61321
[bwm-fps] frames_since_last=144 elapsed_ms=1020 instantaneous_fps=141
[heartbeat] tid=12 uptime_ms=62322
[virgl-composite] Frame #9000: 1280x960 → 1280x960 display (first1k: 1000 nonzero, first=0x0014161e)
[bwm-fps] frames_since_last=169 elapsed_ms=1005 instantaneous_fps=168
[heartbeat] tid=12 uptime_ms=63322
[bwm-fps] frames_since_last=136 elapsed_ms=1006 instantaneous_fps=135
[heartbeat] tid=12 uptime_ms=64323
[bwm-fps] frames_since_last=165 elapsed_ms=1002 instantaneous_fps=164
[heartbeat] tid=12 uptime_ms=65323
[freeze-watch] uptime_ms=65338 submits=28259 completes=28262 fails=0 last_completion_ms=65334 fps_last_5s=149 cpu=1 tid=0 ctx_switches=68760 timer_ticks_cpu0=48699 timer_ticks_cpu1=48544 timer_ticks_cpu2=48161 timer_ticks_cpu3=47670 timer_ticks_cpu4=47420 timer_ticks_cpu5=47555 timer_ticks_cpu6=47835 timer_ticks_cpu7=47785 rq_total=0 rq_cpu0=0 rq_cpu1=0 rq_cpu2=0 rq_cpu3=0 rq_cpu4=0 rq_cpu5=0 rq_cpu6=0 rq_cpu7=0 cur_cpu0=0 cur_cpu1=0 cur_cpu2=0 cur_cpu3=0 cur_cpu4=0 cur_cpu5=0 cur_cpu6=0 cur_cpu7=0 total_threads=0 blocked_threads=0 sched_lock=busy procmgr_lock=ok gpu_pci_lock=ok
[bwm-fps] frames_since_last=158 elapsed_ms=1005 instantaneous_fps=157
[virgl-composite] Frame #9500: 1280x960 → 1280x960 display (first1k: 1000 nonzero, first=0x0014161e)
[heartbeat] tid=12 uptime_ms=66324
[bwm-fps] frames_since_last=138 elapsed_ms=1001 instantaneous_fps=137
[timer] cpu0 ticks=50000
[heartbeat] tid=12 uptime_ms=67324
[bwm-fps] frames_since_last=161 elapsed_ms=1029 instantaneous_fps=156
[heartbeat] tid=12 uptime_ms=68324
[bwm-fps] frames_since_last=156 elapsed_ms=1005 instantaneous_fps=155
[heartbeat] tid=12 uptime_ms=69325
[virgl-composite] Frame #10000: 1280x960 → 1280x960 display (first1k: 1000 nonzero, first=0x0014161e)
[bwm-fps] frames_since_last=132 elapsed_ms=1007 instantaneous_fps=131
[heartbeat] tid=12 uptime_ms=70325
[freeze-watch] uptime_ms=70341 submits=30476 completes=30479 fails=0 last_completion_ms=70341 fps_last_5s=147 cpu=0 tid=3 ctx_switches=74036 timer_ticks_cpu0=52489 timer_ticks_cpu1=52339 timer_ticks_cpu2=51937 timer_ticks_cpu3=51405 timer_ticks_cpu4=51116 timer_ticks_cpu5=51262 timer_ticks_cpu6=51568 timer_ticks_cpu7=51527 rq_total=0 rq_cpu0=0 rq_cpu1=0 rq_cpu2=0 rq_cpu3=0 rq_cpu4=0 rq_cpu5=0 rq_cpu6=0 rq_cpu7=0 cur_cpu0=3 cur_cpu1=13 cur_cpu2=16 cur_cpu3=6 cur_cpu4=7 cur_cpu5=8 cur_cpu6=9 cur_cpu7=10 total_threads=16 blocked_threads=5 sched_lock=ok procmgr_lock=busy gpu_pci_lock=ok
[bwm-fps] frames_since_last=154 elapsed_ms=1001 instantaneous_fps=153
[heartbeat] tid=12 uptime_ms=71325
[bwm-fps] frames_since_last=163 elapsed_ms=1000 instantaneous_fps=163
[heartbeat] tid=12 uptime_ms=72326
[virgl-composite] Frame #10500: 1280x960 → 1280x960 display (first1k: 1000 nonzero, first=0x0014161e)
[bwm-fps] frames_since_last=152 elapsed_ms=1005 instantaneous_fps=151
[heartbeat] tid=12 uptime_ms=73326
[timer] cpu0 ticks=55000
[bwm-fps] frames_since_last=157 elapsed_ms=1005 instantaneous_fps=156
[heartbeat] tid=12 uptime_ms=74326
[bwm-fps] frames_since_last=161 elapsed_ms=1000 instantaneous_fps=161
[heartbeat] tid=12 uptime_ms=75328
[freeze-watch] uptime_ms=75346 submits=32831 completes=32834 fails=0 last_completion_ms=75342 fps_last_5s=156 cpu=2 tid=3 ctx_switches=79526 timer_ticks_cpu0=56293 timer_ticks_cpu1=56102 timer_ticks_cpu2=55664 timer_ticks_cpu3=55113 timer_ticks_cpu4=54822 timer_ticks_cpu5=54992 timer_ticks_cpu6=55312 timer_ticks_cpu7=55293 rq_total=0 rq_cpu0=0 rq_cpu1=0 rq_cpu2=0 rq_cpu3=0 rq_cpu4=0 rq_cpu5=0 rq_cpu6=0 rq_cpu7=0 cur_cpu0=13 cur_cpu1=4 cur_cpu2=3 cur_cpu3=6 cur_cpu4=7 cur_cpu5=8 cur_cpu6=9 cur_cpu7=10 total_threads=16 blocked_threads=6 sched_lock=ok procmgr_lock=ok gpu_pci_lock=ok
[virgl-composite] Frame #11000: 1280x960 → 1280x960 display (first1k: 1000 nonzero, first=0x0014161e)
[bwm-fps] frames_since_last=154 elapsed_ms=1003 instantaneous_fps=153
[heartbeat] tid=12 uptime_ms=76329
[bwm-fps] frames_since_last=134 elapsed_ms=1000 instantaneous_fps=134
[heartbeat] tid=12 uptime_ms=77329
[bwm-fps] frames_since_last=165 elapsed_ms=1006 instantaneous_fps=164
[heartbeat] tid=12 uptime_ms=78329
[bwm-fps] frames_since_last=146 elapsed_ms=1012 instantaneous_fps=144
[virgl-composite] Frame #11500: 1280x960 → 1280x960 display (first1k: 1000 nonzero, first=0x0014161e)
[heartbeat] tid=12 uptime_ms=79329
[bwm-fps] frames_since_last=145 elapsed_ms=1032 instantaneous_fps=140
[timer] cpu0 ticks=60000
[heartbeat] tid=12 uptime_ms=80335
[freeze-watch] uptime_ms=80349 submits=35075 completes=35078 fails=0 last_completion_ms=80344 fps_last_5s=149 cpu=4 tid=3 ctx_switches=84805 timer_ticks_cpu0=60155 timer_ticks_cpu1=59859 timer_ticks_cpu2=59456 timer_ticks_cpu3=58858 timer_ticks_cpu4=58544 timer_ticks_cpu5=58726 timer_ticks_cpu6=59058 timer_ticks_cpu7=59043 rq_total=0 rq_cpu0=0 rq_cpu1=0 rq_cpu2=0 rq_cpu3=0 rq_cpu4=0 rq_cpu5=0 rq_cpu6=0 rq_cpu7=0 cur_cpu0=0 cur_cpu1=4 cur_cpu2=13 cur_cpu3=6 cur_cpu4=3 cur_cpu5=8 cur_cpu6=9 cur_cpu7=10 total_threads=16 blocked_threads=6 sched_lock=ok procmgr_lock=ok gpu_pci_lock=ok
[bwm-fps] frames_since_last=167 elapsed_ms=1003 instantaneous_fps=166
[heartbeat] tid=12 uptime_ms=81335
[bwm-fps] frames_since_last=148 elapsed_ms=1003 instantaneous_fps=147
[heartbeat] tid=12 uptime_ms=82335
[virgl-composite] Frame #12000: 1280x960 → 1280x960 display (first1k: 1000 nonzero, first=0x0014161e)
[bwm-fps] frames_since_last=159 elapsed_ms=1005 instantaneous_fps=158
[heartbeat] tid=12 uptime_ms=83336
[bwm-fps] frames_since_last=145 elapsed_ms=1027 instantaneous_fps=141
[heartbeat] tid=12 uptime_ms=84337
[bwm-fps] frames_since_last=159 elapsed_ms=1013 instantaneous_fps=156
[heartbeat] tid=12 uptime_ms=85338
[freeze-watch] uptime_ms=85352 submits=37358 completes=37361 fails=0 last_completion_ms=85350 fps_last_5s=152 cpu=0 tid=0 ctx_switches=90146 timer_ticks_cpu0=63992 timer_ticks_cpu1=63592 timer_ticks_cpu2=63211 timer_ticks_cpu3=62578 timer_ticks_cpu4=62247 timer_ticks_cpu5=62429 timer_ticks_cpu6=62787 timer_ticks_cpu7=62781 rq_total=0 rq_cpu0=0 rq_cpu1=0 rq_cpu2=0 rq_cpu3=0 rq_cpu4=0 rq_cpu5=0 rq_cpu6=0 rq_cpu7=0 cur_cpu0=0 cur_cpu1=0 cur_cpu2=0 cur_cpu3=0 cur_cpu4=0 cur_cpu5=0 cur_cpu6=0 cur_cpu7=0 total_threads=0 blocked_threads=0 sched_lock=busy procmgr_lock=ok gpu_pci_lock=ok
[virgl-composite] Frame #12500: 1280x960 → 1280x960 display (first1k: 1000 nonzero, first=0x0014161e)
[bwm-fps] frames_since_last=149 elapsed_ms=1002 instantaneous_fps=148
[heartbeat] tid=12 uptime_ms=86339
[timer] cpu0 ticks=65000
[bwm-fps] frames_since_last=159 elapsed_ms=1002 instantaneous_fps=158
[heartbeat] tid=12 uptime_ms=87339
[bwm-fps] frames_since_last=145 elapsed_ms=1004 instantaneous_fps=144
[heartbeat] tid=12 uptime_ms=88340
[bwm-fps] frames_since_last=128 elapsed_ms=1003 instantaneous_fps=127
[virgl-composite] Frame #13000: 1280x960 → 1280x960 display (first1k: 1000 nonzero, first=0x0014161e)
[heartbeat] tid=12 uptime_ms=89342
[bwm-fps] frames_since_last=154 elapsed_ms=1004 instantaneous_fps=153
[heartbeat] tid=12 uptime_ms=90343
[freeze-watch] uptime_ms=90354 submits=39578 completes=39581 fails=0 last_completion_ms=90351 fps_last_5s=147 cpu=0 tid=0 ctx_switches=95425 timer_ticks_cpu0=67812 timer_ticks_cpu1=67370 timer_ticks_cpu2=66925 timer_ticks_cpu3=66302 timer_ticks_cpu4=65923 timer_ticks_cpu5=66124 timer_ticks_cpu6=66516 timer_ticks_cpu7=66521 rq_total=0 rq_cpu0=0 rq_cpu1=0 rq_cpu2=0 rq_cpu3=0 rq_cpu4=0 rq_cpu5=0 rq_cpu6=0 rq_cpu7=0 cur_cpu0=0 cur_cpu1=0 cur_cpu2=0 cur_cpu3=0 cur_cpu4=0 cur_cpu5=0 cur_cpu6=0 cur_cpu7=0 total_threads=0 blocked_threads=0 sched_lock=busy procmgr_lock=ok gpu_pci_lock=ok
[bwm-fps] frames_since_last=160 elapsed_ms=1006 instantaneous_fps=159
[heartbeat] tid=12 uptime_ms=91344
[bwm-fps] frames_since_last=152 elapsed_ms=1013 instantaneous_fps=150
[heartbeat] tid=12 uptime_ms=92344
[virgl-composite] Frame #13500: 1280x960 → 1280x960 display (first1k: 1000 nonzero, first=0x0014161e)
[bwm-fps] frames_since_last=163 elapsed_ms=1002 instantaneous_fps=162
[timer] cpu0 ticks=70000
[heartbeat] tid=12 uptime_ms=93345
[bwm-fps] frames_since_last=145 elapsed_ms=1002 instantaneous_fps=144
[heartbeat] tid=12 uptime_ms=94346
[bwm-fps] frames_since_last=152 elapsed_ms=1036 instantaneous_fps=146
[heartbeat] tid=12 uptime_ms=95348
[freeze-watch] uptime_ms=95357 submits=41827 completes=41829 fails=0 last_completion_ms=95339 fps_last_5s=149 cpu=2 tid=3 ctx_switches=100735 timer_ticks_cpu0=71620 timer_ticks_cpu1=71143 timer_ticks_cpu2=70647 timer_ticks_cpu3=70027 timer_ticks_cpu4=69623 timer_ticks_cpu5=69832 timer_ticks_cpu6=70244 timer_ticks_cpu7=70260 rq_total=0 rq_cpu0=0 rq_cpu1=0 rq_cpu2=0 rq_cpu3=0 rq_cpu4=0 rq_cpu5=0 rq_cpu6=0 rq_cpu7=0 cur_cpu0=0 cur_cpu1=13 cur_cpu2=3 cur_cpu3=6 cur_cpu4=7 cur_cpu5=8 cur_cpu6=9 cur_cpu7=10 total_threads=16 blocked_threads=6 sched_lock=ok procmgr_lock=ok gpu_pci_lock=busy
[virgl-composite] Frame #14000: 1280x960 → 1280x960 display (first1k: 1000 nonzero, first=0x0014161e)
[bwm-fps] frames_since_last=133 elapsed_ms=1004 instantaneous_fps=132
[heartbeat] tid=12 uptime_ms=96348
