[ram] 6 regions:
[ram]   0x40000000 - 0xffff0000 (3071 MB)
[ram]   0x100000000 - 0x140000000 (1024 MB)
[ram]   0x140025000 - 0x23be0f000 (4029 MB)
[ram]   0x23c000000 - 0x23c020000 (0 MB)
[ram]   0x23c080000 - 0x23f550000 (52 MB)
[ram]   0x23f930000 - 0x240000000 (6 MB)
[kern] entry_phys=0x400998c0 load=0x40080000-0x50104000
[gop-serial] UART: base=0x2110000 type=0 (PL011)
[gop-serial] Enumerating GOP display modes:
[gop-serial]   Mode 0: 1024x768 format=BGR
[gop-serial] 1 modes total, best=786432 pixels
[gop-serial] Already at best mode: 1024x768
[gop-serial] Selected: 1024x768 stride=1024 base=0x10000000 size=0x300000
ZZ00000000400998c0BDMTIVL!J>12KPHEOS
========================================
  Breenix ARM64 Kernel Starting
  BUILD_ID: 006a0c267c10e9
========================================

[boot] DIAG_MARKER_XHCI_A
[boot] DIAG_MARKER_XHCI_B
[boot] DIAG_MARKER_XHCI_C
[boot] loader xhci_hcrst_raw=0x0 ecam=0x2300000
[boot] Current exception level: EL1
[boot] MMU already enabled (high-half kernel)
[boot] Initializing memory management (0x44000000-0x50000000)...
[boot] Memory management ready
[boot] Initializing Generic Timer...
[boot] Timer frequency: 24000000 Hz (24 MHz)
[boot] Initializing PL031 RTC...
[boot] Current timestamp: 25535559
[boot] Initializing GIC...
[gic] GICR probe 0x02500000: WAKER=0x00000000 <<< VALID
[gic] GICD_CTLR wrote 0x53, readback=0x53
[gic] GICR_IGROUPR0: wrote 0xFFFFFFFF, readback=0xffffffff
[gic] ICC_CTLR_EL1: 0x40400 -> 0x40402 (EOImode=1)
[boot] GIC initialized (version 3)
[boot] Enabling UART interrupts...
[boot] Enabling GIC IRQ 33 (UART0)...
[uart] IMSC: 0x0 -> 0x50 (verify: 0x50)
[uart] FR=0x90 (RXFE=1), RIS=0x20
[gic] IRQ 33 state (GICv3):
  enabled=true, group1=true, pending=false
  priority=0xa0, GICD_CTLR=0x53
  ICC_PMR=0xf0
[boot] UART interrupts enabled
[boot] Enabling interrupts...
[boot] Interrupts enabled: true
[boot] Initializing device drivers...
[drivers] Initializing driver subsystem...
[drivers] PCI ECAM at 0x2300000, enumerating PCI bus...
[drivers] Found 7 PCI devices
[pci] 00:01.0 [8086:293e] class=04/03
[pci]   BAR0: 0x18008000 (16384)
[pci] 00:02.0 [8086:265c] class=0c/03
[pci]   BAR0: 0x18012000 (4096)
[pci]   BAR1: 0x0 (4096)
[pci]   BAR2: 0x0 (4096)
[pci]   BAR3: 0x0 (4096)
[pci]   BAR4: 0x0 (4096)
[pci]   BAR5: 0x0 (4096)
[pci] 00:03.0 [1033:0194] class=0c/03
[pci]   BAR0: 0x18011000 (4096)
[pci]   BAR1: 0x0 (4096)
[pci]   BAR2: 0x0 (4096)
[pci]   BAR3: 0x0 (4096)
[pci]   BAR4: 0x0 (4096)
[pci]   BAR5: 0x0 (4096)
[pci] 00:05.0 [1af4:1000] class=02/00
[pci]   BAR0: 0x18010000 (4096)
[pci]   BAR1: 0x1800f000 (4096)
[pci] 00:09.0 [1ab8:4000] class=ff/00
[pci]   BAR0: 0x1800e000 (4096)
[pci] 00:0a.0 [1af4:1050] class=03/00
[pci]   BAR0: 0x10000000 (134217728)
[pci]   BAR1: 0x1800d000 (4096)
[pci]   BAR4: 0x18004000 (16384)
[pci] 00:0e.0 [1af4:1053] class=07/80
[pci]   BAR1: 0x1800c000 (4096)
[pci]   BAR4: 0x18000000 (16384)
[drivers] Found 2 VirtIO PCI devices
[virtio-gpu-pci] Device features: 0x0000000100000001
[virtio-gpu-pci] VIRGL offered: true
[virtio-gpu-pci] Negotiated: 0x0000000100000001 (VIRGL=true)
[virtio-gpu-pci] VIRGL_ENABLED stored=true, readback=true, addr=0xffff0000411f2340
[pci] 00:0a.0: capabilities:
  cap 0x11 (MSI-X) @ 0xb0: dw0=0x0001bc11 dw1=0x00000001
  cap 0x09 (?) @ 0xbc: dw0=0x0410cc09 dw1=0x00000004
  cap 0x09 (?) @ 0xcc: dw0=0x0310dc09 dw1=0x00000004
  cap 0x09 (?) @ 0xdc: dw0=0x0214f009 dw1=0x00000004
  cap 0x09 (?) @ 0xf0: dw0=0x01100009 dw1=0x00000004
[gicv2m] MSI_TYPER raw=0x80350040 -> base_spi=53, num_spi=64
[virtio-gpu-pci] MSI-X cap at 0xb0: 2 vectors
[virtio-gpu-pci] MSI-X enabled: config_spi=53 queue_spi=54 doorbell=0x2250040 vectors=2
[virtio-gpu-pci] config_msix_vector: wrote=0x0 readback=0x0
[virtio-gpu-pci] Device has 2 queues
[virtio-gpu-pci] Queue 0 msix_vector: wrote=0x1 readback=0x1
[virtio-gpu-pci] Queue 1 msix_vector: wrote=0x1 readback=0x1
[virtio-gpu-pci] Cursor queue (q1) set up: size=16
[virtio-gpu-pci] Config: num_scanouts=16, num_capsets=1
[virtio-gpu-pci] MSI-X active: config_spi=53 queue_spi=54 queue_vector=1
[virtio-gpu-pci] Capset 0: id=2, max_ver=2, max_size=768
[virtio-gpu-pci] GET_CAPSET(id=2, ver=2): resp=0x1103
[virtio-gpu-pci] Display reports: 1280x960
[virtio-gpu-pci] Resolution: 1280x960 (display=1280x960, GOP=1024x768, min=1280x960)
[virtio-gpu-pci] 2D resource created and scanout set
[virtio-gpu-pci] Initialized: 1280x960
[drivers] VirtIO GPU (PCI) initialized
[virgl] Initializing VirGL 3D pipeline...
[virgl] 3D framebuffer backing: heap ptr=0xffff0000502e2000, phys=0x502e2000, size=4915200
[virgl] Step 1: context created
[virgl] Step 2: 3D resource created (1280x960, bind=0x0014000a)
[virgl] attach_backing: phys=0x502e2000, len=4915200, nr_pages=1200
[virgl] attach_backing: sending 3-desc chain: hdr=0x40249000(32B), entries=0x50792000(19200B)
[virgl] attach_backing: OK (1200 pages attached)
[virgl] Step 3: backing attached
[virgl] Step 4: resource attached to context
[virgl] Step 5: resource primed
[virgl] SUBMIT_3D OK: id=1 used_len=0 resp_flags=0x1 resp_fence=1
[virgl] Step 6: VirGL CLEAR (cornflower blue)
[virgl] Step 7: SET_SCANOUT + RESOURCE_FLUSH done
[virgl] Step 7: VB resource created (no backing, INLINE_WRITE only)
[virgl-composite] Texture backing: heap ptr=0xffff000050792000, phys=0x50792000, 1280x960 (4915200B, 1200 pages)
[virgl] attach_backing: phys=0x50792000, len=4915200, nr_pages=1200
[virgl] attach_backing: sending 3-desc chain: hdr=0x40249000(32B), entries=0x50c42000(19200B)
[virgl] attach_backing: OK (1200 pages attached)
[virgl-composite] Texture resource initialized (id=5)
[virgl] attach_backing: phys=0x50c42000, len=4915200, nr_pages=1200
[virgl] attach_backing: sending 3-desc chain: hdr=0x40249000(32B), entries=0x510f2000(19200B)
[virgl] attach_backing: OK (1200 pages attached)
[virgl-pool] Pre-allocated slot=0 res_id=10 1280x960
[virgl] attach_backing: phys=0x510f2000, len=4915200, nr_pages=1200
[virgl] attach_backing: sending 3-desc chain: hdr=0x40249000(32B), entries=0x515a2000(19200B)
[virgl] attach_backing: OK (1200 pages attached)
[virgl-pool] Pre-allocated slot=1 res_id=11 1280x960
[virgl] attach_backing: phys=0x515a2000, len=4915200, nr_pages=1200
[virgl] attach_backing: sending 3-desc chain: hdr=0x40249000(32B), entries=0x51a52000(19200B)
[virgl] attach_backing: OK (1200 pages attached)
[virgl-pool] Pre-allocated slot=2 res_id=12 1280x960
[virgl] attach_backing: phys=0x51a52000, len=4915200, nr_pages=1200
[virgl] attach_backing: sending 3-desc chain: hdr=0x40249000(32B), entries=0x51f02000(19200B)
[virgl] attach_backing: OK (1200 pages attached)
[virgl-pool] Pre-allocated slot=3 res_id=13 1280x960
[virgl] attach_backing: phys=0x51f02000, len=4915200, nr_pages=1200
[virgl] attach_backing: sending 3-desc chain: hdr=0x40249000(32B), entries=0x523b2000(19200B)
[virgl] attach_backing: OK (1200 pages attached)
[virgl-pool] Pre-allocated slot=4 res_id=14 1280x960
[virgl] attach_backing: phys=0x523b2000, len=4915200, nr_pages=1200
[virgl] attach_backing: sending 3-desc chain: hdr=0x40249000(32B), entries=0x52862000(19200B)
[virgl] attach_backing: OK (1200 pages attached)
[virgl-pool] Pre-allocated slot=5 res_id=15 1280x960
[virgl] attach_backing: phys=0x52862000, len=4915200, nr_pages=1200
[virgl] attach_backing: sending 3-desc chain: hdr=0x40249000(32B), entries=0x52d12000(19200B)
[virgl] attach_backing: OK (1200 pages attached)
[virgl-pool] Pre-allocated slot=6 res_id=16 1280x960
[virgl] attach_backing: phys=0x52d12000, len=4915200, nr_pages=1200
[virgl] attach_backing: sending 3-desc chain: hdr=0x40249000(32B), entries=0x531c2000(19200B)
[virgl] attach_backing: OK (1200 pages attached)
[virgl-pool] Pre-allocated slot=7 res_id=17 1280x960
[virgl] attach_backing: phys=0x531c2000, len=8192, nr_pages=2
[virgl] attach_backing: sending 3-desc chain: hdr=0x40249000(32B), entries=0x502e0040(32B)
[virgl] attach_backing: OK (2 pages attached)
[virgl-cursor] Cursor texture initialized (id=6, 16x80, 5 shapes)
[virgl] attach_backing: phys=0x531c4000, len=4096, nr_pages=1
[virgl] attach_backing: sending 3-desc chain: hdr=0x40249000(32B), entries=0x502e0040(16B)
[virgl] attach_backing: OK (1 pages attached)
[virgl-dimmer] Dimmer texture initialized (id=7, 4x4)
[virgl] Step 8: Compositor texture initialized
[virgl] Step 9: full pipeline+draw batch (191 DWORDs)
[virgl] SUBMIT_3D OK: id=2 used_len=0 resp_flags=0x1 resp_fence=2
[virgl] Step 10: SET_SCANOUT + RESOURCE_FLUSH
[virgl] VirGL 3D pipeline initialized successfully
[drivers] VirGL 3D acceleration active
[drivers] Compositor backend: VirGL
[virtio-gpu-pci] GPU command waits use scheduler waitqueue
[virtio-net-pci] Searching for VirtIO network device on PCI bus...
[virtio-net-pci] Found at 00:05.0 [1af4:1000]
[virtio-net-pci] BAR0: phys=0x18010000 virt=0xffff000018010000 size=4096
[virtio-net-pci] Device features: 0x6187bfa3
[virtio-net-pci] MAC: 00:1c:42:04:45:64
[virtio-net-pci] Queue 0 max size: 256
[virtio-net-pci] Queue 0 PFN=0x41b0f (phys=0x41b0f000)
[virtio-net-pci] Queue 1 max size: 256
[virtio-net-pci] Queue 1 PFN=0x41b12 (phys=0x41b12000)
[pci] 00:05.0: capabilities:
  cap 0x10 (PCIe) @ 0x48: dw0=0x00024010 dw1=0x00000fc0
  cap 0x01 (PM) @ 0x40: dw0=0x0022f401 dw1=0x00000000
  cap 0x11 (MSI-X) @ 0xf4: dw0=0x00020011 dw1=0x00000001
[virtio-net-pci] MSI-X cap at 0xf4: 3 vectors
[virtio-net-pci] MSI-X vector assignments: cfg=0xffff rx=0x0
[virtio-net-pci] MSI-X enabled: SPI 55 doorbell=0x2250040 vectors=3
[virtio-net-pci] Network device initialized successfully
[drivers] VirtIO network (PCI) initialized
[drivers] SVGA3 init skipped: SVGA3 device not found
[drivers] Found XHCI at 00:03.0 [1033:0194]
[xhci] DMA addrs: DCBAA=0x41b31000 CMD_RING=0x41b32000 EVT_RING=0x41b42000 ERST=0x41bbd700
[xhci] Regs: USBCMD=0x5 USBSTS=0x0 CRCR=0x0 DCBAAP=0x41b31000
[xhci] IR0: IMAN=0x2 ERDP=0x41b42000 ERSTBA=0x41bbd700
[xhci] Port scan: 14 ports
[xhci]   port 1: PORTSC=0x00021203 CCS=1 PED=1 speed=4
[xhci]   port 2: PORTSC=0x00021203 CCS=1 PED=1 speed=4
[xhci]   port 3: PORTSC=0x00021203 CCS=1 PED=1 speed=4
[xhci]   port 4: PORTSC=0x000002a0 CCS=0 PED=0 speed=0
[xhci]   port 5: PORTSC=0x000002a0 CCS=0 PED=0 speed=0
[xhci]   port 6: PORTSC=0x000002a0 CCS=0 PED=0 speed=0
[xhci]   port 7: PORTSC=0x000002a0 CCS=0 PED=0 speed=0
[xhci]   port 8: PORTSC=0x000002a0 CCS=0 PED=0 speed=0
[xhci]   port 9: PORTSC=0x000002a0 CCS=0 PED=0 speed=0
[xhci]   port 10: PORTSC=0x000002a0 CCS=0 PED=0 speed=0
[xhci]   port 11: PORTSC=0x000002a0 CCS=0 PED=0 speed=0
[xhci]   port 12: PORTSC=0x000002a0 CCS=0 PED=0 speed=0
[xhci]   port 13: PORTSC=0x000002a0 CCS=0 PED=0 speed=0
[xhci]   port 14: PORTSC=0x000002a0 CCS=0 PED=0 speed=0
[xhci] port 1 connected: PORTSC=0x00001203 PED=1 speed=4
[xhci] port 1 EnableSlot -> slot 1
[xhci] port 1 AddressDevice OK (slot 1)
[xhci] slot1: vid=0x203a pid=0xfffc class=0x00/0x00/0x00
[xhci] slot1 iface0: class=0x03 sub=0x00 proto=0x02 numEP=1
[xhci] HID iface: proto=2 subclass=0 -> mouse (hid_idx=1)
[xhci] slot1 iface1: class=0x03 sub=0x00 proto=0x02 numEP=1
[xhci] HID iface: proto=2 subclass=0 -> mouse (hid_idx=3)
[xhci] port 2 connected: PORTSC=0x00001203 PED=1 speed=4
[xhci] port 2 EnableSlot -> slot 2
[xhci] port 2 AddressDevice OK (slot 2)
[xhci] slot2: vid=0x203a pid=0xfffb class=0x00/0x00/0x00
[xhci] slot2 iface0: class=0x03 sub=0x01 proto=0x01 numEP=1
[xhci] HID iface: proto=1 subclass=1 -> keyboard (hid_idx=0)
[xhci] slot2 iface1: class=0x03 sub=0x00 proto=0x00 numEP=1
[xhci] HID iface: proto=0 subclass=0 -> NKRO (hid_idx=2)
[xhci] port 3 connected: PORTSC=0x00001203 PED=1 speed=4
[xhci] port 3 EnableSlot -> slot 3
[xhci] port 3 AddressDevice OK (slot 3)
[xhci] slot3: vid=0x203a pid=0xfff9 class=0xef/0x02/0x01
[xhci] slot3 iface0: class=0x0e sub=0x01 proto=0x00 numEP=0
[xhci] slot3 iface1: class=0x0e sub=0x02 proto=0x00 numEP=1
[xhci] start_hid_polling: kbd=slot2/dci3 nkro=dci5 mouse=slot1/dci3 mouse2=dci5
[xhci] Initialized: 32 slots, MSI irq=56
[drivers] XHCI USB controller initialized
[ahci] Platform AHCI at phys 0x2140000, virt 0xffff000002140000
[ahci] HBA version 1.256, 6 ports, 32 cmd slots, PI=0x0000003f
[ahci] Port 0: Sata, 131072 sectors (64 MB)
[ahci] Port 1: Sata, 524288 sectors (256 MB)
[ahci] IRQ probe: using port 0 dma_index 0
[ahci] IRQ probe: ISPENDR before=[0x01000000, 0x00000000, 0x00000000] after=[0x01000004, 0x00000000, 0x00000000]
[ahci] IRQ probe: PORT_IS=0x00000001 (should have D2H bit set)
[ahci] Platform IRQ probe: discovered SPI 34
[drivers] AHCI initialized (platform MMIO): 2 SATA device(s)
[drivers] Driver subsystem initialized (PCI)
[boot] Found 7 devices
[boot] Initializing network stack...
[net] Initializing network stack...
[net] Using VirtIO net PCI driver (Parallels)
[net] MAC address: 00:1c:42:04:45:64
NET: IP address: 10.211.55.100
NET: Gateway: 10.211.55.1
Network stack initialized
NET: Sending ARP request for gateway 10.211.55.1
ARP request sent successfully
[virtio-net-pci] RX diag: used_idx=1 last_used=0 avail_idx=4 isr=0x0 msi_count=0
[virtio-net-pci] RX diag: used_idx=1 last_used=1 avail_idx=8 isr=0x0 msi_count=0
NET: ARP resolved gateway MAC: 00:1c:42:00:00:18
NET: Sending ICMP echo request to gateway 10.211.55.1
[net] ICMP echo reply received from 10.211.55.1 seq=1
NET: Network initialization complete
[virtio-net-pci] MSI-X SPI 55 enabled (post-init)
[boot] Initializing filesystem...
[ext2] No VirtIO block device, trying AHCI...
[ext2] AHCI device 0: 131072 sectors (64 MB)
[ext2] AHCI device 0: not ext2 (magic=0x0064)
[ext2] AHCI device 1: 524288 sectors (256 MB)
[ext2] Found ext2 superblock on AHCI device 1
[boot] ext2 root filesystem mounted
[boot] No home filesystem: No home block device available (expected at device index 3 or 1) (continuing)
[boot] devfs initialized at /dev
[boot] devptsfs initialized at /dev/pts
[boot] CPU detected: ARM Unknown
[boot] procfs initialized at /proc
[boot] TTY subsystem initialized
[boot] Initializing graphics...
[boot] VirGL active — skipping GOP framebuffer init (2D resource already set up in gpu_pci::init)
[boot] FB_INFO_CACHE populated for VirGL display (1280x960)
[boot] USB HID input active via XHCI (polled from timer)
[boot] Initializing per-CPU data...
[boot] Per-CPU data initialized
[boot] Initializing process manager...
[boot] Process manager initialized
[boot] Initializing scheduler...
[boot] Scheduler initialized
[boot] Workqueue subsystem initialized
[boot] Softirq subsystem initialized
[boot] Render thread skipped — VirGL owns the display
[boot] Tracing subsystem initialized and enabled
[boot] Pre-loading /sbin/init from ext2 (before timer)...
[boot] Init binary pre-loaded: 296744 bytes
[boot] Initializing timer interrupt...
[timer] Timer configured for ~1000 Hz (24000 ticks per interrupt)
[timer] Using virtual timer (PPI 27)
[boot] Timer interrupt initialized
[smp] CPU 0 MPIDR=0x80000000, stack_base=0x43000000
[smp] GICR covers 8 redistributors, probing CPUs 1..8
[smp] Probing secondary CPUs via PSCI...
[smp] CPU1@ 11AB:CD PESeFCGI CP1U_ON success
[gic2]@ 1IABCCDCEeFG_2CTLR_EL1: 0x40400 -> 0x40402 (EOImode=1)
[gic] ICC_CTLR_EL1: 0x40400 -> 0x40402 (EOImode=1)
[smp] CPU 2: PSCI CPU_ON success
T1[sm3@p1A]BC DECeFPGU3 3: PSCI CPU_ON success
[gic] 4I@1CABCDC_ECeFTGLR4_EL1: 0x40400 -> 0x40402 (EOImode=1)
[gic] ICC_CTLR_EL1: 0x40400 -> 0x40402 (EOImode=1)
[smp] CPU 4: PSCI CPU_ON success
[sm5@p1A]BC DCEPeFUG 55: PSCI CPU_ON success
[gic6@]1A BCIDCECeF_GC6TLR_EL1: 0x40400 -> 0x40402 (EOImode=1)
[gic] ICC_CTLR_EL1: 0x40400 -> 0x40402 (EOImode=1)
[smp] CPU 6: PSCI CPU_ON success
T2[s7@m1Ap]BC DECeFPGU7 7: PSCI CPU_ON success
[gic] ICC_CTLR_EL1: 0x40400 -> 0x40402 (EOImode=1)
[smp] 8 CPUs online

========================================
  Breenix ARM64 Boot Complete!
========================================

Hello from ARM64!

[boot] Launching init from pre-loaded ELF...
manager.create_process_with_argv [ARM64]: ENTRY - name='init', elf_size=296744, argc=1
manager.create_process_with_argv [ARM64]: Generated PID 1
manager.create_process_with_argv [ARM64]: Creating ProcessPageTable
manager.create_process_with_argv [ARM64]: Loading ELF into page table
manager.create_process_with_argv [ARM64]: ELF loaded, entry=0x4000f1f0
manager.create_process_with_argv [ARM64]: Allocating user stack
manager.create_process_with_argv [ARM64]: User stack will be at 0xfffffeff0000-0xffffff000000
manager.create_process_with_argv [ARM64]: argc/argv set up on stack, SP=0xfffffefffed0
manager.create_process_with_argv [ARM64]: SUCCESS - returning PID 1
[boot] Reset 8 idle thread contexts (CPUs online: 8)
T3T4EL0_SYSCALL: First syscall from userspace (SPSR confirms EL0)
[ OK ] syscall path verified
[init] Breenix init starting (PID 1)
[spawn] path='/bin/heartbeat'
T5T6manager.create_process_with_argv [ARM64]: ENTRY - name='heartbeat', elf_size=290088,T 7argc=1
manager.create_process_with_argv [ARM64]: Generated PID 2
manager.create_process_with_argv [ARM64]: Creating ProcessPageTable
manager.create_process_with_argv [ARM64]: Loading ELF into page table
manager.create_process_with_argv [ARM64]: ELF loaded, entry=0x4000edac
manager.create_process_with_argv [ARM64]: Allocating user stack
manager.create_process_with_argv [ARM64]: User stack will be at 0xfffffT8eff0000-0xffffff000000
manager.create_process_with_argv [ARM64]: argc/argv set up on stack, SP=0xfffffefffed0
manager.create_process_with_argv [ARM64]: SUCCESS - returning PID 2
[spawn] Created child PID 2 for parent PID 1
[spawn] Success: child PID 2 scheduled
T9T0[heartbeat] tid=12 uptime_ms=1364
[spawn] path='/bin/bwm'
manager.create_process_with_argv [ARM64]: ENTRY - name='bwm', elf_size=433128, argc=1
manager.create_process_with_argv [ARM64]: Generated PID 3
manager.create_process_with_argv [ARM64]: Creating ProcessPageTable
manager.create_process_with_argv [ARM64]: Loading ELF into page table
manager.create_process_with_argv [ARM64]: ELF loaded, entry=0x400190a4
manager.create_process_with_argv [ARM64]: Allocating user stack
manager.create_process_with_argv [ARM64]: User stack will be at 0xfffffeff0000-0xffffff000000
manager.create_process_with_argv [ARM64]: argc/argv set up on stack, SP=0xfffffefffee0
manager.create_process_with_argv [ARM64]: SUCCESS - returning PID 3
[spawn] Created child PID 3 for parent PID 1
[spawn] Success: child PID 3 scheduled
[bwm] Breenix Window Manager starting... (v2-chromeless-skip)
[virgl-composite] Frame #0: 1x1 → 1280x960 display (first1k: 1 nonzero, first=0xff000000)
[bwm] GPU compositing mode (VirGL), display: 1280x960
[compositor] Mapped compositor buffer into process: virt=0x7ffffdb4e000, 1280x960, 1200 pages (backend=VirGL)
[bwm] Direct compositor mapping: 1280x960 at 0x7ffffdb4e000
[bwm] using bitmap font fallback for early boot
[bwm] hotkeys: using built-in defaults for early boot
[virgl-composite] Frame #1: 1280x960 → 1280x960 display (first1k: 1000 nonzero, first=0x00121832)
[virgl-composite] Frame #2: 1280x960 → 1280x960 display (first1k: 1000 nonzero, first=0x00121832)
[spawn] path='/sbin/telnetd'
manager.create_process_with_argv [ARM64]: ENTRY - name='telnetd', elf_size=298600, argc=1
manager.create_process_with_argv [ARM64]: Generated PID 4
manager.create_process_with_argv [ARM64]: Creating ProcessPageTable
manager.create_process_with_argv [ARM64]: Loading ELF into page table
manager.create_process_with_argv [ARM64]: ELF loaded, entry=0x4000fdd0
manager.create_process_with_argv [ARM64]: Allocating user stack
manager.create_process_with_argv [ARM64]: User stack will be at 0xfffffeff0000-0xffffff000000
manager.create_process_with_argv [ARM64]: argc/argv set up on stack, SP=0xfffffefffed0
manager.create_process_with_argv [ARM64]: SUCCESS - returning PID 4
[spawn] Created child PID 4 for parent PID 1
[spawn] Success: child PID 4 scheduled
TELNETD_STARTING
TELNETD_LISTENING
[init] Boot script completed
[spawn] path='/bin/bsshd'
manager.create_process_with_argv [ARM64]: ENTRY - name='bsshd', elf_size=440944, argc=1
manager.create_process_with_argv [ARM64]: Generated PID 5
manager.create_process_with_argv [ARM64]: Creating ProcessPageTable
manager.create_process_with_argv [ARM64]: Loading ELF into page table
manager.create_process_with_argv [ARM64]: ELF loaded, entry=0x4001c39c
manager.create_process_with_argv [ARM64]: Allocating user stack
manager.create_process_with_argv [ARM64]: User stack will be at 0xfffffeff0000-0xffffff000000
manager.create_process_with_argv [ARM64]: argc/argv set up on stack, SP=0xfffffefffed0
manager.create_process_with_argv [ARM64]: SUCCESS - returning PID 5
[spawn] Created child PID 5 for parent PID 1
[spawn] Success: child PID 5 scheduled
bsshd: starting on port 2222
bsshd: listening on 0.0.0.0:2222
[init] bsshd started (PID 5)
[spawn] path='/bin/bounce'
manager.create_process_with_argv [ARM64]: ENTRY - name='bounce', elf_size=387952, argc=1
manager.create_process_with_argv [ARM64]: Generated PID 6
manager.create_process_with_argv [ARM64]: Creating ProcessPageTable
manager.create_process_with_argv [ARM64]: Loading ELF into page table
manager.create_process_with_argv [ARM64]: ELF loaded, entry=0x400188e0
manager.create_process_with_argv [ARM64]: Allocating user stack
manager.create_process_with_argv [ARM64]: User stack will be at 0xfffffeff0000-0xffffff000000
manager.create_process_with_argv [ARM64]: argc/argv set up on stack, SP=0xfffffefffed0
manager.create_process_with_argv [ARM64]: SUCCESS - returning PID 6
[spawn] Created child PID 6 for parent PID 1
[spawn] Success: child PID 6 scheduled
Bounce spheres demo starting (for Gus!) [boot_id=0000000067aa0b42]
[window] create_window_buffer: 400x300 (480000 bytes, 118 pages)
[init] bounce started (PID 6)
[window] Created buffer id=1 for pid=6: 400x300 at virt=0x7ffffdf86000 phys=0x44173000
[bwm] Discovered window 'Bounce' (id=1, 400x300) at (30,38)
[compositor] Mapped window 1 into BWM: virt=0x7ffffdad4000, 400x300, 118 pages
[bounce] Window mode: id=1 400x300 [boot_id=0000000067aa0b42]
[freeze-watch] uptime_ms=1851 submits=137 completes=140 fails=0 last_completion_ms=1848 fps_last_5s=49 cpu=5 tid=3 ctx_switches=345 timer_ticks_cpu0=343 timer_ticks_cpu1=374 timer_ticks_cpu2=368 timer_ticks_cpu3=364 timer_ticks_cpu4=365 timer_ticks_cpu5=366 timer_ticks_cpu6=363 timer_ticks_cpu7=361 rq_total=0 rq_cpu0=0 rq_cpu1=0 rq_cpu2=0 rq_cpu3=0 rq_cpu4=0 rq_cpu5=0 rq_cpu6=0 rq_cpu7=0 cur_cpu0=0 cur_cpu1=4 cur_cpu2=13 cur_cpu3=6 cur_cpu4=7 cur_cpu5=3 cur_cpu6=9 cur_cpu7=10 total_threads=16 blocked_threads=6 sched_lock=ok procmgr_lock=ok gpu_pci_lock=ok
[freeze-watch] uptime_ms=2353 submits=446 completes=449 fails=0 last_completion_ms=2351 fps_last_5s=205 cpu=2 tid=3 ctx_switches=1595 timer_ticks_cpu0=662 timer_ticks_cpu1=766 timer_ticks_cpu2=759 timer_ticks_cpu3=750 timer_ticks_cpu4=748 timer_ticks_cpu5=751 timer_ticks_cpu6=752 timer_ticks_cpu7=754 rq_total=0 rq_cpu0=0 rq_cpu1=0 rq_cpu2=0 rq_cpu3=0 rq_cpu4=0 rq_cpu5=0 rq_cpu6=0 rq_cpu7=0 cur_cpu0=13 cur_cpu1=4 cur_cpu2=3 cur_cpu3=6 cur_cpu4=7 cur_cpu5=8 cur_cpu6=9 cur_cpu7=10 total_threads=16 blocked_threads=6 sched_lock=ok procmgr_lock=ok gpu_pci_lock=ok
[heartbeat] tid=12 uptime_ms=2368
[bwm-fps] frames_since_last=152 elapsed_ms=1002 instantaneous_fps=151
[freeze-watch] uptime_ms=2857 submits=761 completes=764 fails=0 last_completion_ms=2854 fps_last_5s=208 cpu=5 tid=3 ctx_switches=2868 timer_ticks_cpu0=970 timer_ticks_cpu1=1169 timer_ticks_cpu2=1155 timer_ticks_cpu3=1135 timer_ticks_cpu4=1135 timer_ticks_cpu5=1135 timer_ticks_cpu6=1139 timer_ticks_cpu7=1139 rq_total=0 rq_cpu0=0 rq_cpu1=0 rq_cpu2=0 rq_cpu3=0 rq_cpu4=0 rq_cpu5=0 rq_cpu6=0 rq_cpu7=0 cur_cpu0=0 cur_cpu1=4 cur_cpu2=13 cur_cpu3=6 cur_cpu4=7 cur_cpu5=3 cur_cpu6=9 cur_cpu7=10 total_threads=16 blocked_threads=6 sched_lock=ok procmgr_lock=ok gpu_pci_lock=ok
[freeze-watch] uptime_ms=3360 submits=1046 completes=1049 fails=0 last_completion_ms=3356 fps_last_5s=188 cpu=6 tid=0 ctx_switches=4057 timer_ticks_cpu0=1292 timer_ticks_cpu1=1578 timer_ticks_cpu2=1552 timer_ticks_cpu3=1525 timer_ticks_cpu4=1524 timer_ticks_cpu5=1527 timer_ticks_cpu6=1526 timer_ticks_cpu7=1524 rq_total=0 rq_cpu0=0 rq_cpu1=0 rq_cpu2=0 rq_cpu3=0 rq_cpu4=0 rq_cpu5=0 rq_cpu6=0 rq_cpu7=0 cur_cpu0=0 cur_cpu1=0 cur_cpu2=0 cur_cpu3=0 cur_cpu4=0 cur_cpu5=0 cur_cpu6=0 cur_cpu7=0 total_threads=0 blocked_threads=0 sched_lock=busy procmgr_lock=ok gpu_pci_lock=ok
[heartbeat] tid=12 uptime_ms=3368
[bwm-fps] frames_since_last=193 elapsed_ms=1003 instantaneous_fps=192
[freeze-watch] uptime_ms=3863 submits=1293 completes=1295 fails=0 last_completion_ms=3856 fps_last_5s=163 cpu=1 tid=3 ctx_switches=5154 timer_ticks_cpu0=1613 timer_ticks_cpu1=1969 timer_ticks_cpu2=1936 timer_ticks_cpu3=1910 timer_ticks_cpu4=1902 timer_ticks_cpu5=1910 timer_ticks_cpu6=1908 timer_ticks_cpu7=1909 rq_total=0 rq_cpu0=0 rq_cpu1=0 rq_cpu2=0 rq_cpu3=0 rq_cpu4=0 rq_cpu5=0 rq_cpu6=0 rq_cpu7=0 cur_cpu0=0 cur_cpu1=3 cur_cpu2=5 cur_cpu3=6 cur_cpu4=7 cur_cpu5=8 cur_cpu6=9 cur_cpu7=10 total_threads=16 blocked_threads=7 sched_lock=ok procmgr_lock=ok gpu_pci_lock=busy
[virgl-composite] Frame #500: 1280x960 → 1280x960 display (first1k: 1000 nonzero, first=0x0014161e)
[freeze-watch] uptime_ms=4365 submits=1571 completes=1574 fails=0 last_completion_ms=4362 fps_last_5s=185 cpu=7 tid=0 ctx_switches=6316 timer_ticks_cpu0=1939 timer_ticks_cpu1=2371 timer_ticks_cpu2=2326 timer_ticks_cpu3=2293 timer_ticks_cpu4=2288 timer_ticks_cpu5=2294 timer_ticks_cpu6=2295 timer_ticks_cpu7=2295 rq_total=0 rq_cpu0=0 rq_cpu1=0 rq_cpu2=0 rq_cpu3=0 rq_cpu4=0 rq_cpu5=0 rq_cpu6=0 rq_cpu7=0 cur_cpu0=0 cur_cpu1=0 cur_cpu2=0 cur_cpu3=0 cur_cpu4=0 cur_cpu5=0 cur_cpu6=0 cur_cpu7=0 total_threads=0 blocked_threads=0 sched_lock=busy procmgr_lock=ok gpu_pci_lock=ok
[heartbeat] tid=12 uptime_ms=4369
[bwm-fps] frames_since_last=180 elapsed_ms=1004 instantaneous_fps=179
[freeze-watch] uptime_ms=4867 submits=1871 completes=1874 fails=0 last_completion_ms=4866 fps_last_5s=199 cpu=4 tid=3 ctx_switches=7540 timer_ticks_cpu0=2267 timer_ticks_cpu1=2773 timer_ticks_cpu2=2725 timer_ticks_cpu3=2686 timer_ticks_cpu4=2678 timer_ticks_cpu5=2689 timer_ticks_cpu6=2683 timer_ticks_cpu7=2686 rq_total=0 rq_cpu0=0 rq_cpu1=0 rq_cpu2=0 rq_cpu3=0 rq_cpu4=0 rq_cpu5=0 rq_cpu6=0 rq_cpu7=0 cur_cpu0=0 cur_cpu1=13 cur_cpu2=5 cur_cpu3=6 cur_cpu4=3 cur_cpu5=8 cur_cpu6=9 cur_cpu7=10 total_threads=16 blocked_threads=6 sched_lock=ok procmgr_lock=ok gpu_pci_lock=ok
[freeze-watch] uptime_ms=5370 submits=2168 completes=2171 fails=0 last_completion_ms=5366 fps_last_5s=196 cpu=5 tid=3 ctx_switches=8741 timer_ticks_cpu0=2580 timer_ticks_cpu1=3178 timer_ticks_cpu2=3119 timer_ticks_cpu3=3075 timer_ticks_cpu4=3066 timer_ticks_cpu5=3079 timer_ticks_cpu6=3069 timer_ticks_cpu7=3075 rq_total=0 rq_cpu0=0 rq_cpu1=0 rq_cpu2=0 rq_cpu3=0 rq_cpu4=0 rq_cpu5=0 rq_cpu6=0 rq_cpu7=0 cur_cpu0=13 cur_cpu1=4 cur_cpu2=5 cur_cpu3=6 cur_cpu4=7 cur_cpu5=3 cur_cpu6=9 cur_cpu7=10 total_threads=16 blocked_threads=5 sched_lock=ok procmgr_lock=ok gpu_pci_lock=ok
[heartbeat] tid=12 uptime_ms=5370
[bwm-fps] frames_since_last=196 elapsed_ms=1003 instantaneous_fps=195
[freeze-watch] uptime_ms=5879 submits=2450 completes=2453 fails=0 last_completion_ms=5876 fps_last_5s=184 cpu=2 tid=3 ctx_switches=9886 timer_ticks_cpu0=2911 timer_ticks_cpu1=3578 timer_ticks_cpu2=3516 timer_ticks_cpu3=3472 timer_ticks_cpu4=3451 timer_ticks_cpu5=3460 timer_ticks_cpu6=3453 timer_ticks_cpu7=3464 rq_total=0 rq_cpu0=0 rq_cpu1=0 rq_cpu2=0 rq_cpu3=0 rq_cpu4=0 rq_cpu5=0 rq_cpu6=0 rq_cpu7=0 cur_cpu0=0 cur_cpu1=13 cur_cpu2=3 cur_cpu3=6 cur_cpu4=7 cur_cpu5=8 cur_cpu6=9 cur_cpu7=10 total_threads=16 blocked_threads=6 sched_lock=ok procmgr_lock=ok gpu_pci_lock=ok
[heartbeat] tid=12 uptime_ms=6372
[freeze-watch] uptime_ms=6382 submits=2750 completes=2753 fails=0 last_completion_ms=6381 fps_last_5s=198 cpu=2 tid=3 ctx_switches=11115 timer_ticks_cpu0=3232 timer_ticks_cpu1=3972 timer_ticks_cpu2=3913 timer_ticks_cpu3=3863 timer_ticks_cpu4=3844 timer_ticks_cpu5=3844 timer_ticks_cpu6=3845 timer_ticks_cpu7=3857 rq_total=0 rq_cpu0=0 rq_cpu1=0 rq_cpu2=0 rq_cpu3=0 rq_cpu4=0 rq_cpu5=0 rq_cpu6=0 rq_cpu7=0 cur_cpu0=13 cur_cpu1=4 cur_cpu2=3 cur_cpu3=6 cur_cpu4=7 cur_cpu5=8 cur_cpu6=9 cur_cpu7=10 total_threads=16 blocked_threads=6 sched_lock=ok procmgr_lock=ok gpu_pci_lock=ok
[bwm-fps] frames_since_last=194 elapsed_ms=1003 instantaneous_fps=193
[freeze-watch] uptime_ms=6884 submits=3035 completes=3038 fails=0 last_completion_ms=6883 fps_last_5s=189 cpu=1 tid=3 ctx_switches=12278 timer_ticks_cpu0=3557 timer_ticks_cpu1=4371 timer_ticks_cpu2=4302 timer_ticks_cpu3=4248 timer_ticks_cpu4=4231 timer_ticks_cpu5=4232 timer_ticks_cpu6=4232 timer_ticks_cpu7=4239 rq_total=0 rq_cpu0=0 rq_cpu1=0 rq_cpu2=0 rq_cpu3=0 rq_cpu4=0 rq_cpu5=0 rq_cpu6=0 rq_cpu7=0 cur_cpu0=0 cur_cpu1=3 cur_cpu2=5 cur_cpu3=6 cur_cpu4=7 cur_cpu5=8 cur_cpu6=9 cur_cpu7=10 total_threads=16 blocked_threads=6 sched_lock=ok procmgr_lock=ok gpu_pci_lock=ok
[virgl-composite] Frame #1000: 1280x960 → 1280x960 display (first1k: 1000 nonzero, first=0x0014161e)
[heartbeat] tid=12 uptime_ms=7372
[freeze-watch] uptime_ms=7387 submits=3303 completes=3305 fails=0 last_completion_ms=7383 fps_last_5s=176 cpu=7 tid=3 ctx_switches=13389 timer_ticks_cpu0=3879 timer_ticks_cpu1=4765 timer_ticks_cpu2=4690 timer_ticks_cpu3=4636 timer_ticks_cpu4=4610 timer_ticks_cpu5=4615 timer_ticks_cpu6=4614 timer_ticks_cpu7=4624 rq_total=1 rq_cpu0=0 rq_cpu1=1 rq_cpu2=0 rq_cpu3=0 rq_cpu4=0 rq_cpu5=0 rq_cpu6=0 rq_cpu7=0 cur_cpu0=0 cur_cpu1=4 cur_cpu2=5 cur_cpu3=6 cur_cpu4=7 cur_cpu5=8 cur_cpu6=9 cur_cpu7=3 total_threads=16 blocked_threads=6 sched_lock=ok procmgr_lock=ok gpu_pci_lock=busy
[bwm-fps] frames_since_last=174 elapsed_ms=1040 instantaneous_fps=167
[freeze-watch] uptime_ms=7889 submits=3506 completes=3509 fails=0 last_completion_ms=7889 fps_last_5s=135 cpu=1 tid=3 ctx_switches=14415 timer_ticks_cpu0=4203 timer_ticks_cpu1=5148 timer_ticks_cpu2=5075 timer_ticks_cpu3=5007 timer_ticks_cpu4=4984 timer_ticks_cpu5=4993 timer_ticks_cpu6=4989 timer_ticks_cpu7=4997 rq_total=0 rq_cpu0=0 rq_cpu1=0 rq_cpu2=0 rq_cpu3=0 rq_cpu4=0 rq_cpu5=0 rq_cpu6=0 rq_cpu7=0 cur_cpu0=0 cur_cpu1=3 cur_cpu2=5 cur_cpu3=6 cur_cpu4=7 cur_cpu5=8 cur_cpu6=9 cur_cpu7=10 total_threads=16 blocked_threads=6 sched_lock=ok procmgr_lock=ok gpu_pci_lock=ok
[heartbeat] tid=12 uptime_ms=8373
[freeze-watch] uptime_ms=8393 submits=3764 completes=3767 fails=0 last_completion_ms=8392 fps_last_5s=170 cpu=0 tid=0 ctx_switches=15590 timer_ticks_cpu0=4529 timer_ticks_cpu1=5538 timer_ticks_cpu2=5465 timer_ticks_cpu3=5389 timer_ticks_cpu4=5372 timer_ticks_cpu5=5379 timer_ticks_cpu6=5373 timer_ticks_cpu7=5382 rq_total=0 rq_cpu0=0 rq_cpu1=0 rq_cpu2=0 rq_cpu3=0 rq_cpu4=0 rq_cpu5=0 rq_cpu6=0 rq_cpu7=0 cur_cpu0=0 cur_cpu1=0 cur_cpu2=0 cur_cpu3=0 cur_cpu4=0 cur_cpu5=0 cur_cpu6=0 cur_cpu7=0 total_threads=0 blocked_threads=0 sched_lock=busy procmgr_lock=ok gpu_pci_lock=ok
[bwm-fps] frames_since_last=169 elapsed_ms=1003 instantaneous_fps=168
[freeze-watch] uptime_ms=8895 submits=4050 completes=4052 fails=0 last_completion_ms=8892 fps_last_5s=189 cpu=2 tid=3 ctx_switches=16844 timer_ticks_cpu0=4858 timer_ticks_cpu1=5932 timer_ticks_cpu2=5859 timer_ticks_cpu3=5779 timer_ticks_cpu4=5760 timer_ticks_cpu5=5769 timer_ticks_cpu6=5769 timer_ticks_cpu7=5778 rq_total=0 rq_cpu0=0 rq_cpu1=0 rq_cpu2=0 rq_cpu3=0 rq_cpu4=0 rq_cpu5=0 rq_cpu6=0 rq_cpu7=0 cur_cpu0=0 cur_cpu1=4 cur_cpu2=3 cur_cpu3=6 cur_cpu4=7 cur_cpu5=8 cur_cpu6=9 cur_cpu7=10 total_threads=16 blocked_threads=7 sched_lock=ok procmgr_lock=ok gpu_pci_lock=busy
[timer] cpu0 ticks=5000
[heartbeat] tid=12 uptime_ms=9373
[freeze-watch] uptime_ms=9398 submits=4334 completes=4337 fails=0 last_completion_ms=9396 fps_last_5s=188 cpu=1 tid=0 ctx_switches=18069 timer_ticks_cpu0=5176 timer_ticks_cpu1=6326 timer_ticks_cpu2=6251 timer_ticks_cpu3=6161 timer_ticks_cpu4=6142 timer_ticks_cpu5=6157 timer_ticks_cpu6=6152 timer_ticks_cpu7=6162 rq_total=0 rq_cpu0=0 rq_cpu1=0 rq_cpu2=0 rq_cpu3=0 rq_cpu4=0 rq_cpu5=0 rq_cpu6=0 rq_cpu7=0 cur_cpu0=0 cur_cpu1=0 cur_cpu2=0 cur_cpu3=0 cur_cpu4=0 cur_cpu5=0 cur_cpu6=0 cur_cpu7=0 total_threads=0 blocked_threads=0 sched_lock=busy procmgr_lock=ok gpu_pci_lock=ok
[bwm-fps] frames_since_last=190 elapsed_ms=1004 instantaneous_fps=189
[virgl-composite] Frame #1500: 1280x960 → 1280x960 display (first1k: 1000 nonzero, first=0x0014161e)
[freeze-watch] uptime_ms=9902 submits=4610 completes=4613 fails=0 last_completion_ms=9899 fps_last_5s=182 cpu=1 tid=3 ctx_switches=19278 timer_ticks_cpu0=5502 timer_ticks_cpu1=6721 timer_ticks_cpu2=6643 timer_ticks_cpu3=6544 timer_ticks_cpu4=6532 timer_ticks_cpu5=6548 timer_ticks_cpu6=6543 timer_ticks_cpu7=6550 rq_total=0 rq_cpu0=0 rq_cpu1=0 rq_cpu2=0 rq_cpu3=0 rq_cpu4=0 rq_cpu5=0 rq_cpu6=0 rq_cpu7=0 cur_cpu0=0 cur_cpu1=3 cur_cpu2=5 cur_cpu3=6 cur_cpu4=7 cur_cpu5=8 cur_cpu6=9 cur_cpu7=10 total_threads=16 blocked_threads=6 sched_lock=ok procmgr_lock=ok gpu_pci_lock=ok
[heartbeat] tid=12 uptime_ms=10373
[freeze-watch] uptime_ms=10406 submits=4880 completes=4883 fails=0 last_completion_ms=10403 fps_last_5s=178 cpu=0 tid=3 ctx_switches=20491 timer_ticks_cpu0=5825 timer_ticks_cpu1=7122 timer_ticks_cpu2=7044 timer_ticks_cpu3=6931 timer_ticks_cpu4=6922 timer_ticks_cpu5=6939 timer_ticks_cpu6=6931 timer_ticks_cpu7=6937 rq_total=0 rq_cpu0=0 rq_cpu1=0 rq_cpu2=0 rq_cpu3=0 rq_cpu4=0 rq_cpu5=0 rq_cpu6=0 rq_cpu7=0 cur_cpu0=3 cur_cpu1=4 cur_cpu2=5 cur_cpu3=6 cur_cpu4=7 cur_cpu5=8 cur_cpu6=9 cur_cpu7=10 total_threads=16 blocked_threads=6 sched_lock=ok procmgr_lock=ok gpu_pci_lock=ok
[bwm-fps] frames_since_last=184 elapsed_ms=1005 instantaneous_fps=183
[heartbeat] tid=12 uptime_ms=11373
[bwm-fps] frames_since_last=170 elapsed_ms=1003 instantaneous_fps=169
[heartbeat] tid=12 uptime_ms=12374
[bwm-fps] frames_since_last=166 elapsed_ms=1000 instantaneous_fps=166
[virgl-composite] Frame #2000: 1280x960 → 1280x960 display (first1k: 1000 nonzero, first=0x0014161e)
[heartbeat] tid=12 uptime_ms=13374
[bwm-fps] frames_since_last=196 elapsed_ms=1000 instantaneous_fps=196
[heartbeat] tid=12 uptime_ms=14375
[bwm-fps] frames_since_last=166 elapsed_ms=1000 instantaneous_fps=166
[heartbeat] tid=12 uptime_ms=15376
[freeze-watch] uptime_ms=15410 submits=7490 completes=7493 fails=0 last_completion_ms=15408 fps_last_5s=173 cpu=7 tid=3 ctx_switches=32109 timer_ticks_cpu0=9069 timer_ticks_cpu1=11021 timer_ticks_cpu2=10910 timer_ticks_cpu3=10735 timer_ticks_cpu4=10731 timer_ticks_cpu5=10761 timer_ticks_cpu6=10753 timer_ticks_cpu7=10761 rq_total=0 rq_cpu0=0 rq_cpu1=0 rq_cpu2=0 rq_cpu3=0 rq_cpu4=0 rq_cpu5=0 rq_cpu6=0 rq_cpu7=0 cur_cpu0=0 cur_cpu1=4 cur_cpu2=5 cur_cpu3=6 cur_cpu4=7 cur_cpu5=8 cur_cpu6=9 cur_cpu7=3 total_threads=16 blocked_threads=6 sched_lock=ok procmgr_lock=ok gpu_pci_lock=ok
[bwm-fps] frames_since_last=169 elapsed_ms=1000 instantaneous_fps=169
[virgl-composite] Frame #2500: 1280x960 → 1280x960 display (first1k: 1000 nonzero, first=0x0014161e)
[heartbeat] tid=12 uptime_ms=16377
[bwm-fps] frames_since_last=190 elapsed_ms=1002 instantaneous_fps=189
[timer] cpu0 ticks=10000
[heartbeat] tid=12 uptime_ms=17379
[bwm-fps] frames_since_last=190 elapsed_ms=1003 instantaneous_fps=189
[virgl-composite] Frame #3000: 1280x960 → 1280x960 display (first1k: 1000 nonzero, first=0x0014161e)
[heartbeat] tid=12 uptime_ms=18380
[bwm-fps] frames_since_last=181 elapsed_ms=1000 instantaneous_fps=181
[heartbeat] tid=12 uptime_ms=19380
[bwm-fps] frames_since_last=165 elapsed_ms=1002 instantaneous_fps=164
[heartbeat] tid=12 uptime_ms=20381
[freeze-watch] uptime_ms=20412 submits=10172 completes=10175 fails=0 last_completion_ms=20412 fps_last_5s=178 cpu=0 tid=3 ctx_switches=43947 timer_ticks_cpu0=12288 timer_ticks_cpu1=14957 timer_ticks_cpu2=14785 timer_ticks_cpu3=14546 timer_ticks_cpu4=14563 timer_ticks_cpu5=14602 timer_ticks_cpu6=14596 timer_ticks_cpu7=14579 rq_total=0 rq_cpu0=0 rq_cpu1=0 rq_cpu2=0 rq_cpu3=0 rq_cpu4=0 rq_cpu5=0 rq_cpu6=0 rq_cpu7=0 cur_cpu0=3 cur_cpu1=4 cur_cpu2=5 cur_cpu3=6 cur_cpu4=7 cur_cpu5=8 cur_cpu6=9 cur_cpu7=10 total_threads=16 blocked_threads=6 sched_lock=ok procmgr_lock=ok gpu_pci_lock=ok
[bwm-fps] frames_since_last=169 elapsed_ms=1000 instantaneous_fps=169
[virgl-composite] Frame #3500: 1280x960 → 1280x960 display (first1k: 1000 nonzero, first=0x0014161e)
[heartbeat] tid=12 uptime_ms=21382
[bwm-fps] frames_since_last=188 elapsed_ms=1004 instantaneous_fps=187
[heartbeat] tid=12 uptime_ms=22382
[bwm-fps] frames_since_last=198 elapsed_ms=1000 instantaneous_fps=198
[heartbeat] tid=12 uptime_ms=23382
[bwm-fps] frames_since_last=162 elapsed_ms=1002 instantaneous_fps=161
[virgl-composite] Frame #4000: 1280x960 → 1280x960 display (first1k: 1000 nonzero, first=0x0014161e)
[heartbeat] tid=12 uptime_ms=24382
[bwm-fps] frames_since_last=184 elapsed_ms=1003 instantaneous_fps=183
[timer] cpu0 ticks=15000
[heartbeat] tid=12 uptime_ms=25383
[freeze-watch] uptime_ms=25415 submits=12908 completes=12911 fails=0 last_completion_ms=25411 fps_last_5s=182 cpu=5 tid=3 ctx_switches=55758 timer_ticks_cpu0=15495 timer_ticks_cpu1=18876 timer_ticks_cpu2=18676 timer_ticks_cpu3=18398 timer_ticks_cpu4=18355 timer_ticks_cpu5=18437 timer_ticks_cpu6=18440 timer_ticks_cpu7=18416 rq_total=0 rq_cpu0=0 rq_cpu1=0 rq_cpu2=0 rq_cpu3=0 rq_cpu4=0 rq_cpu5=0 rq_cpu6=0 rq_cpu7=0 cur_cpu0=13 cur_cpu1=4 cur_cpu2=5 cur_cpu3=6 cur_cpu4=7 cur_cpu5=3 cur_cpu6=9 cur_cpu7=10 total_threads=16 blocked_threads=6 sched_lock=ok procmgr_lock=ok gpu_pci_lock=ok
[bwm-fps] frames_since_last=184 elapsed_ms=1002 instantaneous_fps=183
[heartbeat] tid=12 uptime_ms=26383
[bwm-fps] frames_since_last=187 elapsed_ms=1001 instantaneous_fps=186
[virgl-composite] Frame #4500: 1280x960 → 1280x960 display (first1k: 1000 nonzero, first=0x0014161e)
[SCHED] queue_empty rescue_tid=13 count=0
[heartbeat] tid=12 uptime_ms=27383
