[ahci] Platform AHCI at phys 0x2140000, virt 0xffff000002140000
[ahci] HBA version 1.256, 6 ports, 32 cmd slots, PI=0x0000003f
[ahci] Port 0: Sata, 131072 sectors (64 MB)
[ahci] Port 1: Sata, 524288 sectors (256 MB)
[ahci] IRQ probe: using port 0 dma_index 0
[ahci] IRQ probe: ISPENDR before=[0x01000000, 0x00000000, 0x00000000] after=[0x01000004, 0x00000000, 0x00000000]
[ahci] IRQ probe: PORT_IS=0x00000001 (should have D2H bit set)
[ahci] Platform IRQ probe: discovered SPI 34
[drivers] AHCI initialized (platform MMIO): 2 SATA device(s)
[ext2] No VirtIO block device, trying AHCI...
[ext2] AHCI device 0: 131072 sectors (64 MB)
[ext2] AHCI device 0: not ext2 (magic=0x0064)
[ext2] AHCI device 1: 524288 sectors (256 MB)
[ext2] Found ext2 superblock on AHCI device 1
[ OK ] syscall path verified
[virgl-composite] Frame #0: 1x1 → 1280x960 display (first1k: 1 nonzero, first=0xff000000)
[virgl-composite] Frame #1: 1280x960 → 1280x960 display (first1k: 1000 nonzero, first=0x00121832)
[virgl-composite] Frame #2: 1280x960 → 1280x960 display (first1k: 1000 nonzero, first=0x00121832)
[freeze-watch] uptime_ms=1851 submits=137 completes=140 fails=0 last_completion_ms=1848 fps_last_5s=49 cpu=5 tid=3 ctx_switches=345 timer_ticks_cpu0=343 timer_ticks_cpu1=374 timer_ticks_cpu2=368 timer_ticks_cpu3=364 timer_ticks_cpu4=365 timer_ticks_cpu5=366 timer_ticks_cpu6=363 timer_ticks_cpu7=361 rq_total=0 rq_cpu0=0 rq_cpu1=0 rq_cpu2=0 rq_cpu3=0 rq_cpu4=0 rq_cpu5=0 rq_cpu6=0 rq_cpu7=0 cur_cpu0=0 cur_cpu1=4 cur_cpu2=13 cur_cpu3=6 cur_cpu4=7 cur_cpu5=3 cur_cpu6=9 cur_cpu7=10 total_threads=16 blocked_threads=6 sched_lock=ok procmgr_lock=ok gpu_pci_lock=ok
[freeze-watch] uptime_ms=2353 submits=446 completes=449 fails=0 last_completion_ms=2351 fps_last_5s=205 cpu=2 tid=3 ctx_switches=1595 timer_ticks_cpu0=662 timer_ticks_cpu1=766 timer_ticks_cpu2=759 timer_ticks_cpu3=750 timer_ticks_cpu4=748 timer_ticks_cpu5=751 timer_ticks_cpu6=752 timer_ticks_cpu7=754 rq_total=0 rq_cpu0=0 rq_cpu1=0 rq_cpu2=0 rq_cpu3=0 rq_cpu4=0 rq_cpu5=0 rq_cpu6=0 rq_cpu7=0 cur_cpu0=13 cur_cpu1=4 cur_cpu2=3 cur_cpu3=6 cur_cpu4=7 cur_cpu5=8 cur_cpu6=9 cur_cpu7=10 total_threads=16 blocked_threads=6 sched_lock=ok procmgr_lock=ok gpu_pci_lock=ok
[bwm-fps] frames_since_last=152 elapsed_ms=1002 instantaneous_fps=151
[freeze-watch] uptime_ms=2857 submits=761 completes=764 fails=0 last_completion_ms=2854 fps_last_5s=208 cpu=5 tid=3 ctx_switches=2868 timer_ticks_cpu0=970 timer_ticks_cpu1=1169 timer_ticks_cpu2=1155 timer_ticks_cpu3=1135 timer_ticks_cpu4=1135 timer_ticks_cpu5=1135 timer_ticks_cpu6=1139 timer_ticks_cpu7=1139 rq_total=0 rq_cpu0=0 rq_cpu1=0 rq_cpu2=0 rq_cpu3=0 rq_cpu4=0 rq_cpu5=0 rq_cpu6=0 rq_cpu7=0 cur_cpu0=0 cur_cpu1=4 cur_cpu2=13 cur_cpu3=6 cur_cpu4=7 cur_cpu5=3 cur_cpu6=9 cur_cpu7=10 total_threads=16 blocked_threads=6 sched_lock=ok procmgr_lock=ok gpu_pci_lock=ok
[freeze-watch] uptime_ms=3360 submits=1046 completes=1049 fails=0 last_completion_ms=3356 fps_last_5s=188 cpu=6 tid=0 ctx_switches=4057 timer_ticks_cpu0=1292 timer_ticks_cpu1=1578 timer_ticks_cpu2=1552 timer_ticks_cpu3=1525 timer_ticks_cpu4=1524 timer_ticks_cpu5=1527 timer_ticks_cpu6=1526 timer_ticks_cpu7=1524 rq_total=0 rq_cpu0=0 rq_cpu1=0 rq_cpu2=0 rq_cpu3=0 rq_cpu4=0 rq_cpu5=0 rq_cpu6=0 rq_cpu7=0 cur_cpu0=0 cur_cpu1=0 cur_cpu2=0 cur_cpu3=0 cur_cpu4=0 cur_cpu5=0 cur_cpu6=0 cur_cpu7=0 total_threads=0 blocked_threads=0 sched_lock=busy procmgr_lock=ok gpu_pci_lock=ok
[bwm-fps] frames_since_last=193 elapsed_ms=1003 instantaneous_fps=192
[freeze-watch] uptime_ms=3863 submits=1293 completes=1295 fails=0 last_completion_ms=3856 fps_last_5s=163 cpu=1 tid=3 ctx_switches=5154 timer_ticks_cpu0=1613 timer_ticks_cpu1=1969 timer_ticks_cpu2=1936 timer_ticks_cpu3=1910 timer_ticks_cpu4=1902 timer_ticks_cpu5=1910 timer_ticks_cpu6=1908 timer_ticks_cpu7=1909 rq_total=0 rq_cpu0=0 rq_cpu1=0 rq_cpu2=0 rq_cpu3=0 rq_cpu4=0 rq_cpu5=0 rq_cpu6=0 rq_cpu7=0 cur_cpu0=0 cur_cpu1=3 cur_cpu2=5 cur_cpu3=6 cur_cpu4=7 cur_cpu5=8 cur_cpu6=9 cur_cpu7=10 total_threads=16 blocked_threads=7 sched_lock=ok procmgr_lock=ok gpu_pci_lock=busy
[virgl-composite] Frame #500: 1280x960 → 1280x960 display (first1k: 1000 nonzero, first=0x0014161e)
[freeze-watch] uptime_ms=4365 submits=1571 completes=1574 fails=0 last_completion_ms=4362 fps_last_5s=185 cpu=7 tid=0 ctx_switches=6316 timer_ticks_cpu0=1939 timer_ticks_cpu1=2371 timer_ticks_cpu2=2326 timer_ticks_cpu3=2293 timer_ticks_cpu4=2288 timer_ticks_cpu5=2294 timer_ticks_cpu6=2295 timer_ticks_cpu7=2295 rq_total=0 rq_cpu0=0 rq_cpu1=0 rq_cpu2=0 rq_cpu3=0 rq_cpu4=0 rq_cpu5=0 rq_cpu6=0 rq_cpu7=0 cur_cpu0=0 cur_cpu1=0 cur_cpu2=0 cur_cpu3=0 cur_cpu4=0 cur_cpu5=0 cur_cpu6=0 cur_cpu7=0 total_threads=0 blocked_threads=0 sched_lock=busy procmgr_lock=ok gpu_pci_lock=ok
[bwm-fps] frames_since_last=180 elapsed_ms=1004 instantaneous_fps=179
[freeze-watch] uptime_ms=4867 submits=1871 completes=1874 fails=0 last_completion_ms=4866 fps_last_5s=199 cpu=4 tid=3 ctx_switches=7540 timer_ticks_cpu0=2267 timer_ticks_cpu1=2773 timer_ticks_cpu2=2725 timer_ticks_cpu3=2686 timer_ticks_cpu4=2678 timer_ticks_cpu5=2689 timer_ticks_cpu6=2683 timer_ticks_cpu7=2686 rq_total=0 rq_cpu0=0 rq_cpu1=0 rq_cpu2=0 rq_cpu3=0 rq_cpu4=0 rq_cpu5=0 rq_cpu6=0 rq_cpu7=0 cur_cpu0=0 cur_cpu1=13 cur_cpu2=5 cur_cpu3=6 cur_cpu4=3 cur_cpu5=8 cur_cpu6=9 cur_cpu7=10 total_threads=16 blocked_threads=6 sched_lock=ok procmgr_lock=ok gpu_pci_lock=ok
[freeze-watch] uptime_ms=5370 submits=2168 completes=2171 fails=0 last_completion_ms=5366 fps_last_5s=196 cpu=5 tid=3 ctx_switches=8741 timer_ticks_cpu0=2580 timer_ticks_cpu1=3178 timer_ticks_cpu2=3119 timer_ticks_cpu3=3075 timer_ticks_cpu4=3066 timer_ticks_cpu5=3079 timer_ticks_cpu6=3069 timer_ticks_cpu7=3075 rq_total=0 rq_cpu0=0 rq_cpu1=0 rq_cpu2=0 rq_cpu3=0 rq_cpu4=0 rq_cpu5=0 rq_cpu6=0 rq_cpu7=0 cur_cpu0=13 cur_cpu1=4 cur_cpu2=5 cur_cpu3=6 cur_cpu4=7 cur_cpu5=3 cur_cpu6=9 cur_cpu7=10 total_threads=16 blocked_threads=5 sched_lock=ok procmgr_lock=ok gpu_pci_lock=ok
[bwm-fps] frames_since_last=196 elapsed_ms=1003 instantaneous_fps=195
[freeze-watch] uptime_ms=5879 submits=2450 completes=2453 fails=0 last_completion_ms=5876 fps_last_5s=184 cpu=2 tid=3 ctx_switches=9886 timer_ticks_cpu0=2911 timer_ticks_cpu1=3578 timer_ticks_cpu2=3516 timer_ticks_cpu3=3472 timer_ticks_cpu4=3451 timer_ticks_cpu5=3460 timer_ticks_cpu6=3453 timer_ticks_cpu7=3464 rq_total=0 rq_cpu0=0 rq_cpu1=0 rq_cpu2=0 rq_cpu3=0 rq_cpu4=0 rq_cpu5=0 rq_cpu6=0 rq_cpu7=0 cur_cpu0=0 cur_cpu1=13 cur_cpu2=3 cur_cpu3=6 cur_cpu4=7 cur_cpu5=8 cur_cpu6=9 cur_cpu7=10 total_threads=16 blocked_threads=6 sched_lock=ok procmgr_lock=ok gpu_pci_lock=ok
[freeze-watch] uptime_ms=6382 submits=2750 completes=2753 fails=0 last_completion_ms=6381 fps_last_5s=198 cpu=2 tid=3 ctx_switches=11115 timer_ticks_cpu0=3232 timer_ticks_cpu1=3972 timer_ticks_cpu2=3913 timer_ticks_cpu3=3863 timer_ticks_cpu4=3844 timer_ticks_cpu5=3844 timer_ticks_cpu6=3845 timer_ticks_cpu7=3857 rq_total=0 rq_cpu0=0 rq_cpu1=0 rq_cpu2=0 rq_cpu3=0 rq_cpu4=0 rq_cpu5=0 rq_cpu6=0 rq_cpu7=0 cur_cpu0=13 cur_cpu1=4 cur_cpu2=3 cur_cpu3=6 cur_cpu4=7 cur_cpu5=8 cur_cpu6=9 cur_cpu7=10 total_threads=16 blocked_threads=6 sched_lock=ok procmgr_lock=ok gpu_pci_lock=ok
[bwm-fps] frames_since_last=194 elapsed_ms=1003 instantaneous_fps=193
[freeze-watch] uptime_ms=6884 submits=3035 completes=3038 fails=0 last_completion_ms=6883 fps_last_5s=189 cpu=1 tid=3 ctx_switches=12278 timer_ticks_cpu0=3557 timer_ticks_cpu1=4371 timer_ticks_cpu2=4302 timer_ticks_cpu3=4248 timer_ticks_cpu4=4231 timer_ticks_cpu5=4232 timer_ticks_cpu6=4232 timer_ticks_cpu7=4239 rq_total=0 rq_cpu0=0 rq_cpu1=0 rq_cpu2=0 rq_cpu3=0 rq_cpu4=0 rq_cpu5=0 rq_cpu6=0 rq_cpu7=0 cur_cpu0=0 cur_cpu1=3 cur_cpu2=5 cur_cpu3=6 cur_cpu4=7 cur_cpu5=8 cur_cpu6=9 cur_cpu7=10 total_threads=16 blocked_threads=6 sched_lock=ok procmgr_lock=ok gpu_pci_lock=ok
[virgl-composite] Frame #1000: 1280x960 → 1280x960 display (first1k: 1000 nonzero, first=0x0014161e)
[freeze-watch] uptime_ms=7387 submits=3303 completes=3305 fails=0 last_completion_ms=7383 fps_last_5s=176 cpu=7 tid=3 ctx_switches=13389 timer_ticks_cpu0=3879 timer_ticks_cpu1=4765 timer_ticks_cpu2=4690 timer_ticks_cpu3=4636 timer_ticks_cpu4=4610 timer_ticks_cpu5=4615 timer_ticks_cpu6=4614 timer_ticks_cpu7=4624 rq_total=1 rq_cpu0=0 rq_cpu1=1 rq_cpu2=0 rq_cpu3=0 rq_cpu4=0 rq_cpu5=0 rq_cpu6=0 rq_cpu7=0 cur_cpu0=0 cur_cpu1=4 cur_cpu2=5 cur_cpu3=6 cur_cpu4=7 cur_cpu5=8 cur_cpu6=9 cur_cpu7=3 total_threads=16 blocked_threads=6 sched_lock=ok procmgr_lock=ok gpu_pci_lock=busy
[bwm-fps] frames_since_last=174 elapsed_ms=1040 instantaneous_fps=167
[freeze-watch] uptime_ms=7889 submits=3506 completes=3509 fails=0 last_completion_ms=7889 fps_last_5s=135 cpu=1 tid=3 ctx_switches=14415 timer_ticks_cpu0=4203 timer_ticks_cpu1=5148 timer_ticks_cpu2=5075 timer_ticks_cpu3=5007 timer_ticks_cpu4=4984 timer_ticks_cpu5=4993 timer_ticks_cpu6=4989 timer_ticks_cpu7=4997 rq_total=0 rq_cpu0=0 rq_cpu1=0 rq_cpu2=0 rq_cpu3=0 rq_cpu4=0 rq_cpu5=0 rq_cpu6=0 rq_cpu7=0 cur_cpu0=0 cur_cpu1=3 cur_cpu2=5 cur_cpu3=6 cur_cpu4=7 cur_cpu5=8 cur_cpu6=9 cur_cpu7=10 total_threads=16 blocked_threads=6 sched_lock=ok procmgr_lock=ok gpu_pci_lock=ok
[freeze-watch] uptime_ms=8393 submits=3764 completes=3767 fails=0 last_completion_ms=8392 fps_last_5s=170 cpu=0 tid=0 ctx_switches=15590 timer_ticks_cpu0=4529 timer_ticks_cpu1=5538 timer_ticks_cpu2=5465 timer_ticks_cpu3=5389 timer_ticks_cpu4=5372 timer_ticks_cpu5=5379 timer_ticks_cpu6=5373 timer_ticks_cpu7=5382 rq_total=0 rq_cpu0=0 rq_cpu1=0 rq_cpu2=0 rq_cpu3=0 rq_cpu4=0 rq_cpu5=0 rq_cpu6=0 rq_cpu7=0 cur_cpu0=0 cur_cpu1=0 cur_cpu2=0 cur_cpu3=0 cur_cpu4=0 cur_cpu5=0 cur_cpu6=0 cur_cpu7=0 total_threads=0 blocked_threads=0 sched_lock=busy procmgr_lock=ok gpu_pci_lock=ok
[bwm-fps] frames_since_last=169 elapsed_ms=1003 instantaneous_fps=168
[freeze-watch] uptime_ms=8895 submits=4050 completes=4052 fails=0 last_completion_ms=8892 fps_last_5s=189 cpu=2 tid=3 ctx_switches=16844 timer_ticks_cpu0=4858 timer_ticks_cpu1=5932 timer_ticks_cpu2=5859 timer_ticks_cpu3=5779 timer_ticks_cpu4=5760 timer_ticks_cpu5=5769 timer_ticks_cpu6=5769 timer_ticks_cpu7=5778 rq_total=0 rq_cpu0=0 rq_cpu1=0 rq_cpu2=0 rq_cpu3=0 rq_cpu4=0 rq_cpu5=0 rq_cpu6=0 rq_cpu7=0 cur_cpu0=0 cur_cpu1=4 cur_cpu2=3 cur_cpu3=6 cur_cpu4=7 cur_cpu5=8 cur_cpu6=9 cur_cpu7=10 total_threads=16 blocked_threads=7 sched_lock=ok procmgr_lock=ok gpu_pci_lock=busy
[freeze-watch] uptime_ms=9398 submits=4334 completes=4337 fails=0 last_completion_ms=9396 fps_last_5s=188 cpu=1 tid=0 ctx_switches=18069 timer_ticks_cpu0=5176 timer_ticks_cpu1=6326 timer_ticks_cpu2=6251 timer_ticks_cpu3=6161 timer_ticks_cpu4=6142 timer_ticks_cpu5=6157 timer_ticks_cpu6=6152 timer_ticks_cpu7=6162 rq_total=0 rq_cpu0=0 rq_cpu1=0 rq_cpu2=0 rq_cpu3=0 rq_cpu4=0 rq_cpu5=0 rq_cpu6=0 rq_cpu7=0 cur_cpu0=0 cur_cpu1=0 cur_cpu2=0 cur_cpu3=0 cur_cpu4=0 cur_cpu5=0 cur_cpu6=0 cur_cpu7=0 total_threads=0 blocked_threads=0 sched_lock=busy procmgr_lock=ok gpu_pci_lock=ok
[bwm-fps] frames_since_last=190 elapsed_ms=1004 instantaneous_fps=189
[virgl-composite] Frame #1500: 1280x960 → 1280x960 display (first1k: 1000 nonzero, first=0x0014161e)
[freeze-watch] uptime_ms=9902 submits=4610 completes=4613 fails=0 last_completion_ms=9899 fps_last_5s=182 cpu=1 tid=3 ctx_switches=19278 timer_ticks_cpu0=5502 timer_ticks_cpu1=6721 timer_ticks_cpu2=6643 timer_ticks_cpu3=6544 timer_ticks_cpu4=6532 timer_ticks_cpu5=6548 timer_ticks_cpu6=6543 timer_ticks_cpu7=6550 rq_total=0 rq_cpu0=0 rq_cpu1=0 rq_cpu2=0 rq_cpu3=0 rq_cpu4=0 rq_cpu5=0 rq_cpu6=0 rq_cpu7=0 cur_cpu0=0 cur_cpu1=3 cur_cpu2=5 cur_cpu3=6 cur_cpu4=7 cur_cpu5=8 cur_cpu6=9 cur_cpu7=10 total_threads=16 blocked_threads=6 sched_lock=ok procmgr_lock=ok gpu_pci_lock=ok
[freeze-watch] uptime_ms=10406 submits=4880 completes=4883 fails=0 last_completion_ms=10403 fps_last_5s=178 cpu=0 tid=3 ctx_switches=20491 timer_ticks_cpu0=5825 timer_ticks_cpu1=7122 timer_ticks_cpu2=7044 timer_ticks_cpu3=6931 timer_ticks_cpu4=6922 timer_ticks_cpu5=6939 timer_ticks_cpu6=6931 timer_ticks_cpu7=6937 rq_total=0 rq_cpu0=0 rq_cpu1=0 rq_cpu2=0 rq_cpu3=0 rq_cpu4=0 rq_cpu5=0 rq_cpu6=0 rq_cpu7=0 cur_cpu0=3 cur_cpu1=4 cur_cpu2=5 cur_cpu3=6 cur_cpu4=7 cur_cpu5=8 cur_cpu6=9 cur_cpu7=10 total_threads=16 blocked_threads=6 sched_lock=ok procmgr_lock=ok gpu_pci_lock=ok
[bwm-fps] frames_since_last=184 elapsed_ms=1005 instantaneous_fps=183
[bwm-fps] frames_since_last=170 elapsed_ms=1003 instantaneous_fps=169
[bwm-fps] frames_since_last=166 elapsed_ms=1000 instantaneous_fps=166
[virgl-composite] Frame #2000: 1280x960 → 1280x960 display (first1k: 1000 nonzero, first=0x0014161e)
[bwm-fps] frames_since_last=196 elapsed_ms=1000 instantaneous_fps=196
[bwm-fps] frames_since_last=166 elapsed_ms=1000 instantaneous_fps=166
[freeze-watch] uptime_ms=15410 submits=7490 completes=7493 fails=0 last_completion_ms=15408 fps_last_5s=173 cpu=7 tid=3 ctx_switches=32109 timer_ticks_cpu0=9069 timer_ticks_cpu1=11021 timer_ticks_cpu2=10910 timer_ticks_cpu3=10735 timer_ticks_cpu4=10731 timer_ticks_cpu5=10761 timer_ticks_cpu6=10753 timer_ticks_cpu7=10761 rq_total=0 rq_cpu0=0 rq_cpu1=0 rq_cpu2=0 rq_cpu3=0 rq_cpu4=0 rq_cpu5=0 rq_cpu6=0 rq_cpu7=0 cur_cpu0=0 cur_cpu1=4 cur_cpu2=5 cur_cpu3=6 cur_cpu4=7 cur_cpu5=8 cur_cpu6=9 cur_cpu7=3 total_threads=16 blocked_threads=6 sched_lock=ok procmgr_lock=ok gpu_pci_lock=ok
[bwm-fps] frames_since_last=169 elapsed_ms=1000 instantaneous_fps=169
[virgl-composite] Frame #2500: 1280x960 → 1280x960 display (first1k: 1000 nonzero, first=0x0014161e)
[bwm-fps] frames_since_last=190 elapsed_ms=1002 instantaneous_fps=189
[bwm-fps] frames_since_last=190 elapsed_ms=1003 instantaneous_fps=189
[virgl-composite] Frame #3000: 1280x960 → 1280x960 display (first1k: 1000 nonzero, first=0x0014161e)
[bwm-fps] frames_since_last=181 elapsed_ms=1000 instantaneous_fps=181
[bwm-fps] frames_since_last=165 elapsed_ms=1002 instantaneous_fps=164
[freeze-watch] uptime_ms=20412 submits=10172 completes=10175 fails=0 last_completion_ms=20412 fps_last_5s=178 cpu=0 tid=3 ctx_switches=43947 timer_ticks_cpu0=12288 timer_ticks_cpu1=14957 timer_ticks_cpu2=14785 timer_ticks_cpu3=14546 timer_ticks_cpu4=14563 timer_ticks_cpu5=14602 timer_ticks_cpu6=14596 timer_ticks_cpu7=14579 rq_total=0 rq_cpu0=0 rq_cpu1=0 rq_cpu2=0 rq_cpu3=0 rq_cpu4=0 rq_cpu5=0 rq_cpu6=0 rq_cpu7=0 cur_cpu0=3 cur_cpu1=4 cur_cpu2=5 cur_cpu3=6 cur_cpu4=7 cur_cpu5=8 cur_cpu6=9 cur_cpu7=10 total_threads=16 blocked_threads=6 sched_lock=ok procmgr_lock=ok gpu_pci_lock=ok
[bwm-fps] frames_since_last=169 elapsed_ms=1000 instantaneous_fps=169
[virgl-composite] Frame #3500: 1280x960 → 1280x960 display (first1k: 1000 nonzero, first=0x0014161e)
[bwm-fps] frames_since_last=188 elapsed_ms=1004 instantaneous_fps=187
[bwm-fps] frames_since_last=198 elapsed_ms=1000 instantaneous_fps=198
[bwm-fps] frames_since_last=162 elapsed_ms=1002 instantaneous_fps=161
[virgl-composite] Frame #4000: 1280x960 → 1280x960 display (first1k: 1000 nonzero, first=0x0014161e)
[bwm-fps] frames_since_last=184 elapsed_ms=1003 instantaneous_fps=183
[freeze-watch] uptime_ms=25415 submits=12908 completes=12911 fails=0 last_completion_ms=25411 fps_last_5s=182 cpu=5 tid=3 ctx_switches=55758 timer_ticks_cpu0=15495 timer_ticks_cpu1=18876 timer_ticks_cpu2=18676 timer_ticks_cpu3=18398 timer_ticks_cpu4=18355 timer_ticks_cpu5=18437 timer_ticks_cpu6=18440 timer_ticks_cpu7=18416 rq_total=0 rq_cpu0=0 rq_cpu1=0 rq_cpu2=0 rq_cpu3=0 rq_cpu4=0 rq_cpu5=0 rq_cpu6=0 rq_cpu7=0 cur_cpu0=13 cur_cpu1=4 cur_cpu2=5 cur_cpu3=6 cur_cpu4=7 cur_cpu5=3 cur_cpu6=9 cur_cpu7=10 total_threads=16 blocked_threads=6 sched_lock=ok procmgr_lock=ok gpu_pci_lock=ok
[bwm-fps] frames_since_last=184 elapsed_ms=1002 instantaneous_fps=183
[bwm-fps] frames_since_last=187 elapsed_ms=1001 instantaneous_fps=186
[virgl-composite] Frame #4500: 1280x960 → 1280x960 display (first1k: 1000 nonzero, first=0x0014161e)
