[2026-05-19 06:41:04] elapsed=3s ahci_state=WAITING_CODEX prl_rc=0
breenix_vms: none
[2026-05-19 06:43:05] elapsed=124s ahci_state=WAITING_CODEX prl_rc=0
breenix_vms: none
[2026-05-19 06:45:05] elapsed=244s ahci_state=WAITING_CODEX prl_rc=0
breenix_vms: none
[2026-05-19 06:47:06] elapsed=365s ahci_state=WAITING_CODEX prl_rc=0
breenix_vms: none
[2026-05-19 06:49:19] elapsed=498s ahci_state=WAITING_CODEX prl_rc=0
breenix_vms:
breenix-1779187677               starting
[2026-05-19 06:51:54] elapsed=653s ahci_state=WAITING_CODEX prl_rc=137
breenix_vms: none
[2026-05-19 06:53:54] elapsed=773s ahci_state=WAITING_CODEX prl_rc=0
breenix_vms: none
[2026-05-19 06:56:29] elapsed=928s ahci_state=WAITING_CODEX prl_rc=137
breenix_vms: none
[2026-05-19 06:58:39] elapsed=1058s ahci_state=WAITING_CODEX prl_rc=0
breenix_vms:
breenix-1779188088               running
[2026-05-19 07:00:39] elapsed=1178s ahci_state=WAITING_CODEX prl_rc=0
breenix_vms: none
[2026-05-19 07:02:40] elapsed=1299s ahci_state=WAITING_CODEX prl_rc=0
breenix_vms: none
[2026-05-19 07:04:40] elapsed=1419s ahci_state=AWAITING_REVIEW prl_rc=0
breenix_vms: none
