[ram] 6 regions:
[ram]   0x40000000 - 0xffff0000 (3071 MB)
[ram]   0x100000000 - 0x140000000 (1024 MB)
[ram]   0x140025000 - 0x23be0f000 (4029 MB)
[ram]   0x23c000000 - 0x23c020000 (0 MB)
[ram]   0x23c080000 - 0x23f550000 (52 MB)
[ram]   0x23f930000 - 0x240000000 (6 MB)
[kern] entry_phys=0x400998c4 load=0x40080000-0x50104000
[gop-serial] UART: base=0x2110000 type=0 (PL011)
[gop-serial] Enumerating GOP display modes:
[gop-serial]   Mode 0: 1024x768 format=BGR
[gop-serial] 1 modes total, best=786432 pixels
[gop-serial] Already at best mode: 1024x768
[gop-serial] Selected: 1024x768 stride=1024 base=0x10000000 size=0x300000
ZZ00000000400998c4BDMTIVL!J>12KPHEOS
========================================
  Breenix ARM64 Kernel Starting
  BUILD_ID: 006a0d8dff076e
========================================

[boot] DIAG_MARKER_XHCI_A
[boot] DIAG_MARKER_XHCI_B
[boot] DIAG_MARKER_XHCI_C
[boot] loader xhci_hcrst_raw=0x0 ecam=0x2300000
[boot] Current exception level: EL1
[boot] MMU already enabled (high-half kernel)
[boot] Initializing memory management (0x44000000-0x50000000)...
[boot] Memory management ready
[boot] Initializing Generic Timer...
[boot] Timer frequency: 24000000 Hz (24 MHz)
[boot] Initializing PL031 RTC...
[boot] Current timestamp: 27476286
[boot] Initializing GIC...
[gic] GICR probe 0x02500000: WAKER=0x00000000 <<< VALID
[gic] GICD_CTLR wrote 0x53, readback=0x53
[gic] GICR_IGROUPR0: wrote 0xFFFFFFFF, readback=0xffffffff
[gic] ICC_CTLR_EL1: 0x40400 -> 0x40402 (EOImode=1)
[boot] GIC initialized (version 3)
[boot] Enabling UART interrupts...
[boot] Enabling GIC IRQ 33 (UART0)...
[uart] IMSC: 0x0 -> 0x50 (verify: 0x50)
[uart] FR=0x90 (RXFE=1), RIS=0x20
[gic] IRQ 33 state (GICv3):
  enabled=true, group1=true, pending=false
  priority=0xa0, GICD_CTLR=0x53
  ICC_PMR=0xf0
[boot] UART interrupts enabled
[boot] Enabling interrupts...
[boot] Interrupts enabled: true
[boot] Initializing device drivers...
[drivers] Initializing driver subsystem...
[drivers] PCI ECAM at 0x2300000, enumerating PCI bus...
[drivers] Found 7 PCI devices
[pci] 00:01.0 [8086:293e] class=04/03
[pci]   BAR0: 0x18008000 (16384)
[pci] 00:02.0 [8086:265c] class=0c/03
[pci]   BAR0: 0x18012000 (4096)
[pci]   BAR1: 0x0 (4096)
[pci]   BAR2: 0x0 (4096)
[pci]   BAR3: 0x0 (4096)
[pci]   BAR4: 0x0 (4096)
[pci]   BAR5: 0x0 (4096)
[pci] 00:03.0 [1033:0194] class=0c/03
[pci]   BAR0: 0x18011000 (4096)
[pci]   BAR1: 0x0 (4096)
[pci]   BAR2: 0x0 (4096)
[pci]   BAR3: 0x0 (4096)
[pci]   BAR4: 0x0 (4096)
[pci]   BAR5: 0x0 (4096)
[pci] 00:05.0 [1af4:1000] class=02/00
[pci]   BAR0: 0x18010000 (4096)
[pci]   BAR1: 0x1800f000 (4096)
[pci] 00:09.0 [1ab8:4000] class=ff/00
[pci]   BAR0: 0x1800e000 (4096)
[pci] 00:0a.0 [1af4:1050] class=03/00
[pci]   BAR0: 0x10000000 (134217728)
[pci]   BAR1: 0x1800d000 (4096)
[pci]   BAR4: 0x18004000 (16384)
[pci] 00:0e.0 [1af4:1053] class=07/80
[pci]   BAR1: 0x1800c000 (4096)
[pci]   BAR4: 0x18000000 (16384)
[drivers] Found 2 VirtIO PCI devices
[virtio-gpu-pci] Device features: 0x0000000100000001
[virtio-gpu-pci] VIRGL offered: true
[virtio-gpu-pci] Negotiated: 0x0000000100000001 (VIRGL=true)
[virtio-gpu-pci] VIRGL_ENABLED stored=true, readback=true, addr=0xffff000041bce0c0
[pci] 00:0a.0: capabilities:
  cap 0x11 (MSI-X) @ 0xb0: dw0=0x0001bc11 dw1=0x00000001
  cap 0x09 (?) @ 0xbc: dw0=0x0410cc09 dw1=0x00000004
  cap 0x09 (?) @ 0xcc: dw0=0x0310dc09 dw1=0x00000004
  cap 0x09 (?) @ 0xdc: dw0=0x0214f009 dw1=0x00000004
  cap 0x09 (?) @ 0xf0: dw0=0x01100009 dw1=0x00000004
[gicv2m] MSI_TYPER raw=0x80350040 -> base_spi=53, num_spi=64
[virtio-gpu-pci] MSI-X cap at 0xb0: 2 vectors
[virtio-gpu-pci] MSI-X enabled: config_spi=53 queue_spi=54 doorbell=0x2250040 vectors=2
[virtio-gpu-pci] config_msix_vector: wrote=0x0 readback=0x0
[virtio-gpu-pci] Device has 2 queues
[virtio-gpu-pci] Queue 0 msix_vector: wrote=0x1 readback=0x1
[virtio-gpu-pci] Queue 1 msix_vector: wrote=0x1 readback=0x1
[virtio-gpu-pci] Cursor queue (q1) set up: size=16
[virtio-gpu-pci] Config: num_scanouts=16, num_capsets=1
[virtio-gpu-pci] MSI-X active: config_spi=53 queue_spi=54 queue_vector=1
[virtio-gpu-pci] Capset 0: id=2, max_ver=2, max_size=768
[virtio-gpu-pci] GET_CAPSET(id=2, ver=2): resp=0x1103
[virtio-gpu-pci] Display reports: 1024x768
[virtio-gpu-pci] Resolution: 1280x960 (display=1024x768, GOP=1024x768, min=1280x960)
[virtio-gpu-pci] 2D resource created and scanout set
[virtio-gpu-pci] Initialized: 1280x960
[drivers] VirtIO GPU (PCI) initialized
[virgl] Initializing VirGL 3D pipeline...
[virgl] 3D framebuffer backing: heap ptr=0xffff0000502e2000, phys=0x502e2000, size=4915200
[virgl] Step 1: context created
[virgl] Step 2: 3D resource created (1280x960, bind=0x0014000a)
[virgl] attach_backing: phys=0x502e2000, len=4915200, nr_pages=1200
[virgl] attach_backing: sending 3-desc chain: hdr=0x41bce1c0(32B), entries=0x50792000(19200B)
[virgl] attach_backing: OK (1200 pages attached)
[virgl] Step 3: backing attached
[virgl] Step 4: resource attached to context
[virgl] Step 5: resource primed
[virgl] SUBMIT_3D OK: id=1 used_len=0 resp_flags=0x1 resp_fence=1
[virgl] Step 6: VirGL CLEAR (cornflower blue)
[virgl] Step 7: SET_SCANOUT + RESOURCE_FLUSH done
[virgl] Step 7: VB resource created (no backing, INLINE_WRITE only)
[virgl-composite] Texture backing: heap ptr=0xffff000050792000, phys=0x50792000, 1280x960 (4915200B, 1200 pages)
[virgl] attach_backing: phys=0x50792000, len=4915200, nr_pages=1200
[virgl] attach_backing: sending 3-desc chain: hdr=0x41bce1c0(32B), entries=0x50c42000(19200B)
[virgl] attach_backing: OK (1200 pages attached)
[virgl-composite] Texture resource initialized (id=5)
[virgl] attach_backing: phys=0x50c42000, len=4915200, nr_pages=1200
[virgl] attach_backing: sending 3-desc chain: hdr=0x41bce1c0(32B), entries=0x510f2000(19200B)
[virgl] attach_backing: OK (1200 pages attached)
[virgl-pool] Pre-allocated slot=0 res_id=10 1280x960
[virgl] attach_backing: phys=0x510f2000, len=4915200, nr_pages=1200
[virgl] attach_backing: sending 3-desc chain: hdr=0x41bce1c0(32B), entries=0x515a2000(19200B)
[virgl] attach_backing: OK (1200 pages attached)
[virgl-pool] Pre-allocated slot=1 res_id=11 1280x960
[virgl] attach_backing: phys=0x515a2000, len=4915200, nr_pages=1200
[virgl] attach_backing: sending 3-desc chain: hdr=0x41bce1c0(32B), entries=0x51a52000(19200B)
[virgl] attach_backing: OK (1200 pages attached)
[virgl-pool] Pre-allocated slot=2 res_id=12 1280x960
[virgl] attach_backing: phys=0x51a52000, len=4915200, nr_pages=1200
[virgl] attach_backing: sending 3-desc chain: hdr=0x41bce1c0(32B), entries=0x51f02000(19200B)
[virgl] attach_backing: OK (1200 pages attached)
[virgl-pool] Pre-allocated slot=3 res_id=13 1280x960
[virgl] attach_backing: phys=0x51f02000, len=4915200, nr_pages=1200
[virgl] attach_backing: sending 3-desc chain: hdr=0x41bce1c0(32B), entries=0x523b2000(19200B)
[virgl] attach_backing: OK (1200 pages attached)
[virgl-pool] Pre-allocated slot=4 res_id=14 1280x960
[virgl] attach_backing: phys=0x523b2000, len=4915200, nr_pages=1200
[virgl] attach_backing: sending 3-desc chain: hdr=0x41bce1c0(32B), entries=0x52862000(19200B)
[virgl] attach_backing: OK (1200 pages attached)
[virgl-pool] Pre-allocated slot=5 res_id=15 1280x960
[virgl] attach_backing: phys=0x52862000, len=4915200, nr_pages=1200
[virgl] attach_backing: sending 3-desc chain: hdr=0x41bce1c0(32B), entries=0x52d12000(19200B)
[virgl] attach_backing: OK (1200 pages attached)
[virgl-pool] Pre-allocated slot=6 res_id=16 1280x960
[virgl] attach_backing: phys=0x52d12000, len=4915200, nr_pages=1200
[virgl] attach_backing: sending 3-desc chain: hdr=0x41bce1c0(32B), entries=0x531c2000(19200B)
[virgl] attach_backing: OK (1200 pages attached)
[virgl-pool] Pre-allocated slot=7 res_id=17 1280x960
[virgl] attach_backing: phys=0x531c2000, len=8192, nr_pages=2
[virgl] attach_backing: sending 3-desc chain: hdr=0x41bce1c0(32B), entries=0x502e0040(32B)
[virgl] attach_backing: OK (2 pages attached)
[virgl-cursor] Cursor texture initialized (id=6, 16x80, 5 shapes)
[virgl] attach_backing: phys=0x531c4000, len=4096, nr_pages=1
[virgl] attach_backing: sending 3-desc chain: hdr=0x41bce1c0(32B), entries=0x502e0040(16B)
[virgl] attach_backing: OK (1 pages attached)
[virgl-dimmer] Dimmer texture initialized (id=7, 4x4)
[virgl] Step 8: Compositor texture initialized
[virgl] Step 9: full pipeline+draw batch (191 DWORDs)
[virgl] SUBMIT_3D OK: id=2 used_len=0 resp_flags=0x1 resp_fence=2
[virgl] Step 10: SET_SCANOUT + RESOURCE_FLUSH
[virgl] VirGL 3D pipeline initialized successfully
[drivers] VirGL 3D acceleration active
[drivers] Compositor backend: VirGL
[virtio-gpu-pci] GPU command waits use scheduler waitqueue
[virtio-net-pci] Searching for VirtIO network device on PCI bus...
[virtio-net-pci] Found at 00:05.0 [1af4:1000]
[virtio-net-pci] BAR0: phys=0x18010000 virt=0xffff000018010000 size=4096
[virtio-net-pci] Device features: 0x6187bfa3
[virtio-net-pci] MAC: 00:1c:42:34:79:f7
[virtio-net-pci] Queue 0 max size: 256
[virtio-net-pci] Queue 0 PFN=0x402da (phys=0x402da000)
[virtio-net-pci] Queue 1 max size: 256
[virtio-net-pci] Queue 1 PFN=0x402dd (phys=0x402dd000)
[pci] 00:05.0: capabilities:
  cap 0x10 (PCIe) @ 0x48: dw0=0x00024010 dw1=0x00000fc0
  cap 0x01 (PM) @ 0x40: dw0=0x0022f401 dw1=0x00000000
  cap 0x11 (MSI-X) @ 0xf4: dw0=0x00020011 dw1=0x00000001
[virtio-net-pci] MSI-X cap at 0xf4: 3 vectors
[virtio-net-pci] MSI-X vector assignments: cfg=0xffff rx=0x0
[virtio-net-pci] MSI-X enabled: SPI 55 doorbell=0x2250040 vectors=3
[virtio-net-pci] Network device initialized successfully
[drivers] VirtIO network (PCI) initialized
[drivers] SVGA3 init skipped: SVGA3 device not found
[drivers] Found XHCI at 00:03.0 [1033:0194]
[xhci] DMA addrs: DCBAA=0x40263000 CMD_RING=0x40264000 EVT_RING=0x40274000 ERST=0x40332340
[xhci] Regs: USBCMD=0x5 USBSTS=0x0 CRCR=0x0 DCBAAP=0x40263000
[xhci] IR0: IMAN=0x2 ERDP=0x40274000 ERSTBA=0x40332340
[xhci] Port scan: 14 ports
[xhci]   port 1: PORTSC=0x00021203 CCS=1 PED=1 speed=4
[xhci]   port 2: PORTSC=0x00021203 CCS=1 PED=1 speed=4
[xhci]   port 3: PORTSC=0x00021203 CCS=1 PED=1 speed=4
[xhci]   port 4: PORTSC=0x000002a0 CCS=0 PED=0 speed=0
[xhci]   port 5: PORTSC=0x000002a0 CCS=0 PED=0 speed=0
[xhci]   port 6: PORTSC=0x000002a0 CCS=0 PED=0 speed=0
[xhci]   port 7: PORTSC=0x000002a0 CCS=0 PED=0 speed=0
[xhci]   port 8: PORTSC=0x000002a0 CCS=0 PED=0 speed=0
[xhci]   port 9: PORTSC=0x000002a0 CCS=0 PED=0 speed=0
[xhci]   port 10: PORTSC=0x000002a0 CCS=0 PED=0 speed=0
[xhci]   port 11: PORTSC=0x000002a0 CCS=0 PED=0 speed=0
[xhci]   port 12: PORTSC=0x000002a0 CCS=0 PED=0 speed=0
[xhci]   port 13: PORTSC=0x000002a0 CCS=0 PED=0 speed=0
[xhci]   port 14: PORTSC=0x000002a0 CCS=0 PED=0 speed=0
[xhci] port 1 connected: PORTSC=0x00001203 PED=1 speed=4
[xhci] port 1 EnableSlot -> slot 1
[xhci] port 1 AddressDevice OK (slot 1)
[xhci] slot1: vid=0x203a pid=0xfffc class=0x00/0x00/0x00
[xhci] slot1 iface0: class=0x03 sub=0x00 proto=0x02 numEP=1
[xhci] HID iface: proto=2 subclass=0 -> mouse (hid_idx=1)
[xhci] slot1 iface1: class=0x03 sub=0x00 proto=0x02 numEP=1
[xhci] HID iface: proto=2 subclass=0 -> mouse (hid_idx=3)
[xhci] port 2 connected: PORTSC=0x00001203 PED=1 speed=4
[xhci] port 2 EnableSlot -> slot 2
[xhci] port 2 AddressDevice OK (slot 2)
[xhci] slot2: vid=0x203a pid=0xfffb class=0x00/0x00/0x00
[xhci] slot2 iface0: class=0x03 sub=0x01 proto=0x01 numEP=1
[xhci] HID iface: proto=1 subclass=1 -> keyboard (hid_idx=0)
[xhci] slot2 iface1: class=0x03 sub=0x00 proto=0x00 numEP=1
[xhci] HID iface: proto=0 subclass=0 -> NKRO (hid_idx=2)
[xhci] port 3 connected: PORTSC=0x00001203 PED=1 speed=4
[xhci] port 3 EnableSlot -> slot 3
[xhci] port 3 AddressDevice OK (slot 3)
[xhci] slot3: vid=0x203a pid=0xfff9 class=0xef/0x02/0x01
[xhci] slot3 iface0: class=0x0e sub=0x01 proto=0x00 numEP=0
[xhci] slot3 iface1: class=0x0e sub=0x02 proto=0x00 numEP=1
[xhci] start_hid_polling: kbd=slot2/dci3 nkro=dci5 mouse=slot1/dci3 mouse2=dci5
[xhci] Initialized: 32 slots, MSI irq=56
[drivers] XHCI USB controller initialized
[ahci] Platform AHCI at phys 0x2140000, virt 0xffff000002140000
[ahci] HBA version 1.256, 6 ports, 32 cmd slots, PI=0x0000003f
[ahci] Port 0: Sata, 131072 sectors (64 MB)
[ahci] Port 1: Sata, 524288 sectors (256 MB)
[ahci] IRQ probe: using port 0 dma_index 0
[ahci] IRQ probe: ISPENDR before=[0x01800000, 0x00000000, 0x00000000] after=[0x01800004, 0x00000000, 0x00000000]
[ahci] IRQ probe: PORT_IS=0x00000001 (should have D2H bit set)
[ahci] Platform IRQ probe: discovered SPI 34
[ahci] Platform IRQ enabled: SPI 34 (wired, level-triggered, CPU0)
[drivers] AHCI initialized (platform MMIO): 2 SATA device(s)
[drivers] Driver subsystem initialized (PCI)
[boot] Found 7 devices
[drivers] Running post-init self-tests...
[virtio-blk] Testing read of sector 0...
[drivers] VirtIO block test failed: Block device not initialized
[boot] Initializing network stack...
[net] Initializing network stack...
[net] Using VirtIO net PCI driver (Parallels)
[net] MAC address: 00:1c:42:34:79:f7
NET: IP address: 10.211.55.100
NET: Gateway: 10.211.55.1
Network stack initialized
NET: Sending ARP request for gateway 10.211.55.1
ARP request sent successfully
[virtio-net-pci] RX diag: used_idx=3 last_used=2 avail_idx=8 isr=0x0 msi_count=0
[virtio-net-pci] RX diag: used_idx=3 last_used=3 avail_idx=12 isr=0x0 msi_count=0
NET: ARP resolved gateway MAC: 00:1c:42:00:00:18
NET: Sending ICMP echo request to gateway 10.211.55.1
[net] ICMP echo reply received from 10.211.55.1 seq=1
NET: Network initialization complete
[virtio-net-pci] MSI-X SPI 55 enabled (post-init)
[boot] Initializing filesystem...
[ext2] No VirtIO block device, trying AHCI...
[ext2] AHCI device 0: 131072 sectors (64 MB)
[ext2] AHCI device 0: not ext2 (magic=0x0064)
[ext2] AHCI device 1: 524288 sectors (256 MB)
[ext2] Found ext2 superblock on AHCI device 1
[boot] ext2 root filesystem mounted
[boot] No home filesystem: No home block device available (expected at device index 3 or 1) (continuing)
[boot] devfs initialized at /dev
[boot] devptsfs initialized at /dev/pts
[boot] CPU detected: ARM Unknown
[boot] procfs initialized at /proc
[boot] TTY subsystem initialized
[boot] Initializing graphics...
[boot] VirGL active — skipping GOP framebuffer init (2D resource already set up in gpu_pci::init)
[boot] FB_INFO_CACHE populated for VirGL display (1280x960)
[boot] USB HID input active via XHCI (polled from timer)
[boot] Initializing per-CPU data...
[boot] Per-CPU data initialized
[boot] Initializing process manager...
[boot] Process manager initialized
[boot] Initializing scheduler...
[boot] Scheduler initialized
[boot] Workqueue subsystem initialized
[boot] Softirq subsystem initialized
[boot] Render thread skipped — VirGL owns the display
[boot] Tracing subsystem initialized and enabled
[boot] Pre-loading /sbin/init from ext2 (before timer)...
[boot] Init binary pre-loaded: 296776 bytes
[xhci] activate_msi_if_ready: source=system-ready spi=56 DIAG_SPI_ENABLE_COUNT=1
[xhci] post-activation: MSI_EVENT_COUNT=1 EVENT_COUNT=0 POLL_COUNT=0 SPI_ACTIVATED=true
[boot] Initializing timer interrupt...
[timer] Timer configured for ~1000 Hz (24000 ticks per interrupt)
[timer] Using virtual timer (PPI 27)
[boot] Timer interrupt initialized
[smp] CPU 0 MPIDR=0x80000000, stack_base=0x43000000
[smp] GICR covers 8 redistributors, probing CPUs 1..8
[smp] Probing secondary CPUs via PSCI...
[smp1@]1 ABCCDPUE eF1G: P1SCI CPU_ON success
[T1gic] I2@C1ACBC_DECeTFGLR2_EL1: 0x40400 -> 0x40402 (EOImode=1)
[gic] ICC_CTLR_EL1: 0x40400 -> 0x40402 (EOImode=1)
[smp] CPU 2: PSCI CPU_ON success
[smp3@]1 ABCCDPEUeF G33: PSCI CPU_ON success
[gic]4@ I1ACBCC_DECeTFGLR4_EL1: 0x40400 -> 0x40402 (EOImode=1)
[smp] CPU 4: PSCI CPU_ON success
[T2gi5@1AcBC]D EIeFCGC_C5TLR_EL1: 0x40400 -> 0x40402 (EOImode=1)
[gic] ICC_CTLR_EL1: 0x40400 -> 0x40402 (EOImode=1)
[smp] CPU 5: PSCI CPU_ON success
[6s@1mABpCD] ECeFPGU 66: PSCI CPU_ON success
[gic]7@1ABCDEeFG7 ICC_CTLR_EL1: 0x40400 -> 0x40402 (EOImode=1)
[smp] CPU 7: PSCI CPU_ON success
T[3gic] ICC_CTLR_EL1: 0x40400 -> 0x40402 (EOImode=1)
[smp] 8 CPUs online

========================================
  Breenix ARM64 Boot Complete!
========================================

Hello from ARM64!

[boot] Launching init from pre-loaded ELF...
T4manager.create_process_with_argv [ARM64]: ENTRY - name='init', elf_size=296776, argc=1
manager.create_process_with_argv [ARM64]: Generated PID 1
manager.create_process_with_argv [ARM64]: Creating ProcessPageTable
manager.create_process_with_argv [ARM64]: Loading ELF into page table
manager.create_process_with_argv [ARM64]: ELF loaded, entry=0x4000f1f0
manager.create_process_with_argv [ARM64]: Allocating user stack
manager.create_process_with_argv [ARM64]: User stack will be at 0xfffffeff0000-0xffffff000000
manager.create_process_with_argv [ARM64]: argc/argv set up on stack, SP=0xfffffefffed0
manager.create_process_with_argv [ARM64]: SUCCESS - returning PID 1
[ahci-poll-attrib] total=72 post_reg=70 pre_sched=70 post_sched=0
[boot] Reset 8 idle thread contexts (CPUs online: 8)
T5T6EL0_SYSCALL: First syscall from userspace (SPSR confirms EL0)
[ OK ] syscall path verified
[init] Breenix init starting (PID 1)
T7T8T9T0[spawn] path='/bin/heartbeat'
manager.create_process_with_argv [ARM64]: ENTRY - name='heartbeat', elf_size=290128, argc=1
manager.create_process_with_argv [ARM64]: Generated PID 2
manager.create_process_with_argv [ARM64]: Creating ProcessPageTable
manager.create_process_with_argv [ARM64]: Loading ELF into page table
manager.create_process_with_argv [ARM64]: ELF loaded, entry=0x4000edac
manager.create_process_with_argv [ARM64]: Allocating user stack
manager.create_process_with_argv [ARM64]: User stack will be at 0xfffffeff0000-0xffffff000000
manager.create_process_with_argv [ARM64]: argc/argv set up on stack, SP=0xfffffefffed0
manager.create_process_with_argv [ARM64]: SUCCESS - returning PID 2
[spawn] Created child PID 2 for parent PID 1
[spawn] Success: child PID 2 scheduled
[heartbeat] tid=12 uptime_ms=1365
[spawn] path='/bin/xhci_counters'
manager.create_process_with_argv [ARM64]: ENTRY - name='xhci_counters', elf_size=292264, argc=1
manager.create_process_with_argv [ARM64]: Generated PID 3
manager.create_process_with_argv [ARM64]: Creating ProcessPageTable
manager.create_process_with_argv [ARM64]: Loading ELF into page table
manager.create_process_with_argv [ARM64]: ELF loaded, entry=0x4000f140
manager.create_process_with_argv [ARM64]: Allocating user stack
manager.create_process_with_argv [ARM64]: User stack will be at 0xfffffeff0000-0xffffff000000
manager.create_process_with_argv [ARM64]: argc/argv set up on stack, SP=0xfffffefffed0
manager.create_process_with_argv [ARM64]: SUCCESS - returning PID 3
[spawn] Created child PID 3 for parent PID 1
[spawn] Success: child PID 3 scheduled
[xhci-counters] XHCI_MSI_EVENT_TOTAL=1
[xhci-counters] XHCI_IRQ_ENTRY_TOTAL=1
[xhci-counters] XHCI_LOCK_CONTENDED_TOTAL=0
[syscall] exit(0) pid=3 name=xhci_counters
[spawn] path='/bin/bwm'
manager.create_process_with_argv [ARM64]: ENTRY - name='bwm', elf_size=429208, argc=1
manager.create_process_with_argv [ARM64]: Generated PID 4
manager.create_process_with_argv [ARM64]: Creating ProcessPageTable
manager.create_process_with_argv [ARM64]: Loading ELF into page table
manager.create_process_with_argv [ARM64]: ELF loaded, entry=0x400190b8
manager.create_process_with_argv [ARM64]: Allocating user stack
manager.create_process_with_argv [ARM64]: User stack will be at 0xfffffeff0000-0xffffff000000
manager.create_process_with_argv [ARM64]: argc/argv set up on stack, SP=0xfffffefffee0
manager.create_process_with_argv [ARM64]: SUCCESS - returning PID 4
[spawn] Created child PID 4 for parent PID 1
[spawn] Success: child PID 4 scheduled
[bwm] Breenix Window Manager starting... (v2-chromeless-skip)
[virgl-composite] Frame #0: 1x1 → 1280x960 display (first1k: 1 nonzero, first=0xff000000)
[bwm] GPU compositing mode (VirGL), display: 1280x960
[compositor] Mapped compositor buffer into process: virt=0x7ffffdb4e000, 1280x960, 1200 pages (backend=VirGL)
[bwm] Direct compositor mapping: 1280x960 at 0x7ffffdb4e000
[bwm] using bitmap font fallback for early boot
[bwm] hotkeys: using built-in defaults for early boot
[virgl-composite] Frame #1: 1280x960 → 1280x960 display (first1k: 1000 nonzero, first=0x00121832)
[virgl-composite] Frame #2: 1280x960 → 1280x960 display (first1k: 1000 nonzero, first=0x00121832)
[spawn] path='/sbin/telnetd'
manager.create_process_with_argv [ARM64]: ENTRY - name='telnetd', elf_size=298632, argc=1
manager.create_process_with_argv [ARM64]: Generated PID 5
manager.create_process_with_argv [ARM64]: Creating ProcessPageTable
manager.create_process_with_argv [ARM64]: Loading ELF into page table
manager.create_process_with_argv [ARM64]: ELF loaded, entry=0x4000fdd0
manager.create_process_with_argv [ARM64]: Allocating user stack
manager.create_process_with_argv [ARM64]: User stack will be at 0xfffffeff0000-0xffffff000000
manager.create_process_with_argv [ARM64]: argc/argv set up on stack, SP=0xfffffefffed0
manager.create_process_with_argv [ARM64]: SUCCESS - returning PID 5
[spawn] Created child PID 5 for parent PID 1
[spawn] Success: child PID 5 scheduled
TELNETD_STARTING
TELNETD_LISTENING
[init] Boot script completed
[spawn] path='/bin/bsshd'
manager.create_process_with_argv [ARM64]: ENTRY - name='bsshd', elf_size=441008, argc=1
manager.create_process_with_argv [ARM64]: Generated PID 6
manager.create_process_with_argv [ARM64]: Creating ProcessPageTable
manager.create_process_with_argv [ARM64]: Loading ELF into page table
manager.create_process_with_argv [ARM64]: ELF loaded, entry=0x4001c39c
manager.create_process_with_argv [ARM64]: Allocating user stack
manager.create_process_with_argv [ARM64]: User stack will be at 0xfffffeff0000-0xffffff000000
manager.create_process_with_argv [ARM64]: argc/argv set up on stack, SP=0xfffffefffed0
manager.create_process_with_argv [ARM64]: SUCCESS - returning PID 6
[spawn] Created child PID 6 for parent PID 1
[spawn] Success: child PID 6 scheduled
bsshd: starting on port 2222
bsshd: listening on 0.0.0.0:2222
[init] bsshd started (PID 6)
[freeze-watch] uptime_ms=1839 submits=71 completes=74 fails=0 last_completion_ms=1620 fps_last_5s=6 cpu=2 tid=3 ctx_switches=1747 timer_ticks_cpu0=309 timer_ticks_cpu1=415 timer_ticks_cpu2=417 timer_ticks_cpu3=417 timer_ticks_cpu4=420 timer_ticks_cpu5=415 timer_ticks_cpu6=411 timer_ticks_cpu7=418 rq_total=0 rq_cpu0=0 rq_cpu1=0 rq_cpu2=0 rq_cpu3=0 rq_cpu4=0 rq_cpu5=0 rq_cpu6=0 rq_cpu7=0 cur_cpu0=0 cur_cpu1=4 cur_cpu2=3 cur_cpu3=6 cur_cpu4=7 cur_cpu5=8 cur_cpu6=9 cur_cpu7=10 total_threads=16 blocked_threads=6 sched_lock=ok procmgr_lock=ok gpu_pci_lock=ok
[gpu-pci-lock-attrib] max_hold_ms=13 max_hold_holder_tid=-1
[wake-attrib] schedule=82 unblock=0 isr_unblock=807 wake_io=802 signal=0 child=0 timer=5
[enqueue-attrib] same_lock=5 deferred=104 isr_buf=807 deferred_drained=82 isr_buf_drained=780 already_queued=9 isr_buf_full=0
[spawn] path='/bin/bounce'
manager.create_process_with_argv [ARM64]: ENTRY - name='bounce', elf_size=388152, argc=1
manager.create_process_with_argv [ARM64]: Generated PID 7
manager.create_process_with_argv [ARM64]: Creating ProcessPageTable
manager.create_process_with_argv [ARM64]: Loading ELF into page table
manager.create_process_with_argv [ARM64]: ELF loaded, entry=0x400188f4
manager.create_process_with_argv [ARM64]: Allocating user stack
manager.create_process_with_argv [ARM64]: User stack will be at 0xfffffeff0000-0xffffff000000
manager.create_process_with_argv [ARM64]: argc/argv set up on stack, SP=0xfffffefffed0
manager.create_process_with_argv [ARM64]: SUCCESS - returning PID 7
[spawn] Created child PID 7 for parent PID 1
[spawn] Success: child PID 7 scheduled
Bounce spheres demo starting (for Gus!) [boot_id=0000000073153338]
[window] create_window_buffer: 400x300 (480000 bytes, 118 pages)
[window] Created buffer id=1 for pid=7: 400x300 at virt=0x7ffffdf86000 phys=0x4417c000
[init] bounce started (PID 7)
[bounce] Window mode: id=1 400x300 [boot_id=0000000073153338]
[bwm] Discovered window 'Bounce' (id=1, 400x300) at (30,38)
[compositor] Mapped window 1 into BWM: virt=0x7ffffdad4000, 400x300, 118 pages
[init] Process 3 exited (code 0)
[freeze-watch] uptime_ms=2343 submits=278 completes=281 fails=0 last_completion_ms=2343 fps_last_5s=136 cpu=2 tid=3 ctx_switches=3096 timer_ticks_cpu0=643 timer_ticks_cpu1=850 timer_ticks_cpu2=842 timer_ticks_cpu3=839 timer_ticks_cpu4=840 timer_ticks_cpu5=837 timer_ticks_cpu6=834 timer_ticks_cpu7=846 rq_total=1 rq_cpu0=1 rq_cpu1=0 rq_cpu2=0 rq_cpu3=0 rq_cpu4=0 rq_cpu5=0 rq_cpu6=0 rq_cpu7=0 cur_cpu0=14 cur_cpu1=4 cur_cpu2=3 cur_cpu3=6 cur_cpu4=7 cur_cpu5=8 cur_cpu6=9 cur_cpu7=10 total_threads=17 blocked_threads=5 sched_lock=ok procmgr_lock=ok gpu_pci_lock=ok
[heartbeat] tid=12 uptime_ms=2369
[bwm-fps] frames_since_last=117 elapsed_ms=1005 instantaneous_fps=116
[freeze-watch] uptime_ms=2846 submits=533 completes=536 fails=0 last_completion_ms=2842 fps_last_5s=168 cpu=2 tid=0 ctx_switches=4215 timer_ticks_cpu0=996 timer_ticks_cpu1=1282 timer_ticks_cpu2=1269 timer_ticks_cpu3=1260 timer_ticks_cpu4=1263 timer_ticks_cpu5=1262 timer_ticks_cpu6=1261 timer_ticks_cpu7=1272 rq_total=0 rq_cpu0=0 rq_cpu1=0 rq_cpu2=0 rq_cpu3=0 rq_cpu4=0 rq_cpu5=0 rq_cpu6=0 rq_cpu7=0 cur_cpu0=0 cur_cpu1=0 cur_cpu2=0 cur_cpu3=0 cur_cpu4=0 cur_cpu5=0 cur_cpu6=0 cur_cpu7=0 total_threads=0 blocked_threads=0 sched_lock=busy procmgr_lock=ok gpu_pci_lock=ok
[freeze-watch] uptime_ms=3349 submits=809 completes=812 fails=0 last_completion_ms=3349 fps_last_5s=182 cpu=0 tid=3 ctx_switches=5324 timer_ticks_cpu0=1340 timer_ticks_cpu1=1714 timer_ticks_cpu2=1694 timer_ticks_cpu3=1684 timer_ticks_cpu4=1684 timer_ticks_cpu5=1681 timer_ticks_cpu6=1688 timer_ticks_cpu7=1701 rq_total=0 rq_cpu0=0 rq_cpu1=0 rq_cpu2=0 rq_cpu3=0 rq_cpu4=0 rq_cpu5=0 rq_cpu6=0 rq_cpu7=0 cur_cpu0=3 cur_cpu1=4 cur_cpu2=5 cur_cpu3=6 cur_cpu4=7 cur_cpu5=8 cur_cpu6=9 cur_cpu7=17 total_threads=17 blocked_threads=5 sched_lock=ok procmgr_lock=ok gpu_pci_lock=ok
[heartbeat] tid=12 uptime_ms=3369
[bwm-fps] frames_since_last=178 elapsed_ms=1003 instantaneous_fps=177
[freeze-watch] uptime_ms=3853 submits=1079 completes=1082 fails=0 last_completion_ms=3850 fps_last_5s=178 cpu=3 tid=3 ctx_switches=6462 timer_ticks_cpu0=1682 timer_ticks_cpu1=2140 timer_ticks_cpu2=2128 timer_ticks_cpu3=2107 timer_ticks_cpu4=2104 timer_ticks_cpu5=2103 timer_ticks_cpu6=2109 timer_ticks_cpu7=2128 rq_total=0 rq_cpu0=0 rq_cpu1=0 rq_cpu2=0 rq_cpu3=0 rq_cpu4=0 rq_cpu5=0 rq_cpu6=0 rq_cpu7=0 cur_cpu0=0 cur_cpu1=4 cur_cpu2=14 cur_cpu3=3 cur_cpu4=7 cur_cpu5=8 cur_cpu6=9 cur_cpu7=10 total_threads=17 blocked_threads=6 sched_lock=ok procmgr_lock=ok gpu_pci_lock=ok
[freeze-watch] uptime_ms=4357 submits=1364 completes=1367 fails=0 last_completion_ms=4355 fps_last_5s=188 cpu=0 tid=3 ctx_switches=7621 timer_ticks_cpu0=2040 timer_ticks_cpu1=2573 timer_ticks_cpu2=2561 timer_ticks_cpu3=2529 timer_ticks_cpu4=2527 timer_ticks_cpu5=2526 timer_ticks_cpu6=2541 timer_ticks_cpu7=2557 rq_total=0 rq_cpu0=0 rq_cpu1=0 rq_cpu2=0 rq_cpu3=0 rq_cpu4=0 rq_cpu5=0 rq_cpu6=0 rq_cpu7=0 cur_cpu0=3 cur_cpu1=4 cur_cpu2=14 cur_cpu3=6 cur_cpu4=7 cur_cpu5=8 cur_cpu6=9 cur_cpu7=10 total_threads=17 blocked_threads=6 sched_lock=ok procmgr_lock=ok gpu_pci_lock=ok
[heartbeat] tid=12 uptime_ms=4369
[bwm-fps] frames_since_last=193 elapsed_ms=1004 instantaneous_fps=192
[virgl-composite] Frame #500: 1280x960 → 1280x960 display (first1k: 1000 nonzero, first=0x0014161e)
[freeze-watch] uptime_ms=4860 submits=1673 completes=1676 fails=0 last_completion_ms=4858 fps_last_5s=204 cpu=4 tid=3 ctx_switches=8848 timer_ticks_cpu0=2383 timer_ticks_cpu1=3004 timer_ticks_cpu2=2990 timer_ticks_cpu3=2958 timer_ticks_cpu4=2955 timer_ticks_cpu5=2951 timer_ticks_cpu6=2971 timer_ticks_cpu7=2995 rq_total=0 rq_cpu0=0 rq_cpu1=0 rq_cpu2=0 rq_cpu3=0 rq_cpu4=0 rq_cpu5=0 rq_cpu6=0 rq_cpu7=0 cur_cpu0=0 cur_cpu1=14 cur_cpu2=5 cur_cpu3=6 cur_cpu4=3 cur_cpu5=8 cur_cpu6=9 cur_cpu7=10 total_threads=17 blocked_threads=6 sched_lock=ok procmgr_lock=ok gpu_pci_lock=ok
[freeze-watch] uptime_ms=5363 submits=1964 completes=1967 fails=0 last_completion_ms=5363 fps_last_5s=192 cpu=2 tid=0 ctx_switches=10046 timer_ticks_cpu0=2737 timer_ticks_cpu1=3438 timer_ticks_cpu2=3423 timer_ticks_cpu3=3380 timer_ticks_cpu4=3381 timer_ticks_cpu5=3379 timer_ticks_cpu6=3398 timer_ticks_cpu7=3426 rq_total=0 rq_cpu0=0 rq_cpu1=0 rq_cpu2=0 rq_cpu3=0 rq_cpu4=0 rq_cpu5=0 rq_cpu6=0 rq_cpu7=0 cur_cpu0=0 cur_cpu1=0 cur_cpu2=0 cur_cpu3=0 cur_cpu4=0 cur_cpu5=0 cur_cpu6=0 cur_cpu7=0 total_threads=0 blocked_threads=0 sched_lock=busy procmgr_lock=ok gpu_pci_lock=ok
[heartbeat] tid=12 uptime_ms=5370
[bwm-fps] frames_since_last=194 elapsed_ms=1001 instantaneous_fps=193
[freeze-watch] uptime_ms=5868 submits=2255 completes=2258 fails=0 last_completion_ms=5865 fps_last_5s=192 cpu=0 tid=3 ctx_switches=11288 timer_ticks_cpu0=3085 timer_ticks_cpu1=3877 timer_ticks_cpu2=3859 timer_ticks_cpu3=3814 timer_ticks_cpu4=3805 timer_ticks_cpu5=3808 timer_ticks_cpu6=3830 timer_ticks_cpu7=3859 rq_total=0 rq_cpu0=0 rq_cpu1=0 rq_cpu2=0 rq_cpu3=0 rq_cpu4=0 rq_cpu5=0 rq_cpu6=0 rq_cpu7=0 cur_cpu0=3 cur_cpu1=4 cur_cpu2=5 cur_cpu3=6 cur_cpu4=7 cur_cpu5=14 cur_cpu6=9 cur_cpu7=10 total_threads=17 blocked_threads=6 sched_lock=ok procmgr_lock=ok gpu_pci_lock=ok
[freeze-watch] uptime_ms=6370 submits=2543 completes=2546 fails=0 last_completion_ms=6367 fps_last_5s=191 cpu=0 tid=3 ctx_switches=12514 timer_ticks_cpu0=3437 timer_ticks_cpu1=4307 timer_ticks_cpu2=4289 timer_ticks_cpu3=4238 timer_ticks_cpu4=4231 timer_ticks_cpu5=4234 timer_ticks_cpu6=4259 timer_ticks_cpu7=4292 rq_total=0 rq_cpu0=0 rq_cpu1=0 rq_cpu2=0 rq_cpu3=0 rq_cpu4=0 rq_cpu5=0 rq_cpu6=0 rq_cpu7=0 cur_cpu0=3 cur_cpu1=14 cur_cpu2=5 cur_cpu3=6 cur_cpu4=7 cur_cpu5=8 cur_cpu6=9 cur_cpu7=10 total_threads=17 blocked_threads=6 sched_lock=ok procmgr_lock=ok gpu_pci_lock=ok
[heartbeat] tid=12 uptime_ms=6370
[bwm-fps] frames_since_last=195 elapsed_ms=1002 instantaneous_fps=194
[freeze-watch] uptime_ms=6873 submits=2831 completes=2833 fails=0 last_completion_ms=6872 fps_last_5s=188 cpu=5 tid=3 ctx_switches=13735 timer_ticks_cpu0=3778 timer_ticks_cpu1=4739 timer_ticks_cpu2=4720 timer_ticks_cpu3=4665 timer_ticks_cpu4=4654 timer_ticks_cpu5=4663 timer_ticks_cpu6=4686 timer_ticks_cpu7=4723 rq_total=0 rq_cpu0=0 rq_cpu1=0 rq_cpu2=0 rq_cpu3=0 rq_cpu4=0 rq_cpu5=0 rq_cpu6=0 rq_cpu7=0 cur_cpu0=0 cur_cpu1=4 cur_cpu2=5 cur_cpu3=6 cur_cpu4=7 cur_cpu5=3 cur_cpu6=9 cur_cpu7=10 total_threads=17 blocked_threads=7 sched_lock=ok procmgr_lock=ok gpu_pci_lock=busy
[virgl-composite] Frame #1000: 1280x960 → 1280x960 display (first1k: 1000 nonzero, first=0x0014161e)
[heartbeat] tid=12 uptime_ms=7372
[freeze-watch] uptime_ms=7376 submits=3090 completes=3092 fails=0 last_completion_ms=7371 fps_last_5s=172 cpu=2 tid=3 ctx_switches=14947 timer_ticks_cpu0=4123 timer_ticks_cpu1=5172 timer_ticks_cpu2=5141 timer_ticks_cpu3=5082 timer_ticks_cpu4=5071 timer_ticks_cpu5=5082 timer_ticks_cpu6=5107 timer_ticks_cpu7=5143 rq_total=0 rq_cpu0=0 rq_cpu1=0 rq_cpu2=0 rq_cpu3=0 rq_cpu4=0 rq_cpu5=0 rq_cpu6=0 rq_cpu7=0 cur_cpu0=0 cur_cpu1=4 cur_cpu2=3 cur_cpu3=6 cur_cpu4=7 cur_cpu5=8 cur_cpu6=9 cur_cpu7=10 total_threads=17 blocked_threads=7 sched_lock=ok procmgr_lock=ok gpu_pci_lock=busy
[bwm-fps] frames_since_last=178 elapsed_ms=1002 instantaneous_fps=177
[freeze-watch] uptime_ms=7879 submits=3368 completes=3371 fails=0 last_completion_ms=7877 fps_last_5s=184 cpu=7 tid=3 ctx_switches=16220 timer_ticks_cpu0=4472 timer_ticks_cpu1=5597 timer_ticks_cpu2=5576 timer_ticks_cpu3=5504 timer_ticks_cpu4=5496 timer_ticks_cpu5=5506 timer_ticks_cpu6=5536 timer_ticks_cpu7=5574 rq_total=0 rq_cpu0=0 rq_cpu1=0 rq_cpu2=0 rq_cpu3=0 rq_cpu4=0 rq_cpu5=0 rq_cpu6=0 rq_cpu7=0 cur_cpu0=0 cur_cpu1=4 cur_cpu2=5 cur_cpu3=6 cur_cpu4=7 cur_cpu5=8 cur_cpu6=9 cur_cpu7=3 total_threads=17 blocked_threads=6 sched_lock=ok procmgr_lock=ok gpu_pci_lock=ok
[heartbeat] tid=12 uptime_ms=8373
[freeze-watch] uptime_ms=8381 submits=3668 completes=3671 fails=0 last_completion_ms=8378 fps_last_5s=199 cpu=0 tid=3 ctx_switches=17516 timer_ticks_cpu0=4821 timer_ticks_cpu1=6022 timer_ticks_cpu2=6010 timer_ticks_cpu3=5930 timer_ticks_cpu4=5916 timer_ticks_cpu5=5929 timer_ticks_cpu6=5964 timer_ticks_cpu7=6003 rq_total=0 rq_cpu0=0 rq_cpu1=0 rq_cpu2=0 rq_cpu3=0 rq_cpu4=0 rq_cpu5=0 rq_cpu6=0 rq_cpu7=0 cur_cpu0=3 cur_cpu1=14 cur_cpu2=5 cur_cpu3=6 cur_cpu4=7 cur_cpu5=8 cur_cpu6=9 cur_cpu7=10 total_threads=17 blocked_threads=6 sched_lock=ok procmgr_lock=ok gpu_pci_lock=ok
[bwm-fps] frames_since_last=191 elapsed_ms=1002 instantaneous_fps=190
[timer] cpu0 ticks=5000
[freeze-watch] uptime_ms=8884 submits=3944 completes=3947 fails=0 last_completion_ms=8884 fps_last_5s=182 cpu=3 tid=3 ctx_switches=18782 timer_ticks_cpu0=5168 timer_ticks_cpu1=6456 timer_ticks_cpu2=6438 timer_ticks_cpu3=6351 timer_ticks_cpu4=6341 timer_ticks_cpu5=6352 timer_ticks_cpu6=6391 timer_ticks_cpu7=6436 rq_total=0 rq_cpu0=0 rq_cpu1=0 rq_cpu2=0 rq_cpu3=0 rq_cpu4=0 rq_cpu5=0 rq_cpu6=0 rq_cpu7=0 cur_cpu0=0 cur_cpu1=4 cur_cpu2=5 cur_cpu3=3 cur_cpu4=7 cur_cpu5=8 cur_cpu6=9 cur_cpu7=10 total_threads=17 blocked_threads=6 sched_lock=ok procmgr_lock=ok gpu_pci_lock=ok
[heartbeat] tid=12 uptime_ms=9373
[freeze-watch] uptime_ms=9387 submits=4215 completes=4217 fails=0 last_completion_ms=9384 fps_last_5s=178 cpu=1 tid=0 ctx_switches=20014 timer_ticks_cpu0=5510 timer_ticks_cpu1=6886 timer_ticks_cpu2=6867 timer_ticks_cpu3=6778 timer_ticks_cpu4=6764 timer_ticks_cpu5=6775 timer_ticks_cpu6=6818 timer_ticks_cpu7=6863 rq_total=0 rq_cpu0=0 rq_cpu1=0 rq_cpu2=0 rq_cpu3=0 rq_cpu4=0 rq_cpu5=0 rq_cpu6=0 rq_cpu7=0 cur_cpu0=0 cur_cpu1=0 cur_cpu2=0 cur_cpu3=0 cur_cpu4=0 cur_cpu5=0 cur_cpu6=0 cur_cpu7=0 total_threads=0 blocked_threads=0 sched_lock=busy procmgr_lock=ok gpu_pci_lock=busy
[bwm-fps] frames_since_last=176 elapsed_ms=1004 instantaneous_fps=175
[freeze-watch] uptime_ms=9890 submits=4468 completes=4470 fails=0 last_completion_ms=9890 fps_last_5s=166 cpu=1 tid=3 ctx_switches=21210 timer_ticks_cpu0=5850 timer_ticks_cpu1=7320 timer_ticks_cpu2=7297 timer_ticks_cpu3=7208 timer_ticks_cpu4=7189 timer_ticks_cpu5=7204 timer_ticks_cpu6=7247 timer_ticks_cpu7=7288 rq_total=0 rq_cpu0=0 rq_cpu1=0 rq_cpu2=0 rq_cpu3=0 rq_cpu4=0 rq_cpu5=0 rq_cpu6=0 rq_cpu7=0 cur_cpu0=14 cur_cpu1=3 cur_cpu2=5 cur_cpu3=6 cur_cpu4=7 cur_cpu5=8 cur_cpu6=9 cur_cpu7=10 total_threads=17 blocked_threads=6 sched_lock=ok procmgr_lock=ok gpu_pci_lock=busy
[virgl-composite] Frame #1500: 1280x960 → 1280x960 display (first1k: 1000 nonzero, first=0x0014161e)
[heartbeat] tid=12 uptime_ms=10373
[freeze-watch] uptime_ms=10394 submits=4710 completes=4712 fails=0 last_completion_ms=10389 fps_last_5s=160 cpu=7 tid=3 ctx_switches=22359 timer_ticks_cpu0=6193 timer_ticks_cpu1=7747 timer_ticks_cpu2=7726 timer_ticks_cpu3=7633 timer_ticks_cpu4=7611 timer_ticks_cpu5=7625 timer_ticks_cpu6=7671 timer_ticks_cpu7=7718 rq_total=0 rq_cpu0=0 rq_cpu1=0 rq_cpu2=0 rq_cpu3=0 rq_cpu4=0 rq_cpu5=0 rq_cpu6=0 rq_cpu7=0 cur_cpu0=0 cur_cpu1=4 cur_cpu2=5 cur_cpu3=6 cur_cpu4=7 cur_cpu5=8 cur_cpu6=9 cur_cpu7=3 total_threads=17 blocked_threads=7 sched_lock=ok procmgr_lock=ok gpu_pci_lock=busy
[bwm-fps] frames_since_last=167 elapsed_ms=1005 instantaneous_fps=166
[heartbeat] tid=12 uptime_ms=11374
[bwm-fps] frames_since_last=169 elapsed_ms=1001 instantaneous_fps=168
[heartbeat] tid=12 uptime_ms=12375
[bwm-fps] frames_since_last=176 elapsed_ms=1002 instantaneous_fps=175
[virgl-composite] Frame #2000: 1280x960 → 1280x960 display (first1k: 1000 nonzero, first=0x0014161e)
[heartbeat] tid=12 uptime_ms=13375
[bwm-fps] frames_since_last=176 elapsed_ms=1007 instantaneous_fps=174
[heartbeat] tid=12 uptime_ms=14375
[bwm-fps] frames_since_last=170 elapsed_ms=1001 instantaneous_fps=169
[heartbeat] tid=12 uptime_ms=15376
[freeze-watch] uptime_ms=15398 submits=7272 completes=7274 fails=0 last_completion_ms=15394 fps_last_5s=170 cpu=0 tid=3 ctx_switches=34022 timer_ticks_cpu0=9570 timer_ticks_cpu1=12051 timer_ticks_cpu2=11977 timer_ticks_cpu3=11849 timer_ticks_cpu4=11806 timer_ticks_cpu5=11824 timer_ticks_cpu6=11894 timer_ticks_cpu7=11946 rq_total=0 rq_cpu0=0 rq_cpu1=0 rq_cpu2=0 rq_cpu3=0 rq_cpu4=0 rq_cpu5=0 rq_cpu6=0 rq_cpu7=0 cur_cpu0=3 cur_cpu1=4 cur_cpu2=5 cur_cpu3=6 cur_cpu4=7 cur_cpu5=8 cur_cpu6=9 cur_cpu7=10 total_threads=17 blocked_threads=7 sched_lock=ok procmgr_lock=ok gpu_pci_lock=busy
[bwm-fps] frames_since_last=163 elapsed_ms=1000 instantaneous_fps=163
[virgl-composite] Frame #2500: 1280x960 → 1280x960 display (first1k: 1000 nonzero, first=0x0014161e)
[timer] cpu0 ticks=10000
[heartbeat] tid=12 uptime_ms=16376
[bwm-fps] frames_since_last=161 elapsed_ms=1001 instantaneous_fps=160
[heartbeat] tid=12 uptime_ms=17376
[bwm-fps] frames_since_last=164 elapsed_ms=1000 instantaneous_fps=164
[heartbeat] tid=12 uptime_ms=18379
[bwm-fps] frames_since_last=171 elapsed_ms=1000 instantaneous_fps=171
[virgl-composite] Frame #3000: 1280x960 → 1280x960 display (first1k: 1000 nonzero, first=0x0014161e)
[heartbeat] tid=12 uptime_ms=19379
[bwm-fps] frames_since_last=162 elapsed_ms=1003 instantaneous_fps=161
[heartbeat] tid=12 uptime_ms=20380
[freeze-watch] uptime_ms=20402 submits=9713 completes=9716 fails=0 last_completion_ms=20400 fps_last_5s=162 cpu=3 tid=0 ctx_switches=45261 timer_ticks_cpu0=12941 timer_ticks_cpu1=16317 timer_ticks_cpu2=16225 timer_ticks_cpu3=16065 timer_ticks_cpu4=16012 timer_ticks_cpu5=16032 timer_ticks_cpu6=16109 timer_ticks_cpu7=16165 rq_total=0 rq_cpu0=0 rq_cpu1=0 rq_cpu2=0 rq_cpu3=0 rq_cpu4=0 rq_cpu5=0 rq_cpu6=0 rq_cpu7=0 cur_cpu0=0 cur_cpu1=0 cur_cpu2=0 cur_cpu3=0 cur_cpu4=0 cur_cpu5=0 cur_cpu6=0 cur_cpu7=0 total_threads=0 blocked_threads=0 sched_lock=busy procmgr_lock=ok gpu_pci_lock=ok
[bwm-fps] frames_since_last=155 elapsed_ms=1000 instantaneous_fps=155
[heartbeat] tid=12 uptime_ms=21381
[bwm-fps] frames_since_last=158 elapsed_ms=1002 instantaneous_fps=157
[virgl-composite] Frame #3500: 1280x960 → 1280x960 display (first1k: 1000 nonzero, first=0x0014161e)
[heartbeat] tid=12 uptime_ms=22382
[bwm-fps] frames_since_last=157 elapsed_ms=1003 instantaneous_fps=156
[heartbeat] tid=12 uptime_ms=23382
[timer] cpu0 ticks=15000
[bwm-fps] frames_since_last=161 elapsed_ms=1005 instantaneous_fps=160
[heartbeat] tid=12 uptime_ms=24383
[bwm-fps] frames_since_last=158 elapsed_ms=1001 instantaneous_fps=157
[heartbeat] tid=12 uptime_ms=25387
[freeze-watch] uptime_ms=25406 submits=12056 completes=12059 fails=0 last_completion_ms=25404 fps_last_5s=156 cpu=6 tid=3 ctx_switches=56064 timer_ticks_cpu0=16325 timer_ticks_cpu1=20590 timer_ticks_cpu2=20482 timer_ticks_cpu3=20281 timer_ticks_cpu4=20213 timer_ticks_cpu5=20236 timer_ticks_cpu6=20325 timer_ticks_cpu7=20382 rq_total=0 rq_cpu0=0 rq_cpu1=0 rq_cpu2=0 rq_cpu3=0 rq_cpu4=0 rq_cpu5=0 rq_cpu6=0 rq_cpu7=0 cur_cpu0=0 cur_cpu1=4 cur_cpu2=5 cur_cpu3=14 cur_cpu4=7 cur_cpu5=8 cur_cpu6=3 cur_cpu7=10 total_threads=17 blocked_threads=6 sched_lock=ok procmgr_lock=ok gpu_pci_lock=ok
[virgl-composite] Frame #4000: 1280x960 → 1280x960 display (first1k: 1000 nonzero, first=0x0014161e)
[bwm-fps] frames_since_last=150 elapsed_ms=1000 instantaneous_fps=150
[heartbeat] tid=12 uptime_ms=26388
[bwm-fps] frames_since_last=156 elapsed_ms=1003 instantaneous_fps=155
[heartbeat] tid=12 uptime_ms=27388
[bwm-fps] frames_since_last=151 elapsed_ms=1004 instantaneous_fps=150
[heartbeat] tid=12 uptime_ms=28389
[bwm-fps] frames_since_last=146 elapsed_ms=1001 instantaneous_fps=145
[virgl-composite] Frame #4500: 1280x960 → 1280x960 display (first1k: 1000 nonzero, first=0x0014161e)
[heartbeat] tid=12 uptime_ms=29389
[bwm-fps] frames_since_last=145 elapsed_ms=1000 instantaneous_fps=145
[heartbeat] tid=12 uptime_ms=30389
[freeze-watch] uptime_ms=30410 submits=14298 completes=14300 fails=0 last_completion_ms=30404 fps_last_5s=149 cpu=1 tid=3 ctx_switches=66346 timer_ticks_cpu0=19729 timer_ticks_cpu1=24884 timer_ticks_cpu2=24724 timer_ticks_cpu3=24489 timer_ticks_cpu4=24422 timer_ticks_cpu5=24422 timer_ticks_cpu6=24521 timer_ticks_cpu7=24595 rq_total=0 rq_cpu0=0 rq_cpu1=0 rq_cpu2=0 rq_cpu3=0 rq_cpu4=0 rq_cpu5=0 rq_cpu6=0 rq_cpu7=0 cur_cpu0=0 cur_cpu1=3 cur_cpu2=5 cur_cpu3=6 cur_cpu4=7 cur_cpu5=8 cur_cpu6=9 cur_cpu7=10 total_threads=17 blocked_threads=7 sched_lock=ok procmgr_lock=ok gpu_pci_lock=busy
[bwm-fps] frames_since_last=146 elapsed_ms=1006 instantaneous_fps=145
[timer] cpu0 ticks=20000
[heartbeat] tid=12 uptime_ms=31389
[bwm-fps] frames_since_last=149 elapsed_ms=1002 instantaneous_fps=148
[virgl-composite] Frame #5000: 1280x960 → 1280x960 display (first1k: 1000 nonzero, first=0x0014161e)
[heartbeat] tid=12 uptime_ms=32390
[bwm-fps] frames_since_last=151 elapsed_ms=1002 instantaneous_fps=150
[heartbeat] tid=12 uptime_ms=33390
[bwm-fps] frames_since_last=148 elapsed_ms=1003 instantaneous_fps=147
[heartbeat] tid=12 uptime_ms=34391
[bwm-fps] frames_since_last=149 elapsed_ms=1001 instantaneous_fps=148
[heartbeat] tid=12 uptime_ms=35393
[freeze-watch] uptime_ms=35414 submits=16529 completes=16532 fails=0 last_completion_ms=35411 fps_last_5s=148 cpu=0 tid=3 ctx_switches=76621 timer_ticks_cpu0=23139 timer_ticks_cpu1=29156 timer_ticks_cpu2=28962 timer_ticks_cpu3=28697 timer_ticks_cpu4=28614 timer_ticks_cpu5=28615 timer_ticks_cpu6=28708 timer_ticks_cpu7=28788 rq_total=0 rq_cpu0=0 rq_cpu1=0 rq_cpu2=0 rq_cpu3=0 rq_cpu4=0 rq_cpu5=0 rq_cpu6=0 rq_cpu7=0 cur_cpu0=3 cur_cpu1=4 cur_cpu2=5 cur_cpu3=6 cur_cpu4=7 cur_cpu5=8 cur_cpu6=9 cur_cpu7=10 total_threads=17 blocked_threads=6 sched_lock=ok procmgr_lock=ok gpu_pci_lock=ok
[gpu-pci-lock-attrib] max_hold_ms=20 max_hold_holder_tid=14
[wake-attrib] schedule=14390 unblock=0 isr_unblock=17395 wake_io=24773 signal=0 child=0 timer=2895
[enqueue-attrib] same_lock=10128 deferred=15765 isr_buf=17395 deferred_drained=14998 isr_buf_drained=16165 already_queued=1642 isr_buf_full=0
[virgl-composite] Frame #5500: 1280x960 → 1280x960 display (first1k: 1000 nonzero, first=0x0014161e)
[bwm-fps] frames_since_last=147 elapsed_ms=1008 instantaneous_fps=145
[heartbeat] tid=12 uptime_ms=36394
[bwm-fps] frames_since_last=153 elapsed_ms=1003 instantaneous_fps=152
[heartbeat] tid=12 uptime_ms=37397
[bwm-fps] frames_since_last=152 elapsed_ms=1002 instantaneous_fps=151
[timer] cpu0 ticks=25000
[heartbeat] tid=12 uptime_ms=38398
[bwm-fps] frames_since_last=157 elapsed_ms=1000 instantaneous_fps=157
[virgl-composite] Frame #6000: 1280x960 → 1280x960 display (first1k: 1000 nonzero, first=0x0014161e)
[heartbeat] tid=12 uptime_ms=39398
[bwm-fps] frames_since_last=159 elapsed_ms=1005 instantaneous_fps=158
[heartbeat] tid=12 uptime_ms=40399
[freeze-watch] uptime_ms=40421 submits=18839 completes=18841 fails=0 last_completion_ms=40421 fps_last_5s=153 cpu=2 tid=0 ctx_switches=87308 timer_ticks_cpu0=26570 timer_ticks_cpu1=33437 timer_ticks_cpu2=33228 timer_ticks_cpu3=32934 timer_ticks_cpu4=32835 timer_ticks_cpu5=32834 timer_ticks_cpu6=32946 timer_ticks_cpu7=33013 rq_total=0 rq_cpu0=0 rq_cpu1=0 rq_cpu2=0 rq_cpu3=0 rq_cpu4=0 rq_cpu5=0 rq_cpu6=0 rq_cpu7=0 cur_cpu0=0 cur_cpu1=0 cur_cpu2=0 cur_cpu3=0 cur_cpu4=0 cur_cpu5=0 cur_cpu6=0 cur_cpu7=0 total_threads=0 blocked_threads=0 sched_lock=busy procmgr_lock=ok gpu_pci_lock=busy
[bwm-fps] frames_since_last=150 elapsed_ms=1004 instantaneous_fps=149
[heartbeat] tid=12 uptime_ms=41399
[bwm-fps] frames_since_last=148 elapsed_ms=1003 instantaneous_fps=147
[virgl-composite] Frame #6500: 1280x960 → 1280x960 display (first1k: 1000 nonzero, first=0x0014161e)
[heartbeat] tid=12 uptime_ms=42399
[bwm-fps] frames_since_last=176 elapsed_ms=1003 instantaneous_fps=175
[heartbeat] tid=12 uptime_ms=43400
[bwm-fps] frames_since_last=177 elapsed_ms=1001 instantaneous_fps=176
[heartbeat] tid=12 uptime_ms=44401
[bwm-fps] frames_since_last=183 elapsed_ms=1003 instantaneous_fps=182
[virgl-composite] Frame #7000: 1280x960 → 1280x960 display (first1k: 1000 nonzero, first=0x0014161e)
[timer] cpu0 ticks=30000
[heartbeat] tid=12 uptime_ms=45401
[freeze-watch] uptime_ms=45425 submits=21380 completes=21383 fails=0 last_completion_ms=45422 fps_last_5s=169 cpu=3 tid=3 ctx_switches=98862 timer_ticks_cpu0=30034 timer_ticks_cpu1=37694 timer_ticks_cpu2=37499 timer_ticks_cpu3=37158 timer_ticks_cpu4=37037 timer_ticks_cpu5=37040 timer_ticks_cpu6=37170 timer_ticks_cpu7=37247 rq_total=0 rq_cpu0=0 rq_cpu1=0 rq_cpu2=0 rq_cpu3=0 rq_cpu4=0 rq_cpu5=0 rq_cpu6=0 rq_cpu7=0 cur_cpu0=0 cur_cpu1=14 cur_cpu2=5 cur_cpu3=3 cur_cpu4=7 cur_cpu5=8 cur_cpu6=9 cur_cpu7=10 total_threads=17 blocked_threads=6 sched_lock=ok procmgr_lock=ok gpu_pci_lock=ok
[bwm-fps] frames_since_last=173 elapsed_ms=1003 instantaneous_fps=172
[heartbeat] tid=12 uptime_ms=46402
[bwm-fps] frames_since_last=169 elapsed_ms=1004 instantaneous_fps=168
[heartbeat] tid=12 uptime_ms=47402
[bwm-fps] frames_since_last=145 elapsed_ms=1001 instantaneous_fps=144
[virgl-composite] Frame #7500: 1280x960 → 1280x960 display (first1k: 1000 nonzero, first=0x0014161e)
[heartbeat] tid=12 uptime_ms=48402
[bwm-fps] frames_since_last=148 elapsed_ms=1001 instantaneous_fps=147
[heartbeat] tid=12 uptime_ms=49403
[bwm-fps] frames_since_last=145 elapsed_ms=1000 instantaneous_fps=145
[heartbeat] tid=12 uptime_ms=50403
[freeze-watch] uptime_ms=50427 submits=23747 completes=23750 fails=0 last_completion_ms=50423 fps_last_5s=157 cpu=2 tid=3 ctx_switches=109724 timer_ticks_cpu0=33483 timer_ticks_cpu1=41957 timer_ticks_cpu2=41754 timer_ticks_cpu3=41370 timer_ticks_cpu4=41231 timer_ticks_cpu5=41242 timer_ticks_cpu6=41374 timer_ticks_cpu7=41452 rq_total=0 rq_cpu0=0 rq_cpu1=0 rq_cpu2=0 rq_cpu3=0 rq_cpu4=0 rq_cpu5=0 rq_cpu6=0 rq_cpu7=0 cur_cpu0=0 cur_cpu1=14 cur_cpu2=3 cur_cpu3=6 cur_cpu4=7 cur_cpu5=8 cur_cpu6=9 cur_cpu7=10 total_threads=17 blocked_threads=6 sched_lock=ok procmgr_lock=ok gpu_pci_lock=ok
[bwm-fps] frames_since_last=183 elapsed_ms=1001 instantaneous_fps=182
[virgl-composite] Frame #8000: 1280x960 → 1280x960 display (first1k: 1000 nonzero, first=0x0014161e)
[heartbeat] tid=12 uptime_ms=51404
[bwm-fps] frames_since_last=173 elapsed_ms=1006 instantaneous_fps=171
[heartbeat] tid=12 uptime_ms=52405
[timer] cpu0 ticks=35000
[bwm-fps] frames_since_last=161 elapsed_ms=1003 instantaneous_fps=160
[heartbeat] tid=12 uptime_ms=53405
[bwm-fps] frames_since_last=152 elapsed_ms=1005 instantaneous_fps=151
[virgl-composite] Frame #8500: 1280x960 → 1280x960 display (first1k: 1000 nonzero, first=0x0014161e)
[heartbeat] tid=12 uptime_ms=54406
[bwm-fps] frames_since_last=177 elapsed_ms=1002 instantaneous_fps=176
[heartbeat] tid=12 uptime_ms=55406
[freeze-watch] uptime_ms=55430 submits=26285 completes=26288 fails=0 last_completion_ms=55429 fps_last_5s=169 cpu=7 tid=3 ctx_switches=121077 timer_ticks_cpu0=36895 timer_ticks_cpu1=46246 timer_ticks_cpu2=46031 timer_ticks_cpu3=45603 timer_ticks_cpu4=45442 timer_ticks_cpu5=45472 timer_ticks_cpu6=45600 timer_ticks_cpu7=45697 rq_total=0 rq_cpu0=0 rq_cpu1=0 rq_cpu2=0 rq_cpu3=0 rq_cpu4=0 rq_cpu5=0 rq_cpu6=0 rq_cpu7=0 cur_cpu0=0 cur_cpu1=4 cur_cpu2=5 cur_cpu3=6 cur_cpu4=7 cur_cpu5=8 cur_cpu6=9 cur_cpu7=3 total_threads=17 blocked_threads=6 sched_lock=ok procmgr_lock=ok gpu_pci_lock=ok
[bwm-fps] frames_since_last=190 elapsed_ms=1001 instantaneous_fps=189
[heartbeat] tid=12 uptime_ms=56407
[bwm-fps] frames_since_last=192 elapsed_ms=1003 instantaneous_fps=191
[virgl-composite] Frame #9000: 1280x960 → 1280x960 display (first1k: 1000 nonzero, first=0x0014161e)
[heartbeat] tid=12 uptime_ms=57410
[bwm-fps] frames_since_last=177 elapsed_ms=1002 instantaneous_fps=176
[heartbeat] tid=12 uptime_ms=58410
[bwm-fps] frames_since_last=168 elapsed_ms=1006 instantaneous_fps=166
[heartbeat] tid=12 uptime_ms=59410
[virgl-composite] Frame #9500: 1280x960 → 1280x960 display (first1k: 1000 nonzero, first=0x0014161e)
[bwm-fps] frames_since_last=170 elapsed_ms=1000 instantaneous_fps=170
[timer] cpu0 ticks=40000
[heartbeat] tid=12 uptime_ms=60411
[freeze-watch] uptime_ms=60432 submits=28934 completes=28937 fails=0 last_completion_ms=60432 fps_last_5s=176 cpu=1 tid=3 ctx_switches=133094 timer_ticks_cpu0=40292 timer_ticks_cpu1=50542 timer_ticks_cpu2=50311 timer_ticks_cpu3=49843 timer_ticks_cpu4=49662 timer_ticks_cpu5=49701 timer_ticks_cpu6=49847 timer_ticks_cpu7=49939 rq_total=0 rq_cpu0=0 rq_cpu1=0 rq_cpu2=0 rq_cpu3=0 rq_cpu4=0 rq_cpu5=0 rq_cpu6=0 rq_cpu7=0 cur_cpu0=0 cur_cpu1=3 cur_cpu2=5 cur_cpu3=6 cur_cpu4=7 cur_cpu5=8 cur_cpu6=9 cur_cpu7=10 total_threads=17 blocked_threads=6 sched_lock=ok procmgr_lock=ok gpu_pci_lock=ok
[bwm-fps] frames_since_last=171 elapsed_ms=1003 instantaneous_fps=170
[heartbeat] tid=12 uptime_ms=61411
[bwm-fps] frames_since_last=175 elapsed_ms=1005 instantaneous_fps=174
[heartbeat] tid=12 uptime_ms=62412
[virgl-composite] Frame #10000: 1280x960 → 1280x960 display (first1k: 1000 nonzero, first=0x0014161e)
[bwm-fps] frames_since_last=195 elapsed_ms=1000 instantaneous_fps=195
[heartbeat] tid=12 uptime_ms=63412
[bwm-fps] frames_since_last=189 elapsed_ms=1008 instantaneous_fps=187
[heartbeat] tid=12 uptime_ms=64412
[bwm-fps] frames_since_last=172 elapsed_ms=1004 instantaneous_fps=171
[virgl-composite] Frame #10500: 1280x960 → 1280x960 display (first1k: 1000 nonzero, first=0x0014161e)
[heartbeat] tid=12 uptime_ms=65413
[freeze-watch] uptime_ms=65435 submits=31617 completes=31619 fails=0 last_completion_ms=65432 fps_last_5s=178 cpu=2 tid=0 ctx_switches=145170 timer_ticks_cpu0=43724 timer_ticks_cpu1=54833 timer_ticks_cpu2=54587 timer_ticks_cpu3=54064 timer_ticks_cpu4=53868 timer_ticks_cpu5=53911 timer_ticks_cpu6=54091 timer_ticks_cpu7=54193 rq_total=0 rq_cpu0=0 rq_cpu1=0 rq_cpu2=0 rq_cpu3=0 rq_cpu4=0 rq_cpu5=0 rq_cpu6=0 rq_cpu7=0 cur_cpu0=0 cur_cpu1=0 cur_cpu2=0 cur_cpu3=0 cur_cpu4=0 cur_cpu5=0 cur_cpu6=0 cur_cpu7=0 total_threads=0 blocked_threads=0 sched_lock=busy procmgr_lock=ok gpu_pci_lock=busy
[gpu-pci-lock-attrib] max_hold_ms=20 max_hold_holder_tid=14
[wake-attrib] schedule=27411 unblock=0 isr_unblock=32393 wake_io=46426 signal=0 child=0 timer=5836
[enqueue-attrib] same_lock=19573 deferred=30078 isr_buf=32393 deferred_drained=28633 isr_buf_drained=30024 already_queued=3125 isr_buf_full=0
[bwm-fps] frames_since_last=170 elapsed_ms=1003 instantaneous_fps=169
[heartbeat] tid=12 uptime_ms=66413
[bwm-fps] frames_since_last=176 elapsed_ms=1001 instantaneous_fps=175
[timer] cpu0 ticks=45000
[heartbeat] tid=12 uptime_ms=67416
[bwm-fps] frames_since_last=178 elapsed_ms=1010 instantaneous_fps=176
[virgl-composite] Frame #11000: 1280x960 → 1280x960 display (first1k: 1000 nonzero, first=0x0014161e)
[heartbeat] tid=12 uptime_ms=68416
[bwm-fps] frames_since_last=171 elapsed_ms=1001 instantaneous_fps=170
[heartbeat] tid=12 uptime_ms=69420
[bwm-fps] frames_since_last=178 elapsed_ms=1001 instantaneous_fps=177
[heartbeat] tid=12 uptime_ms=70420
[freeze-watch] uptime_ms=70440 submits=34244 completes=34247 fails=0 last_completion_ms=70439 fps_last_5s=175 cpu=3 tid=3 ctx_switches=157089 timer_ticks_cpu0=47147 timer_ticks_cpu1=59126 timer_ticks_cpu2=58841 timer_ticks_cpu3=58292 timer_ticks_cpu4=58051 timer_ticks_cpu5=58129 timer_ticks_cpu6=58345 timer_ticks_cpu7=58463 rq_total=0 rq_cpu0=0 rq_cpu1=0 rq_cpu2=0 rq_cpu3=0 rq_cpu4=0 rq_cpu5=0 rq_cpu6=0 rq_cpu7=0 cur_cpu0=0 cur_cpu1=4 cur_cpu2=14 cur_cpu3=3 cur_cpu4=7 cur_cpu5=8 cur_cpu6=9 cur_cpu7=10 total_threads=17 blocked_threads=6 sched_lock=ok procmgr_lock=ok gpu_pci_lock=ok
[bwm-fps] frames_since_last=169 elapsed_ms=1001 instantaneous_fps=168
[virgl-composite] Frame #11500: 1280x960 → 1280x960 display (first1k: 1000 nonzero, first=0x0014161e)
[heartbeat] tid=12 uptime_ms=71420
[bwm-fps] frames_since_last=177 elapsed_ms=1005 instantaneous_fps=176
[heartbeat] tid=12 uptime_ms=72421
[bwm-fps] frames_since_last=162 elapsed_ms=1003 instantaneous_fps=161
[heartbeat] tid=12 uptime_ms=73421
[bwm-fps] frames_since_last=164 elapsed_ms=1000 instantaneous_fps=164
[virgl-composite] Frame #12000: 1280x960 → 1280x960 display (first1k: 1000 nonzero, first=0x0014161e)
[heartbeat] tid=12 uptime_ms=74422
[timer] cpu0 ticks=50000
[bwm-fps] frames_since_last=170 elapsed_ms=1004 instantaneous_fps=169
[heartbeat] tid=12 uptime_ms=75422
[freeze-watch] uptime_ms=75443 submits=36743 completes=36745 fails=0 last_completion_ms=75442 fps_last_5s=166 cpu=4 tid=3 ctx_switches=168501 timer_ticks_cpu0=50585 timer_ticks_cpu1=63389 timer_ticks_cpu2=63086 timer_ticks_cpu3=62489 timer_ticks_cpu4=62222 timer_ticks_cpu5=62303 timer_ticks_cpu6=62558 timer_ticks_cpu7=62699 rq_total=1 rq_cpu0=0 rq_cpu1=1 rq_cpu2=0 rq_cpu3=0 rq_cpu4=0 rq_cpu5=0 rq_cpu6=0 rq_cpu7=0 cur_cpu0=0 cur_cpu1=4 cur_cpu2=5 cur_cpu3=6 cur_cpu4=3 cur_cpu5=8 cur_cpu6=9 cur_cpu7=10 total_threads=17 blocked_threads=6 sched_lock=ok procmgr_lock=ok gpu_pci_lock=busy
[bwm-fps] frames_since_last=161 elapsed_ms=1000 instantaneous_fps=161
[heartbeat] tid=12 uptime_ms=76423
[bwm-fps] frames_since_last=178 elapsed_ms=1009 instantaneous_fps=176
[virgl-composite] Frame #12500: 1280x960 → 1280x960 display (first1k: 1000 nonzero, first=0x0014161e)
[heartbeat] tid=12 uptime_ms=77427
[bwm-fps] frames_since_last=164 elapsed_ms=1006 instantaneous_fps=163
[heartbeat] tid=12 uptime_ms=78427
[bwm-fps] frames_since_last=172 elapsed_ms=1001 instantaneous_fps=171
[heartbeat] tid=12 uptime_ms=79427
[bwm-fps] frames_since_last=176 elapsed_ms=1002 instantaneous_fps=175
[virgl-composite] Frame #13000: 1280x960 → 1280x960 display (first1k: 1000 nonzero, first=0x0014161e)
[heartbeat] tid=12 uptime_ms=80428
[freeze-watch] uptime_ms=80447 submits=39293 completes=39296 fails=0 last_completion_ms=80443 fps_last_5s=170 cpu=2 tid=3 ctx_switches=179816 timer_ticks_cpu0=54016 timer_ticks_cpu1=67669 timer_ticks_cpu2=67336 timer_ticks_cpu3=66688 timer_ticks_cpu4=66398 timer_ticks_cpu5=66483 timer_ticks_cpu6=66779 timer_ticks_cpu7=66936 rq_total=0 rq_cpu0=0 rq_cpu1=0 rq_cpu2=0 rq_cpu3=0 rq_cpu4=0 rq_cpu5=0 rq_cpu6=0 rq_cpu7=0 cur_cpu0=14 cur_cpu1=4 cur_cpu2=3 cur_cpu3=6 cur_cpu4=7 cur_cpu5=8 cur_cpu6=9 cur_cpu7=10 total_threads=17 blocked_threads=6 sched_lock=ok procmgr_lock=ok gpu_pci_lock=ok
[bwm-fps] frames_since_last=164 elapsed_ms=1004 instantaneous_fps=163
[heartbeat] tid=12 uptime_ms=81428
[bwm-fps] frames_since_last=161 elapsed_ms=1005 instantaneous_fps=160
[timer] cpu0 ticks=55000
[heartbeat] tid=12 uptime_ms=82428
[bwm-fps] frames_since_last=172 elapsed_ms=1001 instantaneous_fps=171
[virgl-composite] Frame #13500: 1280x960 → 1280x960 display (first1k: 1000 nonzero, first=0x0014161e)
[heartbeat] tid=12 uptime_ms=83429
[bwm-fps] frames_since_last=181 elapsed_ms=1004 instantaneous_fps=180
[heartbeat] tid=12 uptime_ms=84429
[bwm-fps] frames_since_last=187 elapsed_ms=1001 instantaneous_fps=186
[heartbeat] tid=12 uptime_ms=85429
[freeze-watch] uptime_ms=85452 submits=41882 completes=41885 fails=0 last_completion_ms=85450 fps_last_5s=172 cpu=1 tid=0 ctx_switches=191395 timer_ticks_cpu0=57415 timer_ticks_cpu1=71949 timer_ticks_cpu2=71589 timer_ticks_cpu3=70892 timer_ticks_cpu4=70591 timer_ticks_cpu5=70677 timer_ticks_cpu6=71001 timer_ticks_cpu7=71173 rq_total=0 rq_cpu0=0 rq_cpu1=0 rq_cpu2=0 rq_cpu3=0 rq_cpu4=0 rq_cpu5=0 rq_cpu6=0 rq_cpu7=0 cur_cpu0=0 cur_cpu1=0 cur_cpu2=0 cur_cpu3=0 cur_cpu4=0 cur_cpu5=0 cur_cpu6=0 cur_cpu7=0 total_threads=0 blocked_threads=0 sched_lock=busy procmgr_lock=ok gpu_pci_lock=ok
[virgl-composite] Frame #14000: 1280x960 → 1280x960 display (first1k: 1000 nonzero, first=0x0014161e)
[bwm-fps] frames_since_last=167 elapsed_ms=1000 instantaneous_fps=167
[heartbeat] tid=12 uptime_ms=86430
[bwm-fps] frames_since_last=180 elapsed_ms=1004 instantaneous_fps=179
[heartbeat] tid=12 uptime_ms=87430
[bwm-fps] frames_since_last=183 elapsed_ms=1001 instantaneous_fps=182
[heartbeat] tid=12 uptime_ms=88430
[virgl-composite] Frame #14500: 1280x960 → 1280x960 display (first1k: 1000 nonzero, first=0x0014161e)
[bwm-fps] frames_since_last=160 elapsed_ms=1002 instantaneous_fps=159
[timer] cpu0 ticks=60000
[heartbeat] tid=12 uptime_ms=89430
[bwm-fps] frames_since_last=169 elapsed_ms=1004 instantaneous_fps=168
[heartbeat] tid=12 uptime_ms=90431
[freeze-watch] uptime_ms=90455 submits=44456 completes=44459 fails=0 last_completion_ms=90452 fps_last_5s=171 cpu=7 tid=3 ctx_switches=202993 timer_ticks_cpu0=60854 timer_ticks_cpu1=76232 timer_ticks_cpu2=75874 timer_ticks_cpu3=75115 timer_ticks_cpu4=74791 timer_ticks_cpu5=74906 timer_ticks_cpu6=75240 timer_ticks_cpu7=75443 rq_total=0 rq_cpu0=0 rq_cpu1=0 rq_cpu2=0 rq_cpu3=0 rq_cpu4=0 rq_cpu5=0 rq_cpu6=0 rq_cpu7=0 cur_cpu0=0 cur_cpu1=14 cur_cpu2=5 cur_cpu3=6 cur_cpu4=7 cur_cpu5=8 cur_cpu6=9 cur_cpu7=3 total_threads=17 blocked_threads=6 sched_lock=ok procmgr_lock=ok gpu_pci_lock=ok
[bwm-fps] frames_since_last=165 elapsed_ms=1001 instantaneous_fps=164
[heartbeat] tid=12 uptime_ms=91431
[virgl-composite] Frame #15000: 1280x960 → 1280x960 display (first1k: 1000 nonzero, first=0x0014161e)
[bwm-fps] frames_since_last=172 elapsed_ms=1002 instantaneous_fps=171
[heartbeat] tid=12 uptime_ms=92431
[bwm-fps] frames_since_last=175 elapsed_ms=1002 instantaneous_fps=174
[heartbeat] tid=12 uptime_ms=93431
[bwm-fps] frames_since_last=181 elapsed_ms=1001 instantaneous_fps=180
[heartbeat] tid=12 uptime_ms=94432
[virgl-composite] Frame #15500: 1280x960 → 1280x960 display (first1k: 1000 nonzero, first=0x0014161e)
[bwm-fps] frames_since_last=171 elapsed_ms=1001 instantaneous_fps=170
[heartbeat] tid=12 uptime_ms=95433
[freeze-watch] uptime_ms=95458 submits=47060 completes=47063 fails=0 last_completion_ms=95456 fps_last_5s=173 cpu=1 tid=3 ctx_switches=214662 timer_ticks_cpu0=64292 timer_ticks_cpu1=80477 timer_ticks_cpu2=79977 timer_ticks_cpu3=79131 timer_ticks_cpu4=78984 timer_ticks_cpu5=79101 timer_ticks_cpu6=79481 timer_ticks_cpu7=79710 rq_total=0 rq_cpu0=0 rq_cpu1=0 rq_cpu2=0 rq_cpu3=0 rq_cpu4=0 rq_cpu5=0 rq_cpu6=0 rq_cpu7=0 cur_cpu0=0 cur_cpu1=3 cur_cpu2=5 cur_cpu3=14 cur_cpu4=7 cur_cpu5=8 cur_cpu6=9 cur_cpu7=10 total_threads=17 blocked_threads=6 sched_lock=ok procmgr_lock=ok gpu_pci_lock=ok
[gpu-pci-lock-attrib] max_hold_ms=22 max_hold_holder_tid=14
[wake-attrib] schedule=40577 unblock=0 isr_unblock=47745 wake_io=68181 signal=0 child=0 timer=8828
[enqueue-attrib] same_lock=28837 deferred=44864 isr_buf=47747 deferred_drained=42506 isr_buf_drained=43887 already_queued=3994 isr_buf_full=0
[bwm-fps] frames_since_last=178 elapsed_ms=1000 instantaneous_fps=178
[heartbeat] tid=12 uptime_ms=96433
[timer] cpu0 ticks=65000
[bwm-fps] frames_since_last=185 elapsed_ms=1000 instantaneous_fps=185
[virgl-composite] Frame #16000: 1280x960 → 1280x960 display (first1k: 1000 nonzero, first=0x0014161e)
[heartbeat] tid=12 uptime_ms=97434
[bwm-fps] frames_since_last=185 elapsed_ms=1001 instantaneous_fps=184
[heartbeat] tid=12 uptime_ms=98435
[bwm-fps] frames_since_last=172 elapsed_ms=1003 instantaneous_fps=171
[heartbeat] tid=12 uptime_ms=99438
[bwm-fps] frames_since_last=169 elapsed_ms=1002 instantaneous_fps=168
[virgl-composite] Frame #16500: 1280x960 → 1280x960 display (first1k: 1000 nonzero, first=0x0014161e)
[heartbeat] tid=12 uptime_ms=100439
[freeze-watch] uptime_ms=100462 submits=49715 completes=49717 fails=0 last_completion_ms=100461 fps_last_5s=176 cpu=7 tid=3 ctx_switches=226639 timer_ticks_cpu0=67713 timer_ticks_cpu1=84763 timer_ticks_cpu2=84251 timer_ticks_cpu3=83371 timer_ticks_cpu4=83194 timer_ticks_cpu5=83338 timer_ticks_cpu6=83735 timer_ticks_cpu7=83967 rq_total=0 rq_cpu0=0 rq_cpu1=0 rq_cpu2=0 rq_cpu3=0 rq_cpu4=0 rq_cpu5=0 rq_cpu6=0 rq_cpu7=0 cur_cpu0=0 cur_cpu1=4 cur_cpu2=5 cur_cpu3=6 cur_cpu4=7 cur_cpu5=8 cur_cpu6=9 cur_cpu7=3 total_threads=17 blocked_threads=7 sched_lock=ok procmgr_lock=ok gpu_pci_lock=busy
[bwm-fps] frames_since_last=169 elapsed_ms=1000 instantaneous_fps=169
[heartbeat] tid=12 uptime_ms=101440
[bwm-fps] frames_since_last=177 elapsed_ms=1000 instantaneous_fps=177
[heartbeat] tid=12 uptime_ms=102440
[bwm-fps] frames_since_last=178 elapsed_ms=1003 instantaneous_fps=177
[virgl-composite] Frame #17000: 1280x960 → 1280x960 display (first1k: 1000 nonzero, first=0x0014161e)
[heartbeat] tid=12 uptime_ms=103440
[timer] cpu0 ticks=70000
[bwm-fps] frames_since_last=170 elapsed_ms=1003 instantaneous_fps=169
[heartbeat] tid=12 uptime_ms=104441
[bwm-fps] frames_since_last=162 elapsed_ms=1004 instantaneous_fps=161
[heartbeat] tid=12 uptime_ms=105441
[freeze-watch] uptime_ms=105465 submits=52260 completes=52262 fails=0 last_completion_ms=105460 fps_last_5s=169 cpu=7 tid=3 ctx_switches=238200 timer_ticks_cpu0=71087 timer_ticks_cpu1=89043 timer_ticks_cpu2=88505 timer_ticks_cpu3=87607 timer_ticks_cpu4=87393 timer_ticks_cpu5=87558 timer_ticks_cpu6=87970 timer_ticks_cpu7=88210 rq_total=0 rq_cpu0=0 rq_cpu1=0 rq_cpu2=0 rq_cpu3=0 rq_cpu4=0 rq_cpu5=0 rq_cpu6=0 rq_cpu7=0 cur_cpu0=0 cur_cpu1=4 cur_cpu2=5 cur_cpu3=6 cur_cpu4=7 cur_cpu5=8 cur_cpu6=9 cur_cpu7=3 total_threads=17 blocked_threads=7 sched_lock=ok procmgr_lock=ok gpu_pci_lock=busy
[bwm-fps] frames_since_last=154 elapsed_ms=1002 instantaneous_fps=153
[virgl-composite] Frame #17500: 1280x960 → 1280x960 display (first1k: 1000 nonzero, first=0x0014161e)
[heartbeat] tid=12 uptime_ms=106442
[bwm-fps] frames_since_last=151 elapsed_ms=1001 instantaneous_fps=150
[heartbeat] tid=12 uptime_ms=107442
[bwm-fps] frames_since_last=149 elapsed_ms=1000 instantaneous_fps=149
[heartbeat] tid=12 uptime_ms=108442
[bwm-fps] frames_since_last=144 elapsed_ms=1000 instantaneous_fps=144
[heartbeat] tid=12 uptime_ms=109443
[virgl-composite] Frame #18000: 1280x960 → 1280x960 display (first1k: 1000 nonzero, first=0x0014161e)
[bwm-fps] frames_since_last=140 elapsed_ms=1005 instantaneous_fps=139
[heartbeat] tid=12 uptime_ms=110444
[freeze-watch] uptime_ms=110468 submits=54452 completes=54455 fails=0 last_completion_ms=110467 fps_last_5s=146 cpu=1 tid=3 ctx_switches=248515 timer_ticks_cpu0=74488 timer_ticks_cpu1=93242 timer_ticks_cpu2=92627 timer_ticks_cpu3=91763 timer_ticks_cpu4=91569 timer_ticks_cpu5=91754 timer_ticks_cpu6=92172 timer_ticks_cpu7=92409 rq_total=0 rq_cpu0=0 rq_cpu1=0 rq_cpu2=0 rq_cpu3=0 rq_cpu4=0 rq_cpu5=0 rq_cpu6=0 rq_cpu7=0 cur_cpu0=0 cur_cpu1=3 cur_cpu2=5 cur_cpu3=6 cur_cpu4=7 cur_cpu5=8 cur_cpu6=9 cur_cpu7=10 total_threads=17 blocked_threads=6 sched_lock=ok procmgr_lock=ok gpu_pci_lock=ok
[bwm-fps] frames_since_last=145 elapsed_ms=1003 instantaneous_fps=144
[timer] cpu0 ticks=75000
[heartbeat] tid=12 uptime_ms=111444
[bwm-fps] frames_since_last=148 elapsed_ms=1007 instantaneous_fps=146
[heartbeat] tid=12 uptime_ms=112446
[bwm-fps] frames_since_last=148 elapsed_ms=1002 instantaneous_fps=147
[virgl-composite] Frame #18500: 1280x960 → 1280x960 display (first1k: 1000 nonzero, first=0x0014161e)
[heartbeat] tid=12 uptime_ms=113447
[bwm-fps] frames_since_last=157 elapsed_ms=1000 instantaneous_fps=157
[heartbeat] tid=12 uptime_ms=114448
[bwm-fps] frames_since_last=189 elapsed_ms=1003 instantaneous_fps=188
[heartbeat] tid=12 uptime_ms=115448
[freeze-watch] uptime_ms=115472 submits=56897 completes=56900 fails=0 last_completion_ms=115469 fps_last_5s=162 cpu=0 tid=3 ctx_switches=259377 timer_ticks_cpu0=77929 timer_ticks_cpu1=97503 timer_ticks_cpu2=96881 timer_ticks_cpu3=95989 timer_ticks_cpu4=95776 timer_ticks_cpu5=95943 timer_ticks_cpu6=96390 timer_ticks_cpu7=96638 rq_total=0 rq_cpu0=0 rq_cpu1=0 rq_cpu2=0 rq_cpu3=0 rq_cpu4=0 rq_cpu5=0 rq_cpu6=0 rq_cpu7=0 cur_cpu0=3 cur_cpu1=14 cur_cpu2=5 cur_cpu3=6 cur_cpu4=7 cur_cpu5=8 cur_cpu6=9 cur_cpu7=10 total_threads=17 blocked_threads=6 sched_lock=ok procmgr_lock=ok gpu_pci_lock=ok
[virgl-composite] Frame #19000: 1280x960 → 1280x960 display (first1k: 1000 nonzero, first=0x0014161e)
[bwm-fps] frames_since_last=189 elapsed_ms=1002 instantaneous_fps=188
[heartbeat] tid=12 uptime_ms=116449
[bwm-fps] frames_since_last=188 elapsed_ms=1006 instantaneous_fps=186
[heartbeat] tid=12 uptime_ms=117450
[bwm-fps] frames_since_last=181 elapsed_ms=1001 instantaneous_fps=180
[heartbeat] tid=12 uptime_ms=118450
[timer] cpu0 ticks=80000
[virgl-composite] Frame #19500: 1280x960 → 1280x960 display (first1k: 1000 nonzero, first=0x0014161e)
[bwm-fps] frames_since_last=180 elapsed_ms=1002 instantaneous_fps=179
[heartbeat] tid=12 uptime_ms=119453
[bwm-fps] frames_since_last=180 elapsed_ms=1002 instantaneous_fps=179
[heartbeat] tid=12 uptime_ms=120454
[freeze-watch] uptime_ms=120476 submits=59612 completes=59615 fails=0 last_completion_ms=120475 fps_last_5s=180 cpu=2 tid=3 ctx_switches=271638 timer_ticks_cpu0=81360 timer_ticks_cpu1=101812 timer_ticks_cpu2=101174 timer_ticks_cpu3=100218 timer_ticks_cpu4=99988 timer_ticks_cpu5=100164 timer_ticks_cpu6=100635 timer_ticks_cpu7=100892 rq_total=0 rq_cpu0=0 rq_cpu1=0 rq_cpu2=0 rq_cpu3=0 rq_cpu4=0 rq_cpu5=0 rq_cpu6=0 rq_cpu7=0 cur_cpu0=0 cur_cpu1=4 cur_cpu2=3 cur_cpu3=6 cur_cpu4=7 cur_cpu5=8 cur_cpu6=9 cur_cpu7=10 total_threads=17 blocked_threads=6 sched_lock=ok procmgr_lock=ok gpu_pci_lock=ok
[bwm-fps] frames_since_last=170 elapsed_ms=1003 instantaneous_fps=169
[virgl-composite] Frame #20000: 1280x960 → 1280x960 display (first1k: 1000 nonzero, first=0x0014161e)
[heartbeat] tid=12 uptime_ms=121454
[bwm-fps] frames_since_last=162 elapsed_ms=1004 instantaneous_fps=161
[heartbeat] tid=12 uptime_ms=122455
[bwm-fps] frames_since_last=168 elapsed_ms=1005 instantaneous_fps=167
[heartbeat] tid=12 uptime_ms=123455
[bwm-fps] frames_since_last=173 elapsed_ms=1004 instantaneous_fps=172
[virgl-composite] Frame #20500: 1280x960 → 1280x960 display (first1k: 1000 nonzero, first=0x0014161e)
[heartbeat] tid=12 uptime_ms=124456
[bwm-fps] frames_since_last=162 elapsed_ms=1003 instantaneous_fps=161
[heartbeat] tid=12 uptime_ms=125457
[freeze-watch] uptime_ms=125480 submits=62075 completes=62078 fails=0 last_completion_ms=125478 fps_last_5s=164 cpu=4 tid=0 ctx_switches=282992 timer_ticks_cpu0=84728 timer_ticks_cpu1=106102 timer_ticks_cpu2=105431 timer_ticks_cpu3=104441 timer_ticks_cpu4=104188 timer_ticks_cpu5=104355 timer_ticks_cpu6=104864 timer_ticks_cpu7=105110 rq_total=0 rq_cpu0=0 rq_cpu1=0 rq_cpu2=0 rq_cpu3=0 rq_cpu4=0 rq_cpu5=0 rq_cpu6=0 rq_cpu7=0 cur_cpu0=0 cur_cpu1=0 cur_cpu2=0 cur_cpu3=0 cur_cpu4=0 cur_cpu5=0 cur_cpu6=0 cur_cpu7=0 total_threads=0 blocked_threads=0 sched_lock=busy procmgr_lock=ok gpu_pci_lock=ok
[gpu-pci-lock-attrib] max_hold_ms=22 max_hold_holder_tid=14
[wake-attrib] schedule=53608 unblock=0 isr_unblock=62660 wake_io=89800 signal=0 child=0 timer=11697
[enqueue-attrib] same_lock=38272 deferred=59123 isr_buf=62661 deferred_drained=56154 isr_buf_drained=57714 already_queued=5589 isr_buf_full=0
[timer] cpu0 ticks=85000
[bwm-fps] frames_since_last=150 elapsed_ms=1005 instantaneous_fps=149
[heartbeat] tid=12 uptime_ms=126458
[bwm-fps] frames_since_last=151 elapsed_ms=1003 instantaneous_fps=150
[heartbeat] tid=12 uptime_ms=127458
[virgl-composite] Frame #21000: 1280x960 → 1280x960 display (first1k: 1000 nonzero, first=0x0014161e)
[bwm-fps] frames_since_last=146 elapsed_ms=1008 instantaneous_fps=144
[heartbeat] tid=12 uptime_ms=128458
[bwm-fps] frames_since_last=164 elapsed_ms=1002 instantaneous_fps=163
[heartbeat] tid=12 uptime_ms=129459
[bwm-fps] frames_since_last=165 elapsed_ms=1000 instantaneous_fps=165
[heartbeat] tid=12 uptime_ms=130459
[freeze-watch] uptime_ms=130485 submits=64400 completes=64403 fails=0 last_completion_ms=130483 fps_last_5s=154 cpu=3 tid=3 ctx_switches=293837 timer_ticks_cpu0=88127 timer_ticks_cpu1=110388 timer_ticks_cpu2=109704 timer_ticks_cpu3=108672 timer_ticks_cpu4=108403 timer_ticks_cpu5=108580 timer_ticks_cpu6=109076 timer_ticks_cpu7=109340 rq_total=0 rq_cpu0=0 rq_cpu1=0 rq_cpu2=0 rq_cpu3=0 rq_cpu4=0 rq_cpu5=0 rq_cpu6=0 rq_cpu7=0 cur_cpu0=0 cur_cpu1=4 cur_cpu2=5 cur_cpu3=3 cur_cpu4=7 cur_cpu5=8 cur_cpu6=14 cur_cpu7=10 total_threads=17 blocked_threads=6 sched_lock=ok procmgr_lock=ok gpu_pci_lock=ok
[virgl-composite] Frame #21500: 1280x960 → 1280x960 display (first1k: 1000 nonzero, first=0x0014161e)
[bwm-fps] frames_since_last=157 elapsed_ms=1004 instantaneous_fps=156
[heartbeat] tid=12 uptime_ms=131460
[bwm-fps] frames_since_last=155 elapsed_ms=1001 instantaneous_fps=154
[heartbeat] tid=12 uptime_ms=132460
[bwm-fps] frames_since_last=162 elapsed_ms=1001 instantaneous_fps=161
[timer] cpu0 ticks=90000
[heartbeat] tid=12 uptime_ms=133461
[virgl-composite] Frame #22000: 1280x960 → 1280x960 display (first1k: 1000 nonzero, first=0x0014161e)
[bwm-fps] frames_since_last=172 elapsed_ms=1009 instantaneous_fps=170
[heartbeat] tid=12 uptime_ms=134461
[bwm-fps] frames_since_last=175 elapsed_ms=1000 instantaneous_fps=175
[heartbeat] tid=12 uptime_ms=135461
[freeze-watch] uptime_ms=135488 submits=66891 completes=66893 fails=0 last_completion_ms=135484 fps_last_5s=165 cpu=0 tid=3 ctx_switches=305299 timer_ticks_cpu0=91566 timer_ticks_cpu1=114670 timer_ticks_cpu2=113970 timer_ticks_cpu3=112899 timer_ticks_cpu4=112595 timer_ticks_cpu5=112808 timer_ticks_cpu6=113298 timer_ticks_cpu7=113571 rq_total=0 rq_cpu0=0 rq_cpu1=0 rq_cpu2=0 rq_cpu3=0 rq_cpu4=0 rq_cpu5=0 rq_cpu6=0 rq_cpu7=0 cur_cpu0=3 cur_cpu1=4 cur_cpu2=5 cur_cpu3=6 cur_cpu4=7 cur_cpu5=8 cur_cpu6=9 cur_cpu7=10 total_threads=17 blocked_threads=7 sched_lock=ok procmgr_lock=ok gpu_pci_lock=busy
