[ram] 6 regions:
[ram]   0x40000000 - 0xffff0000 (3071 MB)
[ram]   0x100000000 - 0x140000000 (1024 MB)
[ram]   0x140025000 - 0x23be0f000 (4029 MB)
[ram]   0x23c000000 - 0x23c020000 (0 MB)
[ram]   0x23c080000 - 0x23f550000 (52 MB)
[ram]   0x23f930000 - 0x240000000 (6 MB)
[kern] entry_phys=0x400998c4 load=0x40080000-0x50104000
[gop-serial] UART: base=0x2110000 type=0 (PL011)
[gop-serial] Enumerating GOP display modes:
[gop-serial]   Mode 0: 1024x768 format=BGR
[gop-serial] 1 modes total, best=786432 pixels
[gop-serial] Already at best mode: 1024x768
[gop-serial] Selected: 1024x768 stride=1024 base=0x10000000 size=0x300000
ZZ00000000400998c4BDMTIVL!J>12KPHEOS
========================================
  Breenix ARM64 Kernel Starting
  BUILD_ID: 006a0d3736337d
========================================

[boot] DIAG_MARKER_XHCI_A
[boot] DIAG_MARKER_XHCI_B
[boot] DIAG_MARKER_XHCI_C
[boot] loader xhci_hcrst_raw=0x0 ecam=0x2300000
[boot] Current exception level: EL1
[boot] MMU already enabled (high-half kernel)
[boot] Initializing memory management (0x44000000-0x50000000)...
[boot] Memory management ready
[boot] Initializing Generic Timer...
[boot] Timer frequency: 24000000 Hz (24 MHz)
[boot] Initializing PL031 RTC...
[boot] Current timestamp: 24070450
[boot] Initializing GIC...
[gic] GICR probe 0x02500000: WAKER=0x00000000 <<< VALID
[gic] GICD_CTLR wrote 0x53, readback=0x53
[gic] GICR_IGROUPR0: wrote 0xFFFFFFFF, readback=0xffffffff
[gic] ICC_CTLR_EL1: 0x40400 -> 0x40402 (EOImode=1)
[boot] GIC initialized (version 3)
[boot] Enabling UART interrupts...
[boot] Enabling GIC IRQ 33 (UART0)...
[uart] IMSC: 0x0 -> 0x50 (verify: 0x50)
[uart] FR=0x90 (RXFE=1), RIS=0x20
[gic] IRQ 33 state (GICv3):
  enabled=true, group1=true, pending=false
  priority=0xa0, GICD_CTLR=0x53
  ICC_PMR=0xf0
[boot] UART interrupts enabled
[boot] Enabling interrupts...
[boot] Interrupts enabled: true
[boot] Initializing device drivers...
[drivers] Initializing driver subsystem...
[drivers] PCI ECAM at 0x2300000, enumerating PCI bus...
[drivers] Found 7 PCI devices
[pci] 00:01.0 [8086:293e] class=04/03
[pci]   BAR0: 0x18008000 (16384)
[pci] 00:02.0 [8086:265c] class=0c/03
[pci]   BAR0: 0x18012000 (4096)
[pci]   BAR1: 0x0 (4096)
[pci]   BAR2: 0x0 (4096)
[pci]   BAR3: 0x0 (4096)
[pci]   BAR4: 0x0 (4096)
[pci]   BAR5: 0x0 (4096)
[pci] 00:03.0 [1033:0194] class=0c/03
[pci]   BAR0: 0x18011000 (4096)
[pci]   BAR1: 0x0 (4096)
[pci]   BAR2: 0x0 (4096)
[pci]   BAR3: 0x0 (4096)
[pci]   BAR4: 0x0 (4096)
[pci]   BAR5: 0x0 (4096)
[pci] 00:05.0 [1af4:1000] class=02/00
[pci]   BAR0: 0x18010000 (4096)
[pci]   BAR1: 0x1800f000 (4096)
[pci] 00:09.0 [1ab8:4000] class=ff/00
[pci]   BAR0: 0x1800e000 (4096)
[pci] 00:0a.0 [1af4:1050] class=03/00
[pci]   BAR0: 0x10000000 (134217728)
[pci]   BAR1: 0x1800d000 (4096)
[pci]   BAR4: 0x18004000 (16384)
[pci] 00:0e.0 [1af4:1053] class=07/80
[pci]   BAR1: 0x1800c000 (4096)
[pci]   BAR4: 0x18000000 (16384)
[drivers] Found 2 VirtIO PCI devices
[virtio-gpu-pci] Device features: 0x0000000100000001
[virtio-gpu-pci] VIRGL offered: true
[virtio-gpu-pci] Negotiated: 0x0000000100000001 (VIRGL=true)
[virtio-gpu-pci] VIRGL_ENABLED stored=true, readback=true, addr=0xffff0000412facc0
[pci] 00:0a.0: capabilities:
  cap 0x11 (MSI-X) @ 0xb0: dw0=0x0001bc11 dw1=0x00000001
  cap 0x09 (?) @ 0xbc: dw0=0x0410cc09 dw1=0x00000004
  cap 0x09 (?) @ 0xcc: dw0=0x0310dc09 dw1=0x00000004
  cap 0x09 (?) @ 0xdc: dw0=0x0214f009 dw1=0x00000004
  cap 0x09 (?) @ 0xf0: dw0=0x01100009 dw1=0x00000004
[gicv2m] MSI_TYPER raw=0x80350040 -> base_spi=53, num_spi=64
[virtio-gpu-pci] MSI-X cap at 0xb0: 2 vectors
[virtio-gpu-pci] MSI-X enabled: config_spi=53 queue_spi=54 doorbell=0x2250040 vectors=2
[virtio-gpu-pci] config_msix_vector: wrote=0x0 readback=0x0
[virtio-gpu-pci] Device has 2 queues
[virtio-gpu-pci] Queue 0 msix_vector: wrote=0x1 readback=0x1
[virtio-gpu-pci] Queue 1 msix_vector: wrote=0x1 readback=0x1
[virtio-gpu-pci] Cursor queue (q1) set up: size=16
[virtio-gpu-pci] Config: num_scanouts=16, num_capsets=1
[virtio-gpu-pci] MSI-X active: config_spi=53 queue_spi=54 queue_vector=1
[virtio-gpu-pci] Capset 0: id=2, max_ver=2, max_size=768
[virtio-gpu-pci] GET_CAPSET(id=2, ver=2): resp=0x1103
[virtio-gpu-pci] Display reports: 1024x768
[virtio-gpu-pci] Resolution: 1280x960 (display=1024x768, GOP=1024x768, min=1280x960)
[virtio-gpu-pci] 2D resource created and scanout set
[virtio-gpu-pci] Initialized: 1280x960
[drivers] VirtIO GPU (PCI) initialized
[virgl] Initializing VirGL 3D pipeline...
[virgl] 3D framebuffer backing: heap ptr=0xffff0000502e2000, phys=0x502e2000, size=4915200
[virgl] Step 1: context created
[virgl] Step 2: 3D resource created (1280x960, bind=0x0014000a)
[virgl] attach_backing: phys=0x502e2000, len=4915200, nr_pages=1200
[virgl] attach_backing: sending 3-desc chain: hdr=0x412fadc0(32B), entries=0x50792000(19200B)
[virgl] attach_backing: OK (1200 pages attached)
[virgl] Step 3: backing attached
[virgl] Step 4: resource attached to context
[virgl] Step 5: resource primed
[virgl] SUBMIT_3D OK: id=1 used_len=0 resp_flags=0x1 resp_fence=1
[virgl] Step 6: VirGL CLEAR (cornflower blue)
[virgl] Step 7: SET_SCANOUT + RESOURCE_FLUSH done
[virgl] Step 7: VB resource created (no backing, INLINE_WRITE only)
[virgl-composite] Texture backing: heap ptr=0xffff000050792000, phys=0x50792000, 1280x960 (4915200B, 1200 pages)
[virgl] attach_backing: phys=0x50792000, len=4915200, nr_pages=1200
[virgl] attach_backing: sending 3-desc chain: hdr=0x412fadc0(32B), entries=0x50c42000(19200B)
[virgl] attach_backing: OK (1200 pages attached)
[virgl-composite] Texture resource initialized (id=5)
[virgl] attach_backing: phys=0x50c42000, len=4915200, nr_pages=1200
[virgl] attach_backing: sending 3-desc chain: hdr=0x412fadc0(32B), entries=0x510f2000(19200B)
[virgl] attach_backing: OK (1200 pages attached)
[virgl-pool] Pre-allocated slot=0 res_id=10 1280x960
[virgl] attach_backing: phys=0x510f2000, len=4915200, nr_pages=1200
[virgl] attach_backing: sending 3-desc chain: hdr=0x412fadc0(32B), entries=0x515a2000(19200B)
[virgl] attach_backing: OK (1200 pages attached)
[virgl-pool] Pre-allocated slot=1 res_id=11 1280x960
[virgl] attach_backing: phys=0x515a2000, len=4915200, nr_pages=1200
[virgl] attach_backing: sending 3-desc chain: hdr=0x412fadc0(32B), entries=0x51a52000(19200B)
[virgl] attach_backing: OK (1200 pages attached)
[virgl-pool] Pre-allocated slot=2 res_id=12 1280x960
[virgl] attach_backing: phys=0x51a52000, len=4915200, nr_pages=1200
[virgl] attach_backing: sending 3-desc chain: hdr=0x412fadc0(32B), entries=0x51f02000(19200B)
[virgl] attach_backing: OK (1200 pages attached)
[virgl-pool] Pre-allocated slot=3 res_id=13 1280x960
[virgl] attach_backing: phys=0x51f02000, len=4915200, nr_pages=1200
[virgl] attach_backing: sending 3-desc chain: hdr=0x412fadc0(32B), entries=0x523b2000(19200B)
[virgl] attach_backing: OK (1200 pages attached)
[virgl-pool] Pre-allocated slot=4 res_id=14 1280x960
[virgl] attach_backing: phys=0x523b2000, len=4915200, nr_pages=1200
[virgl] attach_backing: sending 3-desc chain: hdr=0x412fadc0(32B), entries=0x52862000(19200B)
[virgl] attach_backing: OK (1200 pages attached)
[virgl-pool] Pre-allocated slot=5 res_id=15 1280x960
[virgl] attach_backing: phys=0x52862000, len=4915200, nr_pages=1200
[virgl] attach_backing: sending 3-desc chain: hdr=0x412fadc0(32B), entries=0x52d12000(19200B)
[virgl] attach_backing: OK (1200 pages attached)
[virgl-pool] Pre-allocated slot=6 res_id=16 1280x960
[virgl] attach_backing: phys=0x52d12000, len=4915200, nr_pages=1200
[virgl] attach_backing: sending 3-desc chain: hdr=0x412fadc0(32B), entries=0x531c2000(19200B)
[virgl] attach_backing: OK (1200 pages attached)
[virgl-pool] Pre-allocated slot=7 res_id=17 1280x960
[virgl] attach_backing: phys=0x531c2000, len=8192, nr_pages=2
[virgl] attach_backing: sending 3-desc chain: hdr=0x412fadc0(32B), entries=0x502e0040(32B)
[virgl] attach_backing: OK (2 pages attached)
[virgl-cursor] Cursor texture initialized (id=6, 16x80, 5 shapes)
[virgl] attach_backing: phys=0x531c4000, len=4096, nr_pages=1
[virgl] attach_backing: sending 3-desc chain: hdr=0x412fadc0(32B), entries=0x502e0040(16B)
[virgl] attach_backing: OK (1 pages attached)
[virgl-dimmer] Dimmer texture initialized (id=7, 4x4)
[virgl] Step 8: Compositor texture initialized
[virgl] Step 9: full pipeline+draw batch (191 DWORDs)
[virgl] SUBMIT_3D OK: id=2 used_len=0 resp_flags=0x1 resp_fence=2
[virgl] Step 10: SET_SCANOUT + RESOURCE_FLUSH
[virgl] VirGL 3D pipeline initialized successfully
[drivers] VirGL 3D acceleration active
[drivers] Compositor backend: VirGL
[virtio-gpu-pci] GPU command waits use scheduler waitqueue
[virtio-net-pci] Searching for VirtIO network device on PCI bus...
[virtio-net-pci] Found at 00:05.0 [1af4:1000]
[virtio-net-pci] BAR0: phys=0x18010000 virt=0xffff000018010000 size=4096
[virtio-net-pci] Device features: 0x6187bfa3
[virtio-net-pci] MAC: 00:1c:42:44:09:0a
[virtio-net-pci] Queue 0 max size: 256
[virtio-net-pci] Queue 0 PFN=0x40322 (phys=0x40322000)
[virtio-net-pci] Queue 1 max size: 256
[virtio-net-pci] Queue 1 PFN=0x40325 (phys=0x40325000)
[pci] 00:05.0: capabilities:
  cap 0x10 (PCIe) @ 0x48: dw0=0x00024010 dw1=0x00000fc0
  cap 0x01 (PM) @ 0x40: dw0=0x0022f401 dw1=0x00000000
  cap 0x11 (MSI-X) @ 0xf4: dw0=0x00020011 dw1=0x00000001
[virtio-net-pci] MSI-X cap at 0xf4: 3 vectors
[virtio-net-pci] MSI-X vector assignments: cfg=0xffff rx=0x0
[virtio-net-pci] MSI-X enabled: SPI 55 doorbell=0x2250040 vectors=3
[virtio-net-pci] Network device initialized successfully
[drivers] VirtIO network (PCI) initialized
[drivers] SVGA3 init skipped: SVGA3 device not found
[drivers] Found XHCI at 00:03.0 [1033:0194]
[xhci] DMA addrs: DCBAA=0x402ab000 CMD_RING=0x402ac000 EVT_RING=0x402bc000 ERST=0x40331100
[xhci] Regs: USBCMD=0x5 USBSTS=0x0 CRCR=0x0 DCBAAP=0x402ab000
[xhci] IR0: IMAN=0x2 ERDP=0x402bc000 ERSTBA=0x40331100
[xhci] Port scan: 14 ports
[xhci]   port 1: PORTSC=0x00021203 CCS=1 PED=1 speed=4
[xhci]   port 2: PORTSC=0x00021203 CCS=1 PED=1 speed=4
[xhci]   port 3: PORTSC=0x00021203 CCS=1 PED=1 speed=4
[xhci]   port 4: PORTSC=0x000002a0 CCS=0 PED=0 speed=0
[xhci]   port 5: PORTSC=0x000002a0 CCS=0 PED=0 speed=0
[xhci]   port 6: PORTSC=0x000002a0 CCS=0 PED=0 speed=0
[xhci]   port 7: PORTSC=0x000002a0 CCS=0 PED=0 speed=0
[xhci]   port 8: PORTSC=0x000002a0 CCS=0 PED=0 speed=0
[xhci]   port 9: PORTSC=0x000002a0 CCS=0 PED=0 speed=0
[xhci]   port 10: PORTSC=0x000002a0 CCS=0 PED=0 speed=0
[xhci]   port 11: PORTSC=0x000002a0 CCS=0 PED=0 speed=0
[xhci]   port 12: PORTSC=0x000002a0 CCS=0 PED=0 speed=0
[xhci]   port 13: PORTSC=0x000002a0 CCS=0 PED=0 speed=0
[xhci]   port 14: PORTSC=0x000002a0 CCS=0 PED=0 speed=0
[xhci] port 1 connected: PORTSC=0x00001203 PED=1 speed=4
[xhci] port 1 EnableSlot -> slot 1
[xhci] port 1 AddressDevice OK (slot 1)
[xhci] slot1: vid=0x203a pid=0xfffc class=0x00/0x00/0x00
[xhci] slot1 iface0: class=0x03 sub=0x00 proto=0x02 numEP=1
[xhci] HID iface: proto=2 subclass=0 -> mouse (hid_idx=1)
[xhci] slot1 iface1: class=0x03 sub=0x00 proto=0x02 numEP=1
[xhci] HID iface: proto=2 subclass=0 -> mouse (hid_idx=3)
[xhci] port 2 connected: PORTSC=0x00001203 PED=1 speed=4
[xhci] port 2 EnableSlot -> slot 2
[xhci] port 2 AddressDevice OK (slot 2)
[xhci] slot2: vid=0x203a pid=0xfffb class=0x00/0x00/0x00
[xhci] slot2 iface0: class=0x03 sub=0x01 proto=0x01 numEP=1
[xhci] HID iface: proto=1 subclass=1 -> keyboard (hid_idx=0)
[xhci] slot2 iface1: class=0x03 sub=0x00 proto=0x00 numEP=1
[xhci] HID iface: proto=0 subclass=0 -> NKRO (hid_idx=2)
[xhci] port 3 connected: PORTSC=0x00001203 PED=1 speed=4
[xhci] port 3 EnableSlot -> slot 3
[xhci] port 3 AddressDevice OK (slot 3)
[xhci] slot3: vid=0x203a pid=0xfff9 class=0xef/0x02/0x01
[xhci] slot3 iface0: class=0x0e sub=0x01 proto=0x00 numEP=0
[xhci] slot3 iface1: class=0x0e sub=0x02 proto=0x00 numEP=1
[xhci] start_hid_polling: kbd=slot2/dci3 nkro=dci5 mouse=slot1/dci3 mouse2=dci5
[xhci] Initialized: 32 slots, MSI irq=56
[drivers] XHCI USB controller initialized
[ahci] Platform AHCI at phys 0x2140000, virt 0xffff000002140000
[ahci] HBA version 1.256, 6 ports, 32 cmd slots, PI=0x0000003f
[ahci] Port 0: Sata, 131072 sectors (64 MB)
[ahci] Port 1: Sata, 524288 sectors (256 MB)
[ahci] IRQ probe: using port 0 dma_index 0
[ahci] IRQ probe: ISPENDR before=[0x01000000, 0x00000000, 0x00000000] after=[0x01000004, 0x00000000, 0x00000000]
[ahci] IRQ probe: PORT_IS=0x00000001 (should have D2H bit set)
[ahci] Platform IRQ probe: discovered SPI 34
[ahci] Platform IRQ enabled: SPI 34 (wired, level-triggered, CPU0)
[drivers] AHCI initialized (platform MMIO): 2 SATA device(s)
[drivers] Driver subsystem initialized (PCI)
[boot] Found 7 devices
[boot] Initializing network stack...
[net] Initializing network stack...
[net] Using VirtIO net PCI driver (Parallels)
[net] MAC address: 00:1c:42:44:09:0a
NET: IP address: 10.211.55.100
NET: Gateway: 10.211.55.1
Network stack initialized
NET: Sending ARP request for gateway 10.211.55.1
ARP request sent successfully
[virtio-net-pci] RX diag: used_idx=1 last_used=0 avail_idx=4 isr=0x0 msi_count=0
[virtio-net-pci] RX diag: used_idx=1 last_used=1 avail_idx=8 isr=0x0 msi_count=0
NET: ARP resolved gateway MAC: 00:1c:42:00:00:18
NET: Sending ICMP echo request to gateway 10.211.55.1
[net] ICMP echo reply received from 10.211.55.1 seq=1
NET: Network initialization complete
[virtio-net-pci] MSI-X SPI 55 enabled (post-init)
[boot] Initializing filesystem...
[ext2] No VirtIO block device, trying AHCI...
[ext2] AHCI device 0: 131072 sectors (64 MB)
[ext2] AHCI device 0: not ext2 (magic=0x0064)
[ext2] AHCI device 1: 524288 sectors (256 MB)
[ext2] Found ext2 superblock on AHCI device 1
[boot] ext2 root filesystem mounted
[boot] No home filesystem: No home block device available (expected at device index 3 or 1) (continuing)
[boot] devfs initialized at /dev
[boot] devptsfs initialized at /dev/pts
[boot] CPU detected: ARM Unknown
[boot] procfs initialized at /proc
[boot] TTY subsystem initialized
[boot] Initializing graphics...
[boot] VirGL active — skipping GOP framebuffer init (2D resource already set up in gpu_pci::init)
[boot] FB_INFO_CACHE populated for VirGL display (1280x960)
[boot] USB HID input active via XHCI (polled from timer)
[boot] Initializing per-CPU data...
[boot] Per-CPU data initialized
[boot] Initializing process manager...
[boot] Process manager initialized
[boot] Initializing scheduler...
[boot] Scheduler initialized
[boot] Workqueue subsystem initialized
[boot] Softirq subsystem initialized
[boot] Render thread skipped — VirGL owns the display
[boot] Tracing subsystem initialized and enabled
[boot] Pre-loading /sbin/init from ext2 (before timer)...
[boot] Init binary pre-loaded: 296776 bytes
[xhci] activate_msi_if_ready: source=system-ready spi=56 DIAG_SPI_ENABLE_COUNT=1
[boot] Initializing timer interrupt...
[timer] Timer configured for ~1000 Hz (24000 ticks per interrupt)
[timer] Using virtual timer (PPI 27)
[boot] Timer interrupt initialized
[smp] CPU 0 MPIDR=0x80000000, stack_base=0x43000000
[smp] GICR covers 8 redistributors, probing CPUs 1..8
[smp] Probing secondary CPUs via PSCI...
[smp]1@1 ABCCPDUE eF1G: P1SCI CPU_ON success
[gi2@c1A]B CDIECeCF_GCT2LR_EL1: 0x40400 -> 0x40402 (EOImode=1)
[smp] CPU 2: PSCI CPU_ON success
[T1gic] IC3C@_1CABTCLDREeF_GE3L1: 0x40400 -> 0x40402 (EOImode=1)
[smp] CPU 3: PSCI CPU_ON success
[gic4]@1 AIBCCDEC_eFCGT4LR_EL1: 0x40400 -> 0x40402 (EOImode=1)
[gic] ICC_CTLR_EL1: 0x40400 -> 0x40402 (EOImode=1)
[smp] CPU 4: PSCI CPU_ON success
[5s@1mApBC]DEeFG C5PU 5: PSCI CPU_ON success
[g6@i1AcB]CD EIeCFGC_6CTLR_EL1: 0x40400 -> 0x40402 (EOImode=1)
[gic] ICC_CTLR_EL1: 0x40400 -> 0x40402 (EOImode=1)
[smp] CPU 6: PSCI CPU_ON success
T2[s7m@1pAB]C DECePFUG 77: PSCI CPU_ON success
[gic] ICC_CTLR_EL1: 0x40400 -> 0x40402 (EOImode=1)
[smp] 8 CPUs online

========================================
  Breenix ARM64 Boot Complete!
========================================

Hello from ARM64!

[boot] Launching init from pre-loaded ELF...
manager.create_process_with_argv [ARM64]: ENTRY - name='init', elf_size=296776, argc=1
manager.create_process_with_argv [ARM64]: Generated PID 1
manager.create_process_with_argv [ARM64]: Creating ProcessPageTable
manager.create_process_with_argv [ARM64]: Loading ELF into page table
manager.create_process_with_argv [ARM64]: ELF loaded, entry=0x4000f1f0
manager.create_process_with_argv [ARM64]: Allocating user stack
manager.create_process_with_argv [ARM64]: User stack will be at 0xfffffeff0000-0xffffff000000
manager.create_process_with_argv [ARM64]: argc/argv set up on stack, SP=0xfffffefffed0
manager.create_process_with_argv [ARM64]: SUCCESS - returning PID 1
[ahci-poll-attrib] total=72 post_reg=70 pre_sched=70 post_sched=0
[boot] Reset 8 idle thread contexts (CPUs online: 8)
T3T4EL0_SYSCALL: First syscall from userspace (SPSR confirms EL0)
[ OK ] syscall path verified
[init] Breenix init starting (PID 1)
T5[spawn] path='/bin/heartbeat'
[freeze-watch] uptime_ms=1738 submits=62 completes=65 fails=0 last_completion_ms=71 fps_last_5s=0 cpu=7 tid=3 ctx_switches=77 timer_ticks_cpu0=5 timer_ticks_cpu1=337 timer_ticks_cpu2=338 timer_ticks_cpu3=336 timer_ticks_cpu4=338 timer_ticks_cpu5=338 timer_ticks_cpu6=337 timer_ticks_cpu7=336 rq_total=0 rq_cpu0=0 rq_cpu1=0 rq_cpu2=0 rq_cpu3=0 rq_cpu4=0 rq_cpu5=0 rq_cpu6=0 rq_cpu7=0 cur_cpu0=11 cur_cpu1=4 cur_cpu2=5 cur_cpu3=6 cur_cpu4=7 cur_cpu5=8 cur_cpu6=9 cur_cpu7=3 total_threads=11 blocked_threads=1 sched_lock=ok procmgr_lock=ok gpu_pci_lock=ok
[gpu-pci-lock-attrib] max_hold_ms=6 max_hold_holder_tid=-1
[wake-attrib] schedule=3 unblock=0 isr_unblock=34 wake_io=34 signal=0 child=0 timer=1
[enqueue-attrib] same_lock=1 deferred=4 isr_buf=34 deferred_drained=3 isr_buf_drained=33 already_queued=0 isr_buf_full=0
[freeze-watch] uptime_ms=2241 submits=62 completes=65 fails=0 last_completion_ms=71 fps_last_5s=0 cpu=4 tid=3 ctx_switches=79 timer_ticks_cpu0=5 timer_ticks_cpu1=671 timer_ticks_cpu2=673 timer_ticks_cpu3=670 timer_ticks_cpu4=674 timer_ticks_cpu5=673 timer_ticks_cpu6=672 timer_ticks_cpu7=670 rq_total=0 rq_cpu0=0 rq_cpu1=0 rq_cpu2=0 rq_cpu3=0 rq_cpu4=0 rq_cpu5=0 rq_cpu6=0 rq_cpu7=0 cur_cpu0=11 cur_cpu1=4 cur_cpu2=5 cur_cpu3=6 cur_cpu4=3 cur_cpu5=8 cur_cpu6=9 cur_cpu7=10 total_threads=11 blocked_threads=1 sched_lock=ok procmgr_lock=ok gpu_pci_lock=ok
[freeze-watch] uptime_ms=2744 submits=62 completes=65 fails=0 last_completion_ms=71 fps_last_5s=0 cpu=7 tid=3 ctx_switches=81 timer_ticks_cpu0=5 timer_ticks_cpu1=1013 timer_ticks_cpu2=1020 timer_ticks_cpu3=1013 timer_ticks_cpu4=1017 timer_ticks_cpu5=1015 timer_ticks_cpu6=1017 timer_ticks_cpu7=1017 rq_total=0 rq_cpu0=0 rq_cpu1=0 rq_cpu2=0 rq_cpu3=0 rq_cpu4=0 rq_cpu5=0 rq_cpu6=0 rq_cpu7=0 cur_cpu0=11 cur_cpu1=4 cur_cpu2=5 cur_cpu3=6 cur_cpu4=7 cur_cpu5=8 cur_cpu6=9 cur_cpu7=3 total_threads=11 blocked_threads=1 sched_lock=ok procmgr_lock=ok gpu_pci_lock=ok
[freeze-watch] uptime_ms=3246 submits=62 completes=65 fails=0 last_completion_ms=71 fps_last_5s=0 cpu=7 tid=0 ctx_switches=83 timer_ticks_cpu0=5 timer_ticks_cpu1=1360 timer_ticks_cpu2=1367 timer_ticks_cpu3=1363 timer_ticks_cpu4=1365 timer_ticks_cpu5=1365 timer_ticks_cpu6=1365 timer_ticks_cpu7=1364 rq_total=0 rq_cpu0=0 rq_cpu1=0 rq_cpu2=0 rq_cpu3=0 rq_cpu4=0 rq_cpu5=0 rq_cpu6=0 rq_cpu7=0 cur_cpu0=0 cur_cpu1=0 cur_cpu2=0 cur_cpu3=0 cur_cpu4=0 cur_cpu5=0 cur_cpu6=0 cur_cpu7=0 total_threads=0 blocked_threads=0 sched_lock=busy procmgr_lock=ok gpu_pci_lock=ok
[freeze-watch] uptime_ms=3748 submits=62 completes=65 fails=0 last_completion_ms=71 fps_last_5s=0 cpu=1 tid=3 ctx_switches=85 timer_ticks_cpu0=5 timer_ticks_cpu1=1698 timer_ticks_cpu2=1705 timer_ticks_cpu3=1702 timer_ticks_cpu4=1704 timer_ticks_cpu5=1703 timer_ticks_cpu6=1701 timer_ticks_cpu7=1701 rq_total=0 rq_cpu0=0 rq_cpu1=0 rq_cpu2=0 rq_cpu3=0 rq_cpu4=0 rq_cpu5=0 rq_cpu6=0 rq_cpu7=0 cur_cpu0=11 cur_cpu1=3 cur_cpu2=5 cur_cpu3=6 cur_cpu4=7 cur_cpu5=8 cur_cpu6=9 cur_cpu7=10 total_threads=11 blocked_threads=1 sched_lock=ok procmgr_lock=ok gpu_pci_lock=ok
[freeze-watch] uptime_ms=4250 submits=62 completes=65 fails=0 last_completion_ms=71 fps_last_5s=0 cpu=2 tid=3 ctx_switches=87 timer_ticks_cpu0=5 timer_ticks_cpu1=2036 timer_ticks_cpu2=2046 timer_ticks_cpu3=2044 timer_ticks_cpu4=2048 timer_ticks_cpu5=2044 timer_ticks_cpu6=2041 timer_ticks_cpu7=2041 rq_total=0 rq_cpu0=0 rq_cpu1=0 rq_cpu2=0 rq_cpu3=0 rq_cpu4=0 rq_cpu5=0 rq_cpu6=0 rq_cpu7=0 cur_cpu0=11 cur_cpu1=4 cur_cpu2=3 cur_cpu3=6 cur_cpu4=7 cur_cpu5=8 cur_cpu6=9 cur_cpu7=10 total_threads=11 blocked_threads=1 sched_lock=ok procmgr_lock=ok gpu_pci_lock=ok
[freeze-watch] uptime_ms=4754 submits=62 completes=65 fails=0 last_completion_ms=71 fps_last_5s=0 cpu=7 tid=3 ctx_switches=89 timer_ticks_cpu0=5 timer_ticks_cpu1=2371 timer_ticks_cpu2=2380 timer_ticks_cpu3=2378 timer_ticks_cpu4=2382 timer_ticks_cpu5=2379 timer_ticks_cpu6=2376 timer_ticks_cpu7=2376 rq_total=0 rq_cpu0=0 rq_cpu1=0 rq_cpu2=0 rq_cpu3=0 rq_cpu4=0 rq_cpu5=0 rq_cpu6=0 rq_cpu7=0 cur_cpu0=11 cur_cpu1=4 cur_cpu2=5 cur_cpu3=6 cur_cpu4=7 cur_cpu5=8 cur_cpu6=9 cur_cpu7=3 total_threads=11 blocked_threads=1 sched_lock=ok procmgr_lock=ok gpu_pci_lock=ok
[freeze-watch] uptime_ms=5256 submits=62 completes=65 fails=0 last_completion_ms=71 fps_last_5s=0 cpu=5 tid=3 ctx_switches=91 timer_ticks_cpu0=5 timer_ticks_cpu1=2707 timer_ticks_cpu2=2716 timer_ticks_cpu3=2716 timer_ticks_cpu4=2720 timer_ticks_cpu5=2716 timer_ticks_cpu6=2711 timer_ticks_cpu7=2713 rq_total=0 rq_cpu0=0 rq_cpu1=0 rq_cpu2=0 rq_cpu3=0 rq_cpu4=0 rq_cpu5=0 rq_cpu6=0 rq_cpu7=0 cur_cpu0=11 cur_cpu1=4 cur_cpu2=5 cur_cpu3=6 cur_cpu4=7 cur_cpu5=3 cur_cpu6=9 cur_cpu7=10 total_threads=11 blocked_threads=1 sched_lock=ok procmgr_lock=ok gpu_pci_lock=ok
[freeze-watch] uptime_ms=5759 submits=62 completes=65 fails=0 last_completion_ms=71 fps_last_5s=0 cpu=7 tid=0 ctx_switches=93 timer_ticks_cpu0=5 timer_ticks_cpu1=3041 timer_ticks_cpu2=3050 timer_ticks_cpu3=3051 timer_ticks_cpu4=3055 timer_ticks_cpu5=3050 timer_ticks_cpu6=3045 timer_ticks_cpu7=3047 rq_total=0 rq_cpu0=0 rq_cpu1=0 rq_cpu2=0 rq_cpu3=0 rq_cpu4=0 rq_cpu5=0 rq_cpu6=0 rq_cpu7=0 cur_cpu0=0 cur_cpu1=0 cur_cpu2=0 cur_cpu3=0 cur_cpu4=0 cur_cpu5=0 cur_cpu6=0 cur_cpu7=0 total_threads=0 blocked_threads=0 sched_lock=busy procmgr_lock=ok gpu_pci_lock=ok
[freeze-watch] uptime_ms=6261 submits=62 completes=65 fails=0 last_completion_ms=71 fps_last_5s=0 cpu=7 tid=0 ctx_switches=95 timer_ticks_cpu0=5 timer_ticks_cpu1=3374 timer_ticks_cpu2=3383 timer_ticks_cpu3=3384 timer_ticks_cpu4=3388 timer_ticks_cpu5=3383 timer_ticks_cpu6=3378 timer_ticks_cpu7=3380 rq_total=0 rq_cpu0=0 rq_cpu1=0 rq_cpu2=0 rq_cpu3=0 rq_cpu4=0 rq_cpu5=0 rq_cpu6=0 rq_cpu7=0 cur_cpu0=0 cur_cpu1=0 cur_cpu2=0 cur_cpu3=0 cur_cpu4=0 cur_cpu5=0 cur_cpu6=0 cur_cpu7=0 total_threads=0 blocked_threads=0 sched_lock=busy procmgr_lock=ok gpu_pci_lock=ok
[freeze-watch] uptime_ms=6765 submits=62 completes=65 fails=0 last_completion_ms=71 fps_last_5s=0 cpu=2 tid=0 ctx_switches=99 timer_ticks_cpu0=5 timer_ticks_cpu1=3708 timer_ticks_cpu2=3718 timer_ticks_cpu3=3718 timer_ticks_cpu4=3721 timer_ticks_cpu5=3717 timer_ticks_cpu6=3712 timer_ticks_cpu7=3714 rq_total=0 rq_cpu0=0 rq_cpu1=0 rq_cpu2=0 rq_cpu3=0 rq_cpu4=0 rq_cpu5=0 rq_cpu6=0 rq_cpu7=0 cur_cpu0=0 cur_cpu1=0 cur_cpu2=0 cur_cpu3=0 cur_cpu4=0 cur_cpu5=0 cur_cpu6=0 cur_cpu7=0 total_threads=0 blocked_threads=0 sched_lock=busy procmgr_lock=ok gpu_pci_lock=ok
[freeze-watch] uptime_ms=7267 submits=62 completes=65 fails=0 last_completion_ms=71 fps_last_5s=0 cpu=6 tid=0 ctx_switches=101 timer_ticks_cpu0=5 timer_ticks_cpu1=4046 timer_ticks_cpu2=4053 timer_ticks_cpu3=4056 timer_ticks_cpu4=4059 timer_ticks_cpu5=4056 timer_ticks_cpu6=4050 timer_ticks_cpu7=4052 rq_total=0 rq_cpu0=0 rq_cpu1=0 rq_cpu2=0 rq_cpu3=0 rq_cpu4=0 rq_cpu5=0 rq_cpu6=0 rq_cpu7=0 cur_cpu0=0 cur_cpu1=0 cur_cpu2=0 cur_cpu3=0 cur_cpu4=0 cur_cpu5=0 cur_cpu6=0 cur_cpu7=0 total_threads=0 blocked_threads=0 sched_lock=busy procmgr_lock=ok gpu_pci_lock=ok
[freeze-watch] uptime_ms=7769 submits=62 completes=65 fails=0 last_completion_ms=71 fps_last_5s=0 cpu=3 tid=0 ctx_switches=103 timer_ticks_cpu0=5 timer_ticks_cpu1=4381 timer_ticks_cpu2=4388 timer_ticks_cpu3=4390 timer_ticks_cpu4=4394 timer_ticks_cpu5=4390 timer_ticks_cpu6=4386 timer_ticks_cpu7=4388 rq_total=0 rq_cpu0=0 rq_cpu1=0 rq_cpu2=0 rq_cpu3=0 rq_cpu4=0 rq_cpu5=0 rq_cpu6=0 rq_cpu7=0 cur_cpu0=0 cur_cpu1=0 cur_cpu2=0 cur_cpu3=0 cur_cpu4=0 cur_cpu5=0 cur_cpu6=0 cur_cpu7=0 total_threads=0 blocked_threads=0 sched_lock=busy procmgr_lock=ok gpu_pci_lock=ok
[freeze-watch] uptime_ms=8272 submits=62 completes=65 fails=0 last_completion_ms=71 fps_last_5s=0 cpu=5 tid=3 ctx_switches=105 timer_ticks_cpu0=5 timer_ticks_cpu1=4713 timer_ticks_cpu2=4722 timer_ticks_cpu3=4723 timer_ticks_cpu4=4727 timer_ticks_cpu5=4725 timer_ticks_cpu6=4719 timer_ticks_cpu7=4720 rq_total=0 rq_cpu0=0 rq_cpu1=0 rq_cpu2=0 rq_cpu3=0 rq_cpu4=0 rq_cpu5=0 rq_cpu6=0 rq_cpu7=0 cur_cpu0=11 cur_cpu1=4 cur_cpu2=5 cur_cpu3=6 cur_cpu4=7 cur_cpu5=3 cur_cpu6=9 cur_cpu7=10 total_threads=11 blocked_threads=1 sched_lock=ok procmgr_lock=ok gpu_pci_lock=ok
[freeze-watch] uptime_ms=8775 submits=62 completes=65 fails=0 last_completion_ms=71 fps_last_5s=0 cpu=7 tid=0 ctx_switches=107 timer_ticks_cpu0=5 timer_ticks_cpu1=5048 timer_ticks_cpu2=5057 timer_ticks_cpu3=5059 timer_ticks_cpu4=5062 timer_ticks_cpu5=5060 timer_ticks_cpu6=5054 timer_ticks_cpu7=5055 rq_total=0 rq_cpu0=0 rq_cpu1=0 rq_cpu2=0 rq_cpu3=0 rq_cpu4=0 rq_cpu5=0 rq_cpu6=0 rq_cpu7=0 cur_cpu0=0 cur_cpu1=0 cur_cpu2=0 cur_cpu3=0 cur_cpu4=0 cur_cpu5=0 cur_cpu6=0 cur_cpu7=0 total_threads=0 blocked_threads=0 sched_lock=busy procmgr_lock=ok gpu_pci_lock=ok
[freeze-watch] uptime_ms=9278 submits=62 completes=65 fails=0 last_completion_ms=71 fps_last_5s=0 cpu=5 tid=3 ctx_switches=109 timer_ticks_cpu0=5 timer_ticks_cpu1=5383 timer_ticks_cpu2=5392 timer_ticks_cpu3=5394 timer_ticks_cpu4=5397 timer_ticks_cpu5=5395 timer_ticks_cpu6=5389 timer_ticks_cpu7=5389 rq_total=0 rq_cpu0=0 rq_cpu1=0 rq_cpu2=0 rq_cpu3=0 rq_cpu4=0 rq_cpu5=0 rq_cpu6=0 rq_cpu7=0 cur_cpu0=11 cur_cpu1=4 cur_cpu2=5 cur_cpu3=6 cur_cpu4=7 cur_cpu5=3 cur_cpu6=9 cur_cpu7=10 total_threads=11 blocked_threads=1 sched_lock=ok procmgr_lock=ok gpu_pci_lock=ok
[freeze-watch] uptime_ms=9780 submits=62 completes=65 fails=0 last_completion_ms=71 fps_last_5s=0 cpu=3 tid=3 ctx_switches=111 timer_ticks_cpu0=5 timer_ticks_cpu1=5718 timer_ticks_cpu2=5726 timer_ticks_cpu3=5728 timer_ticks_cpu4=5732 timer_ticks_cpu5=5729 timer_ticks_cpu6=5723 timer_ticks_cpu7=5723 rq_total=0 rq_cpu0=0 rq_cpu1=0 rq_cpu2=0 rq_cpu3=0 rq_cpu4=0 rq_cpu5=0 rq_cpu6=0 rq_cpu7=0 cur_cpu0=11 cur_cpu1=4 cur_cpu2=5 cur_cpu3=3 cur_cpu4=7 cur_cpu5=8 cur_cpu6=9 cur_cpu7=10 total_threads=11 blocked_threads=1 sched_lock=ok procmgr_lock=ok gpu_pci_lock=ok
[freeze-watch] uptime_ms=10283 submits=62 completes=65 fails=0 last_completion_ms=71 fps_last_5s=0 cpu=7 tid=0 ctx_switches=113 timer_ticks_cpu0=5 timer_ticks_cpu1=6053 timer_ticks_cpu2=6060 timer_ticks_cpu3=6063 timer_ticks_cpu4=6068 timer_ticks_cpu5=6063 timer_ticks_cpu6=6057 timer_ticks_cpu7=6058 rq_total=0 rq_cpu0=0 rq_cpu1=0 rq_cpu2=0 rq_cpu3=0 rq_cpu4=0 rq_cpu5=0 rq_cpu6=0 rq_cpu7=0 cur_cpu0=0 cur_cpu1=0 cur_cpu2=0 cur_cpu3=0 cur_cpu4=0 cur_cpu5=0 cur_cpu6=0 cur_cpu7=0 total_threads=0 blocked_threads=0 sched_lock=busy procmgr_lock=ok gpu_pci_lock=ok
[freeze-watch] uptime_ms=15285 submits=62 completes=65 fails=0 last_completion_ms=71 fps_last_5s=0 cpu=1 tid=3 ctx_switches=115 timer_ticks_cpu0=5 timer_ticks_cpu1=9471 timer_ticks_cpu2=9486 timer_ticks_cpu3=9486 timer_ticks_cpu4=9495 timer_ticks_cpu5=9487 timer_ticks_cpu6=9482 timer_ticks_cpu7=9483 rq_total=0 rq_cpu0=0 rq_cpu1=0 rq_cpu2=0 rq_cpu3=0 rq_cpu4=0 rq_cpu5=0 rq_cpu6=0 rq_cpu7=0 cur_cpu0=11 cur_cpu1=3 cur_cpu2=5 cur_cpu3=6 cur_cpu4=7 cur_cpu5=8 cur_cpu6=9 cur_cpu7=10 total_threads=11 blocked_threads=1 sched_lock=ok procmgr_lock=ok gpu_pci_lock=ok
[freeze-watch] uptime_ms=20288 submits=62 completes=65 fails=0 last_completion_ms=71 fps_last_5s=0 cpu=3 tid=0 ctx_switches=117 timer_ticks_cpu0=5 timer_ticks_cpu1=12809 timer_ticks_cpu2=12823 timer_ticks_cpu3=12825 timer_ticks_cpu4=12835 timer_ticks_cpu5=12827 timer_ticks_cpu6=12819 timer_ticks_cpu7=12821 rq_total=0 rq_cpu0=0 rq_cpu1=0 rq_cpu2=0 rq_cpu3=0 rq_cpu4=0 rq_cpu5=0 rq_cpu6=0 rq_cpu7=0 cur_cpu0=0 cur_cpu1=0 cur_cpu2=0 cur_cpu3=0 cur_cpu4=0 cur_cpu5=0 cur_cpu6=0 cur_cpu7=0 total_threads=0 blocked_threads=0 sched_lock=busy procmgr_lock=ok gpu_pci_lock=ok
[freeze-watch] uptime_ms=25290 submits=62 completes=65 fails=0 last_completion_ms=71 fps_last_5s=0 cpu=7 tid=3 ctx_switches=119 timer_ticks_cpu0=5 timer_ticks_cpu1=16187 timer_ticks_cpu2=16197 timer_ticks_cpu3=16200 timer_ticks_cpu4=16215 timer_ticks_cpu5=16199 timer_ticks_cpu6=16191 timer_ticks_cpu7=16194 rq_total=0 rq_cpu0=0 rq_cpu1=0 rq_cpu2=0 rq_cpu3=0 rq_cpu4=0 rq_cpu5=0 rq_cpu6=0 rq_cpu7=0 cur_cpu0=11 cur_cpu1=4 cur_cpu2=5 cur_cpu3=6 cur_cpu4=7 cur_cpu5=8 cur_cpu6=9 cur_cpu7=3 total_threads=11 blocked_threads=1 sched_lock=ok procmgr_lock=ok gpu_pci_lock=ok
[freeze-watch] uptime_ms=30293 submits=62 completes=65 fails=0 last_completion_ms=71 fps_last_5s=0 cpu=6 tid=3 ctx_switches=121 timer_ticks_cpu0=5 timer_ticks_cpu1=19526 timer_ticks_cpu2=19536 timer_ticks_cpu3=19539 timer_ticks_cpu4=19557 timer_ticks_cpu5=19539 timer_ticks_cpu6=19532 timer_ticks_cpu7=19532 rq_total=0 rq_cpu0=0 rq_cpu1=0 rq_cpu2=0 rq_cpu3=0 rq_cpu4=0 rq_cpu5=0 rq_cpu6=0 rq_cpu7=0 cur_cpu0=11 cur_cpu1=4 cur_cpu2=5 cur_cpu3=6 cur_cpu4=7 cur_cpu5=8 cur_cpu6=3 cur_cpu7=10 total_threads=11 blocked_threads=1 sched_lock=ok procmgr_lock=ok gpu_pci_lock=ok
[freeze-watch] uptime_ms=35296 submits=62 completes=65 fails=0 last_completion_ms=71 fps_last_5s=0 cpu=4 tid=3 ctx_switches=123 timer_ticks_cpu0=5 timer_ticks_cpu1=22910 timer_ticks_cpu2=22911 timer_ticks_cpu3=22919 timer_ticks_cpu4=22940 timer_ticks_cpu5=22920 timer_ticks_cpu6=22913 timer_ticks_cpu7=22918 rq_total=0 rq_cpu0=0 rq_cpu1=0 rq_cpu2=0 rq_cpu3=0 rq_cpu4=0 rq_cpu5=0 rq_cpu6=0 rq_cpu7=0 cur_cpu0=11 cur_cpu1=4 cur_cpu2=5 cur_cpu3=6 cur_cpu4=3 cur_cpu5=8 cur_cpu6=9 cur_cpu7=10 total_threads=11 blocked_threads=1 sched_lock=ok procmgr_lock=ok gpu_pci_lock=ok
[gpu-pci-lock-attrib] max_hold_ms=6 max_hold_holder_tid=-1
[wake-attrib] schedule=4 unblock=0 isr_unblock=34 wake_io=34 signal=0 child=0 timer=23
[enqueue-attrib] same_lock=23 deferred=5 isr_buf=34 deferred_drained=4 isr_buf_drained=33 already_queued=0 isr_buf_full=0
[freeze-watch] uptime_ms=40299 submits=62 completes=65 fails=0 last_completion_ms=71 fps_last_5s=0 cpu=2 tid=0 ctx_switches=125 timer_ticks_cpu0=5 timer_ticks_cpu1=26277 timer_ticks_cpu2=26278 timer_ticks_cpu3=26287 timer_ticks_cpu4=26303 timer_ticks_cpu5=26290 timer_ticks_cpu6=26279 timer_ticks_cpu7=26283 rq_total=0 rq_cpu0=0 rq_cpu1=0 rq_cpu2=0 rq_cpu3=0 rq_cpu4=0 rq_cpu5=0 rq_cpu6=0 rq_cpu7=0 cur_cpu0=0 cur_cpu1=0 cur_cpu2=0 cur_cpu3=0 cur_cpu4=0 cur_cpu5=0 cur_cpu6=0 cur_cpu7=0 total_threads=0 blocked_threads=0 sched_lock=busy procmgr_lock=ok gpu_pci_lock=ok
[freeze-watch] uptime_ms=45301 submits=62 completes=65 fails=0 last_completion_ms=71 fps_last_5s=0 cpu=4 tid=0 ctx_switches=127 timer_ticks_cpu0=5 timer_ticks_cpu1=29644 timer_ticks_cpu2=29651 timer_ticks_cpu3=29658 timer_ticks_cpu4=29675 timer_ticks_cpu5=29663 timer_ticks_cpu6=29649 timer_ticks_cpu7=29649 rq_total=0 rq_cpu0=0 rq_cpu1=0 rq_cpu2=0 rq_cpu3=0 rq_cpu4=0 rq_cpu5=0 rq_cpu6=0 rq_cpu7=0 cur_cpu0=0 cur_cpu1=0 cur_cpu2=0 cur_cpu3=0 cur_cpu4=0 cur_cpu5=0 cur_cpu6=0 cur_cpu7=0 total_threads=0 blocked_threads=0 sched_lock=busy procmgr_lock=ok gpu_pci_lock=ok

!!! CPU0 REGRESSION ALARM !!!
CPU0 tick_count = 5, max peer = 30000
See docs/planning/cpu0-user-guard-autopsy/README.md

========================================
  KERNEL PANIC!
========================================
panicked at kernel/src/arch_impl/aarch64/timer_interrupt.rs:598:17:
CPU0 timer regression: tick_count=5 but peer max=30000; read docs/planning/cpu0-user-guard-autopsy/README.md before touching anything


!!! CPU0 REGRESSION ALARM !!!
CPU0 tick_count = 5, max peer = 30000
See docs/planning/cpu0-user-guard-autopsy/README.md

========================================
  KERNEL PANIC!
========================================
panicked at kernel/src/arch_impl/aarch64/timer_interrupt.rs:598:17:
CPU0 timer regression: tick_count=5 but peer max=30000; read docs/planning/cpu0-user-guard-autopsy/README.md before touching anything


!!! CPU0 REGRESSION ALARM !!!
CPU0 tick_count = 5, max peer = 30000
See docs/planning/cpu0-user-guard-autopsy/README.md

========================================
  KERNEL PANIC!
========================================
panicked at kernel/src/arch_impl/aarch64/timer_interrupt.rs:598:17:
CPU0 timer regression: tick_count=5 but peer max=30000; read docs/planning/cpu0-user-guard-autopsy/README.md before touching anything


!!! C
PU0! !!REGRESSION  ACLPAUR0M  R!E!G!R
ESCSPIUO0N  tALiAcRkM !!!
_count =C P5, Um0 tick_caouxn tpe e=r  5,=  30ma0x0 0p
eSeere = 30 000
See docs/doplancnings/cpu0-/upsleanrn-inggu/arcpu0d-use-r-guaardutop-sy/aRuEtopsy/RAEADDMMEE..mmdd


========================================
  KERNEL PANIC!
============================
=!===!! CP=U0= R=EGR=E=SSIO=N AL=ARM !!=!
CP
Upa0nick etidck _acotun tk =ern 5el,/ msaxr peer = 30c000
See docs/pl/annarcih_imngp/cpu0-user-guard-alutop/sy/REaarchA64D/MEti.mermd
_interrupt.rs:598:17:
CPU0 timer regression: tick_count=5 but peer max=30000; read docs/planning/cpu0-user-guard-autopsy/README.md before touching anything


========================================
  KERNEL PANIC!
========================================
panicked at kernel/src/arch_impl/aarch64/timer_interrupt.rs:598:17:
CPU0 timer regression: tick_count=5 but peer max=30000; read docs/planning/cpu0-user-guard-autopsy/README.md before touching anything


========================================
  KERNEL PANIC!
========================================
panicked at kernel/src/arch_impl/aarch64/timer_interrupt.rs:598:17:
CPU0 timer regression: tick_count=5 but peer max=30000; read docs/planning/cpu0-user-guard-
a!!u! CPtU0op REGRsESySION ALA/RRM EA!!!
DCMPUE0 .mtdi ck_counbt e= 5fo, marxe pee r = 30000
tSee oduocs/plcahinnning/cpug 0-ausnyer-guard-auttophsiy/REnADME.md
g


========================================
  KERNEL PANIC!
========================================
panicked at kernel/src/arch_impl/aarch64/timer_interrupt.rs:598:17:
CPU0 timer regression: tick_count=5 but peer max=30000; read docs/planning/cpu0-user-guard-autopsy/README.md before touching anything

