Unknown action: send-key

prlctl version 26.3.2 (57398)

Usage: prlctl ACTION <ID | NAME> [OPTIONS]

Supported categories of ACTION are:

Miscellaneous
problem-report, guest-debugger, debug-dump

VM Management
list, create, delete, register, unregister, clone, convert, move, installtools, enter, exec, send-key-event, status, capture, encrypt, decrypt, change-passwd, archive, unarchive, protection-set, protection-remove

Power operations
start, resume, pause, suspend, restart, reset, reset-uptime, stop

VM Configuration
set

Snapshot Management
snapshot, snapshot-delete, snapshot-list, snapshot-switch

Please use --help option to get help for ACTION
For example, prlctl list --help

Unknown action: send-key

prlctl version 26.3.2 (57398)

Usage: prlctl ACTION <ID | NAME> [OPTIONS]

Supported categories of ACTION are:

Miscellaneous
problem-report, guest-debugger, debug-dump

VM Management
list, create, delete, register, unregister, clone, convert, move, installtools, enter, exec, send-key-event, status, capture, encrypt, decrypt, change-passwd, archive, unarchive, protection-set, protection-remove

Power operations
start, resume, pause, suspend, restart, reset, reset-uptime, stop

VM Configuration
set

Snapshot Management
snapshot, snapshot-delete, snapshot-list, snapshot-switch

Please use --help option to get help for ACTION
For example, prlctl list --help

Unknown action: send-key

prlctl version 26.3.2 (57398)

Usage: prlctl ACTION <ID | NAME> [OPTIONS]

Supported categories of ACTION are:

Miscellaneous
problem-report, guest-debugger, debug-dump

VM Management
list, create, delete, register, unregister, clone, convert, move, installtools, enter, exec, send-key-event, status, capture, encrypt, decrypt, change-passwd, archive, unarchive, protection-set, protection-remove

Power operations
start, resume, pause, suspend, restart, reset, reset-uptime, stop

VM Configuration
set

Snapshot Management
snapshot, snapshot-delete, snapshot-list, snapshot-switch

Please use --help option to get help for ACTION
For example, prlctl list --help

Unknown action: send-key

prlctl version 26.3.2 (57398)

Usage: prlctl ACTION <ID | NAME> [OPTIONS]

Supported categories of ACTION are:

Miscellaneous
problem-report, guest-debugger, debug-dump

VM Management
list, create, delete, register, unregister, clone, convert, move, installtools, enter, exec, send-key-event, status, capture, encrypt, decrypt, change-passwd, archive, unarchive, protection-set, protection-remove

Power operations
start, resume, pause, suspend, restart, reset, reset-uptime, stop

VM Configuration
set

Snapshot Management
snapshot, snapshot-delete, snapshot-list, snapshot-switch

Please use --help option to get help for ACTION
For example, prlctl list --help

Unknown action: send-key

prlctl version 26.3.2 (57398)

Usage: prlctl ACTION <ID | NAME> [OPTIONS]

Supported categories of ACTION are:

Miscellaneous
problem-report, guest-debugger, debug-dump

VM Management
list, create, delete, register, unregister, clone, convert, move, installtools, enter, exec, send-key-event, status, capture, encrypt, decrypt, change-passwd, archive, unarchive, protection-set, protection-remove

Power operations
start, resume, pause, suspend, restart, reset, reset-uptime, stop

VM Configuration
set

Snapshot Management
snapshot, snapshot-delete, snapshot-list, snapshot-switch

Please use --help option to get help for ACTION
For example, prlctl list --help

Unknown action: send-key

prlctl version 26.3.2 (57398)

Usage: prlctl ACTION <ID | NAME> [OPTIONS]

Supported categories of ACTION are:

Miscellaneous
problem-report, guest-debugger, debug-dump

VM Management
list, create, delete, register, unregister, clone, convert, move, installtools, enter, exec, send-key-event, status, capture, encrypt, decrypt, change-passwd, archive, unarchive, protection-set, protection-remove

Power operations
start, resume, pause, suspend, restart, reset, reset-uptime, stop

VM Configuration
set

Snapshot Management
snapshot, snapshot-delete, snapshot-list, snapshot-switch

Please use --help option to get help for ACTION
For example, prlctl list --help

Unknown action: send-key

prlctl version 26.3.2 (57398)

Usage: prlctl ACTION <ID | NAME> [OPTIONS]

Supported categories of ACTION are:

Miscellaneous
problem-report, guest-debugger, debug-dump

VM Management
list, create, delete, register, unregister, clone, convert, move, installtools, enter, exec, send-key-event, status, capture, encrypt, decrypt, change-passwd, archive, unarchive, protection-set, protection-remove

Power operations
start, resume, pause, suspend, restart, reset, reset-uptime, stop

VM Configuration
set

Snapshot Management
snapshot, snapshot-delete, snapshot-list, snapshot-switch

Please use --help option to get help for ACTION
For example, prlctl list --help

