[ram] 6 regions:
[ram]   0x40000000 - 0xffff0000 (3071 MB)
[ram]   0x100000000 - 0x140000000 (1024 MB)
[ram]   0x140025000 - 0x23be0f000 (4029 MB)
[ram]   0x23c000000 - 0x23c020000 (0 MB)
[ram]   0x23c080000 - 0x23f550000 (52 MB)
[ram]   0x23f930000 - 0x240000000 (6 MB)
[kern] entry_phys=0x400998c4 load=0x40080000-0x50104000
[gop-serial] UART: base=0x2110000 type=0 (PL011)
[gop-serial] Enumerating GOP display modes:
[gop-serial]   Mode 0: 1024x768 format=BGR
[gop-serial] 1 modes total, best=786432 pixels
[gop-serial] Already at best mode: 1024x768
[gop-serial] Selected: 1024x768 stride=1024 base=0x10000000 size=0x300000
ZZ00000000400998c4BDMTIVL!J>12KPHEOS
========================================
  Breenix ARM64 Kernel Starting
  BUILD_ID: 006a0d3aac035a
========================================

[boot] DIAG_MARKER_XHCI_A
[boot] DIAG_MARKER_XHCI_B
[boot] DIAG_MARKER_XHCI_C
[boot] loader xhci_hcrst_raw=0x0 ecam=0x2300000
[boot] Current exception level: EL1
[boot] MMU already enabled (high-half kernel)
[boot] Initializing memory management (0x44000000-0x50000000)...
[boot] Memory management ready
[boot] Initializing Generic Timer...
[boot] Timer frequency: 24000000 Hz (24 MHz)
[boot] Initializing PL031 RTC...
[boot] Current timestamp: 24110845
[boot] Initializing GIC...
[gic] GICR probe 0x02500000: WAKER=0x00000000 <<< VALID
[gic] GICD_CTLR wrote 0x53, readback=0x53
[gic] GICR_IGROUPR0: wrote 0xFFFFFFFF, readback=0xffffffff
[gic] ICC_CTLR_EL1: 0x40400 -> 0x40402 (EOImode=1)
[boot] GIC initialized (version 3)
[boot] Enabling UART interrupts...
[boot] Enabling GIC IRQ 33 (UART0)...
[uart] IMSC: 0x0 -> 0x50 (verify: 0x50)
[uart] FR=0x90 (RXFE=1), RIS=0x20
[gic] IRQ 33 state (GICv3):
  enabled=true, group1=true, pending=false
  priority=0xa0, GICD_CTLR=0x53
  ICC_PMR=0xf0
[boot] UART interrupts enabled
[boot] Enabling interrupts...
[boot] Interrupts enabled: true
[boot] Initializing device drivers...
[drivers] Initializing driver subsystem...
[drivers] PCI ECAM at 0x2300000, enumerating PCI bus...
[drivers] Found 7 PCI devices
[pci] 00:01.0 [8086:293e] class=04/03
[pci]   BAR0: 0x18008000 (16384)
[pci] 00:02.0 [8086:265c] class=0c/03
[pci]   BAR0: 0x18012000 (4096)
[pci]   BAR1: 0x0 (4096)
[pci]   BAR2: 0x0 (4096)
[pci]   BAR3: 0x0 (4096)
[pci]   BAR4: 0x0 (4096)
[pci]   BAR5: 0x0 (4096)
[pci] 00:03.0 [1033:0194] class=0c/03
[pci]   BAR0: 0x18011000 (4096)
[pci]   BAR1: 0x0 (4096)
[pci]   BAR2: 0x0 (4096)
[pci]   BAR3: 0x0 (4096)
[pci]   BAR4: 0x0 (4096)
[pci]   BAR5: 0x0 (4096)
[pci] 00:05.0 [1af4:1000] class=02/00
[pci]   BAR0: 0x18010000 (4096)
[pci]   BAR1: 0x1800f000 (4096)
[pci] 00:09.0 [1ab8:4000] class=ff/00
[pci]   BAR0: 0x1800e000 (4096)
[pci] 00:0a.0 [1af4:1050] class=03/00
[pci]   BAR0: 0x10000000 (134217728)
[pci]   BAR1: 0x1800d000 (4096)
[pci]   BAR4: 0x18004000 (16384)
[pci] 00:0e.0 [1af4:1053] class=07/80
[pci]   BAR1: 0x1800c000 (4096)
[pci]   BAR4: 0x18000000 (16384)
[drivers] Found 2 VirtIO PCI devices
[virtio-gpu-pci] Device features: 0x0000000100000001
[virtio-gpu-pci] VIRGL offered: true
[virtio-gpu-pci] Negotiated: 0x0000000100000001 (VIRGL=true)
[virtio-gpu-pci] VIRGL_ENABLED stored=true, readback=true, addr=0xffff0000412960c0
[pci] 00:0a.0: capabilities:
  cap 0x11 (MSI-X) @ 0xb0: dw0=0x0001bc11 dw1=0x00000001
  cap 0x09 (?) @ 0xbc: dw0=0x0410cc09 dw1=0x00000004
  cap 0x09 (?) @ 0xcc: dw0=0x0310dc09 dw1=0x00000004
  cap 0x09 (?) @ 0xdc: dw0=0x0214f009 dw1=0x00000004
  cap 0x09 (?) @ 0xf0: dw0=0x01100009 dw1=0x00000004
[gicv2m] MSI_TYPER raw=0x80350040 -> base_spi=53, num_spi=64
[virtio-gpu-pci] MSI-X cap at 0xb0: 2 vectors
[virtio-gpu-pci] MSI-X enabled: config_spi=53 queue_spi=54 doorbell=0x2250040 vectors=2
[virtio-gpu-pci] config_msix_vector: wrote=0x0 readback=0x0
[virtio-gpu-pci] Device has 2 queues
[virtio-gpu-pci] Queue 0 msix_vector: wrote=0x1 readback=0x1
[virtio-gpu-pci] Queue 1 msix_vector: wrote=0x1 readback=0x1
[virtio-gpu-pci] Cursor queue (q1) set up: size=16
[virtio-gpu-pci] Config: num_scanouts=16, num_capsets=1
[virtio-gpu-pci] MSI-X active: config_spi=53 queue_spi=54 queue_vector=1
[virtio-gpu-pci] Capset 0: id=2, max_ver=2, max_size=768
[virtio-gpu-pci] GET_CAPSET(id=2, ver=2): resp=0x1103
[virtio-gpu-pci] Display reports: 1024x768
[virtio-gpu-pci] Resolution: 1280x960 (display=1024x768, GOP=1024x768, min=1280x960)
[virtio-gpu-pci] 2D resource created and scanout set
[virtio-gpu-pci] Initialized: 1280x960
[drivers] VirtIO GPU (PCI) initialized
[virgl] Initializing VirGL 3D pipeline...
[virgl] 3D framebuffer backing: heap ptr=0xffff0000502e2000, phys=0x502e2000, size=4915200
[virgl] Step 1: context created
[virgl] Step 2: 3D resource created (1280x960, bind=0x0014000a)
[virgl] attach_backing: phys=0x502e2000, len=4915200, nr_pages=1200
[virgl] attach_backing: sending 3-desc chain: hdr=0x412961c0(32B), entries=0x50792000(19200B)
[virgl] attach_backing: OK (1200 pages attached)
[virgl] Step 3: backing attached
[virgl] Step 4: resource attached to context
[virgl] Step 5: resource primed
[virgl] SUBMIT_3D OK: id=1 used_len=0 resp_flags=0x1 resp_fence=1
[virgl] Step 6: VirGL CLEAR (cornflower blue)
[virgl] Step 7: SET_SCANOUT + RESOURCE_FLUSH done
[virgl] Step 7: VB resource created (no backing, INLINE_WRITE only)
[virgl-composite] Texture backing: heap ptr=0xffff000050792000, phys=0x50792000, 1280x960 (4915200B, 1200 pages)
[virgl] attach_backing: phys=0x50792000, len=4915200, nr_pages=1200
[virgl] attach_backing: sending 3-desc chain: hdr=0x412961c0(32B), entries=0x50c42000(19200B)
[virgl] attach_backing: OK (1200 pages attached)
[virgl-composite] Texture resource initialized (id=5)
[virgl] attach_backing: phys=0x50c42000, len=4915200, nr_pages=1200
[virgl] attach_backing: sending 3-desc chain: hdr=0x412961c0(32B), entries=0x510f2000(19200B)
[virgl] attach_backing: OK (1200 pages attached)
[virgl-pool] Pre-allocated slot=0 res_id=10 1280x960
[virgl] attach_backing: phys=0x510f2000, len=4915200, nr_pages=1200
[virgl] attach_backing: sending 3-desc chain: hdr=0x412961c0(32B), entries=0x515a2000(19200B)
[virgl] attach_backing: OK (1200 pages attached)
[virgl-pool] Pre-allocated slot=1 res_id=11 1280x960
[virgl] attach_backing: phys=0x515a2000, len=4915200, nr_pages=1200
[virgl] attach_backing: sending 3-desc chain: hdr=0x412961c0(32B), entries=0x51a52000(19200B)
[virgl] attach_backing: OK (1200 pages attached)
[virgl-pool] Pre-allocated slot=2 res_id=12 1280x960
[virgl] attach_backing: phys=0x51a52000, len=4915200, nr_pages=1200
[virgl] attach_backing: sending 3-desc chain: hdr=0x412961c0(32B), entries=0x51f02000(19200B)
[virgl] attach_backing: OK (1200 pages attached)
[virgl-pool] Pre-allocated slot=3 res_id=13 1280x960
[virgl] attach_backing: phys=0x51f02000, len=4915200, nr_pages=1200
[virgl] attach_backing: sending 3-desc chain: hdr=0x412961c0(32B), entries=0x523b2000(19200B)
[virgl] attach_backing: OK (1200 pages attached)
[virgl-pool] Pre-allocated slot=4 res_id=14 1280x960
[virgl] attach_backing: phys=0x523b2000, len=4915200, nr_pages=1200
[virgl] attach_backing: sending 3-desc chain: hdr=0x412961c0(32B), entries=0x52862000(19200B)
[virgl] attach_backing: OK (1200 pages attached)
[virgl-pool] Pre-allocated slot=5 res_id=15 1280x960
[virgl] attach_backing: phys=0x52862000, len=4915200, nr_pages=1200
[virgl] attach_backing: sending 3-desc chain: hdr=0x412961c0(32B), entries=0x52d12000(19200B)
[virgl] attach_backing: OK (1200 pages attached)
[virgl-pool] Pre-allocated slot=6 res_id=16 1280x960
[virgl] attach_backing: phys=0x52d12000, len=4915200, nr_pages=1200
[virgl] attach_backing: sending 3-desc chain: hdr=0x412961c0(32B), entries=0x531c2000(19200B)
[virgl] attach_backing: OK (1200 pages attached)
[virgl-pool] Pre-allocated slot=7 res_id=17 1280x960
[virgl] attach_backing: phys=0x531c2000, len=8192, nr_pages=2
[virgl] attach_backing: sending 3-desc chain: hdr=0x412961c0(32B), entries=0x502e0040(32B)
[virgl] attach_backing: OK (2 pages attached)
[virgl-cursor] Cursor texture initialized (id=6, 16x80, 5 shapes)
[virgl] attach_backing: phys=0x531c4000, len=4096, nr_pages=1
[virgl] attach_backing: sending 3-desc chain: hdr=0x412961c0(32B), entries=0x502e0040(16B)
[virgl] attach_backing: OK (1 pages attached)
[virgl-dimmer] Dimmer texture initialized (id=7, 4x4)
[virgl] Step 8: Compositor texture initialized
[virgl] Step 9: full pipeline+draw batch (191 DWORDs)
[virgl] SUBMIT_3D OK: id=2 used_len=0 resp_flags=0x1 resp_fence=2
[virgl] Step 10: SET_SCANOUT + RESOURCE_FLUSH
[virgl] VirGL 3D pipeline initialized successfully
[drivers] VirGL 3D acceleration active
[drivers] Compositor backend: VirGL
[virtio-gpu-pci] GPU command waits use scheduler waitqueue
[virtio-net-pci] Searching for VirtIO network device on PCI bus...
[virtio-net-pci] Found at 00:05.0 [1af4:1000]
[virtio-net-pci] BAR0: phys=0x18010000 virt=0xffff000018010000 size=4096
[virtio-net-pci] Device features: 0x6187bfa3
[virtio-net-pci] MAC: 00:1c:42:b8:88:a8
[virtio-net-pci] Queue 0 max size: 256
[virtio-net-pci] Queue 0 PFN=0x402d1 (phys=0x402d1000)
[virtio-net-pci] Queue 1 max size: 256
[virtio-net-pci] Queue 1 PFN=0x402d4 (phys=0x402d4000)
[pci] 00:05.0: capabilities:
  cap 0x10 (PCIe) @ 0x48: dw0=0x00024010 dw1=0x00000fc0
  cap 0x01 (PM) @ 0x40: dw0=0x0022f401 dw1=0x00000000
  cap 0x11 (MSI-X) @ 0xf4: dw0=0x00020011 dw1=0x00000001
[virtio-net-pci] MSI-X cap at 0xf4: 3 vectors
[virtio-net-pci] MSI-X vector assignments: cfg=0xffff rx=0x0
[virtio-net-pci] MSI-X enabled: SPI 55 doorbell=0x2250040 vectors=3
[virtio-net-pci] Network device initialized successfully
[drivers] VirtIO network (PCI) initialized
[drivers] SVGA3 init skipped: SVGA3 device not found
[drivers] Found XHCI at 00:03.0 [1033:0194]
[xhci] DMA addrs: DCBAA=0x4025a000 CMD_RING=0x4025b000 EVT_RING=0x4026b000 ERST=0x402e7880
[xhci] Regs: USBCMD=0x5 USBSTS=0x0 CRCR=0x0 DCBAAP=0x4025a000
[xhci] IR0: IMAN=0x2 ERDP=0x4026b000 ERSTBA=0x402e7880
[xhci] Port scan: 14 ports
[xhci]   port 1: PORTSC=0x00021203 CCS=1 PED=1 speed=4
[xhci]   port 2: PORTSC=0x00021203 CCS=1 PED=1 speed=4
[xhci]   port 3: PORTSC=0x00021203 CCS=1 PED=1 speed=4
[xhci]   port 4: PORTSC=0x000002a0 CCS=0 PED=0 speed=0
[xhci]   port 5: PORTSC=0x000002a0 CCS=0 PED=0 speed=0
[xhci]   port 6: PORTSC=0x000002a0 CCS=0 PED=0 speed=0
[xhci]   port 7: PORTSC=0x000002a0 CCS=0 PED=0 speed=0
[xhci]   port 8: PORTSC=0x000002a0 CCS=0 PED=0 speed=0
[xhci]   port 9: PORTSC=0x000002a0 CCS=0 PED=0 speed=0
[xhci]   port 10: PORTSC=0x000002a0 CCS=0 PED=0 speed=0
[xhci]   port 11: PORTSC=0x000002a0 CCS=0 PED=0 speed=0
[xhci]   port 12: PORTSC=0x000002a0 CCS=0 PED=0 speed=0
[xhci]   port 13: PORTSC=0x000002a0 CCS=0 PED=0 speed=0
[xhci]   port 14: PORTSC=0x000002a0 CCS=0 PED=0 speed=0
[xhci] port 1 connected: PORTSC=0x00001203 PED=1 speed=4
[xhci] port 1 EnableSlot -> slot 1
[xhci] port 1 AddressDevice OK (slot 1)
[xhci] slot1: vid=0x203a pid=0xfffc class=0x00/0x00/0x00
[xhci] slot1 iface0: class=0x03 sub=0x00 proto=0x02 numEP=1
[xhci] HID iface: proto=2 subclass=0 -> mouse (hid_idx=1)
[xhci] slot1 iface1: class=0x03 sub=0x00 proto=0x02 numEP=1
[xhci] HID iface: proto=2 subclass=0 -> mouse (hid_idx=3)
[xhci] port 2 connected: PORTSC=0x00001203 PED=1 speed=4
[xhci] port 2 EnableSlot -> slot 2
[xhci] port 2 AddressDevice OK (slot 2)
[xhci] slot2: vid=0x203a pid=0xfffb class=0x00/0x00/0x00
[xhci] slot2 iface0: class=0x03 sub=0x01 proto=0x01 numEP=1
[xhci] HID iface: proto=1 subclass=1 -> keyboard (hid_idx=0)
[xhci] slot2 iface1: class=0x03 sub=0x00 proto=0x00 numEP=1
[xhci] HID iface: proto=0 subclass=0 -> NKRO (hid_idx=2)
[xhci] port 3 connected: PORTSC=0x00001203 PED=1 speed=4
[xhci] port 3 EnableSlot -> slot 3
[xhci] port 3 AddressDevice OK (slot 3)
[xhci] slot3: vid=0x203a pid=0xfff9 class=0xef/0x02/0x01
[xhci] slot3 iface0: class=0x0e sub=0x01 proto=0x00 numEP=0
[xhci] slot3 iface1: class=0x0e sub=0x02 proto=0x00 numEP=1
[xhci] start_hid_polling: kbd=slot2/dci3 nkro=dci5 mouse=slot1/dci3 mouse2=dci5
[xhci] Initialized: 32 slots, MSI irq=56
[drivers] XHCI USB controller initialized
[ahci] Platform AHCI at phys 0x2140000, virt 0xffff000002140000
[ahci] HBA version 1.256, 6 ports, 32 cmd slots, PI=0x0000003f
[ahci] Port 0: Sata, 131072 sectors (64 MB)
[ahci] Port 1: Sata, 524288 sectors (256 MB)
[ahci] IRQ probe: using port 0 dma_index 0
[ahci] IRQ probe: ISPENDR before=[0x01000000, 0x00000000, 0x00000000] after=[0x01000004, 0x00000000, 0x00000000]
[ahci] IRQ probe: PORT_IS=0x00000001 (should have D2H bit set)
[ahci] Platform IRQ probe: discovered SPI 34
[ahci] Platform IRQ enabled: SPI 34 (wired, level-triggered, CPU0)
[drivers] AHCI initialized (platform MMIO): 2 SATA device(s)
[drivers] Driver subsystem initialized (PCI)
[boot] Found 7 devices
[boot] Initializing network stack...
[net] Initializing network stack...
[net] Using VirtIO net PCI driver (Parallels)
[net] MAC address: 00:1c:42:b8:88:a8
NET: IP address: 10.211.55.100
NET: Gateway: 10.211.55.1
Network stack initialized
NET: Sending ARP request for gateway 10.211.55.1
ARP request sent successfully
[virtio-net-pci] RX diag: used_idx=1 last_used=0 avail_idx=4 isr=0x0 msi_count=0
[virtio-net-pci] RX diag: used_idx=1 last_used=1 avail_idx=8 isr=0x0 msi_count=0
NET: ARP resolved gateway MAC: 00:1c:42:00:00:18
NET: Sending ICMP echo request to gateway 10.211.55.1
[net] ICMP echo reply received from 10.211.55.1 seq=1
NET: Network initialization complete
[virtio-net-pci] MSI-X SPI 55 enabled (post-init)
[boot] Initializing filesystem...
[ext2] No VirtIO block device, trying AHCI...
[ext2] AHCI device 0: 131072 sectors (64 MB)
[ext2] AHCI device 0: not ext2 (magic=0x0064)
[ext2] AHCI device 1: 524288 sectors (256 MB)
[ext2] Found ext2 superblock on AHCI device 1
[boot] ext2 root filesystem mounted
[boot] No home filesystem: No home block device available (expected at device index 3 or 1) (continuing)
[boot] devfs initialized at /dev
[boot] devptsfs initialized at /dev/pts
[boot] CPU detected: ARM Unknown
[boot] procfs initialized at /proc
[boot] TTY subsystem initialized
[boot] Initializing graphics...
[boot] VirGL active — skipping GOP framebuffer init (2D resource already set up in gpu_pci::init)
[boot] FB_INFO_CACHE populated for VirGL display (1280x960)
[boot] USB HID input active via XHCI (polled from timer)
[boot] Initializing per-CPU data...
[boot] Per-CPU data initialized
[boot] Initializing process manager...
[boot] Process manager initialized
[boot] Initializing scheduler...
[boot] Scheduler initialized
[boot] Workqueue subsystem initialized
[boot] Softirq subsystem initialized
[boot] Render thread skipped — VirGL owns the display
[boot] Tracing subsystem initialized and enabled
[boot] Pre-loading /sbin/init from ext2 (before timer)...
[boot] Init binary pre-loaded: 296776 bytes
[boot] Initializing timer interrupt...
[timer] Timer configured for ~1000 Hz (24000 ticks per interrupt)
[timer] Using virtual timer (PPI 27)
[boot] Timer interrupt initialized
[smp] CPU 0 MPIDR=0x80000000, stack_base=0x43000000
[smp] GICR covers 8 redistributors, probing CPUs 1..8
[smp] Probing secondary CPUs via PSCI...
[sm1p@1A]BC DECePFGU 1:1 PSCI CPU_ON success
[gi2c@1]AB CDIEeFGC2C_CTLR_EL1: 0x40400 -> 0x40402 (EOImode=1)
[smp] CPU 2: PSCI CPU_ON success
[T1gic] ICC_C3@T1ALBCRDE_eFEGL31: 0x40400 -> 0x40402 (EOImode=1)
[gic] ICC_CTLR_EL1: 0x40400 -> 0x40402 (EOImode=1)
[smp] CPU 3: PSCI CPU_ON success
[s4@m1ApBC]D EeCFGPU4 4: PSCI CPU_ON success
[gi5c@1]AB CDIECeFCG_5CTLR_EL1: 0x40400 -> 0x40402 (EOImode=1)
[smp] CPU 5: PSCI CPU_ON success
[gi6c@1]AB CDIEeCFGC_6CTLR_EL1: 0x40400 -> 0x40402 (EOImode=1)
[smp] CPU 6: PSCI CPU_ON success
[T2gic] 7@I1ACBCCDE_eFCGT7LR_EL1: 0x40400 -> 0x40402 (EOImode=1)
[gic] ICC_CTLR_EL1: 0x40400 -> 0x40402 (EOImode=1)
[smp] CPU 7: PSCI CPU_ON success
[smp] 8 CPUs online

========================================
  Breenix ARM64 Boot Complete!
========================================

Hello from ARM64!

[boot] Launching init from pre-loaded ELF...
manager.create_process_with_argv [ARM64]: ENTRY - name='init', elf_size=296776, argc=1
manager.create_process_with_argv [ARM64]: Generated PID 1
manager.create_process_with_argv [ARM64]: Creating ProcessPageTable
manager.create_process_with_argv [ARM64]: Loading ELF into page table
manager.create_process_with_argv [ARM64]: ELF loaded, entry=0x4000f1f0
manager.create_process_with_argv [ARM64]: Allocating user stack
manager.create_process_with_argv [ARM64]: User stack will be at 0xfffffeff0000-0xffffff000000
manager.create_process_with_argv [ARM64]: argc/argv set up on stack, SP=0xfffffefffed0
manager.create_process_with_argv [ARM64]: SUCCESS - returning PID 1
[ahci-poll-attrib] total=72 post_reg=70 pre_sched=70 post_sched=0
[boot] Reset 8 idle thread contexts (CPUs online: 8)
T3T4EL0_SYSCALL: First syscall from userspace (SPSR confirms EL0)
[ OK ] syscall path verified
[init] Breenix init starting (PID 1)
T5[spawn] path='/bin/heartbeat'
manager.create_process_with_argv [ARM64]: ENTRY - name='heartbeat', elf_size=290128, argc=1
manager.create_process_with_argv [ARM64]: Generated PID 2
manager.create_process_with_argv [ARM64]: Creating ProcessPageTable
manager.create_process_with_argv [ARM64]: Loading ELF into page table
manager.create_process_with_argv [ARM64]: ELF loaded, entry=0x4000edac
manager.create_process_with_argv [ARM64]: Allocating user stack
manager.create_process_with_argv [ARM64]: User stack will be at 0xfffffeff0000-0xffffff000000
manager.create_process_with_argv [ARM64]: argc/argv set up on stack, SP=0xfffffefffed0
manager.create_process_with_argv [ARM64]: SUCCESS - returning PID 2
[spawn] Created child PID 2 for parent PID 1
T6[spawn] Success: child PID 2 scheduled
[heartbeat] tid=12 uptime_ms=1262
T7T8T9T0[spawn] path='/bin/bwm'
manager.create_process_with_argv [ARM64]: ENTRY - name='bwm', elf_size=429208, argc=1
manager.create_process_with_argv [ARM64]: Generated PID 3
manager.create_process_with_argv [ARM64]: Creating ProcessPageTable
manager.create_process_with_argv [ARM64]: Loading ELF into page table
manager.create_process_with_argv [ARM64]: ELF loaded, entry=0x400190b8
manager.create_process_with_argv [ARM64]: Allocating user stack
manager.create_process_with_argv [ARM64]: User stack will be at 0xfffffeff0000-0xffffff000000
manager.create_process_with_argv [ARM64]: argc/argv set up on stack, SP=0xfffffefffee0
manager.create_process_with_argv [ARM64]: SUCCESS - returning PID 3
[spawn] Created child PID 3 for parent PID 1
[spawn] Success: child PID 3 scheduled
[bwm] Breenix Window Manager starting... (v2-chromeless-skip)
[virgl-composite] Frame #0: 1x1 → 1280x960 display (first1k: 1 nonzero, first=0xff000000)
[bwm] GPU compositing mode (VirGL), display: 1280x960
[compositor] Mapped compositor buffer into process: virt=0x7ffffdb4e000, 1280x960, 1200 pages (backend=VirGL)
[bwm] Direct compositor mapping: 1280x960 at 0x7ffffdb4e000
[bwm] using bitmap font fallback for early boot
[bwm] hotkeys: using built-in defaults for early boot
[virgl-composite] Frame #1: 1280x960 → 1280x960 display (first1k: 1000 nonzero, first=0x00121832)
[virgl-composite] Frame #2: 1280x960 → 1280x960 display (first1k: 1000 nonzero, first=0x00121832)
[spawn] path='/sbin/telnetd'
manager.create_process_with_argv [ARM64]: ENTRY - name='telnetd', elf_size=298632, argc=1
manager.create_process_with_argv [ARM64]: Generated PID 4
manager.create_process_with_argv [ARM64]: Creating ProcessPageTable
manager.create_process_with_argv [ARM64]: Loading ELF into page table
manager.create_process_with_argv [ARM64]: ELF loaded, entry=0x4000fdd0
manager.create_process_with_argv [ARM64]: Allocating user stack
manager.create_process_with_argv [ARM64]: User stack will be at 0xfffffeff0000-0xffffff000000
manager.create_process_with_argv [ARM64]: argc/argv set up on stack, SP=0xfffffefffed0
manager.create_process_with_argv [ARM64]: SUCCESS - returning PID 4
[spawn] Created child PID 4 for parent PID 1
[spawn] Success: child PID 4 scheduled
TELNETD_STARTING
TELNETD_LISTENING
[init] Boot script completed
[spawn] path='/bin/bsshd'
manager.create_process_with_argv [ARM64]: ENTRY - name='bsshd', elf_size=441008, argc=1
manager.create_process_with_argv [ARM64]: Generated PID 5
manager.create_process_with_argv [ARM64]: Creating ProcessPageTable
manager.create_process_with_argv [ARM64]: Loading ELF into page table
manager.create_process_with_argv [ARM64]: ELF loaded, entry=0x4001c39c
manager.create_process_with_argv [ARM64]: Allocating user stack
manager.create_process_with_argv [ARM64]: User stack will be at 0xfffffeff0000-0xffffff000000
manager.create_process_with_argv [ARM64]: argc/argv set up on stack, SP=0xfffffefffed0
manager.create_process_with_argv [ARM64]: SUCCESS - returning PID 5
[spawn] Created child PID 5 for parent PID 1
[spawn] Success: child PID 5 scheduled
bsshd: starting on port 2222
bsshd: listening on 0.0.0.0:2222
[init] bsshd started (PID 5)
[spawn] path='/bin/bounce'
[freeze-watch] uptime_ms=1746 submits=71 completes=74 fails=0 last_completion_ms=1404 fps_last_5s=5 cpu=2 tid=0 ctx_switches=2121 timer_ticks_cpu0=258 timer_ticks_cpu1=367 timer_ticks_cpu2=369 timer_ticks_cpu3=368 timer_ticks_cpu4=368 timer_ticks_cpu5=368 timer_ticks_cpu6=370 timer_ticks_cpu7=372 rq_total=0 rq_cpu0=0 rq_cpu1=0 rq_cpu2=0 rq_cpu3=0 rq_cpu4=0 rq_cpu5=0 rq_cpu6=0 rq_cpu7=0 cur_cpu0=0 cur_cpu1=0 cur_cpu2=0 cur_cpu3=0 cur_cpu4=0 cur_cpu5=0 cur_cpu6=0 cur_cpu7=0 total_threads=0 blocked_threads=0 sched_lock=busy procmgr_lock=ok gpu_pci_lock=ok
[gpu-pci-lock-attrib] max_hold_ms=6 max_hold_holder_tid=-1
[wake-attrib] schedule=145 unblock=0 isr_unblock=981 wake_io=977 signal=0 child=0 timer=5
[enqueue-attrib] same_lock=5 deferred=193 isr_buf=981 deferred_drained=144 isr_buf_drained=929 already_queued=14 isr_buf_full=0
manager.create_process_with_argv [ARM64]: ENTRY - name='bounce', elf_size=388152, argc=1
manager.create_process_with_argv [ARM64]: Generated PID 6
manager.create_process_with_argv [ARM64]: Creating ProcessPageTable
manager.create_process_with_argv [ARM64]: Loading ELF into page table
manager.create_process_with_argv [ARM64]: ELF loaded, entry=0x400188f4
manager.create_process_with_argv [ARM64]: Allocating user stack
manager.create_process_with_argv [ARM64]: User stack will be at 0xfffffeff0000-0xffffff000000
manager.create_process_with_argv [ARM64]: argc/argv set up on stack, SP=0xfffffefffed0
manager.create_process_with_argv [ARM64]: SUCCESS - returning PID 6
[spawn] Created child PID 6 for parent PID 1
[spawn] Success: child PID 6 scheduled
[init] bounce started (PID 6)
Bounce spheres demo starting (for Gus!) [boot_id=00000000698857eb]
[window] create_window_buffer: 400x300 (480000 bytes, 118 pages)
[window] Created buffer id=1 for pid=6: 400x300 at virt=0x7ffffdf86000 phys=0x44172000
[bounce] Window mode: id=1 400x300 [boot_id=00000000698857eb]
[bwm] Discovered window 'Bounce' (id=1, 400x300) at (30,38)
[compositor] Mapped window 1 into BWM: virt=0x7ffffdad4000, 400x300, 118 pages
[freeze-watch] uptime_ms=2252 submits=299 completes=301 fails=0 last_completion_ms=2251 fps_last_5s=148 cpu=2 tid=3 ctx_switches=3275 timer_ticks_cpu0=558 timer_ticks_cpu1=764 timer_ticks_cpu2=763 timer_ticks_cpu3=753 timer_ticks_cpu4=747 timer_ticks_cpu5=752 timer_ticks_cpu6=754 timer_ticks_cpu7=758 rq_total=0 rq_cpu0=0 rq_cpu1=0 rq_cpu2=0 rq_cpu3=0 rq_cpu4=0 rq_cpu5=0 rq_cpu6=0 rq_cpu7=0 cur_cpu0=0 cur_cpu1=4 cur_cpu2=3 cur_cpu3=6 cur_cpu4=7 cur_cpu5=8 cur_cpu6=9 cur_cpu7=10 total_threads=16 blocked_threads=7 sched_lock=ok procmgr_lock=ok gpu_pci_lock=busy
[heartbeat] tid=12 uptime_ms=2262
[bwm-fps] frames_since_last=99 elapsed_ms=1003 instantaneous_fps=98
[freeze-watch] uptime_ms=2755 submits=537 completes=539 fails=0 last_completion_ms=2748 fps_last_5s=159 cpu=5 tid=3 ctx_switches=4264 timer_ticks_cpu0=875 timer_ticks_cpu1=1154 timer_ticks_cpu2=1140 timer_ticks_cpu3=1137 timer_ticks_cpu4=1127 timer_ticks_cpu5=1133 timer_ticks_cpu6=1138 timer_ticks_cpu7=1137 rq_total=0 rq_cpu0=0 rq_cpu1=0 rq_cpu2=0 rq_cpu3=0 rq_cpu4=0 rq_cpu5=0 rq_cpu6=0 rq_cpu7=0 cur_cpu0=0 cur_cpu1=4 cur_cpu2=5 cur_cpu3=6 cur_cpu4=7 cur_cpu5=3 cur_cpu6=9 cur_cpu7=10 total_threads=16 blocked_threads=7 sched_lock=ok procmgr_lock=ok gpu_pci_lock=busy
[freeze-watch] uptime_ms=3259 submits=791 completes=794 fails=0 last_completion_ms=3258 fps_last_5s=168 cpu=5 tid=3 ctx_switches=5299 timer_ticks_cpu0=1187 timer_ticks_cpu1=1554 timer_ticks_cpu2=1524 timer_ticks_cpu3=1514 timer_ticks_cpu4=1505 timer_ticks_cpu5=1512 timer_ticks_cpu6=1528 timer_ticks_cpu7=1521 rq_total=0 rq_cpu0=0 rq_cpu1=0 rq_cpu2=0 rq_cpu3=0 rq_cpu4=0 rq_cpu5=0 rq_cpu6=0 rq_cpu7=0 cur_cpu0=0 cur_cpu1=4 cur_cpu2=5 cur_cpu3=6 cur_cpu4=7 cur_cpu5=3 cur_cpu6=9 cur_cpu7=10 total_threads=16 blocked_threads=6 sched_lock=ok procmgr_lock=ok gpu_pci_lock=ok
[heartbeat] tid=12 uptime_ms=3262
[bwm-fps] frames_since_last=166 elapsed_ms=1002 instantaneous_fps=165
[freeze-watch] uptime_ms=3761 submits=1016 completes=1019 fails=0 last_completion_ms=3758 fps_last_5s=149 cpu=4 tid=3 ctx_switches=6276 timer_ticks_cpu0=1494 timer_ticks_cpu1=1943 timer_ticks_cpu2=1900 timer_ticks_cpu3=1885 timer_ticks_cpu4=1877 timer_ticks_cpu5=1879 timer_ticks_cpu6=1904 timer_ticks_cpu7=1894 rq_total=0 rq_cpu0=0 rq_cpu1=0 rq_cpu2=0 rq_cpu3=0 rq_cpu4=0 rq_cpu5=0 rq_cpu6=0 rq_cpu7=0 cur_cpu0=0 cur_cpu1=13 cur_cpu2=5 cur_cpu3=6 cur_cpu4=3 cur_cpu5=8 cur_cpu6=9 cur_cpu7=10 total_threads=16 blocked_threads=6 sched_lock=ok procmgr_lock=ok gpu_pci_lock=ok
[heartbeat] tid=12 uptime_ms=4263
[freeze-watch] uptime_ms=4263 submits=1262 completes=1265 fails=0 last_completion_ms=4263 fps_last_5s=163 cpu=6 tid=3 ctx_switches=7228 timer_ticks_cpu0=1805 timer_ticks_cpu1=2342 timer_ticks_cpu2=2281 timer_ticks_cpu3=2263 timer_ticks_cpu4=2240 timer_ticks_cpu5=2254 timer_ticks_cpu6=2285 timer_ticks_cpu7=2269 rq_total=0 rq_cpu0=0 rq_cpu1=0 rq_cpu2=0 rq_cpu3=0 rq_cpu4=0 rq_cpu5=0 rq_cpu6=0 rq_cpu7=0 cur_cpu0=0 cur_cpu1=4 cur_cpu2=5 cur_cpu3=6 cur_cpu4=12 cur_cpu5=8 cur_cpu6=3 cur_cpu7=10 total_threads=16 blocked_threads=6 sched_lock=ok procmgr_lock=ok gpu_pci_lock=ok
[bwm-fps] frames_since_last=156 elapsed_ms=1004 instantaneous_fps=155
[freeze-watch] uptime_ms=4767 submits=1529 completes=1532 fails=0 last_completion_ms=4763 fps_last_5s=176 cpu=6 tid=3 ctx_switches=8267 timer_ticks_cpu0=2100 timer_ticks_cpu1=2735 timer_ticks_cpu2=2666 timer_ticks_cpu3=2647 timer_ticks_cpu4=2618 timer_ticks_cpu5=2631 timer_ticks_cpu6=2665 timer_ticks_cpu7=2657 rq_total=0 rq_cpu0=0 rq_cpu1=0 rq_cpu2=0 rq_cpu3=0 rq_cpu4=0 rq_cpu5=0 rq_cpu6=0 rq_cpu7=0 cur_cpu0=0 cur_cpu1=13 cur_cpu2=5 cur_cpu3=6 cur_cpu4=7 cur_cpu5=8 cur_cpu6=3 cur_cpu7=10 total_threads=16 blocked_threads=6 sched_lock=ok procmgr_lock=ok gpu_pci_lock=ok
[virgl-composite] Frame #500: 1280x960 → 1280x960 display (first1k: 1000 nonzero, first=0x0014161e)
[heartbeat] tid=12 uptime_ms=5263
[freeze-watch] uptime_ms=5270 submits=1742 completes=1745 fails=0 last_completion_ms=5266 fps_last_5s=141 cpu=6 tid=3 ctx_switches=9159 timer_ticks_cpu0=2417 timer_ticks_cpu1=3132 timer_ticks_cpu2=3042 timer_ticks_cpu3=3021 timer_ticks_cpu4=2985 timer_ticks_cpu5=3000 timer_ticks_cpu6=3037 timer_ticks_cpu7=3032 rq_total=0 rq_cpu0=0 rq_cpu1=0 rq_cpu2=0 rq_cpu3=0 rq_cpu4=0 rq_cpu5=0 rq_cpu6=0 rq_cpu7=0 cur_cpu0=0 cur_cpu1=13 cur_cpu2=5 cur_cpu3=6 cur_cpu4=7 cur_cpu5=8 cur_cpu6=3 cur_cpu7=10 total_threads=16 blocked_threads=6 sched_lock=ok procmgr_lock=ok gpu_pci_lock=ok
[bwm-fps] frames_since_last=158 elapsed_ms=1000 instantaneous_fps=158
[freeze-watch] uptime_ms=5774 submits=1955 completes=1958 fails=0 last_completion_ms=5774 fps_last_5s=140 cpu=1 tid=3 ctx_switches=10057 timer_ticks_cpu0=2724 timer_ticks_cpu1=3536 timer_ticks_cpu2=3419 timer_ticks_cpu3=3393 timer_ticks_cpu4=3351 timer_ticks_cpu5=3368 timer_ticks_cpu6=3412 timer_ticks_cpu7=3409 rq_total=1 rq_cpu0=1 rq_cpu1=0 rq_cpu2=0 rq_cpu3=0 rq_cpu4=0 rq_cpu5=0 rq_cpu6=0 rq_cpu7=0 cur_cpu0=13 cur_cpu1=3 cur_cpu2=5 cur_cpu3=6 cur_cpu4=7 cur_cpu5=8 cur_cpu6=9 cur_cpu7=10 total_threads=16 blocked_threads=5 sched_lock=ok procmgr_lock=ok gpu_pci_lock=ok
[heartbeat] tid=12 uptime_ms=6266
[freeze-watch] uptime_ms=6277 submits=2152 completes=2154 fails=0 last_completion_ms=6275 fps_last_5s=129 cpu=3 tid=3 ctx_switches=10962 timer_ticks_cpu0=3035 timer_ticks_cpu1=3927 timer_ticks_cpu2=3796 timer_ticks_cpu3=3768 timer_ticks_cpu4=3722 timer_ticks_cpu5=3740 timer_ticks_cpu6=3789 timer_ticks_cpu7=3788 rq_total=0 rq_cpu0=0 rq_cpu1=0 rq_cpu2=0 rq_cpu3=0 rq_cpu4=0 rq_cpu5=0 rq_cpu6=0 rq_cpu7=0 cur_cpu0=0 cur_cpu1=4 cur_cpu2=5 cur_cpu3=3 cur_cpu4=7 cur_cpu5=8 cur_cpu6=9 cur_cpu7=10 total_threads=16 blocked_threads=6 sched_lock=ok procmgr_lock=ok gpu_pci_lock=busy
[bwm-fps] frames_since_last=137 elapsed_ms=1001 instantaneous_fps=136
[freeze-watch] uptime_ms=6779 submits=2366 completes=2369 fails=0 last_completion_ms=6775 fps_last_5s=143 cpu=1 tid=3 ctx_switches=11859 timer_ticks_cpu0=3335 timer_ticks_cpu1=4291 timer_ticks_cpu2=4153 timer_ticks_cpu3=4116 timer_ticks_cpu4=4070 timer_ticks_cpu5=4090 timer_ticks_cpu6=4141 timer_ticks_cpu7=4141 rq_total=0 rq_cpu0=0 rq_cpu1=0 rq_cpu2=0 rq_cpu3=0 rq_cpu4=0 rq_cpu5=0 rq_cpu6=0 rq_cpu7=0 cur_cpu0=0 cur_cpu1=3 cur_cpu2=5 cur_cpu3=6 cur_cpu4=7 cur_cpu5=8 cur_cpu6=13 cur_cpu7=10 total_threads=16 blocked_threads=6 sched_lock=ok procmgr_lock=ok gpu_pci_lock=ok
[heartbeat] tid=12 uptime_ms=7267
[freeze-watch] uptime_ms=7282 submits=2599 completes=2601 fails=0 last_completion_ms=7281 fps_last_5s=153 cpu=3 tid=0 ctx_switches=12829 timer_ticks_cpu0=3639 timer_ticks_cpu1=4683 timer_ticks_cpu2=4538 timer_ticks_cpu3=4486 timer_ticks_cpu4=4441 timer_ticks_cpu5=4464 timer_ticks_cpu6=4516 timer_ticks_cpu7=4520 rq_total=0 rq_cpu0=0 rq_cpu1=0 rq_cpu2=0 rq_cpu3=0 rq_cpu4=0 rq_cpu5=0 rq_cpu6=0 rq_cpu7=0 cur_cpu0=0 cur_cpu1=0 cur_cpu2=0 cur_cpu3=0 cur_cpu4=0 cur_cpu5=0 cur_cpu6=0 cur_cpu7=0 total_threads=0 blocked_threads=0 sched_lock=busy procmgr_lock=ok gpu_pci_lock=busy
[bwm-fps] frames_since_last=148 elapsed_ms=1000 instantaneous_fps=148
[freeze-watch] uptime_ms=7785 submits=2834 completes=2837 fails=0 last_completion_ms=7782 fps_last_5s=157 cpu=2 tid=0 ctx_switches=13862 timer_ticks_cpu0=3950 timer_ticks_cpu1=5069 timer_ticks_cpu2=4923 timer_ticks_cpu3=4862 timer_ticks_cpu4=4810 timer_ticks_cpu5=4838 timer_ticks_cpu6=4898 timer_ticks_cpu7=4901 rq_total=0 rq_cpu0=0 rq_cpu1=0 rq_cpu2=0 rq_cpu3=0 rq_cpu4=0 rq_cpu5=0 rq_cpu6=0 rq_cpu7=0 cur_cpu0=0 cur_cpu1=0 cur_cpu2=0 cur_cpu3=0 cur_cpu4=0 cur_cpu5=0 cur_cpu6=0 cur_cpu7=0 total_threads=0 blocked_threads=0 sched_lock=busy procmgr_lock=ok gpu_pci_lock=ok
[virgl-composite] Frame #1000: 1280x960 → 1280x960 display (first1k: 1000 nonzero, first=0x0014161e)
[heartbeat] tid=12 uptime_ms=8268
[freeze-watch] uptime_ms=8288 submits=3077 completes=3079 fails=0 last_completion_ms=8288 fps_last_5s=159 cpu=4 tid=3 ctx_switches=14926 timer_ticks_cpu0=4256 timer_ticks_cpu1=5459 timer_ticks_cpu2=5307 timer_ticks_cpu3=5240 timer_ticks_cpu4=5184 timer_ticks_cpu5=5209 timer_ticks_cpu6=5275 timer_ticks_cpu7=5280 rq_total=0 rq_cpu0=0 rq_cpu1=0 rq_cpu2=0 rq_cpu3=0 rq_cpu4=0 rq_cpu5=0 rq_cpu6=0 rq_cpu7=0 cur_cpu0=0 cur_cpu1=4 cur_cpu2=5 cur_cpu3=6 cur_cpu4=3 cur_cpu5=8 cur_cpu6=9 cur_cpu7=10 total_threads=16 blocked_threads=7 sched_lock=ok procmgr_lock=ok gpu_pci_lock=busy
[bwm-fps] frames_since_last=156 elapsed_ms=1008 instantaneous_fps=154
[freeze-watch] uptime_ms=8791 submits=3276 completes=3278 fails=0 last_completion_ms=8781 fps_last_5s=133 cpu=3 tid=3 ctx_switches=15890 timer_ticks_cpu0=4570 timer_ticks_cpu1=5850 timer_ticks_cpu2=5682 timer_ticks_cpu3=5615 timer_ticks_cpu4=5555 timer_ticks_cpu5=5585 timer_ticks_cpu6=5655 timer_ticks_cpu7=5658 rq_total=0 rq_cpu0=0 rq_cpu1=0 rq_cpu2=0 rq_cpu3=0 rq_cpu4=0 rq_cpu5=0 rq_cpu6=0 rq_cpu7=0 cur_cpu0=0 cur_cpu1=4 cur_cpu2=5 cur_cpu3=3 cur_cpu4=7 cur_cpu5=8 cur_cpu6=9 cur_cpu7=10 total_threads=16 blocked_threads=7 sched_lock=ok procmgr_lock=ok gpu_pci_lock=busy
[heartbeat] tid=12 uptime_ms=9269
[freeze-watch] uptime_ms=9296 submits=3491 completes=3494 fails=0 last_completion_ms=9292 fps_last_5s=142 cpu=5 tid=3 ctx_switches=16889 timer_ticks_cpu0=4895 timer_ticks_cpu1=6244 timer_ticks_cpu2=6067 timer_ticks_cpu3=5992 timer_ticks_cpu4=5933 timer_ticks_cpu5=5957 timer_ticks_cpu6=6031 timer_ticks_cpu7=6038 rq_total=0 rq_cpu0=0 rq_cpu1=0 rq_cpu2=0 rq_cpu3=0 rq_cpu4=0 rq_cpu5=0 rq_cpu6=0 rq_cpu7=0 cur_cpu0=0 cur_cpu1=4 cur_cpu2=5 cur_cpu3=13 cur_cpu4=7 cur_cpu5=3 cur_cpu6=9 cur_cpu7=10 total_threads=16 blocked_threads=6 sched_lock=ok procmgr_lock=ok gpu_pci_lock=ok
[bwm-fps] frames_since_last=136 elapsed_ms=1002 instantaneous_fps=135
[timer] cpu0 ticks=5000
[freeze-watch] uptime_ms=9799 submits=3695 completes=3698 fails=0 last_completion_ms=9796 fps_last_5s=135 cpu=1 tid=3 ctx_switches=17857 timer_ticks_cpu0=5216 timer_ticks_cpu1=6624 timer_ticks_cpu2=6449 timer_ticks_cpu3=6368 timer_ticks_cpu4=6301 timer_ticks_cpu5=6329 timer_ticks_cpu6=6407 timer_ticks_cpu7=6414 rq_total=0 rq_cpu0=0 rq_cpu1=0 rq_cpu2=0 rq_cpu3=0 rq_cpu4=0 rq_cpu5=0 rq_cpu6=0 rq_cpu7=0 cur_cpu0=0 cur_cpu1=3 cur_cpu2=5 cur_cpu3=13 cur_cpu4=7 cur_cpu5=8 cur_cpu6=9 cur_cpu7=10 total_threads=16 blocked_threads=6 sched_lock=ok procmgr_lock=ok gpu_pci_lock=ok
[heartbeat] tid=12 uptime_ms=10271
[freeze-watch] uptime_ms=10302 submits=3896 completes=3899 fails=0 last_completion_ms=10298 fps_last_5s=133 cpu=0 tid=3 ctx_switches=18795 timer_ticks_cpu0=5534 timer_ticks_cpu1=7021 timer_ticks_cpu2=6831 timer_ticks_cpu3=6744 timer_ticks_cpu4=6672 timer_ticks_cpu5=6707 timer_ticks_cpu6=6781 timer_ticks_cpu7=6792 rq_total=0 rq_cpu0=0 rq_cpu1=0 rq_cpu2=0 rq_cpu3=0 rq_cpu4=0 rq_cpu5=0 rq_cpu6=0 rq_cpu7=0 cur_cpu0=3 cur_cpu1=4 cur_cpu2=5 cur_cpu3=6 cur_cpu4=13 cur_cpu5=8 cur_cpu6=9 cur_cpu7=10 total_threads=16 blocked_threads=6 sched_lock=ok procmgr_lock=ok gpu_pci_lock=ok
[bwm-fps] frames_since_last=137 elapsed_ms=1004 instantaneous_fps=136
[heartbeat] tid=12 uptime_ms=11272
[bwm-fps] frames_since_last=143 elapsed_ms=1001 instantaneous_fps=142
[virgl-composite] Frame #1500: 1280x960 → 1280x960 display (first1k: 1000 nonzero, first=0x0014161e)
[heartbeat] tid=12 uptime_ms=12272
[bwm-fps] frames_since_last=168 elapsed_ms=1003 instantaneous_fps=167
[heartbeat] tid=12 uptime_ms=13273
[bwm-fps] frames_since_last=161 elapsed_ms=1003 instantaneous_fps=160
[heartbeat] tid=12 uptime_ms=14273
[bwm-fps] frames_since_last=175 elapsed_ms=1001 instantaneous_fps=174
[virgl-composite] Frame #2000: 1280x960 → 1280x960 display (first1k: 1000 nonzero, first=0x0014161e)
[heartbeat] tid=12 uptime_ms=15273
[freeze-watch] uptime_ms=15306 submits=6311 completes=6314 fails=0 last_completion_ms=15300 fps_last_5s=160 cpu=7 tid=3 ctx_switches=29343 timer_ticks_cpu0=8609 timer_ticks_cpu1=10907 timer_ticks_cpu2=10664 timer_ticks_cpu3=10511 timer_ticks_cpu4=10422 timer_ticks_cpu5=10460 timer_ticks_cpu6=10583 timer_ticks_cpu7=10596 rq_total=0 rq_cpu0=0 rq_cpu1=0 rq_cpu2=0 rq_cpu3=0 rq_cpu4=0 rq_cpu5=0 rq_cpu6=0 rq_cpu7=0 cur_cpu0=0 cur_cpu1=13 cur_cpu2=5 cur_cpu3=6 cur_cpu4=7 cur_cpu5=8 cur_cpu6=9 cur_cpu7=3 total_threads=16 blocked_threads=6 sched_lock=ok procmgr_lock=ok gpu_pci_lock=ok
[bwm-fps] frames_since_last=163 elapsed_ms=1000 instantaneous_fps=163
[heartbeat] tid=12 uptime_ms=16274
[bwm-fps] frames_since_last=154 elapsed_ms=1002 instantaneous_fps=153
[heartbeat] tid=12 uptime_ms=17274
[bwm-fps] frames_since_last=138 elapsed_ms=1001 instantaneous_fps=137
[timer] cpu0 ticks=10000
[virgl-composite] Frame #2500: 1280x960 → 1280x960 display (first1k: 1000 nonzero, first=0x0014161e)
[heartbeat] tid=12 uptime_ms=18275
[bwm-fps] frames_since_last=143 elapsed_ms=1002 instantaneous_fps=142
[heartbeat] tid=12 uptime_ms=19275
[bwm-fps] frames_since_last=159 elapsed_ms=1001 instantaneous_fps=158
[heartbeat] tid=12 uptime_ms=20275
[freeze-watch] uptime_ms=20308 submits=8612 completes=8615 fails=0 last_completion_ms=20306 fps_last_5s=153 cpu=5 tid=3 ctx_switches=39527 timer_ticks_cpu0=11699 timer_ticks_cpu1=14800 timer_ticks_cpu2=14481 timer_ticks_cpu3=14271 timer_ticks_cpu4=14141 timer_ticks_cpu5=14193 timer_ticks_cpu6=14341 timer_ticks_cpu7=14375 rq_total=0 rq_cpu0=0 rq_cpu1=0 rq_cpu2=0 rq_cpu3=0 rq_cpu4=0 rq_cpu5=0 rq_cpu6=0 rq_cpu7=0 cur_cpu0=0 cur_cpu1=13 cur_cpu2=5 cur_cpu3=6 cur_cpu4=7 cur_cpu5=3 cur_cpu6=9 cur_cpu7=10 total_threads=16 blocked_threads=6 sched_lock=ok procmgr_lock=ok gpu_pci_lock=ok
[bwm-fps] frames_since_last=173 elapsed_ms=1002 instantaneous_fps=172
[virgl-composite] Frame #3000: 1280x960 → 1280x960 display (first1k: 1000 nonzero, first=0x0014161e)
[heartbeat] tid=12 uptime_ms=21276
[bwm-fps] frames_since_last=167 elapsed_ms=1000 instantaneous_fps=167
[heartbeat] tid=12 uptime_ms=22276
[bwm-fps] frames_since_last=162 elapsed_ms=1004 instantaneous_fps=161
[heartbeat] tid=12 uptime_ms=23277
[bwm-fps] frames_since_last=181 elapsed_ms=1002 instantaneous_fps=180
[virgl-composite] Frame #3500: 1280x960 → 1280x960 display (first1k: 1000 nonzero, first=0x0014161e)
[heartbeat] tid=12 uptime_ms=24278
[bwm-fps] frames_since_last=154 elapsed_ms=1007 instantaneous_fps=152
[heartbeat] tid=12 uptime_ms=25279
[freeze-watch] uptime_ms=25311 submits=11096 completes=11099 fails=0 last_completion_ms=25308 fps_last_5s=165 cpu=6 tid=3 ctx_switches=50178 timer_ticks_cpu0=14755 timer_ticks_cpu1=18700 timer_ticks_cpu2=18329 timer_ticks_cpu3=18060 timer_ticks_cpu4=17861 timer_ticks_cpu5=17971 timer_ticks_cpu6=18148 timer_ticks_cpu7=18176 rq_total=0 rq_cpu0=0 rq_cpu1=0 rq_cpu2=0 rq_cpu3=0 rq_cpu4=0 rq_cpu5=0 rq_cpu6=0 rq_cpu7=0 cur_cpu0=0 cur_cpu1=4 cur_cpu2=5 cur_cpu3=6 cur_cpu4=7 cur_cpu5=8 cur_cpu6=3 cur_cpu7=10 total_threads=16 blocked_threads=6 sched_lock=ok procmgr_lock=ok gpu_pci_lock=ok
[bwm-fps] frames_since_last=163 elapsed_ms=1002 instantaneous_fps=162
[timer] cpu0 ticks=15000
[heartbeat] tid=12 uptime_ms=26280
[bwm-fps] frames_since_last=137 elapsed_ms=1007 instantaneous_fps=136
[heartbeat] tid=12 uptime_ms=27283
[bwm-fps] frames_since_last=157 elapsed_ms=1001 instantaneous_fps=156
[virgl-composite] Frame #4000: 1280x960 → 1280x960 display (first1k: 1000 nonzero, first=0x0014161e)
[heartbeat] tid=12 uptime_ms=28283
[bwm-fps] frames_since_last=142 elapsed_ms=1001 instantaneous_fps=141
[heartbeat] tid=12 uptime_ms=29284
[bwm-fps] frames_since_last=143 elapsed_ms=1013 instantaneous_fps=141
[heartbeat] tid=12 uptime_ms=30284
[freeze-watch] uptime_ms=30313 submits=13233 completes=13235 fails=0 last_completion_ms=30306 fps_last_5s=142 cpu=7 tid=0 ctx_switches=59852 timer_ticks_cpu0=17882 timer_ticks_cpu1=22566 timer_ticks_cpu2=22135 timer_ticks_cpu3=21778 timer_ticks_cpu4=21546 timer_ticks_cpu5=21675 timer_ticks_cpu6=21891 timer_ticks_cpu7=21934 rq_total=0 rq_cpu0=0 rq_cpu1=0 rq_cpu2=0 rq_cpu3=0 rq_cpu4=0 rq_cpu5=0 rq_cpu6=0 rq_cpu7=0 cur_cpu0=0 cur_cpu1=0 cur_cpu2=0 cur_cpu3=0 cur_cpu4=0 cur_cpu5=0 cur_cpu6=0 cur_cpu7=0 total_threads=0 blocked_threads=0 sched_lock=busy procmgr_lock=ok gpu_pci_lock=busy
[bwm-fps] frames_since_last=139 elapsed_ms=1005 instantaneous_fps=138
[virgl-composite] Frame #4500: 1280x960 → 1280x960 display (first1k: 1000 nonzero, first=0x0014161e)
[heartbeat] tid=12 uptime_ms=31285
[bwm-fps] frames_since_last=152 elapsed_ms=1001 instantaneous_fps=151
[heartbeat] tid=12 uptime_ms=32285
[bwm-fps] frames_since_last=149 elapsed_ms=1001 instantaneous_fps=148
[heartbeat] tid=12 uptime_ms=33285
[bwm-fps] frames_since_last=162 elapsed_ms=1004 instantaneous_fps=161
[timer] cpu0 ticks=20000
[virgl-composite] Frame #5000: 1280x960 → 1280x960 display (first1k: 1000 nonzero, first=0x0014161e)
[heartbeat] tid=12 uptime_ms=34286
[bwm-fps] frames_since_last=146 elapsed_ms=1005 instantaneous_fps=145
[heartbeat] tid=12 uptime_ms=35286
[freeze-watch] uptime_ms=35317 submits=15515 completes=15518 fails=0 last_completion_ms=35315 fps_last_5s=152 cpu=7 tid=3 ctx_switches=69983 timer_ticks_cpu0=21020 timer_ticks_cpu1=26428 timer_ticks_cpu2=25955 timer_ticks_cpu3=25533 timer_ticks_cpu4=25253 timer_ticks_cpu5=25408 timer_ticks_cpu6=25669 timer_ticks_cpu7=25711 rq_total=0 rq_cpu0=0 rq_cpu1=0 rq_cpu2=0 rq_cpu3=0 rq_cpu4=0 rq_cpu5=0 rq_cpu6=0 rq_cpu7=0 cur_cpu0=0 cur_cpu1=4 cur_cpu2=5 cur_cpu3=6 cur_cpu4=7 cur_cpu5=8 cur_cpu6=9 cur_cpu7=3 total_threads=16 blocked_threads=6 sched_lock=ok procmgr_lock=ok gpu_pci_lock=ok
[gpu-pci-lock-attrib] max_hold_ms=15 max_hold_holder_tid=13
[wake-attrib] schedule=13332 unblock=0 isr_unblock=16426 wake_io=22813 signal=0 child=0 timer=1846
[enqueue-attrib] same_lock=8237 deferred=14805 isr_buf=16426 deferred_drained=13857 isr_buf_drained=14949 already_queued=1764 isr_buf_full=0
[bwm-fps] frames_since_last=156 elapsed_ms=1001 instantaneous_fps=155
