[ram] 6 regions:
[ram]   0x40000000 - 0xffff0000 (3071 MB)
[ram]   0x100000000 - 0x140000000 (1024 MB)
[ram]   0x140025000 - 0x23be0f000 (4029 MB)
[ram]   0x23c000000 - 0x23c020000 (0 MB)
[ram]   0x23c080000 - 0x23f550000 (52 MB)
[ram]   0x23f930000 - 0x240000000 (6 MB)
[kern] entry_phys=0x400998c4 load=0x40080000-0x50104000
[gop-serial] UART: base=0x2110000 type=0 (PL011)
[gop-serial] Enumerating GOP display modes:
[gop-serial]   Mode 0: 1024x768 format=BGR
[gop-serial] 1 modes total, best=786432 pixels
[gop-serial] Already at best mode: 1024x768
[gop-serial] Selected: 1024x768 stride=1024 base=0x10000000 size=0x300000
ZZ00000000400998c4BDMTIVL!J>12KPHEOS
========================================
  Breenix ARM64 Kernel Starting
  BUILD_ID: 006a0d3b543558
========================================

[boot] DIAG_MARKER_XHCI_A
[boot] DIAG_MARKER_XHCI_B
[boot] DIAG_MARKER_XHCI_C
[boot] loader xhci_hcrst_raw=0x0 ecam=0x2300000
[boot] Current exception level: EL1
[boot] MMU already enabled (high-half kernel)
[boot] Initializing memory management (0x44000000-0x50000000)...
[boot] Memory management ready
[boot] Initializing Generic Timer...
[boot] Timer frequency: 24000000 Hz (24 MHz)
[boot] Initializing PL031 RTC...
[boot] Current timestamp: 24399061
[boot] Initializing GIC...
[gic] GICR probe 0x02500000: WAKER=0x00000000 <<< VALID
[gic] GICD_CTLR wrote 0x53, readback=0x53
[gic] GICR_IGROUPR0: wrote 0xFFFFFFFF, readback=0xffffffff
[gic] ICC_CTLR_EL1: 0x40400 -> 0x40402 (EOImode=1)
[boot] GIC initialized (version 3)
[boot] Enabling UART interrupts...
[boot] Enabling GIC IRQ 33 (UART0)...
[uart] IMSC: 0x0 -> 0x50 (verify: 0x50)
[uart] FR=0x90 (RXFE=1), RIS=0x20
[gic] IRQ 33 state (GICv3):
  enabled=true, group1=true, pending=false
  priority=0xa0, GICD_CTLR=0x53
  ICC_PMR=0xf0
[boot] UART interrupts enabled
[boot] Enabling interrupts...
[boot] Interrupts enabled: true
[boot] Initializing device drivers...
[drivers] Initializing driver subsystem...
[drivers] PCI ECAM at 0x2300000, enumerating PCI bus...
[drivers] Found 7 PCI devices
[pci] 00:01.0 [8086:293e] class=04/03
[pci]   BAR0: 0x18008000 (16384)
[pci] 00:02.0 [8086:265c] class=0c/03
[pci]   BAR0: 0x18012000 (4096)
[pci]   BAR1: 0x0 (4096)
[pci]   BAR2: 0x0 (4096)
[pci]   BAR3: 0x0 (4096)
[pci]   BAR4: 0x0 (4096)
[pci]   BAR5: 0x0 (4096)
[pci] 00:03.0 [1033:0194] class=0c/03
[pci]   BAR0: 0x18011000 (4096)
[pci]   BAR1: 0x0 (4096)
[pci]   BAR2: 0x0 (4096)
[pci]   BAR3: 0x0 (4096)
[pci]   BAR4: 0x0 (4096)
[pci]   BAR5: 0x0 (4096)
[pci] 00:05.0 [1af4:1000] class=02/00
[pci]   BAR0: 0x18010000 (4096)
[pci]   BAR1: 0x1800f000 (4096)
[pci] 00:09.0 [1ab8:4000] class=ff/00
[pci]   BAR0: 0x1800e000 (4096)
[pci] 00:0a.0 [1af4:1050] class=03/00
[pci]   BAR0: 0x10000000 (134217728)
[pci]   BAR1: 0x1800d000 (4096)
[pci]   BAR4: 0x18004000 (16384)
[pci] 00:0e.0 [1af4:1053] class=07/80
[pci]   BAR1: 0x1800c000 (4096)
[pci]   BAR4: 0x18000000 (16384)
[drivers] Found 2 VirtIO PCI devices
[virtio-gpu-pci] Device features: 0x0000000100000001
[virtio-gpu-pci] VIRGL offered: true
[virtio-gpu-pci] Negotiated: 0x0000000100000001 (VIRGL=true)
[virtio-gpu-pci] VIRGL_ENABLED stored=true, readback=true, addr=0xffff000041285cc0
[pci] 00:0a.0: capabilities:
  cap 0x11 (MSI-X) @ 0xb0: dw0=0x0001bc11 dw1=0x00000001
  cap 0x09 (?) @ 0xbc: dw0=0x0410cc09 dw1=0x00000004
  cap 0x09 (?) @ 0xcc: dw0=0x0310dc09 dw1=0x00000004
  cap 0x09 (?) @ 0xdc: dw0=0x0214f009 dw1=0x00000004
  cap 0x09 (?) @ 0xf0: dw0=0x01100009 dw1=0x00000004
[gicv2m] MSI_TYPER raw=0x80350040 -> base_spi=53, num_spi=64
[virtio-gpu-pci] MSI-X cap at 0xb0: 2 vectors
[virtio-gpu-pci] MSI-X enabled: config_spi=53 queue_spi=54 doorbell=0x2250040 vectors=2
[virtio-gpu-pci] config_msix_vector: wrote=0x0 readback=0x0
[virtio-gpu-pci] Device has 2 queues
[virtio-gpu-pci] Queue 0 msix_vector: wrote=0x1 readback=0x1
[virtio-gpu-pci] Queue 1 msix_vector: wrote=0x1 readback=0x1
[virtio-gpu-pci] Cursor queue (q1) set up: size=16
[virtio-gpu-pci] Config: num_scanouts=16, num_capsets=1
[virtio-gpu-pci] MSI-X active: config_spi=53 queue_spi=54 queue_vector=1
[virtio-gpu-pci] Capset 0: id=2, max_ver=2, max_size=768
[virtio-gpu-pci] GET_CAPSET(id=2, ver=2): resp=0x1103
[virtio-gpu-pci] Display reports: 1024x768
[virtio-gpu-pci] Resolution: 1280x960 (display=1024x768, GOP=1024x768, min=1280x960)
[virtio-gpu-pci] 2D resource created and scanout set
[virtio-gpu-pci] Initialized: 1280x960
[drivers] VirtIO GPU (PCI) initialized
[virgl] Initializing VirGL 3D pipeline...
[virgl] 3D framebuffer backing: heap ptr=0xffff0000502e2000, phys=0x502e2000, size=4915200
[virgl] Step 1: context created
[virgl] Step 2: 3D resource created (1280x960, bind=0x0014000a)
[virgl] attach_backing: phys=0x502e2000, len=4915200, nr_pages=1200
[virgl] attach_backing: sending 3-desc chain: hdr=0x41285dc0(32B), entries=0x50792000(19200B)
[virgl] attach_backing: OK (1200 pages attached)
[virgl] Step 3: backing attached
[virgl] Step 4: resource attached to context
[virgl] Step 5: resource primed
[virgl] SUBMIT_3D OK: id=1 used_len=0 resp_flags=0x1 resp_fence=1
[virgl] Step 6: VirGL CLEAR (cornflower blue)
[virgl] Step 7: SET_SCANOUT + RESOURCE_FLUSH done
[virgl] Step 7: VB resource created (no backing, INLINE_WRITE only)
[virgl-composite] Texture backing: heap ptr=0xffff000050792000, phys=0x50792000, 1280x960 (4915200B, 1200 pages)
[virgl] attach_backing: phys=0x50792000, len=4915200, nr_pages=1200
[virgl] attach_backing: sending 3-desc chain: hdr=0x41285dc0(32B), entries=0x50c42000(19200B)
[virgl] attach_backing: OK (1200 pages attached)
[virgl-composite] Texture resource initialized (id=5)
[virgl] attach_backing: phys=0x50c42000, len=4915200, nr_pages=1200
[virgl] attach_backing: sending 3-desc chain: hdr=0x41285dc0(32B), entries=0x510f2000(19200B)
[virgl] attach_backing: OK (1200 pages attached)
[virgl-pool] Pre-allocated slot=0 res_id=10 1280x960
[virgl] attach_backing: phys=0x510f2000, len=4915200, nr_pages=1200
[virgl] attach_backing: sending 3-desc chain: hdr=0x41285dc0(32B), entries=0x515a2000(19200B)
[virgl] attach_backing: OK (1200 pages attached)
[virgl-pool] Pre-allocated slot=1 res_id=11 1280x960
[virgl] attach_backing: phys=0x515a2000, len=4915200, nr_pages=1200
[virgl] attach_backing: sending 3-desc chain: hdr=0x41285dc0(32B), entries=0x51a52000(19200B)
[virgl] attach_backing: OK (1200 pages attached)
[virgl-pool] Pre-allocated slot=2 res_id=12 1280x960
[virgl] attach_backing: phys=0x51a52000, len=4915200, nr_pages=1200
[virgl] attach_backing: sending 3-desc chain: hdr=0x41285dc0(32B), entries=0x51f02000(19200B)
[virgl] attach_backing: OK (1200 pages attached)
[virgl-pool] Pre-allocated slot=3 res_id=13 1280x960
[virgl] attach_backing: phys=0x51f02000, len=4915200, nr_pages=1200
[virgl] attach_backing: sending 3-desc chain: hdr=0x41285dc0(32B), entries=0x523b2000(19200B)
[virgl] attach_backing: OK (1200 pages attached)
[virgl-pool] Pre-allocated slot=4 res_id=14 1280x960
[virgl] attach_backing: phys=0x523b2000, len=4915200, nr_pages=1200
[virgl] attach_backing: sending 3-desc chain: hdr=0x41285dc0(32B), entries=0x52862000(19200B)
[virgl] attach_backing: OK (1200 pages attached)
[virgl-pool] Pre-allocated slot=5 res_id=15 1280x960
[virgl] attach_backing: phys=0x52862000, len=4915200, nr_pages=1200
[virgl] attach_backing: sending 3-desc chain: hdr=0x41285dc0(32B), entries=0x52d12000(19200B)
[virgl] attach_backing: OK (1200 pages attached)
[virgl-pool] Pre-allocated slot=6 res_id=16 1280x960
[virgl] attach_backing: phys=0x52d12000, len=4915200, nr_pages=1200
[virgl] attach_backing: sending 3-desc chain: hdr=0x41285dc0(32B), entries=0x531c2000(19200B)
[virgl] attach_backing: OK (1200 pages attached)
[virgl-pool] Pre-allocated slot=7 res_id=17 1280x960
[virgl] attach_backing: phys=0x531c2000, len=8192, nr_pages=2
[virgl] attach_backing: sending 3-desc chain: hdr=0x41285dc0(32B), entries=0x502e0040(32B)
[virgl] attach_backing: OK (2 pages attached)
[virgl-cursor] Cursor texture initialized (id=6, 16x80, 5 shapes)
[virgl] attach_backing: phys=0x531c4000, len=4096, nr_pages=1
[virgl] attach_backing: sending 3-desc chain: hdr=0x41285dc0(32B), entries=0x502e0040(16B)
[virgl] attach_backing: OK (1 pages attached)
[virgl-dimmer] Dimmer texture initialized (id=7, 4x4)
[virgl] Step 8: Compositor texture initialized
[virgl] Step 9: full pipeline+draw batch (191 DWORDs)
[virgl] SUBMIT_3D OK: id=2 used_len=0 resp_flags=0x1 resp_fence=2
[virgl] Step 10: SET_SCANOUT + RESOURCE_FLUSH
[virgl] VirGL 3D pipeline initialized successfully
[drivers] VirGL 3D acceleration active
[drivers] Compositor backend: VirGL
[virtio-gpu-pci] GPU command waits use scheduler waitqueue
[virtio-net-pci] Searching for VirtIO network device on PCI bus...
[virtio-net-pci] Found at 00:05.0 [1af4:1000]
[virtio-net-pci] BAR0: phys=0x18010000 virt=0xffff000018010000 size=4096
[virtio-net-pci] Device features: 0x6187bfa3
[virtio-net-pci] MAC: 00:1c:42:c3:b3:7f
[virtio-net-pci] Queue 0 max size: 256
[virtio-net-pci] Queue 0 PFN=0x402c8 (phys=0x402c8000)
[virtio-net-pci] Queue 1 max size: 256
[virtio-net-pci] Queue 1 PFN=0x402cb (phys=0x402cb000)
[pci] 00:05.0: capabilities:
  cap 0x10 (PCIe) @ 0x48: dw0=0x00024010 dw1=0x00000fc0
  cap 0x01 (PM) @ 0x40: dw0=0x0022f401 dw1=0x00000000
  cap 0x11 (MSI-X) @ 0xf4: dw0=0x00020011 dw1=0x00000001
[virtio-net-pci] MSI-X cap at 0xf4: 3 vectors
[virtio-net-pci] MSI-X vector assignments: cfg=0xffff rx=0x0
[virtio-net-pci] MSI-X enabled: SPI 55 doorbell=0x2250040 vectors=3
[virtio-net-pci] Network device initialized successfully
[drivers] VirtIO network (PCI) initialized
[drivers] SVGA3 init skipped: SVGA3 device not found
[drivers] Found XHCI at 00:03.0 [1033:0194]
[xhci] DMA addrs: DCBAA=0x40251000 CMD_RING=0x40252000 EVT_RING=0x40262000 ERST=0x402ce740
[xhci] Regs: USBCMD=0x5 USBSTS=0x0 CRCR=0x0 DCBAAP=0x40251000
[xhci] IR0: IMAN=0x2 ERDP=0x40262000 ERSTBA=0x402ce740
[xhci] Port scan: 14 ports
[xhci]   port 1: PORTSC=0x00021203 CCS=1 PED=1 speed=4
[xhci]   port 2: PORTSC=0x00021203 CCS=1 PED=1 speed=4
[xhci]   port 3: PORTSC=0x00021203 CCS=1 PED=1 speed=4
[xhci]   port 4: PORTSC=0x000002a0 CCS=0 PED=0 speed=0
[xhci]   port 5: PORTSC=0x000002a0 CCS=0 PED=0 speed=0
[xhci]   port 6: PORTSC=0x000002a0 CCS=0 PED=0 speed=0
[xhci]   port 7: PORTSC=0x000002a0 CCS=0 PED=0 speed=0
[xhci]   port 8: PORTSC=0x000002a0 CCS=0 PED=0 speed=0
[xhci]   port 9: PORTSC=0x000002a0 CCS=0 PED=0 speed=0
[xhci]   port 10: PORTSC=0x000002a0 CCS=0 PED=0 speed=0
[xhci]   port 11: PORTSC=0x000002a0 CCS=0 PED=0 speed=0
[xhci]   port 12: PORTSC=0x000002a0 CCS=0 PED=0 speed=0
[xhci]   port 13: PORTSC=0x000002a0 CCS=0 PED=0 speed=0
[xhci]   port 14: PORTSC=0x000002a0 CCS=0 PED=0 speed=0
[xhci] port 1 connected: PORTSC=0x00001203 PED=1 speed=4
[xhci] port 1 EnableSlot -> slot 1
[xhci] port 1 AddressDevice OK (slot 1)
[xhci] slot1: vid=0x203a pid=0xfffc class=0x00/0x00/0x00
[xhci] slot1 iface0: class=0x03 sub=0x00 proto=0x02 numEP=1
[xhci] HID iface: proto=2 subclass=0 -> mouse (hid_idx=1)
[xhci] slot1 iface1: class=0x03 sub=0x00 proto=0x02 numEP=1
[xhci] HID iface: proto=2 subclass=0 -> mouse (hid_idx=3)
[xhci] port 2 connected: PORTSC=0x00001203 PED=1 speed=4
[xhci] port 2 EnableSlot -> slot 2
[xhci] port 2 AddressDevice OK (slot 2)
[xhci] slot2: vid=0x203a pid=0xfffb class=0x00/0x00/0x00
[xhci] slot2 iface0: class=0x03 sub=0x01 proto=0x01 numEP=1
[xhci] HID iface: proto=1 subclass=1 -> keyboard (hid_idx=0)
[xhci] slot2 iface1: class=0x03 sub=0x00 proto=0x00 numEP=1
[xhci] HID iface: proto=0 subclass=0 -> NKRO (hid_idx=2)
[xhci] port 3 connected: PORTSC=0x00001203 PED=1 speed=4
[xhci] port 3 EnableSlot -> slot 3
[xhci] port 3 AddressDevice OK (slot 3)
[xhci] slot3: vid=0x203a pid=0xfff9 class=0xef/0x02/0x01
[xhci] slot3 iface0: class=0x0e sub=0x01 proto=0x00 numEP=0
[xhci] slot3 iface1: class=0x0e sub=0x02 proto=0x00 numEP=1
[xhci] start_hid_polling: kbd=slot2/dci3 nkro=dci5 mouse=slot1/dci3 mouse2=dci5
[xhci] Initialized: 32 slots, MSI irq=56
[drivers] XHCI USB controller initialized
[ahci] Platform AHCI at phys 0x2140000, virt 0xffff000002140000
[ahci] HBA version 1.256, 6 ports, 32 cmd slots, PI=0x0000003f
[ahci] Port 0: Sata, 131072 sectors (64 MB)
[ahci] Port 1: Sata, 524288 sectors (256 MB)
[ahci] IRQ probe: using port 0 dma_index 0
[ahci] IRQ probe: ISPENDR before=[0x01000000, 0x00000000, 0x00000000] after=[0x01000004, 0x00000000, 0x00000000]
[ahci] IRQ probe: PORT_IS=0x00000001 (should have D2H bit set)
[ahci] Platform IRQ probe: discovered SPI 34
[ahci] Platform IRQ enabled: SPI 34 (wired, level-triggered, CPU0)
[drivers] AHCI initialized (platform MMIO): 2 SATA device(s)
[drivers] Driver subsystem initialized (PCI)
[boot] Found 7 devices
[boot] Initializing network stack...
[net] Initializing network stack...
[net] Using VirtIO net PCI driver (Parallels)
[net] MAC address: 00:1c:42:c3:b3:7f
NET: IP address: 10.211.55.100
NET: Gateway: 10.211.55.1
Network stack initialized
NET: Sending ARP request for gateway 10.211.55.1
ARP request sent successfully
[virtio-net-pci] RX diag: used_idx=1 last_used=0 avail_idx=4 isr=0x0 msi_count=0
[virtio-net-pci] RX diag: used_idx=1 last_used=1 avail_idx=8 isr=0x0 msi_count=0
NET: ARP resolved gateway MAC: 00:1c:42:00:00:18
NET: Sending ICMP echo request to gateway 10.211.55.1
[net] ICMP echo reply received from 10.211.55.1 seq=1
NET: Network initialization complete
[virtio-net-pci] MSI-X SPI 55 enabled (post-init)
[boot] Initializing filesystem...
[ext2] No VirtIO block device, trying AHCI...
[ext2] AHCI device 0: 131072 sectors (64 MB)
[ext2] AHCI device 0: not ext2 (magic=0x0064)
[ext2] AHCI device 1: 524288 sectors (256 MB)
[ext2] Found ext2 superblock on AHCI device 1
[boot] ext2 root filesystem mounted
[boot] No home filesystem: No home block device available (expected at device index 3 or 1) (continuing)
[boot] devfs initialized at /dev
[boot] devptsfs initialized at /dev/pts
[boot] CPU detected: ARM Unknown
[boot] procfs initialized at /proc
[boot] TTY subsystem initialized
[boot] Initializing graphics...
[boot] VirGL active — skipping GOP framebuffer init (2D resource already set up in gpu_pci::init)
[boot] FB_INFO_CACHE populated for VirGL display (1280x960)
[boot] USB HID input active via XHCI (polled from timer)
[boot] Initializing per-CPU data...
[boot] Per-CPU data initialized
[boot] Initializing process manager...
[boot] Process manager initialized
[boot] Initializing scheduler...
[boot] Scheduler initialized
[boot] Workqueue subsystem initialized
[boot] Softirq subsystem initialized
[boot] Render thread skipped — VirGL owns the display
[boot] Tracing subsystem initialized and enabled
[boot] Pre-loading /sbin/init from ext2 (before timer)...
[boot] Init binary pre-loaded: 296776 bytes
[xhci] activate_msi_if_ready: source=system-ready spi=56 DIAG_SPI_ENABLE_COUNT=1
[xhci] post-activation: MSI_EVENT_COUNT=0 EVENT_COUNT=0 POLL_COUNT=0 SPI_ACTIVATED=true
[boot] Initializing timer interrupt...
[timer] Timer configured for ~1000 Hz (24000 ticks per interrupt)
[timer] Using virtual timer (PPI 27)
[boot] Timer interrupt initialized
[smp] CPU 0 MPIDR=0x80000000, stack_base=0x43000000
[smp] GICR covers 8 redistributors, probing CPUs 1..8
[smp] Probing secondary CPUs via PSCI...
[sm1p@] 1ACBCPDEUe FG1: 1PSCI CPU_ON success
[gic2]@1 ABICDEeFCGC2_CTLR_EL1: 0x40400 -> 0x40402 (EOImode=1)
[smp] CPU 2: PSCI CPU_ON success
[T1gic]3@1ABCDEeFG3 ICC_CTLR_EL1: 0x40400 -> 0x40402 (EOImode=1)
[smp] CPU 3: PSCI CPU_ON success
[g4i@c1AB]CD EIeCFGC_4CTLR_EL1: 0x40400 -> 0x40402 (EOImode=1)
[gic] ICC_CTLR_EL1: 0x40400 -> 0x40402 (EOImode=1)
[smp] CPU 4: PSCI CPU_ON success
[5@s1mApBC]DE eCFGPU5 5: PSCI CPU_ON success
[g6@i1cA]BC DIECeFGC_6CTLR_EL1: 0x40400 -> 0x40402 (EOImode=1)
[smp] CPU 6: PSCI CPU_ON success
[T2gic]7 @1IACBCCDE_eFCGTL7R_EL1: 0x40400 -> 0x40402 (EOImode=1)
[gic] ICC_CTLR_EL1: 0x40400 -> 0x40402 (EOImode=1)
[smp] CPU 7: PSCI CPU_ON success
[smp] 8 CPUs online

========================================
  Breenix ARM64 Boot Complete!
========================================

Hello from ARM64!

[boot] Launching init from pre-loaded ELF...
T3manager.create_process_with_argv [ARM64]: ENTRY - name='init', elf_size=296776, argc=1
manager.create_process_with_argv [ARM64]: Generated PID 1
manager.create_process_with_argv [ARM64]: Creating ProcessPageTable
manager.create_process_with_argv [ARM64]: Loading ELF into page table
manager.create_process_with_argv [ARM64]: ELF loaded, entry=0x4000f1f0
manager.create_process_with_argv [ARM64]: Allocating user stack
manager.create_process_with_argv [ARM64]: User stack will be at 0xfffffeff0000-0xffffff000000
manager.create_process_with_argv [ARM64]: argc/argv set up on stack, SP=0xfffffefffed0
manager.create_process_with_argv [ARM64]: SUCCESS - returning PID 1
[ahci-poll-attrib] total=72 post_reg=70 pre_sched=70 post_sched=0
[boot] Reset 8 idle thread contexts (CPUs online: 8)
T4T5EL0_SYSCALL: First syscall from userspace (SPSR confirms EL0)
[ OK ] syscall path verified
[init] Breenix init starting (PID 1)
T6[spawn] path='/bin/heartbeat'
T7manager.create_process_with_argv [ARM64]: ENTRY - name='heartbeat', elf_size=290128, argc=1
manager.create_process_with_argv [ARM64]: Generated PID 2
manager.create_process_with_argv [ARM64]: Creating ProcessPageTable
manager.create_process_with_argv [ARM64]: Loading ELF into page table
manager.create_process_with_argv [ARM64]: ELF loaded, entry=0x4000edac
manager.create_process_with_argv [ARM64]: Allocating user stack
manager.create_process_with_argv [ARM64]: User stack will be at 0xfffffeff0000-0xffffff000000
manager.create_process_with_argv [ARM64]: argc/argv set up on stack, SP=0xfffffefffed0
manager.create_process_with_argv [ARM64]: SUCCESS - returning PID 2
[spawn] Created child PID 2 for parent PID 1
T8[spawn] Success: child PID 2 scheduled
[heartbeat] tid=12 uptime_ms=1263
T9T0[spawn] path='/bin/bwm'
manager.create_process_with_argv [ARM64]: ENTRY - name='bwm', elf_size=429208, argc=1
manager.create_process_with_argv [ARM64]: Generated PID 3
manager.create_process_with_argv [ARM64]: Creating ProcessPageTable
manager.create_process_with_argv [ARM64]: Loading ELF into page table
manager.create_process_with_argv [ARM64]: ELF loaded, entry=0x400190b8
manager.create_process_with_argv [ARM64]: Allocating user stack
manager.create_process_with_argv [ARM64]: User stack will be at 0xfffffeff0000-0xffffff000000
manager.create_process_with_argv [ARM64]: argc/argv set up on stack, SP=0xfffffefffee0
manager.create_process_with_argv [ARM64]: SUCCESS - returning PID 3
[spawn] Created child PID 3 for parent PID 1
[spawn] Success: child PID 3 scheduled
[bwm] Breenix Window Manager starting... (v2-chromeless-skip)
[virgl-composite] Frame #0: 1x1 → 1280x960 display (first1k: 1 nonzero, first=0xff000000)
[bwm] GPU compositing mode (VirGL), display: 1280x960
[compositor] Mapped compositor buffer into process: virt=0x7ffffdb4e000, 1280x960, 1200 pages (backend=VirGL)
[bwm] Direct compositor mapping: 1280x960 at 0x7ffffdb4e000
[bwm] using bitmap font fallback for early boot
[bwm] hotkeys: using built-in defaults for early boot
[virgl-composite] Frame #1: 1280x960 → 1280x960 display (first1k: 1000 nonzero, first=0x00121832)
[virgl-composite] Frame #2: 1280x960 → 1280x960 display (first1k: 1000 nonzero, first=0x00121832)
[spawn] path='/sbin/telnetd'
manager.create_process_with_argv [ARM64]: ENTRY - name='telnetd', elf_size=298632, argc=1
manager.create_process_with_argv [ARM64]: Generated PID 4
manager.create_process_with_argv [ARM64]: Creating ProcessPageTable
manager.create_process_with_argv [ARM64]: Loading ELF into page table
manager.create_process_with_argv [ARM64]: ELF loaded, entry=0x4000fdd0
manager.create_process_with_argv [ARM64]: Allocating user stack
manager.create_process_with_argv [ARM64]: User stack will be at 0xfffffeff0000-0xffffff000000
manager.create_process_with_argv [ARM64]: argc/argv set up on stack, SP=0xfffffefffed0
manager.create_process_with_argv [ARM64]: SUCCESS - returning PID 4
[spawn] Created child PID 4 for parent PID 1
[spawn] Success: child PID 4 scheduled
TELNETD_STARTING
TELNETD_LISTENING
[init] Boot script completed
[spawn] path='/bin/bsshd'
manager.create_process_with_argv [ARM64]: ENTRY - name='bsshd', elf_size=441008, argc=1
manager.create_process_with_argv [ARM64]: Generated PID 5
manager.create_process_with_argv [ARM64]: Creating ProcessPageTable
manager.create_process_with_argv [ARM64]: Loading ELF into page table
manager.create_process_with_argv [ARM64]: ELF loaded, entry=0x4001c39c
manager.create_process_with_argv [ARM64]: Allocating user stack
manager.create_process_with_argv [ARM64]: User stack will be at 0xfffffeff0000-0xffffff000000
manager.create_process_with_argv [ARM64]: argc/argv set up on stack, SP=0xfffffefffed0
manager.create_process_with_argv [ARM64]: SUCCESS - returning PID 5
[spawn] Created child PID 5 for parent PID 1
[spawn] Success: child PID 5 scheduled
bsshd: starting on port 2222
bsshd: listening on 0.0.0.0:2222
[init] bsshd started (PID 5)
[spawn] path='/bin/bounce'
[freeze-watch] uptime_ms=1745 submits=71 completes=74 fails=0 last_completion_ms=1418 fps_last_5s=6 cpu=1 tid=3 ctx_switches=2159 timer_ticks_cpu0=267 timer_ticks_cpu1=360 timer_ticks_cpu2=368 timer_ticks_cpu3=364 timer_ticks_cpu4=368 timer_ticks_cpu5=368 timer_ticks_cpu6=362 timer_ticks_cpu7=367 rq_total=0 rq_cpu0=0 rq_cpu1=0 rq_cpu2=0 rq_cpu3=0 rq_cpu4=0 rq_cpu5=0 rq_cpu6=0 rq_cpu7=0 cur_cpu0=0 cur_cpu1=3 cur_cpu2=5 cur_cpu3=6 cur_cpu4=7 cur_cpu5=8 cur_cpu6=9 cur_cpu7=10 total_threads=15 blocked_threads=5 sched_lock=ok procmgr_lock=ok gpu_pci_lock=ok
[gpu-pci-lock-attrib] max_hold_ms=6 max_hold_holder_tid=-1
[wake-attrib] schedule=136 unblock=0 isr_unblock=996 wake_io=990 signal=0 child=0 timer=5
[enqueue-attrib] same_lock=5 deferred=178 isr_buf=996 deferred_drained=135 isr_buf_drained=948 already_queued=15 isr_buf_full=0
manager.create_process_with_argv [ARM64]: ENTRY - name='bounce', elf_size=388152, argc=1
manager.create_process_with_argv [ARM64]: Generated PID 6
manager.create_process_with_argv [ARM64]: Creating ProcessPageTable
manager.create_process_with_argv [ARM64]: Loading ELF into page table
manager.create_process_with_argv [ARM64]: ELF loaded, entry=0x400188f4
manager.create_process_with_argv [ARM64]: Allocating user stack
manager.create_process_with_argv [ARM64]: User stack will be at 0xfffffeff0000-0xffffff000000
manager.create_process_with_argv [ARM64]: argc/argv set up on stack, SP=0xfffffefffed0
manager.create_process_with_argv [ARM64]: SUCCESS - returning PID 6
[spawn] Created child PID 6 for parent PID 1
[spawn] Success: child PID 6 scheduled
Bounce spheres demo starting (for Gus!) [boot_id=00000000692f8d49]
[window] create_window_buffer: 400x300 (480000 bytes, 118 pages)
[window] Created buffer id=1 for pid=6: 400x300 at virt=0x7ffffdf86000 phys=0x44172000
[init] bounce started[bounce] Window mode: id=1 400x300 [boot_id=00000000692f8d49]
 (PID 6)
[bwm] Discovered window 'Bounce' (id=1, 400x300) at (30,38)
[compositor] Mapped window 1 into BWM: virt=0x7ffffdad4000, 400x300, 118 pages
[freeze-watch] uptime_ms=2251 submits=287 completes=290 fails=0 last_completion_ms=2251 fps_last_5s=142 cpu=1 tid=3 ctx_switches=3231 timer_ticks_cpu0=586 timer_ticks_cpu1=757 timer_ticks_cpu2=756 timer_ticks_cpu3=745 timer_ticks_cpu4=745 timer_ticks_cpu5=749 timer_ticks_cpu6=746 timer_ticks_cpu7=751 rq_total=0 rq_cpu0=0 rq_cpu1=0 rq_cpu2=0 rq_cpu3=0 rq_cpu4=0 rq_cpu5=0 rq_cpu6=0 rq_cpu7=0 cur_cpu0=13 cur_cpu1=3 cur_cpu2=5 cur_cpu3=6 cur_cpu4=7 cur_cpu5=8 cur_cpu6=9 cur_cpu7=10 total_threads=16 blocked_threads=6 sched_lock=ok procmgr_lock=ok gpu_pci_lock=ok
[heartbeat] tid=12 uptime_ms=2264
[bwm-fps] frames_since_last=98 elapsed_ms=1001 instantaneous_fps=97
[freeze-watch] uptime_ms=2753 submits=524 completes=527 fails=0 last_completion_ms=2753 fps_last_5s=157 cpu=2 tid=3 ctx_switches=4255 timer_ticks_cpu0=905 timer_ticks_cpu1=1146 timer_ticks_cpu2=1143 timer_ticks_cpu3=1124 timer_ticks_cpu4=1122 timer_ticks_cpu5=1124 timer_ticks_cpu6=1126 timer_ticks_cpu7=1132 rq_total=0 rq_cpu0=0 rq_cpu1=0 rq_cpu2=0 rq_cpu3=0 rq_cpu4=0 rq_cpu5=0 rq_cpu6=0 rq_cpu7=0 cur_cpu0=0 cur_cpu1=4 cur_cpu2=3 cur_cpu3=6 cur_cpu4=7 cur_cpu5=8 cur_cpu6=9 cur_cpu7=10 total_threads=16 blocked_threads=6 sched_lock=ok procmgr_lock=ok gpu_pci_lock=ok
[freeze-watch] uptime_ms=3255 submits=731 completes=734 fails=0 last_completion_ms=3254 fps_last_5s=137 cpu=6 tid=3 ctx_switches=5150 timer_ticks_cpu0=1223 timer_ticks_cpu1=1530 timer_ticks_cpu2=1520 timer_ticks_cpu3=1500 timer_ticks_cpu4=1485 timer_ticks_cpu5=1492 timer_ticks_cpu6=1505 timer_ticks_cpu7=1506 rq_total=0 rq_cpu0=0 rq_cpu1=0 rq_cpu2=0 rq_cpu3=0 rq_cpu4=0 rq_cpu5=0 rq_cpu6=0 rq_cpu7=0 cur_cpu0=0 cur_cpu1=4 cur_cpu2=5 cur_cpu3=6 cur_cpu4=7 cur_cpu5=8 cur_cpu6=3 cur_cpu7=10 total_threads=16 blocked_threads=6 sched_lock=ok procmgr_lock=ok gpu_pci_lock=ok
[heartbeat] tid=12 uptime_ms=3264
[bwm-fps] frames_since_last=145 elapsed_ms=1003 instantaneous_fps=144
[freeze-watch] uptime_ms=3759 submits=966 completes=968 fails=0 last_completion_ms=3755 fps_last_5s=154 cpu=4 tid=3 ctx_switches=6145 timer_ticks_cpu0=1531 timer_ticks_cpu1=1914 timer_ticks_cpu2=1907 timer_ticks_cpu3=1880 timer_ticks_cpu4=1863 timer_ticks_cpu5=1869 timer_ticks_cpu6=1884 timer_ticks_cpu7=1886 rq_total=0 rq_cpu0=0 rq_cpu1=0 rq_cpu2=0 rq_cpu3=0 rq_cpu4=0 rq_cpu5=0 rq_cpu6=0 rq_cpu7=0 cur_cpu0=0 cur_cpu1=4 cur_cpu2=5 cur_cpu3=6 cur_cpu4=3 cur_cpu5=8 cur_cpu6=9 cur_cpu7=10 total_threads=16 blocked_threads=7 sched_lock=ok procmgr_lock=ok gpu_pci_lock=busy
[freeze-watch] uptime_ms=4262 submits=1216 completes=1218 fails=0 last_completion_ms=4262 fps_last_5s=165 cpu=3 tid=0 ctx_switches=7166 timer_ticks_cpu0=1850 timer_ticks_cpu1=2308 timer_ticks_cpu2=2291 timer_ticks_cpu3=2254 timer_ticks_cpu4=2234 timer_ticks_cpu5=2238 timer_ticks_cpu6=2264 timer_ticks_cpu7=2264 rq_total=0 rq_cpu0=0 rq_cpu1=0 rq_cpu2=0 rq_cpu3=0 rq_cpu4=0 rq_cpu5=0 rq_cpu6=0 rq_cpu7=0 cur_cpu0=0 cur_cpu1=0 cur_cpu2=0 cur_cpu3=0 cur_cpu4=0 cur_cpu5=0 cur_cpu6=0 cur_cpu7=0 total_threads=0 blocked_threads=0 sched_lock=busy procmgr_lock=ok gpu_pci_lock=busy
[heartbeat] tid=12 uptime_ms=4264
[bwm-fps] frames_since_last=157 elapsed_ms=1000 instantaneous_fps=157
[freeze-watch] uptime_ms=4765 submits=1422 completes=1424 fails=0 last_completion_ms=4761 fps_last_5s=137 cpu=1 tid=3 ctx_switches=8072 timer_ticks_cpu0=2154 timer_ticks_cpu1=2701 timer_ticks_cpu2=2676 timer_ticks_cpu3=2629 timer_ticks_cpu4=2600 timer_ticks_cpu5=2614 timer_ticks_cpu6=2641 timer_ticks_cpu7=2643 rq_total=0 rq_cpu0=0 rq_cpu1=0 rq_cpu2=0 rq_cpu3=0 rq_cpu4=0 rq_cpu5=0 rq_cpu6=0 rq_cpu7=0 cur_cpu0=0 cur_cpu1=3 cur_cpu2=5 cur_cpu3=6 cur_cpu4=7 cur_cpu5=8 cur_cpu6=9 cur_cpu7=10 total_threads=16 blocked_threads=7 sched_lock=ok procmgr_lock=ok gpu_pci_lock=busy
[virgl-composite] Frame #500: 1280x960 → 1280x960 display (first1k: 1000 nonzero, first=0x0014161e)
[heartbeat] tid=12 uptime_ms=5266
[freeze-watch] uptime_ms=5269 submits=1640 completes=1643 fails=0 last_completion_ms=5265 fps_last_5s=144 cpu=7 tid=3 ctx_switches=9050 timer_ticks_cpu0=2471 timer_ticks_cpu1=3087 timer_ticks_cpu2=3056 timer_ticks_cpu3=3004 timer_ticks_cpu4=2969 timer_ticks_cpu5=2993 timer_ticks_cpu6=3018 timer_ticks_cpu7=3018 rq_total=0 rq_cpu0=0 rq_cpu1=0 rq_cpu2=0 rq_cpu3=0 rq_cpu4=0 rq_cpu5=0 rq_cpu6=0 rq_cpu7=0 cur_cpu0=13 cur_cpu1=4 cur_cpu2=5 cur_cpu3=6 cur_cpu4=7 cur_cpu5=8 cur_cpu6=9 cur_cpu7=3 total_threads=16 blocked_threads=6 sched_lock=ok procmgr_lock=ok gpu_pci_lock=ok
[bwm-fps] frames_since_last=147 elapsed_ms=1000 instantaneous_fps=147
[freeze-watch] uptime_ms=5771 submits=1904 completes=1907 fails=0 last_completion_ms=5766 fps_last_5s=175 cpu=2 tid=3 ctx_switches=10087 timer_ticks_cpu0=2775 timer_ticks_cpu1=3477 timer_ticks_cpu2=3449 timer_ticks_cpu3=3384 timer_ticks_cpu4=3345 timer_ticks_cpu5=3371 timer_ticks_cpu6=3401 timer_ticks_cpu7=3403 rq_total=0 rq_cpu0=0 rq_cpu1=0 rq_cpu2=0 rq_cpu3=0 rq_cpu4=0 rq_cpu5=0 rq_cpu6=0 rq_cpu7=0 cur_cpu0=0 cur_cpu1=13 cur_cpu2=3 cur_cpu3=6 cur_cpu4=7 cur_cpu5=8 cur_cpu6=9 cur_cpu7=10 total_threads=16 blocked_threads=6 sched_lock=ok procmgr_lock=ok gpu_pci_lock=ok
[heartbeat] tid=12 uptime_ms=6266
[freeze-watch] uptime_ms=6277 submits=2133 completes=2135 fails=0 last_completion_ms=6273 fps_last_5s=150 cpu=4 tid=3 ctx_switches=11021 timer_ticks_cpu0=3093 timer_ticks_cpu1=3859 timer_ticks_cpu2=3827 timer_ticks_cpu3=3757 timer_ticks_cpu4=3716 timer_ticks_cpu5=3741 timer_ticks_cpu6=3780 timer_ticks_cpu7=3781 rq_total=0 rq_cpu0=0 rq_cpu1=0 rq_cpu2=0 rq_cpu3=0 rq_cpu4=0 rq_cpu5=0 rq_cpu6=0 rq_cpu7=0 cur_cpu0=0 cur_cpu1=4 cur_cpu2=5 cur_cpu3=6 cur_cpu4=3 cur_cpu5=8 cur_cpu6=9 cur_cpu7=10 total_threads=16 blocked_threads=7 sched_lock=ok procmgr_lock=ok gpu_pci_lock=busy
[bwm-fps] frames_since_last=161 elapsed_ms=1000 instantaneous_fps=161
[freeze-watch] uptime_ms=6780 submits=2333 completes=2336 fails=0 last_completion_ms=6778 fps_last_5s=133 cpu=3 tid=3 ctx_switches=11877 timer_ticks_cpu0=3411 timer_ticks_cpu1=4254 timer_ticks_cpu2=4205 timer_ticks_cpu3=4129 timer_ticks_cpu4=4077 timer_ticks_cpu5=4111 timer_ticks_cpu6=4157 timer_ticks_cpu7=4157 rq_total=0 rq_cpu0=0 rq_cpu1=0 rq_cpu2=0 rq_cpu3=0 rq_cpu4=0 rq_cpu5=0 rq_cpu6=0 rq_cpu7=0 cur_cpu0=0 cur_cpu1=13 cur_cpu2=5 cur_cpu3=3 cur_cpu4=7 cur_cpu5=8 cur_cpu6=9 cur_cpu7=10 total_threads=16 blocked_threads=6 sched_lock=ok procmgr_lock=ok gpu_pci_lock=ok
[heartbeat] tid=12 uptime_ms=7267
[freeze-watch] uptime_ms=7283 submits=2523 completes=2525 fails=0 last_completion_ms=7275 fps_last_5s=125 cpu=0 tid=3 ctx_switches=12786 timer_ticks_cpu0=3742 timer_ticks_cpu1=4644 timer_ticks_cpu2=4577 timer_ticks_cpu3=4495 timer_ticks_cpu4=4444 timer_ticks_cpu5=4483 timer_ticks_cpu6=4531 timer_ticks_cpu7=4534 rq_total=0 rq_cpu0=0 rq_cpu1=0 rq_cpu2=0 rq_cpu3=0 rq_cpu4=0 rq_cpu5=0 rq_cpu6=0 rq_cpu7=0 cur_cpu0=3 cur_cpu1=4 cur_cpu2=5 cur_cpu3=6 cur_cpu4=7 cur_cpu5=8 cur_cpu6=9 cur_cpu7=10 total_threads=16 blocked_threads=7 sched_lock=ok procmgr_lock=ok gpu_pci_lock=busy
[bwm-fps] frames_since_last=129 elapsed_ms=1007 instantaneous_fps=128
[freeze-watch] uptime_ms=7789 submits=2735 completes=2738 fails=0 last_completion_ms=7788 fps_last_5s=140 cpu=6 tid=3 ctx_switches=13783 timer_ticks_cpu0=4058 timer_ticks_cpu1=5040 timer_ticks_cpu2=4955 timer_ticks_cpu3=4877 timer_ticks_cpu4=4823 timer_ticks_cpu5=4860 timer_ticks_cpu6=4911 timer_ticks_cpu7=4918 rq_total=0 rq_cpu0=0 rq_cpu1=0 rq_cpu2=0 rq_cpu3=0 rq_cpu4=0 rq_cpu5=0 rq_cpu6=0 rq_cpu7=0 cur_cpu0=16 cur_cpu1=4 cur_cpu2=5 cur_cpu3=6 cur_cpu4=7 cur_cpu5=8 cur_cpu6=3 cur_cpu7=10 total_threads=16 blocked_threads=6 sched_lock=ok procmgr_lock=ok gpu_pci_lock=ok
[heartbeat] tid=12 uptime_ms=8270
[freeze-watch] uptime_ms=8291 submits=3023 completes=3025 fails=0 last_completion_ms=8291 fps_last_5s=189 cpu=5 tid=3 ctx_switches=14962 timer_ticks_cpu0=4347 timer_ticks_cpu1=5436 timer_ticks_cpu2=5339 timer_ticks_cpu3=5260 timer_ticks_cpu4=5194 timer_ticks_cpu5=5245 timer_ticks_cpu6=5299 timer_ticks_cpu7=5303 rq_total=0 rq_cpu0=0 rq_cpu1=0 rq_cpu2=0 rq_cpu3=0 rq_cpu4=0 rq_cpu5=0 rq_cpu6=0 rq_cpu7=0 cur_cpu0=0 cur_cpu1=4 cur_cpu2=5 cur_cpu3=6 cur_cpu4=7 cur_cpu5=3 cur_cpu6=9 cur_cpu7=10 total_threads=16 blocked_threads=7 sched_lock=ok procmgr_lock=ok gpu_pci_lock=busy
[virgl-composite] Frame #1000: 1280x960 → 1280x960 display (first1k: 1000 nonzero, first=0x0014161e)
[bwm-fps] frames_since_last=165 elapsed_ms=1005 instantaneous_fps=164
[freeze-watch] uptime_ms=8793 submits=3236 completes=3239 fails=0 last_completion_ms=8792 fps_last_5s=143 cpu=6 tid=3 ctx_switches=15936 timer_ticks_cpu0=4669 timer_ticks_cpu1=5830 timer_ticks_cpu2=5722 timer_ticks_cpu3=5644 timer_ticks_cpu4=5565 timer_ticks_cpu5=5622 timer_ticks_cpu6=5677 timer_ticks_cpu7=5687 rq_total=0 rq_cpu0=0 rq_cpu1=0 rq_cpu2=0 rq_cpu3=0 rq_cpu4=0 rq_cpu5=0 rq_cpu6=0 rq_cpu7=0 cur_cpu0=0 cur_cpu1=4 cur_cpu2=5 cur_cpu3=6 cur_cpu4=7 cur_cpu5=8 cur_cpu6=3 cur_cpu7=10 total_threads=16 blocked_threads=6 sched_lock=ok procmgr_lock=ok gpu_pci_lock=ok
[heartbeat] tid=12 uptime_ms=9270
[freeze-watch] uptime_ms=9296 submits=3460 completes=3462 fails=0 last_completion_ms=9295 fps_last_5s=147 cpu=1 tid=3 ctx_switches=16942 timer_ticks_cpu0=4987 timer_ticks_cpu1=6218 timer_ticks_cpu2=6105 timer_ticks_cpu3=6016 timer_ticks_cpu4=5939 timer_ticks_cpu5=5998 timer_ticks_cpu6=6062 timer_ticks_cpu7=6068 rq_total=0 rq_cpu0=0 rq_cpu1=0 rq_cpu2=0 rq_cpu3=0 rq_cpu4=0 rq_cpu5=0 rq_cpu6=0 rq_cpu7=0 cur_cpu0=0 cur_cpu1=3 cur_cpu2=5 cur_cpu3=6 cur_cpu4=7 cur_cpu5=8 cur_cpu6=9 cur_cpu7=10 total_threads=16 blocked_threads=6 sched_lock=ok procmgr_lock=ok gpu_pci_lock=busy
[timer] cpu0 ticks=5000
[bwm-fps] frames_since_last=148 elapsed_ms=1011 instantaneous_fps=146
[freeze-watch] uptime_ms=9799 submits=3656 completes=3659 fails=0 last_completion_ms=9798 fps_last_5s=131 cpu=2 tid=0 ctx_switches=17880 timer_ticks_cpu0=5306 timer_ticks_cpu1=6606 timer_ticks_cpu2=6490 timer_ticks_cpu3=6385 timer_ticks_cpu4=6311 timer_ticks_cpu5=6369 timer_ticks_cpu6=6436 timer_ticks_cpu7=6443 rq_total=0 rq_cpu0=0 rq_cpu1=0 rq_cpu2=0 rq_cpu3=0 rq_cpu4=0 rq_cpu5=0 rq_cpu6=0 rq_cpu7=0 cur_cpu0=0 cur_cpu1=0 cur_cpu2=0 cur_cpu3=0 cur_cpu4=0 cur_cpu5=0 cur_cpu6=0 cur_cpu7=0 total_threads=0 blocked_threads=0 sched_lock=busy procmgr_lock=ok gpu_pci_lock=ok
[heartbeat] tid=12 uptime_ms=10271
[freeze-watch] uptime_ms=10303 submits=3887 completes=3890 fails=0 last_completion_ms=10300 fps_last_5s=152 cpu=7 tid=0 ctx_switches=18891 timer_ticks_cpu0=5625 timer_ticks_cpu1=6994 timer_ticks_cpu2=6875 timer_ticks_cpu3=6762 timer_ticks_cpu4=6681 timer_ticks_cpu5=6750 timer_ticks_cpu6=6822 timer_ticks_cpu7=6830 rq_total=0 rq_cpu0=0 rq_cpu1=0 rq_cpu2=0 rq_cpu3=0 rq_cpu4=0 rq_cpu5=0 rq_cpu6=0 rq_cpu7=0 cur_cpu0=0 cur_cpu1=0 cur_cpu2=0 cur_cpu3=0 cur_cpu4=0 cur_cpu5=0 cur_cpu6=0 cur_cpu7=0 total_threads=0 blocked_threads=0 sched_lock=busy procmgr_lock=ok gpu_pci_lock=ok
[bwm-fps] frames_since_last=143 elapsed_ms=1001 instantaneous_fps=142
[heartbeat] tid=12 uptime_ms=11271
[bwm-fps] frames_since_last=137 elapsed_ms=1005 instantaneous_fps=136
[virgl-composite] Frame #1500: 1280x960 → 1280x960 display (first1k: 1000 nonzero, first=0x0014161e)
[heartbeat] tid=12 uptime_ms=12273
[bwm-fps] frames_since_last=166 elapsed_ms=1008 instantaneous_fps=164
[heartbeat] tid=12 uptime_ms=13274
[bwm-fps] frames_since_last=146 elapsed_ms=1004 instantaneous_fps=145
[heartbeat] tid=12 uptime_ms=14275
[bwm-fps] frames_since_last=141 elapsed_ms=1003 instantaneous_fps=140
[virgl-composite] Frame #2000: 1280x960 → 1280x960 display (first1k: 1000 nonzero, first=0x0014161e)
[heartbeat] tid=12 uptime_ms=15276
[freeze-watch] uptime_ms=15306 submits=6128 completes=6131 fails=0 last_completion_ms=15303 fps_last_5s=149 cpu=0 tid=3 ctx_switches=28925 timer_ticks_cpu0=8753 timer_ticks_cpu1=10897 timer_ticks_cpu2=10699 timer_ticks_cpu3=10489 timer_ticks_cpu4=10408 timer_ticks_cpu5=10465 timer_ticks_cpu6=10601 timer_ticks_cpu7=10609 rq_total=0 rq_cpu0=0 rq_cpu1=0 rq_cpu2=0 rq_cpu3=0 rq_cpu4=0 rq_cpu5=0 rq_cpu6=0 rq_cpu7=0 cur_cpu0=3 cur_cpu1=13 cur_cpu2=5 cur_cpu3=6 cur_cpu4=7 cur_cpu5=8 cur_cpu6=9 cur_cpu7=10 total_threads=16 blocked_threads=6 sched_lock=ok procmgr_lock=ok gpu_pci_lock=ok
[bwm-fps] frames_since_last=162 elapsed_ms=1004 instantaneous_fps=161
[heartbeat] tid=12 uptime_ms=16277
[bwm-fps] frames_since_last=164 elapsed_ms=1000 instantaneous_fps=164
[heartbeat] tid=12 uptime_ms=17279
[timer] cpu0 ticks=10000
[bwm-fps] frames_since_last=170 elapsed_ms=1002 instantaneous_fps=169
[virgl-composite] Frame #2500: 1280x960 → 1280x960 display (first1k: 1000 nonzero, first=0x0014161e)
[heartbeat] tid=12 uptime_ms=18280
[bwm-fps] frames_since_last=146 elapsed_ms=1005 instantaneous_fps=145
[heartbeat] tid=12 uptime_ms=19281
[bwm-fps] frames_since_last=145 elapsed_ms=1005 instantaneous_fps=144
[heartbeat] tid=12 uptime_ms=20282
[freeze-watch] uptime_ms=20310 submits=8459 completes=8462 fails=0 last_completion_ms=20307 fps_last_5s=155 cpu=3 tid=3 ctx_switches=39216 timer_ticks_cpu0=11861 timer_ticks_cpu1=14783 timer_ticks_cpu2=14530 timer_ticks_cpu3=14216 timer_ticks_cpu4=14113 timer_ticks_cpu5=14174 timer_ticks_cpu6=14380 timer_ticks_cpu7=14412 rq_total=0 rq_cpu0=0 rq_cpu1=0 rq_cpu2=0 rq_cpu3=0 rq_cpu4=0 rq_cpu5=0 rq_cpu6=0 rq_cpu7=0 cur_cpu0=0 cur_cpu1=4 cur_cpu2=13 cur_cpu3=3 cur_cpu4=7 cur_cpu5=8 cur_cpu6=9 cur_cpu7=10 total_threads=16 blocked_threads=6 sched_lock=ok procmgr_lock=ok gpu_pci_lock=ok
[bwm-fps] frames_since_last=155 elapsed_ms=1001 instantaneous_fps=154
[heartbeat] tid=12 uptime_ms=21282
[bwm-fps] frames_since_last=164 elapsed_ms=1000 instantaneous_fps=164
[virgl-composite] Frame #3000: 1280x960 → 1280x960 display (first1k: 1000 nonzero, first=0x0014161e)
[heartbeat] tid=12 uptime_ms=22283
[bwm-fps] frames_since_last=146 elapsed_ms=1004 instantaneous_fps=145
[heartbeat] tid=12 uptime_ms=23283
[bwm-fps] frames_since_last=149 elapsed_ms=1002 instantaneous_fps=148
[heartbeat] tid=12 uptime_ms=24283
[bwm-fps] frames_since_last=138 elapsed_ms=1002 instantaneous_fps=137
[virgl-composite] Frame #3500: 1280x960 → 1280x960 display (first1k: 1000 nonzero, first=0x0014161e)
[heartbeat] tid=12 uptime_ms=25284
[freeze-watch] uptime_ms=25313 submits=10667 completes=10670 fails=0 last_completion_ms=25308 fps_last_5s=147 cpu=2 tid=0 ctx_switches=48937 timer_ticks_cpu0=14979 timer_ticks_cpu1=18649 timer_ticks_cpu2=18325 timer_ticks_cpu3=17933 timer_ticks_cpu4=17779 timer_ticks_cpu5=17868 timer_ticks_cpu6=18118 timer_ticks_cpu7=18183 rq_total=0 rq_cpu0=0 rq_cpu1=0 rq_cpu2=0 rq_cpu3=0 rq_cpu4=0 rq_cpu5=0 rq_cpu6=0 rq_cpu7=0 cur_cpu0=0 cur_cpu1=0 cur_cpu2=0 cur_cpu3=0 cur_cpu4=0 cur_cpu5=0 cur_cpu6=0 cur_cpu7=0 total_threads=0 blocked_threads=0 sched_lock=busy procmgr_lock=ok gpu_pci_lock=ok
[timer] cpu0 ticks=15000
[bwm-fps] frames_since_last=137 elapsed_ms=1001 instantaneous_fps=136
[heartbeat] tid=12 uptime_ms=26285
[bwm-fps] frames_since_last=147 elapsed_ms=1004 instantaneous_fps=146
[heartbeat] tid=12 uptime_ms=27285
[bwm-fps] frames_since_last=137 elapsed_ms=1003 instantaneous_fps=136
[heartbeat] tid=12 uptime_ms=28286
[virgl-composite] Frame #4000: 1280x960 → 1280x960 display (first1k: 1000 nonzero, first=0x0014161e)
[bwm-fps] frames_since_last=164 elapsed_ms=1000 instantaneous_fps=164
[heartbeat] tid=12 uptime_ms=29286
[bwm-fps] frames_since_last=147 elapsed_ms=1000 instantaneous_fps=147
[heartbeat] tid=12 uptime_ms=30286
[freeze-watch] uptime_ms=30317 submits=12911 completes=12914 fails=0 last_completion_ms=30313 fps_last_5s=149 cpu=7 tid=3 ctx_switches=58828 timer_ticks_cpu0=18123 timer_ticks_cpu1=22530 timer_ticks_cpu2=22158 timer_ticks_cpu3=21683 timer_ticks_cpu4=21489 timer_ticks_cpu5=21599 timer_ticks_cpu6=21885 timer_ticks_cpu7=21946 rq_total=0 rq_cpu0=0 rq_cpu1=0 rq_cpu2=0 rq_cpu3=0 rq_cpu4=0 rq_cpu5=0 rq_cpu6=0 rq_cpu7=0 cur_cpu0=13 cur_cpu1=4 cur_cpu2=5 cur_cpu3=6 cur_cpu4=7 cur_cpu5=8 cur_cpu6=9 cur_cpu7=3 total_threads=16 blocked_threads=6 sched_lock=ok procmgr_lock=ok gpu_pci_lock=ok
[bwm-fps] frames_since_last=159 elapsed_ms=1004 instantaneous_fps=158
[heartbeat] tid=12 uptime_ms=31287
[bwm-fps] frames_since_last=156 elapsed_ms=1003 instantaneous_fps=155
[virgl-composite] Frame #4500: 1280x960 → 1280x960 display (first1k: 1000 nonzero, first=0x0014161e)
[heartbeat] tid=12 uptime_ms=32288
[bwm-fps] frames_since_last=163 elapsed_ms=1001 instantaneous_fps=162
[heartbeat] tid=12 uptime_ms=33288
[timer] cpu0 ticks=20000
[bwm-fps] frames_since_last=157 elapsed_ms=1000 instantaneous_fps=157
[heartbeat] tid=12 uptime_ms=34289
[bwm-fps] frames_since_last=165 elapsed_ms=1001 instantaneous_fps=164
[virgl-composite] Frame #5000: 1280x960 → 1280x960 display (first1k: 1000 nonzero, first=0x0014161e)
[heartbeat] tid=12 uptime_ms=35289
[freeze-watch] uptime_ms=35319 submits=15326 completes=15329 fails=0 last_completion_ms=35317 fps_last_5s=160 cpu=5 tid=3 ctx_switches=69242 timer_ticks_cpu0=21201 timer_ticks_cpu1=26425 timer_ticks_cpu2=25987 timer_ticks_cpu3=25445 timer_ticks_cpu4=25213 timer_ticks_cpu5=25352 timer_ticks_cpu6=25670 timer_ticks_cpu7=25749 rq_total=0 rq_cpu0=0 rq_cpu1=0 rq_cpu2=0 rq_cpu3=0 rq_cpu4=0 rq_cpu5=0 rq_cpu6=0 rq_cpu7=0 cur_cpu0=0 cur_cpu1=13 cur_cpu2=5 cur_cpu3=6 cur_cpu4=7 cur_cpu5=3 cur_cpu6=9 cur_cpu7=10 total_threads=16 blocked_threads=6 sched_lock=ok procmgr_lock=ok gpu_pci_lock=ok
[gpu-pci-lock-attrib] max_hold_ms=35 max_hold_holder_tid=13
[wake-attrib] schedule=13295 unblock=0 isr_unblock=16233 wake_io=22529 signal=0 child=0 timer=1730
[enqueue-attrib] same_lock=8041 deferred=14756 isr_buf=16233 deferred_drained=13789 isr_buf_drained=14757 already_queued=1639 isr_buf_full=0
[bwm-fps] frames_since_last=160 elapsed_ms=1008 instantaneous_fps=158
[heartbeat] tid=12 uptime_ms=36289
[bwm-fps] frames_since_last=169 elapsed_ms=1006 instantaneous_fps=167
[heartbeat] tid=12 uptime_ms=37289
[bwm-fps] frames_since_last=154 elapsed_ms=1002 instantaneous_fps=153
[virgl-composite] Frame #5500: 1280x960 → 1280x960 display (first1k: 1000 nonzero, first=0x0014161e)
[heartbeat] tid=12 uptime_ms=38290
[bwm-fps] frames_since_last=153 elapsed_ms=1002 instantaneous_fps=152
[heartbeat] tid=12 uptime_ms=39292
[bwm-fps] frames_since_last=174 elapsed_ms=1002 instantaneous_fps=173
[heartbeat] tid=12 uptime_ms=40292
[freeze-watch] uptime_ms=40325 submits=17755 completes=17757 fails=0 last_completion_ms=40325 fps_last_5s=161 cpu=3 tid=3 ctx_switches=79876 timer_ticks_cpu0=24304 timer_ticks_cpu1=30339 timer_ticks_cpu2=29843 timer_ticks_cpu3=29217 timer_ticks_cpu4=28939 timer_ticks_cpu5=29123 timer_ticks_cpu6=29472 timer_ticks_cpu7=29557 rq_total=0 rq_cpu0=0 rq_cpu1=0 rq_cpu2=0 rq_cpu3=0 rq_cpu4=0 rq_cpu5=0 rq_cpu6=0 rq_cpu7=0 cur_cpu0=13 cur_cpu1=4 cur_cpu2=5 cur_cpu3=3 cur_cpu4=7 cur_cpu5=8 cur_cpu6=9 cur_cpu7=10 total_threads=16 blocked_threads=6 sched_lock=ok procmgr_lock=ok gpu_pci_lock=busy
[bwm-fps] frames_since_last=161 elapsed_ms=1000 instantaneous_fps=161
[virgl-composite] Frame #6000: 1280x960 → 1280x960 display (first1k: 1000 nonzero, first=0x0014161e)
[heartbeat] tid=12 uptime_ms=41294
[timer] cpu0 ticks=25000
[bwm-fps] frames_since_last=166 elapsed_ms=1002 instantaneous_fps=165
[heartbeat] tid=12 uptime_ms=42294
[bwm-fps] frames_since_last=147 elapsed_ms=1002 instantaneous_fps=146
[heartbeat] tid=12 uptime_ms=43295
[bwm-fps] frames_since_last=146 elapsed_ms=1007 instantaneous_fps=144
[heartbeat] tid=12 uptime_ms=44296
[virgl-composite] Frame #6500: 1280x960 → 1280x960 display (first1k: 1000 nonzero, first=0x0014161e)
[bwm-fps] frames_since_last=140 elapsed_ms=1001 instantaneous_fps=139
[heartbeat] tid=12 uptime_ms=45306
[freeze-watch] uptime_ms=45327 submits=19961 completes=19964 fails=0 last_completion_ms=45321 fps_last_5s=147 cpu=2 tid=3 ctx_switches=89829 timer_ticks_cpu0=27460 timer_ticks_cpu1=34220 timer_ticks_cpu2=33652 timer_ticks_cpu3=32970 timer_ticks_cpu4=32663 timer_ticks_cpu5=32869 timer_ticks_cpu6=33253 timer_ticks_cpu7=33354 rq_total=0 rq_cpu0=0 rq_cpu1=0 rq_cpu2=0 rq_cpu3=0 rq_cpu4=0 rq_cpu5=0 rq_cpu6=0 rq_cpu7=0 cur_cpu0=0 cur_cpu1=13 cur_cpu2=3 cur_cpu3=6 cur_cpu4=7 cur_cpu5=8 cur_cpu6=9 cur_cpu7=10 total_threads=16 blocked_threads=6 sched_lock=ok procmgr_lock=ok gpu_pci_lock=ok
[bwm-fps] frames_since_last=136 elapsed_ms=1007 instantaneous_fps=135
[heartbeat] tid=12 uptime_ms=46306
[bwm-fps] frames_since_last=153 elapsed_ms=1002 instantaneous_fps=152
[heartbeat] tid=12 uptime_ms=47307
[bwm-fps] frames_since_last=147 elapsed_ms=1010 instantaneous_fps=145
[virgl-composite] Frame #7000: 1280x960 → 1280x960 display (first1k: 1000 nonzero, first=0x0014161e)
[heartbeat] tid=12 uptime_ms=48308
[bwm-fps] frames_since_last=150 elapsed_ms=1005 instantaneous_fps=149
[heartbeat] tid=12 uptime_ms=49308
[timer] cpu0 ticks=30000
[bwm-fps] frames_since_last=152 elapsed_ms=1004 instantaneous_fps=151
[heartbeat] tid=12 uptime_ms=50308
[freeze-watch] uptime_ms=50330 submits=22219 completes=22221 fails=0 last_completion_ms=50329 fps_last_5s=150 cpu=4 tid=3 ctx_switches=99883 timer_ticks_cpu0=30607 timer_ticks_cpu1=38092 timer_ticks_cpu2=37445 timer_ticks_cpu3=36694 timer_ticks_cpu4=36377 timer_ticks_cpu5=36606 timer_ticks_cpu6=37037 timer_ticks_cpu7=37124 rq_total=0 rq_cpu0=0 rq_cpu1=0 rq_cpu2=0 rq_cpu3=0 rq_cpu4=0 rq_cpu5=0 rq_cpu6=0 rq_cpu7=0 cur_cpu0=0 cur_cpu1=4 cur_cpu2=5 cur_cpu3=6 cur_cpu4=3 cur_cpu5=8 cur_cpu6=9 cur_cpu7=10 total_threads=16 blocked_threads=6 sched_lock=ok procmgr_lock=ok gpu_pci_lock=busy
[bwm-fps] frames_since_last=160 elapsed_ms=1006 instantaneous_fps=159
[virgl-composite] Frame #7500: 1280x960 → 1280x960 display (first1k: 1000 nonzero, first=0x0014161e)
[heartbeat] tid=12 uptime_ms=51310
[bwm-fps] frames_since_last=152 elapsed_ms=1010 instantaneous_fps=150
[heartbeat] tid=12 uptime_ms=52310
[bwm-fps] frames_since_last=162 elapsed_ms=1001 instantaneous_fps=161
[heartbeat] tid=12 uptime_ms=53311
[bwm-fps] frames_since_last=142 elapsed_ms=1000 instantaneous_fps=142
[heartbeat] tid=12 uptime_ms=54314
[virgl-composite] Frame #8000: 1280x960 → 1280x960 display (first1k: 1000 nonzero, first=0x0014161e)
[bwm-fps] frames_since_last=155 elapsed_ms=1003 instantaneous_fps=154
[heartbeat] tid=12 uptime_ms=55314
[freeze-watch] uptime_ms=55332 submits=24551 completes=24554 fails=0 last_completion_ms=55328 fps_last_5s=155 cpu=5 tid=3 ctx_switches=110123 timer_ticks_cpu0=33700 timer_ticks_cpu1=41963 timer_ticks_cpu2=41278 timer_ticks_cpu3=40446 timer_ticks_cpu4=40105 timer_ticks_cpu5=40339 timer_ticks_cpu6=40809 timer_ticks_cpu7=40907 rq_total=0 rq_cpu0=0 rq_cpu1=0 rq_cpu2=0 rq_cpu3=0 rq_cpu4=0 rq_cpu5=0 rq_cpu6=0 rq_cpu7=0 cur_cpu0=0 cur_cpu1=4 cur_cpu2=5 cur_cpu3=6 cur_cpu4=7 cur_cpu5=3 cur_cpu6=9 cur_cpu7=10 total_threads=16 blocked_threads=6 sched_lock=ok procmgr_lock=ok gpu_pci_lock=ok
[bwm-fps] frames_since_last=164 elapsed_ms=1000 instantaneous_fps=164
[heartbeat] tid=12 uptime_ms=56314
[bwm-fps] frames_since_last=152 elapsed_ms=1002 instantaneous_fps=151
[heartbeat] tid=12 uptime_ms=57315
[timer] cpu0 ticks=35000
[bwm-fps] frames_since_last=145 elapsed_ms=1001 instantaneous_fps=144
[virgl-composite] Frame #8500: 1280x960 → 1280x960 display (first1k: 1000 nonzero, first=0x0014161e)
[heartbeat] tid=12 uptime_ms=58316
[bwm-fps] frames_since_last=155 elapsed_ms=1002 instantaneous_fps=154
