+ set -e
+++ dirname ./run.sh
++ cd .
++ pwd
+ SCRIPT_DIR=/Users/wrb/fun/code/breenix
+ BREENIX_ROOT=/Users/wrb/fun/code/breenix
+ cd /Users/wrb/fun/code/breenix
+ ARCH=arm64
+ HEADLESS=false
+ CLEAN=false
+ NO_BUILD=false
+ BTRT=false
+ PARALLELS=false
+ PARALLELS_VM=breenix-dev
+ PARALLELS_TEST=false
+ PARALLELS_TEST_WAIT=35
+ VMWARE=false
+ DEBUG=false
+ REBUILD_HOME=false
+ RESOLUTION=
+ USE_AHCI=false
+ [[ 1 -gt 0 ]]
+ case $1 in
+ PARALLELS=true
+ ARCH=arm64
+ shift
+ [[ 0 -gt 0 ]]
+ '[' false = true ']'
+ '[' true = true ']'
+ echo ''

+ echo =========================================
=========================================
+ echo 'Breenix on Parallels Desktop'
Breenix on Parallels Desktop
+ echo =========================================
=========================================
+ echo ''

+ command -v prlctl
+ command -v prl_disk_tool
+ PARALLELS_DIR=/Users/wrb/fun/code/breenix/target/parallels
+ SERIAL_LOG=/tmp/breenix-parallels-serial.log
+ HDD_DIR=/Users/wrb/fun/code/breenix/target/parallels/breenix-efi.hdd
+ EXT2_HDD_DIR=/Users/wrb/fun/code/breenix/target/parallels/breenix-ext2.hdd
+ EXT2_DISK=/Users/wrb/fun/code/breenix/target/ext2-aarch64.img
++ prlctl list --all
++ grep breenix-
++ awk '{print $NF}'
+ for OLD_VM in $(prlctl list --all 2> /dev/null | grep 'breenix-' | awk '{print $NF}')
++ prlctl status breenix-1779251932
++ awk '{print $NF}'
+ VM_STATUS=stopped
+ '[' stopped = running ']'
+ '[' stopped = paused ']'
+ '[' stopped = suspended ']'
+ '[' false = true ']'
+ '[' false = true ']'
+ echo '[1/6] Building UEFI loader...'
[1/6] Building UEFI loader...
+ cargo build --release --target aarch64-unknown-uefi -p parallels-loader
    Finished `release` profile [optimized] target(s) in 0.01s
+ echo ''

+ echo '[2/6] Building kernel...'
[2/6] Building kernel...
+ cargo build --release --target aarch64-breenix.json -Z build-std=core,alloc -Z build-std-features=compiler-builtins-mem -p kernel --bin kernel-aarch64
    Finished `release` profile [optimized] target(s) in 0.04s
+ LOADER_EFI=/Users/wrb/fun/code/breenix/target/aarch64-unknown-uefi/release/parallels-loader.efi
+ KERNEL_ELF=/Users/wrb/fun/code/breenix/target/aarch64-breenix/release/kernel-aarch64
+ '[' '!' -f /Users/wrb/fun/code/breenix/target/aarch64-unknown-uefi/release/parallels-loader.efi ']'
+ '[' '!' -f /Users/wrb/fun/code/breenix/target/aarch64-breenix/release/kernel-aarch64 ']'
+ echo ''

+ echo '[3/6] Building userspace binaries (aarch64)...'
[3/6] Building userspace binaries (aarch64)...
+ /Users/wrb/fun/code/breenix/userspace/programs/build.sh --arch aarch64
========================================
  STD USERSPACE BUILD (Rust std library)
========================================
  Architecture: aarch64

[1/3] Building libbreenix-libc (aarch64)...
  Finished `release` profile [optimized] target(s) in 0.02s
  libbreenix-libc built successfully

[2/3] Building userspace (aarch64)...
  error: failed to get `std_detect` as a dependency of package `std v0.0.0 (/Users/wrb/fun/code/breenix/rust-fork/library/std)`
  
  Caused by:
  failed to load source for dependency `std_detect`
  
  Caused by:
  Unable to update /Users/wrb/fun/code/breenix/rust-fork/library/stdarch/crates/std_detect
  
  Caused by:
  failed to read `/Users/wrb/fun/code/breenix/rust-fork/library/stdarch/crates/std_detect/Cargo.toml`
  
  Caused by:
  No such file or directory (os error 2)
  Userspace build successful

[3/3] Installing std binaries...
  Installed hello_world.elf (351216 bytes)
  Installed syscall_enosys.elf (290176 bytes)
  Installed clock_gettime_test.elf (295096 bytes)
  Installed file_read_test.elf (292328 bytes)
  Installed lseek_test.elf (292544 bytes)
  Installed fs_write_test.elf (293432 bytes)
  Installed fs_rename_test.elf (297336 bytes)
  Installed fs_large_file_test.elf (292296 bytes)
  Installed fs_directory_test.elf (293208 bytes)
  Installed fs_link_test.elf (293256 bytes)
  Installed access_test.elf (291528 bytes)
  Installed devfs_test.elf (292560 bytes)
  Installed cwd_test.elf (292504 bytes)
  Installed getdents_test.elf (293888 bytes)
  Installed pipe_test.elf (299256 bytes)
  Installed pipe2_test.elf (304296 bytes)
  Installed dup_test.elf (305112 bytes)
  Installed fcntl_test.elf (299648 bytes)
  Installed poll_test.elf (304712 bytes)
  Installed select_test.elf (304440 bytes)
  Installed nonblock_test.elf (303992 bytes)
  Installed brk_test.elf (292880 bytes)
  Installed signal_handler_test.elf (298032 bytes)
  Installed signal_return_test.elf (299304 bytes)
  Installed signal_regs_test.elf (298616 bytes)
  Installed sigaltstack_test.elf (305296 bytes)
  Installed sigsuspend_test.elf (304816 bytes)
  Installed pause_test.elf (299408 bytes)
  Installed tty_test.elf (303352 bytes)
  Installed session_test.elf (304824 bytes)
  Installed unix_socket_test.elf (323008 bytes)
  Installed unix_named_socket_test.elf (310280 bytes)
  Installed fifo_test.elf (317304 bytes)
  Installed fork_test.elf (298128 bytes)
  Installed fork_memory_test.elf (304344 bytes)
  Installed fork_state_test.elf (305000 bytes)
  Installed waitpid_test.elf (298944 bytes)
  Installed exec_argv_test.elf (291240 bytes)
  Installed cloexec_test.elf (307552 bytes)
  Installed kill_process_group_test.elf (299304 bytes)
  Installed sigchld_test.elf (292040 bytes)
  Installed sigchld_job_test.elf (294632 bytes)
  Installed ctrl_c_test.elf (298680 bytes)
  Installed job_control_test.elf (298536 bytes)
  Installed signal_fork_test.elf (298800 bytes)
  Installed signal_exec_test.elf (299712 bytes)
  Installed wnohang_timing_test.elf (292496 bytes)
  Installed fork_pending_signal_test.elf (297664 bytes)
  Installed shell_pipe_test.elf (293192 bytes)
  Installed pipeline_test.elf (305704 bytes)
  Installed cow_cleanup_test.elf (292368 bytes)
  Installed cow_sole_owner_test.elf (293600 bytes)
  Installed cow_stress_test.elf (293672 bytes)
  Installed cow_readonly_test.elf (293488 bytes)
  Installed cow_signal_test.elf (299168 bytes)
  Installed resolution.elf (301448 bytes)
  Installed init_shell.elf (388856 bytes)
  Installed argv_test.elf (298184 bytes)
  Installed job_table_test.elf (308504 bytes)
  Installed test_mmap.elf (291968 bytes)
  Installed stdin_test.elf (291856 bytes)
  Installed true_test.elf (291904 bytes)
  Installed false_test.elf (291904 bytes)
  Installed echo_argv_test.elf (291736 bytes)
  Installed mkdir_argv_test.elf (292200 bytes)
  Installed rm_argv_test.elf (291840 bytes)
  Installed cp_mv_argv_test.elf (292896 bytes)
  Installed nonblock_eagain_test.elf (293344 bytes)
  Installed blocking_recv_test.elf (293848 bytes)
  Installed tcp_client_test.elf (297192 bytes)
  Installed wait_stress.elf (306120 bytes)
  Installed simple_exit.elf (276816 bytes)
  Installed counter.elf (290448 bytes)
  Installed spinner.elf (290472 bytes)
  Installed hello_time.elf (290328 bytes)
  Installed heartbeat.elf (290128 bytes)
  Installed fbinfo_test.elf (297224 bytes)
  Installed demo.elf (304008 bytes)
  Installed bounce.elf (388152 bytes)
  Installed rectangles.elf (305352 bytes)
  Installed particles.elf (304200 bytes)
  Installed confetti.elf (303536 bytes)
  Installed tones.elf (294304 bytes)
  Installed fart.elf (302392 bytes)
  Installed http_test.elf (622792 bytes)
  Installed register_init_test.elf (288888 bytes)
  Installed head_test.elf (293328 bytes)
  Installed tail_test.elf (293272 bytes)
  Installed wc_test.elf (297880 bytes)
  Installed which_test.elf (293152 bytes)
  Installed cat_test.elf (293560 bytes)
  Installed ls_test.elf (298616 bytes)
  Installed exec_stack_argv_test.elf (292888 bytes)
  Installed exec_from_ext2_test.elf (298784 bytes)
  Installed pipe_fork_test.elf (305080 bytes)
  Installed pipe_concurrent_test.elf (304320 bytes)
  Installed fs_block_alloc_test.elf (300200 bytes)
  Installed cow_oom_test.elf (292784 bytes)
  Installed signal_test.elf (298280 bytes)
  Installed alarm_test.elf (293376 bytes)
  Installed itimer_test.elf (293832 bytes)
  Installed timer_test.elf (291496 bytes)
  Installed sleep_debug_test.elf (304584 bytes)
  Installed pipe_refcount_test.elf (316608 bytes)
  Installed udp_socket_test.elf (305616 bytes)
  Installed tcp_socket_test.elf (318696 bytes)
  Installed tcp_blocking_test.elf (320008 bytes)
  Installed concurrent_recv_stress.elf (303336 bytes)
  Installed dns_test.elf (306952 bytes)
  Installed net_test.elf (303200 bytes)
  Installed http_fetch_test.elf (616784 bytes)
  Installed syscall_diagnostic_test.elf (289072 bytes)
  Installed pty_test.elf (293456 bytes)
  Installed signal_exec_check.elf (291080 bytes)
  Installed bsh.elf (734392 bytes)
  Installed bwm.elf (429208 bytes)
  Installed btop.elf (293112 bytes)
  Installed burl.elf (636224 bytes)
  Installed init.elf (296776 bytes)
  Installed telnetd.elf (298632 bytes)
  Installed blogd.elf (291528 bytes)
  Installed btrace.elf (306896 bytes)
  Installed bless.elf (294680 bytes)
  Installed bcheck.elf (422256 bytes)
  Installed biconkit.elf (358184 bytes)
  Installed guskit.elf (538784 bytes)
  Installed bterm.elf (476584 bytes)
  Installed blog.elf (467888 bytes)
  Installed bfontpicker.elf (484760 bytes)
  Installed blauncher.elf (460632 bytes)
  Installed bsshd.elf (441008 bytes)
  Installed bssh.elf (408848 bytes)

========================================
  STD BUILD COMPLETE (aarch64)
  Installed: 132 binaries
========================================
+ echo '  Userspace build successful'
  Userspace build successful
+ echo ''

+ echo '[4/6] Creating ext2 data disk image...'
[4/6] Creating ext2 data disk image...
+ /Users/wrb/fun/code/breenix/scripts/create_ext2_disk.sh --arch aarch64
Creating ext2 disk image...
  Arch: aarch64
  Output: /Users/wrb/fun/code/breenix/target/ext2-aarch64.img
  Size: 256MB
  Using Docker to create ext2 filesystem...
  Installed BusyBox with hardlinks in /bin and /sbin
Installing other binaries...
  Installed 50 binaries in /bin
  Installed 3 binaries in /sbin
  Installed 5 C binaries in /usr/local/cbin
  Installed 95 test binaries in /usr/local/test/bin
  Installed 29 fonts in /usr/share/fonts
  Created /etc/fonts.conf
  Created /etc/hotkeys.conf
  Created /etc/init.js

ext2 filesystem contents:
  Binaries in /bin:
total 33151
drwxr-xr-x    2 root     root          3072 May 20 04:41 .
drwxr-xr-x   12 root     root          1024 May 20 04:41 ..
-rwxr-xr-x   51 root     root        329400 May 20 04:41 ash
-rwxr-xr-x   51 root     root        329400 May 20 04:41 awk
-rwxr-xr-x   51 root     root        329400 May 20 04:41 basename
-rwxr-xr-x    1 root     root        311600 May 20 04:41 bcat
-rwxr-xr-x    1 root     root        422256 May 20 04:41 bcheck
-rwxr-xr-x    1 root     root        305128 May 20 04:41 bcp
-rwxr-xr-x    1 root     root        297456 May 20 04:41 becho
-rwxr-xr-x    1 root     root        276808 May 20 04:41 bfalse
-rwxr-xr-x    1 root     root        484760 May 20 04:41 bfontpicker
-rwxr-xr-x    1 root     root        313408 May 20 04:41 bhead
-rwxr-xr-x    1 root     root        358184 May 20 04:41 biconkit
-rwxr-xr-x    1 root     root        460632 May 20 04:41 blauncher
-rwxr-xr-x    1 root     root        294680 May 20 04:41 bless
-rwxr-xr-x    1 root     root        467888 May 20 04:41 blog
-rwxr-xr-x    1 root     root        325832 May 20 04:41 bls
-rwxr-xr-x    1 root     root        306520 May 20 04:41 bmkdir
-rwxr-xr-x    1 root     root        302608 May 20 04:41 bmv
-rwxr-xr-x    1 root     root        388152 May 20 04:41 bounce
-rwxr-xr-x    1 root     root        302184 May 20 04:41 brm
-rwxr-xr-x    1 root     root        302184 May 20 04:41 brmdir
-rwxr-xr-x    1 root     root        734392 May 20 04:41 bsh
-rwxr-xr-x    1 root     root        408848 May 20 04:41 bssh
-rwxr-xr-x    1 root     root        441008 May 20 04:41 bsshd
-rwxr-xr-x    1 root     root        315816 May 20 04:41 btail
-rwxr-xr-x    1 root     root        476584 May 20 04:41 bterm
-rwxr-xr-x    1 root     root        293112 May 20 04:41 btop
-rwxr-xr-x    1 root     root        306896 May 20 04:41 btrace
-rwxr-xr-x    1 root     root        276800 May 20 04:41 btrue
-rwxr-xr-x    1 root     root        636224 May 20 04:41 burl
-rwxr-xr-x   51 root     root        329400 May 20 04:41 busybox
-rwxr-xr-x    1 root     root        312144 May 20 04:41 bwc
-rwxr-xr-x    1 root     root        303160 May 20 04:41 bwhich
-rwxr-xr-x    1 root     root        429208 May 20 04:41 bwm
-rwxr-xr-x   51 root     root        329400 May 20 04:41 cat
-rwxr-xr-x   51 root     root        329400 May 20 04:41 chgrp
-rwxr-xr-x   51 root     root        329400 May 20 04:41 chmod
-rwxr-xr-x   51 root     root        329400 May 20 04:41 chown
-rwxr-xr-x    1 root     root        303336 May 20 04:41 concurrent_recv_stress
-rwxr-xr-x    1 root     root        303536 May 20 04:41 confetti
-rwxr-xr-x    1 root     root        290448 May 20 04:41 counter
-rwxr-xr-x   51 root     root        329400 May 20 04:41 cp
-rwxr-xr-x   51 root     root        329400 May 20 04:41 cut
-rwxr-xr-x   51 root     root        329400 May 20 04:41 date
-rwxr-xr-x    1 root     root        304008 May 20 04:41 demo
-rwxr-xr-x   51 root     root        329400 May 20 04:41 df
-rwxr-xr-x   51 root     root        329400 May 20 04:41 dirname
-rwxr-xr-x   51 root     root        329400 May 20 04:41 du
-rwxr-xr-x   51 root     root        329400 May 20 04:41 echo
-rwxr-xr-x   51 root     root        329400 May 20 04:41 env
-rwxr-xr-x   51 root     root        329400 May 20 04:41 expr
-rwxr-xr-x    1 root     root        294184 May 20 04:41 f32o_perfdiag
-rwxr-xr-x    1 root     root        302392 May 20 04:41 fart
-rwxr-xr-x   51 root     root        329400 May 20 04:41 find
-rwxr-xr-x   51 root     root        329400 May 20 04:41 free
-rwxr-xr-x   51 root     root        329400 May 20 04:41 grep
-rwxr-xr-x    1 root     root        538784 May 20 04:41 guskit
-rwxr-xr-x   51 root     root        329400 May 20 04:41 head
-rwxr-xr-x    1 root     root        290128 May 20 04:41 heartbeat
-rwxr-xr-x    1 root     root        278000 May 20 04:41 hello_raw
-rwxr-xr-x    1 root     root        290328 May 20 04:41 hello_time
-rwxr-xr-x    1 root     root        351216 May 20 04:41 hello_world
-rwxr-xr-x   51 root     root        329400 May 20 04:41 hexdump
-rwxr-xr-x   51 root     root        329400 May 20 04:41 hostname
-rwxr-xr-x   51 root     root        329400 May 20 04:41 id
-rwxr-xr-x    1 root     root        388856 May 20 04:41 init_shell
-rwxr-xr-x   51 root     root        329400 May 20 04:41 ls
-rwxr-xr-x   51 root     root        329400 May 20 04:41 md5sum
-rwxr-xr-x   51 root     root        329400 May 20 04:41 mkdir
-rwxr-xr-x   51 root     root        329400 May 20 04:41 more
-rwxr-xr-x   51 root     root        329400 May 20 04:41 mv
-rwxr-xr-x   51 root     root        329400 May 20 04:41 od
-rwxr-xr-x    1 root     root        304200 May 20 04:41 particles
-rwxr-xr-x   51 root     root        329400 May 20 04:41 printf
-rwxr-xr-x    1 root     root        305352 May 20 04:41 rectangles
-rwxr-xr-x    1 root     root        301448 May 20 04:41 resolution
-rwxr-xr-x   51 root     root        329400 May 20 04:41 rm
-rwxr-xr-x   51 root     root        329400 May 20 04:41 rmdir
-rwxr-xr-x   51 root     root        329400 May 20 04:41 sed
-rwxr-xr-x   51 root     root        329400 May 20 04:41 seq
-rwxr-xr-x   51 root     root        329400 May 20 04:41 sh
-rwxr-xr-x   51 root     root        329400 May 20 04:41 sha256sum
-rwxr-xr-x    1 root     root        291080 May 20 04:41 signal_exec_check
-rwxr-xr-x    1 root     root        276816 May 20 04:41 simple_exit
-rwxr-xr-x   51 root     root        329400 May 20 04:41 sleep
-rwxr-xr-x   51 root     root        329400 May 20 04:41 sort
-rwxr-xr-x    1 root     root        290472 May 20 04:41 spinner
-rwxr-xr-x    1 root     root        290176 May 20 04:41 syscall_enosys
-rwxr-xr-x   51 root     root        329400 May 20 04:41 tail
-rwxr-xr-x   51 root     root        329400 May 20 04:41 tee
-rwxr-xr-x   51 root     root        329400 May 20 04:41 test
-rwxr-xr-x    1 root     root        294304 May 20 04:41 tones
-rwxr-xr-x   51 root     root        329400 May 20 04:41 tr
-rwxr-xr-x   51 root     root        329400 May 20 04:41 uniq
-rwxr-xr-x   51 root     root        329400 May 20 04:41 vi
-rwxr-xr-x    1 root     root        306120 May 20 04:41 wait_stress
-rwxr-xr-x   51 root     root        329400 May 20 04:41 wc
-rwxr-xr-x   51 root     root        329400 May 20 04:41 which
-rwxr-xr-x   51 root     root        329400 May 20 04:41 whoami
-rwxr-xr-x   51 root     root        329400 May 20 04:41 xargs
  Test binaries in /usr/local/test/bin:
total 28663
drwxr-xr-x    2 root     root          5120 May 20 04:41 .
drwxr-xr-x    3 root     root          1024 May 20 04:41 ..
-rwxr-xr-x    1 root     root        291528 May 20 04:41 access_test
-rwxr-xr-x    1 root     root        293376 May 20 04:41 alarm_test
-rwxr-xr-x    1 root     root        298184 May 20 04:41 argv_test
-rwxr-xr-x    1 root     root        293848 May 20 04:41 blocking_recv_test
-rwxr-xr-x    1 root     root        292880 May 20 04:41 brk_test
-rwxr-xr-x    1 root     root        293560 May 20 04:41 cat_test
-rwxr-xr-x    1 root     root        295096 May 20 04:41 clock_gettime_test
-rwxr-xr-x    1 root     root        307552 May 20 04:41 cloexec_test
-rwxr-xr-x    1 root     root        292368 May 20 04:41 cow_cleanup_test
-rwxr-xr-x    1 root     root        292784 May 20 04:41 cow_oom_test
-rwxr-xr-x    1 root     root        293488 May 20 04:41 cow_readonly_test
-rwxr-xr-x    1 root     root        299168 May 20 04:41 cow_signal_test
-rwxr-xr-x    1 root     root        293600 May 20 04:41 cow_sole_owner_test
-rwxr-xr-x    1 root     root        293672 May 20 04:41 cow_stress_test
-rwxr-xr-x    1 root     root        292896 May 20 04:41 cp_mv_argv_test
-rwxr-xr-x    1 root     root        298680 May 20 04:41 ctrl_c_test
-rwxr-xr-x    1 root     root        292504 May 20 04:41 cwd_test
-rwxr-xr-x    1 root     root        292560 May 20 04:41 devfs_test
-rwxr-xr-x    1 root     root        306952 May 20 04:41 dns_test
-rwxr-xr-x    1 root     root        305112 May 20 04:41 dup_test
-rwxr-xr-x    1 root     root        291736 May 20 04:41 echo_argv_test
-rwxr-xr-x    1 root     root        291240 May 20 04:41 exec_argv_test
-rwxr-xr-x    1 root     root        298784 May 20 04:41 exec_from_ext2_test
-rwxr-xr-x    1 root     root        292888 May 20 04:41 exec_stack_argv_test
-rwxr-xr-x    1 root     root        291904 May 20 04:41 false_test
-rwxr-xr-x    1 root     root        297224 May 20 04:41 fbinfo_test
-rwxr-xr-x    1 root     root        299648 May 20 04:41 fcntl_test
-rwxr-xr-x    1 root     root        317304 May 20 04:41 fifo_test
-rwxr-xr-x    1 root     root        292328 May 20 04:41 file_read_test
-rwxr-xr-x    1 root     root        304344 May 20 04:41 fork_memory_test
-rwxr-xr-x    1 root     root        297664 May 20 04:41 fork_pending_signal_test
-rwxr-xr-x    1 root     root        305000 May 20 04:41 fork_state_test
-rwxr-xr-x    1 root     root        298128 May 20 04:41 fork_test
-rwxr-xr-x    1 root     root        300200 May 20 04:41 fs_block_alloc_test
-rwxr-xr-x    1 root     root        293208 May 20 04:41 fs_directory_test
-rwxr-xr-x    1 root     root        292296 May 20 04:41 fs_large_file_test
-rwxr-xr-x    1 root     root        293256 May 20 04:41 fs_link_test
-rwxr-xr-x    1 root     root        297336 May 20 04:41 fs_rename_test
-rwxr-xr-x    1 root     root        293432 May 20 04:41 fs_write_test
-rwxr-xr-x    1 root     root        293888 May 20 04:41 getdents_test
-rwxr-xr-x    1 root     root        293328 May 20 04:41 head_test
-rwxr-xr-x    1 root     root        616784 May 20 04:41 http_fetch_test
-rwxr-xr-x    1 root     root        622792 May 20 04:41 http_test
-rwxr-xr-x    1 root     root        293832 May 20 04:41 itimer_test
-rwxr-xr-x    1 root     root        298536 May 20 04:41 job_control_test
-rwxr-xr-x    1 root     root        308504 May 20 04:41 job_table_test
-rwxr-xr-x    1 root     root        299304 May 20 04:41 kill_process_group_test
-rwxr-xr-x    1 root     root        298616 May 20 04:41 ls_test
-rwxr-xr-x    1 root     root        292544 May 20 04:41 lseek_test
-rwxr-xr-x    1 root     root        292200 May 20 04:41 mkdir_argv_test
-rwxr-xr-x    1 root     root        303200 May 20 04:41 net_test
-rwxr-xr-x    1 root     root        293344 May 20 04:41 nonblock_eagain_test
-rwxr-xr-x    1 root     root        303992 May 20 04:41 nonblock_test
-rwxr-xr-x    1 root     root        299408 May 20 04:41 pause_test
-rwxr-xr-x    1 root     root        304296 May 20 04:41 pipe2_test
-rwxr-xr-x    1 root     root        304320 May 20 04:41 pipe_concurrent_test
-rwxr-xr-x    1 root     root        305080 May 20 04:41 pipe_fork_test
-rwxr-xr-x    1 root     root        316608 May 20 04:41 pipe_refcount_test
-rwxr-xr-x    1 root     root        299256 May 20 04:41 pipe_test
-rwxr-xr-x    1 root     root        305704 May 20 04:41 pipeline_test
-rwxr-xr-x    1 root     root        304712 May 20 04:41 poll_test
-rwxr-xr-x    1 root     root        293456 May 20 04:41 pty_test
-rwxr-xr-x    1 root     root        288888 May 20 04:41 register_init_test
-rwxr-xr-x    1 root     root        291840 May 20 04:41 rm_argv_test
-rwxr-xr-x    1 root     root        304440 May 20 04:41 select_test
-rwxr-xr-x    1 root     root        304824 May 20 04:41 session_test
-rwxr-xr-x    1 root     root        293192 May 20 04:41 shell_pipe_test
-rwxr-xr-x    1 root     root        305296 May 20 04:41 sigaltstack_test
-rwxr-xr-x    1 root     root        294632 May 20 04:41 sigchld_job_test
-rwxr-xr-x    1 root     root        292040 May 20 04:41 sigchld_test
-rwxr-xr-x    1 root     root        299712 May 20 04:41 signal_exec_test
-rwxr-xr-x    1 root     root        298800 May 20 04:41 signal_fork_test
-rwxr-xr-x    1 root     root        298032 May 20 04:41 signal_handler_test
-rwxr-xr-x    1 root     root        298616 May 20 04:41 signal_regs_test
-rwxr-xr-x    1 root     root        299304 May 20 04:41 signal_return_test
-rwxr-xr-x    1 root     root        298280 May 20 04:41 signal_test
-rwxr-xr-x    1 root     root        304816 May 20 04:41 sigsuspend_test
-rwxr-xr-x    1 root     root        304584 May 20 04:41 sleep_debug_test
-rwxr-xr-x    1 root     root        291856 May 20 04:41 stdin_test
-rwxr-xr-x    1 root     root        289072 May 20 04:41 syscall_diagnostic_test
-rwxr-xr-x    1 root     root        293272 May 20 04:41 tail_test
-rwxr-xr-x    1 root     root        320008 May 20 04:41 tcp_blocking_test
-rwxr-xr-x    1 root     root        297192 May 20 04:41 tcp_client_test
-rwxr-xr-x    1 root     root        318696 May 20 04:41 tcp_socket_test
-rwxr-xr-x    1 root     root        291968 May 20 04:41 test_mmap
-rwxr-xr-x    1 root     root        291496 May 20 04:41 timer_test
-rwxr-xr-x    1 root     root        291904 May 20 04:41 true_test
-rwxr-xr-x    1 root     root        303352 May 20 04:41 tty_test
-rwxr-xr-x    1 root     root        305616 May 20 04:41 udp_socket_test
-rwxr-xr-x    1 root     root        310280 May 20 04:41 unix_named_socket_test
-rwxr-xr-x    1 root     root        323008 May 20 04:41 unix_socket_test
-rwxr-xr-x    1 root     root        298944 May 20 04:41 waitpid_test
-rwxr-xr-x    1 root     root        297880 May 20 04:41 wc_test
-rwxr-xr-x    1 root     root        293152 May 20 04:41 which_test
-rwxr-xr-x    1 root     root        292496 May 20 04:41 wnohang_timing_test
  Test files:
-rw-r--r--    1 root     root           111 May 20 04:41 /mnt/ext2/lines.txt
-rw-r--r--    1 root     root            20 May 20 04:41 /mnt/ext2/deep/path/to/file/data.txt
-rw-r--r--    1 root     root            20 May 20 04:41 /mnt/ext2/test/nested.txt
-rwxr-xr-x    1 root     root        296776 May 20 04:41 /mnt/ext2/sbin/init
-rwxr-xr-x   51 root     root        329400 May 20 04:41 /mnt/ext2/sbin/true
-rwxr-xr-x    1 root     root        291528 May 20 04:41 /mnt/ext2/sbin/blogd
-rwxr-xr-x    1 root     root        298632 May 20 04:41 /mnt/ext2/sbin/telnetd
-rwxr-xr-x   51 root     root        329400 May 20 04:41 /mnt/ext2/sbin/false
-rw-r--r--    1 root     root            26 May 20 04:41 /mnt/ext2/etc/group
-rw-r--r--    1 root     root           679 May 20 04:41 /mnt/ext2/etc/init.js
-rw-r--r--    1 root     root           349 May 20 04:41 /mnt/ext2/etc/hotkeys.conf
-rw-r--r--    1 root     root           445 May 20 04:41 /mnt/ext2/etc/fonts.conf
-rw-r--r--    1 root     root            83 May 20 04:41 /mnt/ext2/etc/passwd
-rw-r--r--    1 root     root           367 May 20 04:41 /mnt/ext2/etc/bshrc
-rw-r--r--    1 root     root            19 May 20 04:41 /mnt/ext2/trunctest.txt
-rw-r--r--    1 root     root        757076 May 20 04:41 /mnt/ext2/usr/share/fonts/DejaVuSans.ttf
-rw-r--r--    1 root     root        212340 May 20 04:41 /mnt/ext2/usr/share/fonts/SourceCodePro-Regular.ttf
-rw-r--r--    1 root     root        744936 May 20 04:41 /mnt/ext2/usr/share/fonts/Montserrat-Regular.ttf
-rw-r--r--    1 root     root        108684 May 20 04:41 /mnt/ext2/usr/share/fonts/Inconsolata-Regular.ttf
-rw-r--r--    1 root     root        340712 May 20 04:41 /mnt/ext2/usr/share/fonts/DejaVuSansMono.ttf
-rw-r--r--    1 root     root        656568 May 20 04:41 /mnt/ext2/usr/share/fonts/Lato-Regular.ttf
-rw-r--r--    1 root     root        646340 May 20 04:41 /mnt/ext2/usr/share/fonts/SourceSans3-Regular.ttf
-rw-r--r--    1 root     root        312352 May 20 04:41 /mnt/ext2/usr/share/fonts/Raleway-Regular.ttf
-rw-r--r--    1 root     root        212196 May 20 04:41 /mnt/ext2/usr/share/fonts/Lora-Regular.ttf
-rw-r--r--    1 root     root        876576 May 20 04:41 /mnt/ext2/usr/share/fonts/Inter-Regular.ttf
-rw-r--r--    1 root     root        532636 May 20 04:41 /mnt/ext2/usr/share/fonts/OpenSans-Regular.ttf
-rw-r--r--    1 root     root        183700 May 20 04:41 /mnt/ext2/usr/share/fonts/RobotoMono-Regular.ttf
-rw-r--r--    1 root     root        309408 May 20 04:41 /mnt/ext2/usr/share/fonts/Hack-Regular.ttf
-rw-r--r--    1 root     root       1708408 May 20 04:41 /mnt/ext2/usr/share/fonts/NotoSansMono-Regular.ttf
-rw-r--r--    1 root     root        488584 May 20 04:41 /mnt/ext2/usr/share/fonts/Roboto-Regular.ttf
-rw-r--r--    1 root     root        260364 May 20 04:41 /mnt/ext2/usr/share/fonts/FiraCode-Regular.ttf
-rw-r--r--    1 root     root        359048 May 20 04:41 /mnt/ext2/usr/share/fonts/PTSerif-Regular.ttf
-rw-r--r--    1 root     root        300724 May 20 04:41 /mnt/ext2/usr/share/fonts/PlayfairDisplay-Regular.ttf
-rw-r--r--    1 root     root        282844 May 20 04:41 /mnt/ext2/usr/share/fonts/Merriweather-Regular.ttf
-rw-r--r--    1 root     root        160316 May 20 04:41 /mnt/ext2/usr/share/fonts/Poppins-Regular.ttf
-rw-r--r--    1 root     root        135580 May 20 04:41 /mnt/ext2/usr/share/fonts/IBMPlexMono-Regular.ttf
-rw-r--r--    1 root     root       1209508 May 20 04:41 /mnt/ext2/usr/share/fonts/SourceSerif4-Regular.ttf
-rw-r--r--    1 root     root        273900 May 20 04:41 /mnt/ext2/usr/share/fonts/JetBrainsMono-Regular.ttf
-rw-r--r--    1 root     root        351884 May 20 04:41 /mnt/ext2/usr/share/fonts/Ubuntu-Regular.ttf
-rw-r--r--    1 root     root       2049096 May 20 04:41 /mnt/ext2/usr/share/fonts/NotoSans-Regular.ttf
-rw-r--r--    1 root     root        598060 May 20 04:41 /mnt/ext2/usr/share/fonts/CascadiaCode-Regular.ttf
-rw-r--r--    1 root     root       1887192 May 20 04:41 /mnt/ext2/usr/share/fonts/NotoSerif-Regular.ttf
-rw-r--r--    1 root     root        276932 May 20 04:41 /mnt/ext2/usr/share/fonts/Nunito-Regular.ttf
-rw-r--r--    1 root     root        205748 May 20 04:41 /mnt/ext2/usr/share/fonts/UbuntuMono-Regular.ttf
-rwxr-xr-x    1 root     root        108904 May 20 04:41 /mnt/ext2/usr/local/cbin/uname_musl_test
-rwxr-xr-x    1 root     root        108816 May 20 04:41 /mnt/ext2/usr/local/cbin/rlimit_musl_test
-rwxr-xr-x    1 root     root        109624 May 20 04:41 /mnt/ext2/usr/local/cbin/env_musl_test
-rwxr-xr-x    1 root     root        133160 May 20 04:41 /mnt/ext2/usr/local/cbin/identity_musl_test
-rwxr-xr-x    1 root     root        108720 May 20 04:41 /mnt/ext2/usr/local/cbin/hello_musl
-rw-r--r--    1 root     root            17 May 20 04:41 /mnt/ext2/hello.txt
-rw-r--r--    1 root     root             0 May 20 04:41 /mnt/ext2/empty.txt

ext2 image created successfully

ext2 disk created and copied to testdata/:
  /Users/wrb/fun/code/breenix/target/ext2-aarch64.img
  /Users/wrb/fun/code/breenix/testdata/ext2-aarch64.img
  Size: 256M

Contents:
  /bin/busybox - BusyBox multi-call binary
  /bin/{cat,ls,head,...} - BusyBox hardlinks
  /sbin/{true,false} - BusyBox hardlinks
  /bin/* - Other userspace binaries (demos)
  /usr/local/test/bin/* - Test binaries (*_test, test_*)
  /sbin/telnetd - telnet daemon
  /hello.txt - test file (1 line)
  /lines.txt - multi-line test file (15 lines) for head/tail/wc
  /test/nested.txt - nested test file
  /deep/path/to/file/data.txt - deep nested test file
+ echo ''

+ echo '[5/6] Creating FAT32 EFI disk image...'
[5/6] Creating FAT32 EFI disk image...
+ mkdir -p /Users/wrb/fun/code/breenix/target/parallels
+ DMG_PATH=/Users/wrb/fun/code/breenix/target/parallels/efi-temp.dmg
+ rm -f /Users/wrb/fun/code/breenix/target/parallels/efi-temp.dmg
+ hdiutil create -size 64m -fs FAT32 -volname BREENIX -layout GPTSPUD /Users/wrb/fun/code/breenix/target/parallels/efi-temp.dmg
++ hdiutil attach /Users/wrb/fun/code/breenix/target/parallels/efi-temp.dmg
++ grep -o '/Volumes/[^ ]*'
++ head -1
+ VOLUME=/Volumes/BREENIX
+ '[' -z /Volumes/BREENIX ']'
+ '[' '!' -d /Volumes/BREENIX ']'
+ mkdir -p /Volumes/BREENIX/EFI/BOOT
+ mkdir -p /Volumes/BREENIX/EFI/BREENIX
+ cp /Users/wrb/fun/code/breenix/target/aarch64-unknown-uefi/release/parallels-loader.efi /Volumes/BREENIX/EFI/BOOT/BOOTAA64.EFI
+ cp /Users/wrb/fun/code/breenix/target/aarch64-breenix/release/kernel-aarch64 /Volumes/BREENIX/EFI/BREENIX/KERNEL
+ hdiutil detach /Volumes/BREENIX
++ stat -f%z /Users/wrb/fun/code/breenix/target/aarch64-unknown-uefi/release/parallels-loader.efi
+ echo '  Loader: 80896 bytes'
  Loader: 80896 bytes
++ stat -f%z /Users/wrb/fun/code/breenix/target/aarch64-breenix/release/kernel-aarch64
+ echo '  Kernel: 2426928 bytes'
  Kernel: 2426928 bytes
+ echo ''

+ echo '[6/6] Creating Parallels disks...'
[6/6] Creating Parallels disks...
+ RAW_IMG=/Users/wrb/fun/code/breenix/target/parallels/efi-raw.img
+ rm -f /Users/wrb/fun/code/breenix/target/parallels/efi-raw.img /Users/wrb/fun/code/breenix/target/parallels/efi-raw.img.cdr
+ hdiutil convert /Users/wrb/fun/code/breenix/target/parallels/efi-temp.dmg -format UDTO -o /Users/wrb/fun/code/breenix/target/parallels/efi-raw.img
+ mv /Users/wrb/fun/code/breenix/target/parallels/efi-raw.img.cdr /Users/wrb/fun/code/breenix/target/parallels/efi-raw.img
+ rm -f /Users/wrb/fun/code/breenix/target/parallels/efi-temp.dmg
+ python3 /Users/wrb/fun/code/breenix/scripts/parallels/patch-gpt-esp.py /Users/wrb/fun/code/breenix/target/parallels/efi-raw.img
  Patched 1 partition(s) to EFI System Partition type
+ rm -rf /Users/wrb/fun/code/breenix/target/parallels/breenix-efi.hdd
+ prl_disk_tool create --hdd /Users/wrb/fun/code/breenix/target/parallels/breenix-efi.hdd --size 64M
++ find /Users/wrb/fun/code/breenix/target/parallels/breenix-efi.hdd -name '*.hds'
++ head -1
+ HDS_FILE='/Users/wrb/fun/code/breenix/target/parallels/breenix-efi.hdd/breenix-efi.hdd.0.{5fbaabe3-6958-40ff-92a7-860e329aab41}.hds'
+ '[' -z '/Users/wrb/fun/code/breenix/target/parallels/breenix-efi.hdd/breenix-efi.hdd.0.{5fbaabe3-6958-40ff-92a7-860e329aab41}.hds' ']'
+ cp /Users/wrb/fun/code/breenix/target/parallels/efi-raw.img '/Users/wrb/fun/code/breenix/target/parallels/breenix-efi.hdd/breenix-efi.hdd.0.{5fbaabe3-6958-40ff-92a7-860e329aab41}.hds'
+ rm -f /Users/wrb/fun/code/breenix/target/parallels/efi-raw.img
+ echo '  EFI disk: /Users/wrb/fun/code/breenix/target/parallels/breenix-efi.hdd'
  EFI disk: /Users/wrb/fun/code/breenix/target/parallels/breenix-efi.hdd
+ '[' -f /Users/wrb/fun/code/breenix/target/ext2-aarch64.img ']'
++ stat -f%z /Users/wrb/fun/code/breenix/target/ext2-aarch64.img
+ EXT2_SIZE_MB=256
+ rm -rf /Users/wrb/fun/code/breenix/target/parallels/breenix-ext2.hdd
+ prl_disk_tool create --hdd /Users/wrb/fun/code/breenix/target/parallels/breenix-ext2.hdd --size 256M
++ find /Users/wrb/fun/code/breenix/target/parallels/breenix-ext2.hdd -name '*.hds'
++ head -1
+ HDS_FILE='/Users/wrb/fun/code/breenix/target/parallels/breenix-ext2.hdd/breenix-ext2.hdd.0.{5fbaabe3-6958-40ff-92a7-860e329aab41}.hds'
+ '[' -z '/Users/wrb/fun/code/breenix/target/parallels/breenix-ext2.hdd/breenix-ext2.hdd.0.{5fbaabe3-6958-40ff-92a7-860e329aab41}.hds' ']'
+ cp /Users/wrb/fun/code/breenix/target/ext2-aarch64.img '/Users/wrb/fun/code/breenix/target/parallels/breenix-ext2.hdd/breenix-ext2.hdd.0.{5fbaabe3-6958-40ff-92a7-860e329aab41}.hds'
+ echo '  ext2 disk: /Users/wrb/fun/code/breenix/target/parallels/breenix-ext2.hdd (256MB)'
  ext2 disk: /Users/wrb/fun/code/breenix/target/parallels/breenix-ext2.hdd (256MB)
+ echo ''

+ echo '--- Configuring Parallels VM ---'
--- Configuring Parallels VM ---
++ date +%s
+ PARALLELS_VM=breenix-1779252083
+ echo 'VM name: breenix-1779252083'
VM name: breenix-1779252083
++ prlctl list --all
++ grep breenix-
++ awk '{print $NF}'
+ for OLD_VM in $(prlctl list --all 2> /dev/null | grep 'breenix-' | awk '{print $NF}')
+ '[' breenix-1779251932 '!=' breenix-1779252083 ']'
+ echo '  Cleaning up old VM: breenix-1779251932'
  Cleaning up old VM: breenix-1779251932
+ prlctl stop breenix-1779251932 --kill
Stopping the VM...
+ prlctl delete breenix-1779251932
Removing the VM...
The VM has been successfully removed.
+ echo 'Creating fresh VM '\''breenix-1779252083'\''...'
Creating fresh VM 'breenix-1779252083'...
+ prlctl create breenix-1779252083 --ostype linux --distribution linux --no-hdd
Creating the virtual machine...
Generate the VM configuration for linux.
Remove the hdd0 device.
The VM has been successfully created.
+ prlctl set breenix-1779252083 --memsize 8192

The VM has been successfully configured.
+ prlctl set breenix-1779252083 --cpus 8

The VM has been successfully configured.
+ prlctl set breenix-1779252083 --autostop shutdown

The VM has been successfully configured.
+ prlctl set breenix-1779252083 --efi-boot on

The VM has been successfully configured.
+ prlctl set breenix-1779252083 --3d-accelerate highest

The VM has been successfully configured.
+ prlctl set breenix-1779252083 --videosize 2048

The VM has been successfully configured.
+ prlctl set breenix-1779252083 --high-resolution on

The VM has been successfully configured.
+ prlctl set breenix-1779252083 --vertical-sync on

The VM has been successfully configured.
+ for dev in hdd0 hdd1 hdd2 cdrom0 cdrom1 serial0 serial1
+ prlctl set breenix-1779252083 --device-del hdd0
+ true
+ for dev in hdd0 hdd1 hdd2 cdrom0 cdrom1 serial0 serial1
+ prlctl set breenix-1779252083 --device-del hdd1
+ true
+ for dev in hdd0 hdd1 hdd2 cdrom0 cdrom1 serial0 serial1
+ prlctl set breenix-1779252083 --device-del hdd2
+ true
+ for dev in hdd0 hdd1 hdd2 cdrom0 cdrom1 serial0 serial1
+ prlctl set breenix-1779252083 --device-del cdrom0
Remove the cdrom0 device.

The VM has been successfully configured.
+ for dev in hdd0 hdd1 hdd2 cdrom0 cdrom1 serial0 serial1
+ prlctl set breenix-1779252083 --device-del cdrom1
+ true
+ for dev in hdd0 hdd1 hdd2 cdrom0 cdrom1 serial0 serial1
+ prlctl set breenix-1779252083 --device-del serial0
Remove the serial0 device.

The VM has been successfully configured.
+ for dev in hdd0 hdd1 hdd2 cdrom0 cdrom1 serial0 serial1
+ prlctl set breenix-1779252083 --device-del serial1
+ true
+ prlctl set breenix-1779252083 --device-add hdd --image /Users/wrb/fun/code/breenix/target/parallels/breenix-efi.hdd --type plain --position 0
Creating hdd0 (+) sata:0 image='/Users/wrb/fun/code/breenix/target/parallels/breenix-efi.hdd' online-compact=off

Created hdd0 (+) sata:0 image='/Users/wrb/fun/code/breenix/target/parallels/breenix-efi.hdd' type='plain' 64Mb online-compact=on


The VM has been successfully configured.
+ '[' -d /Users/wrb/fun/code/breenix/target/parallels/breenix-ext2.hdd ']'
+ prlctl set breenix-1779252083 --device-add hdd --image /Users/wrb/fun/code/breenix/target/parallels/breenix-ext2.hdd --type plain --position 1
Creating hdd1 (+) sata:1 image='/Users/wrb/fun/code/breenix/target/parallels/breenix-ext2.hdd' online-compact=off

Created hdd1 (+) sata:1 image='/Users/wrb/fun/code/breenix/target/parallels/breenix-ext2.hdd' type='plain' 256Mb online-compact=on


The VM has been successfully configured.
+ echo '  hdd0: EFI boot disk (FAT32) at sata:0'
  hdd0: EFI boot disk (FAT32) at sata:0
+ echo '  hdd1: ext2 data disk at sata:1'
  hdd1: ext2 data disk at sata:1
+ prlctl set breenix-1779252083 --device-bootorder hdd0

The VM has been successfully configured.
+ prlctl set breenix-1779252083 --device-add serial --output /tmp/breenix-parallels-serial.log
Creating serial0 (+) output='/tmp/breenix-parallels-serial.log' state=disconnected

Created serial0 (+) output='/tmp/breenix-parallels-serial.log' state=disconnected


The VM has been successfully configured.
+ prlctl set breenix-1779252083 --device-set serial0 --connect
Configured serial0 (+) output='/tmp/breenix-parallels-serial.log'


The VM has been successfully configured.
+ echo ''

+ echo '--- Starting VM ---'
--- Starting VM ---
+ rm -f /tmp/breenix-parallels-serial.log
+ prlctl start breenix-1779252083
Starting the VM...
The VM has been successfully started.
+ echo ''

+ echo =========================================
=========================================
+ echo 'Breenix running on Parallels'
Breenix running on Parallels
+ echo =========================================
=========================================
+ echo 'VM:     breenix-1779252083'
VM:     breenix-1779252083
+ echo 'Serial: /tmp/breenix-parallels-serial.log'
Serial: /tmp/breenix-parallels-serial.log
+ echo 'Stop:   prlctl stop breenix-1779252083 --kill'
Stop:   prlctl stop breenix-1779252083 --kill
+ echo ''

+ '[' false = true ']'
+ echo 'Tailing serial output (Ctrl+C to detach)...'
Tailing serial output (Ctrl+C to detach)...
+ echo ''

+ VM_DIR=/Users/wrb/Parallels/breenix-1779252083.pvm
+ VM_LOG=/Users/wrb/Parallels/breenix-1779252083.pvm/parallels.log
+ '[' -f /Users/wrb/Parallels/breenix-1779252083.pvm/parallels.log ']'
+ LOGMON_PID=72821
+ trap 'kill 72821 2>/dev/null' EXIT
+ sleep 1
+ tail -f /Users/wrb/Parallels/breenix-1779252083.pvm/parallels.log
+ IFS=
+ read -r line
+ case "$line" in
+ IFS=
+ read -r line
+ case "$line" in
+ IFS=
+ read -r line
+ case "$line" in
+ IFS=
+ read -r line
+ case "$line" in
+ echo '[parallels-log] 05-20 00:41:38.987 I /MonitorArm:72609:59bebba/ VCPU0 PSCI: CPU_ON(target_cpu = 1, entry_point_addr = 40080258, context_id = 1)'
[parallels-log] 05-20 00:41:38.987 I /MonitorArm:72609:59bebba/ VCPU0 PSCI: CPU_ON(target_cpu = 1, entry_point_addr = 40080258, context_id = 1)
+ IFS=
+ read -r line
+ case "$line" in
+ echo '[parallels-log] 05-20 00:41:38.987 I /MonitorArm:72609:59bebba/ VCPU0 PSCI: CPU_ON(target_cpu = 2, entry_point_addr = 40080258, context_id = 2)'
[parallels-log] 05-20 00:41:38.987 I /MonitorArm:72609:59bebba/ VCPU0 PSCI: CPU_ON(target_cpu = 2, entry_point_addr = 40080258, context_id = 2)
+ IFS=
+ read -r line
+ case "$line" in
+ echo '[parallels-log] 05-20 00:41:38.987 I /MonitorArm:72609:59bebba/ VCPU0 PSCI: CPU_ON(target_cpu = 3, entry_point_addr = 40080258, context_id = 3)'
[parallels-log] 05-20 00:41:38.987 I /MonitorArm:72609:59bebba/ VCPU0 PSCI: CPU_ON(target_cpu = 3, entry_point_addr = 40080258, context_id = 3)
+ IFS=
+ read -r line
+ case "$line" in
+ echo '[parallels-log] 05-20 00:41:38.987 I /MonitorArm:72609:59bebba/ VCPU0 PSCI: CPU_ON(target_cpu = 4, entry_point_addr = 40080258, context_id = 4)'
[parallels-log] 05-20 00:41:38.987 I /MonitorArm:72609:59bebba/ VCPU0 PSCI: CPU_ON(target_cpu = 4, entry_point_addr = 40080258, context_id = 4)
+ IFS=
+ read -r line
+ case "$line" in
+ echo '[parallels-log] 05-20 00:41:38.988 I /MonitorArm:72609:59bebba/ VCPU0 PSCI: CPU_ON(target_cpu = 5, entry_point_addr = 40080258, context_id = 5)'
[parallels-log] 05-20 00:41:38.988 I /MonitorArm:72609:59bebba/ VCPU0 PSCI: CPU_ON(target_cpu = 5, entry_point_addr = 40080258, context_id = 5)
+ IFS=
+ read -r line
+ case "$line" in
+ echo '[parallels-log] 05-20 00:41:38.988 I /MonitorArm:72609:59bebba/ VCPU0 PSCI: CPU_ON(target_cpu = 6, entry_point_addr = 40080258, context_id = 6)'
[parallels-log] 05-20 00:41:38.988 I /MonitorArm:72609:59bebba/ VCPU0 PSCI: CPU_ON(target_cpu = 6, entry_point_addr = 40080258, context_id = 6)
+ IFS=
+ read -r line
+ case "$line" in
+ echo '[parallels-log] 05-20 00:41:38.988 I /MonitorArm:72609:59bebba/ VCPU0 PSCI: CPU_ON(target_cpu = 7, entry_point_addr = 40080258, context_id = 7)'
[parallels-log] 05-20 00:41:38.988 I /MonitorArm:72609:59bebba/ VCPU0 PSCI: CPU_ON(target_cpu = 7, entry_point_addr = 40080258, context_id = 7)
+ IFS=
+ read -r line
+ case "$line" in
+ IFS=
+ read -r line
+ case "$line" in
+ IFS=
+ read -r line
+ tail -f /tmp/breenix-parallels-serial.log
[bwm-fps] frames_since_last=98 elapsed_ms=1001 instantaneous_fps=97
[freeze-watch] uptime_ms=2753 submits=524 completes=527 fails=0 last_completion_ms=2753 fps_last_5s=157 cpu=2 tid=3 ctx_switches=4255 timer_ticks_cpu0=905 timer_ticks_cpu1=1146 timer_ticks_cpu2=1143 timer_ticks_cpu3=1124 timer_ticks_cpu4=1122 timer_ticks_cpu5=1124 timer_ticks_cpu6=1126 timer_ticks_cpu7=1132 rq_total=0 rq_cpu0=0 rq_cpu1=0 rq_cpu2=0 rq_cpu3=0 rq_cpu4=0 rq_cpu5=0 rq_cpu6=0 rq_cpu7=0 cur_cpu0=0 cur_cpu1=4 cur_cpu2=3 cur_cpu3=6 cur_cpu4=7 cur_cpu5=8 cur_cpu6=9 cur_cpu7=10 total_threads=16 blocked_threads=6 sched_lock=ok procmgr_lock=ok gpu_pci_lock=ok
[freeze-watch] uptime_ms=3255 submits=731 completes=734 fails=0 last_completion_ms=3254 fps_last_5s=137 cpu=6 tid=3 ctx_switches=5150 timer_ticks_cpu0=1223 timer_ticks_cpu1=1530 timer_ticks_cpu2=1520 timer_ticks_cpu3=1500 timer_ticks_cpu4=1485 timer_ticks_cpu5=1492 timer_ticks_cpu6=1505 timer_ticks_cpu7=1506 rq_total=0 rq_cpu0=0 rq_cpu1=0 rq_cpu2=0 rq_cpu3=0 rq_cpu4=0 rq_cpu5=0 rq_cpu6=0 rq_cpu7=0 cur_cpu0=0 cur_cpu1=4 cur_cpu2=5 cur_cpu3=6 cur_cpu4=7 cur_cpu5=8 cur_cpu6=3 cur_cpu7=10 total_threads=16 blocked_threads=6 sched_lock=ok procmgr_lock=ok gpu_pci_lock=ok
[heartbeat] tid=12 uptime_ms=3264
[bwm-fps] frames_since_last=145 elapsed_ms=1003 instantaneous_fps=144
[freeze-watch] uptime_ms=3759 submits=966 completes=968 fails=0 last_completion_ms=3755 fps_last_5s=154 cpu=4 tid=3 ctx_switches=6145 timer_ticks_cpu0=1531 timer_ticks_cpu1=1914 timer_ticks_cpu2=1907 timer_ticks_cpu3=1880 timer_ticks_cpu4=1863 timer_ticks_cpu5=1869 timer_ticks_cpu6=1884 timer_ticks_cpu7=1886 rq_total=0 rq_cpu0=0 rq_cpu1=0 rq_cpu2=0 rq_cpu3=0 rq_cpu4=0 rq_cpu5=0 rq_cpu6=0 rq_cpu7=0 cur_cpu0=0 cur_cpu1=4 cur_cpu2=5 cur_cpu3=6 cur_cpu4=3 cur_cpu5=8 cur_cpu6=9 cur_cpu7=10 total_threads=16 blocked_threads=7 sched_lock=ok procmgr_lock=ok gpu_pci_lock=busy
[freeze-watch] uptime_ms=4262 submits=1216 completes=1218 fails=0 last_completion_ms=4262 fps_last_5s=165 cpu=3 tid=0 ctx_switches=7166 timer_ticks_cpu0=1850 timer_ticks_cpu1=2308 timer_ticks_cpu2=2291 timer_ticks_cpu3=2254 timer_ticks_cpu4=2234 timer_ticks_cpu5=2238 timer_ticks_cpu6=2264 timer_ticks_cpu7=2264 rq_total=0 rq_cpu0=0 rq_cpu1=0 rq_cpu2=0 rq_cpu3=0 rq_cpu4=0 rq_cpu5=0 rq_cpu6=0 rq_cpu7=0 cur_cpu0=0 cur_cpu1=0 cur_cpu2=0 cur_cpu3=0 cur_cpu4=0 cur_cpu5=0 cur_cpu6=0 cur_cpu7=0 total_threads=0 blocked_threads=0 sched_lock=busy procmgr_lock=ok gpu_pci_lock=busy
[heartbeat] tid=12 uptime_ms=4264
[bwm-fps] frames_since_last=157 elapsed_ms=1000 instantaneous_fps=157
[freeze-watch] uptime_ms=4765 submits=1422 completes=1424 fails=0 last_completion_ms=4761 fps_last_5s=137 cpu=1 tid=3 ctx_switches=8072 timer_ticks_cpu0=2154 timer_ticks_cpu1=2701 timer_ticks_cpu2=2676 timer_ticks_cpu3=2629 timer_ticks_cpu4=2600 timer_ticks_cpu5=2614 timer_ticks_cpu6=2641 timer_ticks_cpu7=2643 rq_total=0 rq_cpu0=0 rq_cpu1=0 rq_cpu2=0 rq_cpu3=0 rq_cpu4=0 rq_cpu5=0 rq_cpu6=0 rq_cpu7=0 cur_cpu0=0 cur_cpu1=3 cur_cpu2=5 cur_cpu3=6 cur_cpu4=7 cur_cpu5=8 cur_cpu6=9 cur_cpu7=10 total_threads=16 blocked_threads=7 sched_lock=ok procmgr_lock=ok gpu_pci_lock=busy
[virgl-composite] Frame #500: 1280x960 → 1280x960 display (first1k: 1000 nonzero, first=0x0014161e)
[heartbeat] tid=12 uptime_ms=5266
[freeze-watch] uptime_ms=5269 submits=1640 completes=1643 fails=0 last_completion_ms=5265 fps_last_5s=144 cpu=7 tid=3 ctx_switches=9050 timer_ticks_cpu0=2471 timer_ticks_cpu1=3087 timer_ticks_cpu2=3056 timer_ticks_cpu3=3004 timer_ticks_cpu4=2969 timer_ticks_cpu5=2993 timer_ticks_cpu6=3018 timer_ticks_cpu7=3018 rq_total=0 rq_cpu0=0 rq_cpu1=0 rq_cpu2=0 rq_cpu3=0 rq_cpu4=0 rq_cpu5=0 rq_cpu6=0 rq_cpu7=0 cur_cpu0=13 cur_cpu1=4 cur_cpu2=5 cur_cpu3=6 cur_cpu4=7 cur_cpu5=8 cur_cpu6=9 cur_cpu7=3 total_threads=16 blocked_threads=6 sched_lock=ok procmgr_lock=ok gpu_pci_lock=ok
[bwm-fps] frames_since_last=147 elapsed_ms=1000 instantaneous_fps=147
[freeze-watch] uptime_ms=5771 submits=1904 completes=1907 fails=0 last_completion_ms=5766 fps_last_5s=175 cpu=2 tid=3 ctx_switches=10087 timer_ticks_cpu0=2775 timer_ticks_cpu1=3477 timer_ticks_cpu2=3449 timer_ticks_cpu3=3384 timer_ticks_cpu4=3345 timer_ticks_cpu5=3371 timer_ticks_cpu6=3401 timer_ticks_cpu7=3403 rq_total=0 rq_cpu0=0 rq_cpu1=0 rq_cpu2=0 rq_cpu3=0 rq_cpu4=0 rq_cpu5=0 rq_cpu6=0 rq_cpu7=0 cur_cpu0=0 cur_cpu1=13 cur_cpu2=3 cur_cpu3=6 cur_cpu4=7 cur_cpu5=8 cur_cpu6=9 cur_cpu7=10 total_threads=16 blocked_threads=6 sched_lock=ok procmgr_lock=ok gpu_pci_lock=ok
[heartbeat] tid=12 uptime_ms=6266
[freeze-watch] uptime_ms=6277 submits=2133 completes=2135 fails=0 last_completion_ms=6273 fps_last_5s=150 cpu=4 tid=3 ctx_switches=11021 timer_ticks_cpu0=3093 timer_ticks_cpu1=3859 timer_ticks_cpu2=3827 timer_ticks_cpu3=3757 timer_ticks_cpu4=3716 timer_ticks_cpu5=3741 timer_ticks_cpu6=3780 timer_ticks_cpu7=3781 rq_total=0 rq_cpu0=0 rq_cpu1=0 rq_cpu2=0 rq_cpu3=0 rq_cpu4=0 rq_cpu5=0 rq_cpu6=0 rq_cpu7=0 cur_cpu0=0 cur_cpu1=4 cur_cpu2=5 cur_cpu3=6 cur_cpu4=3 cur_cpu5=8 cur_cpu6=9 cur_cpu7=10 total_threads=16 blocked_threads=7 sched_lock=ok procmgr_lock=ok gpu_pci_lock=busy
[bwm-fps] frames_since_last=161 elapsed_ms=1000 instantaneous_fps=161
[freeze-watch] uptime_ms=6780 submits=2333 completes=2336 fails=0 last_completion_ms=6778 fps_last_5s=133 cpu=3 tid=3 ctx_switches=11877 timer_ticks_cpu0=3411 timer_ticks_cpu1=4254 timer_ticks_cpu2=4205 timer_ticks_cpu3=4129 timer_ticks_cpu4=4077 timer_ticks_cpu5=4111 timer_ticks_cpu6=4157 timer_ticks_cpu7=4157 rq_total=0 rq_cpu0=0 rq_cpu1=0 rq_cpu2=0 rq_cpu3=0 rq_cpu4=0 rq_cpu5=0 rq_cpu6=0 rq_cpu7=0 cur_cpu0=0 cur_cpu1=13 cur_cpu2=5 cur_cpu3=3 cur_cpu4=7 cur_cpu5=8 cur_cpu6=9 cur_cpu7=10 total_threads=16 blocked_threads=6 sched_lock=ok procmgr_lock=ok gpu_pci_lock=ok
[heartbeat] tid=12 uptime_ms=7267
[freeze-watch] uptime_ms=7283 submits=2523 completes=2525 fails=0 last_completion_ms=7275 fps_last_5s=125 cpu=0 tid=3 ctx_switches=12786 timer_ticks_cpu0=3742 timer_ticks_cpu1=4644 timer_ticks_cpu2=4577 timer_ticks_cpu3=4495 timer_ticks_cpu4=4444 timer_ticks_cpu5=4483 timer_ticks_cpu6=4531 timer_ticks_cpu7=4534 rq_total=0 rq_cpu0=0 rq_cpu1=0 rq_cpu2=0 rq_cpu3=0 rq_cpu4=0 rq_cpu5=0 rq_cpu6=0 rq_cpu7=0 cur_cpu0=3 cur_cpu1=4 cur_cpu2=5 cur_cpu3=6 cur_cpu4=7 cur_cpu5=8 cur_cpu6=9 cur_cpu7=10 total_threads=16 blocked_threads=7 sched_lock=ok procmgr_lock=ok gpu_pci_lock=busy
[bwm-fps] frames_since_last=129 elapsed_ms=1007 instantaneous_fps=128
[freeze-watch] uptime_ms=7789 submits=2735 completes=2738 fails=0 last_completion_ms=7788 fps_last_5s=140 cpu=6 tid=3 ctx_switches=13783 timer_ticks_cpu0=4058 timer_ticks_cpu1=5040 timer_ticks_cpu2=4955 timer_ticks_cpu3=4877 timer_ticks_cpu4=4823 timer_ticks_cpu5=4860 timer_ticks_cpu6=4911 timer_ticks_cpu7=4918 rq_total=0 rq_cpu0=0 rq_cpu1=0 rq_cpu2=0 rq_cpu3=0 rq_cpu4=0 rq_cpu5=0 rq_cpu6=0 rq_cpu7=0 cur_cpu0=16 cur_cpu1=4 cur_cpu2=5 cur_cpu3=6 cur_cpu4=7 cur_cpu5=8 cur_cpu6=3 cur_cpu7=10 total_threads=16 blocked_threads=6 sched_lock=ok procmgr_lock=ok gpu_pci_lock=ok
[heartbeat] tid=12 uptime_ms=8270
[freeze-watch] uptime_ms=8291 submits=3023 completes=3025 fails=0 last_completion_ms=8291 fps_last_5s=189 cpu=5 tid=3 ctx_switches=14962 timer_ticks_cpu0=4347 timer_ticks_cpu1=5436 timer_ticks_cpu2=5339 timer_ticks_cpu3=5260 timer_ticks_cpu4=5194 timer_ticks_cpu5=5245 timer_ticks_cpu6=5299 timer_ticks_cpu7=5303 rq_total=0 rq_cpu0=0 rq_cpu1=0 rq_cpu2=0 rq_cpu3=0 rq_cpu4=0 rq_cpu5=0 rq_cpu6=0 rq_cpu7=0 cur_cpu0=0 cur_cpu1=4 cur_cpu2=5 cur_cpu3=6 cur_cpu4=7 cur_cpu5=3 cur_cpu6=9 cur_cpu7=10 total_threads=16 blocked_threads=7 sched_lock=ok procmgr_lock=ok gpu_pci_lock=busy
[virgl-composite] Frame #1000: 1280x960 → 1280x960 display (first1k: 1000 nonzero, first=0x0014161e)
[bwm-fps] frames_since_last=165 elapsed_ms=1005 instantaneous_fps=164
[freeze-watch] uptime_ms=8793 submits=3236 completes=3239 fails=0 last_completion_ms=8792 fps_last_5s=143 cpu=6 tid=3 ctx_switches=15936 timer_ticks_cpu0=4669 timer_ticks_cpu1=5830 timer_ticks_cpu2=5722 timer_ticks_cpu3=5644 timer_ticks_cpu4=5565 timer_ticks_cpu5=5622 timer_ticks_cpu6=5677 timer_ticks_cpu7=5687 rq_total=0 rq_cpu0=0 rq_cpu1=0 rq_cpu2=0 rq_cpu3=0 rq_cpu4=0 rq_cpu5=0 rq_cpu6=0 rq_cpu7=0 cur_cpu0=0 cur_cpu1=4 cur_cpu2=5 cur_cpu3=6 cur_cpu4=7 cur_cpu5=8 cur_cpu6=3 cur_cpu7=10 total_threads=16 blocked_threads=6 sched_lock=ok procmgr_lock=ok gpu_pci_lock=ok
[heartbeat] tid=12 uptime_ms=9270
[freeze-watch] uptime_ms=9296 submits=3460 completes=3462 fails=0 last_completion_ms=9295 fps_last_5s=147 cpu=1 tid=3 ctx_switches=16942 timer_ticks_cpu0=4987 timer_ticks_cpu1=6218 timer_ticks_cpu2=6105 timer_ticks_cpu3=6016 timer_ticks_cpu4=5939 timer_ticks_cpu5=5998 timer_ticks_cpu6=6062 timer_ticks_cpu7=6068 rq_total=0 rq_cpu0=0 rq_cpu1=0 rq_cpu2=0 rq_cpu3=0 rq_cpu4=0 rq_cpu5=0 rq_cpu6=0 rq_cpu7=0 cur_cpu0=0 cur_cpu1=3 cur_cpu2=5 cur_cpu3=6 cur_cpu4=7 cur_cpu5=8 cur_cpu6=9 cur_cpu7=10 total_threads=16 blocked_threads=6 sched_lock=ok procmgr_lock=ok gpu_pci_lock=busy
[timer] cpu0 ticks=5000
[bwm-fps] frames_since_last=148 elapsed_ms=1011 instantaneous_fps=146
[freeze-watch] uptime_ms=9799 submits=3656 completes=3659 fails=0 last_completion_ms=9798 fps_last_5s=131 cpu=2 tid=0 ctx_switches=17880 timer_ticks_cpu0=5306 timer_ticks_cpu1=6606 timer_ticks_cpu2=6490 timer_ticks_cpu3=6385 timer_ticks_cpu4=6311 timer_ticks_cpu5=6369 timer_ticks_cpu6=6436 timer_ticks_cpu7=6443 rq_total=0 rq_cpu0=0 rq_cpu1=0 rq_cpu2=0 rq_cpu3=0 rq_cpu4=0 rq_cpu5=0 rq_cpu6=0 rq_cpu7=0 cur_cpu0=0 cur_cpu1=0 cur_cpu2=0 cur_cpu3=0 cur_cpu4=0 cur_cpu5=0 cur_cpu6=0 cur_cpu7=0 total_threads=0 blocked_threads=0 sched_lock=busy procmgr_lock=ok gpu_pci_lock=ok
[heartbeat] tid=12 uptime_ms=10271
[freeze-watch] uptime_ms=10303 submits=3887 completes=3890 fails=0 last_completion_ms=10300 fps_last_5s=152 cpu=7 tid=0 ctx_switches=18891 timer_ticks_cpu0=5625 timer_ticks_cpu1=6994 timer_ticks_cpu2=6875 timer_ticks_cpu3=6762 timer_ticks_cpu4=6681 timer_ticks_cpu5=6750 timer_ticks_cpu6=6822 timer_ticks_cpu7=6830 rq_total=0 rq_cpu0=0 rq_cpu1=0 rq_cpu2=0 rq_cpu3=0 rq_cpu4=0 rq_cpu5=0 rq_cpu6=0 rq_cpu7=0 cur_cpu0=0 cur_cpu1=0 cur_cpu2=0 cur_cpu3=0 cur_cpu4=0 cur_cpu5=0 cur_cpu6=0 cur_cpu7=0 total_threads=0 blocked_threads=0 sched_lock=busy procmgr_lock=ok gpu_pci_lock=ok
[bwm-fps] frames_since_last=143 elapsed_ms=1001 instantaneous_fps=142
[heartbeat] tid=12 uptime_ms=11271
[bwm-fps] frames_since_last=137 elapsed_ms=1005 instantaneous_fps=136
[virgl-composite] Frame #1500: 1280x960 → 1280x960 display (first1k: 1000 nonzero, first=0x0014161e)
[heartbeat] tid=12 uptime_ms=12273
[bwm-fps] frames_since_last=166 elapsed_ms=1008 instantaneous_fps=164
[heartbeat] tid=12 uptime_ms=13274
[bwm-fps] frames_since_last=146 elapsed_ms=1004 instantaneous_fps=145
[heartbeat] tid=12 uptime_ms=14275
[bwm-fps] frames_since_last=141 elapsed_ms=1003 instantaneous_fps=140
[virgl-composite] Frame #2000: 1280x960 → 1280x960 display (first1k: 1000 nonzero, first=0x0014161e)
[heartbeat] tid=12 uptime_ms=15276
[freeze-watch] uptime_ms=15306 submits=6128 completes=6131 fails=0 last_completion_ms=15303 fps_last_5s=149 cpu=0 tid=3 ctx_switches=28925 timer_ticks_cpu0=8753 timer_ticks_cpu1=10897 timer_ticks_cpu2=10699 timer_ticks_cpu3=10489 timer_ticks_cpu4=10408 timer_ticks_cpu5=10465 timer_ticks_cpu6=10601 timer_ticks_cpu7=10609 rq_total=0 rq_cpu0=0 rq_cpu1=0 rq_cpu2=0 rq_cpu3=0 rq_cpu4=0 rq_cpu5=0 rq_cpu6=0 rq_cpu7=0 cur_cpu0=3 cur_cpu1=13 cur_cpu2=5 cur_cpu3=6 cur_cpu4=7 cur_cpu5=8 cur_cpu6=9 cur_cpu7=10 total_threads=16 blocked_threads=6 sched_lock=ok procmgr_lock=ok gpu_pci_lock=ok
[bwm-fps] frames_since_last=162 elapsed_ms=1004 instantaneous_fps=161
[heartbeat] tid=12 uptime_ms=16277
[bwm-fps] frames_since_last=164 elapsed_ms=1000 instantaneous_fps=164
[heartbeat] tid=12 uptime_ms=17279
[timer] cpu0 ticks=10000
[bwm-fps] frames_since_last=170 elapsed_ms=1002 instantaneous_fps=169
[virgl-composite] Frame #2500: 1280x960 → 1280x960 display (first1k: 1000 nonzero, first=0x0014161e)
[heartbeat] tid=12 uptime_ms=18280
[bwm-fps] frames_since_last=146 elapsed_ms=1005 instantaneous_fps=145
[heartbeat] tid=12 uptime_ms=19281
[bwm-fps] frames_since_last=145 elapsed_ms=1005 instantaneous_fps=144
[heartbeat] tid=12 uptime_ms=20282
[freeze-watch] uptime_ms=20310 submits=8459 completes=8462 fails=0 last_completion_ms=20307 fps_last_5s=155 cpu=3 tid=3 ctx_switches=39216 timer_ticks_cpu0=11861 timer_ticks_cpu1=14783 timer_ticks_cpu2=14530 timer_ticks_cpu3=14216 timer_ticks_cpu4=14113 timer_ticks_cpu5=14174 timer_ticks_cpu6=14380 timer_ticks_cpu7=14412 rq_total=0 rq_cpu0=0 rq_cpu1=0 rq_cpu2=0 rq_cpu3=0 rq_cpu4=0 rq_cpu5=0 rq_cpu6=0 rq_cpu7=0 cur_cpu0=0 cur_cpu1=4 cur_cpu2=13 cur_cpu3=3 cur_cpu4=7 cur_cpu5=8 cur_cpu6=9 cur_cpu7=10 total_threads=16 blocked_threads=6 sched_lock=ok procmgr_lock=ok gpu_pci_lock=ok
[bwm-fps] frames_since_last=155 elapsed_ms=1001 instantaneous_fps=154
[heartbeat] tid=12 uptime_ms=21282
[bwm-fps] frames_since_last=164 elapsed_ms=1000 instantaneous_fps=164
[virgl-composite] Frame #3000: 1280x960 → 1280x960 display (first1k: 1000 nonzero, first=0x0014161e)
[heartbeat] tid=12 uptime_ms=22283
[bwm-fps] frames_since_last=146 elapsed_ms=1004 instantaneous_fps=145
[heartbeat] tid=12 uptime_ms=23283
[bwm-fps] frames_since_last=149 elapsed_ms=1002 instantaneous_fps=148
[heartbeat] tid=12 uptime_ms=24283
[bwm-fps] frames_since_last=138 elapsed_ms=1002 instantaneous_fps=137
[virgl-composite] Frame #3500: 1280x960 → 1280x960 display (first1k: 1000 nonzero, first=0x0014161e)
[heartbeat] tid=12 uptime_ms=25284
[freeze-watch] uptime_ms=25313 submits=10667 completes=10670 fails=0 last_completion_ms=25308 fps_last_5s=147 cpu=2 tid=0 ctx_switches=48937 timer_ticks_cpu0=14979 timer_ticks_cpu1=18649 timer_ticks_cpu2=18325 timer_ticks_cpu3=17933 timer_ticks_cpu4=17779 timer_ticks_cpu5=17868 timer_ticks_cpu6=18118 timer_ticks_cpu7=18183 rq_total=0 rq_cpu0=0 rq_cpu1=0 rq_cpu2=0 rq_cpu3=0 rq_cpu4=0 rq_cpu5=0 rq_cpu6=0 rq_cpu7=0 cur_cpu0=0 cur_cpu1=0 cur_cpu2=0 cur_cpu3=0 cur_cpu4=0 cur_cpu5=0 cur_cpu6=0 cur_cpu7=0 total_threads=0 blocked_threads=0 sched_lock=busy procmgr_lock=ok gpu_pci_lock=ok
[timer] cpu0 ticks=15000
[bwm-fps] frames_since_last=137 elapsed_ms=1001 instantaneous_fps=136
[heartbeat] tid=12 uptime_ms=26285
[bwm-fps] frames_since_last=147 elapsed_ms=1004 instantaneous_fps=146
[heartbeat] tid=12 uptime_ms=27285
[bwm-fps] frames_since_last=137 elapsed_ms=1003 instantaneous_fps=136
[heartbeat] tid=12 uptime_ms=28286
[virgl-composite] Frame #4000: 1280x960 → 1280x960 display (first1k: 1000 nonzero, first=0x0014161e)
[bwm-fps] frames_since_last=164 elapsed_ms=1000 instantaneous_fps=164
[heartbeat] tid=12 uptime_ms=29286
[bwm-fps] frames_since_last=147 elapsed_ms=1000 instantaneous_fps=147
[heartbeat] tid=12 uptime_ms=30286
[freeze-watch] uptime_ms=30317 submits=12911 completes=12914 fails=0 last_completion_ms=30313 fps_last_5s=149 cpu=7 tid=3 ctx_switches=58828 timer_ticks_cpu0=18123 timer_ticks_cpu1=22530 timer_ticks_cpu2=22158 timer_ticks_cpu3=21683 timer_ticks_cpu4=21489 timer_ticks_cpu5=21599 timer_ticks_cpu6=21885 timer_ticks_cpu7=21946 rq_total=0 rq_cpu0=0 rq_cpu1=0 rq_cpu2=0 rq_cpu3=0 rq_cpu4=0 rq_cpu5=0 rq_cpu6=0 rq_cpu7=0 cur_cpu0=13 cur_cpu1=4 cur_cpu2=5 cur_cpu3=6 cur_cpu4=7 cur_cpu5=8 cur_cpu6=9 cur_cpu7=3 total_threads=16 blocked_threads=6 sched_lock=ok procmgr_lock=ok gpu_pci_lock=ok
[bwm-fps] frames_since_last=159 elapsed_ms=1004 instantaneous_fps=158
[heartbeat] tid=12 uptime_ms=31287
[bwm-fps] frames_since_last=156 elapsed_ms=1003 instantaneous_fps=155
[virgl-composite] Frame #4500: 1280x960 → 1280x960 display (first1k: 1000 nonzero, first=0x0014161e)
[heartbeat] tid=12 uptime_ms=32288
[bwm-fps] frames_since_last=163 elapsed_ms=1001 instantaneous_fps=162
[heartbeat] tid=12 uptime_ms=33288
[timer] cpu0 ticks=20000
[bwm-fps] frames_since_last=157 elapsed_ms=1000 instantaneous_fps=157
[heartbeat] tid=12 uptime_ms=34289
[bwm-fps] frames_since_last=165 elapsed_ms=1001 instantaneous_fps=164
[virgl-composite] Frame #5000: 1280x960 → 1280x960 display (first1k: 1000 nonzero, first=0x0014161e)
[heartbeat] tid=12 uptime_ms=35289
[freeze-watch] uptime_ms=35319 submits=15326 completes=15329 fails=0 last_completion_ms=35317 fps_last_5s=160 cpu=5 tid=3 ctx_switches=69242 timer_ticks_cpu0=21201 timer_ticks_cpu1=26425 timer_ticks_cpu2=25987 timer_ticks_cpu3=25445 timer_ticks_cpu4=25213 timer_ticks_cpu5=25352 timer_ticks_cpu6=25670 timer_ticks_cpu7=25749 rq_total=0 rq_cpu0=0 rq_cpu1=0 rq_cpu2=0 rq_cpu3=0 rq_cpu4=0 rq_cpu5=0 rq_cpu6=0 rq_cpu7=0 cur_cpu0=0 cur_cpu1=13 cur_cpu2=5 cur_cpu3=6 cur_cpu4=7 cur_cpu5=3 cur_cpu6=9 cur_cpu7=10 total_threads=16 blocked_threads=6 sched_lock=ok procmgr_lock=ok gpu_pci_lock=ok
[gpu-pci-lock-attrib] max_hold_ms=35 max_hold_holder_tid=13
[wake-attrib] schedule=13295 unblock=0 isr_unblock=16233 wake_io=22529 signal=0 child=0 timer=1730
[enqueue-attrib] same_lock=8041 deferred=14756 isr_buf=16233 deferred_drained=13789 isr_buf_drained=14757 already_queued=1639 isr_buf_full=0
[bwm-fps] frames_since_last=160 elapsed_ms=1008 instantaneous_fps=158
[heartbeat] tid=12 uptime_ms=36289
[bwm-fps] frames_since_last=169 elapsed_ms=1006 instantaneous_fps=167
[heartbeat] tid=12 uptime_ms=37289
[bwm-fps] frames_since_last=154 elapsed_ms=1002 instantaneous_fps=153
[virgl-composite] Frame #5500: 1280x960 → 1280x960 display (first1k: 1000 nonzero, first=0x0014161e)
[heartbeat] tid=12 uptime_ms=38290
[bwm-fps] frames_since_last=153 elapsed_ms=1002 instantaneous_fps=152
[heartbeat] tid=12 uptime_ms=39292
[bwm-fps] frames_since_last=174 elapsed_ms=1002 instantaneous_fps=173
[heartbeat] tid=12 uptime_ms=40292
[freeze-watch] uptime_ms=40325 submits=17755 completes=17757 fails=0 last_completion_ms=40325 fps_last_5s=161 cpu=3 tid=3 ctx_switches=79876 timer_ticks_cpu0=24304 timer_ticks_cpu1=30339 timer_ticks_cpu2=29843 timer_ticks_cpu3=29217 timer_ticks_cpu4=28939 timer_ticks_cpu5=29123 timer_ticks_cpu6=29472 timer_ticks_cpu7=29557 rq_total=0 rq_cpu0=0 rq_cpu1=0 rq_cpu2=0 rq_cpu3=0 rq_cpu4=0 rq_cpu5=0 rq_cpu6=0 rq_cpu7=0 cur_cpu0=13 cur_cpu1=4 cur_cpu2=5 cur_cpu3=3 cur_cpu4=7 cur_cpu5=8 cur_cpu6=9 cur_cpu7=10 total_threads=16 blocked_threads=6 sched_lock=ok procmgr_lock=ok gpu_pci_lock=busy
[bwm-fps] frames_since_last=161 elapsed_ms=1000 instantaneous_fps=161
[virgl-composite] Frame #6000: 1280x960 → 1280x960 display (first1k: 1000 nonzero, first=0x0014161e)
[heartbeat] tid=12 uptime_ms=41294
[timer] cpu0 ticks=25000
[bwm-fps] frames_since_last=166 elapsed_ms=1002 instantaneous_fps=165
[heartbeat] tid=12 uptime_ms=42294
[bwm-fps] frames_since_last=147 elapsed_ms=1002 instantaneous_fps=146
[heartbeat] tid=12 uptime_ms=43295
[bwm-fps] frames_since_last=146 elapsed_ms=1007 instantaneous_fps=144
[heartbeat] tid=12 uptime_ms=44296
[virgl-composite] Frame #6500: 1280x960 → 1280x960 display (first1k: 1000 nonzero, first=0x0014161e)
[bwm-fps] frames_since_last=140 elapsed_ms=1001 instantaneous_fps=139
[heartbeat] tid=12 uptime_ms=45306
[freeze-watch] uptime_ms=45327 submits=19961 completes=19964 fails=0 last_completion_ms=45321 fps_last_5s=147 cpu=2 tid=3 ctx_switches=89829 timer_ticks_cpu0=27460 timer_ticks_cpu1=34220 timer_ticks_cpu2=33652 timer_ticks_cpu3=32970 timer_ticks_cpu4=32663 timer_ticks_cpu5=32869 timer_ticks_cpu6=33253 timer_ticks_cpu7=33354 rq_total=0 rq_cpu0=0 rq_cpu1=0 rq_cpu2=0 rq_cpu3=0 rq_cpu4=0 rq_cpu5=0 rq_cpu6=0 rq_cpu7=0 cur_cpu0=0 cur_cpu1=13 cur_cpu2=3 cur_cpu3=6 cur_cpu4=7 cur_cpu5=8 cur_cpu6=9 cur_cpu7=10 total_threads=16 blocked_threads=6 sched_lock=ok procmgr_lock=ok gpu_pci_lock=ok
[bwm-fps] frames_since_last=136 elapsed_ms=1007 instantaneous_fps=135
[heartbeat] tid=12 uptime_ms=46306
[bwm-fps] frames_since_last=153 elapsed_ms=1002 instantaneous_fps=152
[heartbeat] tid=12 uptime_ms=47307
[bwm-fps] frames_since_last=147 elapsed_ms=1010 instantaneous_fps=145
[virgl-composite] Frame #7000: 1280x960 → 1280x960 display (first1k: 1000 nonzero, first=0x0014161e)
[heartbeat] tid=12 uptime_ms=48308
[bwm-fps] frames_since_last=150 elapsed_ms=1005 instantaneous_fps=149
[heartbeat] tid=12 uptime_ms=49308
[timer] cpu0 ticks=30000
[bwm-fps] frames_since_last=152 elapsed_ms=1004 instantaneous_fps=151
[heartbeat] tid=12 uptime_ms=50308
[freeze-watch] uptime_ms=50330 submits=22219 completes=22221 fails=0 last_completion_ms=50329 fps_last_5s=150 cpu=4 tid=3 ctx_switches=99883 timer_ticks_cpu0=30607 timer_ticks_cpu1=38092 timer_ticks_cpu2=37445 timer_ticks_cpu3=36694 timer_ticks_cpu4=36377 timer_ticks_cpu5=36606 timer_ticks_cpu6=37037 timer_ticks_cpu7=37124 rq_total=0 rq_cpu0=0 rq_cpu1=0 rq_cpu2=0 rq_cpu3=0 rq_cpu4=0 rq_cpu5=0 rq_cpu6=0 rq_cpu7=0 cur_cpu0=0 cur_cpu1=4 cur_cpu2=5 cur_cpu3=6 cur_cpu4=3 cur_cpu5=8 cur_cpu6=9 cur_cpu7=10 total_threads=16 blocked_threads=6 sched_lock=ok procmgr_lock=ok gpu_pci_lock=busy
[bwm-fps] frames_since_last=160 elapsed_ms=1006 instantaneous_fps=159
[virgl-composite] Frame #7500: 1280x960 → 1280x960 display (first1k: 1000 nonzero, first=0x0014161e)
[heartbeat] tid=12 uptime_ms=51310
[bwm-fps] frames_since_last=152 elapsed_ms=1010 instantaneous_fps=150
[heartbeat] tid=12 uptime_ms=52310
[bwm-fps] frames_since_last=162 elapsed_ms=1001 instantaneous_fps=161
[heartbeat] tid=12 uptime_ms=53311
[bwm-fps] frames_since_last=142 elapsed_ms=1000 instantaneous_fps=142
[heartbeat] tid=12 uptime_ms=54314
[virgl-composite] Frame #8000: 1280x960 → 1280x960 display (first1k: 1000 nonzero, first=0x0014161e)
[bwm-fps] frames_since_last=155 elapsed_ms=1003 instantaneous_fps=154
[heartbeat] tid=12 uptime_ms=55314
[freeze-watch] uptime_ms=55332 submits=24551 completes=24554 fails=0 last_completion_ms=55328 fps_last_5s=155 cpu=5 tid=3 ctx_switches=110123 timer_ticks_cpu0=33700 timer_ticks_cpu1=41963 timer_ticks_cpu2=41278 timer_ticks_cpu3=40446 timer_ticks_cpu4=40105 timer_ticks_cpu5=40339 timer_ticks_cpu6=40809 timer_ticks_cpu7=40907 rq_total=0 rq_cpu0=0 rq_cpu1=0 rq_cpu2=0 rq_cpu3=0 rq_cpu4=0 rq_cpu5=0 rq_cpu6=0 rq_cpu7=0 cur_cpu0=0 cur_cpu1=4 cur_cpu2=5 cur_cpu3=6 cur_cpu4=7 cur_cpu5=3 cur_cpu6=9 cur_cpu7=10 total_threads=16 blocked_threads=6 sched_lock=ok procmgr_lock=ok gpu_pci_lock=ok
[bwm-fps] frames_since_last=164 elapsed_ms=1000 instantaneous_fps=164
[heartbeat] tid=12 uptime_ms=56314
[bwm-fps] frames_since_last=152 elapsed_ms=1002 instantaneous_fps=151
[heartbeat] tid=12 uptime_ms=57315
[timer] cpu0 ticks=35000
[bwm-fps] frames_since_last=145 elapsed_ms=1001 instantaneous_fps=144
[virgl-composite] Frame #8500: 1280x960 → 1280x960 display (first1k: 1000 nonzero, first=0x0014161e)
[heartbeat] tid=12 uptime_ms=58316
[bwm-fps] frames_since_last=155 elapsed_ms=1002 instantaneous_fps=154
[heartbeat] tid=12 uptime_ms=59317
+ case "$line" in
+ IFS=
+ read -r line
+ case "$line" in
+ IFS=
+ read -r line
+ case "$line" in
+ IFS=
+ read -r line
+ case "$line" in
+ IFS=
+ read -r line
+ case "$line" in
+ echo '[parallels-log] 05-20 00:42:37.317 F /StateMachine:72609:59bebba/ VCPU0 state(VcpuStateRunning): changed to VcpuStateStopped'
[parallels-log] 05-20 00:42:37.317 F /StateMachine:72609:59bebba/ VCPU0 state(VcpuStateRunning): changed to VcpuStateStopped
+ IFS=
+ read -r line
+ case "$line" in
+ IFS=
+ read -r line
+ case "$line" in
+ IFS=
+ read -r line
+ case "$line" in
+ echo '[parallels-log] 05-20 00:42:37.317 F /StateMachine:72609:59bebbb/ VCPU1 state(VcpuStateRunning): changed to VcpuStateStopped'
[parallels-log] 05-20 00:42:37.317 F /StateMachine:72609:59bebbb/ VCPU1 state(VcpuStateRunning): changed to VcpuStateStopped
+ IFS=
+ read -r line
+ case "$line" in
+ echo '[parallels-log] 05-20 00:42:37.317 F /StateMachine:72609:59bebbc/ VCPU2 state(VcpuStateRunning): changed to VcpuStateStopped'
[parallels-log] 05-20 00:42:37.317 F /StateMachine:72609:59bebbc/ VCPU2 state(VcpuStateRunning): changed to VcpuStateStopped
+ IFS=
+ read -r line
+ case "$line" in
+ IFS=
+ read -r line
+ case "$line" in
+ IFS=
+ read -r line
+ case "$line" in
+ IFS=
+ read -r line
+ case "$line" in
+ echo '[parallels-log] 05-20 00:42:37.317 F /StateMachine:72609:59bebbf/ VCPU5 state(VcpuStateRunning): changed to VcpuStateStopped'
[parallels-log] 05-20 00:42:37.317 F /StateMachine:72609:59bebbf/ VCPU5 state(VcpuStateRunning): changed to VcpuStateStopped
+ IFS=
+ read -r line
+ case "$line" in
+ IFS=
+ read -r line
+ case "$line" in
+ echo '[parallels-log] 05-20 00:42:37.317 F /StateMachine:72609:59bebc1/ VCPU7 state(VcpuStateRunning): changed to VcpuStateStopped'
[parallels-log] 05-20 00:42:37.317 F /StateMachine:72609:59bebc1/ VCPU7 state(VcpuStateRunning): changed to VcpuStateStopped
+ IFS=
+ read -r line
+ case "$line" in
+ IFS=
+ read -r line
+ case "$line" in
+ IFS=
+ read -r line
+ case "$line" in
+ IFS=
+ read -r line
+ case "$line" in
+ IFS=
+ read -r line
+ case "$line" in
+ echo '[parallels-log] 05-20 00:42:37.317 F /StateMachine:72609:59bebbd/ VCPU3 state(VcpuStateRunning): changed to VcpuStateStopped'
[parallels-log] 05-20 00:42:37.317 F /StateMachine:72609:59bebbd/ VCPU3 state(VcpuStateRunning): changed to VcpuStateStopped
+ IFS=
+ read -r line
+ case "$line" in
+ IFS=
+ read -r line
+ case "$line" in
+ IFS=
+ read -r line
+ case "$line" in
+ IFS=
+ read -r line
+ case "$line" in
+ echo '[parallels-log] 05-20 00:42:37.317 F /StateMachine:72609:59bebc0/ VCPU6 state(VcpuStateRunning): changed to VcpuStateStopped'
[parallels-log] 05-20 00:42:37.317 F /StateMachine:72609:59bebc0/ VCPU6 state(VcpuStateRunning): changed to VcpuStateStopped
+ IFS=
+ read -r line
+ case "$line" in
+ echo '[parallels-log] 05-20 00:42:37.317 F /StateMachine:72609:59bebbe/ VCPU4 state(VcpuStateRunning): changed to VcpuStateStopped'
[parallels-log] 05-20 00:42:37.317 F /StateMachine:72609:59bebbe/ VCPU4 state(VcpuStateRunning): changed to VcpuStateStopped
+ IFS=
+ read -r line
+ case "$line" in
+ IFS=
+ read -r line
+ case "$line" in
+ IFS=
+ read -r line
+ case "$line" in
+ IFS=
+ read -r line
+ case "$line" in
+ IFS=
+ read -r line
+ case "$line" in
+ echo '[parallels-log] 05-20 00:42:37.324 F /StateMachine:72609:59bea97/ VCPU7 state(VcpuStateStopped): enqueued '\''VcpuCmdTerminate'\''(4) command'
[parallels-log] 05-20 00:42:37.324 F /StateMachine:72609:59bea97/ VCPU7 state(VcpuStateStopped): enqueued 'VcpuCmdTerminate'(4) command
+ IFS=
+ read -r line
+ case "$line" in
+ IFS=
+ read -r line
+ case "$line" in
+ echo '[parallels-log] 05-20 00:42:37.324 F /StateMachine:72609:59bea97/ VCPU6 state(VcpuStateStopped): enqueued '\''VcpuCmdTerminate'\''(4) command'
[parallels-log] 05-20 00:42:37.324 F /StateMachine:72609:59bea97/ VCPU6 state(VcpuStateStopped): enqueued 'VcpuCmdTerminate'(4) command
+ IFS=
+ read -r line
+ case "$line" in
+ IFS=
+ read -r line
+ case "$line" in
+ echo '[parallels-log] 05-20 00:42:37.324 F /StateMachine:72609:59bea97/ VCPU5 state(VcpuStateStopped): enqueued '\''VcpuCmdTerminate'\''(4) command'
[parallels-log] 05-20 00:42:37.324 F /StateMachine:72609:59bea97/ VCPU5 state(VcpuStateStopped): enqueued 'VcpuCmdTerminate'(4) command
+ IFS=
+ read -r line
+ case "$line" in
+ IFS=
+ read -r line
+ case "$line" in
+ echo '[parallels-log] 05-20 00:42:37.324 F /StateMachine:72609:59bea97/ VCPU4 state(VcpuStateStopped): enqueued '\''VcpuCmdTerminate'\''(4) command'
[parallels-log] 05-20 00:42:37.324 F /StateMachine:72609:59bea97/ VCPU4 state(VcpuStateStopped): enqueued 'VcpuCmdTerminate'(4) command
+ IFS=
+ read -r line
+ case "$line" in
+ echo '[parallels-log] 05-20 00:42:37.324 F /StateMachine:72609:59bebc1/ VCPU7 state(VcpuStateStopped): changed to VcpuStateTerminated'
[parallels-log] 05-20 00:42:37.324 F /StateMachine:72609:59bebc1/ VCPU7 state(VcpuStateStopped): changed to VcpuStateTerminated
+ IFS=
+ read -r line
+ case "$line" in
+ echo '[parallels-log] 05-20 00:42:37.324 F /StateMachine:72609:59bebc0/ VCPU6 state(VcpuStateStopped): changed to VcpuStateTerminated'
[parallels-log] 05-20 00:42:37.324 F /StateMachine:72609:59bebc0/ VCPU6 state(VcpuStateStopped): changed to VcpuStateTerminated
+ IFS=
+ read -r line
+ case "$line" in
+ echo '[parallels-log] 05-20 00:42:37.324 F /StateMachine:72609:59bebc1/ VCPU7 state(VcpuStateTerminated): completed current '\''VcpuCmdTerminate'\''(4) command with result 0x0'
[parallels-log] 05-20 00:42:37.324 F /StateMachine:72609:59bebc1/ VCPU7 state(VcpuStateTerminated): completed current 'VcpuCmdTerminate'(4) command with result 0x0
+ IFS=
+ read -r line
+ case "$line" in
+ echo '[parallels-log] 05-20 00:42:37.324 F /StateMachine:72609:59bebbf/ VCPU5 state(VcpuStateStopped): changed to VcpuStateTerminated'
[parallels-log] 05-20 00:42:37.324 F /StateMachine:72609:59bebbf/ VCPU5 state(VcpuStateStopped): changed to VcpuStateTerminated
+ IFS=
+ read -r line
+ case "$line" in
+ IFS=
+ read -r line
+ case "$line" in
+ echo '[parallels-log] 05-20 00:42:37.324 F /StateMachine:72609:59bebc0/ VCPU6 state(VcpuStateTerminated): completed current '\''VcpuCmdTerminate'\''(4) command with result 0x0'
[parallels-log] 05-20 00:42:37.324 F /StateMachine:72609:59bebc0/ VCPU6 state(VcpuStateTerminated): completed current 'VcpuCmdTerminate'(4) command with result 0x0
+ IFS=
+ read -r line
+ case "$line" in
+ echo '[parallels-log] 05-20 00:42:37.324 F /StateMachine:72609:59bea97/ VCPU3 state(VcpuStateStopped): enqueued '\''VcpuCmdTerminate'\''(4) command'
[parallels-log] 05-20 00:42:37.324 F /StateMachine:72609:59bea97/ VCPU3 state(VcpuStateStopped): enqueued 'VcpuCmdTerminate'(4) command
+ IFS=
+ read -r line
+ case "$line" in
+ echo '[parallels-log] 05-20 00:42:37.324 F /StateMachine:72609:59bebbf/ VCPU5 state(VcpuStateTerminated): completed current '\''VcpuCmdTerminate'\''(4) command with result 0x0'
[parallels-log] 05-20 00:42:37.324 F /StateMachine:72609:59bebbf/ VCPU5 state(VcpuStateTerminated): completed current 'VcpuCmdTerminate'(4) command with result 0x0
+ IFS=
+ read -r line
+ case "$line" in
+ echo '[parallels-log] 05-20 00:42:37.324 F /StateMachine:72609:59bebbe/ VCPU4 state(VcpuStateStopped): changed to VcpuStateTerminated'
[parallels-log] 05-20 00:42:37.324 F /StateMachine:72609:59bebbe/ VCPU4 state(VcpuStateStopped): changed to VcpuStateTerminated
+ IFS=
+ read -r line
+ case "$line" in
+ IFS=
+ read -r line
+ case "$line" in
+ echo '[parallels-log] 05-20 00:42:37.324 F /StateMachine:72609:59bebbe/ VCPU4 state(VcpuStateTerminated): completed current '\''VcpuCmdTerminate'\''(4) command with result 0x0'
[parallels-log] 05-20 00:42:37.324 F /StateMachine:72609:59bebbe/ VCPU4 state(VcpuStateTerminated): completed current 'VcpuCmdTerminate'(4) command with result 0x0
+ IFS=
+ read -r line
+ case "$line" in
+ echo '[parallels-log] 05-20 00:42:37.324 F /StateMachine:72609:59bea97/ VCPU2 state(VcpuStateStopped): enqueued '\''VcpuCmdTerminate'\''(4) command'
[parallels-log] 05-20 00:42:37.324 F /StateMachine:72609:59bea97/ VCPU2 state(VcpuStateStopped): enqueued 'VcpuCmdTerminate'(4) command
+ IFS=
+ read -r line
+ case "$line" in
+ IFS=
+ read -r line
+ case "$line" in
+ echo '[parallels-log] 05-20 00:42:37.324 F /StateMachine:72609:59bea97/ VCPU1 state(VcpuStateStopped): enqueued '\''VcpuCmdTerminate'\''(4) command'
[parallels-log] 05-20 00:42:37.324 F /StateMachine:72609:59bea97/ VCPU1 state(VcpuStateStopped): enqueued 'VcpuCmdTerminate'(4) command
+ IFS=
+ read -r line
+ case "$line" in
+ echo '[parallels-log] 05-20 00:42:37.324 F /StateMachine:72609:59bebbd/ VCPU3 state(VcpuStateStopped): changed to VcpuStateTerminated'
[parallels-log] 05-20 00:42:37.324 F /StateMachine:72609:59bebbd/ VCPU3 state(VcpuStateStopped): changed to VcpuStateTerminated
+ IFS=
+ read -r line
+ case "$line" in
+ IFS=
+ read -r line
+ case "$line" in
+ echo '[parallels-log] 05-20 00:42:37.324 F /StateMachine:72609:59bebbd/ VCPU3 state(VcpuStateTerminated): completed current '\''VcpuCmdTerminate'\''(4) command with result 0x0'
[parallels-log] 05-20 00:42:37.324 F /StateMachine:72609:59bebbd/ VCPU3 state(VcpuStateTerminated): completed current 'VcpuCmdTerminate'(4) command with result 0x0
+ IFS=
+ read -r line
+ case "$line" in
+ echo '[parallels-log] 05-20 00:42:37.324 F /StateMachine:72609:59bea97/ VCPU0 state(VcpuStateStopped): enqueued '\''VcpuCmdTerminate'\''(4) command'
[parallels-log] 05-20 00:42:37.324 F /StateMachine:72609:59bea97/ VCPU0 state(VcpuStateStopped): enqueued 'VcpuCmdTerminate'(4) command
+ IFS=
+ read -r line
+ case "$line" in
+ echo '[parallels-log] 05-20 00:42:37.324 F /StateMachine:72609:59bebbc/ VCPU2 state(VcpuStateStopped): changed to VcpuStateTerminated'
[parallels-log] 05-20 00:42:37.324 F /StateMachine:72609:59bebbc/ VCPU2 state(VcpuStateStopped): changed to VcpuStateTerminated
+ IFS=
+ read -r line
+ case "$line" in
+ echo '[parallels-log] 05-20 00:42:37.324 F /vm:72609:59bea97/ Wait for the VCPU threads to stop'
[parallels-log] 05-20 00:42:37.324 F /vm:72609:59bea97/ Wait for the VCPU threads to stop
+ IFS=
+ read -r line
+ case "$line" in
+ echo '[parallels-log] 05-20 00:42:37.324 F /StateMachine:72609:59bebbb/ VCPU1 state(VcpuStateStopped): changed to VcpuStateTerminated'
[parallels-log] 05-20 00:42:37.324 F /StateMachine:72609:59bebbb/ VCPU1 state(VcpuStateStopped): changed to VcpuStateTerminated
+ IFS=
+ read -r line
+ case "$line" in
+ echo '[parallels-log] 05-20 00:42:37.324 F /StateMachine:72609:59bebba/ VCPU0 state(VcpuStateStopped): changed to VcpuStateTerminated'
[parallels-log] 05-20 00:42:37.324 F /StateMachine:72609:59bebba/ VCPU0 state(VcpuStateStopped): changed to VcpuStateTerminated
+ IFS=
+ read -r line
+ case "$line" in
+ echo '[parallels-log] 05-20 00:42:37.324 F /StateMachine:72609:59bebbc/ VCPU2 state(VcpuStateTerminated): completed current '\''VcpuCmdTerminate'\''(4) command with result 0x0'
[parallels-log] 05-20 00:42:37.324 F /StateMachine:72609:59bebbc/ VCPU2 state(VcpuStateTerminated): completed current 'VcpuCmdTerminate'(4) command with result 0x0
+ IFS=
+ read -r line
+ case "$line" in
+ IFS=
+ read -r line
+ case "$line" in
+ echo '[parallels-log] 05-20 00:42:37.324 F /StateMachine:72609:59bebba/ VCPU0 state(VcpuStateTerminated): completed current '\''VcpuCmdTerminate'\''(4) command with result 0x0'
[parallels-log] 05-20 00:42:37.324 F /StateMachine:72609:59bebba/ VCPU0 state(VcpuStateTerminated): completed current 'VcpuCmdTerminate'(4) command with result 0x0
+ IFS=
+ read -r line
+ case "$line" in
+ IFS=
+ read -r line
+ case "$line" in
+ IFS=
+ read -r line
+ case "$line" in
+ IFS=
+ read -r line
+ case "$line" in
+ echo '[parallels-log] 05-20 00:42:37.324 F /StateMachine:72609:59bebbb/ VCPU1 state(VcpuStateTerminated): completed current '\''VcpuCmdTerminate'\''(4) command with result 0x0'
[parallels-log] 05-20 00:42:37.324 F /StateMachine:72609:59bebbb/ VCPU1 state(VcpuStateTerminated): completed current 'VcpuCmdTerminate'(4) command with result 0x0
+ IFS=
+ read -r line
+ case "$line" in
+ IFS=
+ read -r line
+ case "$line" in
+ IFS=
+ read -r line
+ case "$line" in
+ IFS=
+ read -r line
+ case "$line" in
+ IFS=
+ read -r line
+ case "$line" in
+ IFS=
+ read -r line
+ case "$line" in
+ IFS=
+ read -r line
+ case "$line" in
+ IFS=
+ read -r line
+ case "$line" in
+ IFS=
+ read -r line
+ case "$line" in
+ IFS=
+ read -r line
+ case "$line" in
+ IFS=
+ read -r line
+ case "$line" in
+ IFS=
+ read -r line
+ case "$line" in
+ IFS=
+ read -r line
+ case "$line" in
+ IFS=
+ read -r line
+ case "$line" in
+ IFS=
+ read -r line
+ case "$line" in
+ IFS=
+ read -r line
+ case "$line" in
+ IFS=
+ read -r line
+ case "$line" in
+ IFS=
+ read -r line
+ case "$line" in
+ IFS=
+ read -r line
+ case "$line" in
+ IFS=
+ read -r line
+ case "$line" in
+ IFS=
+ read -r line
+ case "$line" in
+ IFS=
+ read -r line
+ case "$line" in
+ IFS=
+ read -r line
+ case "$line" in
+ IFS=
+ read -r line
+ case "$line" in
+ IFS=
+ read -r line
+ case "$line" in
+ IFS=
+ read -r line
+ case "$line" in
+ IFS=
+ read -r line
+ case "$line" in
+ IFS=
+ read -r line
+ case "$line" in
+ IFS=
+ read -r line
+ case "$line" in
+ IFS=
+ read -r line
+ case "$line" in
+ echo '[parallels-log] 05-20 00:42:37.349 F /StateMachine:72609:59bea97/ VCPU7 state(VcpuStateTerminated): enqueued '\''VcpuCmdTerminate'\''(4) command'
[parallels-log] 05-20 00:42:37.349 F /StateMachine:72609:59bea97/ VCPU7 state(VcpuStateTerminated): enqueued 'VcpuCmdTerminate'(4) command
+ IFS=
+ read -r line
+ case "$line" in
+ IFS=
+ read -r line
+ case "$line" in
+ echo '[parallels-log] 05-20 00:42:37.349 F /StateMachine:72609:59bea97/ VCPU6 state(VcpuStateTerminated): enqueued '\''VcpuCmdTerminate'\''(4) command'
[parallels-log] 05-20 00:42:37.349 F /StateMachine:72609:59bea97/ VCPU6 state(VcpuStateTerminated): enqueued 'VcpuCmdTerminate'(4) command
+ IFS=
+ read -r line
+ case "$line" in
+ IFS=
+ read -r line
+ case "$line" in
+ echo '[parallels-log] 05-20 00:42:37.349 F /StateMachine:72609:59bea97/ VCPU5 state(VcpuStateTerminated): enqueued '\''VcpuCmdTerminate'\''(4) command'
[parallels-log] 05-20 00:42:37.349 F /StateMachine:72609:59bea97/ VCPU5 state(VcpuStateTerminated): enqueued 'VcpuCmdTerminate'(4) command
+ IFS=
+ read -r line
+ case "$line" in
+ IFS=
+ read -r line
+ case "$line" in
+ echo '[parallels-log] 05-20 00:42:37.349 F /StateMachine:72609:59bea97/ VCPU4 state(VcpuStateTerminated): enqueued '\''VcpuCmdTerminate'\''(4) command'
[parallels-log] 05-20 00:42:37.349 F /StateMachine:72609:59bea97/ VCPU4 state(VcpuStateTerminated): enqueued 'VcpuCmdTerminate'(4) command
+ IFS=
+ read -r line
+ case "$line" in
+ IFS=
+ read -r line
+ case "$line" in
+ echo '[parallels-log] 05-20 00:42:37.349 F /StateMachine:72609:59bea97/ VCPU3 state(VcpuStateTerminated): enqueued '\''VcpuCmdTerminate'\''(4) command'
[parallels-log] 05-20 00:42:37.349 F /StateMachine:72609:59bea97/ VCPU3 state(VcpuStateTerminated): enqueued 'VcpuCmdTerminate'(4) command
+ IFS=
+ read -r line
+ case "$line" in
+ IFS=
+ read -r line
+ case "$line" in
+ echo '[parallels-log] 05-20 00:42:37.349 F /StateMachine:72609:59bea97/ VCPU2 state(VcpuStateTerminated): enqueued '\''VcpuCmdTerminate'\''(4) command'
[parallels-log] 05-20 00:42:37.349 F /StateMachine:72609:59bea97/ VCPU2 state(VcpuStateTerminated): enqueued 'VcpuCmdTerminate'(4) command
+ IFS=
+ read -r line
+ case "$line" in
+ IFS=
+ read -r line
+ case "$line" in
+ echo '[parallels-log] 05-20 00:42:37.349 F /StateMachine:72609:59bea97/ VCPU1 state(VcpuStateTerminated): enqueued '\''VcpuCmdTerminate'\''(4) command'
[parallels-log] 05-20 00:42:37.349 F /StateMachine:72609:59bea97/ VCPU1 state(VcpuStateTerminated): enqueued 'VcpuCmdTerminate'(4) command
+ IFS=
+ read -r line
+ case "$line" in
+ IFS=
+ read -r line
+ case "$line" in
+ echo '[parallels-log] 05-20 00:42:37.349 F /StateMachine:72609:59bea97/ VCPU0 state(VcpuStateTerminated): enqueued '\''VcpuCmdTerminate'\''(4) command'
[parallels-log] 05-20 00:42:37.349 F /StateMachine:72609:59bea97/ VCPU0 state(VcpuStateTerminated): enqueued 'VcpuCmdTerminate'(4) command
+ IFS=
+ read -r line
+ case "$line" in
+ IFS=
+ read -r line
+ case "$line" in
+ IFS=
+ read -r line
+ case "$line" in
+ IFS=
+ read -r line
+ case "$line" in
+ IFS=
+ read -r line
+ case "$line" in
+ IFS=
+ read -r line
+ case "$line" in
+ IFS=
+ read -r line
+ case "$line" in
+ IFS=
+ read -r line
+ case "$line" in
+ IFS=
+ read -r line
+ case "$line" in
+ IFS=
+ read -r line
+ case "$line" in
+ IFS=
+ read -r line
+ case "$line" in
+ IFS=
+ read -r line
+ case "$line" in
+ IFS=
+ read -r line
+ case "$line" in
+ IFS=
+ read -r line
+ case "$line" in
+ IFS=
+ read -r line
+ case "$line" in
+ IFS=
+ read -r line
+ case "$line" in
+ IFS=
+ read -r line
+ case "$line" in
+ IFS=
+ read -r line
+ case "$line" in
+ IFS=
+ read -r line
+ case "$line" in
+ IFS=
+ read -r line
+ case "$line" in
+ IFS=
+ read -r line
+ case "$line" in
+ IFS=
+ read -r line
+ case "$line" in
+ IFS=
+ read -r line
+ case "$line" in
+ IFS=
+ read -r line
+ case "$line" in
+ IFS=
+ read -r line
+ case "$line" in
+ IFS=
+ read -r line
+ case "$line" in
+ IFS=
+ read -r line
+ case "$line" in
+ IFS=
+ read -r line
+ case "$line" in
+ IFS=
+ read -r line
+ case "$line" in
+ IFS=
+ read -r line
+ case "$line" in
+ IFS=
+ read -r line
+ case "$line" in
+ IFS=
+ read -r line
+ case "$line" in
+ IFS=
+ read -r line
+ case "$line" in
+ IFS=
+ read -r line
+ case "$line" in
+ IFS=
+ read -r line
+ case "$line" in
+ IFS=
+ read -r line
+ case "$line" in
+ IFS=
+ read -r line
+ case "$line" in
+ IFS=
+ read -r line
+ case "$line" in
+ IFS=
+ read -r line
+ case "$line" in
+ IFS=
+ read -r line
+ case "$line" in
+ echo '[parallels-log] 05-20 00:42:37.399 F /StateMachine:72609:59bea97/ VCPU7 state(VcpuStateTerminated): completed current '\''VcpuCmdTerminate'\''(4) command with result 0xfffffff7'
[parallels-log] 05-20 00:42:37.399 F /StateMachine:72609:59bea97/ VCPU7 state(VcpuStateTerminated): completed current 'VcpuCmdTerminate'(4) command with result 0xfffffff7
+ IFS=
+ read -r line
+ case "$line" in
+ echo '[parallels-log] 05-20 00:42:37.399 F /StateMachine:72609:59bea97/ VCPU6 state(VcpuStateTerminated): completed current '\''VcpuCmdTerminate'\''(4) command with result 0xfffffff7'
[parallels-log] 05-20 00:42:37.399 F /StateMachine:72609:59bea97/ VCPU6 state(VcpuStateTerminated): completed current 'VcpuCmdTerminate'(4) command with result 0xfffffff7
+ IFS=
+ read -r line
+ case "$line" in
+ echo '[parallels-log] 05-20 00:42:37.399 F /StateMachine:72609:59bea97/ VCPU5 state(VcpuStateTerminated): completed current '\''VcpuCmdTerminate'\''(4) command with result 0xfffffff7'
[parallels-log] 05-20 00:42:37.399 F /StateMachine:72609:59bea97/ VCPU5 state(VcpuStateTerminated): completed current 'VcpuCmdTerminate'(4) command with result 0xfffffff7
+ IFS=
+ read -r line
+ case "$line" in
+ echo '[parallels-log] 05-20 00:42:37.399 F /StateMachine:72609:59bea97/ VCPU4 state(VcpuStateTerminated): completed current '\''VcpuCmdTerminate'\''(4) command with result 0xfffffff7'
[parallels-log] 05-20 00:42:37.399 F /StateMachine:72609:59bea97/ VCPU4 state(VcpuStateTerminated): completed current 'VcpuCmdTerminate'(4) command with result 0xfffffff7
+ IFS=
+ read -r line
+ case "$line" in
+ echo '[parallels-log] 05-20 00:42:37.399 F /StateMachine:72609:59bea97/ VCPU3 state(VcpuStateTerminated): completed current '\''VcpuCmdTerminate'\''(4) command with result 0xfffffff7'
[parallels-log] 05-20 00:42:37.399 F /StateMachine:72609:59bea97/ VCPU3 state(VcpuStateTerminated): completed current 'VcpuCmdTerminate'(4) command with result 0xfffffff7
+ IFS=
+ read -r line
+ case "$line" in
+ echo '[parallels-log] 05-20 00:42:37.399 F /StateMachine:72609:59bea97/ VCPU2 state(VcpuStateTerminated): completed current '\''VcpuCmdTerminate'\''(4) command with result 0xfffffff7'
[parallels-log] 05-20 00:42:37.399 F /StateMachine:72609:59bea97/ VCPU2 state(VcpuStateTerminated): completed current 'VcpuCmdTerminate'(4) command with result 0xfffffff7
+ IFS=
+ read -r line
+ case "$line" in
+ echo '[parallels-log] 05-20 00:42:37.399 F /StateMachine:72609:59bea97/ VCPU1 state(VcpuStateTerminated): completed current '\''VcpuCmdTerminate'\''(4) command with result 0xfffffff7'
[parallels-log] 05-20 00:42:37.399 F /StateMachine:72609:59bea97/ VCPU1 state(VcpuStateTerminated): completed current 'VcpuCmdTerminate'(4) command with result 0xfffffff7
+ IFS=
+ read -r line
+ case "$line" in
+ echo '[parallels-log] 05-20 00:42:37.399 F /StateMachine:72609:59bea97/ VCPU0 state(VcpuStateTerminated): completed current '\''VcpuCmdTerminate'\''(4) command with result 0xfffffff7'
[parallels-log] 05-20 00:42:37.399 F /StateMachine:72609:59bea97/ VCPU0 state(VcpuStateTerminated): completed current 'VcpuCmdTerminate'(4) command with result 0xfffffff7
+ IFS=
+ read -r line
+ case "$line" in
+ IFS=
+ read -r line
+ case "$line" in
+ IFS=
+ read -r line
+ case "$line" in
+ IFS=
+ read -r line
+ case "$line" in
+ IFS=
+ read -r line
+ case "$line" in
+ IFS=
+ read -r line
+ case "$line" in
+ IFS=
+ read -r line
+ case "$line" in
+ IFS=
+ read -r line
+ case "$line" in
+ IFS=
+ read -r line
+ case "$line" in
+ IFS=
+ read -r line
+ case "$line" in
+ IFS=
+ read -r line
+ case "$line" in
+ IFS=
+ read -r line
+ case "$line" in
+ IFS=
+ read -r line
+ case "$line" in
+ IFS=
+ read -r line
+ case "$line" in
+ IFS=
+ read -r line
+ case "$line" in
+ IFS=
+ read -r line
+ case "$line" in
+ IFS=
+ read -r line
+ case "$line" in
+ IFS=
+ read -r line
+ case "$line" in
+ IFS=
+ read -r line
+ case "$line" in
+ IFS=
+ read -r line
+ case "$line" in
+ IFS=
+ read -r line
+ case "$line" in
+ IFS=
+ read -r line
+ case "$line" in
+ IFS=
+ read -r line
+ case "$line" in
+ IFS=
+ read -r line
+ case "$line" in
+ IFS=
+ read -r line
+ case "$line" in
+ IFS=
+ read -r line
+ case "$line" in
+ IFS=
+ read -r line
+ case "$line" in
+ IFS=
+ read -r line
+ case "$line" in
+ IFS=
+ read -r line
+ case "$line" in
+ IFS=
+ read -r line
+ case "$line" in
+ IFS=
+ read -r line
+ case "$line" in
+ IFS=
+ read -r line
+ case "$line" in
+ IFS=
+ read -r line
+ case "$line" in
+ IFS=
+ read -r line
+ case "$line" in
+ IFS=
+ read -r line
+ case "$line" in
+ IFS=
+ read -r line
+ case "$line" in
+ IFS=
+ read -r line
+ case "$line" in
+ IFS=
+ read -r line
+ case "$line" in
+ IFS=
+ read -r line
+ case "$line" in
+ IFS=
+ read -r line
+ case "$line" in
+ IFS=
+ read -r line
+ case "$line" in
+ IFS=
+ read -r line
+ case "$line" in
+ IFS=
+ read -r line
+ case "$line" in
+ IFS=
+ read -r line
+ case "$line" in
+ IFS=
+ read -r line
+ case "$line" in
+ IFS=
+ read -r line
+ case "$line" in
+ IFS=
+ read -r line
+ case "$line" in
+ IFS=
+ read -r line
+ case "$line" in
+ IFS=
+ read -r line
+ case "$line" in
+ IFS=
+ read -r line
+ case "$line" in
+ IFS=
+ read -r line
+ case "$line" in
+ IFS=
+ read -r line
+ case "$line" in
+ IFS=
+ read -r line
+ case "$line" in
+ IFS=
+ read -r line
+ case "$line" in
+ IFS=
+ read -r line
+ case "$line" in
+ IFS=
+ read -r line
+ case "$line" in
+ IFS=
+ read -r line
+ case "$line" in
+ IFS=
+ read -r line
+ case "$line" in
+ IFS=
+ read -r line
+ case "$line" in
+ IFS=
+ read -r line
+ case "$line" in
+ IFS=
+ read -r line
+ case "$line" in
+ IFS=
+ read -r line
+ case "$line" in
+ IFS=
+ read -r line
+ case "$line" in
+ IFS=
+ read -r line
+ case "$line" in
+ IFS=
+ read -r line
+ case "$line" in
+ IFS=
+ read -r line
+ case "$line" in
+ IFS=
+ read -r line
++ kill 72821
