[ram] 6 regions:
[ram]   0x40000000 - 0xffff0000 (3071 MB)
[ram]   0x100000000 - 0x140000000 (1024 MB)
[ram]   0x140025000 - 0x23be0f000 (4029 MB)
[ram]   0x23c000000 - 0x23c020000 (0 MB)
[ram]   0x23c080000 - 0x23f550000 (52 MB)
[ram]   0x23f930000 - 0x240000000 (6 MB)
[kern] entry_phys=0x400998c4 load=0x40080000-0x50104000
[gop-serial] UART: base=0x2110000 type=0 (PL011)
[gop-serial] Enumerating GOP display modes:
[gop-serial]   Mode 0: 1024x768 format=BGR
[gop-serial] 1 modes total, best=786432 pixels
[gop-serial] Already at best mode: 1024x768
[gop-serial] Selected: 1024x768 stride=1024 base=0x10000000 size=0x300000
ZZ00000000400998c4BDMTIVL!J>12KPHEOS
========================================
  Breenix ARM64 Kernel Starting
  BUILD_ID: 006a0dc9b62829
========================================

[boot] DIAG_MARKER_XHCI_A
[boot] DIAG_MARKER_XHCI_B
[boot] DIAG_MARKER_XHCI_C
[boot] loader xhci_hcrst_raw=0x0 ecam=0x2300000
[boot] Current exception level: EL1
[boot] MMU already enabled (high-half kernel)
[boot] Initializing memory management (0x44000000-0x50000000)...
[boot] Memory management ready
[boot] Initializing Generic Timer...
[boot] Timer frequency: 24000000 Hz (24 MHz)
[boot] Initializing PL031 RTC...
[boot] Current timestamp: 24554942
[boot] Initializing GIC...
[gic] GICR probe 0x02500000: WAKER=0x00000000 <<< VALID
[gic] GICD_CTLR wrote 0x53, readback=0x53
[gic] GICR_IGROUPR0: wrote 0xFFFFFFFF, readback=0xffffffff
[gic] ICC_CTLR_EL1: 0x40400 -> 0x40402 (EOImode=1)
[boot] GIC initialized (version 3)
[boot] Enabling UART interrupts...
[boot] Enabling GIC IRQ 33 (UART0)...
[uart] IMSC: 0x0 -> 0x50 (verify: 0x50)
[uart] FR=0x90 (RXFE=1), RIS=0x20
[gic] IRQ 33 state (GICv3):
  enabled=true, group1=true, pending=false
  priority=0xa0, GICD_CTLR=0x53
  ICC_PMR=0xf0
[boot] UART interrupts enabled
[boot] Enabling interrupts...
[boot] Interrupts enabled: true
[boot] Initializing device drivers...
[drivers] Initializing driver subsystem...
[drivers] PCI ECAM at 0x2300000, enumerating PCI bus...
[drivers] Found 7 PCI devices
[pci] 00:01.0 [8086:293e] class=04/03
[pci]   BAR0: 0x18008000 (16384)
[pci] 00:02.0 [8086:265c] class=0c/03
[pci]   BAR0: 0x18012000 (4096)
[pci]   BAR1: 0x0 (4096)
[pci]   BAR2: 0x0 (4096)
[pci]   BAR3: 0x0 (4096)
[pci]   BAR4: 0x0 (4096)
[pci]   BAR5: 0x0 (4096)
[pci] 00:03.0 [1033:0194] class=0c/03
[pci]   BAR0: 0x18011000 (4096)
[pci]   BAR1: 0x0 (4096)
[pci]   BAR2: 0x0 (4096)
[pci]   BAR3: 0x0 (4096)
[pci]   BAR4: 0x0 (4096)
[pci]   BAR5: 0x0 (4096)
[pci] 00:05.0 [1af4:1000] class=02/00
[pci]   BAR0: 0x18010000 (4096)
[pci]   BAR1: 0x1800f000 (4096)
[pci] 00:09.0 [1ab8:4000] class=ff/00
[pci]   BAR0: 0x1800e000 (4096)
[pci] 00:0a.0 [1af4:1050] class=03/00
[pci]   BAR0: 0x10000000 (134217728)
[pci]   BAR1: 0x1800d000 (4096)
[pci]   BAR4: 0x18004000 (16384)
[pci] 00:0e.0 [1af4:1053] class=07/80
[pci]   BAR1: 0x1800c000 (4096)
[pci]   BAR4: 0x18000000 (16384)
[drivers] Found 2 VirtIO PCI devices
[virtio-gpu-pci] Device features: 0x0000000100000001
[virtio-gpu-pci] VIRGL offered: true
[virtio-gpu-pci] Negotiated: 0x0000000100000001 (VIRGL=true)
[virtio-gpu-pci] VIRGL_ENABLED stored=true, readback=true, addr=0xffff0000412f30c0
[pci] 00:0a.0: capabilities:
  cap 0x11 (MSI-X) @ 0xb0: dw0=0x0001bc11 dw1=0x00000001
  cap 0x09 (?) @ 0xbc: dw0=0x0410cc09 dw1=0x00000004
  cap 0x09 (?) @ 0xcc: dw0=0x0310dc09 dw1=0x00000004
  cap 0x09 (?) @ 0xdc: dw0=0x0214f009 dw1=0x00000004
  cap 0x09 (?) @ 0xf0: dw0=0x01100009 dw1=0x00000004
[gicv2m] MSI_TYPER raw=0x80350040 -> base_spi=53, num_spi=64
[virtio-gpu-pci] MSI-X cap at 0xb0: 2 vectors
[virtio-gpu-pci] MSI-X enabled: config_spi=53 queue_spi=54 doorbell=0x2250040 vectors=2
[virtio-gpu-pci] config_msix_vector: wrote=0x0 readback=0x0
[virtio-gpu-pci] Device has 2 queues
[virtio-gpu-pci] Queue 0 msix_vector: wrote=0x1 readback=0x1
[virtio-gpu-pci] Queue 1 msix_vector: wrote=0x1 readback=0x1
[virtio-gpu-pci] Cursor queue (q1) set up: size=16
[virtio-gpu-pci] Config: num_scanouts=16, num_capsets=1
[virtio-gpu-pci] MSI-X active: config_spi=53 queue_spi=54 queue_vector=1
[virtio-gpu-pci] Capset 0: id=2, max_ver=2, max_size=768
[virtio-gpu-pci] GET_CAPSET(id=2, ver=2): resp=0x1103
[virtio-gpu-pci] Display reports: 1024x768
[virtio-gpu-pci] Resolution: 1280x960 (display=1024x768, GOP=1024x768, min=1280x960)
[virtio-gpu-pci] 2D resource created and scanout set
[virtio-gpu-pci] Initialized: 1280x960
[drivers] VirtIO GPU (PCI) initialized
[virgl] Initializing VirGL 3D pipeline...
[virgl] 3D framebuffer backing: heap ptr=0xffff0000502e2000, phys=0x502e2000, size=4915200
[virgl] Step 1: context created
[virgl] Step 2: 3D resource created (1280x960, bind=0x0014000a)
[virgl] attach_backing: phys=0x502e2000, len=4915200, nr_pages=1200
[virgl] attach_backing: sending 3-desc chain: hdr=0x4034a000(32B), entries=0x50792000(19200B)
[virgl] attach_backing: OK (1200 pages attached)
[virgl] Step 3: backing attached
[virgl] Step 4: resource attached to context
[virgl] Step 5: resource primed
[virgl] SUBMIT_3D OK: id=1 used_len=0 resp_flags=0x1 resp_fence=1
[virgl] Step 6: VirGL CLEAR (cornflower blue)
[virgl] Step 7: SET_SCANOUT + RESOURCE_FLUSH done
[virgl] Step 7: VB resource created (no backing, INLINE_WRITE only)
[virgl-composite] Texture backing: heap ptr=0xffff000050792000, phys=0x50792000, 1280x960 (4915200B, 1200 pages)
[virgl] attach_backing: phys=0x50792000, len=4915200, nr_pages=1200
[virgl] attach_backing: sending 3-desc chain: hdr=0x4034a000(32B), entries=0x50c42000(19200B)
[virgl] attach_backing: OK (1200 pages attached)
[virgl-composite] Texture resource initialized (id=5)
[virgl] attach_backing: phys=0x50c42000, len=4915200, nr_pages=1200
[virgl] attach_backing: sending 3-desc chain: hdr=0x4034a000(32B), entries=0x510f2000(19200B)
[virgl] attach_backing: OK (1200 pages attached)
[virgl-pool] Pre-allocated slot=0 res_id=10 1280x960
[virgl] attach_backing: phys=0x510f2000, len=4915200, nr_pages=1200
[virgl] attach_backing: sending 3-desc chain: hdr=0x4034a000(32B), entries=0x515a2000(19200B)
[virgl] attach_backing: OK (1200 pages attached)
[virgl-pool] Pre-allocated slot=1 res_id=11 1280x960
[virgl] attach_backing: phys=0x515a2000, len=4915200, nr_pages=1200
[virgl] attach_backing: sending 3-desc chain: hdr=0x4034a000(32B), entries=0x51a52000(19200B)
[virgl] attach_backing: OK (1200 pages attached)
[virgl-pool] Pre-allocated slot=2 res_id=12 1280x960
[virgl] attach_backing: phys=0x51a52000, len=4915200, nr_pages=1200
[virgl] attach_backing: sending 3-desc chain: hdr=0x4034a000(32B), entries=0x51f02000(19200B)
[virgl] attach_backing: OK (1200 pages attached)
[virgl-pool] Pre-allocated slot=3 res_id=13 1280x960
[virgl] attach_backing: phys=0x51f02000, len=4915200, nr_pages=1200
[virgl] attach_backing: sending 3-desc chain: hdr=0x4034a000(32B), entries=0x523b2000(19200B)
[virgl] attach_backing: OK (1200 pages attached)
[virgl-pool] Pre-allocated slot=4 res_id=14 1280x960
[virgl] attach_backing: phys=0x523b2000, len=4915200, nr_pages=1200
[virgl] attach_backing: sending 3-desc chain: hdr=0x4034a000(32B), entries=0x52862000(19200B)
[virgl] attach_backing: OK (1200 pages attached)
[virgl-pool] Pre-allocated slot=5 res_id=15 1280x960
[virgl] attach_backing: phys=0x52862000, len=4915200, nr_pages=1200
[virgl] attach_backing: sending 3-desc chain: hdr=0x4034a000(32B), entries=0x52d12000(19200B)
[virgl] attach_backing: OK (1200 pages attached)
[virgl-pool] Pre-allocated slot=6 res_id=16 1280x960
[virgl] attach_backing: phys=0x52d12000, len=4915200, nr_pages=1200
[virgl] attach_backing: sending 3-desc chain: hdr=0x4034a000(32B), entries=0x531c2000(19200B)
[virgl] attach_backing: OK (1200 pages attached)
[virgl-pool] Pre-allocated slot=7 res_id=17 1280x960
[virgl] attach_backing: phys=0x531c2000, len=8192, nr_pages=2
[virgl] attach_backing: sending 3-desc chain: hdr=0x4034a000(32B), entries=0x502e0040(32B)
[virgl] attach_backing: OK (2 pages attached)
[virgl-cursor] Cursor texture initialized (id=6, 16x80, 5 shapes)
[virgl] attach_backing: phys=0x531c4000, len=4096, nr_pages=1
[virgl] attach_backing: sending 3-desc chain: hdr=0x4034a000(32B), entries=0x502e0040(16B)
[virgl] attach_backing: OK (1 pages attached)
[virgl-dimmer] Dimmer texture initialized (id=7, 4x4)
[virgl] Step 8: Compositor texture initialized
[virgl] Step 9: full pipeline+draw batch (191 DWORDs)
[virgl] SUBMIT_3D OK: id=2 used_len=0 resp_flags=0x1 resp_fence=2
[virgl] Step 10: SET_SCANOUT + RESOURCE_FLUSH
[virgl] VirGL 3D pipeline initialized successfully
[drivers] VirGL 3D acceleration active
[drivers] Compositor backend: VirGL
[virtio-gpu-pci] GPU command waits use scheduler waitqueue
[virtio-net-pci] Searching for VirtIO network device on PCI bus...
[virtio-net-pci] Found at 00:05.0 [1af4:1000]
[virtio-net-pci] BAR0: phys=0x18010000 virt=0xffff000018010000 size=4096
[virtio-net-pci] Device features: 0x6187bfa3
[virtio-net-pci] MAC: 00:1c:42:10:aa:51
[virtio-net-pci] Queue 0 max size: 256
[virtio-net-pci] Queue 0 PFN=0x41bc1 (phys=0x41bc1000)
[virtio-net-pci] Queue 1 max size: 256
[virtio-net-pci] Queue 1 PFN=0x41bc4 (phys=0x41bc4000)
[pci] 00:05.0: capabilities:
  cap 0x10 (PCIe) @ 0x48: dw0=0x00024010 dw1=0x00000fc0
  cap 0x01 (PM) @ 0x40: dw0=0x0022f401 dw1=0x00000000
  cap 0x11 (MSI-X) @ 0xf4: dw0=0x00020011 dw1=0x00000001
[virtio-net-pci] MSI-X cap at 0xf4: 3 vectors
[virtio-net-pci] MSI-X vector assignments: cfg=0xffff rx=0x0
[virtio-net-pci] MSI-X enabled: SPI 55 doorbell=0x2250040 vectors=3
[virtio-net-pci] Network device initialized successfully
[drivers] VirtIO network (PCI) initialized
[drivers] SVGA3 init skipped: SVGA3 device not found
[drivers] Found XHCI at 00:03.0 [1033:0194]
[xhci] DMA addrs: DCBAA=0x40251000 CMD_RING=0x40252000 EVT_RING=0x40262000 ERST=0x402e9ac0
[xhci] Regs: USBCMD=0x5 USBSTS=0x0 CRCR=0x0 DCBAAP=0x40251000
[xhci] IR0: IMAN=0x2 ERDP=0x40262000 ERSTBA=0x402e9ac0
[xhci] Port scan: 14 ports
[xhci]   port 1: PORTSC=0x00021203 CCS=1 PED=1 speed=4
[xhci]   port 2: PORTSC=0x00021203 CCS=1 PED=1 speed=4
[xhci]   port 3: PORTSC=0x00021203 CCS=1 PED=1 speed=4
[xhci]   port 4: PORTSC=0x000002a0 CCS=0 PED=0 speed=0
[xhci]   port 5: PORTSC=0x000002a0 CCS=0 PED=0 speed=0
[xhci]   port 6: PORTSC=0x000002a0 CCS=0 PED=0 speed=0
[xhci]   port 7: PORTSC=0x000002a0 CCS=0 PED=0 speed=0
[xhci]   port 8: PORTSC=0x000002a0 CCS=0 PED=0 speed=0
[xhci]   port 9: PORTSC=0x000002a0 CCS=0 PED=0 speed=0
[xhci]   port 10: PORTSC=0x000002a0 CCS=0 PED=0 speed=0
[xhci]   port 11: PORTSC=0x000002a0 CCS=0 PED=0 speed=0
[xhci]   port 12: PORTSC=0x000002a0 CCS=0 PED=0 speed=0
[xhci]   port 13: PORTSC=0x000002a0 CCS=0 PED=0 speed=0
[xhci]   port 14: PORTSC=0x000002a0 CCS=0 PED=0 speed=0
[xhci] port 1 connected: PORTSC=0x00001203 PED=1 speed=4
[xhci] port 1 EnableSlot -> slot 1
[xhci] port 1 AddressDevice OK (slot 1)
[xhci] slot1: vid=0x203a pid=0xfffc class=0x00/0x00/0x00
[xhci] slot1 iface0: class=0x03 sub=0x00 proto=0x02 numEP=1
[xhci] HID iface: proto=2 subclass=0 -> mouse (hid_idx=1)
[xhci] slot1 iface1: class=0x03 sub=0x00 proto=0x02 numEP=1
[xhci] HID iface: proto=2 subclass=0 -> mouse (hid_idx=3)
[xhci] port 2 connected: PORTSC=0x00001203 PED=1 speed=4
[xhci] port 2 EnableSlot -> slot 2
[xhci] port 2 AddressDevice OK (slot 2)
[xhci] slot2: vid=0x203a pid=0xfffb class=0x00/0x00/0x00
[xhci] slot2 iface0: class=0x03 sub=0x01 proto=0x01 numEP=1
[xhci] HID iface: proto=1 subclass=1 -> keyboard (hid_idx=0)
[xhci] slot2 iface1: class=0x03 sub=0x00 proto=0x00 numEP=1
[xhci] HID iface: proto=0 subclass=0 -> NKRO (hid_idx=2)
[xhci] port 3 connected: PORTSC=0x00001203 PED=1 speed=4
[xhci] port 3 EnableSlot -> slot 3
[xhci] port 3 AddressDevice OK (slot 3)
[xhci] slot3: vid=0x203a pid=0xfff9 class=0xef/0x02/0x01
[xhci] slot3 iface0: class=0x0e sub=0x01 proto=0x00 numEP=0
[xhci] slot3 iface1: class=0x0e sub=0x02 proto=0x00 numEP=1
[xhci] start_hid_polling: kbd=slot2/dci3 nkro=dci5 mouse=slot1/dci3 mouse2=dci5
[xhci] Initialized: 32 slots, MSI irq=56
[drivers] XHCI USB controller initialized
[ahci] Platform AHCI at phys 0x2140000, virt 0xffff000002140000
[ahci] HBA version 1.256, 6 ports, 32 cmd slots, PI=0x0000003f
[ahci] Port 0: Sata, 131072 sectors (64 MB)
[ahci] Port 1: Sata, 524288 sectors (256 MB)
[ahci] IRQ probe: using port 0 dma_index 0
[ahci] IRQ probe: ISPENDR before=[0x00000000, 0x00000000, 0x00000000] after=[0x00000004, 0x00000000, 0x00000000]
[ahci] IRQ probe: PORT_IS=0x00000001 (should have D2H bit set)
[ahci] Platform IRQ probe: discovered SPI 34
[ahci] Platform IRQ enabled: SPI 34 (wired, level-triggered, CPU0)
[drivers] AHCI initialized (platform MMIO): 2 SATA device(s)
[drivers] Driver subsystem initialized (PCI)
[boot] Found 7 devices
[drivers] Running post-init self-tests...
[virtio-blk] Testing read of sector 0...
[drivers] VirtIO block test failed: Block device not initialized
[boot] Initializing network stack...
[net] Initializing network stack...
[net] Using VirtIO net PCI driver (Parallels)
[net] MAC address: 00:1c:42:10:aa:51
NET: IP address: 10.211.55.100
NET: Gateway: 10.211.55.1
Network stack initialized
NET: Sending ARP request for gateway 10.211.55.1
ARP request sent successfully
NET: Gateway ARP not resolved during init; will resolve via IRQ path
NET: Sending ICMP echo request to gateway 10.211.55.1
NET: ARP cache miss for 10.211.55.1, sending ARP request
NET: Failed to send ping: ArpMiss: reply will populate cache via IRQ
NET: Network initialization complete
[virtio-net-pci] MSI-X SPI 55 enabled (post-init)
NET: synchronously cleared virtio callback suppression
NET: pre-primed NetRx softirq for bootstrap callback re-enable
[boot] Initializing filesystem...
[ext2] No VirtIO block device, trying AHCI...
[ext2] AHCI device 0: 131072 sectors (64 MB)
[ext2] AHCI device 0: not ext2 (magic=0x0064)
[ext2] AHCI device 1: 524288 sectors (256 MB)
[ext2] Found ext2 superblock on AHCI device 1
[boot] ext2 root filesystem mounted
[boot] No home filesystem: No home block device available (expected at device index 3 or 1) (continuing)
[boot] devfs initialized at /dev
[boot] devptsfs initialized at /dev/pts
[boot] CPU detected: ARM Unknown
[boot] procfs initialized at /proc
[boot] TTY subsystem initialized
[boot] Initializing graphics...
[boot] VirGL active — skipping GOP framebuffer init (2D resource already set up in gpu_pci::init)
[boot] FB_INFO_CACHE populated for VirGL display (1280x960)
[boot] USB HID input active via XHCI IRQ
[boot] Initializing per-CPU data...
[boot] Per-CPU data initialized
[boot] Initializing process manager...
[boot] Process manager initialized
[boot] Initializing scheduler...
[boot] Scheduler initialized
[boot] Workqueue subsystem initialized
[boot] Softirq subsystem initialized
[boot] Render thread skipped — VirGL owns the display
[boot] Tracing subsystem initialized and enabled
[boot] Pre-loading /sbin/init from ext2 (before timer)...
[boot] Init binary pre-loaded: 296776 bytes
[xhci] activate_msi_if_ready: source=system-ready spi=56 DIAG_SPI_ENABLE_COUNT=1
[xhci] post-activation: MSI_EVENT_COUNT=59 EVENT_COUNT=0 POLL_COUNT=0 SPI_ACTIVATED=true
[boot] Initializing timer interrupt...
[timer] Timer configured for ~1000 Hz (24000 ticks per interrupt)
[timer] Using virtual timer (PPI 27)
[boot] Timer interrupt initialized
[smp] CPU 0 MPIDR=0x80000000, stack_base=0x43000000
[smp] GICR covers 8 redistributors, probing CPUs 1..8
[smp] Probing secondary CPUs via PSCI...
[sm1@p1]AB CDCPEeFGU 11: PSCI CPU_ON success
[gi2c@]1A BCIDCECeF_GC2TLR_EL1: 0x40400 -> 0x40402 (EOImode=1)
[smp] CPU 2: PSCI CPU_ON success
[T1gic] ICC_CTLR_E3L@1A1BC:DE eF0xG430400 -> 0x40402 (EOImode=1)
[smp] CPU 3: PSCI CPU_ON success
[gi4c@]1A BICDCCEe_FGCT4LR_EL1: 0x40400 -> 0x40402 (EOImode=1)
[smp] CPU 4: PSCI CPU_ON success
[gi5@c1A] BCDIECeFCG_5CTLR_EL1: 0x40400 -> 0x40402 (EOImode=1)
[smp] CPU 5: PSCI CPU_ON success
[gi6c@1]AB CIDCEeCF_GC6TLR_EL1: 0x40400 -> 0x40402 (EOImode=1)
[smp] CPU 6: PSCI CPU_ON success
[T2gic7]@ 1AIBCCDCE_eFCGTL7R_EL1: 0x40400 -> 0x40402 (EOImode=1)
[smp] CPU 7: PSCI CPU_ON success
[gic] ICC_CTLR_EL1: 0x40400 -> 0x40402 (EOImode=1)
[smp] 8 CPUs online

========================================
  Breenix ARM64 Boot Complete!
========================================

Hello from ARM64!

[boot] Launching init from pre-loaded ELF...
T3manager.create_process_with_argv [ARM64]: ENTRY - name='init', elf_size=296776, argc=1
manager.create_process_with_argv [ARM64]: Generated PID 1
manager.create_process_with_argv [ARM64]: Creating ProcessPageTable
manager.create_process_with_argv [ARM64]: Loading ELF into page table
manager.create_process_with_argv [ARM64]: ELF loaded, entry=0x4000f1f0
manager.create_process_with_argv [ARM64]: Allocating user stack
manager.create_process_with_argv [ARM64]: User stack will be at 0xfffffeff0000-0xffffff000000
manager.create_process_with_argv [ARM64]: argc/argv set up on stack, SP=0xfffffefffed0
manager.create_process_with_argv [ARM64]: SUCCESS - returning PID 1
[ahci-poll-attrib] total=72 post_reg=70 pre_sched=70 post_sched=0
[boot] Reset 8 idle thread contexts (CPUs online: 8)
T4T5EL0_SYSCALL: First syscall from userspace (SPSR confirms EL0)
[ OK ] syscall path verified
[init] Breenix init starting (PID 1)
T6[spawn] path='/bin/heartbeat'
manager.create_process_with_argv [ARM64]: ENTRY - name='heartbeat', elf_size=290128, argc=1
manager.create_process_with_argv [ARM64]: Generated PID 2
manager.create_process_with_argv [ARM64]: Creating ProcessPageTable
manager.create_process_with_argv [ARM64]: Loading ELF into page table
manager.create_process_with_argv [ARM64]: ELF loaded, entry=0x4000edac
manager.create_process_with_argv [ARM64]: Allocating user stack
manager.create_process_with_argv [ARM64]: User stack will be at 0xfffffeff0000-0xffffff000000
manager.create_process_with_argv [ARM64]: argc/argv set up on stack, SP=0xfffffefffed0
manager.create_process_with_argv [ARM64]: SUCCESS - returning PID 2
[spawn] Created child PID 2 for parent PID 1
T7[spawn] Success: child PID 2 scheduled
[heartbeat] tid=11 uptime_ms=1164
T8T9T0[spawn] path='/bin/xhci_counters'
manager.create_process_with_argv [ARM64]: ENTRY - name='xhci_counters', elf_size=292264, argc=1
manager.create_process_with_argv [ARM64]: Generated PID 3
manager.create_process_with_argv [ARM64]: Creating ProcessPageTable
manager.create_process_with_argv [ARM64]: Loading ELF into page table
manager.create_process_with_argv [ARM64]: ELF loaded, entry=0x4000f140
manager.create_process_with_argv [ARM64]: Allocating user stack
manager.create_process_with_argv [ARM64]: User stack will be at 0xfffffeff0000-0xffffff000000
manager.create_process_with_argv [ARM64]: argc/argv set up on stack, SP=0xfffffefffed0
manager.create_process_with_argv [ARM64]: SUCCESS - returning PID 3
[spawn] Created child PID 3 for parent PID 1
[spawn] Success: child PID 3 scheduled
[xhci-counters] XHCI_MSI_EVENT_TOTAL=60
[xhci-counters] XHCI_IRQ_ENTRY_TOTAL=60
[xhci-counters] XHCI_LOCK_CONTENDED_TOTAL=0
[syscall] exit(0) pid=3 name=xhci_counters
[spawn] path='/bin/bwm'
manager.create_process_with_argv [ARM64]: ENTRY - name='bwm', elf_size=429208, argc=1
manager.create_process_with_argv [ARM64]: Generated PID 4
manager.create_process_with_argv [ARM64]: Creating ProcessPageTable
manager.create_process_with_argv [ARM64]: Loading ELF into page table
manager.create_process_with_argv [ARM64]: ELF loaded, entry=0x400190b8
manager.create_process_with_argv [ARM64]: Allocating user stack
manager.create_process_with_argv [ARM64]: User stack will be at 0xfffffeff0000-0xffffff000000
manager.create_process_with_argv [ARM64]: argc/argv set up on stack, SP=0xfffffefffee0
manager.create_process_with_argv [ARM64]: SUCCESS - returning PID 4
[spawn] Created child PID 4 for parent PID 1
[spawn] Success: child PID 4 scheduled
[bwm] Breenix Window Manager starting... (v2-chromeless-skip)
[virgl-composite] Frame #0: 1x1 → 1280x960 display (first1k: 1 nonzero, first=0xff000000)
[bwm] GPU compositing mode (VirGL), display: 1280x960
[compositor] Mapped compositor buffer into process: virt=0x7ffffdb4e000, 1280x960, 1200 pages (backend=VirGL)
[bwm] Direct compositor mapping: 1280x960 at 0x7ffffdb4e000
[bwm] using bitmap font fallback for early boot
[bwm] hotkeys: using built-in defaults for early boot
[virgl-composite] Frame #1: 1280x960 → 1280x960 display (first1k: 1000 nonzero, first=0x00121832)
[virgl-composite] Frame #2: 1280x960 → 1280x960 display (first1k: 1000 nonzero, first=0x00121832)
[spawn] path='/sbin/telnetd'
manager.create_process_with_argv [ARM64]: ENTRY - name='telnetd', elf_size=298632, argc=1
manager.create_process_with_argv [ARM64]: Generated PID 5
manager.create_process_with_argv [ARM64]: Creating ProcessPageTable
manager.create_process_with_argv [ARM64]: Loading ELF into page table
manager.create_process_with_argv [ARM64]: ELF loaded, entry=0x4000fdd0
manager.create_process_with_argv [ARM64]: Allocating user stack
manager.create_process_with_argv [ARM64]: User stack will be at 0xfffffeff0000-0xffffff000000
manager.create_process_with_argv [ARM64]: argc/argv set up on stack, SP=0xfffffefffed0
manager.create_process_with_argv [ARM64]: SUCCESS - returning PID 5
[spawn] Created child PID 5 for parent PID 1
[spawn] Success: child PID 5 scheduled
TELNETD_STARTING
TELNETD_LISTENING
[init] Boot script completed
[spawn] path='/bin/bsshd'
manager.create_process_with_argv [ARM64]: ENTRY - name='bsshd', elf_size=441008, argc=1
manager.create_process_with_argv [ARM64]: Generated PID 6
manager.create_process_with_argv [ARM64]: Creating ProcessPageTable
manager.create_process_with_argv [ARM64]: Loading ELF into page table
manager.create_process_with_argv [ARM64]: ELF loaded, entry=0x4001c39c
manager.create_process_with_argv [ARM64]: Allocating user stack
manager.create_process_with_argv [ARM64]: User stack will be at 0xfffffeff0000-0xffffff000000
manager.create_process_with_argv [ARM64]: argc/argv set up on stack, SP=0xfffffefffed0
manager.create_process_with_argv [ARM64]: SUCCESS - returning PID 6
[spawn] Created child PID 6 for parent PID 1
[spawn] Success: child PID 6 scheduled
bsshd: starting on port 2222
bsshd: listening on 0.0.0.0:2222
[init] bsshd started (PID 6)
[spawn] path='/bin/bounce'
manager.create_process_with_argv [ARM64]: ENTRY - name='bounce', elf_size=388152, argc=1
manager.create_process_with_argv [ARM64]: Generated PID 7
manager.create_process_with_argv [ARM64]: Creating ProcessPageTable
manager.create_process_with_argv [ARM64]: Loading ELF into page table
manager.create_process_with_argv [ARM64]: ELF loaded, entry=0x400188f4
manager.create_process_with_argv [ARM64]: Allocating user stack
manager.create_process_with_argv [ARM64]: User stack will be at 0xfffffeff0000-0xffffff000000
manager.create_process_with_argv [ARM64]: argc/argv set up on stack, SP=0xfffffefffed0
manager.create_process_with_argv [ARM64]: SUCCESS - returning PID 7
[spawn] Created child PID 7 for parent PID 1
[spawn] Success: child PID 7 scheduled
Bounce spheres demo starting (for Gus!) [boot_id=0000000066b6854c]
[window] create_window_buffer: 400x300 (480000 bytes, 118 pages)
[window] Created buffer id=1 for pid=7: 400x300 at virt=0x7ffffdf86000 phys=0x4417c000
[init] bounce started (PID 7)
[bounce] Window mode: id=1 400x300 [boot_id=0000000066b6854c]
[bwm] Discovered window 'Bounce' (id=1, 400x300) at (30,38)
[init] Process 3 exited (code 0)
[compositor] Mapped window 1 into BWM: virt=0x7ffffdad4000, 400x300, 118 pages
[heartbeat] tid=11 uptime_ms=2165
[bwm-fps] frames_since_last=102 elapsed_ms=1002 instantaneous_fps=101
[heartbeat] tid=11 uptime_ms=3166
[bwm-fps] frames_since_last=141 elapsed_ms=1000 instantaneous_fps=141
[heartbeat] tid=11 uptime_ms=4170
[bwm-fps] frames_since_last=157 elapsed_ms=1003 instantaneous_fps=156
[virgl-composite] Frame #500: 1280x960 → 1280x960 display (first1k: 1000 nonzero, first=0x0014161e)
[heartbeat] tid=11 uptime_ms=5171
[bwm-fps] frames_since_last=148 elapsed_ms=1002 instantaneous_fps=147
[heartbeat] tid=11 uptime_ms=6171
[bwm-fps] frames_since_last=145 elapsed_ms=1004 instantaneous_fps=144
[heartbeat] tid=11 uptime_ms=7172
[bwm-fps] frames_since_last=142 elapsed_ms=1005 instantaneous_fps=141
[heartbeat] tid=11 uptime_ms=8172
[bwm-fps] frames_since_last=146 elapsed_ms=1002 instantaneous_fps=145
[virgl-composite] Frame #1000: 1280x960 → 1280x960 display (first1k: 1000 nonzero, first=0x0014161e)
[timer] cpu0 ticks=5000
[heartbeat] tid=11 uptime_ms=9173
[bwm-fps] frames_since_last=132 elapsed_ms=1000 instantaneous_fps=132
[heartbeat] tid=11 uptime_ms=10173
[bwm-fps] frames_since_last=135 elapsed_ms=1001 instantaneous_fps=134
[heartbeat] tid=11 uptime_ms=11174
[bwm-fps] frames_since_last=134 elapsed_ms=1001 instantaneous_fps=133
[heartbeat] tid=11 uptime_ms=12174
[virgl-composite] Frame #1500: 1280x960 → 1280x960 display (first1k: 1000 nonzero, first=0x0014161e)
[bwm-fps] frames_since_last=135 elapsed_ms=1006 instantaneous_fps=134
[heartbeat] tid=11 uptime_ms=13174
[bwm-fps] frames_since_last=132 elapsed_ms=1004 instantaneous_fps=131
[heartbeat] tid=11 uptime_ms=14175
[bwm-fps] frames_since_last=124 elapsed_ms=1001 instantaneous_fps=123
[heartbeat] tid=11 uptime_ms=15175
[bwm-fps] frames_since_last=125 elapsed_ms=1002 instantaneous_fps=124
[virgl-composite] Frame #2000: 1280x960 → 1280x960 display (first1k: 1000 nonzero, first=0x0014161e)
[heartbeat] tid=11 uptime_ms=16175
[bwm-fps] frames_since_last=140 elapsed_ms=1009 instantaneous_fps=138
[timer] cpu0 ticks=10000
[heartbeat] tid=11 uptime_ms=17176
[bwm-fps] frames_since_last=146 elapsed_ms=1005 instantaneous_fps=145
[heartbeat] tid=11 uptime_ms=18177
[bwm-fps] frames_since_last=145 elapsed_ms=1004 instantaneous_fps=144
[heartbeat] tid=11 uptime_ms=19178
[bwm-fps] frames_since_last=150 elapsed_ms=1005 instantaneous_fps=149
[virgl-composite] Frame #2500: 1280x960 → 1280x960 display (first1k: 1000 nonzero, first=0x0014161e)
[heartbeat] tid=11 uptime_ms=20179
[bwm-fps] frames_since_last=138 elapsed_ms=1000 instantaneous_fps=138
[heartbeat] tid=11 uptime_ms=21180
[bwm-fps] frames_since_last=131 elapsed_ms=1000 instantaneous_fps=131
[heartbeat] tid=11 uptime_ms=22181
[bwm-fps] frames_since_last=128 elapsed_ms=1005 instantaneous_fps=127
[heartbeat] tid=11 uptime_ms=23181
[virgl-composite] Frame #3000: 1280x960 → 1280x960 display (first1k: 1000 nonzero, first=0x0014161e)
[bwm-fps] frames_since_last=127 elapsed_ms=1003 instantaneous_fps=126
[heartbeat] tid=11 uptime_ms=24181
[bwm-fps] frames_since_last=142 elapsed_ms=1007 instantaneous_fps=141
[timer] cpu0 ticks=15000
[heartbeat] tid=11 uptime_ms=25182
[bwm-fps] frames_since_last=136 elapsed_ms=1004 instantaneous_fps=135
[heartbeat] tid=11 uptime_ms=26188
[bwm-fps] frames_since_last=150 elapsed_ms=1002 instantaneous_fps=149
[virgl-composite] Frame #3500: 1280x960 → 1280x960 display (first1k: 1000 nonzero, first=0x0014161e)
[heartbeat] tid=11 uptime_ms=27190
[bwm-fps] frames_since_last=144 elapsed_ms=1006 instantaneous_fps=143
[heartbeat] tid=11 uptime_ms=28190
[bwm-fps] frames_since_last=137 elapsed_ms=1003 instantaneous_fps=136
[heartbeat] tid=11 uptime_ms=29191
[bwm-fps] frames_since_last=130 elapsed_ms=1004 instantaneous_fps=129
[heartbeat] tid=11 uptime_ms=30192
[bwm-fps] frames_since_last=148 elapsed_ms=1003 instantaneous_fps=147
[virgl-composite] Frame #4000: 1280x960 → 1280x960 display (first1k: 1000 nonzero, first=0x0014161e)
[heartbeat] tid=11 uptime_ms=31192
[bwm-fps] frames_since_last=145 elapsed_ms=1002 instantaneous_fps=144
[heartbeat] tid=11 uptime_ms=32193
[bwm-fps] frames_since_last=130 elapsed_ms=1000 instantaneous_fps=130
[timer] cpu0 ticks=20000
[heartbeat] tid=11 uptime_ms=33194
[bwm-fps] frames_since_last=124 elapsed_ms=1006 instantaneous_fps=123
[heartbeat] tid=11 uptime_ms=34195
[virgl-composite] Frame #4500: 1280x960 → 1280x960 display (first1k: 1000 nonzero, first=0x0014161e)
[bwm-fps] frames_since_last=138 elapsed_ms=1001 instantaneous_fps=137
[heartbeat] tid=11 uptime_ms=35195
[bwm-fps] frames_since_last=133 elapsed_ms=1007 instantaneous_fps=132
[heartbeat] tid=11 uptime_ms=36199
[bwm-fps] frames_since_last=156 elapsed_ms=1006 instantaneous_fps=155
[heartbeat] tid=11 uptime_ms=37199
[bwm-fps] frames_since_last=147 elapsed_ms=1001 instantaneous_fps=146
[virgl-composite] Frame #5000: 1280x960 → 1280x960 display (first1k: 1000 nonzero, first=0x0014161e)
[heartbeat] tid=11 uptime_ms=38200
[bwm-fps] frames_since_last=125 elapsed_ms=1005 instantaneous_fps=124
[heartbeat] tid=11 uptime_ms=39201
[bwm-fps] frames_since_last=129 elapsed_ms=1000 instantaneous_fps=129
[heartbeat] tid=11 uptime_ms=40201
[bwm-fps] frames_since_last=132 elapsed_ms=1001 instantaneous_fps=131
[timer] cpu0 ticks=25000
[heartbeat] tid=11 uptime_ms=41201
[bwm-fps] frames_since_last=130 elapsed_ms=1003 instantaneous_fps=129
[virgl-composite] Frame #5500: 1280x960 → 1280x960 display (first1k: 1000 nonzero, first=0x0014161e)
[heartbeat] tid=11 uptime_ms=42201
[bwm-fps] frames_since_last=139 elapsed_ms=1003 instantaneous_fps=138
[heartbeat] tid=11 uptime_ms=43202
[bwm-fps] frames_since_last=141 elapsed_ms=1005 instantaneous_fps=140
[heartbeat] tid=11 uptime_ms=44202
[bwm-fps] frames_since_last=139 elapsed_ms=1003 instantaneous_fps=138
[heartbeat] tid=11 uptime_ms=45203
[virgl-composite] Frame #6000: 1280x960 → 1280x960 display (first1k: 1000 nonzero, first=0x0014161e)
[bwm-fps] frames_since_last=134 elapsed_ms=1002 instantaneous_fps=133
[heartbeat] tid=11 uptime_ms=46204
[bwm-fps] frames_since_last=142 elapsed_ms=1001 instantaneous_fps=141
[heartbeat] tid=11 uptime_ms=47205
[bwm-fps] frames_since_last=154 elapsed_ms=1004 instantaneous_fps=153
[heartbeat] tid=11 uptime_ms=48206
[timer] cpu0 ticks=30000
[bwm-fps] frames_since_last=140 elapsed_ms=1003 instantaneous_fps=139
[virgl-composite] Frame #6500: 1280x960 → 1280x960 display (first1k: 1000 nonzero, first=0x0014161e)
[heartbeat] tid=11 uptime_ms=49206
[bwm-fps] frames_since_last=131 elapsed_ms=1004 instantaneous_fps=130
[heartbeat] tid=11 uptime_ms=50211
[bwm-fps] frames_since_last=137 elapsed_ms=1001 instantaneous_fps=136
[heartbeat] tid=11 uptime_ms=51211
[bwm-fps] frames_since_last=140 elapsed_ms=1002 instantaneous_fps=139
[heartbeat] tid=11 uptime_ms=52213
[virgl-composite] Frame #7000: 1280x960 → 1280x960 display (first1k: 1000 nonzero, first=0x0014161e)
[bwm-fps] frames_since_last=140 elapsed_ms=1003 instantaneous_fps=139
[heartbeat] tid=11 uptime_ms=53214
[bwm-fps] frames_since_last=138 elapsed_ms=1004 instantaneous_fps=137
[heartbeat] tid=11 uptime_ms=54215
[bwm-fps] frames_since_last=128 elapsed_ms=1008 instantaneous_fps=126
[heartbeat] tid=11 uptime_ms=55215
[bwm-fps] frames_since_last=143 elapsed_ms=1006 instantaneous_fps=142
[virgl-composite] Frame #7500: 1280x960 → 1280x960 display (first1k: 1000 nonzero, first=0x0014161e)
[heartbeat] tid=11 uptime_ms=56215
[timer] cpu0 ticks=35000
[bwm-fps] frames_since_last=150 elapsed_ms=1001 instantaneous_fps=149
[heartbeat] tid=11 uptime_ms=57216
[bwm-fps] frames_since_last=155 elapsed_ms=1003 instantaneous_fps=154
[heartbeat] tid=11 uptime_ms=58217
[bwm-fps] frames_since_last=154 elapsed_ms=1000 instantaneous_fps=154
[heartbeat] tid=11 uptime_ms=59217
[virgl-composite] Frame #8000: 1280x960 → 1280x960 display (first1k: 1000 nonzero, first=0x0014161e)
[bwm-fps] frames_since_last=154 elapsed_ms=1005 instantaneous_fps=153
[heartbeat] tid=11 uptime_ms=60223
[bwm-fps] frames_since_last=135 elapsed_ms=1000 instantaneous_fps=135
[heartbeat] tid=11 uptime_ms=61224
[bwm-fps] frames_since_last=135 elapsed_ms=1005 instantaneous_fps=134
[heartbeat] tid=11 uptime_ms=62224
[bwm-fps] frames_since_last=148 elapsed_ms=1001 instantaneous_fps=147
[virgl-composite] Frame #8500: 1280x960 → 1280x960 display (first1k: 1000 nonzero, first=0x0014161e)
[heartbeat] tid=11 uptime_ms=63224
[bwm-fps] frames_since_last=138 elapsed_ms=1001 instantaneous_fps=137
[timer] cpu0 ticks=40000
[heartbeat] tid=11 uptime_ms=64225
[bwm-fps] frames_since_last=139 elapsed_ms=1006 instantaneous_fps=138
[heartbeat] tid=11 uptime_ms=65225
[bwm-fps] frames_since_last=142 elapsed_ms=1003 instantaneous_fps=141
[heartbeat] tid=11 uptime_ms=66226
[virgl-composite] Frame #9000: 1280x960 → 1280x960 display (first1k: 1000 nonzero, first=0x0014161e)
[bwm-fps] frames_since_last=139 elapsed_ms=1006 instantaneous_fps=138
[heartbeat] tid=11 uptime_ms=67227
[bwm-fps] frames_since_last=149 elapsed_ms=1003 instantaneous_fps=148
[heartbeat] tid=11 uptime_ms=68227
[bwm-fps] frames_since_last=140 elapsed_ms=1012 instantaneous_fps=138
[heartbeat] tid=11 uptime_ms=69227
[bwm-fps] frames_since_last=144 elapsed_ms=1000 instantaneous_fps=144
[virgl-composite] Frame #9500: 1280x960 → 1280x960 display (first1k: 1000 nonzero, first=0x0014161e)
[heartbeat] tid=11 uptime_ms=70228
[bwm-fps] frames_since_last=125 elapsed_ms=1006 instantaneous_fps=124
[heartbeat] tid=11 uptime_ms=71229
[bwm-fps] frames_since_last=141 elapsed_ms=1005 instantaneous_fps=140
[timer] cpu0 ticks=45000
[heartbeat] tid=11 uptime_ms=72229
[bwm-fps] frames_since_last=132 elapsed_ms=1005 instantaneous_fps=131
[heartbeat] tid=11 uptime_ms=73232
[bwm-fps] frames_since_last=145 elapsed_ms=1003 instantaneous_fps=144
[virgl-composite] Frame #10000: 1280x960 → 1280x960 display (first1k: 1000 nonzero, first=0x0014161e)
[heartbeat] tid=11 uptime_ms=74233
[bwm-fps] frames_since_last=133 elapsed_ms=1005 instantaneous_fps=132
[heartbeat] tid=11 uptime_ms=75235
[bwm-fps] frames_since_last=169 elapsed_ms=1007 instantaneous_fps=167
[heartbeat] tid=11 uptime_ms=76235
[bwm-fps] frames_since_last=137 elapsed_ms=1001 instantaneous_fps=136
[virgl-composite] Frame #10500: 1280x960 → 1280x960 display (first1k: 1000 nonzero, first=0x0014161e)
[heartbeat] tid=11 uptime_ms=77236
[bwm-fps] frames_since_last=143 elapsed_ms=1001 instantaneous_fps=142
[heartbeat] tid=11 uptime_ms=78236
[bwm-fps] frames_since_last=144 elapsed_ms=1006 instantaneous_fps=143
[heartbeat] tid=11 uptime_ms=79236
[bwm-fps] frames_since_last=162 elapsed_ms=1002 instantaneous_fps=161
[timer] cpu0 ticks=50000
[heartbeat] tid=11 uptime_ms=80238
[virgl-composite] Frame #11000: 1280x960 → 1280x960 display (first1k: 1000 nonzero, first=0x0014161e)
[bwm-fps] frames_since_last=148 elapsed_ms=1003 instantaneous_fps=147
[heartbeat] tid=11 uptime_ms=81239
[bwm-fps] frames_since_last=143 elapsed_ms=1003 instantaneous_fps=142
[heartbeat] tid=11 uptime_ms=82240
[bwm-fps] frames_since_last=147 elapsed_ms=1002 instantaneous_fps=146
[heartbeat] tid=11 uptime_ms=83241
[bwm-fps] frames_since_last=133 elapsed_ms=1006 instantaneous_fps=132
[virgl-composite] Frame #11500: 1280x960 → 1280x960 display (first1k: 1000 nonzero, first=0x0014161e)
[heartbeat] tid=11 uptime_ms=84242
[bwm-fps] frames_since_last=139 elapsed_ms=1004 instantaneous_fps=138
[heartbeat] tid=11 uptime_ms=85242
[bwm-fps] frames_since_last=145 elapsed_ms=1000 instantaneous_fps=145
[heartbeat] tid=11 uptime_ms=86243
[bwm-fps] frames_since_last=148 elapsed_ms=1001 instantaneous_fps=147
[heartbeat] tid=11 uptime_ms=87244
[virgl-composite] Frame #12000: 1280x960 → 1280x960 display (first1k: 1000 nonzero, first=0x0014161e)
[timer] cpu0 ticks=55000
[bwm-fps] frames_since_last=148 elapsed_ms=1003 instantaneous_fps=147
[heartbeat] tid=11 uptime_ms=88245
[bwm-fps] frames_since_last=143 elapsed_ms=1001 instantaneous_fps=142
[heartbeat] tid=11 uptime_ms=89245
[bwm-fps] frames_since_last=151 elapsed_ms=1003 instantaneous_fps=150
[heartbeat] tid=11 uptime_ms=90246
[bwm-fps] frames_since_last=164 elapsed_ms=1002 instantaneous_fps=163
[virgl-composite] Frame #12500: 1280x960 → 1280x960 display (first1k: 1000 nonzero, first=0x0014161e)
[heartbeat] tid=11 uptime_ms=91247
[bwm-fps] frames_since_last=154 elapsed_ms=1007 instantaneous_fps=152
[heartbeat] tid=11 uptime_ms=92247
[bwm-fps] frames_since_last=153 elapsed_ms=1006 instantaneous_fps=152
[heartbeat] tid=11 uptime_ms=93248
[bwm-fps] frames_since_last=168 elapsed_ms=1000 instantaneous_fps=168
[virgl-composite] Frame #13000: 1280x960 → 1280x960 display (first1k: 1000 nonzero, first=0x0014161e)
[heartbeat] tid=11 uptime_ms=94249
[bwm-fps] frames_since_last=165 elapsed_ms=1008 instantaneous_fps=163
[heartbeat] tid=11 uptime_ms=95250
[timer] cpu0 ticks=60000
[bwm-fps] frames_since_last=140 elapsed_ms=1001 instantaneous_fps=139
[heartbeat] tid=11 uptime_ms=96251
[bwm-fps] frames_since_last=131 elapsed_ms=1005 instantaneous_fps=130
[heartbeat] tid=11 uptime_ms=97252
[virgl-composite] Frame #13500: 1280x960 → 1280x960 display (first1k: 1000 nonzero, first=0x0014161e)
[bwm-fps] frames_since_last=142 elapsed_ms=1002 instantaneous_fps=141
[heartbeat] tid=11 uptime_ms=98253
[bwm-fps] frames_since_last=138 elapsed_ms=1006 instantaneous_fps=137
[heartbeat] tid=11 uptime_ms=99254
[bwm-fps] frames_since_last=142 elapsed_ms=1010 instantaneous_fps=140
