[ram] 6 regions:
[ram]   0x40000000 - 0xffff0000 (3071 MB)
[ram]   0x100000000 - 0x140000000 (1024 MB)
[ram]   0x140025000 - 0x23be0f000 (4029 MB)
[ram]   0x23c000000 - 0x23c020000 (0 MB)
[ram]   0x23c080000 - 0x23f550000 (52 MB)
[ram]   0x23f930000 - 0x240000000 (6 MB)
[kern] entry_phys=0x400998c4 load=0x40080000-0x50104000
[gop-serial] UART: base=0x2110000 type=0 (PL011)
[gop-serial] Enumerating GOP display modes:
[gop-serial]   Mode 0: 1024x768 format=BGR
[gop-serial] 1 modes total, best=786432 pixels
[gop-serial] Already at best mode: 1024x768
[gop-serial] Selected: 1024x768 stride=1024 base=0x10000000 size=0x300000
ZZ00000000400998c4BDMTIVL!J>12KPHEOS
========================================
  Breenix ARM64 Kernel Starting
  BUILD_ID: 006a0dc9b62829
========================================

[boot] DIAG_MARKER_XHCI_A
[boot] DIAG_MARKER_XHCI_B
[boot] DIAG_MARKER_XHCI_C
[boot] loader xhci_hcrst_raw=0x0 ecam=0x2300000
[boot] Current exception level: EL1
[boot] MMU already enabled (high-half kernel)
[boot] Initializing memory management (0x44000000-0x50000000)...
[boot] Memory management ready
[boot] Initializing Generic Timer...
[boot] Timer frequency: 24000000 Hz (24 MHz)
[boot] Initializing PL031 RTC...
[boot] Current timestamp: 24675960
[boot] Initializing GIC...
[gic] GICR probe 0x02500000: WAKER=0x00000000 <<< VALID
[gic] GICD_CTLR wrote 0x53, readback=0x53
[gic] GICR_IGROUPR0: wrote 0xFFFFFFFF, readback=0xffffffff
[gic] ICC_CTLR_EL1: 0x40400 -> 0x40402 (EOImode=1)
[boot] GIC initialized (version 3)
[boot] Enabling UART interrupts...
[boot] Enabling GIC IRQ 33 (UART0)...
[uart] IMSC: 0x0 -> 0x50 (verify: 0x50)
[uart] FR=0x90 (RXFE=1), RIS=0x20
[gic] IRQ 33 state (GICv3):
  enabled=true, group1=true, pending=false
  priority=0xa0, GICD_CTLR=0x53
  ICC_PMR=0xf0
[boot] UART interrupts enabled
[boot] Enabling interrupts...
[boot] Interrupts enabled: true
[boot] Initializing device drivers...
[drivers] Initializing driver subsystem...
[drivers] PCI ECAM at 0x2300000, enumerating PCI bus...
[drivers] Found 7 PCI devices
[pci] 00:01.0 [8086:293e] class=04/03
[pci]   BAR0: 0x18008000 (16384)
[pci] 00:02.0 [8086:265c] class=0c/03
[pci]   BAR0: 0x18012000 (4096)
[pci]   BAR1: 0x0 (4096)
[pci]   BAR2: 0x0 (4096)
[pci]   BAR3: 0x0 (4096)
[pci]   BAR4: 0x0 (4096)
[pci]   BAR5: 0x0 (4096)
[pci] 00:03.0 [1033:0194] class=0c/03
[pci]   BAR0: 0x18011000 (4096)
[pci]   BAR1: 0x0 (4096)
[pci]   BAR2: 0x0 (4096)
[pci]   BAR3: 0x0 (4096)
[pci]   BAR4: 0x0 (4096)
[pci]   BAR5: 0x0 (4096)
[pci] 00:05.0 [1af4:1000] class=02/00
[pci]   BAR0: 0x18010000 (4096)
[pci]   BAR1: 0x1800f000 (4096)
[pci] 00:09.0 [1ab8:4000] class=ff/00
[pci]   BAR0: 0x1800e000 (4096)
[pci] 00:0a.0 [1af4:1050] class=03/00
[pci]   BAR0: 0x10000000 (134217728)
[pci]   BAR1: 0x1800d000 (4096)
[pci]   BAR4: 0x18004000 (16384)
[pci] 00:0e.0 [1af4:1053] class=07/80
[pci]   BAR1: 0x1800c000 (4096)
[pci]   BAR4: 0x18000000 (16384)
[drivers] Found 2 VirtIO PCI devices
[virtio-gpu-pci] Device features: 0x0000000100000001
[virtio-gpu-pci] VIRGL offered: true
[virtio-gpu-pci] Negotiated: 0x0000000100000001 (VIRGL=true)
[virtio-gpu-pci] VIRGL_ENABLED stored=true, readback=true, addr=0xffff000041b580c0
[pci] 00:0a.0: capabilities:
  cap 0x11 (MSI-X) @ 0xb0: dw0=0x0001bc11 dw1=0x00000001
  cap 0x09 (?) @ 0xbc: dw0=0x0410cc09 dw1=0x00000004
  cap 0x09 (?) @ 0xcc: dw0=0x0310dc09 dw1=0x00000004
  cap 0x09 (?) @ 0xdc: dw0=0x0214f009 dw1=0x00000004
  cap 0x09 (?) @ 0xf0: dw0=0x01100009 dw1=0x00000004
[gicv2m] MSI_TYPER raw=0x80350040 -> base_spi=53, num_spi=64
[virtio-gpu-pci] MSI-X cap at 0xb0: 2 vectors
[virtio-gpu-pci] MSI-X enabled: config_spi=53 queue_spi=54 doorbell=0x2250040 vectors=2
[virtio-gpu-pci] config_msix_vector: wrote=0x0 readback=0x0
[virtio-gpu-pci] Device has 2 queues
[virtio-gpu-pci] Queue 0 msix_vector: wrote=0x1 readback=0x1
[virtio-gpu-pci] Queue 1 msix_vector: wrote=0x1 readback=0x1
[virtio-gpu-pci] Cursor queue (q1) set up: size=16
[virtio-gpu-pci] Config: num_scanouts=16, num_capsets=1
[virtio-gpu-pci] MSI-X active: config_spi=53 queue_spi=54 queue_vector=1
[virtio-gpu-pci] Capset 0: id=2, max_ver=2, max_size=768
[virtio-gpu-pci] GET_CAPSET(id=2, ver=2): resp=0x1103
[virtio-gpu-pci] Display reports: 1024x768
[virtio-gpu-pci] Resolution: 1280x960 (display=1024x768, GOP=1024x768, min=1280x960)
[virtio-gpu-pci] 2D resource created and scanout set
[virtio-gpu-pci] Initialized: 1280x960
[drivers] VirtIO GPU (PCI) initialized
[virgl] Initializing VirGL 3D pipeline...
[virgl] 3D framebuffer backing: heap ptr=0xffff0000502e2000, phys=0x502e2000, size=4915200
[virgl] Step 1: context created
[virgl] Step 2: 3D resource created (1280x960, bind=0x0014000a)
[virgl] attach_backing: phys=0x502e2000, len=4915200, nr_pages=1200
[virgl] attach_backing: sending 3-desc chain: hdr=0x40baf000(32B), entries=0x50792000(19200B)
[virgl] attach_backing: OK (1200 pages attached)
[virgl] Step 3: backing attached
[virgl] Step 4: resource attached to context
[virgl] Step 5: resource primed
[virgl] SUBMIT_3D OK: id=1 used_len=0 resp_flags=0x1 resp_fence=1
[virgl] Step 6: VirGL CLEAR (cornflower blue)
[virgl] Step 7: SET_SCANOUT + RESOURCE_FLUSH done
[virgl] Step 7: VB resource created (no backing, INLINE_WRITE only)
[virgl-composite] Texture backing: heap ptr=0xffff000050792000, phys=0x50792000, 1280x960 (4915200B, 1200 pages)
[virgl] attach_backing: phys=0x50792000, len=4915200, nr_pages=1200
[virgl] attach_backing: sending 3-desc chain: hdr=0x40baf000(32B), entries=0x50c42000(19200B)
[virgl] attach_backing: OK (1200 pages attached)
[virgl-composite] Texture resource initialized (id=5)
[virgl] attach_backing: phys=0x50c42000, len=4915200, nr_pages=1200
[virgl] attach_backing: sending 3-desc chain: hdr=0x40baf000(32B), entries=0x510f2000(19200B)
[virgl] attach_backing: OK (1200 pages attached)
[virgl-pool] Pre-allocated slot=0 res_id=10 1280x960
[virgl] attach_backing: phys=0x510f2000, len=4915200, nr_pages=1200
[virgl] attach_backing: sending 3-desc chain: hdr=0x40baf000(32B), entries=0x515a2000(19200B)
[virgl] attach_backing: OK (1200 pages attached)
[virgl-pool] Pre-allocated slot=1 res_id=11 1280x960
[virgl] attach_backing: phys=0x515a2000, len=4915200, nr_pages=1200
[virgl] attach_backing: sending 3-desc chain: hdr=0x40baf000(32B), entries=0x51a52000(19200B)
[virgl] attach_backing: OK (1200 pages attached)
[virgl-pool] Pre-allocated slot=2 res_id=12 1280x960
[virgl] attach_backing: phys=0x51a52000, len=4915200, nr_pages=1200
[virgl] attach_backing: sending 3-desc chain: hdr=0x40baf000(32B), entries=0x51f02000(19200B)
[virgl] attach_backing: OK (1200 pages attached)
[virgl-pool] Pre-allocated slot=3 res_id=13 1280x960
[virgl] attach_backing: phys=0x51f02000, len=4915200, nr_pages=1200
[virgl] attach_backing: sending 3-desc chain: hdr=0x40baf000(32B), entries=0x523b2000(19200B)
[virgl] attach_backing: OK (1200 pages attached)
[virgl-pool] Pre-allocated slot=4 res_id=14 1280x960
[virgl] attach_backing: phys=0x523b2000, len=4915200, nr_pages=1200
[virgl] attach_backing: sending 3-desc chain: hdr=0x40baf000(32B), entries=0x52862000(19200B)
[virgl] attach_backing: OK (1200 pages attached)
[virgl-pool] Pre-allocated slot=5 res_id=15 1280x960
[virgl] attach_backing: phys=0x52862000, len=4915200, nr_pages=1200
[virgl] attach_backing: sending 3-desc chain: hdr=0x40baf000(32B), entries=0x52d12000(19200B)
[virgl] attach_backing: OK (1200 pages attached)
[virgl-pool] Pre-allocated slot=6 res_id=16 1280x960
[virgl] attach_backing: phys=0x52d12000, len=4915200, nr_pages=1200
[virgl] attach_backing: sending 3-desc chain: hdr=0x40baf000(32B), entries=0x531c2000(19200B)
[virgl] attach_backing: OK (1200 pages attached)
[virgl-pool] Pre-allocated slot=7 res_id=17 1280x960
[virgl] attach_backing: phys=0x531c2000, len=8192, nr_pages=2
[virgl] attach_backing: sending 3-desc chain: hdr=0x40baf000(32B), entries=0x502e0040(32B)
[virgl] attach_backing: OK (2 pages attached)
[virgl-cursor] Cursor texture initialized (id=6, 16x80, 5 shapes)
[virgl] attach_backing: phys=0x531c4000, len=4096, nr_pages=1
[virgl] attach_backing: sending 3-desc chain: hdr=0x40baf000(32B), entries=0x502e0040(16B)
[virgl] attach_backing: OK (1 pages attached)
[virgl-dimmer] Dimmer texture initialized (id=7, 4x4)
[virgl] Step 8: Compositor texture initialized
[virgl] Step 9: full pipeline+draw batch (191 DWORDs)
[virgl] SUBMIT_3D OK: id=2 used_len=0 resp_flags=0x1 resp_fence=2
[virgl] Step 10: SET_SCANOUT + RESOURCE_FLUSH
[virgl] VirGL 3D pipeline initialized successfully
[drivers] VirGL 3D acceleration active
[drivers] Compositor backend: VirGL
[virtio-gpu-pci] GPU command waits use scheduler waitqueue
[virtio-net-pci] Searching for VirtIO network device on PCI bus...
[virtio-net-pci] Found at 00:05.0 [1af4:1000]
[virtio-net-pci] BAR0: phys=0x18010000 virt=0xffff000018010000 size=4096
[virtio-net-pci] Device features: 0x6187bfa3
[virtio-net-pci] MAC: 00:1c:42:7f:85:57
[virtio-net-pci] Queue 0 max size: 256
[virtio-net-pci] Queue 0 PFN=0x4024d (phys=0x4024d000)
[virtio-net-pci] Queue 1 max size: 256
[virtio-net-pci] Queue 1 PFN=0x40250 (phys=0x40250000)
[pci] 00:05.0: capabilities:
  cap 0x10 (PCIe) @ 0x48: dw0=0x00024010 dw1=0x00000fc0
  cap 0x01 (PM) @ 0x40: dw0=0x0022f401 dw1=0x00000000
  cap 0x11 (MSI-X) @ 0xf4: dw0=0x00020011 dw1=0x00000001
[virtio-net-pci] MSI-X cap at 0xf4: 3 vectors
[virtio-net-pci] MSI-X vector assignments: cfg=0xffff rx=0x0
[virtio-net-pci] MSI-X enabled: SPI 55 doorbell=0x2250040 vectors=3
[virtio-net-pci] Network device initialized successfully
[drivers] VirtIO network (PCI) initialized
[drivers] SVGA3 init skipped: SVGA3 device not found
[drivers] Found XHCI at 00:03.0 [1033:0194]
[xhci] DMA addrs: DCBAA=0x40266000 CMD_RING=0x40267000 EVT_RING=0x40277000 ERST=0x40baa280
[xhci] Regs: USBCMD=0x5 USBSTS=0x0 CRCR=0x0 DCBAAP=0x40266000
[xhci] IR0: IMAN=0x2 ERDP=0x40277000 ERSTBA=0x40baa280
[xhci] Port scan: 14 ports
[xhci]   port 1: PORTSC=0x00021203 CCS=1 PED=1 speed=4
[xhci]   port 2: PORTSC=0x00021203 CCS=1 PED=1 speed=4
[xhci]   port 3: PORTSC=0x00021203 CCS=1 PED=1 speed=4
[xhci]   port 4: PORTSC=0x000002a0 CCS=0 PED=0 speed=0
[xhci]   port 5: PORTSC=0x000002a0 CCS=0 PED=0 speed=0
[xhci]   port 6: PORTSC=0x000002a0 CCS=0 PED=0 speed=0
[xhci]   port 7: PORTSC=0x000002a0 CCS=0 PED=0 speed=0
[xhci]   port 8: PORTSC=0x000002a0 CCS=0 PED=0 speed=0
[xhci]   port 9: PORTSC=0x000002a0 CCS=0 PED=0 speed=0
[xhci]   port 10: PORTSC=0x000002a0 CCS=0 PED=0 speed=0
[xhci]   port 11: PORTSC=0x000002a0 CCS=0 PED=0 speed=0
[xhci]   port 12: PORTSC=0x000002a0 CCS=0 PED=0 speed=0
[xhci]   port 13: PORTSC=0x000002a0 CCS=0 PED=0 speed=0
[xhci]   port 14: PORTSC=0x000002a0 CCS=0 PED=0 speed=0
[xhci] port 1 connected: PORTSC=0x00001203 PED=1 speed=4
[xhci] port 1 EnableSlot -> slot 1
[xhci] port 1 AddressDevice OK (slot 1)
[xhci] slot1: vid=0x203a pid=0xfffc class=0x00/0x00/0x00
[xhci] slot1 iface0: class=0x03 sub=0x00 proto=0x02 numEP=1
[xhci] HID iface: proto=2 subclass=0 -> mouse (hid_idx=1)
[xhci] slot1 iface1: class=0x03 sub=0x00 proto=0x02 numEP=1
[xhci] HID iface: proto=2 subclass=0 -> mouse (hid_idx=3)
[xhci] port 2 connected: PORTSC=0x00001203 PED=1 speed=4
[xhci] port 2 EnableSlot -> slot 2
[xhci] port 2 AddressDevice OK (slot 2)
[xhci] slot2: vid=0x203a pid=0xfffb class=0x00/0x00/0x00
[xhci] slot2 iface0: class=0x03 sub=0x01 proto=0x01 numEP=1
[xhci] HID iface: proto=1 subclass=1 -> keyboard (hid_idx=0)
[xhci] slot2 iface1: class=0x03 sub=0x00 proto=0x00 numEP=1
[xhci] HID iface: proto=0 subclass=0 -> NKRO (hid_idx=2)
[xhci] port 3 connected: PORTSC=0x00001203 PED=1 speed=4
[xhci] port 3 EnableSlot -> slot 3
[xhci] port 3 AddressDevice OK (slot 3)
[xhci] slot3: vid=0x203a pid=0xfff9 class=0xef/0x02/0x01
[xhci] slot3 iface0: class=0x0e sub=0x01 proto=0x00 numEP=0
[xhci] slot3 iface1: class=0x0e sub=0x02 proto=0x00 numEP=1
[xhci] start_hid_polling: kbd=slot2/dci3 nkro=dci5 mouse=slot1/dci3 mouse2=dci5
[xhci] Initialized: 32 slots, MSI irq=56
[drivers] XHCI USB controller initialized
[ahci] Platform AHCI at phys 0x2140000, virt 0xffff000002140000
[ahci] HBA version 1.256, 6 ports, 32 cmd slots, PI=0x0000003f
[ahci] Port 0: Sata, 131072 sectors (64 MB)
[ahci] Port 1: Sata, 524288 sectors (256 MB)
[ahci] IRQ probe: using port 0 dma_index 0
[ahci] IRQ probe: ISPENDR before=[0x00000000, 0x00000000, 0x00000000] after=[0x00000004, 0x00000000, 0x00000000]
[ahci] IRQ probe: PORT_IS=0x00000001 (should have D2H bit set)
[ahci] Platform IRQ probe: discovered SPI 34
[ahci] Platform IRQ enabled: SPI 34 (wired, level-triggered, CPU0)
[drivers] AHCI initialized (platform MMIO): 2 SATA device(s)
[drivers] Driver subsystem initialized (PCI)
[boot] Found 7 devices
[drivers] Running post-init self-tests...
[virtio-blk] Testing read of sector 0...
[drivers] VirtIO block test failed: Block device not initialized
[boot] Initializing network stack...
[net] Initializing network stack...
[net] Using VirtIO net PCI driver (Parallels)
[net] MAC address: 00:1c:42:7f:85:57
NET: IP address: 10.211.55.100
NET: Gateway: 10.211.55.1
Network stack initialized
NET: Sending ARP request for gateway 10.211.55.1
ARP request sent successfully
[virtio-net-pci] RX diag: used_idx=1 last_used=0 avail_idx=4 isr=0x0 msi_count=0
[virtio-net-pci] RX diag: used_idx=1 last_used=1 avail_idx=8 isr=0x0 msi_count=0
NET: ARP resolved gateway MAC: 00:1c:42:00:00:18
NET: Sending ICMP echo request to gateway 10.211.55.1
[net] ICMP echo reply received from 10.211.55.1 seq=1
NET: Network initialization complete
[virtio-net-pci] MSI-X SPI 55 enabled (post-init)
[boot] Initializing filesystem...
[ext2] No VirtIO block device, trying AHCI...
[ext2] AHCI device 0: 131072 sectors (64 MB)
[ext2] AHCI device 0: not ext2 (magic=0x0064)
[ext2] AHCI device 1: 524288 sectors (256 MB)
[ext2] Found ext2 superblock on AHCI device 1
[boot] ext2 root filesystem mounted
[boot] No home filesystem: No home block device available (expected at device index 3 or 1) (continuing)
[boot] devfs initialized at /dev
[boot] devptsfs initialized at /dev/pts
[boot] CPU detected: ARM Unknown
[boot] procfs initialized at /proc
[boot] TTY subsystem initialized
[boot] Initializing graphics...
[boot] VirGL active — skipping GOP framebuffer init (2D resource already set up in gpu_pci::init)
[boot] FB_INFO_CACHE populated for VirGL display (1280x960)
[boot] USB HID input active via XHCI IRQ
[boot] Initializing per-CPU data...
[boot] Per-CPU data initialized
[boot] Initializing process manager...
[boot] Process manager initialized
[boot] Initializing scheduler...
[boot] Scheduler initialized
[boot] Workqueue subsystem initialized
[boot] Softirq subsystem initialized
[boot] Render thread skipped — VirGL owns the display
[boot] Tracing subsystem initialized and enabled
[boot] Pre-loading /sbin/init from ext2 (before timer)...
[boot] Init binary pre-loaded: 296776 bytes
[xhci] activate_msi_if_ready: source=system-ready spi=56 DIAG_SPI_ENABLE_COUNT=1
[xhci] post-activation: MSI_EVENT_COUNT=59 EVENT_COUNT=0 POLL_COUNT=0 SPI_ACTIVATED=true
[boot] Initializing timer interrupt...
[timer] Timer configured for ~1000 Hz (24000 ticks per interrupt)
[timer] Using virtual timer (PPI 27)
[boot] Timer interrupt initialized
[smp] CPU 0 MPIDR=0x80000000, stack_base=0x43000000
[smp] GICR covers 8 redistributors, probing CPUs 1..8
[smp] Probing secondary CPUs via PSCI...
[smp]1@ 1CABPCDEUeF G1: P1SCI CPU_ON success
[gic2] @1IABCCCDE_eCFGT2LR_EL1: 0x40400 -> 0x40402 (EOImode=1)
[gic] ICC_CTLR_EL1: 0x40400 -> 0x40402 (EOImode=1)
[smp] CPU 2: PSCI CPU_ON success
T1[s3m@1pA]BC DCEeFPGU3 3: PSCI CPU_ON success
[gi4c@1]AB CDIECeCFG_4CTLR_EL1: 0x40400 -> 0x40402 (EOImode=1)
[gic] ICC_CTLR_EL1: 0x40400 -> 0x40402 (EOImode=1)
[smp] CPU 4: PSCI CPU_ON success
[5s@1mABpCD] EeCFPGU5 5: PSCI CPU_ON success
[gic6]@1 ABICCDECe_FGCTLR6_EL1: 0x40400 -> 0x40402 (EOImode=1)
[gic] ICC_CTLR_EL1: 0x40400 -> 0x40402 (EOImode=1)
[smp] CPU 6: PSCI CPU_ON success
T2[s7m@1pAB]C DCEePFGU7 7: PSCI CPU_ON success
[gic] ICC_CTLR_EL1: 0x40400 -> 0x40402 (EOImode=1)
[smp] 8 CPUs online

========================================
  Breenix ARM64 Boot Complete!
========================================

Hello from ARM64!

[boot] Launching init from pre-loaded ELF...
manager.create_process_with_argv [ARM64]: ENTRY - name='init', elf_size=296776, argc=1
manager.create_process_with_argv [ARM64]: Generated PID 1
manager.create_process_with_argv [ARM64]: Creating ProcessPageTable
manager.create_process_with_argv [ARM64]: Loading ELF into page table
manager.create_process_with_argv [ARM64]: ELF loaded, entry=0x4000f1f0
manager.create_process_with_argv [ARM64]: Allocating user stack
manager.create_process_with_argv [ARM64]: User stack will be at 0xfffffeff0000-0xffffff000000
manager.create_process_with_argv [ARM64]: argc/argv set up on stack, SP=0xfffffefffed0
manager.create_process_with_argv [ARM64]: SUCCESS - returning PID 1
[ahci-poll-attrib] total=72 post_reg=70 pre_sched=70 post_sched=0
[boot] Reset 8 idle thread contexts (CPUs online: 8)
T3T4EL0_SYSCALL: First syscall from userspace (SPSR confirms EL0)
[ OK ] syscall path verified
[init] Breenix init starting (PID 1)
T5[spawn] path='/bin/heartbeat'
manager.create_process_with_argv [ARM64]: ENTRY - name='heartbeat', elf_size=290128, argc=1
manager.create_process_with_argv [ARM64]: Generated PID 2
manager.create_process_with_argv [ARM64]: Creating ProcessPageTable
manager.create_process_with_argv [ARM64]: Loading ELF into page table
manager.create_process_with_argv [ARM64]: ELF loaded, entry=0x4000edac
manager.create_process_with_argv [ARM64]: Allocating user stack
manager.create_process_with_argv [ARM64]: User stack will be at 0xfffffeff0000-0xffffff000000
manager.create_process_with_argv [ARM64]: argc/argv set up on stack, SP=0xfffffefffed0
manager.create_process_with_argv [ARM64]: SUCCESS - returning PID 2
[spawn] Created child PID 2 for parent PID 1
T6[spawn] Success: child PID 2 scheduled
[heartbeat] tid=11 uptime_ms=1253
T7T8T9T0[spawn] path='/bin/xhci_counters'
manager.create_process_with_argv [ARM64]: ENTRY - name='xhci_counters', elf_size=292264, argc=1
manager.create_process_with_argv [ARM64]: Generated PID 3
manager.create_process_with_argv [ARM64]: Creating ProcessPageTable
manager.create_process_with_argv [ARM64]: Loading ELF into page table
manager.create_process_with_argv [ARM64]: ELF loaded, entry=0x4000f140
manager.create_process_with_argv [ARM64]: Allocating user stack
manager.create_process_with_argv [ARM64]: User stack will be at 0xfffffeff0000-0xffffff000000
manager.create_process_with_argv [ARM64]: argc/argv set up on stack, SP=0xfffffefffed0
manager.create_process_with_argv [ARM64]: SUCCESS - returning PID 3
[spawn] Created child PID 3 for parent PID 1
[spawn] Success: child PID 3 scheduled
[xhci-counters] XHCI_MSI_EVENT_TOTAL=59
[xhci-counters] XHCI_IRQ_ENTRY_TOTAL=60
[xhci-counters] XHCI_LOCK_CONTENDED_TOTAL=1
[syscall] exit(0) pid=3 name=xhci_counters
[spawn] path='/bin/bwm'
manager.create_process_with_argv [ARM64]: ENTRY - name='bwm', elf_size=429208, argc=1
manager.create_process_with_argv [ARM64]: Generated PID 4
manager.create_process_with_argv [ARM64]: Creating ProcessPageTable
manager.create_process_with_argv [ARM64]: Loading ELF into page table
manager.create_process_with_argv [ARM64]: ELF loaded, entry=0x400190b8
manager.create_process_with_argv [ARM64]: Allocating user stack
manager.create_process_with_argv [ARM64]: User stack will be at 0xfffffeff0000-0xffffff000000
manager.create_process_with_argv [ARM64]: argc/argv set up on stack, SP=0xfffffefffee0
manager.create_process_with_argv [ARM64]: SUCCESS - returning PID 4
[spawn] Created child PID 4 for parent PID 1
[spawn] Success: child PID 4 scheduled
[bwm] Breenix Window Manager starting... (v2-chromeless-skip)
[virgl-composite] Frame #0: 1x1 → 1280x960 display (first1k: 1 nonzero, first=0xff000000)
[bwm] GPU compositing mode (VirGL), display: 1280x960
[compositor] Mapped compositor buffer into process: virt=0x7ffffdb4e000, 1280x960, 1200 pages (backend=VirGL)
[bwm] Direct compositor mapping: 1280x960 at 0x7ffffdb4e000
[bwm] using bitmap font fallback for early boot
[bwm] hotkeys: using built-in defaults for early boot
[virgl-composite] Frame #1: 1280x960 → 1280x960 display (first1k: 1000 nonzero, first=0x00121832)
[virgl-composite] Frame #2: 1280x960 → 1280x960 display (first1k: 1000 nonzero, first=0x00121832)
[spawn] path='/sbin/telnetd'
manager.create_process_with_argv [ARM64]: ENTRY - name='telnetd', elf_size=298632, argc=1
manager.create_process_with_argv [ARM64]: Generated PID 5
manager.create_process_with_argv [ARM64]: Creating ProcessPageTable
manager.create_process_with_argv [ARM64]: Loading ELF into page table
manager.create_process_with_argv [ARM64]: ELF loaded, entry=0x4000fdd0
manager.create_process_with_argv [ARM64]: Allocating user stack
manager.create_process_with_argv [ARM64]: User stack will be at 0xfffffeff0000-0xffffff000000
manager.create_process_with_argv [ARM64]: argc/argv set up on stack, SP=0xfffffefffed0
manager.create_process_with_argv [ARM64]: SUCCESS - returning PID 5
[spawn] Created child PID 5 for parent PID 1
[spawn] Success: child PID 5 scheduled
TELNETD_STARTING
TELNETD_LISTENING
[init] Boot script completed
[spawn] path='/bin/bsshd'
manager.create_process_with_argv [ARM64]: ENTRY - name='bsshd', elf_size=441008, argc=1
manager.create_process_with_argv [ARM64]: Generated PID 6
manager.create_process_with_argv [ARM64]: Creating ProcessPageTable
manager.create_process_with_argv [ARM64]: Loading ELF into page table
manager.create_process_with_argv [ARM64]: ELF loaded, entry=0x4001c39c
manager.create_process_with_argv [ARM64]: Allocating user stack
manager.create_process_with_argv [ARM64]: User stack will be at 0xfffffeff0000-0xffffff000000
manager.create_process_with_argv [ARM64]: argc/argv set up on stack, SP=0xfffffefffed0
manager.create_process_with_argv [ARM64]: SUCCESS - returning PID 6
[spawn] Created child PID 6 for parent PID 1
[spawn] Success: child PID 6 scheduled
bsshd: starting on port 2222
bsshd: listening on 0.0.0.0:2222
[init] bsshd started (PID 6)
[spawn] path='/bin/bounce'
manager.create_process_with_argv [ARM64]: ENTRY - name='bounce', elf_size=388152, argc=1
manager.create_process_with_argv [ARM64]: Generated PID 7
manager.create_process_with_argv [ARM64]: Creating ProcessPageTable
manager.create_process_with_argv [ARM64]: Loading ELF into page table
manager.create_process_with_argv [ARM64]: ELF loaded, entry=0x400188f4
manager.create_process_with_argv [ARM64]: Allocating user stack
manager.create_process_with_argv [ARM64]: User stack will be at 0xfffffeff0000-0xffffff000000
manager.create_process_with_argv [ARM64]: argc/argv set up on stack, SP=0xfffffefffed0
manager.create_process_with_argv [ARM64]: SUCCESS - returning PID 7
[spawn] Created child PID 7 for parent PID 1
[spawn] Success: child PID 7 scheduled
Bounce spheres demo starting (for Gus!) [boot_id=000000006bc18511]
[window] create_window_buffer: 400x300 (480000 bytes, 118 pages)
[window] Created buffer id=1 for pid=7: 400x300 at virt=0x7ffffdf86000 phys=0x4417c000
[init] bounce started (PID 7)
[bounce] Window mode: id=1 400x300 [boot_id=000000006bc18511]
[init] Process 3 exited (code 0)
[bwm] Discovered window 'Bounce' (id=1, 400x300) at (30,38)
[compositor] Mapped window 1 into BWM: virt=0x7ffffdad4000, 400x300, 118 pages
[heartbeat] tid=11 uptime_ms=2254
[bwm-fps] frames_since_last=134 elapsed_ms=1000 instantaneous_fps=134
[heartbeat] tid=11 uptime_ms=3254
[bwm-fps] frames_since_last=189 elapsed_ms=1004 instantaneous_fps=188
[heartbeat] tid=11 uptime_ms=4255
[virgl-composite] Frame #500: 1280x960 → 1280x960 display (first1k: 1000 nonzero, first=0x0014161e)
[bwm-fps] frames_since_last=183 elapsed_ms=1004 instantaneous_fps=182
[heartbeat] tid=11 uptime_ms=5255
[bwm-fps] frames_since_last=167 elapsed_ms=1002 instantaneous_fps=166
[heartbeat] tid=11 uptime_ms=6256
[bwm-fps] frames_since_last=183 elapsed_ms=1003 instantaneous_fps=182
[heartbeat] tid=11 uptime_ms=7258
[virgl-composite] Frame #1000: 1280x960 → 1280x960 display (first1k: 1000 nonzero, first=0x0014161e)
[bwm-fps] frames_since_last=173 elapsed_ms=1002 instantaneous_fps=172
[heartbeat] tid=11 uptime_ms=8259
[bwm-fps] frames_since_last=169 elapsed_ms=1005 instantaneous_fps=168
[timer] cpu0 ticks=5000
[heartbeat] tid=11 uptime_ms=9260
[bwm-fps] frames_since_last=182 elapsed_ms=1003 instantaneous_fps=181
[virgl-composite] Frame #1500: 1280x960 → 1280x960 display (first1k: 1000 nonzero, first=0x0014161e)
[heartbeat] tid=11 uptime_ms=10260
[bwm-fps] frames_since_last=179 elapsed_ms=1003 instantaneous_fps=178
[heartbeat] tid=11 uptime_ms=11261
[bwm-fps] frames_since_last=189 elapsed_ms=1005 instantaneous_fps=188
[heartbeat] tid=11 uptime_ms=12261
[bwm-fps] frames_since_last=177 elapsed_ms=1002 instantaneous_fps=176
[virgl-composite] Frame #2000: 1280x960 → 1280x960 display (first1k: 1000 nonzero, first=0x0014161e)
[heartbeat] tid=11 uptime_ms=13261
[bwm-fps] frames_since_last=171 elapsed_ms=1001 instantaneous_fps=170
[heartbeat] tid=11 uptime_ms=14262
[bwm-fps] frames_since_last=181 elapsed_ms=1003 instantaneous_fps=180
[heartbeat] tid=11 uptime_ms=15262
[bwm-fps] frames_since_last=174 elapsed_ms=1002 instantaneous_fps=173
[virgl-composite] Frame #2500: 1280x960 → 1280x960 display (first1k: 1000 nonzero, first=0x0014161e)
[timer] cpu0 ticks=10000
[heartbeat] tid=11 uptime_ms=16263
[bwm-fps] frames_since_last=189 elapsed_ms=1003 instantaneous_fps=188
[heartbeat] tid=11 uptime_ms=17263
[bwm-fps] frames_since_last=173 elapsed_ms=1000 instantaneous_fps=173
[heartbeat] tid=11 uptime_ms=18263
[bwm-fps] frames_since_last=170 elapsed_ms=1004 instantaneous_fps=169
[virgl-composite] Frame #3000: 1280x960 → 1280x960 display (first1k: 1000 nonzero, first=0x0014161e)
[heartbeat] tid=11 uptime_ms=19263
[bwm-fps] frames_since_last=189 elapsed_ms=1001 instantaneous_fps=188
[heartbeat] tid=11 uptime_ms=20264
[bwm-fps] frames_since_last=175 elapsed_ms=1003 instantaneous_fps=174
[heartbeat] tid=11 uptime_ms=21264
[virgl-composite] Frame #3500: 1280x960 → 1280x960 display (first1k: 1000 nonzero, first=0x0014161e)
[bwm-fps] frames_since_last=167 elapsed_ms=1004 instantaneous_fps=166
[heartbeat] tid=11 uptime_ms=22266
[bwm-fps] frames_since_last=168 elapsed_ms=1000 instantaneous_fps=168
[heartbeat] tid=11 uptime_ms=23266
[bwm-fps] frames_since_last=170 elapsed_ms=1007 instantaneous_fps=168
[timer] cpu0 ticks=15000
[heartbeat] tid=11 uptime_ms=24267
[virgl-composite] Frame #4000: 1280x960 → 1280x960 display (first1k: 1000 nonzero, first=0x0014161e)
[bwm-fps] frames_since_last=162 elapsed_ms=1000 instantaneous_fps=162
[heartbeat] tid=11 uptime_ms=25268
[bwm-fps] frames_since_last=177 elapsed_ms=1003 instantaneous_fps=176
[heartbeat] tid=11 uptime_ms=26268
[bwm-fps] frames_since_last=181 elapsed_ms=1003 instantaneous_fps=180
[heartbeat] tid=11 uptime_ms=27269
[virgl-composite] Frame #4500: 1280x960 → 1280x960 display (first1k: 1000 nonzero, first=0x0014161e)
[bwm-fps] frames_since_last=167 elapsed_ms=1003 instantaneous_fps=166
[heartbeat] tid=11 uptime_ms=28270
[bwm-fps] frames_since_last=172 elapsed_ms=1003 instantaneous_fps=171
[heartbeat] tid=11 uptime_ms=29270
[bwm-fps] frames_since_last=163 elapsed_ms=1008 instantaneous_fps=161
[heartbeat] tid=11 uptime_ms=30271
[virgl-composite] Frame #5000: 1280x960 → 1280x960 display (first1k: 1000 nonzero, first=0x0014161e)
[bwm-fps] frames_since_last=168 elapsed_ms=1002 instantaneous_fps=167
[timer] cpu0 ticks=20000
[heartbeat] tid=11 uptime_ms=31271
[bwm-fps] frames_since_last=168 elapsed_ms=1002 instantaneous_fps=167
[heartbeat] tid=11 uptime_ms=32271
[bwm-fps] frames_since_last=184 elapsed_ms=1000 instantaneous_fps=184
[virgl-composite] Frame #5500: 1280x960 → 1280x960 display (first1k: 1000 nonzero, first=0x0014161e)
[heartbeat] tid=11 uptime_ms=33274
[bwm-fps] frames_since_last=193 elapsed_ms=1003 instantaneous_fps=192
[heartbeat] tid=11 uptime_ms=34274
[bwm-fps] frames_since_last=164 elapsed_ms=1003 instantaneous_fps=163
[heartbeat] tid=11 uptime_ms=35275
[bwm-fps] frames_since_last=169 elapsed_ms=1003 instantaneous_fps=168
[virgl-composite] Frame #6000: 1280x960 → 1280x960 display (first1k: 1000 nonzero, first=0x0014161e)
[heartbeat] tid=11 uptime_ms=36275
[bwm-fps] frames_since_last=173 elapsed_ms=1003 instantaneous_fps=172
[heartbeat] tid=11 uptime_ms=37276
[bwm-fps] frames_since_last=152 elapsed_ms=1003 instantaneous_fps=151
[heartbeat] tid=11 uptime_ms=38277
[timer] cpu0 ticks=25000
[bwm-fps] frames_since_last=166 elapsed_ms=1000 instantaneous_fps=166
[virgl-composite] Frame #6500: 1280x960 → 1280x960 display (first1k: 1000 nonzero, first=0x0014161e)
[heartbeat] tid=11 uptime_ms=39277
[bwm-fps] frames_since_last=167 elapsed_ms=1008 instantaneous_fps=165
[heartbeat] tid=11 uptime_ms=40277
[bwm-fps] frames_since_last=177 elapsed_ms=1001 instantaneous_fps=176
[heartbeat] tid=11 uptime_ms=41278
[bwm-fps] frames_since_last=195 elapsed_ms=1002 instantaneous_fps=194
[virgl-composite] Frame #7000: 1280x960 → 1280x960 display (first1k: 1000 nonzero, first=0x0014161e)
[heartbeat] tid=11 uptime_ms=42278
[bwm-fps] frames_since_last=184 elapsed_ms=1003 instantaneous_fps=183
[heartbeat] tid=11 uptime_ms=43278
[bwm-fps] frames_since_last=180 elapsed_ms=1000 instantaneous_fps=180
[heartbeat] tid=11 uptime_ms=44279
[bwm-fps] frames_since_last=178 elapsed_ms=1002 instantaneous_fps=177
[virgl-composite] Frame #7500: 1280x960 → 1280x960 display (first1k: 1000 nonzero, first=0x0014161e)
[heartbeat] tid=11 uptime_ms=45280
[bwm-fps] frames_since_last=162 elapsed_ms=1007 instantaneous_fps=160
[timer] cpu0 ticks=30000
[heartbeat] tid=11 uptime_ms=46280
[bwm-fps] frames_since_last=167 elapsed_ms=1006 instantaneous_fps=166
[heartbeat] tid=11 uptime_ms=47280
[virgl-composite] Frame #8000: 1280x960 → 1280x960 display (first1k: 1000 nonzero, first=0x0014161e)
[bwm-fps] frames_since_last=179 elapsed_ms=1005 instantaneous_fps=178
[heartbeat] tid=11 uptime_ms=48281
[bwm-fps] frames_since_last=154 elapsed_ms=1006 instantaneous_fps=153
[heartbeat] tid=11 uptime_ms=49281
[bwm-fps] frames_since_last=167 elapsed_ms=1001 instantaneous_fps=166
[heartbeat] tid=11 uptime_ms=50282
[bwm-fps] frames_since_last=173 elapsed_ms=1001 instantaneous_fps=172
[virgl-composite] Frame #8500: 1280x960 → 1280x960 display (first1k: 1000 nonzero, first=0x0014161e)
[heartbeat] tid=11 uptime_ms=51282
[bwm-fps] frames_since_last=185 elapsed_ms=1004 instantaneous_fps=184
[heartbeat] tid=11 uptime_ms=52282
[bwm-fps] frames_since_last=168 elapsed_ms=1002 instantaneous_fps=167
[heartbeat] tid=11 uptime_ms=53283
[timer] cpu0 ticks=35000
[virgl-composite] Frame #9000: 1280x960 → 1280x960 display (first1k: 1000 nonzero, first=0x0014161e)
[bwm-fps] frames_since_last=168 elapsed_ms=1006 instantaneous_fps=166
[heartbeat] tid=11 uptime_ms=54283
[bwm-fps] frames_since_last=164 elapsed_ms=1004 instantaneous_fps=163
[heartbeat] tid=11 uptime_ms=55284
[bwm-fps] frames_since_last=161 elapsed_ms=1001 instantaneous_fps=160
[heartbeat] tid=11 uptime_ms=56284
[virgl-composite] Frame #9500: 1280x960 → 1280x960 display (first1k: 1000 nonzero, first=0x0014161e)
[bwm-fps] frames_since_last=172 elapsed_ms=1003 instantaneous_fps=171
[heartbeat] tid=11 uptime_ms=57285
[bwm-fps] frames_since_last=167 elapsed_ms=1000 instantaneous_fps=167
[heartbeat] tid=11 uptime_ms=58288
[bwm-fps] frames_since_last=173 elapsed_ms=1008 instantaneous_fps=171
[heartbeat] tid=11 uptime_ms=59289
[virgl-composite] Frame #10000: 1280x960 → 1280x960 display (first1k: 1000 nonzero, first=0x0014161e)
[bwm-fps] frames_since_last=180 elapsed_ms=1011 instantaneous_fps=178
[heartbeat] tid=11 uptime_ms=60290
[bwm-fps] frames_since_last=194 elapsed_ms=1000 instantaneous_fps=194
[timer] cpu0 ticks=40000
[heartbeat] tid=11 uptime_ms=61290
[bwm-fps] frames_since_last=170 elapsed_ms=1003 instantaneous_fps=169
[virgl-composite] Frame #10500: 1280x960 → 1280x960 display (first1k: 1000 nonzero, first=0x0014161e)
[heartbeat] tid=11 uptime_ms=62292
[bwm-fps] frames_since_last=173 elapsed_ms=1002 instantaneous_fps=172
[heartbeat] tid=11 uptime_ms=63292
[bwm-fps] frames_since_last=170 elapsed_ms=1001 instantaneous_fps=169
[heartbeat] tid=11 uptime_ms=64293
[bwm-fps] frames_since_last=182 elapsed_ms=1000 instantaneous_fps=182
[virgl-composite] Frame #11000: 1280x960 → 1280x960 display (first1k: 1000 nonzero, first=0x0014161e)
[heartbeat] tid=11 uptime_ms=65293
[bwm-fps] frames_since_last=179 elapsed_ms=1002 instantaneous_fps=178
[heartbeat] tid=11 uptime_ms=66293
[bwm-fps] frames_since_last=181 elapsed_ms=1005 instantaneous_fps=180
[heartbeat] tid=11 uptime_ms=67293
[bwm-fps] frames_since_last=167 elapsed_ms=1000 instantaneous_fps=167
[virgl-composite] Frame #11500: 1280x960 → 1280x960 display (first1k: 1000 nonzero, first=0x0014161e)
[heartbeat] tid=11 uptime_ms=68294
[timer] cpu0 ticks=45000
[bwm-fps] frames_since_last=167 elapsed_ms=1004 instantaneous_fps=166
[heartbeat] tid=11 uptime_ms=69294
[bwm-fps] frames_since_last=176 elapsed_ms=1000 instantaneous_fps=176
[heartbeat] tid=11 uptime_ms=70295
[bwm-fps] frames_since_last=171 elapsed_ms=1000 instantaneous_fps=171
[virgl-composite] Frame #12000: 1280x960 → 1280x960 display (first1k: 1000 nonzero, first=0x0014161e)
[heartbeat] tid=11 uptime_ms=71295
[bwm-fps] frames_since_last=184 elapsed_ms=1002 instantaneous_fps=183
[heartbeat] tid=11 uptime_ms=72296
[bwm-fps] frames_since_last=174 elapsed_ms=1002 instantaneous_fps=173
[heartbeat] tid=11 uptime_ms=73296
[bwm-fps] frames_since_last=166 elapsed_ms=1000 instantaneous_fps=166
[virgl-composite] Frame #12500: 1280x960 → 1280x960 display (first1k: 1000 nonzero, first=0x0014161e)
[heartbeat] tid=11 uptime_ms=74297
[bwm-fps] frames_since_last=168 elapsed_ms=1002 instantaneous_fps=167
[heartbeat] tid=11 uptime_ms=75298
[bwm-fps] frames_since_last=180 elapsed_ms=1002 instantaneous_fps=179
[timer] cpu0 ticks=50000
[heartbeat] tid=11 uptime_ms=76298
[bwm-fps] frames_since_last=159 elapsed_ms=1000 instantaneous_fps=159
[virgl-composite] Frame #13000: 1280x960 → 1280x960 display (first1k: 1000 nonzero, first=0x0014161e)
[heartbeat] tid=11 uptime_ms=77299
[bwm-fps] frames_since_last=163 elapsed_ms=1003 instantaneous_fps=162
[heartbeat] tid=11 uptime_ms=78299
[bwm-fps] frames_since_last=173 elapsed_ms=1004 instantaneous_fps=172
[heartbeat] tid=11 uptime_ms=79300
[bwm-fps] frames_since_last=156 elapsed_ms=1013 instantaneous_fps=153
[virgl-composite] Frame #13500: 1280x960 → 1280x960 display (first1k: 1000 nonzero, first=0x0014161e)
[heartbeat] tid=11 uptime_ms=80300
[bwm-fps] frames_since_last=184 elapsed_ms=1002 instantaneous_fps=183
[heartbeat] tid=11 uptime_ms=81300
[bwm-fps] frames_since_last=184 elapsed_ms=1000 instantaneous_fps=184
[heartbeat] tid=11 uptime_ms=82302
[virgl-composite] Frame #14000: 1280x960 → 1280x960 display (first1k: 1000 nonzero, first=0x0014161e)
[bwm-fps] frames_since_last=165 elapsed_ms=1000 instantaneous_fps=165
[timer] cpu0 ticks=55000
[heartbeat] tid=11 uptime_ms=83303
[bwm-fps] frames_since_last=173 elapsed_ms=1001 instantaneous_fps=172
[heartbeat] tid=11 uptime_ms=84303
[bwm-fps] frames_since_last=158 elapsed_ms=1009 instantaneous_fps=156
[heartbeat] tid=11 uptime_ms=85306
[virgl-composite] Frame #14500: 1280x960 → 1280x960 display (first1k: 1000 nonzero, first=0x0014161e)
[bwm-fps] frames_since_last=170 elapsed_ms=1002 instantaneous_fps=169
[heartbeat] tid=11 uptime_ms=86306
[bwm-fps] frames_since_last=166 elapsed_ms=1003 instantaneous_fps=165
[heartbeat] tid=11 uptime_ms=87306
[bwm-fps] frames_since_last=193 elapsed_ms=1004 instantaneous_fps=192
[heartbeat] tid=11 uptime_ms=88307
[virgl-composite] Frame #15000: 1280x960 → 1280x960 display (first1k: 1000 nonzero, first=0x0014161e)
[bwm-fps] frames_since_last=160 elapsed_ms=1009 instantaneous_fps=158
[heartbeat] tid=11 uptime_ms=89308
[bwm-fps] frames_since_last=161 elapsed_ms=1002 instantaneous_fps=160
[heartbeat] tid=11 uptime_ms=90308
[timer] cpu0 ticks=60000
[bwm-fps] frames_since_last=171 elapsed_ms=1004 instantaneous_fps=170
[heartbeat] tid=11 uptime_ms=91309
[virgl-composite] Frame #15500: 1280x960 → 1280x960 display (first1k: 1000 nonzero, first=0x0014161e)
[bwm-fps] frames_since_last=195 elapsed_ms=1005 instantaneous_fps=194
[heartbeat] tid=11 uptime_ms=92310
[bwm-fps] frames_since_last=182 elapsed_ms=1000 instantaneous_fps=182
[heartbeat] tid=11 uptime_ms=93310
[bwm-fps] frames_since_last=159 elapsed_ms=1002 instantaneous_fps=158
[heartbeat] tid=11 uptime_ms=94311
[virgl-composite] Frame #16000: 1280x960 → 1280x960 display (first1k: 1000 nonzero, first=0x0014161e)
[bwm-fps] frames_since_last=169 elapsed_ms=1004 instantaneous_fps=168
[heartbeat] tid=11 uptime_ms=95311
[bwm-fps] frames_since_last=157 elapsed_ms=1007 instantaneous_fps=155
[heartbeat] tid=11 uptime_ms=96312
[bwm-fps] frames_since_last=165 elapsed_ms=1003 instantaneous_fps=164
[heartbeat] tid=11 uptime_ms=97312
[virgl-composite] Frame #16500: 1280x960 → 1280x960 display (first1k: 1000 nonzero, first=0x0014161e)
[bwm-fps] frames_since_last=167 elapsed_ms=1003 instantaneous_fps=166
[timer] cpu0 ticks=65000
[heartbeat] tid=11 uptime_ms=98313
[bwm-fps] frames_since_last=183 elapsed_ms=1004 instantaneous_fps=182
[heartbeat] tid=11 uptime_ms=99313
[bwm-fps] frames_since_last=171 elapsed_ms=1000 instantaneous_fps=171
[heartbeat] tid=11 uptime_ms=100314
[virgl-composite] Frame #17000: 1280x960 → 1280x960 display (first1k: 1000 nonzero, first=0x0014161e)
[bwm-fps] frames_since_last=169 elapsed_ms=1000 instantaneous_fps=169
[heartbeat] tid=11 uptime_ms=101315
[bwm-fps] frames_since_last=194 elapsed_ms=1004 instantaneous_fps=193
[heartbeat] tid=11 uptime_ms=102316
[bwm-fps] frames_since_last=188 elapsed_ms=1001 instantaneous_fps=187
[virgl-composite] Frame #17500: 1280x960 → 1280x960 display (first1k: 1000 nonzero, first=0x0014161e)
[heartbeat] tid=11 uptime_ms=103317
[bwm-fps] frames_since_last=192 elapsed_ms=1001 instantaneous_fps=191
[heartbeat] tid=11 uptime_ms=104317
[bwm-fps] frames_since_last=179 elapsed_ms=1006 instantaneous_fps=177
[heartbeat] tid=11 uptime_ms=105317
[virgl-composite] Frame #18000: 1280x960 → 1280x960 display (first1k: 1000 nonzero, first=0x0014161e)
[timer] cpu0 ticks=70000
[bwm-fps] frames_since_last=190 elapsed_ms=1000 instantaneous_fps=190
[heartbeat] tid=11 uptime_ms=106318
[bwm-fps] frames_since_last=188 elapsed_ms=1001 instantaneous_fps=187
[heartbeat] tid=11 uptime_ms=107318
[bwm-fps] frames_since_last=185 elapsed_ms=1000 instantaneous_fps=185
[heartbeat] tid=11 uptime_ms=108319
[virgl-composite] Frame #18500: 1280x960 → 1280x960 display (first1k: 1000 nonzero, first=0x0014161e)
[bwm-fps] frames_since_last=165 elapsed_ms=1002 instantaneous_fps=164
[heartbeat] tid=11 uptime_ms=109319
[bwm-fps] frames_since_last=172 elapsed_ms=1007 instantaneous_fps=170
[heartbeat] tid=11 uptime_ms=110319
[bwm-fps] frames_since_last=183 elapsed_ms=1003 instantaneous_fps=182
[virgl-composite] Frame #19000: 1280x960 → 1280x960 display (first1k: 1000 nonzero, first=0x0014161e)
[heartbeat] tid=11 uptime_ms=111320
[bwm-fps] frames_since_last=177 elapsed_ms=1002 instantaneous_fps=176
[heartbeat] tid=11 uptime_ms=112321
[bwm-fps] frames_since_last=191 elapsed_ms=1001 instantaneous_fps=190
[timer] cpu0 ticks=75000
[heartbeat] tid=11 uptime_ms=113321
[bwm-fps] frames_since_last=173 elapsed_ms=1002 instantaneous_fps=172
[virgl-composite] Frame #19500: 1280x960 → 1280x960 display (first1k: 1000 nonzero, first=0x0014161e)
[heartbeat] tid=11 uptime_ms=114322
[bwm-fps] frames_since_last=185 elapsed_ms=1003 instantaneous_fps=184
[heartbeat] tid=11 uptime_ms=115322
[bwm-fps] frames_since_last=167 elapsed_ms=1003 instantaneous_fps=166
[heartbeat] tid=11 uptime_ms=116323
[bwm-fps] frames_since_last=160 elapsed_ms=1003 instantaneous_fps=159
[virgl-composite] Frame #20000: 1280x960 → 1280x960 display (first1k: 1000 nonzero, first=0x0014161e)
[heartbeat] tid=11 uptime_ms=117323
[bwm-fps] frames_since_last=165 elapsed_ms=1000 instantaneous_fps=165
[heartbeat] tid=11 uptime_ms=118324
[bwm-fps] frames_since_last=157 elapsed_ms=1002 instantaneous_fps=156
[heartbeat] tid=11 uptime_ms=119325
[bwm-fps] frames_since_last=175 elapsed_ms=1003 instantaneous_fps=174
[virgl-composite] Frame #20500: 1280x960 → 1280x960 display (first1k: 1000 nonzero, first=0x0014161e)
[heartbeat] tid=11 uptime_ms=120325
[timer] cpu0 ticks=80000
[bwm-fps] frames_since_last=170 elapsed_ms=1000 instantaneous_fps=170
[heartbeat] tid=11 uptime_ms=121326
[bwm-fps] frames_since_last=181 elapsed_ms=1002 instantaneous_fps=180
[heartbeat] tid=11 uptime_ms=122326
[virgl-composite] Frame #21000: 1280x960 → 1280x960 display (first1k: 1000 nonzero, first=0x0014161e)
[bwm-fps] frames_since_last=178 elapsed_ms=1000 instantaneous_fps=178
[heartbeat] tid=11 uptime_ms=123326
[bwm-fps] frames_since_last=174 elapsed_ms=1002 instantaneous_fps=173
[heartbeat] tid=11 uptime_ms=124327
[bwm-fps] frames_since_last=194 elapsed_ms=1000 instantaneous_fps=194
[heartbeat] tid=11 uptime_ms=125327
[virgl-composite] Frame #21500: 1280x960 → 1280x960 display (first1k: 1000 nonzero, first=0x0014161e)
[bwm-fps] frames_since_last=186 elapsed_ms=1002 instantaneous_fps=185
[heartbeat] tid=11 uptime_ms=126328
[bwm-fps] frames_since_last=182 elapsed_ms=1005 instantaneous_fps=181
[heartbeat] tid=11 uptime_ms=127328
[bwm-fps] frames_since_last=168 elapsed_ms=1003 instantaneous_fps=167
[timer] cpu0 ticks=85000
[heartbeat] tid=11 uptime_ms=128329
[virgl-composite] Frame #22000: 1280x960 → 1280x960 display (first1k: 1000 nonzero, first=0x0014161e)
[bwm-fps] frames_since_last=164 elapsed_ms=1006 instantaneous_fps=163
[heartbeat] tid=11 uptime_ms=129329
[bwm-fps] frames_since_last=163 elapsed_ms=1002 instantaneous_fps=162
[heartbeat] tid=11 uptime_ms=130330
[bwm-fps] frames_since_last=155 elapsed_ms=1001 instantaneous_fps=154
[heartbeat] tid=11 uptime_ms=131330
[virgl-composite] Frame #22500: 1280x960 → 1280x960 display (first1k: 1000 nonzero, first=0x0014161e)
[bwm-fps] frames_since_last=175 elapsed_ms=1005 instantaneous_fps=174
[heartbeat] tid=11 uptime_ms=132331
[bwm-fps] frames_since_last=171 elapsed_ms=1001 instantaneous_fps=170
[heartbeat] tid=11 uptime_ms=133334
[bwm-fps] frames_since_last=170 elapsed_ms=1007 instantaneous_fps=168
[heartbeat] tid=11 uptime_ms=134335
[virgl-composite] Frame #23000: 1280x960 → 1280x960 display (first1k: 1000 nonzero, first=0x0014161e)
[bwm-fps] frames_since_last=170 elapsed_ms=1000 instantaneous_fps=170
[heartbeat] tid=11 uptime_ms=135335
[timer] cpu0 ticks=90000
[bwm-fps] frames_since_last=174 elapsed_ms=1000 instantaneous_fps=174
[heartbeat] tid=11 uptime_ms=136335
[bwm-fps] frames_since_last=150 elapsed_ms=1001 instantaneous_fps=149
[heartbeat] tid=11 uptime_ms=137337
[virgl-composite] Frame #23500: 1280x960 → 1280x960 display (first1k: 1000 nonzero, first=0x0014161e)
[bwm-fps] frames_since_last=163 elapsed_ms=1003 instantaneous_fps=162
[heartbeat] tid=11 uptime_ms=138337
[bwm-fps] frames_since_last=153 elapsed_ms=1001 instantaneous_fps=152
[heartbeat] tid=11 uptime_ms=139338
[bwm-fps] frames_since_last=183 elapsed_ms=1003 instantaneous_fps=182
[heartbeat] tid=11 uptime_ms=140338
[virgl-composite] Frame #24000: 1280x960 → 1280x960 display (first1k: 1000 nonzero, first=0x0014161e)
[bwm-fps] frames_since_last=183 elapsed_ms=1002 instantaneous_fps=182
[heartbeat] tid=11 uptime_ms=141339
[bwm-fps] frames_since_last=181 elapsed_ms=1001 instantaneous_fps=180
[heartbeat] tid=11 uptime_ms=142340
[timer] cpu0 ticks=95000
[bwm-fps] frames_since_last=176 elapsed_ms=1003 instantaneous_fps=175
[virgl-composite] Frame #24500: 1280x960 → 1280x960 display (first1k: 1000 nonzero, first=0x0014161e)
[heartbeat] tid=11 uptime_ms=143340
[bwm-fps] frames_since_last=152 elapsed_ms=1000 instantaneous_fps=152
[TCP] 10.211.55.2:58542 -> port 2222 flags=S
bsshd: connection from 10.211.55.2:58542
NF1E23T4:56 ARP cache miss for 10.211.55.2, sending on-demand ARP request
789SC[heartbeat] tid=11 uptime_ms=144551
bsshd: client version: 'SSH-2.0-OpenSSH_10.2'
bsshd: server version sent
[bwm-fps] frames_since_last=150 elapsed_ms=1003 instantaneous_fps=149
[heartbeat] tid=11 uptime_ms=145551
[bwm-fps] frames_since_last=166 elapsed_ms=1003 instantaneous_fps=165
[virgl-composite] Frame #25000: 1280x960 → 1280x960 display (first1k: 1000 nonzero, first=0x0014161e)
[heartbeat] tid=11 uptime_ms=146553
[bwm-fps] frames_since_last=145 elapsed_ms=1002 instantaneous_fps=144
bsshd: KEX mlkem768x25519-sha256 (post-quantum)
bsshd: [hybrid-hash] V_C=20 V_S=16 I_C=1559 I_S=186 K_S=279 C_INIT=1216 S_REPLY=1120 K=32
bsshd: [hybrid-hash] K=b3191556...53b39ddb
bsshd: [H] total=4460 V_C@0=20 V_S@24=16 I_C@44=1559 I_S@1607=186
bsshd: [H] K@4424: 00000020 b3191556...
[heartbeat] tid=11 uptime_ms=147553
[TCP] 10.211.55.2:58542 -> port 2222 flags=AF
bsshd: handshake failed: Io
[syscall] exit(0) pid=8 name=bsshd_child_8
[TCP] 10.211.55.2:58556 -> port 2222 flags=S
bsshd: accept() failed: Os(EINTR)
bsshd: connection from 10.211.55.2:58556
F123456789SCbsshd: client version: 'SSH-2.0-OpenSSH_10.2'
bsshd: server version sent
bsshd: KEX mlkem768x25519-sha256 (post-quantum)
bsshd: [hybrid-hash] V_C=20 V_S=16 I_C=1559 I_S=186 K_S=279 C_INIT=1216 S_REPLY=1120 K=32
bsshd: [hybrid-hash] K=54f48766...bdd25a3b
bsshd: [H] total=4460 V_C@0=20 V_S@24=16 I_C@44=1559 I_S@1607=186
bsshd: [H] K@4424: 00000020 54f48766...
[bwm-fps] frames_since_last=147 elapsed_ms=1000 instantaneous_fps=147
[TCP] 10.211.55.2:58556 -> port 2222 flags=AF
bsshd: handshake failed: Io
[syscall] exit(0) pid=9 name=bsshd_child_9
[heartbeat] tid=11 uptime_ms=148553
[bwm-fps] frames_since_last=177 elapsed_ms=1000 instantaneous_fps=177
[virgl-composite] Frame #25500: 1280x960 → 1280x960 display (first1k: 1000 nonzero, first=0x0014161e)
[heartbeat] tid=11 uptime_ms=149554
[bwm-fps] frames_since_last=188 elapsed_ms=1004 instantaneous_fps=187
[timer] cpu0 ticks=100000
[heartbeat] tid=11 uptime_ms=150554
[bwm-fps] frames_since_last=192 elapsed_ms=1005 instantaneous_fps=191
[heartbeat] tid=11 uptime_ms=151554
[bwm-fps] frames_since_last=184 elapsed_ms=1001 instantaneous_fps=183
[virgl-composite] Frame #26000: 1280x960 → 1280x960 display (first1k: 1000 nonzero, first=0x0014161e)
[heartbeat] tid=11 uptime_ms=152554
[bwm-fps] frames_since_last=191 elapsed_ms=1002 instantaneous_fps=190
[heartbeat] tid=11 uptime_ms=153555
[bwm-fps] frames_since_last=178 elapsed_ms=1006 instantaneous_fps=176
[heartbeat] tid=11 uptime_ms=154556
[bwm-fps] frames_since_last=173 elapsed_ms=1006 instantaneous_fps=171
[virgl-composite] Frame #26500: 1280x960 → 1280x960 display (first1k: 1000 nonzero, first=0x0014161e)
[heartbeat] tid=11 uptime_ms=155556
[bwm-fps] frames_since_last=179 elapsed_ms=1000 instantaneous_fps=179
[heartbeat] tid=11 uptime_ms=156557
[bwm-fps] frames_since_last=181 elapsed_ms=1004 instantaneous_fps=180
[heartbeat] tid=11 uptime_ms=157558
[timer] cpu0 ticks=105000
[virgl-composite] Frame #27000: 1280x960 → 1280x960 display (first1k: 1000 nonzero, first=0x0014161e)
[bwm-fps] frames_since_last=170 elapsed_ms=1003 instantaneous_fps=169
[heartbeat] tid=11 uptime_ms=158558
[bwm-fps] frames_since_last=162 elapsed_ms=1003 instantaneous_fps=161
[heartbeat] tid=11 uptime_ms=159559
[bwm-fps] frames_since_last=179 elapsed_ms=1001 instantaneous_fps=178
[heartbeat] tid=11 uptime_ms=160559
[virgl-composite] Frame #27500: 1280x960 → 1280x960 display (first1k: 1000 nonzero, first=0x0014161e)
[bwm-fps] frames_since_last=185 elapsed_ms=1005 instantaneous_fps=184
[heartbeat] tid=11 uptime_ms=161559
[bwm-fps] frames_since_last=186 elapsed_ms=1003 instantaneous_fps=185
[heartbeat] tid=11 uptime_ms=162560
[bwm-fps] frames_since_last=184 elapsed_ms=1002 instantaneous_fps=183
[virgl-composite] Frame #28000: 1280x960 → 1280x960 display (first1k: 1000 nonzero, first=0x0014161e)
[heartbeat] tid=11 uptime_ms=163560
[bwm-fps] frames_since_last=204 elapsed_ms=1008 instantaneous_fps=202
[heartbeat] tid=11 uptime_ms=164560
[bwm-fps] frames_since_last=201 elapsed_ms=1002 instantaneous_fps=200
[timer] cpu0 ticks=110000
[heartbeat] tid=11 uptime_ms=165560
[bwm-fps] frames_since_last=180 elapsed_ms=1004 instantaneous_fps=179
[virgl-composite] Frame #28500: 1280x960 → 1280x960 display (first1k: 1000 nonzero, first=0x0014161e)
[heartbeat] tid=11 uptime_ms=166561
[TCP] 10.211.55.2:58663 -> port 2222 flags=S
bsshd: accept() failed: Os(EINTR)
bsshd: connection from 10.211.55.2:58663
F123456789SCbsshd: client version: 'SSH-2.0-OpenSSH_10.2'
bsshd: server version sent
bsshd: KEX mlkem768x25519-sha256 (post-quantum)
bsshd: [hybrid-hash] V_C=20 V_S=16 I_C=1559 I_S=186 K_S=279 C_INIT=1216 S_REPLY=1120 K=32
bsshd: [hybrid-hash] K=0fdc0581...16eddb66
bsshd: [H] total=4460 V_C@0=20 V_S@24=16 I_C@44=1559 I_S@1607=186
bsshd: [H] K@4424: 00000020 0fdc0581...
bsshd: authenticated user 'root'
F123456789SCbsshd: shell started (pid 11) for user 'root'
bsshd: session ended for user 'root'
[bwm-fps] frames_since_last=187 elapsed_ms=1001 instantaneous_fps=186
Welcome to Breenix OS
breenish v0.5.0 -- ECMAScript shell for Breenix
bsh /> [heartbeat] tid=11 uptime_ms=167561
[bwm-fps] frames_since_last=159 elapsed_ms=1000 instantaneous_fps=159
[heartbeat] tid=11 uptime_ms=168562
[bwm-fps] frames_since_last=122 elapsed_ms=1001 instantaneous_fps=121
[virgl-composite] Frame #29000: 1280x960 → 1280x960 display (first1k: 1000 nonzero, first=0x0014161e)
[heartbeat] tid=11 uptime_ms=169562
[bwm-fps] frames_since_last=121 elapsed_ms=1002 instantaneous_fps=120
[heartbeat] tid=11 uptime_ms=170564
[bwm-fps] frames_since_last=119 elapsed_ms=1002 instantaneous_fps=118
[heartbeat] tid=11 uptime_ms=171567
[timer] cpu0 ticks=115000
[bwm-fps] frames_since_last=121 elapsed_ms=1001 instantaneous_fps=120
[heartbeat] tid=11 uptime_ms=172568
[bwm-fps] frames_since_last=125 elapsed_ms=1007 instantaneous_fps=124
[virgl-composite] Frame #29500: 1280x960 → 1280x960 display (first1k: 1000 nonzero, first=0x0014161e)
[heartbeat] tid=11 uptime_ms=173568
[bwm-fps] frames_since_last=117 elapsed_ms=1008 instantaneous_fps=116
[heartbeat] tid=11 uptime_ms=174569
[bwm-fps] frames_since_last=127 elapsed_ms=1012 instantaneous_fps=125
[heartbeat] tid=11 uptime_ms=175569
[bwm-fps] frames_since_last=126 elapsed_ms=1004 instantaneous_fps=125
[heartbeat] tid=11 uptime_ms=176570
[bwm-fps] frames_since_last=118 elapsed_ms=1008 instantaneous_fps=117
[timer] cpu0 ticks=120000
[virgl-composite] Frame #30000: 1280x960 → 1280x960 display (first1k: 1000 nonzero, first=0x0014161e)
[heartbeat] tid=11 uptime_ms=177570
[bwm-fps] frames_since_last=131 elapsed_ms=1004 instantaneous_fps=130
[heartbeat] tid=11 uptime_ms=178571
[bwm-fps] frames_since_last=116 elapsed_ms=1001 instantaneous_fps=115
[heartbeat] tid=11 uptime_ms=179571
[bwm-fps] frames_since_last=121 elapsed_ms=1001 instantaneous_fps=120
[heartbeat] tid=11 uptime_ms=180573
[bwm-fps] frames_since_last=118 elapsed_ms=1005 instantaneous_fps=117
[virgl-composite] Frame #30500: 1280x960 → 1280x960 display (first1k: 1000 nonzero, first=0x0014161e)
[heartbeat] tid=11 uptime_ms=181574
[bwm-fps] frames_since_last=127 elapsed_ms=1000 instantaneous_fps=127
[heartbeat] tid=11 uptime_ms=182575
[bwm-fps] frames_since_last=117 elapsed_ms=1008 instantaneous_fps=116
[timer] cpu0 ticks=125000
[heartbeat] tid=11 uptime_ms=183576
[bwm-fps] frames_since_last=121 elapsed_ms=1004 instantaneous_fps=120
[heartbeat] tid=11 uptime_ms=184576
[bwm-fps] frames_since_last=120 elapsed_ms=1003 instantaneous_fps=119
[heartbeat] tid=11 uptime_ms=185577
[virgl-composite] Frame #31000: 1280x960 → 1280x960 display (first1k: 1000 nonzero, first=0x0014161e)
[bwm-fps] frames_since_last=121 elapsed_ms=1007 instantaneous_fps=120
[heartbeat] tid=11 uptime_ms=186578
[bwm-fps] frames_since_last=116 elapsed_ms=1007 instantaneous_fps=115
[heartbeat] tid=11 uptime_ms=187580
[bwm-fps] frames_since_last=116 elapsed_ms=1006 instantaneous_fps=115
[heartbeat] tid=11 uptime_ms=188581
[bwm-fps] frames_since_last=113 elapsed_ms=1006 instantaneous_fps=112
[timer] cpu0 ticks=130000
[heartbeat] tid=11 uptime_ms=189582
[bwm-fps] frames_since_last=111 elapsed_ms=1003 instantaneous_fps=110
[virgl-composite] Frame #31500: 1280x960 → 1280x960 display (first1k: 1000 nonzero, first=0x0014161e)
[heartbeat] tid=11 uptime_ms=190582
[bwm-fps] frames_since_last=125 elapsed_ms=1002 instantaneous_fps=124
[heartbeat] tid=11 uptime_ms=191582
[bwm-fps] frames_since_last=116 elapsed_ms=1004 instantaneous_fps=115
[heartbeat] tid=11 uptime_ms=192583
[bwm-fps] frames_since_last=113 elapsed_ms=1007 instantaneous_fps=112
[heartbeat] tid=11 uptime_ms=193584
[bwm-fps] frames_since_last=117 elapsed_ms=1006 instantaneous_fps=116
[virgl-composite] Frame #32000: 1280x960 → 1280x960 display (first1k: 1000 nonzero, first=0x0014161e)
[heartbeat] tid=11 uptime_ms=194584
[bwm-fps] frames_since_last=120 elapsed_ms=1003 instantaneous_fps=119
[timer] cpu0 ticks=135000
[heartbeat] tid=11 uptime_ms=195585
[bwm-fps] frames_since_last=120 elapsed_ms=1000 instantaneous_fps=120
[heartbeat] tid=11 uptime_ms=196586
[bwm-fps] frames_since_last=118 elapsed_ms=1001 instantaneous_fps=117
[heartbeat] tid=11 uptime_ms=197587
[bwm-fps] frames_since_last=121 elapsed_ms=1005 instantaneous_fps=120
[heartbeat] tid=11 uptime_ms=198588
[virgl-composite] Frame #32500: 1280x960 → 1280x960 display (first1k: 1000 nonzero, first=0x0014161e)
[bwm-fps] frames_since_last=128 elapsed_ms=1006 instantaneous_fps=127
[heartbeat] tid=11 uptime_ms=199588
[bwm-fps] frames_since_last=111 elapsed_ms=1005 instantaneous_fps=110
[heartbeat] tid=11 uptime_ms=200590
[bwm-fps] frames_since_last=120 elapsed_ms=1009 instantaneous_fps=118
[timer] cpu0 ticks=140000
[heartbeat] tid=11 uptime_ms=201590
[bwm-fps] frames_since_last=114 elapsed_ms=1010 instantaneous_fps=112
[heartbeat] tid=11 uptime_ms=202591
[virgl-composite] Frame #33000: 1280x960 → 1280x960 display (first1k: 1000 nonzero, first=0x0014161e)
[bwm-fps] frames_since_last=118 elapsed_ms=1005 instantaneous_fps=117
[heartbeat] tid=11 uptime_ms=203592
[bwm-fps] frames_since_last=118 elapsed_ms=1001 instantaneous_fps=117
[heartbeat] tid=11 uptime_ms=204592
[bwm-fps] frames_since_last=114 elapsed_ms=1005 instantaneous_fps=113
[heartbeat] tid=11 uptime_ms=205594
[TCP] 10.211.55.2:58663 -> port 2222 flags=AF
[bwm-fps] frames_since_last=110 elapsed_ms=1004 instantaneous_fps=109
[heartbeat] tid=11 uptime_ms=206595
[bwm-fps] frames_since_last=117 elapsed_ms=1003 instantaneous_fps=116
[timer] cpu0 ticks=145000
[virgl-composite] Frame #33500: 1280x960 → 1280x960 display (first1k: 1000 nonzero, first=0x0014161e)
[heartbeat] tid=11 uptime_ms=207596
[bwm-fps] frames_since_last=122 elapsed_ms=1000 instantaneous_fps=122
[heartbeat] tid=11 uptime_ms=208598
[bwm-fps] frames_since_last=118 elapsed_ms=1001 instantaneous_fps=117
[heartbeat] tid=11 uptime_ms=209598
[bwm-fps] frames_since_last=117 elapsed_ms=1008 instantaneous_fps=116
[heartbeat] tid=11 uptime_ms=210598
[bwm-fps] frames_since_last=120 elapsed_ms=1008 instantaneous_fps=119
[virgl-composite] Frame #34000: 1280x960 → 1280x960 display (first1k: 1000 nonzero, first=0x0014161e)
[heartbeat] tid=11 uptime_ms=211599
[bwm-fps] frames_since_last=123 elapsed_ms=1004 instantaneous_fps=122
[heartbeat] tid=11 uptime_ms=212600
[bwm-fps] frames_since_last=125 elapsed_ms=1003 instantaneous_fps=124
[timer] cpu0 ticks=150000
[heartbeat] tid=11 uptime_ms=213601
[bwm-fps] frames_since_last=115 elapsed_ms=1003 instantaneous_fps=114
[heartbeat] tid=11 uptime_ms=214603
[bwm-fps] frames_since_last=115 elapsed_ms=1005 instantaneous_fps=114
[heartbeat] tid=11 uptime_ms=215603
[virgl-composite] Frame #34500: 1280x960 → 1280x960 display (first1k: 1000 nonzero, first=0x0014161e)
[bwm-fps] frames_since_last=107 elapsed_ms=1002 instantaneous_fps=106
[heartbeat] tid=11 uptime_ms=216603
[bwm-fps] frames_since_last=115 elapsed_ms=1004 instantaneous_fps=114
[heartbeat] tid=11 uptime_ms=217604
[bwm-fps] frames_since_last=123 elapsed_ms=1003 instantaneous_fps=122
[heartbeat] tid=11 uptime_ms=218605
[timer] cpu0 ticks=155000
[bwm-fps] frames_since_last=119 elapsed_ms=1003 instantaneous_fps=118
[heartbeat] tid=11 uptime_ms=219606
[virgl-composite] Frame #35000: 1280x960 → 1280x960 display (first1k: 1000 nonzero, first=0x0014161e)
[bwm-fps] frames_since_last=123 elapsed_ms=1002 instantaneous_fps=122
[heartbeat] tid=11 uptime_ms=220606
[bwm-fps] frames_since_last=117 elapsed_ms=1001 instantaneous_fps=116
[heartbeat] tid=11 uptime_ms=221607
[bwm-fps] frames_since_last=128 elapsed_ms=1006 instantaneous_fps=127
[heartbeat] tid=11 uptime_ms=222608
[bwm-fps] frames_since_last=121 elapsed_ms=1000 instantaneous_fps=121
[heartbeat] tid=11 uptime_ms=223609
[virgl-composite] Frame #35500: 1280x960 → 1280x960 display (first1k: 1000 nonzero, first=0x0014161e)
[bwm-fps] frames_since_last=126 elapsed_ms=1003 instantaneous_fps=125
[heartbeat] tid=11 uptime_ms=224610
[timer] cpu0 ticks=160000
[bwm-fps] frames_since_last=118 elapsed_ms=1000 instantaneous_fps=118
[heartbeat] tid=11 uptime_ms=225611
[bwm-fps] frames_since_last=119 elapsed_ms=1002 instantaneous_fps=118
[heartbeat] tid=11 uptime_ms=226612
[bwm-fps] frames_since_last=114 elapsed_ms=1007 instantaneous_fps=113
[heartbeat] tid=11 uptime_ms=227613
[bwm-fps] frames_since_last=117 elapsed_ms=1007 instantaneous_fps=116
[virgl-composite] Frame #36000: 1280x960 → 1280x960 display (first1k: 1000 nonzero, first=0x0014161e)
[TCP] 10.211.55.2:58973 -> port 2222 flags=S
bsshd: connection from 10.211.55.2:58973
F123456789SCbsshd: client version: 'SSH-2.0-OpenSSH_10.2'
bsshd: server version sent
bsshd: KEX mlkem768x25519-sha256 (post-quantum)
bsshd: [hybrid-hash] V_C=20 V_S=16 I_C=1559 I_S=186 K_S=279 C_INIT=1216 S_REPLY=1120 K=32
bsshd: [hybrid-hash] K=915d4d50...87232af8
bsshd: [H] total=4460 V_C@0=20 V_S@24=16 I_C@44=1559 I_S@1607=186
bsshd: [H] K@4424: 00000020 915d4d50...
[heartbeat] tid=11 uptime_ms=228613
[bwm-fps] frames_since_last=124 elapsed_ms=1013 instantaneous_fps=122
[heartbeat] tid=11 uptime_ms=229615
[bwm-fps] frames_since_last=110 elapsed_ms=1004 instantaneous_fps=109
[heartbeat] tid=11 uptime_ms=230615
[timer] cpu0 ticks=165000
[bwm-fps] frames_since_last=110 elapsed_ms=1002 instantaneous_fps=109
[heartbeat] tid=11 uptime_ms=231616
[bwm-fps] frames_since_last=113 elapsed_ms=1004 instantaneous_fps=112
[heartbeat] tid=11 uptime_ms=232617
[virgl-composite] Frame #36500: 1280x960 → 1280x960 display (first1k: 1000 nonzero, first=0x0014161e)
[bwm-fps] frames_since_last=116 elapsed_ms=1005 instantaneous_fps=115
[heartbeat] tid=11 uptime_ms=233618
[bwm-fps] frames_since_last=119 elapsed_ms=1005 instantaneous_fps=118
[heartbeat] tid=11 uptime_ms=234618
[bwm-fps] frames_since_last=123 elapsed_ms=1003 instantaneous_fps=122
[heartbeat] tid=11 uptime_ms=235620
[bwm-fps] frames_since_last=120 elapsed_ms=1007 instantaneous_fps=119
[heartbeat] tid=11 uptime_ms=236620
[virgl-composite] Frame #37000: 1280x960 → 1280x960 display (first1k: 1000 nonzero, first=0x0014161e)
[timer] cpu0 ticks=170000
[bwm-fps] frames_since_last=124 elapsed_ms=1004 instantaneous_fps=123
bsshd: authenticated user 'root'
[pty] sys_posix_openpt(flags=0x102)
[pty] Created master fd=3 (pty 0)
[pty] Unlocked PTY 0 (fd 3)
F123456789SCbsshd: shell started (pid 13) for user 'root'
[heartbeat] tid=11 uptime_ms=237622
[bwm-fps] frames_since_last=130 elapsed_ms=1004 instantaneous_fps=129
[heartbeat] tid=11 uptime_ms=238623
[bwm-fps] frames_since_last=106 elapsed_ms=1000 instantaneous_fps=106
[heartbeat] tid=11 uptime_ms=239624
[bwm-fps] frames_since_last=113 elapsed_ms=1008 instantaneous_fps=112
[heartbeat] tid=11 uptime_ms=240625
[bwm-fps] frames_since_last=105 elapsed_ms=1000 instantaneous_fps=105
[virgl-composite] Frame #37500: 1280x960 → 1280x960 display (first1k: 1000 nonzero, first=0x0014161e)
[heartbeat] tid=11 uptime_ms=241626
[bwm-fps] frames_since_last=109 elapsed_ms=1000 instantaneous_fps=109
[heartbeat] tid=11 uptime_ms=242627
[timer] cpu0 ticks=175000
[bwm-fps] frames_since_last=107 elapsed_ms=1006 instantaneous_fps=106
[heartbeat] tid=11 uptime_ms=243628
[bwm-fps] frames_since_last=115 elapsed_ms=1001 instantaneous_fps=114
[heartbeat] tid=11 uptime_ms=244629
[bwm-fps] frames_since_last=114 elapsed_ms=1002 instantaneous_fps=113
[heartbeat] tid=11 uptime_ms=245630
[virgl-composite] Frame #38000: 1280x960 → 1280x960 display (first1k: 1000 nonzero, first=0x0014161e)
[bwm-fps] frames_since_last=108 elapsed_ms=1001 instantaneous_fps=107
[heartbeat] tid=11 uptime_ms=246631
[bwm-fps] frames_since_last=101 elapsed_ms=1007 instantaneous_fps=100
[heartbeat] tid=11 uptime_ms=247631
[bwm-fps] frames_since_last=108 elapsed_ms=1000 instantaneous_fps=108
[heartbeat] tid=11 uptime_ms=248632
[timer] cpu0 ticks=180000
[bwm-fps] frames_since_last=101 elapsed_ms=1012 instantaneous_fps=99
[heartbeat] tid=11 uptime_ms=249633
[bwm-fps] frames_since_last=102 elapsed_ms=1001 instantaneous_fps=101
[heartbeat] tid=11 uptime_ms=250634
[virgl-composite] Frame #38500: 1280x960 → 1280x960 display (first1k: 1000 nonzero, first=0x0014161e)
[bwm-fps] frames_since_last=105 elapsed_ms=1001 instantaneous_fps=104
[heartbeat] tid=11 uptime_ms=251635
[bwm-fps] frames_since_last=96 elapsed_ms=1003 instantaneous_fps=95
[heartbeat] tid=11 uptime_ms=252636
[bwm-fps] frames_since_last=103 elapsed_ms=1012 instantaneous_fps=101
[heartbeat] tid=11 uptime_ms=253644
[bwm-fps] frames_since_last=97 elapsed_ms=1005 instantaneous_fps=96
[heartbeat] tid=11 uptime_ms=254644
[timer] cpu0 ticks=185000
[bwm-fps] frames_since_last=107 elapsed_ms=1003 instantaneous_fps=106
[virgl-composite] Frame #39000: 1280x960 → 1280x960 display (first1k: 1000 nonzero, first=0x0014161e)
[heartbeat] tid=11 uptime_ms=255645
[bwm-fps] frames_since_last=101 elapsed_ms=1005 instantaneous_fps=100
[heartbeat] tid=11 uptime_ms=256646
[bwm-fps] frames_since_last=101 elapsed_ms=1004 instantaneous_fps=100
[heartbeat] tid=11 uptime_ms=257647
[bwm-fps] frames_since_last=101 elapsed_ms=1011 instantaneous_fps=99
[heartbeat] tid=11 uptime_ms=258647
[bwm-fps] frames_since_last=106 elapsed_ms=1009 instantaneous_fps=105
[heartbeat] tid=11 uptime_ms=259649
[bwm-fps] frames_since_last=104 elapsed_ms=1000 instantaneous_fps=104
[virgl-composite] Frame #39500: 1280x960 → 1280x960 display (first1k: 1000 nonzero, first=0x0014161e)
[heartbeat] tid=11 uptime_ms=260649
[timer] cpu0 ticks=190000
[bwm-fps] frames_since_last=110 elapsed_ms=1003 instantaneous_fps=109
[heartbeat] tid=11 uptime_ms=261650
[TCP] 10.211.55.2:58973 -> port 2222 flags=AF
bsshd: session ended for user 'root'
[bwm-fps] frames_since_last=111 elapsed_ms=1005 instantaneous_fps=110
[heartbeat] tid=11 uptime_ms=262651
[bwm-fps] frames_since_last=125 elapsed_ms=1005 instantaneous_fps=124
[heartbeat] tid=11 uptime_ms=263652
[bwm-fps] frames_since_last=120 elapsed_ms=1002 instantaneous_fps=119
[heartbeat] tid=11 uptime_ms=264653
[virgl-composite] Frame #40000: 1280x960 → 1280x960 display (first1k: 1000 nonzero, first=0x0014161e)
[bwm-fps] frames_since_last=110 elapsed_ms=1002 instantaneous_fps=109
[heartbeat] tid=11 uptime_ms=265653
[TCP] 10.211.55.2:58663 -> port 2222 flags=AR
[bwm-fps] frames_since_last=116 elapsed_ms=1000 instantaneous_fps=116
[heartbeat] tid=11 uptime_ms=266654
[timer] cpu0 ticks=195000
[bwm-fps] frames_since_last=107 elapsed_ms=1003 instantaneous_fps=106
[heartbeat] tid=11 uptime_ms=267655
[bwm-fps] frames_since_last=125 elapsed_ms=1003 instantaneous_fps=124
[heartbeat] tid=11 uptime_ms=268655
[virgl-composite] Frame #40500: 1280x960 → 1280x960 display (first1k: 1000 nonzero, first=0x0014161e)
[bwm-fps] frames_since_last=125 elapsed_ms=1005 instantaneous_fps=124
[heartbeat] tid=11 uptime_ms=269656
[bwm-fps] frames_since_last=117 elapsed_ms=1002 instantaneous_fps=116
[TCP] 10.211.55.2:59175 -> port 2222 flags=S
bsshd: connection from 10.211.55.2:59175
F123456789SCbsshd: client version: 'SSH-2.0-OpenSSH_10.2'
bsshd: server version sent
bsshd: KEX mlkem768x25519-sha256 (post-quantum)
bsshd: [hybrid-hash] V_C=20 V_S=16 I_C=1559 I_S=186 K_S=279 C_INIT=1216 S_REPLY=1120 K=32
bsshd: [hybrid-hash] K=839a89c7...53e7accb
bsshd: [H] total=4460 V_C@0=20 V_S@24=16 I_C@44=1559 I_S@1607=186
bsshd: [H] K@4424: 00000020 839a89c7...
[heartbeat] tid=11 uptime_ms=270656
bsshd: authenticated user 'root'
[pty] sys_posix_openpt(flags=0x102)
[pty] Created master fd=3 (pty 0)
[pty] Unlocked PTY 0 (fd 3)
F123456789SCbsshd: shell started (pid 15) for user 'root'
bsshd: session ended for user 'root'
[bwm-fps] frames_since_last=123 elapsed_ms=1007 instantaneous_fps=122
[heartbeat] tid=11 uptime_ms=271657
[syscall] exit(0) pid=15 name=/bin/bsh
[TCP] 10.211.55.2:59175 -> port 2222 flags=AF
[syscall] exit(0) pid=14 name=bsshd_child_14
[bwm-fps] frames_since_last=117 elapsed_ms=1000 instantaneous_fps=117
[heartbeat] tid=11 uptime_ms=272658
[timer] cpu0 ticks=200000
[virgl-composite] Frame #41000: 1280x960 → 1280x960 display (first1k: 1000 nonzero, first=0x0014161e)
[bwm-fps] frames_since_last=125 elapsed_ms=1002 instantaneous_fps=124
[heartbeat] tid=11 uptime_ms=273659
[bwm-fps] frames_since_last=125 elapsed_ms=1007 instantaneous_fps=124
[heartbeat] tid=11 uptime_ms=274660
[bwm-fps] frames_since_last=117 elapsed_ms=1002 instantaneous_fps=116
[heartbeat] tid=11 uptime_ms=275660
[bwm-fps] frames_since_last=119 elapsed_ms=1001 instantaneous_fps=118
[heartbeat] tid=11 uptime_ms=276661
[bwm-fps] frames_since_last=116 elapsed_ms=1005 instantaneous_fps=115
[virgl-composite] Frame #41500: 1280x960 → 1280x960 display (first1k: 1000 nonzero, first=0x0014161e)
[heartbeat] tid=11 uptime_ms=277662
[bwm-fps] frames_since_last=109 elapsed_ms=1003 instantaneous_fps=108
[timer] cpu0 ticks=205000
[heartbeat] tid=11 uptime_ms=278663
[bwm-fps] frames_since_last=117 elapsed_ms=1002 instantaneous_fps=116
[heartbeat] tid=11 uptime_ms=279664
[bwm-fps] frames_since_last=114 elapsed_ms=1000 instantaneous_fps=114
[heartbeat] tid=11 uptime_ms=280665
[bwm-fps] frames_since_last=120 elapsed_ms=1001 instantaneous_fps=119
[heartbeat] tid=11 uptime_ms=281665
[virgl-composite] Frame #42000: 1280x960 → 1280x960 display (first1k: 1000 nonzero, first=0x0014161e)
[bwm-fps] frames_since_last=119 elapsed_ms=1003 instantaneous_fps=118
[heartbeat] tid=11 uptime_ms=282666
[bwm-fps] frames_since_last=115 elapsed_ms=1011 instantaneous_fps=113
[heartbeat] tid=11 uptime_ms=283667
[bwm-fps] frames_since_last=117 elapsed_ms=1009 instantaneous_fps=115
[timer] cpu0 ticks=210000
[heartbeat] tid=11 uptime_ms=284668
[bwm-fps] frames_since_last=125 elapsed_ms=1004 instantaneous_fps=124
[heartbeat] tid=11 uptime_ms=285669
[virgl-composite] Frame #42500: 1280x960 → 1280x960 display (first1k: 1000 nonzero, first=0x0014161e)
[bwm-fps] frames_since_last=115 elapsed_ms=1001 instantaneous_fps=114
[heartbeat] tid=11 uptime_ms=286670
[bwm-fps] frames_since_last=114 elapsed_ms=1001 instantaneous_fps=113
[heartbeat] tid=11 uptime_ms=287671
[bwm-fps] frames_since_last=123 elapsed_ms=1005 instantaneous_fps=122
[heartbeat] tid=11 uptime_ms=288672
[bwm-fps] frames_since_last=116 elapsed_ms=1000 instantaneous_fps=116
[heartbeat] tid=11 uptime_ms=289673
[virgl-composite] Frame #43000: 1280x960 → 1280x960 display (first1k: 1000 nonzero, first=0x0014161e)
[bwm-fps] frames_since_last=121 elapsed_ms=1005 instantaneous_fps=120
[timer] cpu0 ticks=215000
[heartbeat] tid=11 uptime_ms=290674
[bwm-fps] frames_since_last=124 elapsed_ms=1005 instantaneous_fps=123
[heartbeat] tid=11 uptime_ms=291675
[TCP] 10.211.55.2:59304 -> port 2222 flags=S
bsshd: accept() failed: Os(EINTR)
bsshd: connection from 10.211.55.2:59304
F123456789SCbsshd: client version: 'SSH-2.0-OpenSSH_10.2'
bsshd: server version sent
bsshd: KEX mlkem768x25519-sha256 (post-quantum)
bsshd: [hybrid-hash] V_C=20 V_S=16 I_C=1559 I_S=186 K_S=279 C_INIT=1216 S_REPLY=1120 K=32
bsshd: [hybrid-hash] K=e483d620...075b67be
bsshd: [H] total=4460 V_C@0=20 V_S@24=16 I_C@44=1559 I_S@1607=186
bsshd: [H] K@4424: 00000020 e483d620...
[bwm-fps] frames_since_last=117 elapsed_ms=1010 instantaneous_fps=115
bsshd: authenticated user 'root'
[pty] sys_posix_openpt(flags=0x102)
[pty] Created master fd=3 (pty 0)
[pty] Unlocked PTY 0 (fd 3)
F123456789SCbsshd: shell started (pid 17) for user 'root'
[heartbeat] tid=11 uptime_ms=292676
F123456789SC[syscall] exit(0) pid=18 name=/bin/cat
[bwm-fps] frames_since_last=132 elapsed_ms=1006 instantaneous_fps=131
[heartbeat] tid=11 uptime_ms=293677
[bwm-fps] frames_since_last=102 elapsed_ms=1003 instantaneous_fps=101
[virgl-composite] Frame #43500: 1280x960 → 1280x960 display (first1k: 1000 nonzero, first=0x0014161e)
[heartbeat] tid=11 uptime_ms=294677
[bwm-fps] frames_since_last=102 elapsed_ms=1004 instantaneous_fps=101
[heartbeat] tid=11 uptime_ms=295678
[timer] cpu0 ticks=220000
[bwm-fps] frames_since_last=102 elapsed_ms=1006 instantaneous_fps=101
[heartbeat] tid=11 uptime_ms=296679
[bwm-fps] frames_since_last=99 elapsed_ms=1004 instantaneous_fps=98
[heartbeat] tid=11 uptime_ms=297680
[bwm-fps] frames_since_last=106 elapsed_ms=1011 instantaneous_fps=104
[heartbeat] tid=11 uptime_ms=298681
[bwm-fps] frames_since_last=100 elapsed_ms=1005 instantaneous_fps=99
[virgl-composite] Frame #44000: 1280x960 → 1280x960 display (first1k: 1000 nonzero, first=0x0014161e)
[heartbeat] tid=11 uptime_ms=299682
[bwm-fps] frames_since_last=107 elapsed_ms=1005 instantaneous_fps=106
[heartbeat] tid=11 uptime_ms=300683
[bwm-fps] frames_since_last=107 elapsed_ms=1000 instantaneous_fps=107
[heartbeat] tid=11 uptime_ms=301684
[timer] cpu0 ticks=225000
[bwm-fps] frames_since_last=118 elapsed_ms=1008 instantaneous_fps=117
[heartbeat] tid=11 uptime_ms=302685
[bwm-fps] frames_since_last=107 elapsed_ms=1002 instantaneous_fps=106
[heartbeat] tid=11 uptime_ms=303685
[virgl-composite] Frame #44500: 1280x960 → 1280x960 display (first1k: 1000 nonzero, first=0x0014161e)
[bwm-fps] frames_since_last=115 elapsed_ms=1003 instantaneous_fps=114
[heartbeat] tid=11 uptime_ms=304686
[bwm-fps] frames_since_last=107 elapsed_ms=1003 instantaneous_fps=106
[heartbeat] tid=11 uptime_ms=305687
[bwm-fps] frames_since_last=101 elapsed_ms=1002 instantaneous_fps=100
[heartbeat] tid=11 uptime_ms=306688
[bwm-fps] frames_since_last=102 elapsed_ms=1001 instantaneous_fps=101
[heartbeat] tid=11 uptime_ms=307689
[timer] cpu0 ticks=230000
[bwm-fps] frames_since_last=109 elapsed_ms=1004 instantaneous_fps=108
[heartbeat] tid=11 uptime_ms=308690
[virgl-composite] Frame #45000: 1280x960 → 1280x960 display (first1k: 1000 nonzero, first=0x0014161e)
[bwm-fps] frames_since_last=111 elapsed_ms=1003 instantaneous_fps=110
[heartbeat] tid=11 uptime_ms=309691
[bwm-fps] frames_since_last=103 elapsed_ms=1006 instantaneous_fps=102
[heartbeat] tid=11 uptime_ms=310691
[bwm-fps] frames_since_last=113 elapsed_ms=1010 instantaneous_fps=111
[heartbeat] tid=11 uptime_ms=311692
[bwm-fps] frames_since_last=105 elapsed_ms=1007 instantaneous_fps=104
[heartbeat] tid=11 uptime_ms=312693
[virgl-composite] Frame #45500: 1280x960 → 1280x960 display (first1k: 1000 nonzero, first=0x0014161e)
[bwm-fps] frames_since_last=113 elapsed_ms=1004 instantaneous_fps=112
[heartbeat] tid=11 uptime_ms=313694
[timer] cpu0 ticks=235000
[bwm-fps] frames_since_last=102 elapsed_ms=1008 instantaneous_fps=101
[heartbeat] tid=11 uptime_ms=314694
[bwm-fps] frames_since_last=110 elapsed_ms=1009 instantaneous_fps=109
[heartbeat] tid=11 uptime_ms=315703
[bwm-fps] frames_since_last=109 elapsed_ms=1006 instantaneous_fps=108
[heartbeat] tid=11 uptime_ms=316703
[bwm-fps] frames_since_last=114 elapsed_ms=1006 instantaneous_fps=113
[heartbeat] tid=11 uptime_ms=317705
[virgl-composite] Frame #46000: 1280x960 → 1280x960 display (first1k: 1000 nonzero, first=0x0014161e)
[bwm-fps] frames_since_last=110 elapsed_ms=1001 instantaneous_fps=109
[heartbeat] tid=11 uptime_ms=318706
[bwm-fps] frames_since_last=101 elapsed_ms=1008 instantaneous_fps=100
[heartbeat] tid=11 uptime_ms=319707
[timer] cpu0 ticks=240000
[bwm-fps] frames_since_last=106 elapsed_ms=1003 instantaneous_fps=105
[heartbeat] tid=11 uptime_ms=320707
[bwm-fps] frames_since_last=108 elapsed_ms=1000 instantaneous_fps=108
[heartbeat] tid=11 uptime_ms=321708
[TCP] 10.211.55.2:58973 -> port 2222 flags=AR
[bwm-fps] frames_since_last=108 elapsed_ms=1002 instantaneous_fps=107
[heartbeat] tid=11 uptime_ms=322709
[virgl-composite] Frame #46500: 1280x960 → 1280x960 display (first1k: 1000 nonzero, first=0x0014161e)
[TCP] 10.211.55.2:59304 -> port 2222 flags=AF
bsshd: session ended for user 'root'
[bwm-fps] frames_since_last=112 elapsed_ms=1005 instantaneous_fps=111
[heartbeat] tid=11 uptime_ms=323710
[bwm-fps] frames_since_last=129 elapsed_ms=1002 instantaneous_fps=128
[heartbeat] tid=11 uptime_ms=324711
[bwm-fps] frames_since_last=118 elapsed_ms=1002 instantaneous_fps=117
[heartbeat] tid=11 uptime_ms=325712
[timer] cpu0 ticks=245000
[bwm-fps] frames_since_last=116 elapsed_ms=1004 instantaneous_fps=115
[heartbeat] tid=11 uptime_ms=326713
[virgl-composite] Frame #47000: 1280x960 → 1280x960 display (first1k: 1000 nonzero, first=0x0014161e)
[bwm-fps] frames_since_last=110 elapsed_ms=1006 instantaneous_fps=109
[heartbeat] tid=11 uptime_ms=327714
[bwm-fps] frames_since_last=122 elapsed_ms=1005 instantaneous_fps=121
[heartbeat] tid=11 uptime_ms=328715
[bwm-fps] frames_since_last=123 elapsed_ms=1012 instantaneous_fps=121
[heartbeat] tid=11 uptime_ms=329715
[bwm-fps] frames_since_last=110 elapsed_ms=1011 instantaneous_fps=108
[heartbeat] tid=11 uptime_ms=330716
[virgl-composite] Frame #47500: 1280x960 → 1280x960 display (first1k: 1000 nonzero, first=0x0014161e)
[bwm-fps] frames_since_last=111 elapsed_ms=1001 instantaneous_fps=110
[heartbeat] tid=11 uptime_ms=331717
[timer] cpu0 ticks=250000
[bwm-fps] frames_since_last=116 elapsed_ms=1006 instantaneous_fps=115
[heartbeat] tid=11 uptime_ms=332717
[bwm-fps] frames_since_last=113 elapsed_ms=1000 instantaneous_fps=113
[heartbeat] tid=11 uptime_ms=333718
[bwm-fps] frames_since_last=114 elapsed_ms=1002 instantaneous_fps=113
[heartbeat] tid=11 uptime_ms=334719
[bwm-fps] frames_since_last=113 elapsed_ms=1001 instantaneous_fps=112
[virgl-composite] Frame #48000: 1280x960 → 1280x960 display (first1k: 1000 nonzero, first=0x0014161e)
[heartbeat] tid=11 uptime_ms=335720
[bwm-fps] frames_since_last=120 elapsed_ms=1001 instantaneous_fps=119
[heartbeat] tid=11 uptime_ms=336721
[bwm-fps] frames_since_last=115 elapsed_ms=1002 instantaneous_fps=114
[heartbeat] tid=11 uptime_ms=337723
[timer] cpu0 ticks=255000
[bwm-fps] frames_since_last=115 elapsed_ms=1007 instantaneous_fps=114
[heartbeat] tid=11 uptime_ms=338723
[bwm-fps] frames_since_last=105 elapsed_ms=1001 instantaneous_fps=104
[heartbeat] tid=11 uptime_ms=339724
[virgl-composite] Frame #48500: 1280x960 → 1280x960 display (first1k: 1000 nonzero, first=0x0014161e)
[bwm-fps] frames_since_last=121 elapsed_ms=1002 instantaneous_fps=120
[heartbeat] tid=11 uptime_ms=340725
[bwm-fps] frames_since_last=132 elapsed_ms=1004 instantaneous_fps=131
[heartbeat] tid=11 uptime_ms=341726
[bwm-fps] frames_since_last=115 elapsed_ms=1004 instantaneous_fps=114
[heartbeat] tid=11 uptime_ms=342727
[bwm-fps] frames_since_last=121 elapsed_ms=1000 instantaneous_fps=121
[heartbeat] tid=11 uptime_ms=343727
[timer] cpu0 ticks=260000
[virgl-composite] Frame #49000: 1280x960 → 1280x960 display (first1k: 1000 nonzero, first=0x0014161e)
[bwm-fps] frames_since_last=112 elapsed_ms=1007 instantaneous_fps=111
[heartbeat] tid=11 uptime_ms=344728
[bwm-fps] frames_since_last=116 elapsed_ms=1003 instantaneous_fps=115
[heartbeat] tid=11 uptime_ms=345728
[bwm-fps] frames_since_last=122 elapsed_ms=1001 instantaneous_fps=121
[heartbeat] tid=11 uptime_ms=346729
[bwm-fps] frames_since_last=127 elapsed_ms=1009 instantaneous_fps=125
[heartbeat] tid=11 uptime_ms=347730
[TCP] 10.211.55.2:59628 -> port 2222 flags=S
bsshd: connection from 10.211.55.2:59628
F123456789SCbsshd: client version: 'SSH-2.0-OpenSSH_10.2'
bsshd: server version sent
bsshd: KEX mlkem768x25519-sha256 (post-quantum)
bsshd: [hybrid-hash] V_C=20 V_S=16 I_C=1559 I_S=186 K_S=279 C_INIT=1216 S_REPLY=1120 K=32
bsshd: [hybrid-hash] K=af29b322...1f609f09
bsshd: [H] total=4460 V_C@0=20 V_S@24=16 I_C@44=1559 I_S@1607=186
bsshd: [H] K@4424: 00000020 af29b322...
[virgl-composite] Frame #49500: 1280x960 → 1280x960 display (first1k: 1000 nonzero, first=0x0014161e)
[bwm-fps] frames_since_last=117 elapsed_ms=1004 instantaneous_fps=116
[heartbeat] tid=11 uptime_ms=348730
bsshd: authenticated user 'root'
[pty] sys_posix_openpt(flags=0x102)
[pty] Created master fd=3 (pty 0)
[pty] Unlocked PTY 0 (fd 3)
F123456789SCbsshd: shell started (pid 20) for user 'root'
[TCP] 10.211.55.2:59628 -> port 2222 flags=AF
bsshd: session ended for user 'root'
F123456789SC[syscall] exit(1) pid=21 name=/bin/cat
[syscall] exit(0) pid=20 name=/bin/bsh
[syscall] exit(0) pid=19 name=bsshd_child_19
[TCP] 10.211.55.2:59628 -> port 2222 flags=R
[bwm-fps] frames_since_last=121 elapsed_ms=1009 instantaneous_fps=119
[heartbeat] tid=11 uptime_ms=349732
[timer] cpu0 ticks=265000
[bwm-fps] frames_since_last=120 elapsed_ms=1004 instantaneous_fps=119
[heartbeat] tid=11 uptime_ms=350732
[bwm-fps] frames_since_last=125 elapsed_ms=1009 instantaneous_fps=123
[heartbeat] tid=11 uptime_ms=351733
[virgl-composite] Frame #50000: 1280x960 → 1280x960 display (first1k: 1000 nonzero, first=0x0014161e)
[bwm-fps] frames_since_last=112 elapsed_ms=1004 instantaneous_fps=111
[heartbeat] tid=11 uptime_ms=352735
[bwm-fps] frames_since_last=124 elapsed_ms=1007 instantaneous_fps=123
[heartbeat] tid=11 uptime_ms=353736
[bwm-fps] frames_since_last=119 elapsed_ms=1007 instantaneous_fps=118
[heartbeat] tid=11 uptime_ms=354736
[bwm-fps] frames_since_last=126 elapsed_ms=1001 instantaneous_fps=125
[heartbeat] tid=11 uptime_ms=355737
[timer] cpu0 ticks=270000
[bwm-fps] frames_since_last=113 elapsed_ms=1000 instantaneous_fps=113
[heartbeat] tid=11 uptime_ms=356738
[virgl-composite] Frame #50500: 1280x960 → 1280x960 display (first1k: 1000 nonzero, first=0x0014161e)
[bwm-fps] frames_since_last=115 elapsed_ms=1003 instantaneous_fps=114
[heartbeat] tid=11 uptime_ms=357739
[bwm-fps] frames_since_last=121 elapsed_ms=1004 instantaneous_fps=120
[heartbeat] tid=11 uptime_ms=358739
[bwm-fps] frames_since_last=120 elapsed_ms=1002 instantaneous_fps=119
[heartbeat] tid=11 uptime_ms=359740
[heartbeat] tid=11 uptime_ms=360741
[bwm-fps] frames_since_last=116 elapsed_ms=1009 instantaneous_fps=114
[virgl-composite] Frame #51000: 1280x960 → 1280x960 display (first1k: 1000 nonzero, first=0x0014161e)
[heartbeat] tid=11 uptime_ms=361742
[bwm-fps] frames_since_last=128 elapsed_ms=1004 instantaneous_fps=127
[timer] cpu0 ticks=275000
[heartbeat] tid=11 uptime_ms=362743
[bwm-fps] frames_since_last=124 elapsed_ms=1006 instantaneous_fps=123
[heartbeat] tid=11 uptime_ms=363744
[bwm-fps] frames_since_last=116 elapsed_ms=1007 instantaneous_fps=115
[TCP] 10.211.55.2:59706 -> port 2222 flags=S
bsshd: accept() failed: Os(EINTR)
bsshd: connection from 10.211.55.2:59706
F123456789SCbsshd: client version: 'SSH-2.0-OpenSSH_10.2'
bsshd: server version sent
bsshd: KEX mlkem768x25519-sha256 (post-quantum)
bsshd: [hybrid-hash] V_C=20 V_S=16 I_C=1559 I_S=186 K_S=279 C_INIT=1216 S_REPLY=1120 K=32
bsshd: [hybrid-hash] K=c61bf9c3...36ba93c9
bsshd: [H] total=4460 V_C@0=20 V_S@24=16 I_C@44=1559 I_S@1607=186
bsshd: [H] K@4424: 00000020 c61bf9c3...
[heartbeat] tid=11 uptime_ms=364745
[bwm-fps] frames_since_last=117 elapsed_ms=1000 instantaneous_fps=117
bsshd: authenticated user 'root'
[pty] sys_posix_openpt(flags=0x102)
[pty] Created master fd=3 (pty 0)
[pty] Unlocked PTY 0 (fd 3)
F123456789SCbsshd: shell started (pid 23) for user 'root'
[virgl-composite] Frame #51500: 1280x960 → 1280x960 display (first1k: 1000 nonzero, first=0x0014161e)
F123456789SC[syscall] exit(0) pid=24 name=/bin/cat
[heartbeat] tid=11 uptime_ms=365745
[bwm-fps] frames_since_last=127 elapsed_ms=1006 instantaneous_fps=126
F123456789SC[syscall] exit(0) pid=25 name=/bin/cat
[heartbeat] tid=11 uptime_ms=366746
[bwm-fps] frames_since_last=114 elapsed_ms=1009 instantaneous_fps=112
[syscall] exit(0) pid=23 name=/bin/bsh
bsshd: session ended for user 'root'
[syscall] exit(0) pid=22 name=bsshd_child_22
[timer] cpu0 ticks=280000
[heartbeat] tid=11 uptime_ms=367747
[bwm-fps] frames_since_last=107 elapsed_ms=1002 instantaneous_fps=106
[TCP] 10.211.55.2:59706 -> port 2222 flags=AF
[heartbeat] tid=11 uptime_ms=368752
[bwm-fps] frames_since_last=115 elapsed_ms=1001 instantaneous_fps=114
[virgl-composite] Frame #52000: 1280x960 → 1280x960 display (first1k: 1000 nonzero, first=0x0014161e)
[heartbeat] tid=11 uptime_ms=369752
[bwm-fps] frames_since_last=115 elapsed_ms=1004 instantaneous_fps=114
[heartbeat] tid=11 uptime_ms=370753
[bwm-fps] frames_since_last=130 elapsed_ms=1004 instantaneous_fps=129
[heartbeat] tid=11 uptime_ms=371754
[bwm-fps] frames_since_last=113 elapsed_ms=1000 instantaneous_fps=113
[heartbeat] tid=11 uptime_ms=372755
[bwm-fps] frames_since_last=114 elapsed_ms=1000 instantaneous_fps=114
[timer] cpu0 ticks=285000
[heartbeat] tid=11 uptime_ms=373755
[bwm-fps] frames_since_last=113 elapsed_ms=1005 instantaneous_fps=112
[virgl-composite] Frame #52500: 1280x960 → 1280x960 display (first1k: 1000 nonzero, first=0x0014161e)
[heartbeat] tid=11 uptime_ms=374755
[bwm-fps] frames_since_last=119 elapsed_ms=1011 instantaneous_fps=117
[heartbeat] tid=11 uptime_ms=375756
[bwm-fps] frames_since_last=115 elapsed_ms=1005 instantaneous_fps=114
[heartbeat] tid=11 uptime_ms=376757
[bwm-fps] frames_since_last=117 elapsed_ms=1003 instantaneous_fps=116
[heartbeat] tid=11 uptime_ms=377758
