=== TURN5 GDB SOFTLOCK STATE: COMPOSITOR WAIT ===
Target: Parallels guestdebugger on 127.0.0.1:9600
warning: while parsing target description (at line 1): Target description specified unknown architecture "org.gnu.gdb.aarch64"
warning: Could not load XML target description; ignoring
warning: while parsing target description (at line 1): Target description specified unknown architecture "org.gnu.gdb.aarch64"
warning: Could not load XML target description; ignoring
0xffff000040098a00 in curr_el_spx_sync ()
=== SYMBOL ADDRESS MAP ===
SCHEDULER=0xffff00004022a000
COMPOSITOR_FRAME_WQ=0xffff00004022d988
WINDOW_REGISTRY=0xffff00004022d9b0
CLIENT_FRAME_WQ=0xffff000040234840
COMPOSITOR_DIRTY_WAKE=0xffff0000402e8e94
NEED_RESCHED=0xffff00004023f000 CONTEXT_SWITCH_COUNT=0xffff00004023f008 CPU_IS_IDLE=0xffff00004023f010
BWM_COMPOSITE_FRAME_ENTER_TOTAL=0xffff0000402385c0 BWM_COMPOSITE_FRAME_EXIT_TOTAL=0xffff000040238a00
VIRGL_COMPOSITE_WINDOWS_FRAME=0xffff000041bc31ac VIRGL_COMPOSITE_WINDOWS_WORK_FRAME=0xffff000041bc31b0
DEFERRED_REQUEUE=0xffff0000402df8c8 INLINE_SCHEDULE_STATE=0xffff0000402dfa08
=== RAW BINARY SNAPSHOTS ===
=== LIVENESS LOCK SNAPSHOT ===
scheduler_lock_byte=0 scheduler_word=0x0
process_manager_lock_byte=0 process_owner_cpu=0xffffffffffffffff process_owner_tid=0xffffffffffffffff
gpu_pci_lock_byte=0 gpu_pci_word=0x0
ahci_irq=0
need_resched_byte=0 context_switch_count=522
cpu_is_idle bytes: 0xffff00004023f010 <_ZN6kernel4task9scheduler11CPU_IS_IDLE17h95504b151607a445E.llvm.13483164494391225627>:	0x00	0x01	0x01	0x01	0x01	0x01	0x01	0x01
=== COMPOSITOR DOMAIN DECODE ===
COMPOSITOR_DIRTY_WAKE.byte=1
=== WAITQUEUE COMPOSITOR_FRAME_WQ DECODE ===
COMPOSITOR_FRAME_WQ.lock_byte=0 cap=4 ptr=0xffff0000502e1ec0 head=1 len=0
COMPOSITOR_FRAME_WQ.logical_waiters=[]
COMPOSITOR_FRAME_WQ.raw_ring=[13, 0, 0, 0]
=== WAITQUEUE CLIENT_FRAME_WQ DECODE ===
CLIENT_FRAME_WQ.lock_byte=0 cap=4 ptr=0xffff0000502e1fc8 head=0 len=1
CLIENT_FRAME_WQ.logical_waiters=[16]
CLIENT_FRAME_WQ.raw_ring=[16, 16, 16, 16]
=== WINDOW REGISTRY DECODE ===
window_registry.lock_byte=0 data=0xffff00004022d9b8 slot_size=984 max_slots=16
window[00] slot=0xffff00004022d9b8 tag=1 id=1 buffer_id=1 owner=6 size=480000 mapped=0x7ffffdf86000 width=400 height=300 x=32 y=72 z=0 registered=1 resource=0 virgl_init=0 generation=70 last_uploaded_gen=0 last_read_gen=70 pending=True waiting_thread_id=Some(16) input_head=0 input_tail=0
window[01] empty_or_none slot=0xffff00004022dd90 tag=2 id=0 buffer_id=0 generation=0 last_uploaded_gen=0 waiting_thread_id=tag2(0x0)
window[02] empty_or_none slot=0xffff00004022e168 tag=2 id=0 buffer_id=0 generation=0 last_uploaded_gen=0 waiting_thread_id=tag2(0x0)
window[03] empty_or_none slot=0xffff00004022e540 tag=2 id=0 buffer_id=0 generation=0 last_uploaded_gen=0 waiting_thread_id=tag2(0x0)
window[04] empty_or_none slot=0xffff00004022e918 tag=2 id=0 buffer_id=0 generation=0 last_uploaded_gen=0 waiting_thread_id=tag2(0x0)
window[05] empty_or_none slot=0xffff00004022ecf0 tag=2 id=0 buffer_id=0 generation=0 last_uploaded_gen=0 waiting_thread_id=tag2(0x0)
window[06] empty_or_none slot=0xffff00004022f0c8 tag=2 id=0 buffer_id=0 generation=0 last_uploaded_gen=0 waiting_thread_id=tag2(0x0)
window[07] empty_or_none slot=0xffff00004022f4a0 tag=2 id=0 buffer_id=0 generation=0 last_uploaded_gen=0 waiting_thread_id=tag2(0x0)
window[08] empty_or_none slot=0xffff00004022f878 tag=2 id=0 buffer_id=0 generation=0 last_uploaded_gen=0 waiting_thread_id=tag2(0x0)
window[09] empty_or_none slot=0xffff00004022fc50 tag=2 id=0 buffer_id=0 generation=0 last_uploaded_gen=0 waiting_thread_id=tag2(0x0)
window[10] empty_or_none slot=0xffff000040230028 tag=2 id=0 buffer_id=0 generation=0 last_uploaded_gen=0 waiting_thread_id=tag2(0x0)
window[11] empty_or_none slot=0xffff000040230400 tag=2 id=0 buffer_id=0 generation=0 last_uploaded_gen=0 waiting_thread_id=tag2(0x0)
window[12] empty_or_none slot=0xffff0000402307d8 tag=2 id=0 buffer_id=0 generation=0 last_uploaded_gen=0 waiting_thread_id=tag2(0x0)
window[13] empty_or_none slot=0xffff000040230bb0 tag=2 id=0 buffer_id=0 generation=0 last_uploaded_gen=0 waiting_thread_id=tag2(0x0)
window[14] empty_or_none slot=0xffff000040230f88 tag=2 id=0 buffer_id=0 generation=0 last_uploaded_gen=0 waiting_thread_id=tag2(0x0)
window[15] empty_or_none slot=0xffff000040231360 tag=2 id=0 buffer_id=0 generation=0 last_uploaded_gen=0 waiting_thread_id=tag2(0x0)
window_registry.active_or_nonempty_slots=1
window_registry.next_id_candidate=2
=== SCHEDULER DECODE ===
scheduler.lock_byte=0 data=0xffff00004022a008
cpu_state[0] current=Some(13) previous=None idle_tid=0
cpu_state[1] current=Some(4) previous=None idle_tid=4
cpu_state[2] current=Some(5) previous=None idle_tid=5
cpu_state[3] current=Some(6) previous=None idle_tid=6
cpu_state[4] current=Some(7) previous=None idle_tid=7
cpu_state[5] current=Some(8) previous=None idle_tid=8
cpu_state[6] current=Some(9) previous=None idle_tid=9
cpu_state[7] current=Some(10) previous=None idle_tid=10
threads_vec cap=16 ptr=0xffff0000502e0c40 len=16
thread_box[00]=0xffff0000502e11a0 first8q=[1, 18446462599840137216, 0, 0, 0, 2, 0, 0]
thread_box[01]=0xffff0000502e14b0 first8q=[1, 18446462600144293888, 1, 0, 18446462600144228352, 18446462600144293888, 0, 0]
thread_box_detail[01] ptr=0xffff0000502e14b0 match_offsets=[(536, 16)] first32q=[1, 18446462600144293888, 1, 0, 18446462600144228352, 18446462600144293888, 0, 0, 0, 0, 0, 0, 0, 0, 0, 0, 0, 0, 0, 0, 0, 0, 0, 0, 0, 0, 0, 0, 0, 0, 0, 0]
thread_box[02]=0xffff0000502e17c0 first8q=[1, 18446462600144363520, 1, 0, 18446462600144297984, 18446462600144363520, 0, 709167820211451]
thread_box[03]=0xffff0000502e1ad0 first8q=[1, 18446462599861108736, 0, 0, 0, 0, 0, 18446462599808690696]
thread_box_detail[03] ptr=0xffff0000502e1ad0 match_offsets=[(376, 16)] first32q=[1, 18446462599861108736, 0, 0, 0, 0, 0, 18446462599808690696, 1, 18446462599861108304, 1, 0, 0, 0, 0, 0, 0, 0, 0, 0, 0, 0, 0, 0, 0, 0, 0, 0, 0, 0, 0, 0]
thread_box[04]=0xffff00005320e748 first8q=[1, 18446462599863205888, 0, 0, 0, 0, 0, 18446462599808690696]
thread_box_detail[04] ptr=0xffff00005320e748 match_offsets=[(376, 16)] first32q=[1, 18446462599863205888, 0, 0, 0, 0, 0, 18446462599808690696, 1, 18446462599863205456, 1, 0, 0, 0, 0, 0, 0, 0, 0, 0, 0, 0, 0, 0, 0, 0, 0, 0, 0, 0, 0, 0]
thread_box[05]=0xffff00005320ea58 first8q=[1, 18446462599865303040, 0, 0, 0, 0, 0, 18446462599808690696]
thread_box_detail[05] ptr=0xffff00005320ea58 match_offsets=[(376, 16)] first32q=[1, 18446462599865303040, 0, 0, 0, 0, 0, 18446462599808690696, 1, 18446462599865302608, 1, 0, 0, 0, 0, 0, 0, 0, 0, 0, 0, 0, 0, 0, 0, 0, 0, 0, 0, 0, 0, 0]
thread_box[06]=0xffff00005320ed68 first8q=[1, 18446462599867400192, 0, 0, 0, 0, 0, 18446462599808690696]
thread_box_detail[06] ptr=0xffff00005320ed68 match_offsets=[(376, 16)] first32q=[1, 18446462599867400192, 0, 0, 0, 0, 0, 18446462599808690696, 1, 18446462599867399760, 1, 0, 0, 0, 0, 0, 0, 0, 0, 0, 0, 0, 0, 0, 0, 0, 0, 0, 0, 0, 0, 0]
thread_box[07]=0xffff00005320f078 first8q=[1, 18446462599869497344, 0, 0, 0, 0, 0, 18446462599808690696]
thread_box_detail[07] ptr=0xffff00005320f078 match_offsets=[(376, 16)] first32q=[1, 18446462599869497344, 0, 0, 0, 0, 0, 18446462599808690696, 1, 18446462599869496912, 1, 0, 0, 0, 0, 0, 0, 0, 0, 0, 0, 0, 0, 0, 0, 0, 0, 0, 0, 0, 0, 0]
thread_box[08]=0xffff00005320f388 first8q=[1, 18446462599871594496, 0, 0, 0, 0, 0, 18446462599808690696]
thread_box_detail[08] ptr=0xffff00005320f388 match_offsets=[(376, 16)] first32q=[1, 18446462599871594496, 0, 0, 0, 0, 0, 18446462599808690696, 1, 18446462599871594064, 1, 0, 0, 0, 0, 0, 0, 0, 0, 0, 0, 0, 0, 0, 0, 0, 0, 0, 0, 0, 0, 0]
thread_box[09]=0xffff00005320f698 first8q=[1, 18446462599873691648, 0, 0, 0, 0, 0, 18446462599808690696]
thread_box_detail[09] ptr=0xffff00005320f698 match_offsets=[(376, 16)] first32q=[1, 18446462599873691648, 0, 0, 0, 0, 0, 18446462599808690696, 1, 18446462599873691216, 1, 0, 0, 0, 0, 0, 0, 0, 0, 0, 0, 0, 0, 0, 0, 0, 0, 0, 0, 0, 0, 0]
thread_box[10]=0xffff0000532134d8 first8q=[1, 18446462600144433152, 0, 18446462600078035808, 18446462600078033544, 0, 0, 0]
thread_box[11]=0xffff0000532137e8 first8q=[1, 18446462600144502784, 0, 3, 88373247082496, 0, 0, 1]
thread_box_detail[11] ptr=0xffff0000532137e8 match_offsets=[(64, 16), (112, 16)] first32q=[1, 18446462600144502784, 0, 3, 88373247082496, 0, 0, 1, 16, 18446462600144432896, 18446462599808215924, 1, 18446462600078040896, 1, 16, 18446462600078036240, 0, 9, 2, 18446462600127527912, 290128, 18446462600144431216, 18446462599808796089, 18446462599809495040, 18446462599808974448, 18446462599809490944, 18446462599809491328, 10, 16573, 18446462600144431216, 18446462599808897024, 18446462599808897432]
thread_box[12]=0xffff000053213bf8 first8q=[1, 18446462600144572416, 0, 3, 88373247082496, 0, 0, 1]
thread_box_detail[12] ptr=0xffff000053213bf8 match_offsets=[(64, 16), (112, 16), (400, 13)] first32q=[1, 18446462600144572416, 0, 3, 88373247082496, 0, 0, 1, 16, 18446462600144432896, 18446462599808215924, 1, 18446462600078036320, 1, 16, 18446462600078036288, 0, 3, 3, 18446462600127528952, 429208, 18446462600144431216, 18446462599808796089, 18446462599809495040, 18446462599808974448, 18446462599809490944, 18446462599809491328, 10, 17347, 18446462600144431216, 18446462599808897024, 18446462599808897432]
thread_box[13]=0xffff000053214168 first8q=[1, 18446462600144642048, 0, 3, 88373247082496, 0, 0, 1]
thread_box_detail[13] ptr=0xffff000053214168 match_offsets=[(64, 16), (112, 16), (544, 16)] first32q=[1, 18446462600144642048, 0, 3, 88373247082496, 0, 0, 1, 16, 18446462600144432896, 18446462599808215924, 1, 18446462600078040832, 1, 16, 18446462600078036368, 0, 7, 4, 18446462600127530344, 298632, 18446462600144431216, 18446462599808796089, 18446462599809495040, 18446462599808974448, 18446462599809490944, 18446462599809491328, 10, 18532, 18446462600144431216, 18446462599808897024, 18446462599808897432]
thread_box[14]=0xffff000053214980 first8q=[1, 18446462600144711680, 0, 3, 88373247082496, 0, 0, 1]
thread_box_detail[14] ptr=0xffff000053214980 match_offsets=[(64, 16), (112, 16)] first32q=[1, 18446462600144711680, 0, 3, 88373247082496, 0, 0, 1, 16, 18446462600144432896, 18446462599808215924, 1, 18446462600078040880, 1, 16, 18446462600078040832, 0, 5, 5, 18446462600127532320, 441008, 18446462600144431216, 18446462599808796089, 18446462599809495040, 18446462599808974448, 18446462599809490944, 18446462599809491328, 10, 19310, 18446462600144431216, 18446462599808897024, 18446462599808897432]
thread_box[15]=0xffff000053214d60 first8q=[1, 18446462600144781312, 0, 3, 88373247082496, 0, 0, 1]
thread_box_detail[15] ptr=0xffff000053214d60 match_offsets=[(64, 16), (112, 16), (400, 16), (752, 16)] first32q=[1, 18446462600144781312, 0, 3, 88373247082496, 0, 0, 1, 16, 18446462600144432896, 18446462599808215924, 1, 18446462600078040832, 1, 16, 18446462600078036224, 0, 6, 6, 18446462600127533296, 388152, 18446462600144431216, 18446462599808796089, 18446462599809495040, 18446462599808974448, 18446462599809490944, 18446462599809491328, 10, 20090, 18446462600144431216, 18446462599808897024, 18446462599808897432]
ready_queue[0] cap=4 ptr=0xffff0000502e0860 head=3 len=0 ids=[]
ready_queue[1] cap=4 ptr=0xffff0000502e0b70 head=1 len=0 ids=[]
ready_queue[2] cap=4 ptr=0xffff0000502e1e40 head=0 len=0 ids=[]
ready_queue[3] cap=4 ptr=0xffff0000502e0d20 head=2 len=0 ids=[]
ready_queue[4] cap=4 ptr=0xffff0000502e1e60 head=0 len=0 ids=[]
ready_queue[5] cap=4 ptr=0xffff0000502e0d50 head=2 len=0 ids=[]
ready_queue[6] cap=4 ptr=0xffff0000502e1e80 head=1 len=0 ids=[]
ready_queue[7] cap=0 ptr=0x8 head=0 len=0 ids=[]
timer_heap cap=4 ptr=0xffff0000502e0bf0 len=2
tid_location tid=13 current_cpus=[0] previous_cpus=[] ready_queues=[]
tid_location tid=16 current_cpus=[] previous_cpus=[] ready_queues=[]
=== PER-CPU STATIC STATE ===
need_resched_byte=0 context_switch_count=522
cpu_is_idle=[0, 1, 1, 1, 1, 1, 1, 1]
deferred_requeue=[0, 0, 0, 0, 0, 0, 0, 0]
last_defer_info=['0x5000d00000c02', '0x1000c00000e06', '0x1000c00000e06', '0x1000c00000e06', '0x1000c00000e06', '0x1000c00000e06', '0x1000c00000e06', '0x1000300000606']
last_defer_sp=['0x54255000', '0x54243be0', '0x54243be0', '0x54243be0', '0x54243be0', '0x54243be0', '0x54243be0', '0x542218c0']
last_defer_elr=['0x400092f8', '0x400efdec', '0x400efdec', '0x400efdec', '0x400efdec', '0x400efdec', '0x400efdec', '0x401c8c48']
last_defer_x30=['0x400092e8', '0x400efdf8', '0x400efdf8', '0x400efdf8', '0x400efdf8', '0x400efdf8', '0x400efdf8', '0x401c8c40']
inline_schedule_state[0] scheduler_ptr=0x0 old_tid=0 new_tid=13 should_requeue_old=0
inline_schedule_state[1] scheduler_ptr=0x0 old_tid=16 new_tid=4 should_requeue_old=0
inline_schedule_state[2] scheduler_ptr=0x0 old_tid=16 new_tid=5 should_requeue_old=0
inline_schedule_state[3] scheduler_ptr=0x0 old_tid=16 new_tid=6 should_requeue_old=0
inline_schedule_state[4] scheduler_ptr=0x0 old_tid=16 new_tid=7 should_requeue_old=0
inline_schedule_state[5] scheduler_ptr=0x0 old_tid=16 new_tid=8 should_requeue_old=0
inline_schedule_state[6] scheduler_ptr=0x0 old_tid=9 new_tid=12 should_requeue_old=0
inline_schedule_state[7] scheduler_ptr=0x0 old_tid=0 new_tid=0 should_requeue_old=0
tid_deferred_membership tid=13 deferred_cpus=[] inline_old_cpus=[] inline_new_cpus=[0]
tid_deferred_membership tid=16 deferred_cpus=[] inline_old_cpus=[1, 2, 3, 4, 5] inline_new_cpus=[]
=== GRAPHICS COUNTERS / STATIC COUNTER PROBE ===
exact_mark_window_dirty_counter=absent
exact_handle_composite_windows_counter=absent
exact_compositor_ready_bits_counter=absent
exact_wake_compositor_if_waiting_counter=absent
BWM_COMPOSITE_FRAME_ENTER_TOTAL first8=[18446462599808817102, 31, 18446462599808596184, 32, 0, 0, 0, 0]
BWM_COMPOSITE_FRAME_EXIT_TOTAL first8=[18446462599808817133, 30, 18446462599808817163, 30, 0, 0, 0, 0]
FB_FLUSH_COUNT=0
VIRGL_COMPOSITE_WINDOWS_FRAME.u32=0
VIRGL_COMPOSITE_WINDOWS_WORK_FRAME.u32=0
=== RAW MEMORY TEXT DUMPS ===
--- COMPOSITOR_FRAME_WQ raw ---
0xffff00004022d988 <_ZN6kernel7syscall8graphics19COMPOSITOR_FRAME_WQ17h90b5e186d357a906E.llvm.7186430188976455637>:	0x0000000000000000	0x0000000000000004
0xffff00004022d998 <_ZN6kernel7syscall8graphics19COMPOSITOR_FRAME_WQ17h90b5e186d357a906E.llvm.7186430188976455637+16>:	0xffff0000502e1ec0	0x0000000000000001
0xffff00004022d9a8 <_ZN6kernel7syscall8graphics19COMPOSITOR_FRAME_WQ17h90b5e186d357a906E.llvm.7186430188976455637+32>:	0x0000000000000000	0x0000000000000000
0xffff00004022d9b8 <_ZN6kernel7syscall8graphics15WINDOW_REGISTRY17h25c4e2c6b0a59edeE.llvm.7186430188976455637+8>:	0x0000000000000001	0x0000000000000010
--- CLIENT_FRAME_WQ raw ---
0xffff000040234840 <_ZN6kernel7syscall8graphics15CLIENT_FRAME_WQ17h77b669c7a224433cE>:	0x0000000000000000	0x0000000000000004
0xffff000040234850 <_ZN6kernel7syscall8graphics15CLIENT_FRAME_WQ17h77b669c7a224433cE+16>:	0xffff0000502e1fc8	0x0000000000000000
0xffff000040234860 <_ZN6kernel7syscall8graphics15CLIENT_FRAME_WQ17h77b669c7a224433cE+32>:	0x0000000000000001	0x0000000000000000
0xffff000040234870 <_ZN6kernel7syscall8graphics14INPUT_EVENT_WQ17h4d667ec33a2c18d7E+8>:	0x0000000000000000	0x0000000000000008
--- WINDOW_REGISTRY first 256 qwords raw ---
0xffff00004022d9b0 <_ZN6kernel7syscall8graphics15WINDOW_REGISTRY17h25c4e2c6b0a59edeE.llvm.7186430188976455637>:	0x0000000000000000	0x0000000000000001
0xffff00004022d9c0 <_ZN6kernel7syscall8graphics15WINDOW_REGISTRY17h25c4e2c6b0a59edeE.llvm.7186430188976455637+16>:	0x0000000000000010	0x0000000000000076
0xffff00004022d9d0 <_ZN6kernel7syscall8graphics15WINDOW_REGISTRY17h25c4e2c6b0a59edeE.llvm.7186430188976455637+32>:	0xffff000053215070	0x0000000000000076
0xffff00004022d9e0 <_ZN6kernel7syscall8graphics15WINDOW_REGISTRY17h25c4e2c6b0a59edeE.llvm.7186430188976455637+48>:	0x0000000000000006	0x0000000044172000
0xffff00004022d9f0 <_ZN6kernel7syscall8graphics15WINDOW_REGISTRY17h25c4e2c6b0a59edeE.llvm.7186430188976455637+64>:	0x0000000000075300	0x00007ffffdf86000
0xffff00004022da00 <_ZN6kernel7syscall8graphics15WINDOW_REGISTRY17h25c4e2c6b0a59edeE.llvm.7186430188976455637+80>:	0x000065636e756f42	0x0000000000000000
0xffff00004022da10 <_ZN6kernel7syscall8graphics15WINDOW_REGISTRY17h25c4e2c6b0a59edeE.llvm.7186430188976455637+96>:	0x0000000000000000	0x0000000000000000
0xffff00004022da20 <_ZN6kernel7syscall8graphics15WINDOW_REGISTRY17h25c4e2c6b0a59edeE.llvm.7186430188976455637+112>:	0x0000000000000000	0x0000000000000000
0xffff00004022da30 <_ZN6kernel7syscall8graphics15WINDOW_REGISTRY17h25c4e2c6b0a59edeE.llvm.7186430188976455637+128>:	0x0000000000000000	0x0000000000000000
0xffff00004022da40 <_ZN6kernel7syscall8graphics15WINDOW_REGISTRY17h25c4e2c6b0a59edeE.llvm.7186430188976455637+144>:	0x0000000000000006	0x0000000000000046
0xffff00004022da50 <_ZN6kernel7syscall8graphics15WINDOW_REGISTRY17h25c4e2c6b0a59edeE.llvm.7186430188976455637+160>:	0x0000000000000000	0x0000000000000046
0xffff00004022da60 <_ZN6kernel7syscall8graphics15WINDOW_REGISTRY17h25c4e2c6b0a59edeE.llvm.7186430188976455637+176>:	0x0000000000000000	0x0000000000000000
0xffff00004022da70 <_ZN6kernel7syscall8graphics15WINDOW_REGISTRY17h25c4e2c6b0a59edeE.llvm.7186430188976455637+192>:	0x0000000000000000	0x0000000000000000
0xffff00004022da80 <_ZN6kernel7syscall8graphics15WINDOW_REGISTRY17h25c4e2c6b0a59edeE.llvm.7186430188976455637+208>:	0x0000000000000000	0x0000000000000000
0xffff00004022da90 <_ZN6kernel7syscall8graphics15WINDOW_REGISTRY17h25c4e2c6b0a59edeE.llvm.7186430188976455637+224>:	0x0000000000000000	0x0000000000000000
0xffff00004022daa0 <_ZN6kernel7syscall8graphics15WINDOW_REGISTRY17h25c4e2c6b0a59edeE.llvm.7186430188976455637+240>:	0x0000000000000000	0x0000000000000000
0xffff00004022dab0 <_ZN6kernel7syscall8graphics15WINDOW_REGISTRY17h25c4e2c6b0a59edeE.llvm.7186430188976455637+256>:	0x0000000000000000	0x0000000000000000
0xffff00004022dac0 <_ZN6kernel7syscall8graphics15WINDOW_REGISTRY17h25c4e2c6b0a59edeE.llvm.7186430188976455637+272>:	0x0000000000000000	0x0000000000000000
0xffff00004022dad0 <_ZN6kernel7syscall8graphics15WINDOW_REGISTRY17h25c4e2c6b0a59edeE.llvm.7186430188976455637+288>:	0x0000000000000000	0x0000000000000000
0xffff00004022dae0 <_ZN6kernel7syscall8graphics15WINDOW_REGISTRY17h25c4e2c6b0a59edeE.llvm.7186430188976455637+304>:	0x0000000000000000	0x0000000000000000
0xffff00004022daf0 <_ZN6kernel7syscall8graphics15WINDOW_REGISTRY17h25c4e2c6b0a59edeE.llvm.7186430188976455637+320>:	0x0000000000000000	0x0000000000000000
0xffff00004022db00 <_ZN6kernel7syscall8graphics15WINDOW_REGISTRY17h25c4e2c6b0a59edeE.llvm.7186430188976455637+336>:	0x0000000000000000	0x0000000000000000
0xffff00004022db10 <_ZN6kernel7syscall8graphics15WINDOW_REGISTRY17h25c4e2c6b0a59edeE.llvm.7186430188976455637+352>:	0x0000000000000000	0x0000000000000000
0xffff00004022db20 <_ZN6kernel7syscall8graphics15WINDOW_REGISTRY17h25c4e2c6b0a59edeE.llvm.7186430188976455637+368>:	0x0000000000000000	0x0000000000000000
0xffff00004022db30 <_ZN6kernel7syscall8graphics15WINDOW_REGISTRY17h25c4e2c6b0a59edeE.llvm.7186430188976455637+384>:	0x0000000000000000	0x0000000000000000
0xffff00004022db40 <_ZN6kernel7syscall8graphics15WINDOW_REGISTRY17h25c4e2c6b0a59edeE.llvm.7186430188976455637+400>:	0x0000000000000000	0x0000000000000000
0xffff00004022db50 <_ZN6kernel7syscall8graphics15WINDOW_REGISTRY17h25c4e2c6b0a59edeE.llvm.7186430188976455637+416>:	0x0000000000000000	0x0000000000000000
0xffff00004022db60 <_ZN6kernel7syscall8graphics15WINDOW_REGISTRY17h25c4e2c6b0a59edeE.llvm.7186430188976455637+432>:	0x0000000000000000	0x0000000000000000
0xffff00004022db70 <_ZN6kernel7syscall8graphics15WINDOW_REGISTRY17h25c4e2c6b0a59edeE.llvm.7186430188976455637+448>:	0x0000000000000000	0x0000000000000000
0xffff00004022db80 <_ZN6kernel7syscall8graphics15WINDOW_REGISTRY17h25c4e2c6b0a59edeE.llvm.7186430188976455637+464>:	0x0000000000000000	0x0000000000000000
0xffff00004022db90 <_ZN6kernel7syscall8graphics15WINDOW_REGISTRY17h25c4e2c6b0a59edeE.llvm.7186430188976455637+480>:	0x0000000000000000	0x0000000000000000
0xffff00004022dba0 <_ZN6kernel7syscall8graphics15WINDOW_REGISTRY17h25c4e2c6b0a59edeE.llvm.7186430188976455637+496>:	0x0000000000000000	0x0000000000000000
0xffff00004022dbb0 <_ZN6kernel7syscall8graphics15WINDOW_REGISTRY17h25c4e2c6b0a59edeE.llvm.7186430188976455637+512>:	0x0000000000000000	0x0000000000000000
0xffff00004022dbc0 <_ZN6kernel7syscall8graphics15WINDOW_REGISTRY17h25c4e2c6b0a59edeE.llvm.7186430188976455637+528>:	0x0000000000000000	0x0000000000000000
0xffff00004022dbd0 <_ZN6kernel7syscall8graphics15WINDOW_REGISTRY17h25c4e2c6b0a59edeE.llvm.7186430188976455637+544>:	0x0000000000000000	0x0000000000000000
0xffff00004022dbe0 <_ZN6kernel7syscall8graphics15WINDOW_REGISTRY17h25c4e2c6b0a59edeE.llvm.7186430188976455637+560>:	0x0000000000000000	0x0000000000000000
0xffff00004022dbf0 <_ZN6kernel7syscall8graphics15WINDOW_REGISTRY17h25c4e2c6b0a59edeE.llvm.7186430188976455637+576>:	0x0000000000000000	0x0000000000000000
0xffff00004022dc00 <_ZN6kernel7syscall8graphics15WINDOW_REGISTRY17h25c4e2c6b0a59edeE.llvm.7186430188976455637+592>:	0x0000000000000000	0x0000000000000000
0xffff00004022dc10 <_ZN6kernel7syscall8graphics15WINDOW_REGISTRY17h25c4e2c6b0a59edeE.llvm.7186430188976455637+608>:	0x0000000000000000	0x0000000000000000
0xffff00004022dc20 <_ZN6kernel7syscall8graphics15WINDOW_REGISTRY17h25c4e2c6b0a59edeE.llvm.7186430188976455637+624>:	0x0000000000000000	0x0000000000000000
0xffff00004022dc30 <_ZN6kernel7syscall8graphics15WINDOW_REGISTRY17h25c4e2c6b0a59edeE.llvm.7186430188976455637+640>:	0x0000000000000000	0x0000000000000000
0xffff00004022dc40 <_ZN6kernel7syscall8graphics15WINDOW_REGISTRY17h25c4e2c6b0a59edeE.llvm.7186430188976455637+656>:	0x0000000000000000	0x0000000000000000
0xffff00004022dc50 <_ZN6kernel7syscall8graphics15WINDOW_REGISTRY17h25c4e2c6b0a59edeE.llvm.7186430188976455637+672>:	0x0000000000000000	0x0000000000000000
0xffff00004022dc60 <_ZN6kernel7syscall8graphics15WINDOW_REGISTRY17h25c4e2c6b0a59edeE.llvm.7186430188976455637+688>:	0x0000000000000000	0x0000000000000000
0xffff00004022dc70 <_ZN6kernel7syscall8graphics15WINDOW_REGISTRY17h25c4e2c6b0a59edeE.llvm.7186430188976455637+704>:	0x0000000000000000	0x0000000000000000
0xffff00004022dc80 <_ZN6kernel7syscall8graphics15WINDOW_REGISTRY17h25c4e2c6b0a59edeE.llvm.7186430188976455637+720>:	0x0000000000000000	0x0000000000000000
0xffff00004022dc90 <_ZN6kernel7syscall8graphics15WINDOW_REGISTRY17h25c4e2c6b0a59edeE.llvm.7186430188976455637+736>:	0x0000000000000000	0x0000000000000000
0xffff00004022dca0 <_ZN6kernel7syscall8graphics15WINDOW_REGISTRY17h25c4e2c6b0a59edeE.llvm.7186430188976455637+752>:	0x0000000000000000	0x0000000000000000
0xffff00004022dcb0 <_ZN6kernel7syscall8graphics15WINDOW_REGISTRY17h25c4e2c6b0a59edeE.llvm.7186430188976455637+768>:	0x0000000000000000	0x0000000000000000
0xffff00004022dcc0 <_ZN6kernel7syscall8graphics15WINDOW_REGISTRY17h25c4e2c6b0a59edeE.llvm.7186430188976455637+784>:	0x0000000000000000	0x0000000000000000
0xffff00004022dcd0 <_ZN6kernel7syscall8graphics15WINDOW_REGISTRY17h25c4e2c6b0a59edeE.llvm.7186430188976455637+800>:	0x0000000000000000	0x0000000000000000
0xffff00004022dce0 <_ZN6kernel7syscall8graphics15WINDOW_REGISTRY17h25c4e2c6b0a59edeE.llvm.7186430188976455637+816>:	0x0000000000000000	0x0000000000000000
0xffff00004022dcf0 <_ZN6kernel7syscall8graphics15WINDOW_REGISTRY17h25c4e2c6b0a59edeE.llvm.7186430188976455637+832>:	0x0000000000000000	0x0000000000000000
0xffff00004022dd00 <_ZN6kernel7syscall8graphics15WINDOW_REGISTRY17h25c4e2c6b0a59edeE.llvm.7186430188976455637+848>:	0x0000000000000000	0x0000000000000000
0xffff00004022dd10 <_ZN6kernel7syscall8graphics15WINDOW_REGISTRY17h25c4e2c6b0a59edeE.llvm.7186430188976455637+864>:	0x0000000000000000	0x0000000000000000
0xffff00004022dd20 <_ZN6kernel7syscall8graphics15WINDOW_REGISTRY17h25c4e2c6b0a59edeE.llvm.7186430188976455637+880>:	0x0000000000000000	0x0000000000000000
0xffff00004022dd30 <_ZN6kernel7syscall8graphics15WINDOW_REGISTRY17h25c4e2c6b0a59edeE.llvm.7186430188976455637+896>:	0x0000000000000000	0x0000000000000000
0xffff00004022dd40 <_ZN6kernel7syscall8graphics15WINDOW_REGISTRY17h25c4e2c6b0a59edeE.llvm.7186430188976455637+912>:	0x0000000000000000	0x0000000000000000
0xffff00004022dd50 <_ZN6kernel7syscall8graphics15WINDOW_REGISTRY17h25c4e2c6b0a59edeE.llvm.7186430188976455637+928>:	0x0000000000000000	0x0000000000000000
0xffff00004022dd60 <_ZN6kernel7syscall8graphics15WINDOW_REGISTRY17h25c4e2c6b0a59edeE.llvm.7186430188976455637+944>:	0x0000000000000000	0x0000000000000000
0xffff00004022dd70 <_ZN6kernel7syscall8graphics15WINDOW_REGISTRY17h25c4e2c6b0a59edeE.llvm.7186430188976455637+960>:	0x0000019000000001	0x000000200000012c
0xffff00004022dd80 <_ZN6kernel7syscall8graphics15WINDOW_REGISTRY17h25c4e2c6b0a59edeE.llvm.7186430188976455637+976>:	0x0000000000000048	0x0000000100000000
0xffff00004022dd90 <_ZN6kernel7syscall8graphics15WINDOW_REGISTRY17h25c4e2c6b0a59edeE.llvm.7186430188976455637+992>:	0x0000000000000002	0x0000000000000000
0xffff00004022dda0 <_ZN6kernel7syscall8graphics15WINDOW_REGISTRY17h25c4e2c6b0a59edeE.llvm.7186430188976455637+1008>:	0x0000000000000000	0x0000000000000000
0xffff00004022ddb0 <_ZN6kernel7syscall8graphics15WINDOW_REGISTRY17h25c4e2c6b0a59edeE.llvm.7186430188976455637+1024>:	0x0000000000000000	0x0000000000000000
0xffff00004022ddc0 <_ZN6kernel7syscall8graphics15WINDOW_REGISTRY17h25c4e2c6b0a59edeE.llvm.7186430188976455637+1040>:	0x0000000000000000	0x0000000000000000
0xffff00004022ddd0 <_ZN6kernel7syscall8graphics15WINDOW_REGISTRY17h25c4e2c6b0a59edeE.llvm.7186430188976455637+1056>:	0x0000000000000000	0x0000000000000000
0xffff00004022dde0 <_ZN6kernel7syscall8graphics15WINDOW_REGISTRY17h25c4e2c6b0a59edeE.llvm.7186430188976455637+1072>:	0x0000000000000000	0x0000000000000000
0xffff00004022ddf0 <_ZN6kernel7syscall8graphics15WINDOW_REGISTRY17h25c4e2c6b0a59edeE.llvm.7186430188976455637+1088>:	0x0000000000000000	0x0000000000000000
0xffff00004022de00 <_ZN6kernel7syscall8graphics15WINDOW_REGISTRY17h25c4e2c6b0a59edeE.llvm.7186430188976455637+1104>:	0x0000000000000000	0x0000000000000000
0xffff00004022de10 <_ZN6kernel7syscall8graphics15WINDOW_REGISTRY17h25c4e2c6b0a59edeE.llvm.7186430188976455637+1120>:	0x0000000000000000	0x0000000000000000
0xffff00004022de20 <_ZN6kernel7syscall8graphics15WINDOW_REGISTRY17h25c4e2c6b0a59edeE.llvm.7186430188976455637+1136>:	0x0000000000000000	0x0000000000000000
0xffff00004022de30 <_ZN6kernel7syscall8graphics15WINDOW_REGISTRY17h25c4e2c6b0a59edeE.llvm.7186430188976455637+1152>:	0x0000000000000000	0x0000000000000000
0xffff00004022de40 <_ZN6kernel7syscall8graphics15WINDOW_REGISTRY17h25c4e2c6b0a59edeE.llvm.7186430188976455637+1168>:	0x0000000000000000	0x0000000000000000
0xffff00004022de50 <_ZN6kernel7syscall8graphics15WINDOW_REGISTRY17h25c4e2c6b0a59edeE.llvm.7186430188976455637+1184>:	0x0000000000000000	0x0000000000000000
0xffff00004022de60 <_ZN6kernel7syscall8graphics15WINDOW_REGISTRY17h25c4e2c6b0a59edeE.llvm.7186430188976455637+1200>:	0x0000000000000000	0x0000000000000000
0xffff00004022de70 <_ZN6kernel7syscall8graphics15WINDOW_REGISTRY17h25c4e2c6b0a59edeE.llvm.7186430188976455637+1216>:	0x0000000000000000	0x0000000000000000
0xffff00004022de80 <_ZN6kernel7syscall8graphics15WINDOW_REGISTRY17h25c4e2c6b0a59edeE.llvm.7186430188976455637+1232>:	0x0000000000000000	0x0000000000000000
0xffff00004022de90 <_ZN6kernel7syscall8graphics15WINDOW_REGISTRY17h25c4e2c6b0a59edeE.llvm.7186430188976455637+1248>:	0x0000000000000000	0x0000000000000000
0xffff00004022dea0 <_ZN6kernel7syscall8graphics15WINDOW_REGISTRY17h25c4e2c6b0a59edeE.llvm.7186430188976455637+1264>:	0x0000000000000000	0x0000000000000000
0xffff00004022deb0 <_ZN6kernel7syscall8graphics15WINDOW_REGISTRY17h25c4e2c6b0a59edeE.llvm.7186430188976455637+1280>:	0x0000000000000000	0x0000000000000000
0xffff00004022dec0 <_ZN6kernel7syscall8graphics15WINDOW_REGISTRY17h25c4e2c6b0a59edeE.llvm.7186430188976455637+1296>:	0x0000000000000000	0x0000000000000000
0xffff00004022ded0 <_ZN6kernel7syscall8graphics15WINDOW_REGISTRY17h25c4e2c6b0a59edeE.llvm.7186430188976455637+1312>:	0x0000000000000000	0x0000000000000000
0xffff00004022dee0 <_ZN6kernel7syscall8graphics15WINDOW_REGISTRY17h25c4e2c6b0a59edeE.llvm.7186430188976455637+1328>:	0x0000000000000000	0x0000000000000000
0xffff00004022def0 <_ZN6kernel7syscall8graphics15WINDOW_REGISTRY17h25c4e2c6b0a59edeE.llvm.7186430188976455637+1344>:	0x0000000000000000	0x0000000000000000
0xffff00004022df00 <_ZN6kernel7syscall8graphics15WINDOW_REGISTRY17h25c4e2c6b0a59edeE.llvm.7186430188976455637+1360>:	0x0000000000000000	0x0000000000000000
0xffff00004022df10 <_ZN6kernel7syscall8graphics15WINDOW_REGISTRY17h25c4e2c6b0a59edeE.llvm.7186430188976455637+1376>:	0x0000000000000000	0x0000000000000000
0xffff00004022df20 <_ZN6kernel7syscall8graphics15WINDOW_REGISTRY17h25c4e2c6b0a59edeE.llvm.7186430188976455637+1392>:	0x0000000000000000	0x0000000000000000
0xffff00004022df30 <_ZN6kernel7syscall8graphics15WINDOW_REGISTRY17h25c4e2c6b0a59edeE.llvm.7186430188976455637+1408>:	0x0000000000000000	0x0000000000000000
0xffff00004022df40 <_ZN6kernel7syscall8graphics15WINDOW_REGISTRY17h25c4e2c6b0a59edeE.llvm.7186430188976455637+1424>:	0x0000000000000000	0x0000000000000000
0xffff00004022df50 <_ZN6kernel7syscall8graphics15WINDOW_REGISTRY17h25c4e2c6b0a59edeE.llvm.7186430188976455637+1440>:	0x0000000000000000	0x0000000000000000
0xffff00004022df60 <_ZN6kernel7syscall8graphics15WINDOW_REGISTRY17h25c4e2c6b0a59edeE.llvm.7186430188976455637+1456>:	0x0000000000000000	0x0000000000000000
0xffff00004022df70 <_ZN6kernel7syscall8graphics15WINDOW_REGISTRY17h25c4e2c6b0a59edeE.llvm.7186430188976455637+1472>:	0x0000000000000000	0x0000000000000000
0xffff00004022df80 <_ZN6kernel7syscall8graphics15WINDOW_REGISTRY17h25c4e2c6b0a59edeE.llvm.7186430188976455637+1488>:	0x0000000000000000	0x0000000000000000
0xffff00004022df90 <_ZN6kernel7syscall8graphics15WINDOW_REGISTRY17h25c4e2c6b0a59edeE.llvm.7186430188976455637+1504>:	0x0000000000000000	0x0000000000000000
0xffff00004022dfa0 <_ZN6kernel7syscall8graphics15WINDOW_REGISTRY17h25c4e2c6b0a59edeE.llvm.7186430188976455637+1520>:	0x0000000000000000	0x0000000000000000
0xffff00004022dfb0 <_ZN6kernel7syscall8graphics15WINDOW_REGISTRY17h25c4e2c6b0a59edeE.llvm.7186430188976455637+1536>:	0x0000000000000000	0x0000000000000000
0xffff00004022dfc0 <_ZN6kernel7syscall8graphics15WINDOW_REGISTRY17h25c4e2c6b0a59edeE.llvm.7186430188976455637+1552>:	0x0000000000000000	0x0000000000000000
0xffff00004022dfd0 <_ZN6kernel7syscall8graphics15WINDOW_REGISTRY17h25c4e2c6b0a59edeE.llvm.7186430188976455637+1568>:	0x0000000000000000	0x0000000000000000
0xffff00004022dfe0 <_ZN6kernel7syscall8graphics15WINDOW_REGISTRY17h25c4e2c6b0a59edeE.llvm.7186430188976455637+1584>:	0x0000000000000000	0x0000000000000000
0xffff00004022dff0 <_ZN6kernel7syscall8graphics15WINDOW_REGISTRY17h25c4e2c6b0a59edeE.llvm.7186430188976455637+1600>:	0x0000000000000000	0x0000000000000000
0xffff00004022e000 <_ZN6kernel7syscall8graphics15WINDOW_REGISTRY17h25c4e2c6b0a59edeE.llvm.7186430188976455637+1616>:	0x0000000000000000	0x0000000000000000
0xffff00004022e010 <_ZN6kernel7syscall8graphics15WINDOW_REGISTRY17h25c4e2c6b0a59edeE.llvm.7186430188976455637+1632>:	0x0000000000000000	0x0000000000000000
0xffff00004022e020 <_ZN6kernel7syscall8graphics15WINDOW_REGISTRY17h25c4e2c6b0a59edeE.llvm.7186430188976455637+1648>:	0x0000000000000000	0x0000000000000000
0xffff00004022e030 <_ZN6kernel7syscall8graphics15WINDOW_REGISTRY17h25c4e2c6b0a59edeE.llvm.7186430188976455637+1664>:	0x0000000000000000	0x0000000000000000
0xffff00004022e040 <_ZN6kernel7syscall8graphics15WINDOW_REGISTRY17h25c4e2c6b0a59edeE.llvm.7186430188976455637+1680>:	0x0000000000000000	0x0000000000000000
0xffff00004022e050 <_ZN6kernel7syscall8graphics15WINDOW_REGISTRY17h25c4e2c6b0a59edeE.llvm.7186430188976455637+1696>:	0x0000000000000000	0x0000000000000000
0xffff00004022e060 <_ZN6kernel7syscall8graphics15WINDOW_REGISTRY17h25c4e2c6b0a59edeE.llvm.7186430188976455637+1712>:	0x0000000000000000	0x0000000000000000
0xffff00004022e070 <_ZN6kernel7syscall8graphics15WINDOW_REGISTRY17h25c4e2c6b0a59edeE.llvm.7186430188976455637+1728>:	0x0000000000000000	0x0000000000000000
0xffff00004022e080 <_ZN6kernel7syscall8graphics15WINDOW_REGISTRY17h25c4e2c6b0a59edeE.llvm.7186430188976455637+1744>:	0x0000000000000000	0x0000000000000000
0xffff00004022e090 <_ZN6kernel7syscall8graphics15WINDOW_REGISTRY17h25c4e2c6b0a59edeE.llvm.7186430188976455637+1760>:	0x0000000000000000	0x0000000000000000
0xffff00004022e0a0 <_ZN6kernel7syscall8graphics15WINDOW_REGISTRY17h25c4e2c6b0a59edeE.llvm.7186430188976455637+1776>:	0x0000000000000000	0x0000000000000000
0xffff00004022e0b0 <_ZN6kernel7syscall8graphics15WINDOW_REGISTRY17h25c4e2c6b0a59edeE.llvm.7186430188976455637+1792>:	0x0000000000000000	0x0000000000000000
0xffff00004022e0c0 <_ZN6kernel7syscall8graphics15WINDOW_REGISTRY17h25c4e2c6b0a59edeE.llvm.7186430188976455637+1808>:	0x0000000000000000	0x0000000000000000
0xffff00004022e0d0 <_ZN6kernel7syscall8graphics15WINDOW_REGISTRY17h25c4e2c6b0a59edeE.llvm.7186430188976455637+1824>:	0x0000000000000000	0x0000000000000000
0xffff00004022e0e0 <_ZN6kernel7syscall8graphics15WINDOW_REGISTRY17h25c4e2c6b0a59edeE.llvm.7186430188976455637+1840>:	0x0000000000000000	0x0000000000000000
0xffff00004022e0f0 <_ZN6kernel7syscall8graphics15WINDOW_REGISTRY17h25c4e2c6b0a59edeE.llvm.7186430188976455637+1856>:	0x0000000000000000	0x0000000000000000
0xffff00004022e100 <_ZN6kernel7syscall8graphics15WINDOW_REGISTRY17h25c4e2c6b0a59edeE.llvm.7186430188976455637+1872>:	0x0000000000000000	0x0000000000000000
0xffff00004022e110 <_ZN6kernel7syscall8graphics15WINDOW_REGISTRY17h25c4e2c6b0a59edeE.llvm.7186430188976455637+1888>:	0x0000000000000000	0x0000000000000000
0xffff00004022e120 <_ZN6kernel7syscall8graphics15WINDOW_REGISTRY17h25c4e2c6b0a59edeE.llvm.7186430188976455637+1904>:	0x0000000000000000	0x0000000000000000
0xffff00004022e130 <_ZN6kernel7syscall8graphics15WINDOW_REGISTRY17h25c4e2c6b0a59edeE.llvm.7186430188976455637+1920>:	0x0000000000000000	0x0000000000000000
0xffff00004022e140 <_ZN6kernel7syscall8graphics15WINDOW_REGISTRY17h25c4e2c6b0a59edeE.llvm.7186430188976455637+1936>:	0x0000000000000000	0x0000000000000000
0xffff00004022e150 <_ZN6kernel7syscall8graphics15WINDOW_REGISTRY17h25c4e2c6b0a59edeE.llvm.7186430188976455637+1952>:	0x0000000000000000	0x0000000000000000
0xffff00004022e160 <_ZN6kernel7syscall8graphics15WINDOW_REGISTRY17h25c4e2c6b0a59edeE.llvm.7186430188976455637+1968>:	0x0000000000000000	0x0000000000000002
0xffff00004022e170 <_ZN6kernel7syscall8graphics15WINDOW_REGISTRY17h25c4e2c6b0a59edeE.llvm.7186430188976455637+1984>:	0x0000000000000000	0x0000000000000000
0xffff00004022e180 <_ZN6kernel7syscall8graphics15WINDOW_REGISTRY17h25c4e2c6b0a59edeE.llvm.7186430188976455637+2000>:	0x0000000000000000	0x0000000000000000
0xffff00004022e190 <_ZN6kernel7syscall8graphics15WINDOW_REGISTRY17h25c4e2c6b0a59edeE.llvm.7186430188976455637+2016>:	0x0000000000000000	0x0000000000000000
0xffff00004022e1a0 <_ZN6kernel7syscall8graphics15WINDOW_REGISTRY17h25c4e2c6b0a59edeE.llvm.7186430188976455637+2032>:	0x0000000000000000	0x0000000000000000
--- SCHEDULER first 96 qwords raw ---
0xffff00004022a000 <_ZN6kernel4task9scheduler9SCHEDULER17hb97a7107878de1a7E>:	0x0000000000000000	0x0000000000000001
0xffff00004022a010 <_ZN6kernel4task9scheduler9SCHEDULER17hb97a7107878de1a7E+16>:	0x000000000000000d	0x0000000000000000
0xffff00004022a020 <_ZN6kernel4task9scheduler9SCHEDULER17hb97a7107878de1a7E+32>:	0x000000000000000d	0x0000000000000000
0xffff00004022a030 <_ZN6kernel4task9scheduler9SCHEDULER17hb97a7107878de1a7E+48>:	0x0000000000000001	0x0000000000000004
0xffff00004022a040 <_ZN6kernel4task9scheduler9SCHEDULER17hb97a7107878de1a7E+64>:	0x0000000000000000	0x000000000000000c
0xffff00004022a050 <_ZN6kernel4task9scheduler9SCHEDULER17hb97a7107878de1a7E+80>:	0x0000000000000004	0x0000000000000001
0xffff00004022a060 <_ZN6kernel4task9scheduler9SCHEDULER17hb97a7107878de1a7E+96>:	0x0000000000000005	0x0000000000000000
0xffff00004022a070 <_ZN6kernel4task9scheduler9SCHEDULER17hb97a7107878de1a7E+112>:	0x000000000000000c	0x0000000000000005
0xffff00004022a080 <_ZN6kernel4task9scheduler9SCHEDULER17hb97a7107878de1a7E+128>:	0x0000000000000001	0x0000000000000006
0xffff00004022a090 <_ZN6kernel4task9scheduler9SCHEDULER17hb97a7107878de1a7E+144>:	0x0000000000000000	0x000000000000000c
0xffff00004022a0a0 <_ZN6kernel4task9scheduler9SCHEDULER17hb97a7107878de1a7E+160>:	0x0000000000000006	0x0000000000000001
0xffff00004022a0b0 <_ZN6kernel4task9scheduler9SCHEDULER17hb97a7107878de1a7E+176>:	0x0000000000000007	0x0000000000000000
0xffff00004022a0c0 <_ZN6kernel4task9scheduler9SCHEDULER17hb97a7107878de1a7E+192>:	0x000000000000000c	0x0000000000000007
0xffff00004022a0d0 <_ZN6kernel4task9scheduler9SCHEDULER17hb97a7107878de1a7E+208>:	0x0000000000000001	0x0000000000000008
0xffff00004022a0e0 <_ZN6kernel4task9scheduler9SCHEDULER17hb97a7107878de1a7E+224>:	0x0000000000000000	0x000000000000000c
0xffff00004022a0f0 <_ZN6kernel4task9scheduler9SCHEDULER17hb97a7107878de1a7E+240>:	0x0000000000000008	0x0000000000000001
0xffff00004022a100 <_ZN6kernel4task9scheduler9SCHEDULER17hb97a7107878de1a7E+256>:	0x0000000000000009	0x0000000000000000
0xffff00004022a110 <_ZN6kernel4task9scheduler9SCHEDULER17hb97a7107878de1a7E+272>:	0x000000000000000c	0x0000000000000009
0xffff00004022a120 <_ZN6kernel4task9scheduler9SCHEDULER17hb97a7107878de1a7E+288>:	0x0000000000000001	0x000000000000000a
0xffff00004022a130 <_ZN6kernel4task9scheduler9SCHEDULER17hb97a7107878de1a7E+304>:	0x0000000000000000	0x0000000000000003
0xffff00004022a140 <_ZN6kernel4task9scheduler9SCHEDULER17hb97a7107878de1a7E+320>:	0x000000000000000a	0x0000000000000010
0xffff00004022a150 <_ZN6kernel4task9scheduler9SCHEDULER17hb97a7107878de1a7E+336>:	0xffff0000502e0c40	0x0000000000000010
0xffff00004022a160 <_ZN6kernel4task9scheduler9SCHEDULER17hb97a7107878de1a7E+352>:	0x0000000000000004	0xffff0000502e0860
0xffff00004022a170 <_ZN6kernel4task9scheduler9SCHEDULER17hb97a7107878de1a7E+368>:	0x0000000000000003	0x0000000000000000
0xffff00004022a180 <_ZN6kernel4task9scheduler9SCHEDULER17hb97a7107878de1a7E+384>:	0x0000000000000004	0xffff0000502e0b70
0xffff00004022a190 <_ZN6kernel4task9scheduler9SCHEDULER17hb97a7107878de1a7E+400>:	0x0000000000000001	0x0000000000000000
0xffff00004022a1a0 <_ZN6kernel4task9scheduler9SCHEDULER17hb97a7107878de1a7E+416>:	0x0000000000000004	0xffff0000502e1e40
0xffff00004022a1b0 <_ZN6kernel4task9scheduler9SCHEDULER17hb97a7107878de1a7E+432>:	0x0000000000000000	0x0000000000000000
0xffff00004022a1c0 <_ZN6kernel4task9scheduler9SCHEDULER17hb97a7107878de1a7E+448>:	0x0000000000000004	0xffff0000502e0d20
0xffff00004022a1d0 <_ZN6kernel4task9scheduler9SCHEDULER17hb97a7107878de1a7E+464>:	0x0000000000000002	0x0000000000000000
0xffff00004022a1e0 <_ZN6kernel4task9scheduler9SCHEDULER17hb97a7107878de1a7E+480>:	0x0000000000000004	0xffff0000502e1e60
0xffff00004022a1f0 <_ZN6kernel4task9scheduler9SCHEDULER17hb97a7107878de1a7E+496>:	0x0000000000000000	0x0000000000000000
0xffff00004022a200 <_ZN6kernel4task9scheduler9SCHEDULER17hb97a7107878de1a7E+512>:	0x0000000000000004	0xffff0000502e0d50
0xffff00004022a210 <_ZN6kernel4task9scheduler9SCHEDULER17hb97a7107878de1a7E+528>:	0x0000000000000002	0x0000000000000000
0xffff00004022a220 <_ZN6kernel4task9scheduler9SCHEDULER17hb97a7107878de1a7E+544>:	0x0000000000000004	0xffff0000502e1e80
0xffff00004022a230 <_ZN6kernel4task9scheduler9SCHEDULER17hb97a7107878de1a7E+560>:	0x0000000000000001	0x0000000000000000
0xffff00004022a240 <_ZN6kernel4task9scheduler9SCHEDULER17hb97a7107878de1a7E+576>:	0x0000000000000000	0x0000000000000008
0xffff00004022a250 <_ZN6kernel4task9scheduler9SCHEDULER17hb97a7107878de1a7E+592>:	0x0000000000000000	0x0000000000000000
0xffff00004022a260 <_ZN6kernel4task9scheduler9SCHEDULER17hb97a7107878de1a7E+608>:	0x0000000000000004	0xffff0000502e0bf0
0xffff00004022a270 <_ZN6kernel4task9scheduler9SCHEDULER17hb97a7107878de1a7E+624>:	0x0000000000000002	0x0101010101010101
0xffff00004022a280 <_ZN6kernel7drivers3usb4xhci14TRANSFER_CYCLE17h17ddf218b96c3622E+8>:	0x0101010101010101	0x0101010101010101
0xffff00004022a290 <_ZN6kernel7drivers3usb4xhci14TRANSFER_CYCLE17h17ddf218b96c3622E+24>:	0x0101010101010101	0x000000ff01010101
0xffff00004022a2a0 <_ZN6kernel7drivers3usb4xhci18DIAG_FIRST_XFER_CC17h9e34871d62db227dE>:	0x000000ff000000ff	0x00020301000000ff
0xffff00004022a2b0 <_ZN6kernel7drivers3usb4xhci18XHCI_TRACE_RECORDS17h3853b543174730c2E>:	0x0000003200000000	0x00000000019f8d0b
0xffff00004022a2c0 <_ZN6kernel7drivers3usb4xhci18XHCI_TRACE_RECORDS17h3853b543174730c2E+16>:	0x0000000a00000000	0x0000003200000001
0xffff00004022a2d0 <_ZN6kernel7drivers3usb4xhci18XHCI_TRACE_RECORDS17h3853b543174730c2E+32>:	0x00000000030dc801	0x0000000f0000000a
0xffff00004022a2e0 <_ZN6kernel7drivers3usb4xhci18XHCI_TRACE_RECORDS17h3853b543174730c2E+48>:	0x0000003200000002	0x0000000003152449
0xffff00004022a2f0 <_ZN6kernel7drivers3usb4xhci18XHCI_TRACE_RECORDS17h3853b543174730c2E+64>:	0x0000000a00000019	0x0000003200000003
--- DEFERRED/INLINE raw ---
0xffff0000402df8c8 <_ZN6kernel9arch_impl7aarch6414context_switch16DEFERRED_REQUEUE17h4b7e680bd51ce5f5E>:	0x0000000000000000	0x0000000000000000
0xffff0000402df8d8 <_ZN6kernel9arch_impl7aarch6414context_switch16DEFERRED_REQUEUE17h4b7e680bd51ce5f5E+16>:	0x0000000000000000	0x0000000000000000
0xffff0000402df8e8 <_ZN6kernel9arch_impl7aarch6414context_switch16DEFERRED_REQUEUE17h4b7e680bd51ce5f5E+32>:	0x0000000000000000	0x0000000000000000
0xffff0000402df8f8 <_ZN6kernel9arch_impl7aarch6414context_switch16DEFERRED_REQUEUE17h4b7e680bd51ce5f5E+48>:	0x0000000000000000	0x0000000000000000
0xffff0000402df908 <_ZN6kernel9arch_impl7aarch6414context_switch23LAST_DEFER_REQUEUE_INFO17h06d2e161760f06b9E>:	0x0005000d00000c02	0x0001000c00000e06
0xffff0000402df918 <_ZN6kernel9arch_impl7aarch6414context_switch23LAST_DEFER_REQUEUE_INFO17h06d2e161760f06b9E+16>:	0x0001000c00000e06	0x0001000c00000e06
0xffff0000402df928 <_ZN6kernel9arch_impl7aarch6414context_switch23LAST_DEFER_REQUEUE_INFO17h06d2e161760f06b9E+32>:	0x0001000c00000e06	0x0001000c00000e06
0xffff0000402df938 <_ZN6kernel9arch_impl7aarch6414context_switch23LAST_DEFER_REQUEUE_INFO17h06d2e161760f06b9E+48>:	0x0001000c00000e06	0x0001000300000606
0xffff0000402df948 <_ZN6kernel9arch_impl7aarch6414context_switch21LAST_DEFER_REQUEUE_SP17h9dcef80d10250fe2E>:	0x0000000054255000	0x0000000054243be0
0xffff0000402df958 <_ZN6kernel9arch_impl7aarch6414context_switch21LAST_DEFER_REQUEUE_SP17h9dcef80d10250fe2E+16>:	0x0000000054243be0	0x0000000054243be0
0xffff0000402df968 <_ZN6kernel9arch_impl7aarch6414context_switch21LAST_DEFER_REQUEUE_SP17h9dcef80d10250fe2E+32>:	0x0000000054243be0	0x0000000054243be0
0xffff0000402df978 <_ZN6kernel9arch_impl7aarch6414context_switch21LAST_DEFER_REQUEUE_SP17h9dcef80d10250fe2E+48>:	0x0000000054243be0	0x00000000542218c0
0xffff0000402df988 <_ZN6kernel9arch_impl7aarch6414context_switch22LAST_DEFER_REQUEUE_ELR17h41aeb4443c337675E>:	0x00000000400092f8	0x00000000400efdec
0xffff0000402df998 <_ZN6kernel9arch_impl7aarch6414context_switch22LAST_DEFER_REQUEUE_ELR17h41aeb4443c337675E+16>:	0x00000000400efdec	0x00000000400efdec
0xffff0000402df9a8 <_ZN6kernel9arch_impl7aarch6414context_switch22LAST_DEFER_REQUEUE_ELR17h41aeb4443c337675E+32>:	0x00000000400efdec	0x00000000400efdec
0xffff0000402df9b8 <_ZN6kernel9arch_impl7aarch6414context_switch22LAST_DEFER_REQUEUE_ELR17h41aeb4443c337675E+48>:	0x00000000400efdec	0x00000000401c8c48
0xffff0000402df9c8 <_ZN6kernel9arch_impl7aarch6414context_switch22LAST_DEFER_REQUEUE_X3017hb6304e76d86f04dcE>:	0x00000000400092e8	0x00000000400efdf8
0xffff0000402df9d8 <_ZN6kernel9arch_impl7aarch6414context_switch22LAST_DEFER_REQUEUE_X3017hb6304e76d86f04dcE+16>:	0x00000000400efdf8	0x00000000400efdf8
0xffff0000402df9e8 <_ZN6kernel9arch_impl7aarch6414context_switch22LAST_DEFER_REQUEUE_X3017hb6304e76d86f04dcE+32>:	0x00000000400efdf8	0x00000000400efdf8
0xffff0000402df9f8 <_ZN6kernel9arch_impl7aarch6414context_switch22LAST_DEFER_REQUEUE_X3017hb6304e76d86f04dcE+48>:	0x00000000400efdf8	0x00000000401c8c40
0xffff0000402dfa08 <_ZN6kernel9arch_impl7aarch6414context_switch21INLINE_SCHEDULE_STATE17hc032b6b03a2661b6E>:	0x0000000000000000	0x0000000000000000
0xffff0000402dfa18 <_ZN6kernel9arch_impl7aarch6414context_switch21INLINE_SCHEDULE_STATE17hc032b6b03a2661b6E+16>:	0x000000000000000d	0x0000000000000000
0xffff0000402dfa28 <_ZN6kernel9arch_impl7aarch6414context_switch21INLINE_SCHEDULE_STATE17hc032b6b03a2661b6E+32>:	0x0000000000000000	0x0000000000000010
0xffff0000402dfa38 <_ZN6kernel9arch_impl7aarch6414context_switch21INLINE_SCHEDULE_STATE17hc032b6b03a2661b6E+48>:	0x0000000000000004	0x0000000000000000
=== TID SEARCH IN KEY RAW RANGES ===
find tid 13 in window registry
0xffff000040231988 <SYSCALL_TOTAL+8>
1 pattern found.
find tid 16 in window registry
0xffff00004022d9c0 <_ZN6kernel7syscall8graphics15WINDOW_REGISTRY17h25c4e2c6b0a59edeE.llvm.7186430188976455637+16>
1 pattern found.
find tid 13 in scheduler static
0xffff00004022a010 <_ZN6kernel4task9scheduler9SCHEDULER17hb97a7107878de1a7E+16>
0xffff00004022a020 <_ZN6kernel4task9scheduler9SCHEDULER17hb97a7107878de1a7E+32>
2 patterns found.
find tid 16 in scheduler static
0xffff00004022a148 <_ZN6kernel4task9scheduler9SCHEDULER17hb97a7107878de1a7E+328>
0xffff00004022a158 <_ZN6kernel4task9scheduler9SCHEDULER17hb97a7107878de1a7E+344>
2 patterns found.
=== DETACH ===
[Inferior 1 (Remote target) detached]
