[ram] 6 regions:
[ram]   0x40000000 - 0xffff0000 (3071 MB)
[ram]   0x100000000 - 0x140000000 (1024 MB)
[ram]   0x140025000 - 0x23be0f000 (4029 MB)
[ram]   0x23c000000 - 0x23c020000 (0 MB)
[ram]   0x23c080000 - 0x23f550000 (52 MB)
[ram]   0x23f930000 - 0x240000000 (6 MB)
[kern] entry_phys=0x400998c4 load=0x40080000-0x50104000
[gop-serial] UART: base=0x2110000 type=0 (PL011)
[gop-serial] Enumerating GOP display modes:
[gop-serial]   Mode 0: 1024x768 format=BGR
[gop-serial] 1 modes total, best=786432 pixels
[gop-serial] Already at best mode: 1024x768
[gop-serial] Selected: 1024x768 stride=1024 base=0x10000000 size=0x300000
ZZ00000000400998c4BDMTIVL!J>12KPHEOS
========================================
  Breenix ARM64 Kernel Starting
  BUILD_ID: 006a0d3dab2a34
========================================

[boot] DIAG_MARKER_XHCI_A
[boot] DIAG_MARKER_XHCI_B
[boot] DIAG_MARKER_XHCI_C
[boot] loader xhci_hcrst_raw=0x0 ecam=0x2300000
[boot] Current exception level: EL1
[boot] MMU already enabled (high-half kernel)
[boot] Initializing memory management (0x44000000-0x50000000)...
[boot] Memory management ready
[boot] Initializing Generic Timer...
[boot] Timer frequency: 24000000 Hz (24 MHz)
[boot] Initializing PL031 RTC...
[boot] Current timestamp: 24015571
[boot] Initializing GIC...
[gic] GICR probe 0x02500000: WAKER=0x00000000 <<< VALID
[gic] GICD_CTLR wrote 0x53, readback=0x53
[gic] GICR_IGROUPR0: wrote 0xFFFFFFFF, readback=0xffffffff
[gic] ICC_CTLR_EL1: 0x40400 -> 0x40402 (EOImode=1)
[boot] GIC initialized (version 3)
[boot] Enabling UART interrupts...
[boot] Enabling GIC IRQ 33 (UART0)...
[uart] IMSC: 0x0 -> 0x50 (verify: 0x50)
[uart] FR=0x90 (RXFE=1), RIS=0x20
[gic] IRQ 33 state (GICv3):
  enabled=true, group1=true, pending=false
  priority=0xa0, GICD_CTLR=0x53
  ICC_PMR=0xf0
[boot] UART interrupts enabled
[boot] Enabling interrupts...
[boot] Interrupts enabled: true
[boot] Initializing device drivers...
[drivers] Initializing driver subsystem...
[drivers] PCI ECAM at 0x2300000, enumerating PCI bus...
[drivers] Found 7 PCI devices
[pci] 00:01.0 [8086:293e] class=04/03
[pci]   BAR0: 0x18008000 (16384)
[pci] 00:02.0 [8086:265c] class=0c/03
[pci]   BAR0: 0x18012000 (4096)
[pci]   BAR1: 0x0 (4096)
[pci]   BAR2: 0x0 (4096)
[pci]   BAR3: 0x0 (4096)
[pci]   BAR4: 0x0 (4096)
[pci]   BAR5: 0x0 (4096)
[pci] 00:03.0 [1033:0194] class=0c/03
[pci]   BAR0: 0x18011000 (4096)
[pci]   BAR1: 0x0 (4096)
[pci]   BAR2: 0x0 (4096)
[pci]   BAR3: 0x0 (4096)
[pci]   BAR4: 0x0 (4096)
[pci]   BAR5: 0x0 (4096)
[pci] 00:05.0 [1af4:1000] class=02/00
[pci]   BAR0: 0x18010000 (4096)
[pci]   BAR1: 0x1800f000 (4096)
[pci] 00:09.0 [1ab8:4000] class=ff/00
[pci]   BAR0: 0x1800e000 (4096)
[pci] 00:0a.0 [1af4:1050] class=03/00
[pci]   BAR0: 0x10000000 (134217728)
[pci]   BAR1: 0x1800d000 (4096)
[pci]   BAR4: 0x18004000 (16384)
[pci] 00:0e.0 [1af4:1053] class=07/80
[pci]   BAR1: 0x1800c000 (4096)
[pci]   BAR4: 0x18000000 (16384)
[drivers] Found 2 VirtIO PCI devices
[virtio-gpu-pci] Device features: 0x0000000100000001
[virtio-gpu-pci] VIRGL offered: true
[virtio-gpu-pci] Negotiated: 0x0000000100000001 (VIRGL=true)
[virtio-gpu-pci] VIRGL_ENABLED stored=true, readback=true, addr=0xffff000041285cc0
[pci] 00:0a.0: capabilities:
  cap 0x11 (MSI-X) @ 0xb0: dw0=0x0001bc11 dw1=0x00000001
  cap 0x09 (?) @ 0xbc: dw0=0x0410cc09 dw1=0x00000004
  cap 0x09 (?) @ 0xcc: dw0=0x0310dc09 dw1=0x00000004
  cap 0x09 (?) @ 0xdc: dw0=0x0214f009 dw1=0x00000004
  cap 0x09 (?) @ 0xf0: dw0=0x01100009 dw1=0x00000004
[gicv2m] MSI_TYPER raw=0x80350040 -> base_spi=53, num_spi=64
[virtio-gpu-pci] MSI-X cap at 0xb0: 2 vectors
[virtio-gpu-pci] MSI-X enabled: config_spi=53 queue_spi=54 doorbell=0x2250040 vectors=2
[virtio-gpu-pci] config_msix_vector: wrote=0x0 readback=0x0
[virtio-gpu-pci] Device has 2 queues
[virtio-gpu-pci] Queue 0 msix_vector: wrote=0x1 readback=0x1
[virtio-gpu-pci] Queue 1 msix_vector: wrote=0x1 readback=0x1
[virtio-gpu-pci] Cursor queue (q1) set up: size=16
[virtio-gpu-pci] Config: num_scanouts=16, num_capsets=1
[virtio-gpu-pci] MSI-X active: config_spi=53 queue_spi=54 queue_vector=1
[virtio-gpu-pci] Capset 0: id=2, max_ver=2, max_size=768
[virtio-gpu-pci] GET_CAPSET(id=2, ver=2): resp=0x1103
[virtio-gpu-pci] Display reports: 1024x768
[virtio-gpu-pci] Resolution: 1280x960 (display=1024x768, GOP=1024x768, min=1280x960)
[virtio-gpu-pci] 2D resource created and scanout set
[virtio-gpu-pci] Initialized: 1280x960
[drivers] VirtIO GPU (PCI) initialized
[virgl] Initializing VirGL 3D pipeline...
[virgl] 3D framebuffer backing: heap ptr=0xffff0000502e2000, phys=0x502e2000, size=4915200
[virgl] Step 1: context created
[virgl] Step 2: 3D resource created (1280x960, bind=0x0014000a)
[virgl] attach_backing: phys=0x502e2000, len=4915200, nr_pages=1200
[virgl] attach_backing: sending 3-desc chain: hdr=0x41285dc0(32B), entries=0x50792000(19200B)
[virgl] attach_backing: OK (1200 pages attached)
[virgl] Step 3: backing attached
[virgl] Step 4: resource attached to context
[virgl] Step 5: resource primed
[virgl] SUBMIT_3D OK: id=1 used_len=0 resp_flags=0x1 resp_fence=1
[virgl] Step 6: VirGL CLEAR (cornflower blue)
[virgl] Step 7: SET_SCANOUT + RESOURCE_FLUSH done
[virgl] Step 7: VB resource created (no backing, INLINE_WRITE only)
[virgl-composite] Texture backing: heap ptr=0xffff000050792000, phys=0x50792000, 1280x960 (4915200B, 1200 pages)
[virgl] attach_backing: phys=0x50792000, len=4915200, nr_pages=1200
[virgl] attach_backing: sending 3-desc chain: hdr=0x41285dc0(32B), entries=0x50c42000(19200B)
[virgl] attach_backing: OK (1200 pages attached)
[virgl-composite] Texture resource initialized (id=5)
[virgl] attach_backing: phys=0x50c42000, len=4915200, nr_pages=1200
[virgl] attach_backing: sending 3-desc chain: hdr=0x41285dc0(32B), entries=0x510f2000(19200B)
[virgl] attach_backing: OK (1200 pages attached)
[virgl-pool] Pre-allocated slot=0 res_id=10 1280x960
[virgl] attach_backing: phys=0x510f2000, len=4915200, nr_pages=1200
[virgl] attach_backing: sending 3-desc chain: hdr=0x41285dc0(32B), entries=0x515a2000(19200B)
[virgl] attach_backing: OK (1200 pages attached)
[virgl-pool] Pre-allocated slot=1 res_id=11 1280x960
[virgl] attach_backing: phys=0x515a2000, len=4915200, nr_pages=1200
[virgl] attach_backing: sending 3-desc chain: hdr=0x41285dc0(32B), entries=0x51a52000(19200B)
[virgl] attach_backing: OK (1200 pages attached)
[virgl-pool] Pre-allocated slot=2 res_id=12 1280x960
[virgl] attach_backing: phys=0x51a52000, len=4915200, nr_pages=1200
[virgl] attach_backing: sending 3-desc chain: hdr=0x41285dc0(32B), entries=0x51f02000(19200B)
[virgl] attach_backing: OK (1200 pages attached)
[virgl-pool] Pre-allocated slot=3 res_id=13 1280x960
[virgl] attach_backing: phys=0x51f02000, len=4915200, nr_pages=1200
[virgl] attach_backing: sending 3-desc chain: hdr=0x41285dc0(32B), entries=0x523b2000(19200B)
[virgl] attach_backing: OK (1200 pages attached)
[virgl-pool] Pre-allocated slot=4 res_id=14 1280x960
[virgl] attach_backing: phys=0x523b2000, len=4915200, nr_pages=1200
[virgl] attach_backing: sending 3-desc chain: hdr=0x41285dc0(32B), entries=0x52862000(19200B)
[virgl] attach_backing: OK (1200 pages attached)
[virgl-pool] Pre-allocated slot=5 res_id=15 1280x960
[virgl] attach_backing: phys=0x52862000, len=4915200, nr_pages=1200
[virgl] attach_backing: sending 3-desc chain: hdr=0x41285dc0(32B), entries=0x52d12000(19200B)
[virgl] attach_backing: OK (1200 pages attached)
[virgl-pool] Pre-allocated slot=6 res_id=16 1280x960
[virgl] attach_backing: phys=0x52d12000, len=4915200, nr_pages=1200
[virgl] attach_backing: sending 3-desc chain: hdr=0x41285dc0(32B), entries=0x531c2000(19200B)
[virgl] attach_backing: OK (1200 pages attached)
[virgl-pool] Pre-allocated slot=7 res_id=17 1280x960
[virgl] attach_backing: phys=0x531c2000, len=8192, nr_pages=2
[virgl] attach_backing: sending 3-desc chain: hdr=0x41285dc0(32B), entries=0x502e0040(32B)
[virgl] attach_backing: OK (2 pages attached)
[virgl-cursor] Cursor texture initialized (id=6, 16x80, 5 shapes)
[virgl] attach_backing: phys=0x531c4000, len=4096, nr_pages=1
[virgl] attach_backing: sending 3-desc chain: hdr=0x41285dc0(32B), entries=0x502e0040(16B)
[virgl] attach_backing: OK (1 pages attached)
[virgl-dimmer] Dimmer texture initialized (id=7, 4x4)
[virgl] Step 8: Compositor texture initialized
[virgl] Step 9: full pipeline+draw batch (191 DWORDs)
[virgl] SUBMIT_3D OK: id=2 used_len=0 resp_flags=0x1 resp_fence=2
[virgl] Step 10: SET_SCANOUT + RESOURCE_FLUSH
[virgl] VirGL 3D pipeline initialized successfully
[drivers] VirGL 3D acceleration active
[drivers] Compositor backend: VirGL
[virtio-gpu-pci] GPU command waits use scheduler waitqueue
[virtio-net-pci] Searching for VirtIO network device on PCI bus...
[virtio-net-pci] Found at 00:05.0 [1af4:1000]
[virtio-net-pci] BAR0: phys=0x18010000 virt=0xffff000018010000 size=4096
[virtio-net-pci] Device features: 0x6187bfa3
[virtio-net-pci] MAC: 00:1c:42:d6:5a:8b
[virtio-net-pci] Queue 0 max size: 256
[virtio-net-pci] Queue 0 PFN=0x402c8 (phys=0x402c8000)
[virtio-net-pci] Queue 1 max size: 256
[virtio-net-pci] Queue 1 PFN=0x402cb (phys=0x402cb000)
[pci] 00:05.0: capabilities:
  cap 0x10 (PCIe) @ 0x48: dw0=0x00024010 dw1=0x00000fc0
  cap 0x01 (PM) @ 0x40: dw0=0x0022f401 dw1=0x00000000
  cap 0x11 (MSI-X) @ 0xf4: dw0=0x00020011 dw1=0x00000001
[virtio-net-pci] MSI-X cap at 0xf4: 3 vectors
[virtio-net-pci] MSI-X vector assignments: cfg=0xffff rx=0x0
[virtio-net-pci] MSI-X enabled: SPI 55 doorbell=0x2250040 vectors=3
[virtio-net-pci] Network device initialized successfully
[drivers] VirtIO network (PCI) initialized
[drivers] SVGA3 init skipped: SVGA3 device not found
[drivers] Found XHCI at 00:03.0 [1033:0194]
[xhci] DMA addrs: DCBAA=0x40251000 CMD_RING=0x40252000 EVT_RING=0x40262000 ERST=0x402ce740
[xhci] Regs: USBCMD=0x5 USBSTS=0x0 CRCR=0x0 DCBAAP=0x40251000
[xhci] IR0: IMAN=0x2 ERDP=0x40262000 ERSTBA=0x402ce740
[xhci] Port scan: 14 ports
[xhci]   port 1: PORTSC=0x00021203 CCS=1 PED=1 speed=4
[xhci]   port 2: PORTSC=0x00021203 CCS=1 PED=1 speed=4
[xhci]   port 3: PORTSC=0x00021203 CCS=1 PED=1 speed=4
[xhci]   port 4: PORTSC=0x000002a0 CCS=0 PED=0 speed=0
[xhci]   port 5: PORTSC=0x000002a0 CCS=0 PED=0 speed=0
[xhci]   port 6: PORTSC=0x000002a0 CCS=0 PED=0 speed=0
[xhci]   port 7: PORTSC=0x000002a0 CCS=0 PED=0 speed=0
[xhci]   port 8: PORTSC=0x000002a0 CCS=0 PED=0 speed=0
[xhci]   port 9: PORTSC=0x000002a0 CCS=0 PED=0 speed=0
[xhci]   port 10: PORTSC=0x000002a0 CCS=0 PED=0 speed=0
[xhci]   port 11: PORTSC=0x000002a0 CCS=0 PED=0 speed=0
[xhci]   port 12: PORTSC=0x000002a0 CCS=0 PED=0 speed=0
[xhci]   port 13: PORTSC=0x000002a0 CCS=0 PED=0 speed=0
[xhci]   port 14: PORTSC=0x000002a0 CCS=0 PED=0 speed=0
[xhci] port 1 connected: PORTSC=0x00001203 PED=1 speed=4
[xhci] port 1 EnableSlot -> slot 1
[xhci] port 1 AddressDevice OK (slot 1)
[xhci] slot1: vid=0x203a pid=0xfffc class=0x00/0x00/0x00
[xhci] slot1 iface0: class=0x03 sub=0x00 proto=0x02 numEP=1
[xhci] HID iface: proto=2 subclass=0 -> mouse (hid_idx=1)
[xhci] slot1 iface1: class=0x03 sub=0x00 proto=0x02 numEP=1
[xhci] HID iface: proto=2 subclass=0 -> mouse (hid_idx=3)
[xhci] port 2 connected: PORTSC=0x00001203 PED=1 speed=4
[xhci] port 2 EnableSlot -> slot 2
[xhci] port 2 AddressDevice OK (slot 2)
[xhci] slot2: vid=0x203a pid=0xfffb class=0x00/0x00/0x00
[xhci] slot2 iface0: class=0x03 sub=0x01 proto=0x01 numEP=1
[xhci] HID iface: proto=1 subclass=1 -> keyboard (hid_idx=0)
[xhci] slot2 iface1: class=0x03 sub=0x00 proto=0x00 numEP=1
[xhci] HID iface: proto=0 subclass=0 -> NKRO (hid_idx=2)
[xhci] port 3 connected: PORTSC=0x00001203 PED=1 speed=4
[xhci] port 3 EnableSlot -> slot 3
[xhci] port 3 AddressDevice OK (slot 3)
[xhci] slot3: vid=0x203a pid=0xfff9 class=0xef/0x02/0x01
[xhci] slot3 iface0: class=0x0e sub=0x01 proto=0x00 numEP=0
[xhci] slot3 iface1: class=0x0e sub=0x02 proto=0x00 numEP=1
[xhci] start_hid_polling: kbd=slot2/dci3 nkro=dci5 mouse=slot1/dci3 mouse2=dci5
[xhci] Initialized: 32 slots, MSI irq=56
[drivers] XHCI USB controller initialized
[ahci] Platform AHCI at phys 0x2140000, virt 0xffff000002140000
[ahci] HBA version 1.256, 6 ports, 32 cmd slots, PI=0x0000003f
[ahci] Port 0: Sata, 131072 sectors (64 MB)
[ahci] Port 1: Sata, 524288 sectors (256 MB)
[ahci] IRQ probe: using port 0 dma_index 0
[ahci] IRQ probe: ISPENDR before=[0x01000000, 0x00000000, 0x00000000] after=[0x01000004, 0x00000000, 0x00000000]
[ahci] IRQ probe: PORT_IS=0x00000001 (should have D2H bit set)
[ahci] Platform IRQ probe: discovered SPI 34
[ahci] Platform IRQ enabled: SPI 34 (wired, level-triggered, CPU0)
[drivers] AHCI initialized (platform MMIO): 2 SATA device(s)
[drivers] Driver subsystem initialized (PCI)
[boot] Found 7 devices
[boot] Initializing network stack...
[net] Initializing network stack...
[net] Using VirtIO net PCI driver (Parallels)
[net] MAC address: 00:1c:42:d6:5a:8b
NET: IP address: 10.211.55.100
NET: Gateway: 10.211.55.1
Network stack initialized
NET: Sending ARP request for gateway 10.211.55.1
ARP request sent successfully
[virtio-net-pci] RX diag: used_idx=1 last_used=0 avail_idx=4 isr=0x0 msi_count=0
[virtio-net-pci] RX diag: used_idx=1 last_used=1 avail_idx=8 isr=0x0 msi_count=0
NET: ARP resolved gateway MAC: 00:1c:42:00:00:18
NET: Sending ICMP echo request to gateway 10.211.55.1
[net] ICMP echo reply received from 10.211.55.1 seq=1
NET: Network initialization complete
[virtio-net-pci] MSI-X SPI 55 enabled (post-init)
[boot] Initializing filesystem...
[ext2] No VirtIO block device, trying AHCI...
[ext2] AHCI device 0: 131072 sectors (64 MB)
[ext2] AHCI device 0: not ext2 (magic=0x0064)
[ext2] AHCI device 1: 524288 sectors (256 MB)
[ext2] Found ext2 superblock on AHCI device 1
[boot] ext2 root filesystem mounted
[boot] No home filesystem: No home block device available (expected at device index 3 or 1) (continuing)
[boot] devfs initialized at /dev
[boot] devptsfs initialized at /dev/pts
[boot] CPU detected: ARM Unknown
[boot] procfs initialized at /proc
[boot] TTY subsystem initialized
[boot] Initializing graphics...
[boot] VirGL active — skipping GOP framebuffer init (2D resource already set up in gpu_pci::init)
[boot] FB_INFO_CACHE populated for VirGL display (1280x960)
[boot] USB HID input active via XHCI (polled from timer)
[boot] Initializing per-CPU data...
[boot] Per-CPU data initialized
[boot] Initializing process manager...
[boot] Process manager initialized
[boot] Initializing scheduler...
[boot] Scheduler initialized
[boot] Workqueue subsystem initialized
[boot] Softirq subsystem initialized
[boot] Render thread skipped — VirGL owns the display
[boot] Tracing subsystem initialized and enabled
[boot] Pre-loading /sbin/init from ext2 (before timer)...
[boot] Init binary pre-loaded: 296776 bytes
[xhci] activate_msi_if_ready: source=system-ready spi=56 DIAG_SPI_ENABLE_COUNT=1
[xhci] post-activation: MSI_EVENT_COUNT=0 EVENT_COUNT=0 POLL_COUNT=0 SPI_ACTIVATED=true
[boot] Initializing timer interrupt...
[timer] Timer configured for ~1000 Hz (24000 ticks per interrupt)
[timer] Using virtual timer (PPI 27)
[boot] Timer interrupt initialized
[smp] CPU 0 MPIDR=0x80000000, stack_base=0x43000000
[smp] GICR covers 8 redistributors, probing CPUs 1..8
[smp] Probing secondary CPUs via PSCI...
[s1m@1pA]BC DECePFGU 1:1 PSCI CPU_ON success
[gic2@]1 ABICDCEeFGC2_CTLR_EL1: 0x40400 -> 0x40402 (EOImode=1)
[smp] CPU 2: PSCI CPU_ON success
[T1gic] ICC_C3@T1ALBRC_DEeEFGL13: 0x40400 -> 0x40402 (EOImode=1)
[smp] CPU 3: PSCI CPU_ON success
[gi4c@1]AB CIDCEeCFG_C4TLR_EL1: 0x40400 -> 0x40402 (EOImode=1)
[smp] CPU 4: PSCI CPU_ON success
[gi5c@]1 AIBCCDCE_eFCGT5LR_EL1: 0x40400 -> 0x40402 (EOImode=1)
[smp] CPU 5: PSCI CPU_ON success
[gi6c@1]AB CDIECeCFG_6CTLR_EL1: 0x40400 -> 0x40402 (EOImode=1)
[smp] CPU 6: PSCI CPU_ON success
[T2gic] 7I@1CACBC_DECeFTGL7R_EL1: 0x40400 -> 0x40402 (EOImode=1)
[gic] ICC_CTLR_EL1: 0x40400 -> 0x40402 (EOImode=1)
[smp] CPU 7: PSCI CPU_ON success
[smp] 8 CPUs online

========================================
  Breenix ARM64 Boot Complete!
========================================

Hello from ARM64!

[boot] Launching init from pre-loaded ELF...
manager.create_process_with_argv [ARM64]: ENTRY - name='init', elf_size=296776, argc=1
manager.create_process_with_argv [ARM64]: Generated PID 1
manager.create_process_with_argv [ARM64]: Creating ProcessPageTable
manager.create_process_with_argv [ARM64]: Loading ELF into page table
manager.create_process_with_argv [ARM64]: ELF loaded, entry=0x4000f1f0
manager.create_process_with_argv [ARM64]: Allocating user stack
manager.create_process_with_argv [ARM64]: User stack will be at 0xfffffeff0000-0xffffff000000
manager.create_process_with_argv [ARM64]: argc/argv set up on stack, SP=0xfffffefffed0
manager.create_process_with_argv [ARM64]: SUCCESS - returning PID 1
[ahci-poll-attrib] total=72 post_reg=70 pre_sched=70 post_sched=0
[boot] Reset 8 idle thread contexts (CPUs online: 8)
T3T4EL0_SYSCALL: First syscall from userspace (SPSR confirms EL0)
[ OK ] syscall path verified
[init] Breenix init starting (PID 1)
T5[spawn] path='/bin/heartbeat'
T6manager.create_process_with_argv [ARM64]: ENTRY - name='heartbeat', elf_size=290128, argc=1
manager.create_process_with_argv [ARM64]: Generated PID 2
manager.create_process_with_argv [ARM64]: Creating ProcessPageTable
manager.create_process_with_argv [ARM64]: Loading ELF into page table
manager.create_process_with_argv [ARM64]: ELF loaded, entry=0x4000edac
manager.create_process_with_argv [ARM64]: Allocating user stack
manager.create_process_with_argv [ARM64]: User stack will be at 0xfffffeff0000-0xffffff000000
manager.create_process_with_argv [ARM64]: argc/argv set up on stack, SP=0xfffffefffed0
manager.create_process_with_argv [ARM64]: SUCCESS - returning PID 2
[spawn] Created child PID 2 for parent PID 1
T7[spawn] Success: child PID 2 scheduled
[heartbeat] tid=12 uptime_ms=1258
T8T9T0[spawn] path='/bin/bwm'
manager.create_process_with_argv [ARM64]: ENTRY - name='bwm', elf_size=429208, argc=1
manager.create_process_with_argv [ARM64]: Generated PID 3
manager.create_process_with_argv [ARM64]: Creating ProcessPageTable
manager.create_process_with_argv [ARM64]: Loading ELF into page table
manager.create_process_with_argv [ARM64]: ELF loaded, entry=0x400190b8
manager.create_process_with_argv [ARM64]: Allocating user stack
manager.create_process_with_argv [ARM64]: User stack will be at 0xfffffeff0000-0xffffff000000
manager.create_process_with_argv [ARM64]: argc/argv set up on stack, SP=0xfffffefffee0
manager.create_process_with_argv [ARM64]: SUCCESS - returning PID 3
[spawn] Created child PID 3 for parent PID 1
[spawn] Success: child PID 3 scheduled
[bwm] Breenix Window Manager starting... (v2-chromeless-skip)
[virgl-composite] Frame #0: 1x1 → 1280x960 display (first1k: 1 nonzero, first=0xff000000)
[bwm] GPU compositing mode (VirGL), display: 1280x960
[compositor] Mapped compositor buffer into process: virt=0x7ffffdb4e000, 1280x960, 1200 pages (backend=VirGL)
[bwm] Direct compositor mapping: 1280x960 at 0x7ffffdb4e000
[bwm] using bitmap font fallback for early boot
[bwm] hotkeys: using built-in defaults for early boot
[virgl-composite] Frame #1: 1280x960 → 1280x960 display (first1k: 1000 nonzero, first=0x00121832)
[virgl-composite] Frame #2: 1280x960 → 1280x960 display (first1k: 1000 nonzero, first=0x00121832)
[spawn] path='/sbin/telnetd'
manager.create_process_with_argv [ARM64]: ENTRY - name='telnetd', elf_size=298632, argc=1
manager.create_process_with_argv [ARM64]: Generated PID 4
manager.create_process_with_argv [ARM64]: Creating ProcessPageTable
manager.create_process_with_argv [ARM64]: Loading ELF into page table
manager.create_process_with_argv [ARM64]: ELF loaded, entry=0x4000fdd0
manager.create_process_with_argv [ARM64]: Allocating user stack
manager.create_process_with_argv [ARM64]: User stack will be at 0xfffffeff0000-0xffffff000000
manager.create_process_with_argv [ARM64]: argc/argv set up on stack, SP=0xfffffefffed0
manager.create_process_with_argv [ARM64]: SUCCESS - returning PID 4
[spawn] Created child PID 4 for parent PID 1
[spawn] Success: child PID 4 scheduled
TELNETD_STARTING
TELNETD_LISTENING
[init] Boot script completed
[spawn] path='/bin/bsshd'
manager.create_process_with_argv [ARM64]: ENTRY - name='bsshd', elf_size=441008, argc=1
manager.create_process_with_argv [ARM64]: Generated PID 5
manager.create_process_with_argv [ARM64]: Creating ProcessPageTable
manager.create_process_with_argv [ARM64]: Loading ELF into page table
manager.create_process_with_argv [ARM64]: ELF loaded, entry=0x4001c39c
manager.create_process_with_argv [ARM64]: Allocating user stack
manager.create_process_with_argv [ARM64]: User stack will be at 0xfffffeff0000-0xffffff000000
manager.create_process_with_argv [ARM64]: argc/argv set up on stack, SP=0xfffffefffed0
manager.create_process_with_argv [ARM64]: SUCCESS - returning PID 5
[spawn] Created child PID 5 for parent PID 1
[spawn] Success: child PID 5 scheduled
bsshd: starting on port 2222
bsshd: listening on 0.0.0.0:2222
[init] bsshd started (PID 5)
[spawn] path='/bin/bounce'
manager.create_process_with_argv [ARM64]: ENTRY - name='bounce', elf_size=388152, argc=1
manager.create_process_with_argv [ARM64]: Generated PID 6
manager.create_process_with_argv [ARM64]: Creating ProcessPageTable
manager.create_process_with_argv [ARM64]: Loading ELF into page table
manager.create_process_with_argv [ARM64]: ELF loaded, entry=0x400188f4
manager.create_process_with_argv [ARM64]: Allocating user stack
manager.create_process_with_argv [ARM64]: User stack will be at 0xfffffeff0000-0xffffff000000
manager.create_process_with_argv [ARM64]: argc/argv set up on stack, SP=0xfffffefffed0
manager.create_process_with_argv [ARM64]: SUCCESS - returning PID 6
[spawn] Created child PID 6 for parent PID 1
[spawn] Success: child PID 6 scheduled
Bounce spheres demo starting (for Gus!) [boot_id=0000000067284e5e]
[window] create_window_buffer: 400x300 (480000 bytes, 118 pages)
[window] Created buffer id=1 for pid=6: 400x300 at virt=0x7ffffdf86000 phys=0x44172000
[bounce] Window mode: id=1 400x300 [boot_id=0000000067284e5e]
[init] bounce started (PID 6)
[bwm] Discovered window 'Bounce' (id=1, 400x300) at (30,38)
[compositor] Mapped window 1 into BWM: virt=0x7ffffdad4000, 400x300, 118 pages
[freeze-watch] uptime_ms=1740 submits=71 completes=74 fails=0 last_completion_ms=1404 fps_last_5s=6 cpu=7 tid=3 ctx_switches=2284 timer_ticks_cpu0=265 timer_ticks_cpu1=363 timer_ticks_cpu2=366 timer_ticks_cpu3=372 timer_ticks_cpu4=367 timer_ticks_cpu5=367 timer_ticks_cpu6=366 timer_ticks_cpu7=375 rq_total=0 rq_cpu0=0 rq_cpu1=0 rq_cpu2=0 rq_cpu3=0 rq_cpu4=0 rq_cpu5=0 rq_cpu6=0 rq_cpu7=0 cur_cpu0=0 cur_cpu1=4 cur_cpu2=13 cur_cpu3=6 cur_cpu4=7 cur_cpu5=8 cur_cpu6=9 cur_cpu7=3 total_threads=16 blocked_threads=6 sched_lock=ok procmgr_lock=ok gpu_pci_lock=ok
[gpu-pci-lock-attrib] max_hold_ms=6 max_hold_holder_tid=-1
[wake-attrib] schedule=113 unblock=0 isr_unblock=1052 wake_io=1053 signal=0 child=0 timer=5
[enqueue-attrib] same_lock=7 deferred=143 isr_buf=1052 deferred_drained=113 isr_buf_drained=1021 already_queued=6 isr_buf_full=0
[freeze-watch] uptime_ms=2244 submits=317 completes=320 fails=0 last_completion_ms=2241 fps_last_5s=162 cpu=5 tid=3 ctx_switches=3282 timer_ticks_cpu0=577 timer_ticks_cpu1=756 timer_ticks_cpu2=748 timer_ticks_cpu3=746 timer_ticks_cpu4=733 timer_ticks_cpu5=745 timer_ticks_cpu6=749 timer_ticks_cpu7=754 rq_total=0 rq_cpu0=0 rq_cpu1=0 rq_cpu2=0 rq_cpu3=0 rq_cpu4=0 rq_cpu5=0 rq_cpu6=0 rq_cpu7=0 cur_cpu0=0 cur_cpu1=4 cur_cpu2=13 cur_cpu3=6 cur_cpu4=7 cur_cpu5=3 cur_cpu6=9 cur_cpu7=10 total_threads=16 blocked_threads=6 sched_lock=ok procmgr_lock=ok gpu_pci_lock=ok
[heartbeat] tid=12 uptime_ms=2258
[bwm-fps] frames_since_last=108 elapsed_ms=1004 instantaneous_fps=107
[freeze-watch] uptime_ms=2746 submits=542 completes=545 fails=0 last_completion_ms=2744 fps_last_5s=149 cpu=3 tid=0 ctx_switches=4228 timer_ticks_cpu0=892 timer_ticks_cpu1=1146 timer_ticks_cpu2=1131 timer_ticks_cpu3=1125 timer_ticks_cpu4=1106 timer_ticks_cpu5=1121 timer_ticks_cpu6=1128 timer_ticks_cpu7=1130 rq_total=0 rq_cpu0=0 rq_cpu1=0 rq_cpu2=0 rq_cpu3=0 rq_cpu4=0 rq_cpu5=0 rq_cpu6=0 rq_cpu7=0 cur_cpu0=0 cur_cpu1=0 cur_cpu2=0 cur_cpu3=0 cur_cpu4=0 cur_cpu5=0 cur_cpu6=0 cur_cpu7=0 total_threads=0 blocked_threads=0 sched_lock=busy procmgr_lock=ok gpu_pci_lock=ok
[freeze-watch] uptime_ms=3249 submits=776 completes=779 fails=0 last_completion_ms=3248 fps_last_5s=155 cpu=1 tid=0 ctx_switches=5209 timer_ticks_cpu0=1209 timer_ticks_cpu1=1537 timer_ticks_cpu2=1515 timer_ticks_cpu3=1497 timer_ticks_cpu4=1477 timer_ticks_cpu5=1494 timer_ticks_cpu6=1515 timer_ticks_cpu7=1515 rq_total=0 rq_cpu0=0 rq_cpu1=0 rq_cpu2=0 rq_cpu3=0 rq_cpu4=0 rq_cpu5=0 rq_cpu6=0 rq_cpu7=0 cur_cpu0=0 cur_cpu1=0 cur_cpu2=0 cur_cpu3=0 cur_cpu4=0 cur_cpu5=0 cur_cpu6=0 cur_cpu7=0 total_threads=0 blocked_threads=0 sched_lock=busy procmgr_lock=ok gpu_pci_lock=ok
[heartbeat] tid=12 uptime_ms=3258
[bwm-fps] frames_since_last=151 elapsed_ms=1001 instantaneous_fps=150
[freeze-watch] uptime_ms=3752 submits=1010 completes=1013 fails=0 last_completion_ms=3748 fps_last_5s=155 cpu=7 tid=3 ctx_switches=6171 timer_ticks_cpu0=1525 timer_ticks_cpu1=1933 timer_ticks_cpu2=1903 timer_ticks_cpu3=1875 timer_ticks_cpu4=1846 timer_ticks_cpu5=1870 timer_ticks_cpu6=1898 timer_ticks_cpu7=1896 rq_total=0 rq_cpu0=0 rq_cpu1=0 rq_cpu2=0 rq_cpu3=0 rq_cpu4=0 rq_cpu5=0 rq_cpu6=0 rq_cpu7=0 cur_cpu0=0 cur_cpu1=13 cur_cpu2=5 cur_cpu3=6 cur_cpu4=7 cur_cpu5=8 cur_cpu6=9 cur_cpu7=3 total_threads=16 blocked_threads=6 sched_lock=ok procmgr_lock=ok gpu_pci_lock=ok
[freeze-watch] uptime_ms=4255 submits=1214 completes=1217 fails=0 last_completion_ms=4254 fps_last_5s=135 cpu=2 tid=3 ctx_switches=7070 timer_ticks_cpu0=1833 timer_ticks_cpu1=2303 timer_ticks_cpu2=2273 timer_ticks_cpu3=2240 timer_ticks_cpu4=2207 timer_ticks_cpu5=2230 timer_ticks_cpu6=2267 timer_ticks_cpu7=2258 rq_total=0 rq_cpu0=0 rq_cpu1=0 rq_cpu2=0 rq_cpu3=0 rq_cpu4=0 rq_cpu5=0 rq_cpu6=0 rq_cpu7=0 cur_cpu0=0 cur_cpu1=4 cur_cpu2=3 cur_cpu3=6 cur_cpu4=7 cur_cpu5=8 cur_cpu6=9 cur_cpu7=10 total_threads=16 blocked_threads=6 sched_lock=ok procmgr_lock=ok gpu_pci_lock=ok
[heartbeat] tid=12 uptime_ms=4261
[bwm-fps] frames_since_last=146 elapsed_ms=1013 instantaneous_fps=144
[freeze-watch] uptime_ms=4758 submits=1439 completes=1442 fails=0 last_completion_ms=4756 fps_last_5s=149 cpu=7 tid=3 ctx_switches=8024 timer_ticks_cpu0=2142 timer_ticks_cpu1=2688 timer_ticks_cpu2=2644 timer_ticks_cpu3=2610 timer_ticks_cpu4=2576 timer_ticks_cpu5=2600 timer_ticks_cpu6=2638 timer_ticks_cpu7=2630 rq_total=0 rq_cpu0=0 rq_cpu1=0 rq_cpu2=0 rq_cpu3=0 rq_cpu4=0 rq_cpu5=0 rq_cpu6=0 rq_cpu7=0 cur_cpu0=0 cur_cpu1=13 cur_cpu2=5 cur_cpu3=6 cur_cpu4=7 cur_cpu5=8 cur_cpu6=9 cur_cpu7=3 total_threads=16 blocked_threads=6 sched_lock=ok procmgr_lock=ok gpu_pci_lock=ok
[virgl-composite] Frame #500: 1280x960 → 1280x960 display (first1k: 1000 nonzero, first=0x0014161e)
[freeze-watch] uptime_ms=5261 submits=1664 completes=1666 fails=0 last_completion_ms=5260 fps_last_5s=147 cpu=4 tid=3 ctx_switches=8961 timer_ticks_cpu0=2455 timer_ticks_cpu1=3075 timer_ticks_cpu2=3021 timer_ticks_cpu3=2976 timer_ticks_cpu4=2940 timer_ticks_cpu5=2971 timer_ticks_cpu6=3012 timer_ticks_cpu7=3005 rq_total=0 rq_cpu0=0 rq_cpu1=0 rq_cpu2=0 rq_cpu3=0 rq_cpu4=0 rq_cpu5=0 rq_cpu6=0 rq_cpu7=0 cur_cpu0=0 cur_cpu1=4 cur_cpu2=5 cur_cpu3=6 cur_cpu4=3 cur_cpu5=8 cur_cpu6=9 cur_cpu7=10 total_threads=16 blocked_threads=7 sched_lock=ok procmgr_lock=ok gpu_pci_lock=busy
[heartbeat] tid=12 uptime_ms=5262
[bwm-fps] frames_since_last=151 elapsed_ms=1005 instantaneous_fps=150
[freeze-watch] uptime_ms=5764 submits=1881 completes=1883 fails=0 last_completion_ms=5759 fps_last_5s=145 cpu=2 tid=3 ctx_switches=9908 timer_ticks_cpu0=2761 timer_ticks_cpu1=3465 timer_ticks_cpu2=3409 timer_ticks_cpu3=3348 timer_ticks_cpu4=3307 timer_ticks_cpu5=3337 timer_ticks_cpu6=3389 timer_ticks_cpu7=3383 rq_total=0 rq_cpu0=0 rq_cpu1=0 rq_cpu2=0 rq_cpu3=0 rq_cpu4=0 rq_cpu5=0 rq_cpu6=0 rq_cpu7=0 cur_cpu0=0 cur_cpu1=4 cur_cpu2=3 cur_cpu3=6 cur_cpu4=7 cur_cpu5=8 cur_cpu6=9 cur_cpu7=10 total_threads=16 blocked_threads=7 sched_lock=ok procmgr_lock=ok gpu_pci_lock=busy
[heartbeat] tid=12 uptime_ms=6264
[freeze-watch] uptime_ms=6267 submits=2106 completes=2108 fails=0 last_completion_ms=6262 fps_last_5s=149 cpu=2 tid=3 ctx_switches=10857 timer_ticks_cpu0=3074 timer_ticks_cpu1=3855 timer_ticks_cpu2=3787 timer_ticks_cpu3=3717 timer_ticks_cpu4=3678 timer_ticks_cpu5=3703 timer_ticks_cpu6=3760 timer_ticks_cpu7=3761 rq_total=0 rq_cpu0=0 rq_cpu1=0 rq_cpu2=0 rq_cpu3=0 rq_cpu4=0 rq_cpu5=0 rq_cpu6=0 rq_cpu7=0 cur_cpu0=0 cur_cpu1=4 cur_cpu2=3 cur_cpu3=6 cur_cpu4=7 cur_cpu5=8 cur_cpu6=9 cur_cpu7=10 total_threads=16 blocked_threads=7 sched_lock=ok procmgr_lock=ok gpu_pci_lock=busy
[bwm-fps] frames_since_last=147 elapsed_ms=1005 instantaneous_fps=146
[freeze-watch] uptime_ms=6776 submits=2315 completes=2318 fails=0 last_completion_ms=6773 fps_last_5s=137 cpu=0 tid=0 ctx_switches=11748 timer_ticks_cpu0=3395 timer_ticks_cpu1=4248 timer_ticks_cpu2=4171 timer_ticks_cpu3=4091 timer_ticks_cpu4=4057 timer_ticks_cpu5=4076 timer_ticks_cpu6=4144 timer_ticks_cpu7=4145 rq_total=0 rq_cpu0=0 rq_cpu1=0 rq_cpu2=0 rq_cpu3=0 rq_cpu4=0 rq_cpu5=0 rq_cpu6=0 rq_cpu7=0 cur_cpu0=0 cur_cpu1=0 cur_cpu2=0 cur_cpu3=0 cur_cpu4=0 cur_cpu5=0 cur_cpu6=0 cur_cpu7=0 total_threads=0 blocked_threads=0 sched_lock=busy procmgr_lock=ok gpu_pci_lock=ok
[heartbeat] tid=12 uptime_ms=7264
[freeze-watch] uptime_ms=7279 submits=2532 completes=2534 fails=0 last_completion_ms=7275 fps_last_5s=143 cpu=2 tid=3 ctx_switches=12773 timer_ticks_cpu0=3715 timer_ticks_cpu1=4629 timer_ticks_cpu2=4558 timer_ticks_cpu3=4469 timer_ticks_cpu4=4431 timer_ticks_cpu5=4452 timer_ticks_cpu6=4524 timer_ticks_cpu7=4528 rq_total=0 rq_cpu0=0 rq_cpu1=0 rq_cpu2=0 rq_cpu3=0 rq_cpu4=0 rq_cpu5=0 rq_cpu6=0 rq_cpu7=0 cur_cpu0=0 cur_cpu1=4 cur_cpu2=3 cur_cpu3=6 cur_cpu4=7 cur_cpu5=8 cur_cpu6=9 cur_cpu7=10 total_threads=16 blocked_threads=7 sched_lock=ok procmgr_lock=ok gpu_pci_lock=busy
[bwm-fps] frames_since_last=142 elapsed_ms=1001 instantaneous_fps=141
[freeze-watch] uptime_ms=7782 submits=2750 completes=2753 fails=0 last_completion_ms=7778 fps_last_5s=145 cpu=7 tid=3 ctx_switches=13755 timer_ticks_cpu0=4034 timer_ticks_cpu1=5011 timer_ticks_cpu2=4938 timer_ticks_cpu3=4847 timer_ticks_cpu4=4803 timer_ticks_cpu5=4824 timer_ticks_cpu6=4893 timer_ticks_cpu7=4905 rq_total=0 rq_cpu0=0 rq_cpu1=0 rq_cpu2=0 rq_cpu3=0 rq_cpu4=0 rq_cpu5=0 rq_cpu6=0 rq_cpu7=0 cur_cpu0=0 cur_cpu1=13 cur_cpu2=5 cur_cpu3=6 cur_cpu4=7 cur_cpu5=8 cur_cpu6=9 cur_cpu7=3 total_threads=16 blocked_threads=6 sched_lock=ok procmgr_lock=ok gpu_pci_lock=ok
[heartbeat] tid=12 uptime_ms=8264
[freeze-watch] uptime_ms=8285 submits=2998 completes=3000 fails=0 last_completion_ms=8285 fps_last_5s=163 cpu=1 tid=0 ctx_switches=14804 timer_ticks_cpu0=4347 timer_ticks_cpu1=5402 timer_ticks_cpu2=5323 timer_ticks_cpu3=5224 timer_ticks_cpu4=5177 timer_ticks_cpu5=5203 timer_ticks_cpu6=5274 timer_ticks_cpu7=5281 rq_total=0 rq_cpu0=0 rq_cpu1=0 rq_cpu2=0 rq_cpu3=0 rq_cpu4=0 rq_cpu5=0 rq_cpu6=0 rq_cpu7=0 cur_cpu0=0 cur_cpu1=0 cur_cpu2=0 cur_cpu3=0 cur_cpu4=0 cur_cpu5=0 cur_cpu6=0 cur_cpu7=0 total_threads=0 blocked_threads=0 sched_lock=busy procmgr_lock=ok gpu_pci_lock=busy
[bwm-fps] frames_since_last=154 elapsed_ms=1005 instantaneous_fps=153
[virgl-composite] Frame #1000: 1280x960 → 1280x960 display (first1k: 1000 nonzero, first=0x0014161e)
[freeze-watch] uptime_ms=8788 submits=3218 completes=3221 fails=0 last_completion_ms=8786 fps_last_5s=147 cpu=5 tid=3 ctx_switches=15786 timer_ticks_cpu0=4674 timer_ticks_cpu1=5790 timer_ticks_cpu2=5703 timer_ticks_cpu3=5601 timer_ticks_cpu4=5550 timer_ticks_cpu5=5576 timer_ticks_cpu6=5652 timer_ticks_cpu7=5661 rq_total=0 rq_cpu0=0 rq_cpu1=0 rq_cpu2=0 rq_cpu3=0 rq_cpu4=0 rq_cpu5=0 rq_cpu6=0 rq_cpu7=0 cur_cpu0=0 cur_cpu1=13 cur_cpu2=5 cur_cpu3=6 cur_cpu4=7 cur_cpu5=3 cur_cpu6=9 cur_cpu7=10 total_threads=16 blocked_threads=6 sched_lock=ok procmgr_lock=ok gpu_pci_lock=ok
[heartbeat] tid=12 uptime_ms=9265
[freeze-watch] uptime_ms=9291 submits=3469 completes=3471 fails=0 last_completion_ms=9291 fps_last_5s=165 cpu=1 tid=3 ctx_switches=16874 timer_ticks_cpu0=4985 timer_ticks_cpu1=6177 timer_ticks_cpu2=6094 timer_ticks_cpu3=5983 timer_ticks_cpu4=5919 timer_ticks_cpu5=5949 timer_ticks_cpu6=6036 timer_ticks_cpu7=6044 rq_total=0 rq_cpu0=0 rq_cpu1=0 rq_cpu2=0 rq_cpu3=0 rq_cpu4=0 rq_cpu5=0 rq_cpu6=0 rq_cpu7=0 cur_cpu0=13 cur_cpu1=3 cur_cpu2=5 cur_cpu3=6 cur_cpu4=7 cur_cpu5=8 cur_cpu6=9 cur_cpu7=10 total_threads=16 blocked_threads=6 sched_lock=ok procmgr_lock=ok gpu_pci_lock=busy
[timer] cpu0 ticks=5000
[bwm-fps] frames_since_last=164 elapsed_ms=1001 instantaneous_fps=163
[freeze-watch] uptime_ms=9795 submits=3720 completes=3722 fails=0 last_completion_ms=9791 fps_last_5s=166 cpu=1 tid=3 ctx_switches=17964 timer_ticks_cpu0=5294 timer_ticks_cpu1=6571 timer_ticks_cpu2=6476 timer_ticks_cpu3=6362 timer_ticks_cpu4=6290 timer_ticks_cpu5=6331 timer_ticks_cpu6=6418 timer_ticks_cpu7=6426 rq_total=0 rq_cpu0=0 rq_cpu1=0 rq_cpu2=0 rq_cpu3=0 rq_cpu4=0 rq_cpu5=0 rq_cpu6=0 rq_cpu7=0 cur_cpu0=0 cur_cpu1=3 cur_cpu2=5 cur_cpu3=6 cur_cpu4=7 cur_cpu5=8 cur_cpu6=9 cur_cpu7=10 total_threads=16 blocked_threads=7 sched_lock=ok procmgr_lock=ok gpu_pci_lock=busy
[heartbeat] tid=12 uptime_ms=10265
[freeze-watch] uptime_ms=10297 submits=3957 completes=3959 fails=0 last_completion_ms=10292 fps_last_5s=157 cpu=1 tid=3 ctx_switches=18987 timer_ticks_cpu0=5598 timer_ticks_cpu1=6958 timer_ticks_cpu2=6863 timer_ticks_cpu3=6736 timer_ticks_cpu4=6664 timer_ticks_cpu5=6705 timer_ticks_cpu6=6800 timer_ticks_cpu7=6802 rq_total=0 rq_cpu0=0 rq_cpu1=0 rq_cpu2=0 rq_cpu3=0 rq_cpu4=0 rq_cpu5=0 rq_cpu6=0 rq_cpu7=0 cur_cpu0=0 cur_cpu1=3 cur_cpu2=5 cur_cpu3=6 cur_cpu4=7 cur_cpu5=8 cur_cpu6=9 cur_cpu7=10 total_threads=16 blocked_threads=7 sched_lock=ok procmgr_lock=ok gpu_pci_lock=busy
[bwm-fps] frames_since_last=158 elapsed_ms=1006 instantaneous_fps=157
[heartbeat] tid=12 uptime_ms=11266
[bwm-fps] frames_since_last=146 elapsed_ms=1002 instantaneous_fps=145
[virgl-composite] Frame #1500: 1280x960 → 1280x960 display (first1k: 1000 nonzero, first=0x0014161e)
[heartbeat] tid=12 uptime_ms=12269
[bwm-fps] frames_since_last=145 elapsed_ms=1008 instantaneous_fps=143
[heartbeat] tid=12 uptime_ms=13269
[bwm-fps] frames_since_last=156 elapsed_ms=1001 instantaneous_fps=155
[heartbeat] tid=12 uptime_ms=14270
[bwm-fps] frames_since_last=144 elapsed_ms=1002 instantaneous_fps=143
[virgl-composite] Frame #2000: 1280x960 → 1280x960 display (first1k: 1000 nonzero, first=0x0014161e)
[heartbeat] tid=12 uptime_ms=15270
[freeze-watch] uptime_ms=15299 submits=6166 completes=6168 fails=0 last_completion_ms=15299 fps_last_5s=147 cpu=1 tid=0 ctx_switches=29018 timer_ticks_cpu0=8723 timer_ticks_cpu1=10805 timer_ticks_cpu2=10678 timer_ticks_cpu3=10473 timer_ticks_cpu4=10360 timer_ticks_cpu5=10426 timer_ticks_cpu6=10568 timer_ticks_cpu7=10600 rq_total=0 rq_cpu0=0 rq_cpu1=0 rq_cpu2=0 rq_cpu3=0 rq_cpu4=0 rq_cpu5=0 rq_cpu6=0 rq_cpu7=0 cur_cpu0=0 cur_cpu1=0 cur_cpu2=0 cur_cpu3=0 cur_cpu4=0 cur_cpu5=0 cur_cpu6=0 cur_cpu7=0 total_threads=0 blocked_threads=0 sched_lock=busy procmgr_lock=ok gpu_pci_lock=busy
[bwm-fps] frames_since_last=142 elapsed_ms=1000 instantaneous_fps=142
[heartbeat] tid=12 uptime_ms=16270
[bwm-fps] frames_since_last=150 elapsed_ms=1003 instantaneous_fps=149
[heartbeat] tid=12 uptime_ms=17270
[timer] cpu0 ticks=10000
[bwm-fps] frames_since_last=148 elapsed_ms=1001 instantaneous_fps=147
[heartbeat] tid=12 uptime_ms=18278
[bwm-fps] frames_since_last=142 elapsed_ms=1004 instantaneous_fps=141
[virgl-composite] Frame #2500: 1280x960 → 1280x960 display (first1k: 1000 nonzero, first=0x0014161e)
[heartbeat] tid=12 uptime_ms=19279
[bwm-fps] frames_since_last=144 elapsed_ms=1000 instantaneous_fps=144
[heartbeat] tid=12 uptime_ms=20279
[freeze-watch] uptime_ms=20302 submits=8382 completes=8384 fails=0 last_completion_ms=20296 fps_last_5s=147 cpu=3 tid=0 ctx_switches=38872 timer_ticks_cpu0=11877 timer_ticks_cpu1=14691 timer_ticks_cpu2=14489 timer_ticks_cpu3=14207 timer_ticks_cpu4=14050 timer_ticks_cpu5=14154 timer_ticks_cpu6=14328 timer_ticks_cpu7=14382 rq_total=0 rq_cpu0=0 rq_cpu1=0 rq_cpu2=0 rq_cpu3=0 rq_cpu4=0 rq_cpu5=0 rq_cpu6=0 rq_cpu7=0 cur_cpu0=0 cur_cpu1=0 cur_cpu2=0 cur_cpu3=0 cur_cpu4=0 cur_cpu5=0 cur_cpu6=0 cur_cpu7=0 total_threads=0 blocked_threads=0 sched_lock=busy procmgr_lock=ok gpu_pci_lock=busy
[bwm-fps] frames_since_last=162 elapsed_ms=1000 instantaneous_fps=162
[heartbeat] tid=12 uptime_ms=21280
[bwm-fps] frames_since_last=137 elapsed_ms=1001 instantaneous_fps=136
[virgl-composite] Frame #3000: 1280x960 → 1280x960 display (first1k: 1000 nonzero, first=0x0014161e)
[heartbeat] tid=12 uptime_ms=22281
[bwm-fps] frames_since_last=135 elapsed_ms=1004 instantaneous_fps=134
[heartbeat] tid=12 uptime_ms=23282
[bwm-fps] frames_since_last=153 elapsed_ms=1005 instantaneous_fps=152
[heartbeat] tid=12 uptime_ms=24284
[bwm-fps] frames_since_last=137 elapsed_ms=1001 instantaneous_fps=136
[timer] cpu0 ticks=15000
[heartbeat] tid=12 uptime_ms=25285
[freeze-watch] uptime_ms=25305 submits=10487 completes=10490 fails=0 last_completion_ms=25304 fps_last_5s=140 cpu=1 tid=3 ctx_switches=48404 timer_ticks_cpu0=15071 timer_ticks_cpu1=18549 timer_ticks_cpu2=18313 timer_ticks_cpu3=17935 timer_ticks_cpu4=17747 timer_ticks_cpu5=17853 timer_ticks_cpu6=18078 timer_ticks_cpu7=18159 rq_total=0 rq_cpu0=0 rq_cpu1=0 rq_cpu2=0 rq_cpu3=0 rq_cpu4=0 rq_cpu5=0 rq_cpu6=0 rq_cpu7=0 cur_cpu0=0 cur_cpu1=3 cur_cpu2=5 cur_cpu3=6 cur_cpu4=7 cur_cpu5=8 cur_cpu6=9 cur_cpu7=10 total_threads=16 blocked_threads=6 sched_lock=ok procmgr_lock=ok gpu_pci_lock=ok
[bwm-fps] frames_since_last=135 elapsed_ms=1006 instantaneous_fps=134
[virgl-composite] Frame #3500: 1280x960 → 1280x960 display (first1k: 1000 nonzero, first=0x0014161e)
[heartbeat] tid=12 uptime_ms=26286
[bwm-fps] frames_since_last=152 elapsed_ms=1002 instantaneous_fps=151
[heartbeat] tid=12 uptime_ms=27286
[bwm-fps] frames_since_last=131 elapsed_ms=1002 instantaneous_fps=130
[heartbeat] tid=12 uptime_ms=28287
[bwm-fps] frames_since_last=146 elapsed_ms=1000 instantaneous_fps=146
[virgl-composite] Frame #4000: 1280x960 → 1280x960 display (first1k: 1000 nonzero, first=0x0014161e)
[heartbeat] tid=12 uptime_ms=29287
[bwm-fps] frames_since_last=144 elapsed_ms=1003 instantaneous_fps=143
[heartbeat] tid=12 uptime_ms=30289
[freeze-watch] uptime_ms=30308 submits=12656 completes=12659 fails=0 last_completion_ms=30306 fps_last_5s=144 cpu=5 tid=3 ctx_switches=58191 timer_ticks_cpu0=18221 timer_ticks_cpu1=22431 timer_ticks_cpu2=22132 timer_ticks_cpu3=21664 timer_ticks_cpu4=21448 timer_ticks_cpu5=21588 timer_ticks_cpu6=21833 timer_ticks_cpu7=21921 rq_total=0 rq_cpu0=0 rq_cpu1=0 rq_cpu2=0 rq_cpu3=0 rq_cpu4=0 rq_cpu5=0 rq_cpu6=0 rq_cpu7=0 cur_cpu0=0 cur_cpu1=4 cur_cpu2=5 cur_cpu3=6 cur_cpu4=7 cur_cpu5=3 cur_cpu6=9 cur_cpu7=10 total_threads=16 blocked_threads=6 sched_lock=ok procmgr_lock=ok gpu_pci_lock=ok
[bwm-fps] frames_since_last=155 elapsed_ms=1003 instantaneous_fps=154
[heartbeat] tid=12 uptime_ms=31289
[bwm-fps] frames_since_last=152 elapsed_ms=1002 instantaneous_fps=151
[heartbeat] tid=12 uptime_ms=32289
[virgl-composite] Frame #4500: 1280x960 → 1280x960 display (first1k: 1000 nonzero, first=0x0014161e)
[bwm-fps] frames_since_last=142 elapsed_ms=1002 instantaneous_fps=141
[timer] cpu0 ticks=20000
[heartbeat] tid=12 uptime_ms=33289
[bwm-fps] frames_since_last=154 elapsed_ms=1004 instantaneous_fps=153
[heartbeat] tid=12 uptime_ms=34290
[bwm-fps] frames_since_last=160 elapsed_ms=1005 instantaneous_fps=159
[heartbeat] tid=12 uptime_ms=35290
[freeze-watch] uptime_ms=35311 submits=14921 completes=14924 fails=0 last_completion_ms=35311 fps_last_5s=150 cpu=3 tid=3 ctx_switches=68046 timer_ticks_cpu0=21380 timer_ticks_cpu1=26322 timer_ticks_cpu2=25980 timer_ticks_cpu3=25387 timer_ticks_cpu4=25133 timer_ticks_cpu5=25308 timer_ticks_cpu6=25608 timer_ticks_cpu7=25709 rq_total=1 rq_cpu0=1 rq_cpu1=0 rq_cpu2=0 rq_cpu3=0 rq_cpu4=0 rq_cpu5=0 rq_cpu6=0 rq_cpu7=0 cur_cpu0=13 cur_cpu1=4 cur_cpu2=5 cur_cpu3=3 cur_cpu4=7 cur_cpu5=8 cur_cpu6=9 cur_cpu7=10 total_threads=16 blocked_threads=5 sched_lock=ok procmgr_lock=ok gpu_pci_lock=ok
[gpu-pci-lock-attrib] max_hold_ms=11 max_hold_holder_tid=13
[wake-attrib] schedule=13469 unblock=0 isr_unblock=15797 wake_io=21770 signal=0 child=0 timer=1686
[enqueue-attrib] same_lock=7717 deferred=15046 isr_buf=15797 deferred_drained=13991 isr_buf_drained=14162 already_queued=1567 isr_buf_full=0
[bwm-fps] frames_since_last=147 elapsed_ms=1001 instantaneous_fps=146
[virgl-composite] Frame #5000: 1280x960 → 1280x960 display (first1k: 1000 nonzero, first=0x0014161e)
[heartbeat] tid=12 uptime_ms=36292
[bwm-fps] frames_since_last=134 elapsed_ms=1001 instantaneous_fps=133
[heartbeat] tid=12 uptime_ms=37293
[bwm-fps] frames_since_last=144 elapsed_ms=1002 instantaneous_fps=143
[heartbeat] tid=12 uptime_ms=38294
[bwm-fps] frames_since_last=150 elapsed_ms=1005 instantaneous_fps=149
[virgl-composite] Frame #5500: 1280x960 → 1280x960 display (first1k: 1000 nonzero, first=0x0014161e)
[heartbeat] tid=12 uptime_ms=39294
[bwm-fps] frames_since_last=158 elapsed_ms=1004 instantaneous_fps=157
[heartbeat] tid=12 uptime_ms=40295
[freeze-watch] uptime_ms=40316 submits=17156 completes=17159 fails=0 last_completion_ms=40313 fps_last_5s=148 cpu=5 tid=0 ctx_switches=78077 timer_ticks_cpu0=24550 timer_ticks_cpu1=30212 timer_ticks_cpu2=29822 timer_ticks_cpu3=29149 timer_ticks_cpu4=28859 timer_ticks_cpu5=29037 timer_ticks_cpu6=29412 timer_ticks_cpu7=29499 rq_total=0 rq_cpu0=0 rq_cpu1=0 rq_cpu2=0 rq_cpu3=0 rq_cpu4=0 rq_cpu5=0 rq_cpu6=0 rq_cpu7=0 cur_cpu0=0 cur_cpu1=0 cur_cpu2=0 cur_cpu3=0 cur_cpu4=0 cur_cpu5=0 cur_cpu6=0 cur_cpu7=0 total_threads=0 blocked_threads=0 sched_lock=busy procmgr_lock=ok gpu_pci_lock=ok
[bwm-fps] frames_since_last=165 elapsed_ms=1001 instantaneous_fps=164
[timer] cpu0 ticks=25000
[heartbeat] tid=12 uptime_ms=41296
[bwm-fps] frames_since_last=160 elapsed_ms=1000 instantaneous_fps=160
[virgl-composite] Frame #6000: 1280x960 → 1280x960 display (first1k: 1000 nonzero, first=0x0014161e)
[heartbeat] tid=12 uptime_ms=42297
[bwm-fps] frames_since_last=147 elapsed_ms=1005 instantaneous_fps=146
[heartbeat] tid=12 uptime_ms=43298
[bwm-fps] frames_since_last=143 elapsed_ms=1006 instantaneous_fps=142
[heartbeat] tid=12 uptime_ms=44298
[bwm-fps] frames_since_last=148 elapsed_ms=1002 instantaneous_fps=147
[heartbeat] tid=12 uptime_ms=45299
[freeze-watch] uptime_ms=45319 submits=19403 completes=19406 fails=0 last_completion_ms=45315 fps_last_5s=149 cpu=6 tid=3 ctx_switches=88076 timer_ticks_cpu0=27705 timer_ticks_cpu1=34113 timer_ticks_cpu2=33664 timer_ticks_cpu3=32900 timer_ticks_cpu4=32555 timer_ticks_cpu5=32783 timer_ticks_cpu6=33206 timer_ticks_cpu7=33303 rq_total=0 rq_cpu0=0 rq_cpu1=0 rq_cpu2=0 rq_cpu3=0 rq_cpu4=0 rq_cpu5=0 rq_cpu6=0 rq_cpu7=0 cur_cpu0=0 cur_cpu1=4 cur_cpu2=5 cur_cpu3=6 cur_cpu4=13 cur_cpu5=8 cur_cpu6=3 cur_cpu7=10 total_threads=16 blocked_threads=6 sched_lock=ok procmgr_lock=ok gpu_pci_lock=ok
[bwm-fps] frames_since_last=149 elapsed_ms=1002 instantaneous_fps=148
[virgl-composite] Frame #6500: 1280x960 → 1280x960 display (first1k: 1000 nonzero, first=0x0014161e)
[heartbeat] tid=12 uptime_ms=46300
[bwm-fps] frames_since_last=131 elapsed_ms=1001 instantaneous_fps=130
[heartbeat] tid=12 uptime_ms=47301
[bwm-fps] frames_since_last=155 elapsed_ms=1004 instantaneous_fps=154
[heartbeat] tid=12 uptime_ms=48302
[bwm-fps] frames_since_last=143 elapsed_ms=1005 instantaneous_fps=142
[timer] cpu0 ticks=30000
[virgl-composite] Frame #7000: 1280x960 → 1280x960 display (first1k: 1000 nonzero, first=0x0014161e)
[heartbeat] tid=12 uptime_ms=49302
[bwm-fps] frames_since_last=147 elapsed_ms=1005 instantaneous_fps=146
[heartbeat] tid=12 uptime_ms=50302
[freeze-watch] uptime_ms=50322 submits=21615 completes=21617 fails=0 last_completion_ms=50318 fps_last_5s=147 cpu=0 tid=3 ctx_switches=98108 timer_ticks_cpu0=30838 timer_ticks_cpu1=37986 timer_ticks_cpu2=37454 timer_ticks_cpu3=36637 timer_ticks_cpu4=36239 timer_ticks_cpu5=36493 timer_ticks_cpu6=36961 timer_ticks_cpu7=37063 rq_total=1 rq_cpu0=1 rq_cpu1=0 rq_cpu2=0 rq_cpu3=0 rq_cpu4=0 rq_cpu5=0 rq_cpu6=0 rq_cpu7=0 cur_cpu0=3 cur_cpu1=4 cur_cpu2=5 cur_cpu3=6 cur_cpu4=7 cur_cpu5=8 cur_cpu6=9 cur_cpu7=10 total_threads=16 blocked_threads=6 sched_lock=ok procmgr_lock=ok gpu_pci_lock=busy
[bwm-fps] frames_since_last=163 elapsed_ms=1006 instantaneous_fps=162
[heartbeat] tid=12 uptime_ms=51303
[bwm-fps] frames_since_last=169 elapsed_ms=1008 instantaneous_fps=167
[heartbeat] tid=12 uptime_ms=52303
[virgl-composite] Frame #7500: 1280x960 → 1280x960 display (first1k: 1000 nonzero, first=0x0014161e)
[bwm-fps] frames_since_last=133 elapsed_ms=1003 instantaneous_fps=132
[heartbeat] tid=12 uptime_ms=53304
[bwm-fps] frames_since_last=139 elapsed_ms=1005 instantaneous_fps=138
[heartbeat] tid=12 uptime_ms=54304
[bwm-fps] frames_since_last=132 elapsed_ms=1001 instantaneous_fps=131
[heartbeat] tid=12 uptime_ms=55305
[freeze-watch] uptime_ms=55324 submits=23726 completes=23729 fails=0 last_completion_ms=55321 fps_last_5s=140 cpu=5 tid=3 ctx_switches=107717 timer_ticks_cpu0=34037 timer_ticks_cpu1=41827 timer_ticks_cpu2=41266 timer_ticks_cpu3=40374 timer_ticks_cpu4=39936 timer_ticks_cpu5=40192 timer_ticks_cpu6=40711 timer_ticks_cpu7=40823 rq_total=0 rq_cpu0=0 rq_cpu1=0 rq_cpu2=0 rq_cpu3=0 rq_cpu4=0 rq_cpu5=0 rq_cpu6=0 rq_cpu7=0 cur_cpu0=13 cur_cpu1=4 cur_cpu2=5 cur_cpu3=6 cur_cpu4=7 cur_cpu5=3 cur_cpu6=9 cur_cpu7=10 total_threads=16 blocked_threads=6 sched_lock=ok procmgr_lock=ok gpu_pci_lock=ok
[bwm-fps] frames_since_last=134 elapsed_ms=1001 instantaneous_fps=133
[virgl-composite] Frame #8000: 1280x960 → 1280x960 display (first1k: 1000 nonzero, first=0x0014161e)
[heartbeat] tid=12 uptime_ms=56305
[bwm-fps] frames_since_last=146 elapsed_ms=1005 instantaneous_fps=145
[timer] cpu0 ticks=35000
[heartbeat] tid=12 uptime_ms=57306
[bwm-fps] frames_since_last=144 elapsed_ms=1005 instantaneous_fps=143
[heartbeat] tid=12 uptime_ms=58306
[bwm-fps] frames_since_last=153 elapsed_ms=1001 instantaneous_fps=152
[heartbeat] tid=12 uptime_ms=59307
[virgl-composite] Frame #8500: 1280x960 → 1280x960 display (first1k: 1000 nonzero, first=0x0014161e)
[bwm-fps] frames_since_last=144 elapsed_ms=1001 instantaneous_fps=143
[heartbeat] tid=12 uptime_ms=60307
[freeze-watch] uptime_ms=60328 submits=25934 completes=25937 fails=0 last_completion_ms=60322 fps_last_5s=147 cpu=4 tid=3 ctx_switches=117510 timer_ticks_cpu0=37198 timer_ticks_cpu1=45707 timer_ticks_cpu2=45065 timer_ticks_cpu3=44104 timer_ticks_cpu4=43623 timer_ticks_cpu5=43911 timer_ticks_cpu6=44477 timer_ticks_cpu7=44605 rq_total=0 rq_cpu0=0 rq_cpu1=0 rq_cpu2=0 rq_cpu3=0 rq_cpu4=0 rq_cpu5=0 rq_cpu6=0 rq_cpu7=0 cur_cpu0=13 cur_cpu1=4 cur_cpu2=5 cur_cpu3=6 cur_cpu4=3 cur_cpu5=8 cur_cpu6=9 cur_cpu7=10 total_threads=16 blocked_threads=6 sched_lock=ok procmgr_lock=ok gpu_pci_lock=ok
[bwm-fps] frames_since_last=152 elapsed_ms=1001 instantaneous_fps=151
[heartbeat] tid=12 uptime_ms=61308
[bwm-fps] frames_since_last=135 elapsed_ms=1005 instantaneous_fps=134
[heartbeat] tid=12 uptime_ms=62309
[bwm-fps] frames_since_last=157 elapsed_ms=1002 instantaneous_fps=156
[virgl-composite] Frame #9000: 1280x960 → 1280x960 display (first1k: 1000 nonzero, first=0x0014161e)
[heartbeat] tid=12 uptime_ms=63309
[bwm-fps] frames_since_last=147 elapsed_ms=1000 instantaneous_fps=147
[heartbeat] tid=12 uptime_ms=64310
[bwm-fps] frames_since_last=150 elapsed_ms=1005 instantaneous_fps=149
[timer] cpu0 ticks=40000
[heartbeat] tid=12 uptime_ms=65314
[freeze-watch] uptime_ms=65331 submits=28134 completes=28136 fails=0 last_completion_ms=65323 fps_last_5s=146 cpu=0 tid=3 ctx_switches=127461 timer_ticks_cpu0=40369 timer_ticks_cpu1=49593 timer_ticks_cpu2=48890 timer_ticks_cpu3=47850 timer_ticks_cpu4=47333 timer_ticks_cpu5=47653 timer_ticks_cpu6=48265 timer_ticks_cpu7=48387 rq_total=0 rq_cpu0=0 rq_cpu1=0 rq_cpu2=0 rq_cpu3=0 rq_cpu4=0 rq_cpu5=0 rq_cpu6=0 rq_cpu7=0 cur_cpu0=3 cur_cpu1=4 cur_cpu2=5 cur_cpu3=6 cur_cpu4=7 cur_cpu5=8 cur_cpu6=9 cur_cpu7=10 total_threads=16 blocked_threads=7 sched_lock=ok procmgr_lock=ok gpu_pci_lock=busy
[gpu-pci-lock-attrib] max_hold_ms=11 max_hold_holder_tid=13
[wake-attrib] schedule=25377 unblock=0 isr_unblock=28939 wake_io=40248 signal=0 child=0 timer=3490
[enqueue-attrib] same_lock=14772 deferred=28368 isr_buf=28939 deferred_drained=26438 isr_buf_drained=25975 already_queued=3226 isr_buf_full=0
[bwm-fps] frames_since_last=138 elapsed_ms=1008 instantaneous_fps=136
[heartbeat] tid=12 uptime_ms=66315
[virgl-composite] Frame #9500: 1280x960 → 1280x960 display (first1k: 1000 nonzero, first=0x0014161e)
[bwm-fps] frames_since_last=136 elapsed_ms=1008 instantaneous_fps=134
[heartbeat] tid=12 uptime_ms=67315
[bwm-fps] frames_since_last=161 elapsed_ms=1000 instantaneous_fps=161
[heartbeat] tid=12 uptime_ms=68315
[bwm-fps] frames_since_last=141 elapsed_ms=1002 instantaneous_fps=140
[heartbeat] tid=12 uptime_ms=69317
[bwm-fps] frames_since_last=162 elapsed_ms=1003 instantaneous_fps=161
[virgl-composite] Frame #10000: 1280x960 → 1280x960 display (first1k: 1000 nonzero, first=0x0014161e)
[heartbeat] tid=12 uptime_ms=70317
[freeze-watch] uptime_ms=70338 submits=30410 completes=30413 fails=0 last_completion_ms=70329 fps_last_5s=151 cpu=0 tid=3 ctx_switches=137597 timer_ticks_cpu0=43495 timer_ticks_cpu1=53451 timer_ticks_cpu2=52722 timer_ticks_cpu3=51583 timer_ticks_cpu4=51048 timer_ticks_cpu5=51395 timer_ticks_cpu6=52026 timer_ticks_cpu7=52177 rq_total=0 rq_cpu0=0 rq_cpu1=0 rq_cpu2=0 rq_cpu3=0 rq_cpu4=0 rq_cpu5=0 rq_cpu6=0 rq_cpu7=0 cur_cpu0=3 cur_cpu1=4 cur_cpu2=5 cur_cpu3=6 cur_cpu4=7 cur_cpu5=8 cur_cpu6=13 cur_cpu7=10 total_threads=16 blocked_threads=6 sched_lock=ok procmgr_lock=ok gpu_pci_lock=ok
[bwm-fps] frames_since_last=164 elapsed_ms=1003 instantaneous_fps=163
[heartbeat] tid=12 uptime_ms=71317
[bwm-fps] frames_since_last=154 elapsed_ms=1006 instantaneous_fps=153
[heartbeat] tid=12 uptime_ms=72318
[bwm-fps] frames_since_last=144 elapsed_ms=1001 instantaneous_fps=143
[timer] cpu0 ticks=45000
[virgl-composite] Frame #10500: 1280x960 → 1280x960 display (first1k: 1000 nonzero, first=0x0014161e)
[heartbeat] tid=12 uptime_ms=73320
[bwm-fps] frames_since_last=164 elapsed_ms=1005 instantaneous_fps=163
[heartbeat] tid=12 uptime_ms=74320
[bwm-fps] frames_since_last=138 elapsed_ms=1007 instantaneous_fps=137
[heartbeat] tid=12 uptime_ms=75320
[freeze-watch] uptime_ms=75342 submits=32647 completes=32650 fails=0 last_completion_ms=75342 fps_last_5s=148 cpu=1 tid=0 ctx_switches=147658 timer_ticks_cpu0=46654 timer_ticks_cpu1=57340 timer_ticks_cpu2=56520 timer_ticks_cpu3=55318 timer_ticks_cpu4=54760 timer_ticks_cpu5=55133 timer_ticks_cpu6=55807 timer_ticks_cpu7=55968 rq_total=0 rq_cpu0=0 rq_cpu1=0 rq_cpu2=0 rq_cpu3=0 rq_cpu4=0 rq_cpu5=0 rq_cpu6=0 rq_cpu7=0 cur_cpu0=0 cur_cpu1=0 cur_cpu2=0 cur_cpu3=0 cur_cpu4=0 cur_cpu5=0 cur_cpu6=0 cur_cpu7=0 total_threads=0 blocked_threads=0 sched_lock=busy procmgr_lock=ok gpu_pci_lock=busy
[bwm-fps] frames_since_last=141 elapsed_ms=1001 instantaneous_fps=140
[heartbeat] tid=12 uptime_ms=76320
[virgl-composite] Frame #11000: 1280x960 → 1280x960 display (first1k: 1000 nonzero, first=0x0014161e)
[bwm-fps] frames_since_last=151 elapsed_ms=1005 instantaneous_fps=150
[heartbeat] tid=12 uptime_ms=77321
[bwm-fps] frames_since_last=151 elapsed_ms=1005 instantaneous_fps=150
[heartbeat] tid=12 uptime_ms=78323
[bwm-fps] frames_since_last=162 elapsed_ms=1000 instantaneous_fps=162
