
=========================================
Breenix on Parallels Desktop
=========================================

[1/6] Building UEFI loader...
    Updating git repository `https://github.com/rust-osdev/bootloader.git`
    Updating crates.io index
     Locking 174 packages to latest compatible versions
      Adding aarch64-cpu v9.4.0 (available: v11.2.0)
      Adding acpi v5.2.0 (available: v6.1.1)
      Adding az v1.2.1 (available: v1.3.0)
      Adding generic-array v0.14.7 (available: v0.14.9)
      Adding pic8259 v0.10.4 (available: v0.11.0)
      Adding spin v0.9.8 (available: v0.12.0)
      Adding tock-registers v0.8.1 (available: v0.10.1)
      Adding uart_16550 v0.3.2 (available: v0.6.0)
      Adding uefi v0.33.0 (available: v0.37.0)
   Compiling proc-macro2 v1.0.106
   Compiling unicode-ident v1.0.24
   Compiling quote v1.0.45
   Compiling syn v1.0.109
   Compiling bit_field v0.10.3
   Compiling bitflags v2.11.1
   Compiling log v0.4.29
   Compiling uguid v2.2.1
   Compiling cfg-if v1.0.4
   Compiling ucs2 v0.3.3
   Compiling acpi v5.2.0
   Compiling syn v2.0.117
   Compiling ptr_meta_derive v0.2.0
   Compiling uefi-macros v0.17.0
   Compiling ptr_meta v0.2.0
   Compiling uefi-raw v0.9.0
   Compiling uefi v0.33.0
   Compiling parallels-loader v0.1.0 (/private/tmp/breenix-turn11-b/parallels-loader)
    Finished `release` profile [optimized] target(s) in 3.23s

[2/6] Building kernel...
   Compiling compiler_builtins v0.1.160 (/Users/wrb/.rustup/toolchains/nightly-2025-06-24-aarch64-apple-darwin/lib/rustlib/src/rust/library/compiler-builtins/compiler-builtins)
   Compiling core v0.0.0 (/Users/wrb/.rustup/toolchains/nightly-2025-06-24-aarch64-apple-darwin/lib/rustlib/src/rust/library/core)
   Compiling autocfg v1.5.0
   Compiling az v1.2.1
   Compiling crossbeam-utils v0.8.21
   Compiling bootloader_api v0.11.15 (https://github.com/rust-osdev/bootloader.git?branch=main#5d97b89f)
   Compiling kernel v0.1.0 (/private/tmp/breenix-turn11-b/kernel)
   Compiling num-traits v0.2.19
   Compiling alloc v0.0.0 (/Users/wrb/.rustup/toolchains/nightly-2025-06-24-aarch64-apple-darwin/lib/rustlib/src/rust/library/alloc)
   Compiling scopeguard v1.2.0
   Compiling byteorder v1.5.0
   Compiling tock-registers v0.8.1
   Compiling futures-task v0.3.32
   Compiling micromath v2.1.0
   Compiling conquer-util v0.3.0
   Compiling pin-project-lite v0.2.17
   Compiling futures-core v0.3.32
   Compiling slab v0.4.12
   Compiling rlibc v1.0.0
   Compiling log v0.4.29
   Compiling noto-sans-mono-bitmap v0.3.2
   Compiling lock_api v0.4.14
   Compiling conquer-once v0.4.0
   Compiling aarch64-cpu v9.4.0
   Compiling futures-util v0.3.32
   Compiling spinning_top v0.2.5
   Compiling spin v0.9.8
   Compiling crossbeam-queue v0.3.12
   Compiling linked_list_allocator v0.10.6
   Compiling float-cmp v0.9.0
   Compiling embedded-graphics-core v0.4.1
   Compiling embedded-graphics v0.8.2
    Finished `release` profile [optimized] target(s) in 10.54s

[3/6] Building userspace binaries (aarch64)...
========================================
  STD USERSPACE BUILD (Rust std library)
========================================
  Architecture: aarch64

[1/3] Building libbreenix-libc (aarch64)...
  Compiling compiler_builtins v0.1.160 (/Users/wrb/.rustup/toolchains/nightly-2025-06-24-aarch64-apple-darwin/lib/rustlib/src/rust/library/compiler-builtins/compiler-builtins)
  Compiling core v0.0.0 (/Users/wrb/.rustup/toolchains/nightly-2025-06-24-aarch64-apple-darwin/lib/rustlib/src/rust/library/core)
  Compiling libbreenix v0.1.0 (/private/tmp/breenix-turn11-b/libs/libbreenix)
  Compiling libbreenix-libc v0.1.0 (/private/tmp/breenix-turn11-b/libs/libbreenix-libc)
  Finished `release` profile [optimized] target(s) in 4.58s
  libbreenix-libc built successfully

[2/3] Building userspace (aarch64)...
  Updating crates.io index
  Locking 10 packages to latest compatible versions
  Compiling compiler_builtins v0.1.160 (/private/tmp/breenix-turn11-b/rust-fork/library/compiler-builtins/compiler-builtins)
  Compiling core v0.0.0 (/private/tmp/breenix-turn11-b/rust-fork/library/core)
  Compiling libc v0.2.174 (/private/tmp/breenix-turn11-b/libs/libc)
  Compiling std v0.0.0 (/private/tmp/breenix-turn11-b/rust-fork/library/std)
  Compiling rustc-std-workspace-core v1.99.0 (/private/tmp/breenix-turn11-b/rust-fork/library/rustc-std-workspace-core)
  Compiling alloc v0.0.0 (/private/tmp/breenix-turn11-b/rust-fork/library/alloc)
  Compiling panic_abort v0.0.0 (/private/tmp/breenix-turn11-b/rust-fork/library/panic_abort)
  Compiling cfg-if v1.0.1
  Compiling rustc-demangle v0.1.25
  Compiling unwind v0.0.0 (/private/tmp/breenix-turn11-b/rust-fork/library/unwind)
  Compiling rustc-std-workspace-alloc v1.99.0 (/private/tmp/breenix-turn11-b/rust-fork/library/rustc-std-workspace-alloc)
  Compiling panic_unwind v0.0.0 (/private/tmp/breenix-turn11-b/rust-fork/library/panic_unwind)
  Compiling hashbrown v0.15.4
  Compiling std_detect v0.1.5 (/private/tmp/breenix-turn11-b/rust-fork/library/stdarch/crates/std_detect)
  Compiling rustc-std-workspace-std v1.99.0 (/private/tmp/breenix-turn11-b/rust-fork/library/rustc-std-workspace-std)
  Compiling rustc-literal-escaper v0.0.2
  Compiling proc_macro v0.0.0 (/private/tmp/breenix-turn11-b/rust-fork/library/proc_macro)
  Compiling noto-sans-mono-bitmap v0.3.2
  Compiling libfont v0.1.0 (/private/tmp/breenix-turn11-b/libs/libfont)
  Compiling libbreenix v0.1.0 (/private/tmp/breenix-turn11-b/libs/libbreenix)
  Compiling breenish-js v0.1.0 (/private/tmp/breenix-turn11-b/libs/breenish-js)
  Compiling libimg v0.1.0 (/private/tmp/breenix-turn11-b/libs/libimg)
  Compiling libgfx v0.1.0 (/private/tmp/breenix-turn11-b/libs/libgfx)
  Compiling libbui v0.1.0 (/private/tmp/breenix-turn11-b/libs/libbui)
  Compiling libicon v0.1.0 (/private/tmp/breenix-turn11-b/libs/libicon)
  Compiling breengel v0.1.0 (/private/tmp/breenix-turn11-b/libs/breengel)
  Compiling libcollab v0.1.0 (/private/tmp/breenix-turn11-b/libs/libcollab)
  Compiling userspace-programs v0.1.0 (/private/tmp/breenix-turn11-b/userspace/programs)
  Finished `release` profile [optimized] target(s) in 18.83s
  Userspace build successful

[3/3] Installing std binaries...
  Installed hello_world.elf (351248 bytes)
  Installed syscall_enosys.elf (290216 bytes)
  Installed clock_gettime_test.elf (295144 bytes)
  Installed file_read_test.elf (292368 bytes)
  Installed lseek_test.elf (292592 bytes)
  Installed fs_write_test.elf (293472 bytes)
  Installed fs_rename_test.elf (297376 bytes)
  Installed fs_large_file_test.elf (292344 bytes)
  Installed fs_directory_test.elf (293248 bytes)
  Installed fs_link_test.elf (293304 bytes)
  Installed access_test.elf (291568 bytes)
  Installed devfs_test.elf (292600 bytes)
  Installed cwd_test.elf (292544 bytes)
  Installed getdents_test.elf (293928 bytes)
  Installed pipe_test.elf (299296 bytes)
  Installed pipe2_test.elf (304336 bytes)
  Installed dup_test.elf (305152 bytes)
  Installed fcntl_test.elf (299688 bytes)
  Installed poll_test.elf (304752 bytes)
  Installed select_test.elf (304480 bytes)
  Installed nonblock_test.elf (304040 bytes)
  Installed brk_test.elf (292920 bytes)
  Installed signal_handler_test.elf (298072 bytes)
  Installed signal_return_test.elf (299352 bytes)
  Installed signal_regs_test.elf (298664 bytes)
  Installed sigaltstack_test.elf (305336 bytes)
  Installed sigsuspend_test.elf (304864 bytes)
  Installed pause_test.elf (299448 bytes)
  Installed tty_test.elf (303392 bytes)
  Installed session_test.elf (304864 bytes)
  Installed unix_socket_test.elf (323056 bytes)
  Installed unix_named_socket_test.elf (310320 bytes)
  Installed fifo_test.elf (317344 bytes)
  Installed fork_test.elf (298168 bytes)
  Installed fork_memory_test.elf (304384 bytes)
  Installed fork_state_test.elf (305040 bytes)
  Installed waitpid_test.elf (298984 bytes)
  Installed exec_argv_test.elf (291280 bytes)
  Installed cloexec_test.elf (307592 bytes)
  Installed kill_process_group_test.elf (299344 bytes)
  Installed sigchld_test.elf (292080 bytes)
  Installed sigchld_job_test.elf (294672 bytes)
  Installed ctrl_c_test.elf (298720 bytes)
  Installed job_control_test.elf (298576 bytes)
  Installed signal_fork_test.elf (298840 bytes)
  Installed signal_exec_test.elf (299752 bytes)
  Installed wnohang_timing_test.elf (292536 bytes)
  Installed fork_pending_signal_test.elf (297712 bytes)
  Installed shell_pipe_test.elf (293232 bytes)
  Installed pipeline_test.elf (305744 bytes)
  Installed cow_cleanup_test.elf (292408 bytes)
  Installed cow_sole_owner_test.elf (293640 bytes)
  Installed cow_stress_test.elf (293712 bytes)
  Installed cow_readonly_test.elf (293528 bytes)
  Installed cow_signal_test.elf (299216 bytes)
  Installed resolution.elf (301488 bytes)
  Installed init_shell.elf (388760 bytes)
  Installed argv_test.elf (298224 bytes)
  Installed job_table_test.elf (308544 bytes)
  Installed test_mmap.elf (292008 bytes)
  Installed stdin_test.elf (291896 bytes)
  Installed true_test.elf (291944 bytes)
  Installed false_test.elf (291952 bytes)
  Installed echo_argv_test.elf (291776 bytes)
  Installed mkdir_argv_test.elf (292240 bytes)
  Installed rm_argv_test.elf (291880 bytes)
  Installed cp_mv_argv_test.elf (292936 bytes)
  Installed nonblock_eagain_test.elf (293392 bytes)
  Installed blocking_recv_test.elf (293888 bytes)
  Installed tcp_client_test.elf (297232 bytes)
  Installed wait_stress.elf (306160 bytes)
  Installed simple_exit.elf (276856 bytes)
  Installed counter.elf (290488 bytes)
  Installed spinner.elf (290512 bytes)
  Installed hello_time.elf (290368 bytes)
  Installed heartbeat.elf (290168 bytes)
  Installed xhci_counters.elf (292304 bytes)
  Installed fbinfo_test.elf (297264 bytes)
  Installed demo.elf (304048 bytes)
  Installed bounce.elf (388080 bytes)
  Installed rectangles.elf (305392 bytes)
  Installed particles.elf (304232 bytes)
  Installed confetti.elf (303576 bytes)
  Installed tones.elf (294344 bytes)
  Installed fart.elf (302424 bytes)
  Installed http_test.elf (622792 bytes)
  Installed register_init_test.elf (288928 bytes)
  Installed head_test.elf (293368 bytes)
  Installed tail_test.elf (293312 bytes)
  Installed wc_test.elf (297920 bytes)
  Installed which_test.elf (293192 bytes)
  Installed cat_test.elf (293600 bytes)
  Installed ls_test.elf (298656 bytes)
  Installed exec_stack_argv_test.elf (292928 bytes)
  Installed exec_from_ext2_test.elf (298824 bytes)
  Installed pipe_fork_test.elf (305120 bytes)
  Installed pipe_concurrent_test.elf (304368 bytes)
  Installed fs_block_alloc_test.elf (300240 bytes)
  Installed cow_oom_test.elf (292824 bytes)
  Installed signal_test.elf (298320 bytes)
  Installed alarm_test.elf (293416 bytes)
  Installed itimer_test.elf (293872 bytes)
  Installed timer_test.elf (291536 bytes)
  Installed sleep_debug_test.elf (304624 bytes)
  Installed pipe_refcount_test.elf (316648 bytes)
  Installed udp_socket_test.elf (305664 bytes)
  Installed tcp_socket_test.elf (318736 bytes)
  Installed tcp_blocking_test.elf (320048 bytes)
  Installed concurrent_recv_stress.elf (303376 bytes)
  Installed dns_test.elf (306992 bytes)
  Installed net_test.elf (303240 bytes)
  Installed http_fetch_test.elf (616792 bytes)
  Installed syscall_diagnostic_test.elf (289120 bytes)
  Installed pty_test.elf (293496 bytes)
  Installed signal_exec_check.elf (291128 bytes)
  Installed bsh.elf (738336 bytes)
  Installed bwm.elf (429136 bytes)
  Installed btop.elf (293152 bytes)
  Installed burl.elf (636208 bytes)
  Installed init.elf (296816 bytes)
  Installed telnetd.elf (298672 bytes)
  Installed blogd.elf (291568 bytes)
  Installed btrace.elf (306936 bytes)
  Installed bless.elf (294712 bytes)
  Installed bcheck.elf (422192 bytes)
  Installed biconkit.elf (357928 bytes)
  Installed guskit.elf (538712 bytes)
  Installed bterm.elf (476528 bytes)
  Installed blog.elf (467832 bytes)
  Installed bfontpicker.elf (484680 bytes)
  Installed blauncher.elf (460568 bytes)
  Installed bsshd.elf (441000 bytes)
  Installed bssh.elf (408824 bytes)

========================================
  STD BUILD COMPLETE (aarch64)
  Installed: 133 binaries
========================================
  Userspace build successful

[4/6] Creating ext2 data disk image...
Creating ext2 disk image...
  Arch: aarch64
  Output: /private/tmp/breenix-turn11-b/target/ext2-aarch64.img
  Size: 256MB
  Using Docker to create ext2 filesystem...
  WARNING: busybox.elf not found, skipping coreutils
Installing other binaries...
  Installed 35 binaries in /bin
  Installed 3 binaries in /sbin
  Installed 0 C binaries in /usr/local/cbin
  Installed 95 test binaries in /usr/local/test/bin
  Installed 29 fonts in /usr/share/fonts
  Created /etc/fonts.conf
  Created /etc/hotkeys.conf
  Created /etc/init.js

ext2 filesystem contents:
  Binaries in /bin:
total 12748
drwxr-xr-x    2 root     root          1024 May 20 18:22 .
drwxr-xr-x   12 root     root          1024 May 20 18:22 ..
-rwxr-xr-x    1 root     root        422192 May 20 18:22 bcheck
-rwxr-xr-x    1 root     root        484680 May 20 18:22 bfontpicker
-rwxr-xr-x    1 root     root        357928 May 20 18:22 biconkit
-rwxr-xr-x    1 root     root        460568 May 20 18:22 blauncher
-rwxr-xr-x    1 root     root        294712 May 20 18:22 bless
-rwxr-xr-x    1 root     root        467832 May 20 18:22 blog
-rwxr-xr-x    1 root     root        388080 May 20 18:22 bounce
-rwxr-xr-x    1 root     root        738336 May 20 18:22 bsh
-rwxr-xr-x    1 root     root        408824 May 20 18:22 bssh
-rwxr-xr-x    1 root     root        441000 May 20 18:22 bsshd
-rwxr-xr-x    1 root     root        476528 May 20 18:22 bterm
-rwxr-xr-x    1 root     root        293152 May 20 18:22 btop
-rwxr-xr-x    1 root     root        306936 May 20 18:22 btrace
-rwxr-xr-x    1 root     root        636208 May 20 18:22 burl
-rwxr-xr-x    1 root     root        429136 May 20 18:22 bwm
-rwxr-xr-x    1 root     root        303376 May 20 18:22 concurrent_recv_stress
-rwxr-xr-x    1 root     root        303576 May 20 18:22 confetti
-rwxr-xr-x    1 root     root        290488 May 20 18:22 counter
-rwxr-xr-x    1 root     root        304048 May 20 18:22 demo
-rwxr-xr-x    1 root     root        302424 May 20 18:22 fart
-rwxr-xr-x    1 root     root        538712 May 20 18:22 guskit
-rwxr-xr-x    1 root     root        290168 May 20 18:22 heartbeat
-rwxr-xr-x    1 root     root        290368 May 20 18:22 hello_time
-rwxr-xr-x    1 root     root        351248 May 20 18:22 hello_world
-rwxr-xr-x    1 root     root        388760 May 20 18:22 init_shell
-rwxr-xr-x    1 root     root        304232 May 20 18:22 particles
-rwxr-xr-x    1 root     root        305392 May 20 18:22 rectangles
-rwxr-xr-x    1 root     root        301488 May 20 18:22 resolution
-rwxr-xr-x    1 root     root        291128 May 20 18:22 signal_exec_check
-rwxr-xr-x    1 root     root        276856 May 20 18:22 simple_exit
-rwxr-xr-x    1 root     root        290512 May 20 18:22 spinner
-rwxr-xr-x    1 root     root        290216 May 20 18:22 syscall_enosys
-rwxr-xr-x    1 root     root        294344 May 20 18:22 tones
-rwxr-xr-x    1 root     root        306160 May 20 18:22 wait_stress
-rwxr-xr-x    1 root     root        292304 May 20 18:22 xhci_counters
  Test binaries in /usr/local/test/bin:
total 28665
drwxr-xr-x    2 root     root          5120 May 20 18:22 .
drwxr-xr-x    3 root     root          1024 May 20 18:22 ..
-rwxr-xr-x    1 root     root        291568 May 20 18:22 access_test
-rwxr-xr-x    1 root     root        293416 May 20 18:22 alarm_test
-rwxr-xr-x    1 root     root        298224 May 20 18:22 argv_test
-rwxr-xr-x    1 root     root        293888 May 20 18:22 blocking_recv_test
-rwxr-xr-x    1 root     root        292920 May 20 18:22 brk_test
-rwxr-xr-x    1 root     root        293600 May 20 18:22 cat_test
-rwxr-xr-x    1 root     root        295144 May 20 18:22 clock_gettime_test
-rwxr-xr-x    1 root     root        307592 May 20 18:22 cloexec_test
-rwxr-xr-x    1 root     root        292408 May 20 18:22 cow_cleanup_test
-rwxr-xr-x    1 root     root        292824 May 20 18:22 cow_oom_test
-rwxr-xr-x    1 root     root        293528 May 20 18:22 cow_readonly_test
-rwxr-xr-x    1 root     root        299216 May 20 18:22 cow_signal_test
-rwxr-xr-x    1 root     root        293640 May 20 18:22 cow_sole_owner_test
-rwxr-xr-x    1 root     root        293712 May 20 18:22 cow_stress_test
-rwxr-xr-x    1 root     root        292936 May 20 18:22 cp_mv_argv_test
-rwxr-xr-x    1 root     root        298720 May 20 18:22 ctrl_c_test
-rwxr-xr-x    1 root     root        292544 May 20 18:22 cwd_test
-rwxr-xr-x    1 root     root        292600 May 20 18:22 devfs_test
-rwxr-xr-x    1 root     root        306992 May 20 18:22 dns_test
-rwxr-xr-x    1 root     root        305152 May 20 18:22 dup_test
-rwxr-xr-x    1 root     root        291776 May 20 18:22 echo_argv_test
-rwxr-xr-x    1 root     root        291280 May 20 18:22 exec_argv_test
-rwxr-xr-x    1 root     root        298824 May 20 18:22 exec_from_ext2_test
-rwxr-xr-x    1 root     root        292928 May 20 18:22 exec_stack_argv_test
-rwxr-xr-x    1 root     root        291952 May 20 18:22 false_test
-rwxr-xr-x    1 root     root        297264 May 20 18:22 fbinfo_test
-rwxr-xr-x    1 root     root        299688 May 20 18:22 fcntl_test
-rwxr-xr-x    1 root     root        317344 May 20 18:22 fifo_test
-rwxr-xr-x    1 root     root        292368 May 20 18:22 file_read_test
-rwxr-xr-x    1 root     root        304384 May 20 18:22 fork_memory_test
-rwxr-xr-x    1 root     root        297712 May 20 18:22 fork_pending_signal_test
-rwxr-xr-x    1 root     root        305040 May 20 18:22 fork_state_test
-rwxr-xr-x    1 root     root        298168 May 20 18:22 fork_test
-rwxr-xr-x    1 root     root        300240 May 20 18:22 fs_block_alloc_test
-rwxr-xr-x    1 root     root        293248 May 20 18:22 fs_directory_test
-rwxr-xr-x    1 root     root        292344 May 20 18:22 fs_large_file_test
-rwxr-xr-x    1 root     root        293304 May 20 18:22 fs_link_test
-rwxr-xr-x    1 root     root        297376 May 20 18:22 fs_rename_test
-rwxr-xr-x    1 root     root        293472 May 20 18:22 fs_write_test
-rwxr-xr-x    1 root     root        293928 May 20 18:22 getdents_test
-rwxr-xr-x    1 root     root        293368 May 20 18:22 head_test
-rwxr-xr-x    1 root     root        616792 May 20 18:22 http_fetch_test
-rwxr-xr-x    1 root     root        622792 May 20 18:22 http_test
-rwxr-xr-x    1 root     root        293872 May 20 18:22 itimer_test
-rwxr-xr-x    1 root     root        298576 May 20 18:22 job_control_test
-rwxr-xr-x    1 root     root        308544 May 20 18:22 job_table_test
-rwxr-xr-x    1 root     root        299344 May 20 18:22 kill_process_group_test
-rwxr-xr-x    1 root     root        298656 May 20 18:22 ls_test
-rwxr-xr-x    1 root     root        292592 May 20 18:22 lseek_test
-rwxr-xr-x    1 root     root        292240 May 20 18:22 mkdir_argv_test
-rwxr-xr-x    1 root     root        303240 May 20 18:22 net_test
-rwxr-xr-x    1 root     root        293392 May 20 18:22 nonblock_eagain_test
-rwxr-xr-x    1 root     root        304040 May 20 18:22 nonblock_test
-rwxr-xr-x    1 root     root        299448 May 20 18:22 pause_test
-rwxr-xr-x    1 root     root        304336 May 20 18:22 pipe2_test
-rwxr-xr-x    1 root     root        304368 May 20 18:22 pipe_concurrent_test
-rwxr-xr-x    1 root     root        305120 May 20 18:22 pipe_fork_test
-rwxr-xr-x    1 root     root        316648 May 20 18:22 pipe_refcount_test
-rwxr-xr-x    1 root     root        299296 May 20 18:22 pipe_test
-rwxr-xr-x    1 root     root        305744 May 20 18:22 pipeline_test
-rwxr-xr-x    1 root     root        304752 May 20 18:22 poll_test
-rwxr-xr-x    1 root     root        293496 May 20 18:22 pty_test
-rwxr-xr-x    1 root     root        288928 May 20 18:22 register_init_test
-rwxr-xr-x    1 root     root        291880 May 20 18:22 rm_argv_test
-rwxr-xr-x    1 root     root        304480 May 20 18:22 select_test
-rwxr-xr-x    1 root     root        304864 May 20 18:22 session_test
-rwxr-xr-x    1 root     root        293232 May 20 18:22 shell_pipe_test
-rwxr-xr-x    1 root     root        305336 May 20 18:22 sigaltstack_test
-rwxr-xr-x    1 root     root        294672 May 20 18:22 sigchld_job_test
-rwxr-xr-x    1 root     root        292080 May 20 18:22 sigchld_test
-rwxr-xr-x    1 root     root        299752 May 20 18:22 signal_exec_test
-rwxr-xr-x    1 root     root        298840 May 20 18:22 signal_fork_test
-rwxr-xr-x    1 root     root        298072 May 20 18:22 signal_handler_test
-rwxr-xr-x    1 root     root        298664 May 20 18:22 signal_regs_test
-rwxr-xr-x    1 root     root        299352 May 20 18:22 signal_return_test
-rwxr-xr-x    1 root     root        298320 May 20 18:22 signal_test
-rwxr-xr-x    1 root     root        304864 May 20 18:22 sigsuspend_test
-rwxr-xr-x    1 root     root        304624 May 20 18:22 sleep_debug_test
-rwxr-xr-x    1 root     root        291896 May 20 18:22 stdin_test
-rwxr-xr-x    1 root     root        289120 May 20 18:22 syscall_diagnostic_test
-rwxr-xr-x    1 root     root        293312 May 20 18:22 tail_test
-rwxr-xr-x    1 root     root        320048 May 20 18:22 tcp_blocking_test
-rwxr-xr-x    1 root     root        297232 May 20 18:22 tcp_client_test
-rwxr-xr-x    1 root     root        318736 May 20 18:22 tcp_socket_test
-rwxr-xr-x    1 root     root        292008 May 20 18:22 test_mmap
-rwxr-xr-x    1 root     root        291536 May 20 18:22 timer_test
-rwxr-xr-x    1 root     root        291944 May 20 18:22 true_test
-rwxr-xr-x    1 root     root        303392 May 20 18:22 tty_test
-rwxr-xr-x    1 root     root        305664 May 20 18:22 udp_socket_test
-rwxr-xr-x    1 root     root        310320 May 20 18:22 unix_named_socket_test
-rwxr-xr-x    1 root     root        323056 May 20 18:22 unix_socket_test
-rwxr-xr-x    1 root     root        298984 May 20 18:22 waitpid_test
-rwxr-xr-x    1 root     root        297920 May 20 18:22 wc_test
-rwxr-xr-x    1 root     root        293192 May 20 18:22 which_test
-rwxr-xr-x    1 root     root        292536 May 20 18:22 wnohang_timing_test
  Test files:
-rw-r--r--    1 root     root            20 May 20 18:22 /mnt/ext2/test/nested.txt
-rw-r--r--    1 root     root           111 May 20 18:22 /mnt/ext2/lines.txt
-rw-r--r--    1 root     root            17 May 20 18:22 /mnt/ext2/hello.txt
-rw-r--r--    1 root     root            19 May 20 18:22 /mnt/ext2/trunctest.txt
-rw-r--r--    1 root     root            83 May 20 18:22 /mnt/ext2/etc/passwd
-rw-r--r--    1 root     root           367 May 20 18:22 /mnt/ext2/etc/bshrc
-rw-r--r--    1 root     root           349 May 20 18:22 /mnt/ext2/etc/hotkeys.conf
-rw-r--r--    1 root     root           445 May 20 18:22 /mnt/ext2/etc/fonts.conf
-rw-r--r--    1 root     root            26 May 20 18:22 /mnt/ext2/etc/group
-rw-r--r--    1 root     root           679 May 20 18:22 /mnt/ext2/etc/init.js
-rwxr-xr-x    1 root     root        296816 May 20 18:22 /mnt/ext2/sbin/init
-rwxr-xr-x    1 root     root        298672 May 20 18:22 /mnt/ext2/sbin/telnetd
-rwxr-xr-x    1 root     root        291568 May 20 18:22 /mnt/ext2/sbin/blogd
-rw-r--r--    1 root     root             0 May 20 18:22 /mnt/ext2/empty.txt
-rw-r--r--    1 root     root        309408 May 20 18:22 /mnt/ext2/usr/share/fonts/Hack-Regular.ttf
-rw-r--r--    1 root     root       1708408 May 20 18:22 /mnt/ext2/usr/share/fonts/NotoSansMono-Regular.ttf
-rw-r--r--    1 root     root        212340 May 20 18:22 /mnt/ext2/usr/share/fonts/SourceCodePro-Regular.ttf
-rw-r--r--    1 root     root        260364 May 20 18:22 /mnt/ext2/usr/share/fonts/FiraCode-Regular.ttf
-rw-r--r--    1 root     root        300724 May 20 18:22 /mnt/ext2/usr/share/fonts/PlayfairDisplay-Regular.ttf
-rw-r--r--    1 root     root        532636 May 20 18:22 /mnt/ext2/usr/share/fonts/OpenSans-Regular.ttf
-rw-r--r--    1 root     root        212196 May 20 18:22 /mnt/ext2/usr/share/fonts/Lora-Regular.ttf
-rw-r--r--    1 root     root        160316 May 20 18:22 /mnt/ext2/usr/share/fonts/Poppins-Regular.ttf
-rw-r--r--    1 root     root        359048 May 20 18:22 /mnt/ext2/usr/share/fonts/PTSerif-Regular.ttf
-rw-r--r--    1 root     root        488584 May 20 18:22 /mnt/ext2/usr/share/fonts/Roboto-Regular.ttf
-rw-r--r--    1 root     root       1887192 May 20 18:22 /mnt/ext2/usr/share/fonts/NotoSerif-Regular.ttf
-rw-r--r--    1 root     root        757076 May 20 18:22 /mnt/ext2/usr/share/fonts/DejaVuSans.ttf
-rw-r--r--    1 root     root        744936 May 20 18:22 /mnt/ext2/usr/share/fonts/Montserrat-Regular.ttf
-rw-r--r--    1 root     root        312352 May 20 18:22 /mnt/ext2/usr/share/fonts/Raleway-Regular.ttf
-rw-r--r--    1 root     root        183700 May 20 18:22 /mnt/ext2/usr/share/fonts/RobotoMono-Regular.ttf
-rw-r--r--    1 root     root        273900 May 20 18:22 /mnt/ext2/usr/share/fonts/JetBrainsMono-Regular.ttf
-rw-r--r--    1 root     root        876576 May 20 18:22 /mnt/ext2/usr/share/fonts/Inter-Regular.ttf
-rw-r--r--    1 root     root        656568 May 20 18:22 /mnt/ext2/usr/share/fonts/Lato-Regular.ttf
-rw-r--r--    1 root     root        282844 May 20 18:22 /mnt/ext2/usr/share/fonts/Merriweather-Regular.ttf
-rw-r--r--    1 root     root        340712 May 20 18:22 /mnt/ext2/usr/share/fonts/DejaVuSansMono.ttf
-rw-r--r--    1 root     root        205748 May 20 18:22 /mnt/ext2/usr/share/fonts/UbuntuMono-Regular.ttf
-rw-r--r--    1 root     root        598060 May 20 18:22 /mnt/ext2/usr/share/fonts/CascadiaCode-Regular.ttf
-rw-r--r--    1 root     root        276932 May 20 18:22 /mnt/ext2/usr/share/fonts/Nunito-Regular.ttf
-rw-r--r--    1 root     root        135580 May 20 18:22 /mnt/ext2/usr/share/fonts/IBMPlexMono-Regular.ttf
-rw-r--r--    1 root     root        351884 May 20 18:22 /mnt/ext2/usr/share/fonts/Ubuntu-Regular.ttf
-rw-r--r--    1 root     root        108684 May 20 18:22 /mnt/ext2/usr/share/fonts/Inconsolata-Regular.ttf
-rw-r--r--    1 root     root        646340 May 20 18:22 /mnt/ext2/usr/share/fonts/SourceSans3-Regular.ttf
-rw-r--r--    1 root     root       1209508 May 20 18:22 /mnt/ext2/usr/share/fonts/SourceSerif4-Regular.ttf
-rw-r--r--    1 root     root       2049096 May 20 18:22 /mnt/ext2/usr/share/fonts/NotoSans-Regular.ttf
-rw-r--r--    1 root     root            20 May 20 18:22 /mnt/ext2/deep/path/to/file/data.txt

ext2 image created successfully

ext2 disk created and copied to testdata/:
  /private/tmp/breenix-turn11-b/target/ext2-aarch64.img
  /private/tmp/breenix-turn11-b/testdata/ext2-aarch64.img
  Size: 256M

Contents:
  /bin/busybox - BusyBox multi-call binary
  /bin/{cat,ls,head,...} - BusyBox hardlinks
  /sbin/{true,false} - BusyBox hardlinks
  /bin/* - Other userspace binaries (demos)
  /usr/local/test/bin/* - Test binaries (*_test, test_*)
  /sbin/telnetd - telnet daemon
  /hello.txt - test file (1 line)
  /lines.txt - multi-line test file (15 lines) for head/tail/wc
  /test/nested.txt - nested test file
  /deep/path/to/file/data.txt - deep nested test file

[5/6] Creating FAT32 EFI disk image...
  Loader: 80896 bytes
  Kernel: 2432672 bytes

[6/6] Creating Parallels disks...
  Patched 1 partition(s) to EFI System Partition type
  EFI disk: /private/tmp/breenix-turn11-b/target/parallels/breenix-efi.hdd
  ext2 disk: /private/tmp/breenix-turn11-b/target/parallels/breenix-ext2.hdd (256MB)

--- Configuring Parallels VM ---
VM name: breenix-1779301350
Creating fresh VM 'breenix-1779301350'...
Creating the virtual machine...
Generate the VM configuration for linux.
Remove the hdd0 device.
The VM has been successfully created.

The VM has been successfully configured.

The VM has been successfully configured.

The VM has been successfully configured.

The VM has been successfully configured.

The VM has been successfully configured.

The VM has been successfully configured.

The VM has been successfully configured.

The VM has been successfully configured.
Remove the cdrom0 device.

The VM has been successfully configured.
Remove the serial0 device.

The VM has been successfully configured.
Creating hdd0 (+) sata:0 image='/private/tmp/breenix-turn11-b/target/parallels/breenix-efi.hdd' online-compact=off

Created hdd0 (+) sata:0 image='/tmp/breenix-turn11-b/target/parallels/breenix-efi.hdd' type='plain' 64Mb online-compact=on


The VM has been successfully configured.
Creating hdd1 (+) sata:1 image='/private/tmp/breenix-turn11-b/target/parallels/breenix-ext2.hdd' online-compact=off

Created hdd1 (+) sata:1 image='/tmp/breenix-turn11-b/target/parallels/breenix-ext2.hdd' type='plain' 256Mb online-compact=on


The VM has been successfully configured.
  hdd0: EFI boot disk (FAT32) at sata:0
  hdd1: ext2 data disk at sata:1

The VM has been successfully configured.
Creating serial0 (+) output='/tmp/breenix-parallels-serial.log' state=disconnected

Created serial0 (+) output='/tmp/breenix-parallels-serial.log' state=disconnected


The VM has been successfully configured.
Configured serial0 (+) output='/tmp/breenix-parallels-serial.log'


The VM has been successfully configured.

--- Starting VM ---
Starting the VM...
The VM has been successfully started.

=========================================
Breenix running on Parallels
=========================================
VM:     breenix-1779301350
Serial: /tmp/breenix-parallels-serial.log
Stop:   prlctl stop breenix-1779301350 --kill

Test mode: waiting 45s for boot...

=== Screenshot ===
Capture the VM screen...
The VM screen is stored in /tmp/breenix-screenshot.png.
Screenshot: /tmp/breenix-screenshot.png

Serial log: /tmp/breenix-parallels-serial.log
Screenshot: /tmp/breenix-screenshot.png
